n = 1.4e+03, Tgas =  40.0, Tdust =  40.0, Go = 1000.0
pc 	Av 	e- 	C 	C+ 	CO 	O 	O2 	H2O 
0.01005 	0.02171 	1.415e-04 	1.867e-09 	1.406e-04 	5.292e-13 	3.390e-04 	1.148e-16 	4.770e-13 
0.03015 	0.06513 	1.414e-04 	2.139e-09 	1.406e-04 	6.209e-13 	3.390e-04 	1.304e-16 	5.000e-13 
0.05025 	0.10855 	1.414e-04 	2.451e-09 	1.406e-04 	7.263e-13 	3.390e-04 	1.482e-16 	5.245e-13 
0.07035 	0.15197 	1.414e-04 	2.807e-09 	1.406e-04 	8.470e-13 	3.390e-04 	1.685e-16 	5.507e-13 
0.09045 	0.19539 	1.414e-04 	3.215e-09 	1.406e-04 	9.851e-13 	3.391e-04 	1.918e-16 	5.786e-13 
0.11055 	0.23881 	1.414e-04 	3.681e-09 	1.407e-04 	1.143e-12 	3.392e-04 	2.184e-16 	6.086e-13 
0.13065 	0.28223 	1.414e-04 	4.213e-09 	1.407e-04 	1.322e-12 	3.393e-04 	2.488e-16 	6.406e-13 
0.15075 	0.32565 	1.414e-04 	4.821e-09 	1.408e-04 	1.527e-12 	3.394e-04 	2.836e-16 	6.748e-13 
0.17085 	0.36907 	1.415e-04 	5.516e-09 	1.408e-04 	1.759e-12 	3.396e-04 	3.235e-16 	7.116e-13 
0.19095 	0.41249 	1.415e-04 	6.309e-09 	1.409e-04 	2.022e-12 	3.398e-04 	3.692e-16 	7.509e-13 
0.21105 	0.45591 	1.416e-04 	7.214e-09 	1.410e-04 	2.321e-12 	3.400e-04 	4.217e-16 	7.931e-13 
0.23115 	0.49933 	1.416e-04 	8.246e-09 	1.411e-04 	2.659e-12 	3.402e-04 	4.819e-16 	8.383e-13 
0.25125 	0.54275 	1.417e-04 	9.425e-09 	1.412e-04 	3.042e-12 	3.404e-04 	5.510e-16 	8.869e-13 
0.27135 	0.58617 	1.418e-04 	1.077e-08 	1.413e-04 	3.474e-12 	3.407e-04 	6.304e-16 	9.390e-13 
0.29145 	0.62959 	1.418e-04 	1.230e-08 	1.414e-04 	3.964e-12 	3.409e-04 	7.217e-16 	9.950e-13 
0.31155 	0.67301 	1.419e-04 	1.405e-08 	1.415e-04 	4.516e-12 	3.411e-04 	8.268e-16 	1.055e-12 
0.33165 	0.71643 	1.420e-04 	1.604e-08 	1.416e-04 	5.140e-12 	3.414e-04 	9.478e-16 	1.120e-12 
0.35175 	0.75985 	1.421e-04 	1.832e-08 	1.417e-04 	5.844e-12 	3.416e-04 	1.087e-15 	1.189e-12 
0.37185 	0.80327 	1.422e-04 	2.091e-08 	1.418e-04 	6.639e-12 	3.419e-04 	1.248e-15 	1.264e-12 
0.39195 	0.84669 	1.422e-04 	2.386e-08 	1.419e-04 	7.535e-12 	3.421e-04 	1.433e-15 	1.344e-12 
0.41205 	0.89011 	1.423e-04 	2.723e-08 	1.420e-04 	8.545e-12 	3.423e-04 	1.647e-15 	1.430e-12 
0.43215 	0.93353 	1.424e-04 	3.107e-08 	1.420e-04 	9.684e-12 	3.426e-04 	1.893e-15 	1.523e-12 
0.45225 	0.97695 	1.425e-04 	3.545e-08 	1.421e-04 	1.097e-11 	3.428e-04 	2.178e-15 	1.623e-12 
0.47235 	1.02037 	1.426e-04 	4.044e-08 	1.422e-04 	1.241e-11 	3.430e-04 	2.508e-15 	1.731e-12 
0.49245 	1.06379 	1.426e-04 	4.612e-08 	1.423e-04 	1.404e-11 	3.432e-04 	2.888e-15 	1.846e-12 
0.51255 	1.10721 	1.427e-04 	5.260e-08 	1.424e-04 	1.588e-11 	3.434e-04 	3.329e-15 	1.971e-12 
0.53265 	1.15063 	1.427e-04 	5.998e-08 	1.424e-04 	1.795e-11 	3.436e-04 	3.838e-15 	2.104e-12 
0.55275 	1.19405 	1.428e-04 	6.839e-08 	1.425e-04 	2.028e-11 	3.438e-04 	4.427e-15 	2.249e-12 
0.57285 	1.23747 	1.429e-04 	7.797e-08 	1.426e-04 	2.290e-11 	3.439e-04 	5.109e-15 	2.404e-12 
0.59295 	1.28089 	1.429e-04 	8.889e-08 	1.426e-04 	2.586e-11 	3.441e-04 	5.899e-15 	2.571e-12 
0.61305 	1.32431 	1.430e-04 	1.013e-07 	1.427e-04 	2.919e-11 	3.443e-04 	6.815e-15 	2.750e-12 
0.63315 	1.36773 	1.430e-04 	1.155e-07 	1.427e-04 	3.295e-11 	3.444e-04 	7.875e-15 	2.944e-12 
0.65325 	1.41115 	1.430e-04 	1.316e-07 	1.428e-04 	3.719e-11 	3.445e-04 	9.104e-15 	3.152e-12 
0.67335 	1.45457 	1.431e-04 	1.500e-07 	1.428e-04 	4.196e-11 	3.447e-04 	1.053e-14 	3.376e-12 
0.69345 	1.49799 	1.431e-04 	1.710e-07 	1.428e-04 	4.734e-11 	3.448e-04 	1.218e-14 	3.618e-12 
0.71355 	1.54141 	1.431e-04 	1.948e-07 	1.429e-04 	5.342e-11 	3.449e-04 	1.410e-14 	3.877e-12 
0.73365 	1.58483 	1.431e-04 	2.219e-07 	1.429e-04 	6.027e-11 	3.450e-04 	1.632e-14 	4.157e-12 
0.75375 	1.62825 	1.431e-04 	2.528e-07 	1.429e-04 	6.800e-11 	3.452e-04 	1.889e-14 	4.458e-12 
0.77385 	1.67167 	1.431e-04 	2.880e-07 	1.429e-04 	7.673e-11 	3.453e-04 	2.188e-14 	4.783e-12 
0.79395 	1.71509 	1.431e-04 	3.281e-07 	1.429e-04 	8.659e-11 	3.454e-04 	2.535e-14 	5.132e-12 
0.81405 	1.75851 	1.431e-04 	3.737e-07 	1.429e-04 	9.773e-11 	3.454e-04 	2.938e-14 	5.508e-12 
0.83415 	1.80193 	1.431e-04 	4.255e-07 	1.429e-04 	1.103e-10 	3.455e-04 	3.405e-14 	5.913e-12 
0.85425 	1.84535 	1.431e-04 	4.845e-07 	1.429e-04 	1.246e-10 	3.456e-04 	3.948e-14 	6.349e-12 
0.87435 	1.88877 	1.430e-04 	5.517e-07 	1.428e-04 	1.407e-10 	3.457e-04 	4.578e-14 	6.818e-12 
0.89445 	1.93219 	1.430e-04 	6.280e-07 	1.428e-04 	1.589e-10 	3.458e-04 	5.309e-14 	7.324e-12 
0.91455 	1.97561 	1.429e-04 	7.148e-07 	1.427e-04 	1.796e-10 	3.458e-04 	6.157e-14 	7.869e-12 
0.93465 	2.01903 	1.429e-04 	8.135e-07 	1.426e-04 	2.030e-10 	3.459e-04 	7.143e-14 	8.456e-12 
0.95475 	2.06245 	1.428e-04 	9.256e-07 	1.426e-04 	2.295e-10 	3.459e-04 	8.287e-14 	9.089e-12 
0.97485 	2.10587 	1.427e-04 	1.053e-06 	1.425e-04 	2.595e-10 	3.460e-04 	9.616e-14 	9.771e-12 
0.99495 	2.14929 	1.425e-04 	1.197e-06 	1.423e-04 	2.937e-10 	3.461e-04 	1.116e-13 	1.051e-11 
1.01505 	2.19271 	1.424e-04 	1.362e-06 	1.422e-04 	3.324e-10 	3.461e-04 	1.295e-13 	1.130e-11 
1.03515 	2.23613 	1.422e-04 	1.548e-06 	1.420e-04 	3.764e-10 	3.462e-04 	1.503e-13 	1.215e-11 
1.05525 	2.27955 	1.420e-04 	1.759e-06 	1.418e-04 	4.265e-10 	3.462e-04 	1.745e-13 	1.308e-11 
1.07535 	2.32297 	1.418e-04 	1.998e-06 	1.416e-04 	4.834e-10 	3.462e-04 	2.026e-13 	1.407e-11 
1.09545 	2.36639 	1.416e-04 	2.268e-06 	1.414e-04 	5.481e-10 	3.463e-04 	2.353e-13 	1.515e-11 
1.11555 	2.40981 	1.413e-04 	2.574e-06 	1.411e-04 	6.218e-10 	3.463e-04 	2.733e-13 	1.631e-11 
1.13565 	2.45323 	1.409e-04 	2.920e-06 	1.407e-04 	7.058e-10 	3.464e-04 	3.174e-13 	1.757e-11 
1.15575 	2.49665 	1.406e-04 	3.310e-06 	1.404e-04 	8.015e-10 	3.464e-04 	3.687e-13 	1.893e-11 
1.17585 	2.54007 	1.401e-04 	3.750e-06 	1.399e-04 	9.106e-10 	3.464e-04 	4.284e-13 	2.040e-11 
1.19595 	2.58349 	1.397e-04 	4.245e-06 	1.395e-04 	1.035e-09 	3.465e-04 	4.978e-13 	2.199e-11 
1.21605 	2.62691 	1.391e-04 	4.802e-06 	1.389e-04 	1.177e-09 	3.465e-04 	5.786e-13 	2.372e-11 
1.23615 	2.67033 	1.385e-04 	5.427e-06 	1.383e-04 	1.339e-09 	3.466e-04 	6.727e-13 	2.560e-11 
1.25625 	2.71375 	1.378e-04 	6.127e-06 	1.376e-04 	1.524e-09 	3.466e-04 	7.823e-13 	2.764e-11 
1.27635 	2.75717 	1.371e-04 	6.910e-06 	1.369e-04 	1.736e-09 	3.466e-04 	9.100e-13 	2.986e-11 
1.29645 	2.80059 	1.362e-04 	7.783e-06 	1.360e-04 	1.978e-09 	3.467e-04 	1.059e-12 	3.228e-11 
1.31655 	2.84401 	1.353e-04 	8.754e-06 	1.351e-04 	2.254e-09 	3.467e-04 	1.233e-12 	3.492e-11 
1.33665 	2.88743 	1.342e-04 	9.832e-06 	1.340e-04 	2.570e-09 	3.468e-04 	1.436e-12 	3.781e-11 
1.35675 	2.93085 	1.330e-04 	1.102e-05 	1.328e-04 	2.931e-09 	3.468e-04 	1.674e-12 	4.097e-11 
1.37685 	2.97427 	1.317e-04 	1.234e-05 	1.315e-04 	3.343e-09 	3.469e-04 	1.952e-12 	4.444e-11 
1.39695 	3.01769 	1.303e-04 	1.379e-05 	1.301e-04 	3.815e-09 	3.469e-04 	2.278e-12 	4.825e-11 
1.41705 	3.06111 	1.287e-04 	1.537e-05 	1.285e-04 	4.354e-09 	3.470e-04 	2.661e-12 	5.244e-11 
1.43715 	3.10453 	1.270e-04 	1.710e-05 	1.268e-04 	4.969e-09 	3.471e-04 	3.111e-12 	5.707e-11 
1.45725 	3.14795 	1.252e-04 	1.897e-05 	1.250e-04 	5.672e-09 	3.471e-04 	3.640e-12 	6.219e-11 
1.47735 	3.19137 	1.232e-04 	2.100e-05 	1.230e-04 	6.475e-09 	3.472e-04 	4.263e-12 	6.786e-11 
1.49745 	3.23479 	1.210e-04 	2.318e-05 	1.208e-04 	7.390e-09 	3.473e-04 	4.999e-12 	7.416e-11 
1.51755 	3.27821 	1.187e-04 	2.552e-05 	1.185e-04 	8.435e-09 	3.474e-04 	5.870e-12 	8.117e-11 
1.53765 	3.32163 	1.163e-04 	2.801e-05 	1.161e-04 	9.626e-09 	3.474e-04 	6.901e-12 	8.898e-11 
1.55775 	3.36505 	1.137e-04 	3.065e-05 	1.135e-04 	1.098e-08 	3.475e-04 	8.124e-12 	9.771e-11 
1.57785 	3.40847 	1.109e-04 	3.344e-05 	1.107e-04 	1.253e-08 	3.476e-04 	9.578e-12 	1.075e-10 
1.59795 	3.45189 	1.080e-04 	3.637e-05 	1.078e-04 	1.428e-08 	3.477e-04 	1.131e-11 	1.184e-10 
1.61805 	3.49531 	1.050e-04 	3.942e-05 	1.048e-04 	1.628e-08 	3.478e-04 	1.337e-11 	1.307e-10 
1.63815 	3.53873 	1.019e-04 	4.259e-05 	1.017e-04 	1.855e-08 	3.479e-04 	1.584e-11 	1.446e-10 
1.65825 	3.58215 	9.866e-05 	4.587e-05 	9.846e-05 	2.113e-08 	3.480e-04 	1.880e-11 	1.602e-10 
1.67835 	3.62557 	9.534e-05 	4.923e-05 	9.514e-05 	2.405e-08 	3.481e-04 	2.234e-11 	1.778e-10 
1.69845 	3.66899 	9.195e-05 	5.267e-05 	9.175e-05 	2.737e-08 	3.482e-04 	2.660e-11 	1.977e-10 
1.71855 	3.71241 	8.850e-05 	5.617e-05 	8.829e-05 	3.112e-08 	3.483e-04 	3.172e-11 	2.203e-10 
1.73865 	3.75583 	8.500e-05 	5.971e-05 	8.480e-05 	3.538e-08 	3.485e-04 	3.788e-11 	2.458e-10 
1.75875 	3.79925 	8.148e-05 	6.327e-05 	8.127e-05 	4.019e-08 	3.486e-04 	4.532e-11 	2.748e-10 
1.77885 	3.84267 	7.795e-05 	6.685e-05 	7.774e-05 	4.564e-08 	3.487e-04 	5.431e-11 	3.077e-10 
1.79895 	3.88609 	7.442e-05 	7.042e-05 	7.421e-05 	5.180e-08 	3.488e-04 	6.517e-11 	3.450e-10 
1.81905 	3.92951 	7.091e-05 	7.397e-05 	7.070e-05 	5.875e-08 	3.489e-04 	7.833e-11 	3.875e-10 
1.83915 	3.97293 	6.744e-05 	7.748e-05 	6.723e-05 	6.661e-08 	3.490e-04 	9.427e-11 	4.358e-10 
1.85925 	4.01635 	6.402e-05 	8.094e-05 	6.381e-05 	7.547e-08 	3.491e-04 	1.136e-10 	4.908e-10 
1.87935 	4.05977 	6.065e-05 	8.434e-05 	6.044e-05 	8.546e-08 	3.492e-04 	1.371e-10 	5.535e-10 
1.89945 	4.10319 	5.735e-05 	8.768e-05 	5.714e-05 	9.673e-08 	3.493e-04 	1.655e-10 	6.249e-10 
1.91955 	4.14661 	5.414e-05 	9.092e-05 	5.393e-05 	1.094e-07 	3.494e-04 	2.001e-10 	7.063e-10 
1.93965 	4.19003 	5.101e-05 	9.408e-05 	5.080e-05 	1.237e-07 	3.495e-04 	2.422e-10 	7.990e-10 
1.95975 	4.23345 	4.797e-05 	9.714e-05 	4.776e-05 	1.398e-07 	3.496e-04 	2.932e-10 	9.048e-10 
1.97985 	4.27687 	4.504e-05 	1.001e-04 	4.483e-05 	1.578e-07 	3.496e-04 	3.553e-10 	1.025e-09 
1.99995 	4.32029 	4.222e-05 	1.029e-04 	4.201e-05 	1.781e-07 	3.497e-04 	4.307e-10 	1.163e-09 
