n = 1.3e+04, Tgas =  30.0, Tdust =  30.0, Go = 1000.0
pc 	Av 	e- 	C 	C+ 	CO 	O 	O2 	H2O 
0.01005 	0.20159 	1.428e-04 	3.769e-08 	1.427e-04 	1.740e-11 	3.442e-04 	1.753e-15 	3.271e-13 
0.03015 	0.60478 	1.430e-04 	1.267e-07 	1.430e-04 	5.631e-11 	3.451e-04 	6.731e-15 	6.538e-13 
0.05025 	1.00796 	1.429e-04 	4.241e-07 	1.429e-04 	1.881e-10 	3.456e-04 	2.625e-14 	1.298e-12 
0.07035 	1.41115 	1.421e-04 	1.405e-06 	1.421e-04 	6.569e-10 	3.459e-04 	1.023e-13 	2.569e-12 
0.09045 	1.81434 	1.391e-04 	4.529e-06 	1.390e-04 	2.396e-09 	3.461e-04 	3.916e-13 	5.104e-12 
0.11055 	2.21752 	1.303e-04 	1.348e-05 	1.302e-04 	8.905e-09 	3.465e-04 	1.454e-12 	1.045e-11 
0.13065 	2.62071 	1.104e-04 	3.362e-05 	1.104e-04 	3.191e-08 	3.473e-04 	5.350e-12 	2.344e-11 
0.15075 	3.02389 	8.009e-05 	6.437e-05 	8.007e-05 	1.033e-07 	3.484e-04 	2.132e-11 	6.117e-11 
0.17085 	3.42708 	4.903e-05 	9.577e-05 	4.900e-05 	2.928e-07 	3.495e-04 	1.003e-10 	1.854e-10 
0.19095 	3.83027 	2.552e-05 	1.193e-04 	2.549e-05 	7.278e-07 	3.501e-04 	5.365e-10 	6.162e-10 
0.21105 	4.23345 	1.127e-05 	1.329e-04 	1.125e-05 	1.623e-06 	3.497e-04 	2.766e-09 	2.060e-09 
0.23115 	4.63664 	4.305e-06 	1.380e-04 	4.283e-06 	3.537e-06 	3.480e-04 	1.085e-08 	6.128e-09 
0.25125 	5.03982 	1.604e-06 	1.355e-04 	1.588e-06 	8.842e-06 	3.424e-04 	2.803e-08 	1.501e-08 
0.27135 	5.44301 	7.087e-07 	1.202e-04 	6.971e-07 	2.499e-05 	3.255e-04 	5.223e-08 	3.145e-08 
0.29145 	5.84620 	3.900e-07 	8.428e-05 	3.808e-07 	6.128e-05 	2.876e-04 	8.838e-08 	5.907e-08 
0.31155 	6.24938 	2.412e-07 	3.919e-05 	2.328e-07 	1.065e-04 	2.399e-04 	1.734e-07 	1.025e-07 
0.33165 	6.65257 	1.640e-07 	1.231e-05 	1.551e-07 	1.335e-04 	2.086e-04 	4.164e-07 	1.740e-07 
0.35175 	7.05575 	1.188e-07 	3.788e-06 	1.086e-07 	1.421e-04 	1.926e-04 	9.582e-07 	2.926e-07 
0.37185 	7.45894 	8.833e-08 	1.501e-06 	7.592e-08 	1.444e-04 	1.792e-04 	1.886e-06 	4.655e-07 
0.39195 	7.86213 	6.844e-08 	7.543e-07 	5.340e-08 	1.452e-04 	1.646e-04 	3.305e-06 	6.710e-07 
0.41205 	8.26531 	5.608e-08 	4.428e-07 	3.840e-08 	1.455e-04 	1.502e-04 	5.341e-06 	8.595e-07 
0.43215 	8.66850 	4.845e-08 	2.876e-07 	2.844e-08 	1.456e-04 	1.376e-04 	8.065e-06 	9.904e-07 
0.45225 	9.07168 	4.378e-08 	2.039e-07 	2.192e-08 	1.457e-04 	1.275e-04 	1.130e-05 	1.057e-06 
0.47235 	9.47487 	4.105e-08 	1.586e-07 	1.790e-08 	1.458e-04 	1.199e-04 	1.450e-05 	1.079e-06 
0.49245 	9.87805 	3.957e-08 	1.349e-07 	1.561e-08 	1.458e-04 	1.147e-04 	1.704e-05 	1.081e-06 
0.51255 	10.28124 	3.880e-08 	1.229e-07 	1.439e-08 	1.458e-04 	1.115e-04 	1.870e-05 	1.077e-06 
0.53265 	10.68443 	3.842e-08 	1.170e-07 	1.377e-08 	1.458e-04 	1.098e-04 	1.965e-05 	1.074e-06 
0.55275 	11.08761 	3.823e-08 	1.140e-07 	1.347e-08 	1.458e-04 	1.089e-04 	2.015e-05 	1.072e-06 
0.57285 	11.49080 	3.814e-08 	1.126e-07 	1.332e-08 	1.458e-04 	1.084e-04 	2.040e-05 	1.071e-06 
0.59295 	11.89398 	3.809e-08 	1.119e-07 	1.324e-08 	1.458e-04 	1.082e-04 	2.053e-05 	1.071e-06 
0.61305 	12.29717 	3.807e-08 	1.116e-07 	1.321e-08 	1.458e-04 	1.081e-04 	2.059e-05 	1.070e-06 
0.63315 	12.70036 	3.806e-08 	1.114e-07 	1.319e-08 	1.458e-04 	1.080e-04 	2.062e-05 	1.070e-06 
0.65325 	13.10354 	3.806e-08 	1.113e-07 	1.318e-08 	1.458e-04 	1.080e-04 	2.063e-05 	1.070e-06 
0.67335 	13.50673 	3.805e-08 	1.113e-07 	1.318e-08 	1.458e-04 	1.080e-04 	2.064e-05 	1.070e-06 
0.69345 	13.90991 	3.805e-08 	1.113e-07 	1.318e-08 	1.458e-04 	1.080e-04 	2.064e-05 	1.070e-06 
0.71355 	14.31310 	3.805e-08 	1.113e-07 	1.318e-08 	1.458e-04 	1.080e-04 	2.065e-05 	1.070e-06 
0.73365 	14.71629 	3.805e-08 	1.113e-07 	1.318e-08 	1.458e-04 	1.080e-04 	2.065e-05 	1.070e-06 
0.75375 	15.11947 	3.805e-08 	1.113e-07 	1.317e-08 	1.458e-04 	1.080e-04 	2.065e-05 	1.070e-06 
0.77385 	15.52266 	3.805e-08 	1.113e-07 	1.317e-08 	1.458e-04 	1.080e-04 	2.065e-05 	1.070e-06 
0.79395 	15.92584 	3.805e-08 	1.113e-07 	1.317e-08 	1.458e-04 	1.080e-04 	2.065e-05 	1.070e-06 
0.81405 	16.32903 	3.805e-08 	1.113e-07 	1.317e-08 	1.458e-04 	1.080e-04 	2.065e-05 	1.070e-06 
0.83415 	16.73221 	3.805e-08 	1.113e-07 	1.317e-08 	1.458e-04 	1.080e-04 	2.065e-05 	1.070e-06 
0.85425 	17.13540 	3.805e-08 	1.113e-07 	1.317e-08 	1.458e-04 	1.080e-04 	2.065e-05 	1.070e-06 
0.87435 	17.53859 	3.805e-08 	1.113e-07 	1.317e-08 	1.458e-04 	1.080e-04 	2.065e-05 	1.070e-06 
0.89445 	17.94177 	3.805e-08 	1.113e-07 	1.317e-08 	1.458e-04 	1.080e-04 	2.065e-05 	1.070e-06 
0.91455 	18.34496 	3.805e-08 	1.113e-07 	1.317e-08 	1.458e-04 	1.080e-04 	2.065e-05 	1.070e-06 
0.93465 	18.74814 	3.805e-08 	1.113e-07 	1.317e-08 	1.458e-04 	1.080e-04 	2.065e-05 	1.070e-06 
0.95475 	19.15133 	3.805e-08 	1.113e-07 	1.317e-08 	1.458e-04 	1.080e-04 	2.065e-05 	1.070e-06 
0.97485 	19.55452 	3.805e-08 	1.113e-07 	1.317e-08 	1.458e-04 	1.080e-04 	2.065e-05 	1.070e-06 
0.99495 	19.95770 	3.805e-08 	1.113e-07 	1.317e-08 	1.458e-04 	1.080e-04 	2.065e-05 	1.070e-06 
1.01505 	20.36089 	3.805e-08 	1.113e-07 	1.317e-08 	1.458e-04 	1.080e-04 	2.065e-05 	1.070e-06 
1.03515 	20.76407 	3.805e-08 	1.113e-07 	1.317e-08 	1.458e-04 	1.080e-04 	2.065e-05 	1.070e-06 
1.05525 	21.16726 	3.805e-08 	1.113e-07 	1.317e-08 	1.458e-04 	1.080e-04 	2.065e-05 	1.070e-06 
1.07535 	21.57045 	3.805e-08 	1.113e-07 	1.317e-08 	1.458e-04 	1.080e-04 	2.065e-05 	1.070e-06 
1.09545 	21.97363 	3.805e-08 	1.113e-07 	1.317e-08 	1.458e-04 	1.080e-04 	2.065e-05 	1.070e-06 
1.11555 	22.37682 	3.805e-08 	1.113e-07 	1.317e-08 	1.458e-04 	1.080e-04 	2.065e-05 	1.070e-06 
1.13565 	22.78000 	3.805e-08 	1.113e-07 	1.317e-08 	1.458e-04 	1.080e-04 	2.065e-05 	1.070e-06 
1.15575 	23.18319 	3.805e-08 	1.113e-07 	1.317e-08 	1.458e-04 	1.080e-04 	2.065e-05 	1.070e-06 
1.17585 	23.58638 	3.805e-08 	1.113e-07 	1.317e-08 	1.458e-04 	1.080e-04 	2.065e-05 	1.070e-06 
1.19595 	23.98956 	3.805e-08 	1.113e-07 	1.317e-08 	1.458e-04 	1.080e-04 	2.065e-05 	1.070e-06 
1.21605 	24.39275 	3.805e-08 	1.113e-07 	1.317e-08 	1.458e-04 	1.080e-04 	2.065e-05 	1.070e-06 
1.23615 	24.79593 	3.805e-08 	1.113e-07 	1.317e-08 	1.458e-04 	1.080e-04 	2.065e-05 	1.070e-06 
1.25625 	25.19912 	3.805e-08 	1.113e-07 	1.317e-08 	1.458e-04 	1.080e-04 	2.065e-05 	1.070e-06 
1.27635 	25.60230 	3.805e-08 	1.113e-07 	1.317e-08 	1.458e-04 	1.080e-04 	2.065e-05 	1.070e-06 
1.29645 	26.00549 	3.805e-08 	1.113e-07 	1.317e-08 	1.458e-04 	1.080e-04 	2.065e-05 	1.070e-06 
1.31655 	26.40868 	3.805e-08 	1.113e-07 	1.317e-08 	1.458e-04 	1.080e-04 	2.065e-05 	1.070e-06 
1.33665 	26.81186 	3.805e-08 	1.113e-07 	1.317e-08 	1.458e-04 	1.080e-04 	2.065e-05 	1.070e-06 
1.35675 	27.21505 	3.805e-08 	1.113e-07 	1.317e-08 	1.458e-04 	1.080e-04 	2.065e-05 	1.070e-06 
1.37685 	27.61823 	3.805e-08 	1.113e-07 	1.317e-08 	1.458e-04 	1.080e-04 	2.065e-05 	1.070e-06 
1.39695 	28.02142 	3.805e-08 	1.113e-07 	1.317e-08 	1.458e-04 	1.080e-04 	2.065e-05 	1.070e-06 
1.41705 	28.42461 	3.805e-08 	1.113e-07 	1.317e-08 	1.458e-04 	1.080e-04 	2.065e-05 	1.070e-06 
1.43715 	28.82779 	3.805e-08 	1.113e-07 	1.317e-08 	1.458e-04 	1.080e-04 	2.065e-05 	1.070e-06 
1.45725 	29.23098 	3.805e-08 	1.113e-07 	1.317e-08 	1.458e-04 	1.080e-04 	2.065e-05 	1.070e-06 
1.47735 	29.63416 	3.805e-08 	1.113e-07 	1.317e-08 	1.458e-04 	1.080e-04 	2.065e-05 	1.070e-06 
1.49745 	30.03735 	3.805e-08 	1.113e-07 	1.317e-08 	1.458e-04 	1.080e-04 	2.065e-05 	1.070e-06 
1.51755 	30.44054 	3.805e-08 	1.113e-07 	1.317e-08 	1.458e-04 	1.080e-04 	2.065e-05 	1.070e-06 
1.53765 	30.84372 	3.805e-08 	1.113e-07 	1.317e-08 	1.458e-04 	1.080e-04 	2.065e-05 	1.070e-06 
1.55775 	31.24691 	3.805e-08 	1.113e-07 	1.317e-08 	1.458e-04 	1.080e-04 	2.065e-05 	1.070e-06 
1.57785 	31.65009 	3.805e-08 	1.113e-07 	1.317e-08 	1.458e-04 	1.080e-04 	2.065e-05 	1.070e-06 
1.59795 	32.05328 	3.805e-08 	1.113e-07 	1.317e-08 	1.458e-04 	1.080e-04 	2.065e-05 	1.070e-06 
1.61805 	32.45646 	3.805e-08 	1.113e-07 	1.317e-08 	1.458e-04 	1.080e-04 	2.065e-05 	1.070e-06 
1.63815 	32.85965 	3.805e-08 	1.113e-07 	1.317e-08 	1.458e-04 	1.080e-04 	2.065e-05 	1.070e-06 
1.65825 	33.26284 	3.805e-08 	1.113e-07 	1.317e-08 	1.458e-04 	1.080e-04 	2.065e-05 	1.070e-06 
1.67835 	33.66602 	3.805e-08 	1.113e-07 	1.317e-08 	1.458e-04 	1.080e-04 	2.065e-05 	1.070e-06 
1.69845 	34.06921 	3.805e-08 	1.113e-07 	1.317e-08 	1.458e-04 	1.080e-04 	2.065e-05 	1.070e-06 
1.71855 	34.47239 	3.805e-08 	1.113e-07 	1.317e-08 	1.458e-04 	1.080e-04 	2.065e-05 	1.070e-06 
1.73865 	34.87558 	3.805e-08 	1.113e-07 	1.317e-08 	1.458e-04 	1.080e-04 	2.065e-05 	1.070e-06 
1.75875 	35.27877 	3.805e-08 	1.113e-07 	1.317e-08 	1.458e-04 	1.080e-04 	2.065e-05 	1.070e-06 
1.77885 	35.68195 	3.805e-08 	1.113e-07 	1.317e-08 	1.458e-04 	1.080e-04 	2.065e-05 	1.070e-06 
1.79895 	36.08514 	3.805e-08 	1.113e-07 	1.317e-08 	1.458e-04 	1.080e-04 	2.065e-05 	1.070e-06 
1.81905 	36.48832 	3.805e-08 	1.113e-07 	1.317e-08 	1.458e-04 	1.080e-04 	2.065e-05 	1.070e-06 
1.83915 	36.89151 	3.805e-08 	1.113e-07 	1.317e-08 	1.458e-04 	1.080e-04 	2.065e-05 	1.070e-06 
1.85925 	37.29470 	3.805e-08 	1.113e-07 	1.317e-08 	1.458e-04 	1.080e-04 	2.065e-05 	1.070e-06 
1.87935 	37.69788 	3.805e-08 	1.113e-07 	1.317e-08 	1.458e-04 	1.080e-04 	2.065e-05 	1.070e-06 
1.89945 	38.10107 	3.805e-08 	1.113e-07 	1.317e-08 	1.458e-04 	1.080e-04 	2.065e-05 	1.070e-06 
1.91955 	38.50425 	3.805e-08 	1.113e-07 	1.317e-08 	1.458e-04 	1.080e-04 	2.065e-05 	1.070e-06 
1.93965 	38.90744 	3.805e-08 	1.113e-07 	1.317e-08 	1.458e-04 	1.080e-04 	2.065e-05 	1.070e-06 
1.95975 	39.31063 	3.805e-08 	1.113e-07 	1.317e-08 	1.458e-04 	1.080e-04 	2.065e-05 	1.070e-06 
1.97985 	39.71381 	3.805e-08 	1.113e-07 	1.317e-08 	1.458e-04 	1.080e-04 	2.065e-05 	1.070e-06 
1.99995 	40.11700 	3.805e-08 	1.113e-07 	1.317e-08 	1.458e-04 	1.080e-04 	2.065e-05 	1.070e-06 
