n = 1.0e+03, Tgas =  42.0, Tdust =  42.0, Go = 10000.0
pc 	Av 	e- 	C 	C+ 	CO 	O 	O2 	H2O 
0.01005 	0.01551 	1.474e-04 	1.155e-10 	1.435e-04 	3.159e-15 	3.459e-04 	2.215e-18 	1.373e-13 
0.03015 	0.04652 	1.473e-04 	1.268e-10 	1.434e-04 	3.667e-15 	3.457e-04 	2.445e-18 	1.434e-13 
0.05025 	0.07754 	1.472e-04 	1.393e-10 	1.433e-04 	4.257e-15 	3.456e-04 	2.698e-18 	1.497e-13 
0.07035 	0.10855 	1.471e-04 	1.529e-10 	1.433e-04 	4.942e-15 	3.455e-04 	2.975e-18 	1.562e-13 
0.09045 	0.13956 	1.470e-04 	1.678e-10 	1.432e-04 	5.738e-15 	3.453e-04 	3.278e-18 	1.628e-13 
0.11055 	0.17058 	1.469e-04 	1.843e-10 	1.432e-04 	6.663e-15 	3.451e-04 	3.610e-18 	1.696e-13 
0.13065 	0.20159 	1.468e-04 	2.023e-10 	1.431e-04 	7.736e-15 	3.450e-04 	3.974e-18 	1.766e-13 
0.15075 	0.23261 	1.466e-04 	2.222e-10 	1.430e-04 	8.981e-15 	3.448e-04 	4.371e-18 	1.837e-13 
0.17085 	0.26362 	1.465e-04 	2.440e-10 	1.429e-04 	1.043e-14 	3.446e-04 	4.805e-18 	1.910e-13 
0.19095 	0.29464 	1.464e-04 	2.679e-10 	1.428e-04 	1.210e-14 	3.444e-04 	5.279e-18 	1.984e-13 
0.21105 	0.32565 	1.462e-04 	2.943e-10 	1.428e-04 	1.404e-14 	3.442e-04 	5.795e-18 	2.059e-13 
0.23115 	0.35666 	1.460e-04 	3.232e-10 	1.427e-04 	1.628e-14 	3.440e-04 	6.358e-18 	2.136e-13 
0.25125 	0.38768 	1.459e-04 	3.551e-10 	1.426e-04 	1.888e-14 	3.437e-04 	6.972e-18 	2.215e-13 
0.27135 	0.41869 	1.457e-04 	3.901e-10 	1.425e-04 	2.187e-14 	3.435e-04 	7.641e-18 	2.294e-13 
0.29145 	0.44971 	1.455e-04 	4.286e-10 	1.424e-04 	2.533e-14 	3.432e-04 	8.368e-18 	2.375e-13 
0.31155 	0.48072 	1.454e-04 	4.709e-10 	1.423e-04 	2.932e-14 	3.430e-04 	9.160e-18 	2.458e-13 
0.33165 	0.51174 	1.452e-04 	5.176e-10 	1.421e-04 	3.391e-14 	3.427e-04 	1.002e-17 	2.541e-13 
0.35175 	0.54275 	1.450e-04 	5.689e-10 	1.420e-04 	3.919e-14 	3.424e-04 	1.096e-17 	2.626e-13 
0.37185 	0.57376 	1.448e-04 	6.253e-10 	1.419e-04 	4.524e-14 	3.421e-04 	1.198e-17 	2.712e-13 
0.39195 	0.60478 	1.446e-04 	6.875e-10 	1.418e-04 	5.218e-14 	3.418e-04 	1.308e-17 	2.800e-13 
0.41205 	0.63579 	1.444e-04 	7.560e-10 	1.416e-04 	6.012e-14 	3.415e-04 	1.429e-17 	2.889e-13 
0.43215 	0.66681 	1.442e-04 	8.314e-10 	1.415e-04 	6.918e-14 	3.412e-04 	1.560e-17 	2.979e-13 
0.45225 	0.69782 	1.440e-04 	9.145e-10 	1.414e-04 	7.950e-14 	3.409e-04 	1.702e-17 	3.071e-13 
0.47235 	0.72884 	1.438e-04 	1.006e-09 	1.413e-04 	9.125e-14 	3.406e-04 	1.857e-17 	3.165e-13 
0.49245 	0.75985 	1.436e-04 	1.107e-09 	1.411e-04 	1.046e-13 	3.403e-04 	2.025e-17 	3.260e-13 
0.51255 	0.79086 	1.434e-04 	1.218e-09 	1.410e-04 	1.197e-13 	3.399e-04 	2.208e-17 	3.358e-13 
0.53265 	0.82188 	1.432e-04 	1.341e-09 	1.409e-04 	1.367e-13 	3.396e-04 	2.407e-17 	3.457e-13 
0.55275 	0.85289 	1.430e-04 	1.476e-09 	1.407e-04 	1.560e-13 	3.393e-04 	2.623e-17 	3.558e-13 
0.57285 	0.88391 	1.428e-04 	1.625e-09 	1.406e-04 	1.776e-13 	3.391e-04 	2.858e-17 	3.662e-13 
0.59295 	0.91492 	1.426e-04 	1.789e-09 	1.405e-04 	2.020e-13 	3.388e-04 	3.115e-17 	3.769e-13 
0.61305 	0.94594 	1.424e-04 	1.970e-09 	1.404e-04 	2.293e-13 	3.385e-04 	3.394e-17 	3.878e-13 
0.63315 	0.97695 	1.423e-04 	2.169e-09 	1.403e-04 	2.598e-13 	3.383e-04 	3.698e-17 	3.990e-13 
0.65325 	1.00796 	1.421e-04 	2.389e-09 	1.402e-04 	2.939e-13 	3.380e-04 	4.029e-17 	4.105e-13 
0.67335 	1.03898 	1.420e-04 	2.632e-09 	1.401e-04 	3.320e-13 	3.378e-04 	4.390e-17 	4.223e-13 
0.69345 	1.06999 	1.418e-04 	2.899e-09 	1.400e-04 	3.744e-13 	3.376e-04 	4.783e-17 	4.346e-13 
0.71355 	1.10101 	1.417e-04 	3.194e-09 	1.400e-04 	4.215e-13 	3.374e-04 	5.212e-17 	4.472e-13 
0.73365 	1.13202 	1.416e-04 	3.519e-09 	1.399e-04 	4.738e-13 	3.373e-04 	5.680e-17 	4.602e-13 
0.75375 	1.16304 	1.415e-04 	3.877e-09 	1.398e-04 	5.318e-13 	3.371e-04 	6.191e-17 	4.736e-13 
0.77385 	1.19405 	1.414e-04 	4.271e-09 	1.398e-04 	5.961e-13 	3.370e-04 	6.748e-17 	4.876e-13 
0.79395 	1.22506 	1.413e-04 	4.705e-09 	1.397e-04 	6.671e-13 	3.369e-04 	7.357e-17 	5.020e-13 
0.81405 	1.25608 	1.412e-04 	5.184e-09 	1.397e-04 	7.457e-13 	3.368e-04 	8.022e-17 	5.170e-13 
0.83415 	1.28709 	1.411e-04 	5.711e-09 	1.397e-04 	8.325e-13 	3.368e-04 	8.749e-17 	5.325e-13 
0.85425 	1.31811 	1.410e-04 	6.292e-09 	1.397e-04 	9.282e-13 	3.367e-04 	9.543e-17 	5.487e-13 
0.87435 	1.34912 	1.410e-04 	6.931e-09 	1.397e-04 	1.034e-12 	3.367e-04 	1.041e-16 	5.654e-13 
0.89445 	1.38014 	1.409e-04 	7.635e-09 	1.397e-04 	1.150e-12 	3.367e-04 	1.136e-16 	5.829e-13 
0.91455 	1.41115 	1.409e-04 	8.410e-09 	1.397e-04 	1.278e-12 	3.368e-04 	1.240e-16 	6.011e-13 
0.93465 	1.44216 	1.409e-04 	9.264e-09 	1.397e-04 	1.419e-12 	3.368e-04 	1.354e-16 	6.201e-13 
0.95475 	1.47318 	1.409e-04 	1.020e-08 	1.397e-04 	1.573e-12 	3.369e-04 	1.479e-16 	6.399e-13 
0.97485 	1.50419 	1.409e-04 	1.124e-08 	1.397e-04 	1.744e-12 	3.369e-04 	1.616e-16 	6.605e-13 
0.99495 	1.53521 	1.409e-04 	1.237e-08 	1.398e-04 	1.930e-12 	3.370e-04 	1.766e-16 	6.821e-13 
1.01505 	1.56622 	1.409e-04 	1.362e-08 	1.398e-04 	2.136e-12 	3.371e-04 	1.930e-16 	7.046e-13 
1.03515 	1.59724 	1.409e-04 	1.500e-08 	1.399e-04 	2.361e-12 	3.372e-04 	2.111e-16 	7.282e-13 
1.05525 	1.62825 	1.409e-04 	1.652e-08 	1.399e-04 	2.608e-12 	3.374e-04 	2.309e-16 	7.529e-13 
1.07535 	1.65927 	1.409e-04 	1.818e-08 	1.400e-04 	2.879e-12 	3.375e-04 	2.526e-16 	7.787e-13 
1.09545 	1.69028 	1.409e-04 	2.001e-08 	1.400e-04 	3.175e-12 	3.376e-04 	2.765e-16 	8.057e-13 
1.11555 	1.72129 	1.410e-04 	2.203e-08 	1.401e-04 	3.501e-12 	3.378e-04 	3.027e-16 	8.340e-13 
1.13565 	1.75231 	1.410e-04 	2.424e-08 	1.402e-04 	3.857e-12 	3.380e-04 	3.316e-16 	8.637e-13 
1.15575 	1.78332 	1.411e-04 	2.667e-08 	1.402e-04 	4.247e-12 	3.381e-04 	3.633e-16 	8.948e-13 
1.17585 	1.81434 	1.411e-04 	2.935e-08 	1.403e-04 	4.673e-12 	3.383e-04 	3.982e-16 	9.274e-13 
1.19595 	1.84535 	1.412e-04 	3.229e-08 	1.404e-04 	5.140e-12 	3.385e-04 	4.366e-16 	9.616e-13 
1.21605 	1.87637 	1.412e-04 	3.552e-08 	1.404e-04 	5.651e-12 	3.387e-04 	4.789e-16 	9.976e-13 
1.23615 	1.90738 	1.413e-04 	3.908e-08 	1.405e-04 	6.209e-12 	3.389e-04 	5.255e-16 	1.035e-12 
1.25625 	1.93839 	1.413e-04 	4.298e-08 	1.406e-04 	6.819e-12 	3.391e-04 	5.769e-16 	1.075e-12 
1.27635 	1.96941 	1.414e-04 	4.727e-08 	1.407e-04 	7.486e-12 	3.393e-04 	6.335e-16 	1.117e-12 
1.29645 	2.00042 	1.414e-04 	5.198e-08 	1.408e-04 	8.214e-12 	3.395e-04 	6.959e-16 	1.160e-12 
1.31655 	2.03144 	1.415e-04 	5.716e-08 	1.408e-04 	9.008e-12 	3.397e-04 	7.648e-16 	1.206e-12 
1.33665 	2.06245 	1.416e-04 	6.285e-08 	1.409e-04 	9.876e-12 	3.399e-04 	8.408e-16 	1.255e-12 
1.35675 	2.09347 	1.416e-04 	6.910e-08 	1.410e-04 	1.082e-11 	3.401e-04 	9.247e-16 	1.306e-12 
1.37685 	2.12448 	1.417e-04 	7.597e-08 	1.411e-04 	1.185e-11 	3.403e-04 	1.017e-15 	1.359e-12 
1.39695 	2.15549 	1.417e-04 	8.351e-08 	1.412e-04 	1.298e-11 	3.405e-04 	1.120e-15 	1.415e-12 
1.41705 	2.18651 	1.418e-04 	9.179e-08 	1.412e-04 	1.421e-11 	3.407e-04 	1.233e-15 	1.475e-12 
1.43715 	2.21752 	1.419e-04 	1.009e-07 	1.413e-04 	1.555e-11 	3.409e-04 	1.358e-15 	1.537e-12 
1.45725 	2.24854 	1.419e-04 	1.109e-07 	1.414e-04 	1.700e-11 	3.411e-04 	1.496e-15 	1.602e-12 
1.47735 	2.27955 	1.420e-04 	1.218e-07 	1.414e-04 	1.859e-11 	3.413e-04 	1.649e-15 	1.672e-12 
1.49745 	2.31057 	1.420e-04 	1.339e-07 	1.415e-04 	2.032e-11 	3.415e-04 	1.819e-15 	1.744e-12 
1.51755 	2.34158 	1.421e-04 	1.471e-07 	1.416e-04 	2.220e-11 	3.417e-04 	2.006e-15 	1.821e-12 
1.53765 	2.37259 	1.421e-04 	1.616e-07 	1.416e-04 	2.425e-11 	3.419e-04 	2.214e-15 	1.901e-12 
1.55775 	2.40361 	1.422e-04 	1.775e-07 	1.417e-04 	2.649e-11 	3.420e-04 	2.443e-15 	1.986e-12 
1.57785 	2.43462 	1.422e-04 	1.950e-07 	1.417e-04 	2.891e-11 	3.422e-04 	2.698e-15 	2.076e-12 
1.59795 	2.46564 	1.423e-04 	2.142e-07 	1.418e-04 	3.156e-11 	3.424e-04 	2.980e-15 	2.170e-12 
1.61805 	2.49665 	1.423e-04 	2.353e-07 	1.418e-04 	3.443e-11 	3.426e-04 	3.293e-15 	2.270e-12 
1.63815 	2.52767 	1.423e-04 	2.584e-07 	1.419e-04 	3.756e-11 	3.427e-04 	3.640e-15 	2.374e-12 
1.65825 	2.55868 	1.424e-04 	2.838e-07 	1.419e-04 	4.096e-11 	3.429e-04 	4.024e-15 	2.485e-12 
1.67835 	2.58969 	1.424e-04 	3.116e-07 	1.420e-04 	4.465e-11 	3.430e-04 	4.451e-15 	2.601e-12 
1.69845 	2.62071 	1.424e-04 	3.421e-07 	1.420e-04 	4.868e-11 	3.432e-04 	4.924e-15 	2.724e-12 
1.71855 	2.65172 	1.424e-04 	3.757e-07 	1.420e-04 	5.305e-11 	3.433e-04 	5.450e-15 	2.853e-12 
1.73865 	2.68274 	1.424e-04 	4.124e-07 	1.421e-04 	5.780e-11 	3.435e-04 	6.033e-15 	2.990e-12 
1.75875 	2.71375 	1.425e-04 	4.527e-07 	1.421e-04 	6.297e-11 	3.436e-04 	6.681e-15 	3.133e-12 
1.77885 	2.74477 	1.425e-04 	4.969e-07 	1.421e-04 	6.858e-11 	3.437e-04 	7.400e-15 	3.285e-12 
1.79895 	2.77578 	1.425e-04 	5.454e-07 	1.421e-04 	7.469e-11 	3.439e-04 	8.198e-15 	3.445e-12 
1.81905 	2.80679 	1.424e-04 	5.986e-07 	1.421e-04 	8.133e-11 	3.440e-04 	9.086e-15 	3.614e-12 
1.83915 	2.83781 	1.424e-04 	6.569e-07 	1.421e-04 	8.854e-11 	3.441e-04 	1.007e-14 	3.792e-12 
1.85925 	2.86882 	1.424e-04 	7.208e-07 	1.421e-04 	9.638e-11 	3.442e-04 	1.117e-14 	3.979e-12 
1.87935 	2.89984 	1.424e-04 	7.908e-07 	1.420e-04 	1.049e-10 	3.443e-04 	1.239e-14 	4.178e-12 
1.89945 	2.93085 	1.423e-04 	8.675e-07 	1.420e-04 	1.142e-10 	3.445e-04 	1.374e-14 	4.387e-12 
1.91955 	2.96187 	1.423e-04 	9.516e-07 	1.420e-04 	1.242e-10 	3.446e-04 	1.525e-14 	4.607e-12 
1.93965 	2.99288 	1.422e-04 	1.044e-06 	1.419e-04 	1.352e-10 	3.447e-04 	1.692e-14 	4.840e-12 
1.95975 	3.02389 	1.422e-04 	1.144e-06 	1.418e-04 	1.471e-10 	3.447e-04 	1.879e-14 	5.086e-12 
1.97985 	3.05491 	1.421e-04 	1.255e-06 	1.418e-04 	1.600e-10 	3.448e-04 	2.086e-14 	5.346e-12 
1.99995 	3.08592 	1.420e-04 	1.376e-06 	1.417e-04 	1.741e-10 	3.449e-04 	2.317e-14 	5.621e-12 
