n = 1.0e+04, Tgas =  33.0, Tdust =  33.0, Go =  10.0
pc 	Av 	e- 	C 	C+ 	CO 	O 	O2 	H2O 
0.01005 	0.15507 	1.413e-04 	2.349e-06 	1.412e-04 	2.034e-08 	3.465e-04 	5.525e-12 	2.577e-11 
0.03015 	0.46521 	1.379e-04 	5.700e-06 	1.379e-04 	6.090e-08 	3.466e-04 	1.243e-11 	3.929e-11 
0.05025 	0.77536 	1.305e-04 	1.308e-05 	1.304e-04 	1.771e-07 	3.467e-04 	2.606e-11 	5.941e-11 
0.07035 	1.08550 	1.164e-04 	2.702e-05 	1.163e-04 	4.859e-07 	3.469e-04 	5.313e-11 	9.325e-11 
0.09045 	1.39564 	9.500e-05 	4.795e-05 	9.497e-05 	1.217e-06 	3.470e-04 	1.139e-10 	1.611e-10 
0.11055 	1.70579 	6.986e-05 	7.197e-05 	6.983e-05 	2.718e-06 	3.464e-04 	2.760e-10 	3.166e-10 
0.13065 	2.01593 	4.624e-05 	9.335e-05 	4.622e-05 	5.352e-06 	3.447e-04 	7.738e-10 	7.066e-10 
0.15075 	2.32607 	2.758e-05 	1.084e-04 	2.756e-05 	9.275e-06 	3.415e-04 	2.411e-09 	1.754e-09 
0.17085 	2.63622 	1.478e-05 	1.165e-04 	1.476e-05 	1.425e-05 	3.370e-04 	7.601e-09 	4.673e-09 
0.19095 	2.94636 	7.111e-06 	1.186e-04 	7.097e-06 	2.007e-05 	3.314e-04 	2.119e-08 	1.256e-08 
0.21105 	3.25650 	3.145e-06 	1.145e-04 	3.133e-06 	2.817e-05 	3.234e-04 	4.666e-08 	3.152e-08 
0.23115 	3.56664 	1.356e-06 	1.018e-04 	1.346e-06 	4.276e-05 	3.088e-04 	8.202e-08 	6.993e-08 
0.25125 	3.87679 	6.184e-07 	7.719e-05 	6.095e-07 	6.812e-05 	2.833e-04 	1.317e-07 	1.352e-07 
0.27135 	4.18693 	3.223e-07 	4.518e-05 	3.132e-07 	1.004e-04 	2.507e-04 	2.274e-07 	2.290e-07 
0.29145 	4.49707 	1.966e-07 	1.887e-05 	1.861e-07 	1.269e-04 	2.236e-04 	4.748e-07 	3.525e-07 
0.31155 	4.80722 	1.326e-07 	6.040e-06 	1.199e-07 	1.398e-04 	2.092e-04 	1.131e-06 	5.221e-07 
0.33165 	5.11736 	9.523e-08 	2.074e-06 	7.943e-08 	1.438e-04 	2.024e-04 	2.410e-06 	7.440e-07 
0.35175 	5.42750 	7.321e-08 	8.946e-07 	5.410e-08 	1.450e-04 	1.969e-04 	4.414e-06 	9.895e-07 
0.37185 	5.73765 	6.008e-08 	4.684e-07 	3.783e-08 	1.454e-04 	1.903e-04 	7.328e-06 	1.215e-06 
0.39195 	6.04779 	5.211e-08 	2.823e-07 	2.717e-08 	1.456e-04 	1.820e-04 	1.131e-05 	1.383e-06 
0.41205 	6.35793 	4.729e-08 	1.898e-07 	2.022e-08 	1.457e-04 	1.719e-04 	1.624e-05 	1.479e-06 
0.43215 	6.66807 	4.444e-08 	1.404e-07 	1.580e-08 	1.458e-04 	1.611e-04 	2.160e-05 	1.508e-06 
0.45225 	6.97822 	4.281e-08 	1.133e-07 	1.309e-08 	1.458e-04 	1.511e-04 	2.658e-05 	1.497e-06 
0.47235 	7.28836 	4.191e-08 	9.822e-08 	1.148e-08 	1.458e-04 	1.432e-04 	3.057e-05 	1.472e-06 
0.49245 	7.59850 	4.141e-08 	8.976e-08 	1.054e-08 	1.458e-04 	1.375e-04 	3.341e-05 	1.446e-06 
0.51255 	7.90865 	4.114e-08 	8.499e-08 	1.000e-08 	1.458e-04 	1.338e-04 	3.526e-05 	1.428e-06 
0.53265 	8.21879 	4.099e-08 	8.229e-08 	9.694e-09 	1.458e-04 	1.315e-04 	3.641e-05 	1.415e-06 
0.55275 	8.52893 	4.090e-08 	8.076e-08 	9.517e-09 	1.458e-04 	1.302e-04 	3.710e-05 	1.408e-06 
0.57285 	8.83908 	4.085e-08 	7.989e-08 	9.415e-09 	1.458e-04 	1.294e-04 	3.750e-05 	1.403e-06 
0.59295 	9.14922 	4.083e-08 	7.939e-08 	9.357e-09 	1.458e-04 	1.289e-04 	3.773e-05 	1.400e-06 
0.61305 	9.45936 	4.081e-08 	7.911e-08 	9.324e-09 	1.458e-04 	1.286e-04 	3.787e-05 	1.399e-06 
0.63315 	9.76950 	4.080e-08 	7.894e-08 	9.305e-09 	1.458e-04 	1.285e-04 	3.795e-05 	1.398e-06 
0.65325 	10.07965 	4.080e-08 	7.885e-08 	9.294e-09 	1.458e-04 	1.284e-04 	3.799e-05 	1.398e-06 
0.67335 	10.38979 	4.079e-08 	7.880e-08 	9.288e-09 	1.458e-04 	1.283e-04 	3.802e-05 	1.397e-06 
0.69345 	10.69993 	4.079e-08 	7.877e-08 	9.284e-09 	1.459e-04 	1.283e-04 	3.803e-05 	1.397e-06 
0.71355 	11.01008 	4.079e-08 	7.875e-08 	9.282e-09 	1.459e-04 	1.283e-04 	3.804e-05 	1.397e-06 
0.73365 	11.32022 	4.079e-08 	7.874e-08 	9.281e-09 	1.459e-04 	1.283e-04 	3.805e-05 	1.397e-06 
0.75375 	11.63036 	4.079e-08 	7.873e-08 	9.280e-09 	1.459e-04 	1.283e-04 	3.805e-05 	1.397e-06 
0.77385 	11.94051 	4.079e-08 	7.873e-08 	9.280e-09 	1.459e-04 	1.283e-04 	3.805e-05 	1.397e-06 
0.79395 	12.25065 	4.079e-08 	7.873e-08 	9.280e-09 	1.459e-04 	1.283e-04 	3.805e-05 	1.397e-06 
0.81405 	12.56079 	4.079e-08 	7.873e-08 	9.279e-09 	1.459e-04 	1.283e-04 	3.805e-05 	1.397e-06 
0.83415 	12.87093 	4.079e-08 	7.873e-08 	9.279e-09 	1.459e-04 	1.283e-04 	3.805e-05 	1.397e-06 
0.85425 	13.18108 	4.079e-08 	7.873e-08 	9.279e-09 	1.459e-04 	1.283e-04 	3.805e-05 	1.397e-06 
0.87435 	13.49122 	4.079e-08 	7.873e-08 	9.279e-09 	1.459e-04 	1.283e-04 	3.805e-05 	1.397e-06 
0.89445 	13.80136 	4.079e-08 	7.873e-08 	9.279e-09 	1.459e-04 	1.283e-04 	3.805e-05 	1.397e-06 
0.91455 	14.11151 	4.079e-08 	7.873e-08 	9.279e-09 	1.459e-04 	1.283e-04 	3.805e-05 	1.397e-06 
0.93465 	14.42165 	4.079e-08 	7.873e-08 	9.279e-09 	1.459e-04 	1.283e-04 	3.805e-05 	1.397e-06 
0.95475 	14.73179 	4.079e-08 	7.873e-08 	9.279e-09 	1.459e-04 	1.283e-04 	3.805e-05 	1.397e-06 
0.97485 	15.04194 	4.079e-08 	7.873e-08 	9.279e-09 	1.459e-04 	1.283e-04 	3.805e-05 	1.397e-06 
0.99495 	15.35208 	4.079e-08 	7.873e-08 	9.279e-09 	1.459e-04 	1.283e-04 	3.805e-05 	1.397e-06 
1.01505 	15.66222 	4.079e-08 	7.873e-08 	9.279e-09 	1.459e-04 	1.283e-04 	3.805e-05 	1.397e-06 
1.03515 	15.97236 	4.079e-08 	7.873e-08 	9.279e-09 	1.459e-04 	1.283e-04 	3.805e-05 	1.397e-06 
1.05525 	16.28251 	4.079e-08 	7.873e-08 	9.279e-09 	1.459e-04 	1.283e-04 	3.805e-05 	1.397e-06 
1.07535 	16.59265 	4.079e-08 	7.873e-08 	9.279e-09 	1.459e-04 	1.283e-04 	3.805e-05 	1.397e-06 
1.09545 	16.90279 	4.079e-08 	7.873e-08 	9.279e-09 	1.459e-04 	1.283e-04 	3.805e-05 	1.397e-06 
1.11555 	17.21294 	4.079e-08 	7.873e-08 	9.279e-09 	1.459e-04 	1.283e-04 	3.805e-05 	1.397e-06 
1.13565 	17.52308 	4.079e-08 	7.873e-08 	9.279e-09 	1.459e-04 	1.283e-04 	3.805e-05 	1.397e-06 
1.15575 	17.83322 	4.079e-08 	7.873e-08 	9.279e-09 	1.459e-04 	1.283e-04 	3.805e-05 	1.397e-06 
1.17585 	18.14337 	4.079e-08 	7.873e-08 	9.279e-09 	1.459e-04 	1.283e-04 	3.805e-05 	1.397e-06 
1.19595 	18.45351 	4.079e-08 	7.873e-08 	9.279e-09 	1.459e-04 	1.283e-04 	3.805e-05 	1.397e-06 
1.21605 	18.76365 	4.079e-08 	7.873e-08 	9.279e-09 	1.459e-04 	1.283e-04 	3.805e-05 	1.397e-06 
1.23615 	19.07379 	4.079e-08 	7.873e-08 	9.279e-09 	1.459e-04 	1.283e-04 	3.805e-05 	1.397e-06 
1.25625 	19.38394 	4.079e-08 	7.873e-08 	9.279e-09 	1.459e-04 	1.283e-04 	3.805e-05 	1.397e-06 
1.27635 	19.69408 	4.079e-08 	7.873e-08 	9.279e-09 	1.459e-04 	1.283e-04 	3.805e-05 	1.397e-06 
1.29645 	20.00422 	4.079e-08 	7.873e-08 	9.279e-09 	1.459e-04 	1.283e-04 	3.805e-05 	1.397e-06 
1.31655 	20.31437 	4.079e-08 	7.873e-08 	9.279e-09 	1.459e-04 	1.283e-04 	3.805e-05 	1.397e-06 
1.33665 	20.62451 	4.079e-08 	7.873e-08 	9.279e-09 	1.459e-04 	1.283e-04 	3.805e-05 	1.397e-06 
1.35675 	20.93465 	4.079e-08 	7.873e-08 	9.279e-09 	1.459e-04 	1.283e-04 	3.805e-05 	1.397e-06 
1.37685 	21.24480 	4.079e-08 	7.873e-08 	9.279e-09 	1.459e-04 	1.283e-04 	3.805e-05 	1.397e-06 
1.39695 	21.55494 	4.079e-08 	7.873e-08 	9.279e-09 	1.459e-04 	1.283e-04 	3.805e-05 	1.397e-06 
1.41705 	21.86508 	4.079e-08 	7.873e-08 	9.279e-09 	1.459e-04 	1.283e-04 	3.805e-05 	1.397e-06 
1.43715 	22.17522 	4.079e-08 	7.873e-08 	9.279e-09 	1.459e-04 	1.283e-04 	3.805e-05 	1.397e-06 
1.45725 	22.48537 	4.079e-08 	7.873e-08 	9.279e-09 	1.459e-04 	1.283e-04 	3.805e-05 	1.397e-06 
1.47735 	22.79551 	4.079e-08 	7.873e-08 	9.279e-09 	1.459e-04 	1.283e-04 	3.805e-05 	1.397e-06 
1.49745 	23.10565 	4.079e-08 	7.873e-08 	9.279e-09 	1.459e-04 	1.283e-04 	3.805e-05 	1.397e-06 
1.51755 	23.41580 	4.079e-08 	7.873e-08 	9.279e-09 	1.459e-04 	1.283e-04 	3.805e-05 	1.397e-06 
1.53765 	23.72594 	4.079e-08 	7.873e-08 	9.279e-09 	1.459e-04 	1.283e-04 	3.805e-05 	1.397e-06 
1.55775 	24.03608 	4.079e-08 	7.873e-08 	9.279e-09 	1.459e-04 	1.283e-04 	3.805e-05 	1.397e-06 
1.57785 	24.34623 	4.079e-08 	7.873e-08 	9.279e-09 	1.459e-04 	1.283e-04 	3.805e-05 	1.397e-06 
1.59795 	24.65637 	4.079e-08 	7.873e-08 	9.279e-09 	1.459e-04 	1.283e-04 	3.805e-05 	1.397e-06 
1.61805 	24.96651 	4.079e-08 	7.873e-08 	9.279e-09 	1.459e-04 	1.283e-04 	3.805e-05 	1.397e-06 
1.63815 	25.27665 	4.079e-08 	7.873e-08 	9.279e-09 	1.459e-04 	1.283e-04 	3.805e-05 	1.397e-06 
1.65825 	25.58680 	4.079e-08 	7.873e-08 	9.279e-09 	1.459e-04 	1.283e-04 	3.805e-05 	1.397e-06 
1.67835 	25.89694 	4.079e-08 	7.873e-08 	9.279e-09 	1.459e-04 	1.283e-04 	3.805e-05 	1.397e-06 
1.69845 	26.20708 	4.079e-08 	7.873e-08 	9.279e-09 	1.459e-04 	1.283e-04 	3.805e-05 	1.397e-06 
1.71855 	26.51723 	4.079e-08 	7.873e-08 	9.279e-09 	1.459e-04 	1.283e-04 	3.805e-05 	1.397e-06 
1.73865 	26.82737 	4.079e-08 	7.873e-08 	9.279e-09 	1.459e-04 	1.283e-04 	3.805e-05 	1.397e-06 
1.75875 	27.13751 	4.079e-08 	7.873e-08 	9.279e-09 	1.459e-04 	1.283e-04 	3.805e-05 	1.397e-06 
1.77885 	27.44766 	4.079e-08 	7.873e-08 	9.279e-09 	1.459e-04 	1.283e-04 	3.805e-05 	1.397e-06 
1.79895 	27.75780 	4.079e-08 	7.873e-08 	9.279e-09 	1.459e-04 	1.283e-04 	3.805e-05 	1.397e-06 
1.81905 	28.06794 	4.079e-08 	7.873e-08 	9.279e-09 	1.459e-04 	1.283e-04 	3.805e-05 	1.397e-06 
1.83915 	28.37808 	4.079e-08 	7.873e-08 	9.279e-09 	1.459e-04 	1.283e-04 	3.805e-05 	1.397e-06 
1.85925 	28.68823 	4.079e-08 	7.873e-08 	9.279e-09 	1.459e-04 	1.283e-04 	3.805e-05 	1.397e-06 
1.87935 	28.99837 	4.079e-08 	7.873e-08 	9.279e-09 	1.459e-04 	1.283e-04 	3.805e-05 	1.397e-06 
1.89945 	29.30851 	4.079e-08 	7.873e-08 	9.279e-09 	1.459e-04 	1.283e-04 	3.805e-05 	1.397e-06 
1.91955 	29.61866 	4.079e-08 	7.873e-08 	9.279e-09 	1.459e-04 	1.283e-04 	3.805e-05 	1.397e-06 
1.93965 	29.92880 	4.079e-08 	7.873e-08 	9.279e-09 	1.459e-04 	1.283e-04 	3.805e-05 	1.397e-06 
1.95975 	30.23894 	4.079e-08 	7.873e-08 	9.279e-09 	1.459e-04 	1.283e-04 	3.805e-05 	1.397e-06 
1.97985 	30.54909 	4.079e-08 	7.873e-08 	9.279e-09 	1.459e-04 	1.283e-04 	3.805e-05 	1.397e-06 
1.99995 	30.85923 	4.079e-08 	7.873e-08 	9.279e-09 	1.459e-04 	1.283e-04 	3.805e-05 	1.397e-06 
