n = 1.3e+03, Tgas =  10.0, Tdust =  10.0, Go = 1000.0
pc 	Av 	e- 	C 	C+ 	CO 	O 	O2 	H2O 
0.01005 	0.02016 	1.376e-04 	3.671e-09 	1.371e-04 	3.343e-13 	3.305e-04 	9.438e-18 	1.021e-13 
0.03015 	0.06048 	1.376e-04 	4.154e-09 	1.371e-04 	3.827e-13 	3.306e-04 	1.093e-17 	1.112e-13 
0.05025 	0.10080 	1.376e-04 	4.701e-09 	1.372e-04 	4.373e-13 	3.307e-04 	1.265e-17 	1.210e-13 
0.07035 	0.14112 	1.377e-04 	5.319e-09 	1.372e-04 	4.990e-13 	3.308e-04 	1.463e-17 	1.315e-13 
0.09045 	0.18143 	1.377e-04 	6.018e-09 	1.373e-04 	5.686e-13 	3.309e-04 	1.690e-17 	1.428e-13 
0.11055 	0.22175 	1.378e-04 	6.808e-09 	1.374e-04 	6.470e-13 	3.311e-04 	1.951e-17 	1.550e-13 
0.13065 	0.26207 	1.378e-04 	7.702e-09 	1.374e-04 	7.354e-13 	3.313e-04 	2.251e-17 	1.682e-13 
0.15075 	0.30239 	1.379e-04 	8.712e-09 	1.375e-04 	8.348e-13 	3.315e-04 	2.595e-17 	1.823e-13 
0.17085 	0.34271 	1.380e-04 	9.854e-09 	1.376e-04 	9.467e-13 	3.317e-04 	2.990e-17 	1.975e-13 
0.19095 	0.38303 	1.381e-04 	1.114e-08 	1.377e-04 	1.073e-12 	3.319e-04 	3.444e-17 	2.138e-13 
0.21105 	0.42335 	1.381e-04 	1.260e-08 	1.378e-04 	1.214e-12 	3.322e-04 	3.964e-17 	2.314e-13 
0.23115 	0.46366 	1.382e-04 	1.425e-08 	1.379e-04 	1.373e-12 	3.324e-04 	4.562e-17 	2.502e-13 
0.25125 	0.50398 	1.383e-04 	1.611e-08 	1.380e-04 	1.552e-12 	3.326e-04 	5.247e-17 	2.705e-13 
0.27135 	0.54430 	1.384e-04 	1.822e-08 	1.381e-04 	1.753e-12 	3.329e-04 	6.034e-17 	2.922e-13 
0.29145 	0.58462 	1.385e-04 	2.059e-08 	1.382e-04 	1.978e-12 	3.331e-04 	6.937e-17 	3.156e-13 
0.31155 	0.62494 	1.386e-04 	2.328e-08 	1.383e-04 	2.231e-12 	3.334e-04 	7.973e-17 	3.406e-13 
0.33165 	0.66526 	1.387e-04 	2.631e-08 	1.384e-04 	2.515e-12 	3.336e-04 	9.162e-17 	3.675e-13 
0.35175 	0.70558 	1.388e-04 	2.973e-08 	1.385e-04 	2.834e-12 	3.339e-04 	1.053e-16 	3.963e-13 
0.37185 	0.74589 	1.389e-04 	3.360e-08 	1.386e-04 	3.192e-12 	3.341e-04 	1.209e-16 	4.272e-13 
0.39195 	0.78621 	1.390e-04 	3.797e-08 	1.387e-04 	3.593e-12 	3.343e-04 	1.389e-16 	4.604e-13 
0.41205 	0.82653 	1.391e-04 	4.290e-08 	1.388e-04 	4.043e-12 	3.346e-04 	1.596e-16 	4.960e-13 
0.43215 	0.86685 	1.392e-04 	4.847e-08 	1.389e-04 	4.547e-12 	3.348e-04 	1.833e-16 	5.341e-13 
0.45225 	0.90717 	1.392e-04 	5.477e-08 	1.390e-04 	5.112e-12 	3.350e-04 	2.105e-16 	5.750e-13 
0.47235 	0.94749 	1.393e-04 	6.187e-08 	1.391e-04 	5.746e-12 	3.352e-04 	2.417e-16 	6.188e-13 
0.49245 	0.98781 	1.394e-04 	6.989e-08 	1.392e-04 	6.457e-12 	3.354e-04 	2.776e-16 	6.658e-13 
0.51255 	1.02812 	1.395e-04 	7.894e-08 	1.392e-04 	7.253e-12 	3.356e-04 	3.188e-16 	7.161e-13 
0.53265 	1.06844 	1.395e-04 	8.916e-08 	1.393e-04 	8.145e-12 	3.358e-04 	3.661e-16 	7.700e-13 
0.55275 	1.10876 	1.396e-04 	1.007e-07 	1.394e-04 	9.146e-12 	3.360e-04 	4.205e-16 	8.278e-13 
0.57285 	1.14908 	1.397e-04 	1.137e-07 	1.394e-04 	1.027e-11 	3.362e-04 	4.830e-16 	8.898e-13 
0.59295 	1.18940 	1.397e-04 	1.284e-07 	1.395e-04 	1.152e-11 	3.364e-04 	5.547e-16 	9.561e-13 
0.61305 	1.22972 	1.398e-04 	1.450e-07 	1.396e-04 	1.293e-11 	3.365e-04 	6.372e-16 	1.027e-12 
0.63315 	1.27004 	1.398e-04 	1.637e-07 	1.396e-04 	1.451e-11 	3.367e-04 	7.319e-16 	1.103e-12 
0.65325 	1.31035 	1.399e-04 	1.848e-07 	1.397e-04 	1.628e-11 	3.368e-04 	8.408e-16 	1.185e-12 
0.67335 	1.35067 	1.399e-04 	2.087e-07 	1.397e-04 	1.827e-11 	3.370e-04 	9.660e-16 	1.273e-12 
0.69345 	1.39099 	1.399e-04 	2.356e-07 	1.397e-04 	2.049e-11 	3.371e-04 	1.110e-15 	1.366e-12 
0.71355 	1.43131 	1.399e-04 	2.659e-07 	1.398e-04 	2.299e-11 	3.372e-04 	1.275e-15 	1.467e-12 
0.73365 	1.47163 	1.400e-04 	3.001e-07 	1.398e-04 	2.580e-11 	3.373e-04 	1.465e-15 	1.574e-12 
0.75375 	1.51195 	1.400e-04 	3.387e-07 	1.398e-04 	2.895e-11 	3.375e-04 	1.684e-15 	1.690e-12 
0.77385 	1.55227 	1.400e-04 	3.822e-07 	1.398e-04 	3.248e-11 	3.376e-04 	1.935e-15 	1.813e-12 
0.79395 	1.59258 	1.400e-04 	4.312e-07 	1.398e-04 	3.645e-11 	3.377e-04 	2.223e-15 	1.946e-12 
0.81405 	1.63290 	1.400e-04 	4.865e-07 	1.398e-04 	4.091e-11 	3.378e-04 	2.555e-15 	2.088e-12 
0.83415 	1.67322 	1.399e-04 	5.488e-07 	1.398e-04 	4.592e-11 	3.379e-04 	2.937e-15 	2.240e-12 
0.85425 	1.71354 	1.399e-04 	6.191e-07 	1.397e-04 	5.156e-11 	3.380e-04 	3.376e-15 	2.403e-12 
0.87435 	1.75386 	1.399e-04 	6.982e-07 	1.397e-04 	5.790e-11 	3.380e-04 	3.880e-15 	2.578e-12 
0.89445 	1.79418 	1.398e-04 	7.873e-07 	1.396e-04 	6.503e-11 	3.381e-04 	4.461e-15 	2.766e-12 
0.91455 	1.83450 	1.397e-04 	8.876e-07 	1.396e-04 	7.306e-11 	3.382e-04 	5.128e-15 	2.968e-12 
0.93465 	1.87481 	1.397e-04 	1.001e-06 	1.395e-04 	8.210e-11 	3.383e-04 	5.895e-15 	3.184e-12 
0.95475 	1.91513 	1.396e-04 	1.128e-06 	1.394e-04 	9.229e-11 	3.384e-04 	6.778e-15 	3.416e-12 
0.97485 	1.95545 	1.395e-04 	1.270e-06 	1.393e-04 	1.038e-10 	3.384e-04 	7.794e-15 	3.665e-12 
0.99495 	1.99577 	1.393e-04 	1.431e-06 	1.392e-04 	1.167e-10 	3.385e-04 	8.962e-15 	3.933e-12 
1.01505 	2.03609 	1.392e-04 	1.612e-06 	1.390e-04 	1.314e-10 	3.386e-04 	1.031e-14 	4.220e-12 
1.03515 	2.07641 	1.390e-04 	1.814e-06 	1.388e-04 	1.478e-10 	3.386e-04 	1.185e-14 	4.529e-12 
1.05525 	2.11673 	1.388e-04 	2.042e-06 	1.386e-04 	1.665e-10 	3.387e-04 	1.363e-14 	4.862e-12 
1.07535 	2.15704 	1.386e-04 	2.297e-06 	1.384e-04 	1.875e-10 	3.387e-04 	1.568e-14 	5.220e-12 
1.09545 	2.19736 	1.383e-04 	2.583e-06 	1.381e-04 	2.113e-10 	3.388e-04 	1.803e-14 	5.605e-12 
1.11555 	2.23768 	1.380e-04 	2.903e-06 	1.378e-04 	2.382e-10 	3.389e-04 	2.075e-14 	6.020e-12 
1.13565 	2.27800 	1.377e-04 	3.261e-06 	1.375e-04 	2.687e-10 	3.389e-04 	2.387e-14 	6.468e-12 
1.15575 	2.31832 	1.373e-04 	3.661e-06 	1.371e-04 	3.031e-10 	3.390e-04 	2.747e-14 	6.952e-12 
1.17585 	2.35864 	1.369e-04 	4.108e-06 	1.367e-04 	3.422e-10 	3.390e-04 	3.161e-14 	7.474e-12 
1.19595 	2.39896 	1.364e-04 	4.605e-06 	1.362e-04 	3.864e-10 	3.391e-04 	3.638e-14 	8.039e-12 
1.21605 	2.43927 	1.359e-04 	5.159e-06 	1.357e-04 	4.364e-10 	3.392e-04 	4.188e-14 	8.651e-12 
1.23615 	2.47959 	1.353e-04 	5.775e-06 	1.351e-04 	4.932e-10 	3.392e-04 	4.823e-14 	9.314e-12 
1.25625 	2.51991 	1.346e-04 	6.458e-06 	1.345e-04 	5.575e-10 	3.393e-04 	5.554e-14 	1.003e-11 
1.27635 	2.56023 	1.339e-04 	7.213e-06 	1.337e-04 	6.305e-10 	3.394e-04 	6.398e-14 	1.082e-11 
1.29645 	2.60055 	1.331e-04 	8.048e-06 	1.329e-04 	7.133e-10 	3.395e-04 	7.373e-14 	1.167e-11 
1.31655 	2.64087 	1.322e-04 	8.969e-06 	1.321e-04 	8.072e-10 	3.395e-04 	8.499e-14 	1.260e-11 
1.33665 	2.68119 	1.313e-04 	9.981e-06 	1.311e-04 	9.137e-10 	3.396e-04 	9.801e-14 	1.361e-11 
1.35675 	2.72150 	1.302e-04 	1.109e-05 	1.300e-04 	1.035e-09 	3.397e-04 	1.131e-13 	1.472e-11 
1.37685 	2.76182 	1.290e-04 	1.230e-05 	1.288e-04 	1.172e-09 	3.398e-04 	1.305e-13 	1.594e-11 
1.39695 	2.80214 	1.277e-04 	1.363e-05 	1.276e-04 	1.327e-09 	3.399e-04 	1.507e-13 	1.728e-11 
1.41705 	2.84246 	1.263e-04 	1.506e-05 	1.262e-04 	1.504e-09 	3.400e-04 	1.742e-13 	1.875e-11 
1.43715 	2.88278 	1.248e-04 	1.662e-05 	1.247e-04 	1.704e-09 	3.402e-04 	2.014e-13 	2.037e-11 
1.45725 	2.92310 	1.232e-04 	1.830e-05 	1.230e-04 	1.931e-09 	3.403e-04 	2.331e-13 	2.216e-11 
1.47735 	2.96342 	1.214e-04 	2.011e-05 	1.213e-04 	2.188e-09 	3.404e-04 	2.699e-13 	2.415e-11 
1.49745 	3.00373 	1.196e-04 	2.204e-05 	1.194e-04 	2.479e-09 	3.406e-04 	3.129e-13 	2.635e-11 
1.51755 	3.04405 	1.176e-04 	2.410e-05 	1.174e-04 	2.809e-09 	3.407e-04 	3.631e-13 	2.879e-11 
1.53765 	3.08437 	1.155e-04 	2.628e-05 	1.153e-04 	3.183e-09 	3.409e-04 	4.217e-13 	3.151e-11 
1.55775 	3.12469 	1.132e-04 	2.859e-05 	1.130e-04 	3.606e-09 	3.410e-04 	4.904e-13 	3.455e-11 
1.57785 	3.16501 	1.108e-04 	3.103e-05 	1.107e-04 	4.084e-09 	3.412e-04 	5.710e-13 	3.794e-11 
1.59795 	3.20533 	1.084e-04 	3.357e-05 	1.082e-04 	4.624e-09 	3.414e-04 	6.657e-13 	4.174e-11 
1.61805 	3.24565 	1.058e-04 	3.623e-05 	1.056e-04 	5.235e-09 	3.416e-04 	7.771e-13 	4.599e-11 
1.63815 	3.28597 	1.031e-04 	3.899e-05 	1.029e-04 	5.924e-09 	3.418e-04 	9.085e-13 	5.077e-11 
1.65825 	3.32628 	1.003e-04 	4.184e-05 	1.002e-04 	6.702e-09 	3.420e-04 	1.064e-12 	5.613e-11 
1.67835 	3.36660 	9.750e-05 	4.477e-05 	9.732e-05 	7.579e-09 	3.422e-04 	1.247e-12 	6.217e-11 
1.69845 	3.40692 	9.458e-05 	4.778e-05 	9.440e-05 	8.568e-09 	3.424e-04 	1.465e-12 	6.898e-11 
1.71855 	3.44724 	9.161e-05 	5.084e-05 	9.142e-05 	9.681e-09 	3.427e-04 	1.723e-12 	7.666e-11 
1.73865 	3.48756 	8.859e-05 	5.396e-05 	8.839e-05 	1.094e-08 	3.429e-04 	2.031e-12 	8.532e-11 
1.75875 	3.52788 	8.553e-05 	5.711e-05 	8.533e-05 	1.235e-08 	3.431e-04 	2.397e-12 	9.512e-11 
1.77885 	3.56820 	8.245e-05 	6.028e-05 	8.225e-05 	1.393e-08 	3.434e-04 	2.834e-12 	1.062e-10 
1.79895 	3.60851 	7.935e-05 	6.347e-05 	7.915e-05 	1.572e-08 	3.436e-04 	3.356e-12 	1.187e-10 
1.81905 	3.64883 	7.626e-05 	6.666e-05 	7.606e-05 	1.772e-08 	3.438e-04 	3.981e-12 	1.329e-10 
1.83915 	3.68915 	7.317e-05 	6.984e-05 	7.297e-05 	1.997e-08 	3.441e-04 	4.731e-12 	1.490e-10 
1.85925 	3.72947 	7.011e-05 	7.299e-05 	6.991e-05 	2.249e-08 	3.443e-04 	5.630e-12 	1.672e-10 
1.87935 	3.76979 	6.708e-05 	7.612e-05 	6.687e-05 	2.533e-08 	3.445e-04 	6.711e-12 	1.879e-10 
1.89945 	3.81011 	6.409e-05 	7.920e-05 	6.388e-05 	2.851e-08 	3.448e-04 	8.011e-12 	2.114e-10 
1.91955 	3.85043 	6.114e-05 	8.224e-05 	6.093e-05 	3.207e-08 	3.450e-04 	9.576e-12 	2.380e-10 
1.93965 	3.89074 	5.825e-05 	8.521e-05 	5.803e-05 	3.607e-08 	3.452e-04 	1.146e-11 	2.682e-10 
1.95975 	3.93106 	5.542e-05 	8.813e-05 	5.520e-05 	4.054e-08 	3.454e-04 	1.374e-11 	3.025e-10 
1.97985 	3.97138 	5.266e-05 	9.097e-05 	5.244e-05 	4.556e-08 	3.457e-04 	1.649e-11 	3.414e-10 
1.99995 	4.01170 	4.997e-05 	9.374e-05 	4.975e-05 	5.117e-08 	3.459e-04 	1.981e-11 	3.857e-10 
