n = 1.0e+02, Tgas =  25.0, Tdust =  25.0, Go =  10.0
pc 	Av 	e- 	C 	C+ 	CO 	O 	O2 	H2O 
0.01005 	0.00155 	1.438e-04 	1.739e-08 	1.392e-04 	6.716e-12 	3.356e-04 	2.285e-14 	1.811e-11 
0.03015 	0.00465 	1.437e-04 	1.756e-08 	1.392e-04 	6.780e-12 	3.356e-04 	2.310e-14 	1.821e-11 
0.05025 	0.00775 	1.437e-04 	1.772e-08 	1.392e-04 	6.845e-12 	3.356e-04 	2.336e-14 	1.831e-11 
0.07035 	0.01086 	1.437e-04 	1.789e-08 	1.392e-04 	6.911e-12 	3.356e-04 	2.362e-14 	1.841e-11 
0.09045 	0.01396 	1.437e-04 	1.806e-08 	1.392e-04 	6.977e-12 	3.356e-04 	2.389e-14 	1.852e-11 
0.11055 	0.01706 	1.437e-04 	1.823e-08 	1.392e-04 	7.043e-12 	3.356e-04 	2.415e-14 	1.862e-11 
0.13065 	0.02016 	1.437e-04 	1.840e-08 	1.392e-04 	7.111e-12 	3.357e-04 	2.442e-14 	1.872e-11 
0.15075 	0.02326 	1.437e-04 	1.857e-08 	1.392e-04 	7.179e-12 	3.357e-04 	2.469e-14 	1.883e-11 
0.17085 	0.02636 	1.437e-04 	1.874e-08 	1.392e-04 	7.248e-12 	3.357e-04 	2.497e-14 	1.893e-11 
0.19095 	0.02946 	1.437e-04 	1.892e-08 	1.392e-04 	7.317e-12 	3.357e-04 	2.525e-14 	1.904e-11 
0.21105 	0.03257 	1.437e-04 	1.910e-08 	1.392e-04 	7.387e-12 	3.357e-04 	2.553e-14 	1.914e-11 
0.23115 	0.03567 	1.437e-04 	1.928e-08 	1.392e-04 	7.457e-12 	3.357e-04 	2.581e-14 	1.925e-11 
0.25125 	0.03877 	1.437e-04 	1.946e-08 	1.392e-04 	7.529e-12 	3.357e-04 	2.610e-14 	1.936e-11 
0.27135 	0.04187 	1.437e-04 	1.964e-08 	1.392e-04 	7.601e-12 	3.357e-04 	2.639e-14 	1.947e-11 
0.29145 	0.04497 	1.437e-04 	1.982e-08 	1.392e-04 	7.673e-12 	3.357e-04 	2.669e-14 	1.957e-11 
0.31155 	0.04807 	1.437e-04 	2.001e-08 	1.392e-04 	7.747e-12 	3.357e-04 	2.698e-14 	1.968e-11 
0.33165 	0.05117 	1.437e-04 	2.020e-08 	1.392e-04 	7.821e-12 	3.358e-04 	2.728e-14 	1.979e-11 
0.35175 	0.05428 	1.437e-04 	2.039e-08 	1.392e-04 	7.896e-12 	3.358e-04 	2.759e-14 	1.990e-11 
0.37185 	0.05738 	1.437e-04 	2.058e-08 	1.393e-04 	7.971e-12 	3.358e-04 	2.789e-14 	2.001e-11 
0.39195 	0.06048 	1.437e-04 	2.077e-08 	1.393e-04 	8.047e-12 	3.358e-04 	2.820e-14 	2.012e-11 
0.41205 	0.06358 	1.437e-04 	2.097e-08 	1.393e-04 	8.124e-12 	3.358e-04 	2.852e-14 	2.023e-11 
0.43215 	0.06668 	1.437e-04 	2.116e-08 	1.393e-04 	8.202e-12 	3.358e-04 	2.884e-14 	2.035e-11 
0.45225 	0.06978 	1.437e-04 	2.136e-08 	1.393e-04 	8.280e-12 	3.358e-04 	2.916e-14 	2.046e-11 
0.47235 	0.07288 	1.437e-04 	2.156e-08 	1.393e-04 	8.360e-12 	3.358e-04 	2.948e-14 	2.057e-11 
0.49245 	0.07599 	1.437e-04 	2.176e-08 	1.393e-04 	8.439e-12 	3.358e-04 	2.981e-14 	2.069e-11 
0.51255 	0.07909 	1.437e-04 	2.197e-08 	1.393e-04 	8.520e-12 	3.359e-04 	3.014e-14 	2.080e-11 
0.53265 	0.08219 	1.437e-04 	2.217e-08 	1.393e-04 	8.602e-12 	3.359e-04 	3.048e-14 	2.092e-11 
0.55275 	0.08529 	1.437e-04 	2.238e-08 	1.393e-04 	8.684e-12 	3.359e-04 	3.082e-14 	2.103e-11 
0.57285 	0.08839 	1.437e-04 	2.259e-08 	1.393e-04 	8.767e-12 	3.359e-04 	3.116e-14 	2.115e-11 
0.59295 	0.09149 	1.437e-04 	2.280e-08 	1.393e-04 	8.851e-12 	3.359e-04 	3.150e-14 	2.127e-11 
0.61305 	0.09459 	1.437e-04 	2.302e-08 	1.393e-04 	8.935e-12 	3.359e-04 	3.186e-14 	2.138e-11 
0.63315 	0.09770 	1.437e-04 	2.323e-08 	1.393e-04 	9.021e-12 	3.359e-04 	3.221e-14 	2.150e-11 
0.65325 	0.10080 	1.437e-04 	2.345e-08 	1.393e-04 	9.107e-12 	3.359e-04 	3.257e-14 	2.162e-11 
0.67335 	0.10390 	1.437e-04 	2.367e-08 	1.393e-04 	9.194e-12 	3.359e-04 	3.293e-14 	2.174e-11 
0.69345 	0.10700 	1.437e-04 	2.389e-08 	1.393e-04 	9.282e-12 	3.359e-04 	3.330e-14 	2.186e-11 
0.71355 	0.11010 	1.436e-04 	2.411e-08 	1.393e-04 	9.371e-12 	3.359e-04 	3.367e-14 	2.198e-11 
0.73365 	0.11320 	1.436e-04 	2.434e-08 	1.393e-04 	9.461e-12 	3.360e-04 	3.404e-14 	2.210e-11 
0.75375 	0.11630 	1.436e-04 	2.457e-08 	1.393e-04 	9.551e-12 	3.360e-04 	3.442e-14 	2.223e-11 
0.77385 	0.11941 	1.436e-04 	2.480e-08 	1.393e-04 	9.643e-12 	3.360e-04 	3.480e-14 	2.235e-11 
0.79395 	0.12251 	1.436e-04 	2.503e-08 	1.393e-04 	9.735e-12 	3.360e-04 	3.519e-14 	2.247e-11 
0.81405 	0.12561 	1.436e-04 	2.527e-08 	1.393e-04 	9.828e-12 	3.360e-04 	3.558e-14 	2.260e-11 
0.83415 	0.12871 	1.436e-04 	2.550e-08 	1.393e-04 	9.922e-12 	3.360e-04 	3.597e-14 	2.272e-11 
0.85425 	0.13181 	1.436e-04 	2.574e-08 	1.393e-04 	1.002e-11 	3.360e-04 	3.637e-14 	2.285e-11 
0.87435 	0.13491 	1.436e-04 	2.598e-08 	1.393e-04 	1.011e-11 	3.360e-04 	3.678e-14 	2.297e-11 
0.89445 	0.13801 	1.436e-04 	2.623e-08 	1.394e-04 	1.021e-11 	3.360e-04 	3.718e-14 	2.310e-11 
0.91455 	0.14112 	1.436e-04 	2.647e-08 	1.394e-04 	1.031e-11 	3.360e-04 	3.760e-14 	2.323e-11 
0.93465 	0.14422 	1.436e-04 	2.672e-08 	1.394e-04 	1.041e-11 	3.361e-04 	3.801e-14 	2.336e-11 
0.95475 	0.14732 	1.436e-04 	2.697e-08 	1.394e-04 	1.051e-11 	3.361e-04 	3.844e-14 	2.348e-11 
0.97485 	0.15042 	1.436e-04 	2.722e-08 	1.394e-04 	1.061e-11 	3.361e-04 	3.886e-14 	2.361e-11 
0.99495 	0.15352 	1.436e-04 	2.748e-08 	1.394e-04 	1.071e-11 	3.361e-04 	3.929e-14 	2.374e-11 
1.01505 	0.15662 	1.436e-04 	2.774e-08 	1.394e-04 	1.081e-11 	3.361e-04 	3.973e-14 	2.388e-11 
1.03515 	0.15972 	1.436e-04 	2.800e-08 	1.394e-04 	1.091e-11 	3.361e-04 	4.017e-14 	2.401e-11 
1.05525 	0.16283 	1.436e-04 	2.826e-08 	1.394e-04 	1.102e-11 	3.361e-04 	4.061e-14 	2.414e-11 
1.07535 	0.16593 	1.436e-04 	2.852e-08 	1.394e-04 	1.112e-11 	3.361e-04 	4.107e-14 	2.427e-11 
1.09545 	0.16903 	1.436e-04 	2.879e-08 	1.394e-04 	1.123e-11 	3.361e-04 	4.152e-14 	2.441e-11 
1.11555 	0.17213 	1.436e-04 	2.906e-08 	1.394e-04 	1.134e-11 	3.361e-04 	4.198e-14 	2.454e-11 
1.13565 	0.17523 	1.436e-04 	2.933e-08 	1.394e-04 	1.145e-11 	3.361e-04 	4.245e-14 	2.467e-11 
1.15575 	0.17833 	1.436e-04 	2.961e-08 	1.394e-04 	1.156e-11 	3.362e-04 	4.292e-14 	2.481e-11 
1.17585 	0.18143 	1.436e-04 	2.988e-08 	1.394e-04 	1.167e-11 	3.362e-04 	4.339e-14 	2.495e-11 
1.19595 	0.18454 	1.436e-04 	3.016e-08 	1.394e-04 	1.178e-11 	3.362e-04 	4.387e-14 	2.508e-11 
1.21605 	0.18764 	1.436e-04 	3.045e-08 	1.394e-04 	1.189e-11 	3.362e-04 	4.436e-14 	2.522e-11 
1.23615 	0.19074 	1.436e-04 	3.073e-08 	1.394e-04 	1.201e-11 	3.362e-04 	4.485e-14 	2.536e-11 
1.25625 	0.19384 	1.436e-04 	3.102e-08 	1.394e-04 	1.212e-11 	3.362e-04 	4.535e-14 	2.550e-11 
1.27635 	0.19694 	1.436e-04 	3.131e-08 	1.394e-04 	1.224e-11 	3.362e-04 	4.585e-14 	2.564e-11 
1.29645 	0.20004 	1.436e-04 	3.160e-08 	1.394e-04 	1.235e-11 	3.362e-04 	4.636e-14 	2.578e-11 
1.31655 	0.20314 	1.436e-04 	3.190e-08 	1.394e-04 	1.247e-11 	3.362e-04 	4.687e-14 	2.592e-11 
1.33665 	0.20625 	1.436e-04 	3.220e-08 	1.394e-04 	1.259e-11 	3.362e-04 	4.739e-14 	2.607e-11 
1.35675 	0.20935 	1.436e-04 	3.250e-08 	1.394e-04 	1.271e-11 	3.362e-04 	4.791e-14 	2.621e-11 
1.37685 	0.21245 	1.436e-04 	3.281e-08 	1.394e-04 	1.283e-11 	3.363e-04 	4.845e-14 	2.635e-11 
1.39695 	0.21555 	1.436e-04 	3.311e-08 	1.394e-04 	1.296e-11 	3.363e-04 	4.898e-14 	2.650e-11 
1.41705 	0.21865 	1.436e-04 	3.342e-08 	1.394e-04 	1.308e-11 	3.363e-04 	4.952e-14 	2.664e-11 
1.43715 	0.22175 	1.436e-04 	3.374e-08 	1.394e-04 	1.321e-11 	3.363e-04 	5.007e-14 	2.679e-11 
1.45725 	0.22485 	1.436e-04 	3.405e-08 	1.394e-04 	1.333e-11 	3.363e-04 	5.063e-14 	2.694e-11 
1.47735 	0.22796 	1.436e-04 	3.437e-08 	1.395e-04 	1.346e-11 	3.363e-04 	5.119e-14 	2.708e-11 
1.49745 	0.23106 	1.436e-04 	3.469e-08 	1.395e-04 	1.359e-11 	3.363e-04 	5.175e-14 	2.723e-11 
1.51755 	0.23416 	1.436e-04 	3.502e-08 	1.395e-04 	1.372e-11 	3.363e-04 	5.232e-14 	2.738e-11 
1.53765 	0.23726 	1.436e-04 	3.535e-08 	1.395e-04 	1.385e-11 	3.363e-04 	5.290e-14 	2.753e-11 
1.55775 	0.24036 	1.436e-04 	3.568e-08 	1.395e-04 	1.399e-11 	3.363e-04 	5.349e-14 	2.768e-11 
1.57785 	0.24346 	1.436e-04 	3.601e-08 	1.395e-04 	1.412e-11 	3.363e-04 	5.408e-14 	2.783e-11 
1.59795 	0.24656 	1.436e-04 	3.635e-08 	1.395e-04 	1.426e-11 	3.364e-04 	5.468e-14 	2.799e-11 
1.61805 	0.24967 	1.435e-04 	3.669e-08 	1.395e-04 	1.439e-11 	3.364e-04 	5.528e-14 	2.814e-11 
1.63815 	0.25277 	1.435e-04 	3.703e-08 	1.395e-04 	1.453e-11 	3.364e-04 	5.589e-14 	2.829e-11 
1.65825 	0.25587 	1.435e-04 	3.738e-08 	1.395e-04 	1.467e-11 	3.364e-04 	5.651e-14 	2.845e-11 
1.67835 	0.25897 	1.435e-04 	3.773e-08 	1.395e-04 	1.481e-11 	3.364e-04 	5.714e-14 	2.860e-11 
1.69845 	0.26207 	1.435e-04 	3.808e-08 	1.395e-04 	1.496e-11 	3.364e-04 	5.777e-14 	2.876e-11 
1.71855 	0.26517 	1.435e-04 	3.844e-08 	1.395e-04 	1.510e-11 	3.364e-04 	5.841e-14 	2.892e-11 
1.73865 	0.26827 	1.435e-04 	3.880e-08 	1.395e-04 	1.524e-11 	3.364e-04 	5.905e-14 	2.908e-11 
1.75875 	0.27138 	1.435e-04 	3.916e-08 	1.395e-04 	1.539e-11 	3.364e-04 	5.970e-14 	2.924e-11 
1.77885 	0.27448 	1.435e-04 	3.953e-08 	1.395e-04 	1.554e-11 	3.364e-04 	6.036e-14 	2.940e-11 
1.79895 	0.27758 	1.435e-04 	3.990e-08 	1.395e-04 	1.569e-11 	3.364e-04 	6.103e-14 	2.956e-11 
1.81905 	0.28068 	1.435e-04 	4.027e-08 	1.395e-04 	1.584e-11 	3.364e-04 	6.170e-14 	2.972e-11 
1.83915 	0.28378 	1.435e-04 	4.065e-08 	1.395e-04 	1.599e-11 	3.364e-04 	6.239e-14 	2.988e-11 
1.85925 	0.28688 	1.435e-04 	4.103e-08 	1.395e-04 	1.615e-11 	3.365e-04 	6.308e-14 	3.004e-11 
1.87935 	0.28998 	1.435e-04 	4.141e-08 	1.395e-04 	1.630e-11 	3.365e-04 	6.377e-14 	3.021e-11 
1.89945 	0.29309 	1.435e-04 	4.180e-08 	1.395e-04 	1.646e-11 	3.365e-04 	6.448e-14 	3.037e-11 
1.91955 	0.29619 	1.435e-04 	4.219e-08 	1.395e-04 	1.662e-11 	3.365e-04 	6.519e-14 	3.054e-11 
1.93965 	0.29929 	1.435e-04 	4.259e-08 	1.395e-04 	1.678e-11 	3.365e-04 	6.591e-14 	3.070e-11 
1.95975 	0.30239 	1.435e-04 	4.299e-08 	1.395e-04 	1.694e-11 	3.365e-04 	6.663e-14 	3.087e-11 
1.97985 	0.30549 	1.435e-04 	4.339e-08 	1.395e-04 	1.710e-11 	3.365e-04 	6.737e-14 	3.104e-11 
1.99995 	0.30859 	1.435e-04 	4.380e-08 	1.395e-04 	1.727e-11 	3.365e-04 	6.811e-14 	3.121e-11 
