n = 7.0e+01, Tgas =  25.0, Tdust =  25.0, Go = 1000.0
pc 	Av 	e- 	C 	C+ 	CO 	O 	O2 	H2O 
0.01005 	0.00109 	1.796e-04 	1.283e-10 	1.391e-04 	1.405e-15 	3.353e-04 	3.448e-19 	3.491e-14 
0.03015 	0.00326 	1.795e-04 	1.291e-10 	1.391e-04 	1.419e-15 	3.353e-04 	3.480e-19 	3.510e-14 
0.05025 	0.00543 	1.795e-04 	1.299e-10 	1.391e-04 	1.434e-15 	3.352e-04 	3.511e-19 	3.529e-14 
0.07035 	0.00760 	1.795e-04 	1.308e-10 	1.390e-04 	1.448e-15 	3.352e-04 	3.544e-19 	3.549e-14 
0.09045 	0.00977 	1.795e-04 	1.316e-10 	1.390e-04 	1.463e-15 	3.352e-04 	3.576e-19 	3.568e-14 
0.11055 	0.01194 	1.795e-04 	1.325e-10 	1.390e-04 	1.478e-15 	3.352e-04 	3.609e-19 	3.588e-14 
0.13065 	0.01411 	1.794e-04 	1.333e-10 	1.390e-04 	1.494e-15 	3.352e-04 	3.642e-19 	3.608e-14 
0.15075 	0.01628 	1.794e-04 	1.342e-10 	1.390e-04 	1.509e-15 	3.352e-04 	3.676e-19 	3.628e-14 
0.17085 	0.01845 	1.794e-04 	1.350e-10 	1.390e-04 	1.525e-15 	3.352e-04 	3.709e-19 	3.648e-14 
0.19095 	0.02062 	1.794e-04 	1.359e-10 	1.390e-04 	1.540e-15 	3.352e-04 	3.743e-19 	3.669e-14 
0.21105 	0.02280 	1.794e-04 	1.368e-10 	1.390e-04 	1.556e-15 	3.352e-04 	3.778e-19 	3.689e-14 
0.23115 	0.02497 	1.793e-04 	1.377e-10 	1.390e-04 	1.572e-15 	3.352e-04 	3.813e-19 	3.710e-14 
0.25125 	0.02714 	1.793e-04 	1.386e-10 	1.390e-04 	1.589e-15 	3.352e-04 	3.848e-19 	3.730e-14 
0.27135 	0.02931 	1.793e-04 	1.394e-10 	1.390e-04 	1.605e-15 	3.352e-04 	3.883e-19 	3.751e-14 
0.29145 	0.03148 	1.793e-04 	1.403e-10 	1.390e-04 	1.621e-15 	3.352e-04 	3.919e-19 	3.772e-14 
0.31155 	0.03365 	1.792e-04 	1.413e-10 	1.390e-04 	1.638e-15 	3.352e-04 	3.955e-19 	3.793e-14 
0.33165 	0.03582 	1.792e-04 	1.422e-10 	1.390e-04 	1.655e-15 	3.351e-04 	3.992e-19 	3.814e-14 
0.35175 	0.03799 	1.792e-04 	1.431e-10 	1.390e-04 	1.672e-15 	3.351e-04 	4.029e-19 	3.836e-14 
0.37185 	0.04016 	1.792e-04 	1.440e-10 	1.390e-04 	1.689e-15 	3.351e-04 	4.066e-19 	3.857e-14 
0.39195 	0.04233 	1.792e-04 	1.449e-10 	1.390e-04 	1.707e-15 	3.351e-04 	4.104e-19 	3.879e-14 
0.41205 	0.04451 	1.791e-04 	1.459e-10 	1.390e-04 	1.724e-15 	3.351e-04 	4.142e-19 	3.901e-14 
0.43215 	0.04668 	1.791e-04 	1.468e-10 	1.390e-04 	1.742e-15 	3.351e-04 	4.180e-19 	3.922e-14 
0.45225 	0.04885 	1.791e-04 	1.478e-10 	1.390e-04 	1.760e-15 	3.351e-04 	4.219e-19 	3.945e-14 
0.47235 	0.05102 	1.791e-04 	1.487e-10 	1.390e-04 	1.778e-15 	3.351e-04 	4.258e-19 	3.967e-14 
0.49245 	0.05319 	1.790e-04 	1.497e-10 	1.390e-04 	1.797e-15 	3.351e-04 	4.298e-19 	3.989e-14 
0.51255 	0.05536 	1.790e-04 	1.506e-10 	1.390e-04 	1.815e-15 	3.351e-04 	4.337e-19 	4.012e-14 
0.53265 	0.05753 	1.790e-04 	1.516e-10 	1.390e-04 	1.834e-15 	3.351e-04 	4.378e-19 	4.034e-14 
0.55275 	0.05970 	1.790e-04 	1.526e-10 	1.390e-04 	1.853e-15 	3.351e-04 	4.418e-19 	4.057e-14 
0.57285 	0.06187 	1.790e-04 	1.536e-10 	1.390e-04 	1.872e-15 	3.351e-04 	4.459e-19 	4.080e-14 
0.59295 	0.06404 	1.789e-04 	1.546e-10 	1.390e-04 	1.891e-15 	3.350e-04 	4.501e-19 	4.103e-14 
0.61305 	0.06622 	1.789e-04 	1.555e-10 	1.390e-04 	1.911e-15 	3.350e-04 	4.543e-19 	4.126e-14 
0.63315 	0.06839 	1.789e-04 	1.566e-10 	1.390e-04 	1.930e-15 	3.350e-04 	4.585e-19 	4.149e-14 
0.65325 	0.07056 	1.789e-04 	1.576e-10 	1.390e-04 	1.950e-15 	3.350e-04 	4.628e-19 	4.173e-14 
0.67335 	0.07273 	1.788e-04 	1.586e-10 	1.390e-04 	1.970e-15 	3.350e-04 	4.671e-19 	4.197e-14 
0.69345 	0.07490 	1.788e-04 	1.596e-10 	1.389e-04 	1.991e-15 	3.350e-04 	4.715e-19 	4.220e-14 
0.71355 	0.07707 	1.788e-04 	1.606e-10 	1.389e-04 	2.011e-15 	3.350e-04 	4.759e-19 	4.244e-14 
0.73365 	0.07924 	1.788e-04 	1.617e-10 	1.389e-04 	2.032e-15 	3.350e-04 	4.803e-19 	4.269e-14 
0.75375 	0.08141 	1.787e-04 	1.627e-10 	1.389e-04 	2.053e-15 	3.350e-04 	4.848e-19 	4.293e-14 
0.77385 	0.08358 	1.787e-04 	1.638e-10 	1.389e-04 	2.074e-15 	3.350e-04 	4.893e-19 	4.317e-14 
0.79395 	0.08575 	1.787e-04 	1.648e-10 	1.389e-04 	2.096e-15 	3.350e-04 	4.939e-19 	4.342e-14 
0.81405 	0.08793 	1.787e-04 	1.659e-10 	1.389e-04 	2.117e-15 	3.350e-04 	4.985e-19 	4.367e-14 
0.83415 	0.09010 	1.786e-04 	1.669e-10 	1.389e-04 	2.139e-15 	3.349e-04 	5.032e-19 	4.392e-14 
0.85425 	0.09227 	1.786e-04 	1.680e-10 	1.389e-04 	2.161e-15 	3.349e-04 	5.079e-19 	4.417e-14 
0.87435 	0.09444 	1.786e-04 	1.691e-10 	1.389e-04 	2.183e-15 	3.349e-04 	5.127e-19 	4.442e-14 
0.89445 	0.09661 	1.786e-04 	1.702e-10 	1.389e-04 	2.206e-15 	3.349e-04 	5.175e-19 	4.467e-14 
0.91455 	0.09878 	1.785e-04 	1.713e-10 	1.389e-04 	2.229e-15 	3.349e-04 	5.224e-19 	4.493e-14 
0.93465 	0.10095 	1.785e-04 	1.724e-10 	1.389e-04 	2.252e-15 	3.349e-04 	5.273e-19 	4.519e-14 
0.95475 	0.10312 	1.785e-04 	1.735e-10 	1.389e-04 	2.275e-15 	3.349e-04 	5.322e-19 	4.544e-14 
0.97485 	0.10529 	1.785e-04 	1.746e-10 	1.389e-04 	2.298e-15 	3.349e-04 	5.372e-19 	4.571e-14 
0.99495 	0.10746 	1.784e-04 	1.757e-10 	1.389e-04 	2.322e-15 	3.349e-04 	5.423e-19 	4.597e-14 
1.01505 	0.10964 	1.784e-04 	1.769e-10 	1.389e-04 	2.346e-15 	3.349e-04 	5.474e-19 	4.623e-14 
1.03515 	0.11181 	1.784e-04 	1.780e-10 	1.389e-04 	2.370e-15 	3.349e-04 	5.525e-19 	4.650e-14 
1.05525 	0.11398 	1.784e-04 	1.792e-10 	1.389e-04 	2.395e-15 	3.348e-04 	5.577e-19 	4.676e-14 
1.07535 	0.11615 	1.783e-04 	1.803e-10 	1.389e-04 	2.419e-15 	3.348e-04 	5.630e-19 	4.703e-14 
1.09545 	0.11832 	1.783e-04 	1.815e-10 	1.389e-04 	2.444e-15 	3.348e-04 	5.683e-19 	4.730e-14 
1.11555 	0.12049 	1.783e-04 	1.826e-10 	1.389e-04 	2.469e-15 	3.348e-04 	5.736e-19 	4.758e-14 
1.13565 	0.12266 	1.783e-04 	1.838e-10 	1.389e-04 	2.495e-15 	3.348e-04 	5.791e-19 	4.785e-14 
1.15575 	0.12483 	1.782e-04 	1.850e-10 	1.389e-04 	2.521e-15 	3.348e-04 	5.845e-19 	4.813e-14 
1.17585 	0.12700 	1.782e-04 	1.862e-10 	1.389e-04 	2.547e-15 	3.348e-04 	5.901e-19 	4.841e-14 
1.19595 	0.12917 	1.782e-04 	1.874e-10 	1.389e-04 	2.573e-15 	3.348e-04 	5.956e-19 	4.868e-14 
1.21605 	0.13135 	1.782e-04 	1.886e-10 	1.389e-04 	2.600e-15 	3.348e-04 	6.013e-19 	4.897e-14 
1.23615 	0.13352 	1.781e-04 	1.898e-10 	1.389e-04 	2.626e-15 	3.348e-04 	6.069e-19 	4.925e-14 
1.25625 	0.13569 	1.781e-04 	1.910e-10 	1.388e-04 	2.653e-15 	3.348e-04 	6.127e-19 	4.953e-14 
1.27635 	0.13786 	1.781e-04 	1.923e-10 	1.388e-04 	2.681e-15 	3.348e-04 	6.185e-19 	4.982e-14 
1.29645 	0.14003 	1.781e-04 	1.935e-10 	1.388e-04 	2.708e-15 	3.347e-04 	6.243e-19 	5.011e-14 
1.31655 	0.14220 	1.780e-04 	1.947e-10 	1.388e-04 	2.736e-15 	3.347e-04 	6.303e-19 	5.040e-14 
1.33665 	0.14437 	1.780e-04 	1.960e-10 	1.388e-04 	2.765e-15 	3.347e-04 	6.362e-19 	5.069e-14 
1.35675 	0.14654 	1.780e-04 	1.973e-10 	1.388e-04 	2.793e-15 	3.347e-04 	6.423e-19 	5.099e-14 
1.37685 	0.14871 	1.779e-04 	1.985e-10 	1.388e-04 	2.822e-15 	3.347e-04 	6.484e-19 	5.128e-14 
1.39695 	0.15088 	1.779e-04 	1.998e-10 	1.388e-04 	2.851e-15 	3.347e-04 	6.545e-19 	5.158e-14 
1.41705 	0.15306 	1.779e-04 	2.011e-10 	1.388e-04 	2.880e-15 	3.347e-04 	6.607e-19 	5.188e-14 
1.43715 	0.15523 	1.779e-04 	2.024e-10 	1.388e-04 	2.910e-15 	3.347e-04 	6.670e-19 	5.218e-14 
1.45725 	0.15740 	1.778e-04 	2.037e-10 	1.388e-04 	2.940e-15 	3.347e-04 	6.734e-19 	5.249e-14 
1.47735 	0.15957 	1.778e-04 	2.050e-10 	1.388e-04 	2.970e-15 	3.347e-04 	6.798e-19 	5.279e-14 
1.49745 	0.16174 	1.778e-04 	2.063e-10 	1.388e-04 	3.001e-15 	3.346e-04 	6.862e-19 	5.310e-14 
1.51755 	0.16391 	1.778e-04 	2.076e-10 	1.388e-04 	3.032e-15 	3.346e-04 	6.928e-19 	5.341e-14 
1.53765 	0.16608 	1.777e-04 	2.090e-10 	1.388e-04 	3.063e-15 	3.346e-04 	6.994e-19 	5.372e-14 
1.55775 	0.16825 	1.777e-04 	2.103e-10 	1.388e-04 	3.095e-15 	3.346e-04 	7.060e-19 	5.404e-14 
1.57785 	0.17042 	1.777e-04 	2.117e-10 	1.388e-04 	3.127e-15 	3.346e-04 	7.127e-19 	5.435e-14 
1.59795 	0.17259 	1.776e-04 	2.130e-10 	1.388e-04 	3.159e-15 	3.346e-04 	7.195e-19 	5.467e-14 
1.61805 	0.17477 	1.776e-04 	2.144e-10 	1.388e-04 	3.191e-15 	3.346e-04 	7.264e-19 	5.499e-14 
1.63815 	0.17694 	1.776e-04 	2.158e-10 	1.388e-04 	3.224e-15 	3.346e-04 	7.333e-19 	5.531e-14 
1.65825 	0.17911 	1.776e-04 	2.172e-10 	1.388e-04 	3.258e-15 	3.346e-04 	7.403e-19 	5.564e-14 
1.67835 	0.18128 	1.775e-04 	2.186e-10 	1.388e-04 	3.291e-15 	3.346e-04 	7.474e-19 	5.596e-14 
1.69845 	0.18345 	1.775e-04 	2.200e-10 	1.388e-04 	3.325e-15 	3.346e-04 	7.546e-19 	5.629e-14 
1.71855 	0.18562 	1.775e-04 	2.214e-10 	1.388e-04 	3.359e-15 	3.345e-04 	7.618e-19 	5.662e-14 
1.73865 	0.18779 	1.774e-04 	2.228e-10 	1.388e-04 	3.394e-15 	3.345e-04 	7.690e-19 	5.695e-14 
1.75875 	0.18996 	1.774e-04 	2.242e-10 	1.387e-04 	3.429e-15 	3.345e-04 	7.764e-19 	5.729e-14 
1.77885 	0.19213 	1.774e-04 	2.257e-10 	1.387e-04 	3.464e-15 	3.345e-04 	7.838e-19 	5.763e-14 
1.79895 	0.19430 	1.774e-04 	2.271e-10 	1.387e-04 	3.500e-15 	3.345e-04 	7.913e-19 	5.796e-14 
1.81905 	0.19648 	1.773e-04 	2.286e-10 	1.387e-04 	3.536e-15 	3.345e-04 	7.989e-19 	5.831e-14 
1.83915 	0.19865 	1.773e-04 	2.301e-10 	1.387e-04 	3.572e-15 	3.345e-04 	8.066e-19 	5.865e-14 
1.85925 	0.20082 	1.773e-04 	2.315e-10 	1.387e-04 	3.609e-15 	3.345e-04 	8.143e-19 	5.899e-14 
1.87935 	0.20299 	1.772e-04 	2.330e-10 	1.387e-04 	3.646e-15 	3.345e-04 	8.221e-19 	5.934e-14 
1.89945 	0.20516 	1.772e-04 	2.345e-10 	1.387e-04 	3.684e-15 	3.345e-04 	8.300e-19 	5.969e-14 
1.91955 	0.20733 	1.772e-04 	2.360e-10 	1.387e-04 	3.722e-15 	3.344e-04 	8.380e-19 	6.004e-14 
1.93965 	0.20950 	1.772e-04 	2.375e-10 	1.387e-04 	3.760e-15 	3.344e-04 	8.460e-19 	6.040e-14 
1.95975 	0.21167 	1.771e-04 	2.391e-10 	1.387e-04 	3.799e-15 	3.344e-04 	8.541e-19 	6.075e-14 
1.97985 	0.21384 	1.771e-04 	2.406e-10 	1.387e-04 	3.838e-15 	3.344e-04 	8.623e-19 	6.111e-14 
1.99995 	0.21601 	1.771e-04 	2.421e-10 	1.387e-04 	3.878e-15 	3.344e-04 	8.706e-19 	6.147e-14 
