n = 1.0e+04, Tgas =  42.0, Tdust =  42.0, Go = 100.0
pc 	Av 	e- 	C 	C+ 	CO 	O 	O2 	H2O 
0.01005 	0.15507 	1.437e-04 	2.135e-07 	1.437e-04 	3.093e-10 	3.469e-04 	1.000e-13 	3.699e-12 
0.03015 	0.46521 	1.434e-04 	5.393e-07 	1.434e-04 	8.685e-10 	3.471e-04 	2.806e-13 	6.128e-12 
0.05025 	0.77536 	1.426e-04 	1.354e-06 	1.426e-04 	2.494e-09 	3.472e-04 	7.704e-13 	1.009e-11 
0.07035 	1.08550 	1.407e-04 	3.349e-06 	1.406e-04 	7.264e-09 	3.473e-04 	2.043e-12 	1.649e-11 
0.09045 	1.39564 	1.361e-04 	7.999e-06 	1.360e-04 	2.115e-08 	3.474e-04 	5.188e-12 	2.685e-11 
0.11055 	1.70579 	1.264e-04 	1.778e-05 	1.263e-04 	6.017e-08 	3.477e-04 	1.270e-11 	4.443e-11 
0.13065 	2.01593 	1.093e-04 	3.492e-05 	1.093e-04 	1.620e-07 	3.481e-04 	3.117e-11 	7.766e-11 
0.15075 	2.32607 	8.588e-05 	5.843e-05 	8.585e-05 	4.007e-07 	3.486e-04 	8.160e-11 	1.493e-10 
0.17085 	2.63622 	6.072e-05 	8.343e-05 	6.069e-05 	8.962e-07 	3.489e-04 	2.378e-10 	3.196e-10 
0.19095 	2.94636 	3.873e-05 	1.048e-04 	3.870e-05 	1.807e-06 	3.488e-04 	7.649e-10 	7.515e-10 
0.21105 	3.25650 	2.229e-05 	1.200e-04 	2.227e-05 	3.299e-06 	3.478e-04 	2.560e-09 	1.885e-09 
0.23115 	3.56664 	1.156e-05 	1.286e-04 	1.154e-05 	5.562e-06 	3.459e-04 	8.072e-09 	4.818e-09 
0.25125 	3.87679 	5.466e-06 	1.312e-04 	5.449e-06 	9.154e-06 	3.425e-04 	2.123e-08 	1.171e-08 
0.27135 	4.18693 	2.486e-06 	1.274e-04 	2.472e-06 	1.603e-05 	3.356e-04 	4.336e-08 	2.552e-08 
0.29145 	4.49707 	1.183e-06 	1.142e-04 	1.172e-06 	3.054e-05 	3.211e-04 	7.204e-08 	4.926e-08 
0.31155 	4.80722 	6.276e-07 	8.820e-05 	6.176e-07 	5.711e-05 	2.944e-04 	1.108e-07 	8.569e-08 
0.33165 	5.11736 	3.737e-07 	5.353e-05 	3.638e-07 	9.204e-05 	2.593e-04 	1.818e-07 	1.370e-07 
0.35175 	5.42750 	2.454e-07 	2.414e-05 	2.346e-07 	1.216e-04 	2.294e-04 	3.490e-07 	2.085e-07 
0.37185 	5.73765 	1.733e-07 	8.752e-06 	1.608e-07 	1.370e-04 	2.130e-04 	7.436e-07 	3.131e-07 
0.39195 	6.04779 	1.274e-07 	3.257e-06 	1.124e-07 	1.426e-04 	2.058e-04 	1.493e-06 	4.631e-07 
0.41205 	6.35793 	9.696e-08 	1.439e-06 	7.883e-08 	1.444e-04 	2.014e-04 	2.701e-06 	6.567e-07 
0.43215 	6.66807 	7.707e-08 	7.477e-07 	5.554e-08 	1.451e-04 	1.968e-04 	4.542e-06 	8.722e-07 
0.45225 	6.97822 	6.427e-08 	4.367e-07 	3.946e-08 	1.455e-04 	1.908e-04 	7.256e-06 	1.074e-06 
0.47235 	7.28836 	5.615e-08 	2.780e-07 	2.847e-08 	1.456e-04 	1.829e-04 	1.104e-05 	1.228e-06 
0.49245 	7.59850 	5.110e-08 	1.911e-07 	2.112e-08 	1.457e-04 	1.731e-04 	1.583e-05 	1.318e-06 
0.51255 	7.90865 	4.809e-08 	1.422e-07 	1.639e-08 	1.458e-04 	1.624e-04 	2.115e-05 	1.348e-06 
0.53265 	8.21879 	4.637e-08 	1.145e-07 	1.347e-08 	1.458e-04 	1.523e-04 	2.621e-05 	1.340e-06 
0.55275 	8.52893 	4.543e-08 	9.880e-08 	1.172e-08 	1.458e-04 	1.440e-04 	3.034e-05 	1.316e-06 
0.57285 	8.83908 	4.492e-08 	8.994e-08 	1.070e-08 	1.458e-04 	1.381e-04 	3.331e-05 	1.292e-06 
0.59295 	9.14922 	4.465e-08 	8.493e-08 	1.012e-08 	1.458e-04 	1.342e-04 	3.528e-05 	1.274e-06 
0.61305 	9.45936 	4.449e-08 	8.208e-08 	9.779e-09 	1.458e-04 	1.317e-04 	3.650e-05 	1.262e-06 
0.63315 	9.76950 	4.441e-08 	8.046e-08 	9.586e-09 	1.458e-04 	1.303e-04 	3.724e-05 	1.255e-06 
0.65325 	10.07965 	4.436e-08 	7.953e-08 	9.475e-09 	1.459e-04 	1.294e-04 	3.767e-05 	1.250e-06 
0.67335 	10.38979 	4.433e-08 	7.900e-08 	9.412e-09 	1.459e-04 	1.289e-04 	3.792e-05 	1.248e-06 
0.69345 	10.69993 	4.432e-08 	7.870e-08 	9.376e-09 	1.459e-04 	1.286e-04 	3.807e-05 	1.246e-06 
0.71355 	11.01008 	4.431e-08 	7.853e-08 	9.355e-09 	1.459e-04 	1.284e-04 	3.815e-05 	1.245e-06 
0.73365 	11.32022 	4.430e-08 	7.843e-08 	9.343e-09 	1.459e-04 	1.283e-04 	3.820e-05 	1.245e-06 
0.75375 	11.63036 	4.430e-08 	7.837e-08 	9.336e-09 	1.459e-04 	1.283e-04 	3.823e-05 	1.244e-06 
0.77385 	11.94051 	4.430e-08 	7.834e-08 	9.332e-09 	1.459e-04 	1.283e-04 	3.824e-05 	1.244e-06 
0.79395 	12.25065 	4.430e-08 	7.832e-08 	9.330e-09 	1.459e-04 	1.282e-04 	3.825e-05 	1.244e-06 
0.81405 	12.56079 	4.430e-08 	7.831e-08 	9.329e-09 	1.459e-04 	1.282e-04 	3.826e-05 	1.244e-06 
0.83415 	12.87093 	4.430e-08 	7.831e-08 	9.328e-09 	1.459e-04 	1.282e-04 	3.826e-05 	1.244e-06 
0.85425 	13.18108 	4.430e-08 	7.830e-08 	9.328e-09 	1.459e-04 	1.282e-04 	3.826e-05 	1.244e-06 
0.87435 	13.49122 	4.430e-08 	7.830e-08 	9.327e-09 	1.459e-04 	1.282e-04 	3.826e-05 	1.244e-06 
0.89445 	13.80136 	4.430e-08 	7.830e-08 	9.327e-09 	1.459e-04 	1.282e-04 	3.826e-05 	1.244e-06 
0.91455 	14.11151 	4.430e-08 	7.830e-08 	9.327e-09 	1.459e-04 	1.282e-04 	3.826e-05 	1.244e-06 
0.93465 	14.42165 	4.430e-08 	7.830e-08 	9.327e-09 	1.459e-04 	1.282e-04 	3.826e-05 	1.244e-06 
0.95475 	14.73179 	4.430e-08 	7.830e-08 	9.327e-09 	1.459e-04 	1.282e-04 	3.826e-05 	1.244e-06 
0.97485 	15.04194 	4.430e-08 	7.830e-08 	9.327e-09 	1.459e-04 	1.282e-04 	3.826e-05 	1.244e-06 
0.99495 	15.35208 	4.430e-08 	7.830e-08 	9.327e-09 	1.459e-04 	1.282e-04 	3.826e-05 	1.244e-06 
1.01505 	15.66222 	4.430e-08 	7.830e-08 	9.327e-09 	1.459e-04 	1.282e-04 	3.826e-05 	1.244e-06 
1.03515 	15.97236 	4.430e-08 	7.830e-08 	9.327e-09 	1.459e-04 	1.282e-04 	3.826e-05 	1.244e-06 
1.05525 	16.28251 	4.430e-08 	7.830e-08 	9.327e-09 	1.459e-04 	1.282e-04 	3.826e-05 	1.244e-06 
1.07535 	16.59265 	4.430e-08 	7.830e-08 	9.327e-09 	1.459e-04 	1.282e-04 	3.826e-05 	1.244e-06 
1.09545 	16.90279 	4.430e-08 	7.830e-08 	9.327e-09 	1.459e-04 	1.282e-04 	3.826e-05 	1.244e-06 
1.11555 	17.21294 	4.430e-08 	7.830e-08 	9.327e-09 	1.459e-04 	1.282e-04 	3.826e-05 	1.244e-06 
1.13565 	17.52308 	4.430e-08 	7.830e-08 	9.327e-09 	1.459e-04 	1.282e-04 	3.826e-05 	1.244e-06 
1.15575 	17.83322 	4.430e-08 	7.830e-08 	9.327e-09 	1.459e-04 	1.282e-04 	3.826e-05 	1.244e-06 
1.17585 	18.14337 	4.430e-08 	7.830e-08 	9.327e-09 	1.459e-04 	1.282e-04 	3.826e-05 	1.244e-06 
1.19595 	18.45351 	4.430e-08 	7.830e-08 	9.327e-09 	1.459e-04 	1.282e-04 	3.826e-05 	1.244e-06 
1.21605 	18.76365 	4.430e-08 	7.830e-08 	9.327e-09 	1.459e-04 	1.282e-04 	3.826e-05 	1.244e-06 
1.23615 	19.07379 	4.430e-08 	7.830e-08 	9.327e-09 	1.459e-04 	1.282e-04 	3.826e-05 	1.244e-06 
1.25625 	19.38394 	4.430e-08 	7.830e-08 	9.327e-09 	1.459e-04 	1.282e-04 	3.826e-05 	1.244e-06 
1.27635 	19.69408 	4.430e-08 	7.830e-08 	9.327e-09 	1.459e-04 	1.282e-04 	3.826e-05 	1.244e-06 
1.29645 	20.00422 	4.430e-08 	7.830e-08 	9.327e-09 	1.459e-04 	1.282e-04 	3.826e-05 	1.244e-06 
1.31655 	20.31437 	4.430e-08 	7.830e-08 	9.327e-09 	1.459e-04 	1.282e-04 	3.826e-05 	1.244e-06 
1.33665 	20.62451 	4.430e-08 	7.830e-08 	9.327e-09 	1.459e-04 	1.282e-04 	3.826e-05 	1.244e-06 
1.35675 	20.93465 	4.430e-08 	7.830e-08 	9.327e-09 	1.459e-04 	1.282e-04 	3.826e-05 	1.244e-06 
1.37685 	21.24480 	4.430e-08 	7.830e-08 	9.327e-09 	1.459e-04 	1.282e-04 	3.826e-05 	1.244e-06 
1.39695 	21.55494 	4.430e-08 	7.830e-08 	9.327e-09 	1.459e-04 	1.282e-04 	3.826e-05 	1.244e-06 
1.41705 	21.86508 	4.430e-08 	7.830e-08 	9.327e-09 	1.459e-04 	1.282e-04 	3.826e-05 	1.244e-06 
1.43715 	22.17522 	4.430e-08 	7.830e-08 	9.327e-09 	1.459e-04 	1.282e-04 	3.826e-05 	1.244e-06 
1.45725 	22.48537 	4.430e-08 	7.830e-08 	9.327e-09 	1.459e-04 	1.282e-04 	3.826e-05 	1.244e-06 
1.47735 	22.79551 	4.430e-08 	7.830e-08 	9.327e-09 	1.459e-04 	1.282e-04 	3.826e-05 	1.244e-06 
1.49745 	23.10565 	4.430e-08 	7.830e-08 	9.327e-09 	1.459e-04 	1.282e-04 	3.826e-05 	1.244e-06 
1.51755 	23.41580 	4.430e-08 	7.830e-08 	9.327e-09 	1.459e-04 	1.282e-04 	3.826e-05 	1.244e-06 
1.53765 	23.72594 	4.430e-08 	7.830e-08 	9.327e-09 	1.459e-04 	1.282e-04 	3.826e-05 	1.244e-06 
1.55775 	24.03608 	4.430e-08 	7.830e-08 	9.327e-09 	1.459e-04 	1.282e-04 	3.826e-05 	1.244e-06 
1.57785 	24.34623 	4.430e-08 	7.830e-08 	9.327e-09 	1.459e-04 	1.282e-04 	3.826e-05 	1.244e-06 
1.59795 	24.65637 	4.430e-08 	7.830e-08 	9.327e-09 	1.459e-04 	1.282e-04 	3.826e-05 	1.244e-06 
1.61805 	24.96651 	4.430e-08 	7.830e-08 	9.327e-09 	1.459e-04 	1.282e-04 	3.826e-05 	1.244e-06 
1.63815 	25.27665 	4.430e-08 	7.830e-08 	9.327e-09 	1.459e-04 	1.282e-04 	3.826e-05 	1.244e-06 
1.65825 	25.58680 	4.430e-08 	7.830e-08 	9.327e-09 	1.459e-04 	1.282e-04 	3.826e-05 	1.244e-06 
1.67835 	25.89694 	4.430e-08 	7.830e-08 	9.327e-09 	1.459e-04 	1.282e-04 	3.826e-05 	1.244e-06 
1.69845 	26.20708 	4.430e-08 	7.830e-08 	9.327e-09 	1.459e-04 	1.282e-04 	3.826e-05 	1.244e-06 
1.71855 	26.51723 	4.430e-08 	7.830e-08 	9.327e-09 	1.459e-04 	1.282e-04 	3.826e-05 	1.244e-06 
1.73865 	26.82737 	4.430e-08 	7.830e-08 	9.327e-09 	1.459e-04 	1.282e-04 	3.826e-05 	1.244e-06 
1.75875 	27.13751 	4.430e-08 	7.830e-08 	9.327e-09 	1.459e-04 	1.282e-04 	3.826e-05 	1.244e-06 
1.77885 	27.44766 	4.430e-08 	7.830e-08 	9.327e-09 	1.459e-04 	1.282e-04 	3.826e-05 	1.244e-06 
1.79895 	27.75780 	4.430e-08 	7.830e-08 	9.327e-09 	1.459e-04 	1.282e-04 	3.826e-05 	1.244e-06 
1.81905 	28.06794 	4.430e-08 	7.830e-08 	9.327e-09 	1.459e-04 	1.282e-04 	3.826e-05 	1.244e-06 
1.83915 	28.37808 	4.430e-08 	7.830e-08 	9.327e-09 	1.459e-04 	1.282e-04 	3.826e-05 	1.244e-06 
1.85925 	28.68823 	4.430e-08 	7.830e-08 	9.327e-09 	1.459e-04 	1.282e-04 	3.826e-05 	1.244e-06 
1.87935 	28.99837 	4.430e-08 	7.830e-08 	9.327e-09 	1.459e-04 	1.282e-04 	3.826e-05 	1.244e-06 
1.89945 	29.30851 	4.430e-08 	7.830e-08 	9.327e-09 	1.459e-04 	1.282e-04 	3.826e-05 	1.244e-06 
1.91955 	29.61866 	4.430e-08 	7.830e-08 	9.327e-09 	1.459e-04 	1.282e-04 	3.826e-05 	1.244e-06 
1.93965 	29.92880 	4.430e-08 	7.830e-08 	9.327e-09 	1.459e-04 	1.282e-04 	3.826e-05 	1.244e-06 
1.95975 	30.23894 	4.430e-08 	7.830e-08 	9.327e-09 	1.459e-04 	1.282e-04 	3.826e-05 	1.244e-06 
1.97985 	30.54909 	4.430e-08 	7.830e-08 	9.327e-09 	1.459e-04 	1.282e-04 	3.826e-05 	1.244e-06 
1.99995 	30.85923 	4.430e-08 	7.830e-08 	9.327e-09 	1.459e-04 	1.282e-04 	3.826e-05 	1.244e-06 
