n = 6.0e+03, Tgas =  35.0, Tdust =  35.0, Go = 100.0
pc 	Av 	e- 	C 	C+ 	CO 	O 	O2 	H2O 
0.01005 	0.09304 	1.435e-04 	1.167e-07 	1.434e-04 	1.103e-10 	3.461e-04 	3.942e-14 	2.911e-12 
0.03015 	0.27913 	1.434e-04 	2.038e-07 	1.434e-04 	1.997e-10 	3.462e-04 	7.412e-14 	3.969e-12 
0.05025 	0.46521 	1.433e-04 	3.556e-07 	1.433e-04 	3.651e-10 	3.463e-04 	1.390e-13 	5.408e-12 
0.07035 	0.65130 	1.431e-04 	6.197e-07 	1.430e-04 	6.742e-10 	3.464e-04 	2.595e-13 	7.356e-12 
0.09045 	0.83739 	1.427e-04 	1.077e-06 	1.426e-04 	1.256e-09 	3.465e-04 	4.814e-13 	9.988e-12 
0.11055 	1.02347 	1.419e-04 	1.864e-06 	1.419e-04 	2.358e-09 	3.465e-04 	8.852e-13 	1.354e-11 
0.13065 	1.20956 	1.406e-04 	3.203e-06 	1.405e-04 	4.450e-09 	3.466e-04 	1.611e-12 	1.832e-11 
0.15075 	1.39564 	1.384e-04 	5.439e-06 	1.383e-04 	8.414e-09 	3.467e-04 	2.896e-12 	2.481e-11 
0.17085 	1.58173 	1.348e-04 	9.067e-06 	1.347e-04 	1.587e-08 	3.468e-04 	5.149e-12 	3.371e-11 
0.19095 	1.76782 	1.292e-04 	1.469e-05 	1.292e-04 	2.970e-08 	3.470e-04 	9.081e-12 	4.623e-11 
0.21105 	1.95390 	1.211e-04 	2.287e-05 	1.211e-04 	5.475e-08 	3.473e-04 	1.601e-11 	6.453e-11 
0.23115 	2.13999 	1.103e-04 	3.383e-05 	1.102e-04 	9.875e-08 	3.476e-04 	2.853e-11 	9.250e-11 
0.25125 	2.32607 	9.701e-05 	4.723e-05 	9.696e-05 	1.732e-07 	3.480e-04 	5.206e-11 	1.372e-10 
0.27135 	2.51216 	8.224e-05 	6.210e-05 	8.218e-05 	2.941e-07 	3.484e-04 	9.827e-11 	2.112e-10 
0.29145 	2.69824 	6.716e-05 	7.721e-05 	6.711e-05 	4.826e-07 	3.488e-04 	1.927e-10 	3.374e-10 
0.31155 	2.88433 	5.290e-05 	9.141e-05 	5.285e-05 	7.654e-07 	3.490e-04 	3.913e-10 	5.568e-10 
0.33165 	3.07042 	4.022e-05 	1.039e-04 	4.017e-05 	1.174e-06 	3.491e-04 	8.159e-10 	9.437e-10 
0.35175 	3.25650 	2.953e-05 	1.142e-04 	2.948e-05 	1.746e-06 	3.489e-04 	1.723e-09 	1.632e-09 
0.37185 	3.44259 	2.092e-05 	1.221e-04 	2.088e-05 	2.528e-06 	3.485e-04 	3.620e-09 	2.854e-09 
0.39195 	3.62867 	1.431e-05 	1.278e-04 	1.427e-05 	3.589e-06 	3.476e-04 	7.399e-09 	4.993e-09 
0.41205 	3.81476 	9.475e-06 	1.312e-04 	9.441e-06 	5.062e-06 	3.463e-04 	1.433e-08 	8.614e-09 
0.43215 	4.00084 	6.122e-06 	1.325e-04 	6.092e-06 	7.225e-06 	3.442e-04 	2.568e-08 	1.443e-08 
0.45225 	4.18693 	3.922e-06 	1.313e-04 	3.897e-06 	1.063e-05 	3.409e-04 	4.190e-08 	2.316e-08 
0.47235 	4.37302 	2.545e-06 	1.271e-04 	2.524e-06 	1.621e-05 	3.353e-04 	6.246e-08 	3.546e-08 
0.49245 	4.55910 	1.705e-06 	1.189e-04 	1.687e-06 	2.525e-05 	3.262e-04 	8.670e-08 	5.196e-08 
0.51255 	4.74519 	1.189e-06 	1.057e-04 	1.173e-06 	3.896e-05 	3.124e-04 	1.155e-07 	7.332e-08 
0.53265 	4.93127 	8.599e-07 	8.753e-05 	8.457e-07 	5.750e-05 	2.938e-04 	1.527e-07 	1.002e-07 
0.55275 	5.11736 	6.400e-07 	6.615e-05 	6.266e-07 	7.911e-05 	2.721e-04 	2.064e-07 	1.336e-07 
0.57285 	5.30345 	4.875e-07 	4.513e-05 	4.743e-07 	1.003e-04 	2.507e-04 	2.914e-07 	1.749e-07 
0.59295 	5.48953 	3.801e-07 	2.795e-05 	3.665e-07 	1.176e-04 	2.331e-04 	4.308e-07 	2.266e-07 
0.61305 	5.67562 	3.029e-07 	1.617e-05 	2.887e-07 	1.295e-04 	2.207e-04 	6.554e-07 	2.923e-07 
0.63315 	5.86170 	2.456e-07 	9.143e-06 	2.303e-07 	1.365e-04 	2.128e-04 	9.955e-07 	3.759e-07 
0.65325 	6.04779 	2.015e-07 	5.289e-06 	1.847e-07 	1.404e-04 	2.079e-04 	1.476e-06 	4.807e-07 
0.67335 	6.23387 	1.670e-07 	3.214e-06 	1.484e-07 	1.426e-04 	2.043e-04 	2.123e-06 	6.078e-07 
0.69345 	6.41996 	1.400e-07 	2.066e-06 	1.194e-07 	1.437e-04 	2.013e-04 	2.970e-06 	7.559e-07 
0.71355 	6.60605 	1.192e-07 	1.400e-06 	9.625e-08 	1.444e-04 	1.983e-04 	4.058e-06 	9.197e-07 
0.73365 	6.79213 	1.032e-07 	9.910e-07 	7.789e-08 	1.448e-04 	1.949e-04 	5.440e-06 	1.090e-06 
0.75375 	6.97822 	9.111e-08 	7.276e-07 	6.337e-08 	1.451e-04 	1.910e-04 	7.164e-06 	1.257e-06 
0.77385 	7.16430 	8.196e-08 	5.509e-07 	5.195e-08 	1.453e-04 	1.865e-04 	9.268e-06 	1.409e-06 
0.79395 	7.35039 	7.510e-08 	4.289e-07 	4.300e-08 	1.454e-04 	1.812e-04 	1.176e-05 	1.536e-06 
0.81405 	7.53647 	6.998e-08 	3.432e-07 	3.604e-08 	1.455e-04 	1.754e-04 	1.459e-05 	1.633e-06 
0.83415 	7.72256 	6.621e-08 	2.824e-07 	3.069e-08 	1.456e-04 	1.691e-04 	1.766e-05 	1.700e-06 
0.85425 	7.90865 	6.346e-08 	2.391e-07 	2.661e-08 	1.456e-04 	1.627e-04 	2.082e-05 	1.738e-06 
0.87435 	8.09473 	6.147e-08 	2.082e-07 	2.356e-08 	1.457e-04 	1.565e-04 	2.388e-05 	1.754e-06 
0.89445 	8.28082 	6.006e-08 	1.862e-07 	2.130e-08 	1.457e-04 	1.509e-04 	2.668e-05 	1.756e-06 
0.91455 	8.46690 	5.906e-08 	1.706e-07 	1.964e-08 	1.457e-04 	1.460e-04 	2.912e-05 	1.748e-06 
0.93465 	8.65299 	5.836e-08 	1.594e-07 	1.844e-08 	1.457e-04 	1.419e-04 	3.116e-05 	1.737e-06 
0.95475 	8.83908 	5.787e-08 	1.515e-07 	1.757e-08 	1.457e-04 	1.387e-04 	3.278e-05 	1.725e-06 
0.97485 	9.02516 	5.752e-08 	1.459e-07 	1.694e-08 	1.457e-04 	1.362e-04 	3.405e-05 	1.715e-06 
0.99495 	9.21125 	5.728e-08 	1.418e-07 	1.649e-08 	1.457e-04 	1.342e-04 	3.502e-05 	1.706e-06 
1.01505 	9.39733 	5.710e-08 	1.390e-07 	1.617e-08 	1.458e-04 	1.328e-04 	3.574e-05 	1.699e-06 
1.03515 	9.58342 	5.698e-08 	1.369e-07 	1.594e-08 	1.458e-04 	1.317e-04 	3.627e-05 	1.693e-06 
1.05525 	9.76950 	5.690e-08 	1.355e-07 	1.577e-08 	1.458e-04 	1.309e-04 	3.666e-05 	1.689e-06 
1.07535 	9.95559 	5.683e-08 	1.344e-07 	1.565e-08 	1.458e-04 	1.304e-04 	3.695e-05 	1.686e-06 
1.09545 	10.14168 	5.679e-08 	1.337e-07 	1.557e-08 	1.458e-04 	1.300e-04 	3.715e-05 	1.684e-06 
1.11555 	10.32776 	5.676e-08 	1.332e-07 	1.551e-08 	1.458e-04 	1.297e-04 	3.730e-05 	1.683e-06 
1.13565 	10.51385 	5.674e-08 	1.328e-07 	1.547e-08 	1.458e-04 	1.295e-04 	3.741e-05 	1.682e-06 
1.15575 	10.69993 	5.672e-08 	1.325e-07 	1.543e-08 	1.458e-04 	1.293e-04 	3.749e-05 	1.681e-06 
1.17585 	10.88602 	5.671e-08 	1.323e-07 	1.541e-08 	1.458e-04 	1.292e-04 	3.754e-05 	1.680e-06 
1.19595 	11.07211 	5.670e-08 	1.322e-07 	1.540e-08 	1.458e-04 	1.291e-04 	3.758e-05 	1.680e-06 
1.21605 	11.25819 	5.669e-08 	1.321e-07 	1.538e-08 	1.458e-04 	1.291e-04 	3.761e-05 	1.680e-06 
1.23615 	11.44428 	5.669e-08 	1.320e-07 	1.538e-08 	1.458e-04 	1.290e-04 	3.763e-05 	1.679e-06 
1.25625 	11.63036 	5.669e-08 	1.319e-07 	1.537e-08 	1.458e-04 	1.290e-04 	3.764e-05 	1.679e-06 
1.27635 	11.81645 	5.668e-08 	1.319e-07 	1.537e-08 	1.458e-04 	1.290e-04 	3.765e-05 	1.679e-06 
1.29645 	12.00253 	5.668e-08 	1.319e-07 	1.536e-08 	1.458e-04 	1.290e-04 	3.766e-05 	1.679e-06 
1.31655 	12.18862 	5.668e-08 	1.319e-07 	1.536e-08 	1.458e-04 	1.289e-04 	3.767e-05 	1.679e-06 
1.33665 	12.37471 	5.668e-08 	1.318e-07 	1.536e-08 	1.458e-04 	1.289e-04 	3.767e-05 	1.679e-06 
1.35675 	12.56079 	5.668e-08 	1.318e-07 	1.536e-08 	1.458e-04 	1.289e-04 	3.767e-05 	1.679e-06 
1.37685 	12.74688 	5.668e-08 	1.318e-07 	1.536e-08 	1.458e-04 	1.289e-04 	3.768e-05 	1.679e-06 
1.39695 	12.93296 	5.668e-08 	1.318e-07 	1.536e-08 	1.458e-04 	1.289e-04 	3.768e-05 	1.679e-06 
1.41705 	13.11905 	5.668e-08 	1.318e-07 	1.536e-08 	1.458e-04 	1.289e-04 	3.768e-05 	1.679e-06 
1.43715 	13.30513 	5.668e-08 	1.318e-07 	1.536e-08 	1.458e-04 	1.289e-04 	3.768e-05 	1.679e-06 
1.45725 	13.49122 	5.668e-08 	1.318e-07 	1.536e-08 	1.458e-04 	1.289e-04 	3.768e-05 	1.679e-06 
1.47735 	13.67731 	5.668e-08 	1.318e-07 	1.536e-08 	1.458e-04 	1.289e-04 	3.768e-05 	1.679e-06 
1.49745 	13.86339 	5.668e-08 	1.318e-07 	1.536e-08 	1.458e-04 	1.289e-04 	3.768e-05 	1.679e-06 
1.51755 	14.04948 	5.668e-08 	1.318e-07 	1.536e-08 	1.458e-04 	1.289e-04 	3.768e-05 	1.679e-06 
1.53765 	14.23556 	5.668e-08 	1.318e-07 	1.536e-08 	1.458e-04 	1.289e-04 	3.768e-05 	1.679e-06 
1.55775 	14.42165 	5.668e-08 	1.318e-07 	1.536e-08 	1.458e-04 	1.289e-04 	3.768e-05 	1.679e-06 
1.57785 	14.60774 	5.668e-08 	1.318e-07 	1.536e-08 	1.458e-04 	1.289e-04 	3.768e-05 	1.679e-06 
1.59795 	14.79382 	5.668e-08 	1.318e-07 	1.536e-08 	1.458e-04 	1.289e-04 	3.768e-05 	1.679e-06 
1.61805 	14.97991 	5.668e-08 	1.318e-07 	1.536e-08 	1.458e-04 	1.289e-04 	3.768e-05 	1.679e-06 
1.63815 	15.16599 	5.668e-08 	1.318e-07 	1.536e-08 	1.458e-04 	1.289e-04 	3.768e-05 	1.679e-06 
1.65825 	15.35208 	5.668e-08 	1.318e-07 	1.536e-08 	1.458e-04 	1.289e-04 	3.768e-05 	1.679e-06 
1.67835 	15.53816 	5.668e-08 	1.318e-07 	1.536e-08 	1.458e-04 	1.289e-04 	3.768e-05 	1.679e-06 
1.69845 	15.72425 	5.668e-08 	1.318e-07 	1.536e-08 	1.458e-04 	1.289e-04 	3.768e-05 	1.679e-06 
1.71855 	15.91034 	5.668e-08 	1.318e-07 	1.536e-08 	1.458e-04 	1.289e-04 	3.768e-05 	1.679e-06 
1.73865 	16.09642 	5.668e-08 	1.318e-07 	1.536e-08 	1.458e-04 	1.289e-04 	3.768e-05 	1.679e-06 
1.75875 	16.28251 	5.668e-08 	1.318e-07 	1.536e-08 	1.458e-04 	1.289e-04 	3.768e-05 	1.679e-06 
1.77885 	16.46859 	5.668e-08 	1.318e-07 	1.536e-08 	1.458e-04 	1.289e-04 	3.768e-05 	1.679e-06 
1.79895 	16.65468 	5.668e-08 	1.318e-07 	1.536e-08 	1.458e-04 	1.289e-04 	3.768e-05 	1.679e-06 
1.81905 	16.84076 	5.668e-08 	1.318e-07 	1.536e-08 	1.458e-04 	1.289e-04 	3.768e-05 	1.679e-06 
1.83915 	17.02685 	5.668e-08 	1.318e-07 	1.536e-08 	1.458e-04 	1.289e-04 	3.768e-05 	1.679e-06 
1.85925 	17.21294 	5.668e-08 	1.318e-07 	1.536e-08 	1.458e-04 	1.289e-04 	3.768e-05 	1.679e-06 
1.87935 	17.39902 	5.668e-08 	1.318e-07 	1.536e-08 	1.458e-04 	1.289e-04 	3.768e-05 	1.679e-06 
1.89945 	17.58511 	5.668e-08 	1.318e-07 	1.536e-08 	1.458e-04 	1.289e-04 	3.768e-05 	1.679e-06 
1.91955 	17.77119 	5.668e-08 	1.318e-07 	1.536e-08 	1.458e-04 	1.289e-04 	3.768e-05 	1.679e-06 
1.93965 	17.95728 	5.668e-08 	1.318e-07 	1.536e-08 	1.458e-04 	1.289e-04 	3.768e-05 	1.679e-06 
1.95975 	18.14337 	5.668e-08 	1.318e-07 	1.536e-08 	1.458e-04 	1.289e-04 	3.768e-05 	1.679e-06 
1.97985 	18.32945 	5.668e-08 	1.318e-07 	1.536e-08 	1.458e-04 	1.289e-04 	3.768e-05 	1.679e-06 
1.99995 	18.51554 	5.668e-08 	1.318e-07 	1.536e-08 	1.458e-04 	1.289e-04 	3.768e-05 	1.679e-06 
