n = 7.0e+02, Tgas =  15.0, Tdust =  15.0, Go =  10.0
pc 	Av 	e- 	C 	C+ 	CO 	O 	O2 	H2O 
0.01005 	0.01086 	1.417e-04 	1.644e-07 	1.414e-04 	9.891e-11 	3.411e-04 	9.385e-14 	1.612e-11 
0.03015 	0.03257 	1.417e-04 	1.754e-07 	1.414e-04 	1.063e-10 	3.411e-04 	1.011e-13 	1.672e-11 
0.05025 	0.05428 	1.417e-04 	1.872e-07 	1.414e-04 	1.142e-10 	3.412e-04 	1.090e-13 	1.735e-11 
0.07035 	0.07599 	1.417e-04 	1.998e-07 	1.413e-04 	1.228e-10 	3.412e-04 	1.175e-13 	1.800e-11 
0.09045 	0.09770 	1.417e-04 	2.132e-07 	1.413e-04 	1.320e-10 	3.412e-04 	1.266e-13 	1.868e-11 
0.11055 	0.11941 	1.417e-04 	2.276e-07 	1.413e-04 	1.419e-10 	3.412e-04 	1.364e-13 	1.938e-11 
0.13065 	0.14112 	1.417e-04 	2.428e-07 	1.413e-04 	1.526e-10 	3.412e-04 	1.469e-13 	2.010e-11 
0.15075 	0.16283 	1.417e-04 	2.591e-07 	1.413e-04 	1.641e-10 	3.412e-04 	1.583e-13 	2.085e-11 
0.17085 	0.18454 	1.417e-04 	2.765e-07 	1.413e-04 	1.765e-10 	3.413e-04 	1.705e-13 	2.163e-11 
0.19095 	0.20625 	1.416e-04 	2.951e-07 	1.413e-04 	1.898e-10 	3.413e-04 	1.837e-13 	2.244e-11 
0.21105 	0.22796 	1.416e-04 	3.149e-07 	1.413e-04 	2.042e-10 	3.413e-04 	1.979e-13 	2.328e-11 
0.23115 	0.24967 	1.416e-04 	3.360e-07 	1.413e-04 	2.198e-10 	3.413e-04 	2.131e-13 	2.415e-11 
0.25125 	0.27138 	1.416e-04 	3.585e-07 	1.412e-04 	2.365e-10 	3.413e-04 	2.296e-13 	2.505e-11 
0.27135 	0.29309 	1.416e-04 	3.825e-07 	1.412e-04 	2.545e-10 	3.413e-04 	2.472e-13 	2.598e-11 
0.29145 	0.31480 	1.415e-04 	4.082e-07 	1.412e-04 	2.739e-10 	3.413e-04 	2.662e-13 	2.695e-11 
0.31155 	0.33651 	1.415e-04 	4.355e-07 	1.412e-04 	2.949e-10 	3.413e-04 	2.867e-13 	2.796e-11 
0.33165 	0.35822 	1.415e-04 	4.646e-07 	1.412e-04 	3.175e-10 	3.414e-04 	3.087e-13 	2.900e-11 
0.35175 	0.37993 	1.415e-04 	4.957e-07 	1.411e-04 	3.419e-10 	3.414e-04 	3.324e-13 	3.008e-11 
0.37185 	0.40164 	1.414e-04 	5.289e-07 	1.411e-04 	3.682e-10 	3.414e-04 	3.579e-13 	3.119e-11 
0.39195 	0.42335 	1.414e-04 	5.642e-07 	1.411e-04 	3.965e-10 	3.414e-04 	3.853e-13 	3.235e-11 
0.41205 	0.44506 	1.414e-04 	6.019e-07 	1.410e-04 	4.271e-10 	3.414e-04 	4.147e-13 	3.356e-11 
0.43215 	0.46677 	1.413e-04 	6.421e-07 	1.410e-04 	4.601e-10 	3.414e-04 	4.464e-13 	3.480e-11 
0.45225 	0.48848 	1.413e-04 	6.850e-07 	1.410e-04 	4.957e-10 	3.414e-04 	4.805e-13 	3.609e-11 
0.47235 	0.51019 	1.413e-04 	7.307e-07 	1.409e-04 	5.341e-10 	3.414e-04 	5.171e-13 	3.743e-11 
0.49245 	0.53190 	1.412e-04 	7.794e-07 	1.409e-04 	5.755e-10 	3.414e-04 	5.565e-13 	3.882e-11 
0.51255 	0.55361 	1.412e-04 	8.313e-07 	1.408e-04 	6.202e-10 	3.415e-04 	5.988e-13 	4.026e-11 
0.53265 	0.57532 	1.411e-04 	8.866e-07 	1.408e-04 	6.684e-10 	3.415e-04 	6.443e-13 	4.175e-11 
0.55275 	0.59703 	1.411e-04 	9.456e-07 	1.407e-04 	7.205e-10 	3.415e-04 	6.932e-13 	4.330e-11 
0.57285 	0.61874 	1.410e-04 	1.008e-06 	1.407e-04 	7.767e-10 	3.415e-04 	7.457e-13 	4.490e-11 
0.59295 	0.64045 	1.409e-04 	1.075e-06 	1.406e-04 	8.373e-10 	3.415e-04 	8.021e-13 	4.656e-11 
0.61305 	0.66216 	1.409e-04 	1.147e-06 	1.405e-04 	9.028e-10 	3.415e-04 	8.628e-13 	4.829e-11 
0.63315 	0.68387 	1.408e-04 	1.223e-06 	1.405e-04 	9.734e-10 	3.415e-04 	9.279e-13 	5.007e-11 
0.65325 	0.70558 	1.407e-04 	1.304e-06 	1.404e-04 	1.050e-09 	3.415e-04 	9.978e-13 	5.193e-11 
0.67335 	0.72729 	1.406e-04 	1.390e-06 	1.403e-04 	1.132e-09 	3.415e-04 	1.073e-12 	5.385e-11 
0.69345 	0.74900 	1.406e-04 	1.482e-06 	1.402e-04 	1.221e-09 	3.415e-04 	1.154e-12 	5.584e-11 
0.71355 	0.77071 	1.405e-04 	1.579e-06 	1.401e-04 	1.317e-09 	3.416e-04 	1.240e-12 	5.790e-11 
0.73365 	0.79242 	1.404e-04 	1.683e-06 	1.400e-04 	1.420e-09 	3.416e-04 	1.333e-12 	6.004e-11 
0.75375 	0.81413 	1.402e-04 	1.794e-06 	1.399e-04 	1.532e-09 	3.416e-04 	1.433e-12 	6.226e-11 
0.77385 	0.83584 	1.401e-04 	1.912e-06 	1.398e-04 	1.653e-09 	3.416e-04 	1.540e-12 	6.456e-11 
0.79395 	0.85755 	1.400e-04 	2.037e-06 	1.397e-04 	1.783e-09 	3.416e-04 	1.655e-12 	6.695e-11 
0.81405 	0.87926 	1.399e-04 	2.170e-06 	1.395e-04 	1.924e-09 	3.416e-04 	1.778e-12 	6.943e-11 
0.83415 	0.90097 	1.397e-04 	2.312e-06 	1.394e-04 	2.076e-09 	3.416e-04 	1.910e-12 	7.200e-11 
0.85425 	0.92268 	1.396e-04 	2.463e-06 	1.393e-04 	2.240e-09 	3.416e-04 	2.052e-12 	7.466e-11 
0.87435 	0.94439 	1.394e-04 	2.623e-06 	1.391e-04 	2.417e-09 	3.416e-04 	2.205e-12 	7.743e-11 
0.89445 	0.96610 	1.393e-04 	2.794e-06 	1.389e-04 	2.608e-09 	3.417e-04 	2.368e-12 	8.030e-11 
0.91455 	0.98781 	1.391e-04 	2.974e-06 	1.388e-04 	2.814e-09 	3.417e-04 	2.543e-12 	8.328e-11 
0.93465 	1.00952 	1.389e-04 	3.167e-06 	1.386e-04 	3.036e-09 	3.417e-04 	2.731e-12 	8.637e-11 
0.95475 	1.03123 	1.387e-04 	3.371e-06 	1.384e-04 	3.276e-09 	3.417e-04 	2.932e-12 	8.958e-11 
0.97485 	1.05294 	1.385e-04 	3.587e-06 	1.382e-04 	3.536e-09 	3.417e-04 	3.148e-12 	9.291e-11 
0.99495 	1.07465 	1.383e-04 	3.817e-06 	1.379e-04 	3.815e-09 	3.417e-04 	3.379e-12 	9.637e-11 
1.01505 	1.09636 	1.380e-04 	4.061e-06 	1.377e-04 	4.117e-09 	3.417e-04 	3.627e-12 	9.996e-11 
1.03515 	1.11807 	1.378e-04 	4.319e-06 	1.375e-04 	4.443e-09 	3.418e-04 	3.893e-12 	1.037e-10 
1.05525 	1.13978 	1.375e-04 	4.593e-06 	1.372e-04 	4.794e-09 	3.418e-04 	4.177e-12 	1.076e-10 
1.07535 	1.16149 	1.372e-04 	4.883e-06 	1.369e-04 	5.173e-09 	3.418e-04 	4.483e-12 	1.116e-10 
1.09545 	1.18320 	1.369e-04 	5.191e-06 	1.366e-04 	5.582e-09 	3.418e-04 	4.810e-12 	1.158e-10 
1.11555 	1.20491 	1.366e-04 	5.516e-06 	1.363e-04 	6.023e-09 	3.418e-04 	5.161e-12 	1.201e-10 
1.13565 	1.22662 	1.363e-04 	5.860e-06 	1.359e-04 	6.498e-09 	3.419e-04 	5.536e-12 	1.247e-10 
1.15575 	1.24833 	1.359e-04 	6.224e-06 	1.356e-04 	7.010e-09 	3.419e-04 	5.939e-12 	1.294e-10 
1.17585 	1.27004 	1.356e-04 	6.608e-06 	1.352e-04 	7.563e-09 	3.419e-04 	6.371e-12 	1.343e-10 
1.19595 	1.29175 	1.352e-04 	7.014e-06 	1.348e-04 	8.159e-09 	3.419e-04 	6.833e-12 	1.394e-10 
1.21605 	1.31346 	1.347e-04 	7.443e-06 	1.344e-04 	8.800e-09 	3.419e-04 	7.329e-12 	1.447e-10 
1.23615 	1.33517 	1.343e-04 	7.895e-06 	1.340e-04 	9.492e-09 	3.420e-04 	7.860e-12 	1.503e-10 
1.25625 	1.35688 	1.338e-04 	8.372e-06 	1.335e-04 	1.024e-08 	3.420e-04 	8.430e-12 	1.561e-10 
1.27635 	1.37859 	1.333e-04 	8.874e-06 	1.330e-04 	1.104e-08 	3.420e-04 	9.040e-12 	1.621e-10 
1.29645 	1.40030 	1.328e-04 	9.403e-06 	1.325e-04 	1.190e-08 	3.421e-04 	9.695e-12 	1.684e-10 
1.31655 	1.42201 	1.323e-04 	9.959e-06 	1.319e-04 	1.283e-08 	3.421e-04 	1.040e-11 	1.750e-10 
1.33665 	1.44372 	1.317e-04 	1.054e-05 	1.314e-04 	1.383e-08 	3.421e-04 	1.115e-11 	1.818e-10 
1.35675 	1.46543 	1.311e-04 	1.116e-05 	1.308e-04 	1.491e-08 	3.421e-04 	1.196e-11 	1.890e-10 
1.37685 	1.48714 	1.305e-04 	1.180e-05 	1.301e-04 	1.607e-08 	3.422e-04 	1.282e-11 	1.965e-10 
1.39695 	1.50885 	1.298e-04 	1.248e-05 	1.295e-04 	1.732e-08 	3.422e-04 	1.375e-11 	2.043e-10 
1.41705 	1.53056 	1.291e-04 	1.318e-05 	1.288e-04 	1.865e-08 	3.423e-04 	1.475e-11 	2.125e-10 
1.43715 	1.55227 	1.284e-04 	1.392e-05 	1.280e-04 	2.009e-08 	3.423e-04 	1.582e-11 	2.211e-10 
1.45725 	1.57398 	1.276e-04 	1.470e-05 	1.273e-04 	2.164e-08 	3.423e-04 	1.697e-11 	2.300e-10 
1.47735 	1.59569 	1.268e-04 	1.551e-05 	1.265e-04 	2.330e-08 	3.424e-04 	1.821e-11 	2.395e-10 
1.49745 	1.61740 	1.260e-04 	1.635e-05 	1.257e-04 	2.509e-08 	3.424e-04 	1.954e-11 	2.493e-10 
1.51755 	1.63911 	1.251e-04 	1.723e-05 	1.248e-04 	2.700e-08 	3.425e-04 	2.097e-11 	2.597e-10 
1.53765 	1.66082 	1.242e-04 	1.814e-05 	1.239e-04 	2.906e-08 	3.425e-04 	2.250e-11 	2.706e-10 
1.55775 	1.68253 	1.233e-04 	1.910e-05 	1.230e-04 	3.126e-08 	3.426e-04 	2.415e-11 	2.820e-10 
1.57785 	1.70424 	1.223e-04 	2.008e-05 	1.220e-04 	3.362e-08 	3.426e-04 	2.593e-11 	2.941e-10 
1.59795 	1.72595 	1.213e-04 	2.111e-05 	1.210e-04 	3.616e-08 	3.427e-04 	2.785e-11 	3.067e-10 
1.61805 	1.74766 	1.203e-04 	2.217e-05 	1.200e-04 	3.887e-08 	3.427e-04 	2.991e-11 	3.200e-10 
1.63815 	1.76937 	1.192e-04 	2.327e-05 	1.189e-04 	4.178e-08 	3.428e-04 	3.214e-11 	3.340e-10 
1.65825 	1.79108 	1.181e-04 	2.441e-05 	1.178e-04 	4.489e-08 	3.428e-04 	3.454e-11 	3.488e-10 
1.67835 	1.81279 	1.170e-04 	2.559e-05 	1.166e-04 	4.822e-08 	3.429e-04 	3.713e-11 	3.644e-10 
1.69845 	1.83450 	1.158e-04 	2.680e-05 	1.154e-04 	5.178e-08 	3.430e-04 	3.992e-11 	3.808e-10 
1.71855 	1.85621 	1.145e-04 	2.805e-05 	1.142e-04 	5.559e-08 	3.430e-04 	4.294e-11 	3.982e-10 
1.73865 	1.87792 	1.133e-04 	2.933e-05 	1.129e-04 	5.966e-08 	3.431e-04 	4.620e-11 	4.165e-10 
1.75875 	1.89963 	1.120e-04 	3.065e-05 	1.116e-04 	6.401e-08 	3.432e-04 	4.973e-11 	4.359e-10 
1.77885 	1.92134 	1.107e-04 	3.200e-05 	1.103e-04 	6.865e-08 	3.432e-04 	5.354e-11 	4.564e-10 
1.79895 	1.94305 	1.093e-04 	3.338e-05 	1.089e-04 	7.361e-08 	3.433e-04 	5.767e-11 	4.780e-10 
1.81905 	1.96476 	1.079e-04 	3.480e-05 	1.076e-04 	7.889e-08 	3.434e-04 	6.215e-11 	5.010e-10 
1.83915 	1.98647 	1.065e-04 	3.625e-05 	1.061e-04 	8.453e-08 	3.434e-04 	6.699e-11 	5.253e-10 
1.85925 	2.00818 	1.050e-04 	3.773e-05 	1.047e-04 	9.054e-08 	3.435e-04 	7.225e-11 	5.510e-10 
1.87935 	2.02989 	1.036e-04 	3.923e-05 	1.032e-04 	9.694e-08 	3.436e-04 	7.795e-11 	5.783e-10 
1.89945 	2.05160 	1.021e-04 	4.076e-05 	1.017e-04 	1.038e-07 	3.437e-04 	8.414e-11 	6.073e-10 
1.91955 	2.07331 	1.005e-04 	4.232e-05 	1.002e-04 	1.110e-07 	3.438e-04 	9.086e-11 	6.380e-10 
1.93965 	2.09502 	9.897e-05 	4.390e-05 	9.860e-05 	1.187e-07 	3.438e-04 	9.817e-11 	6.706e-10 
1.95975 	2.11673 	9.739e-05 	4.551e-05 	9.703e-05 	1.269e-07 	3.439e-04 	1.061e-10 	7.052e-10 
1.97985 	2.13844 	9.580e-05 	4.713e-05 	9.543e-05 	1.357e-07 	3.440e-04 	1.148e-10 	7.420e-10 
1.99995 	2.16015 	9.418e-05 	4.877e-05 	9.381e-05 	1.449e-07 	3.441e-04 	1.242e-10 	7.811e-10 
