n = 1.0e+03, Tgas =  16.5, Tdust =  16.5, Go =   1.0
pc 	Av 	e- 	C 	C+ 	CO 	O 	O2 	H2O 
0.01005 	0.01551 	1.401e-04 	2.210e-06 	1.398e-04 	1.284e-08 	3.427e-04 	1.136e-11 	1.498e-10 
0.03015 	0.04652 	1.399e-04 	2.419e-06 	1.396e-04 	1.435e-08 	3.427e-04 	1.243e-11 	1.568e-10 
0.05025 	0.07754 	1.396e-04 	2.646e-06 	1.394e-04 	1.603e-08 	3.427e-04 	1.358e-11 	1.642e-10 
0.07035 	0.10855 	1.394e-04 	2.895e-06 	1.392e-04 	1.791e-08 	3.428e-04 	1.484e-11 	1.719e-10 
0.09045 	0.13956 	1.391e-04 	3.166e-06 	1.389e-04 	2.000e-08 	3.428e-04 	1.619e-11 	1.799e-10 
0.11055 	0.17058 	1.388e-04 	3.461e-06 	1.386e-04 	2.234e-08 	3.428e-04 	1.767e-11 	1.883e-10 
0.13065 	0.20159 	1.385e-04 	3.782e-06 	1.383e-04 	2.495e-08 	3.428e-04 	1.926e-11 	1.970e-10 
0.15075 	0.23261 	1.382e-04 	4.131e-06 	1.379e-04 	2.785e-08 	3.428e-04 	2.098e-11 	2.061e-10 
0.17085 	0.26362 	1.378e-04 	4.511e-06 	1.375e-04 	3.109e-08 	3.428e-04 	2.284e-11 	2.156e-10 
0.19095 	0.29464 	1.374e-04 	4.923e-06 	1.371e-04 	3.469e-08 	3.429e-04 	2.485e-11 	2.255e-10 
0.21105 	0.32565 	1.369e-04 	5.370e-06 	1.367e-04 	3.871e-08 	3.429e-04 	2.702e-11 	2.358e-10 
0.23115 	0.35666 	1.364e-04 	5.855e-06 	1.362e-04 	4.317e-08 	3.429e-04 	2.937e-11 	2.466e-10 
0.25125 	0.38768 	1.359e-04 	6.381e-06 	1.357e-04 	4.814e-08 	3.429e-04 	3.190e-11 	2.579e-10 
0.27135 	0.41869 	1.353e-04 	6.948e-06 	1.351e-04 	5.366e-08 	3.429e-04 	3.463e-11 	2.696e-10 
0.29145 	0.44971 	1.347e-04 	7.562e-06 	1.345e-04 	5.979e-08 	3.430e-04 	3.758e-11 	2.820e-10 
0.31155 	0.48072 	1.341e-04 	8.224e-06 	1.338e-04 	6.660e-08 	3.430e-04 	4.076e-11 	2.949e-10 
0.33165 	0.51174 	1.334e-04 	8.937e-06 	1.331e-04 	7.416e-08 	3.430e-04 	4.420e-11 	3.084e-10 
0.35175 	0.54275 	1.326e-04 	9.704e-06 	1.324e-04 	8.254e-08 	3.430e-04 	4.791e-11 	3.226e-10 
0.37185 	0.57376 	1.318e-04 	1.053e-05 	1.315e-04 	9.183e-08 	3.431e-04 	5.191e-11 	3.375e-10 
0.39195 	0.60478 	1.309e-04 	1.141e-05 	1.307e-04 	1.021e-07 	3.431e-04 	5.624e-11 	3.532e-10 
0.41205 	0.63579 	1.299e-04 	1.236e-05 	1.297e-04 	1.135e-07 	3.431e-04 	6.092e-11 	3.698e-10 
0.43215 	0.66681 	1.289e-04 	1.337e-05 	1.287e-04 	1.261e-07 	3.432e-04 	6.598e-11 	3.872e-10 
0.45225 	0.69782 	1.279e-04 	1.444e-05 	1.276e-04 	1.400e-07 	3.432e-04 	7.146e-11 	4.057e-10 
0.47235 	0.72884 	1.267e-04 	1.559e-05 	1.265e-04 	1.553e-07 	3.433e-04 	7.741e-11 	4.252e-10 
0.49245 	0.75985 	1.255e-04 	1.681e-05 	1.253e-04 	1.722e-07 	3.433e-04 	8.385e-11 	4.459e-10 
0.51255 	0.79086 	1.242e-04 	1.810e-05 	1.240e-04 	1.909e-07 	3.433e-04 	9.086e-11 	4.679e-10 
0.53265 	0.82188 	1.228e-04 	1.946e-05 	1.226e-04 	2.114e-07 	3.434e-04 	9.848e-11 	4.912e-10 
0.55275 	0.85289 	1.214e-04 	2.090e-05 	1.212e-04 	2.339e-07 	3.434e-04 	1.068e-10 	5.161e-10 
0.57285 	0.88391 	1.199e-04 	2.241e-05 	1.197e-04 	2.586e-07 	3.435e-04 	1.158e-10 	5.427e-10 
0.59295 	0.91492 	1.183e-04 	2.400e-05 	1.181e-04 	2.858e-07 	3.435e-04 	1.257e-10 	5.711e-10 
0.61305 	0.94594 	1.166e-04 	2.566e-05 	1.164e-04 	3.155e-07 	3.436e-04 	1.365e-10 	6.016e-10 
0.63315 	0.97695 	1.149e-04 	2.739e-05 	1.146e-04 	3.480e-07 	3.436e-04 	1.484e-10 	6.342e-10 
0.65325 	1.00796 	1.131e-04 	2.919e-05 	1.128e-04 	3.836e-07 	3.437e-04 	1.614e-10 	6.693e-10 
0.67335 	1.03898 	1.112e-04 	3.107e-05 	1.109e-04 	4.223e-07 	3.437e-04 	1.757e-10 	7.071e-10 
0.69345 	1.06999 	1.092e-04 	3.300e-05 	1.090e-04 	4.646e-07 	3.438e-04 	1.915e-10 	7.478e-10 
0.71355 	1.10101 	1.072e-04 	3.501e-05 	1.070e-04 	5.106e-07 	3.438e-04 	2.089e-10 	7.917e-10 
0.73365 	1.13202 	1.051e-04 	3.707e-05 	1.049e-04 	5.606e-07 	3.439e-04 	2.281e-10 	8.391e-10 
0.75375 	1.16304 	1.030e-04 	3.918e-05 	1.027e-04 	6.149e-07 	3.439e-04 	2.493e-10 	8.904e-10 
0.77385 	1.19405 	1.008e-04 	4.134e-05 	1.005e-04 	6.737e-07 	3.439e-04 	2.729e-10 	9.460e-10 
0.79395 	1.22506 	9.851e-05 	4.355e-05 	9.828e-05 	7.374e-07 	3.440e-04 	2.991e-10 	1.006e-09 
0.81405 	1.25608 	9.621e-05 	4.580e-05 	9.598e-05 	8.062e-07 	3.440e-04 	3.281e-10 	1.072e-09 
0.83415 	1.28709 	9.387e-05 	4.808e-05 	9.364e-05 	8.806e-07 	3.440e-04 	3.605e-10 	1.143e-09 
0.85425 	1.31811 	9.150e-05 	5.039e-05 	9.127e-05 	9.607e-07 	3.440e-04 	3.966e-10 	1.220e-09 
0.87435 	1.34912 	8.910e-05 	5.272e-05 	8.887e-05 	1.047e-06 	3.441e-04 	4.369e-10 	1.304e-09 
0.89445 	1.38014 	8.667e-05 	5.507e-05 	8.645e-05 	1.140e-06 	3.441e-04 	4.819e-10 	1.396e-09 
0.91455 	1.41115 	8.423e-05 	5.742e-05 	8.401e-05 	1.239e-06 	3.440e-04 	5.323e-10 	1.496e-09 
0.93465 	1.44216 	8.178e-05 	5.978e-05 	8.155e-05 	1.346e-06 	3.440e-04 	5.887e-10 	1.605e-09 
0.95475 	1.47318 	7.931e-05 	6.214e-05 	7.909e-05 	1.460e-06 	3.440e-04 	6.521e-10 	1.724e-09 
0.97485 	1.50419 	7.685e-05 	6.448e-05 	7.663e-05 	1.582e-06 	3.440e-04 	7.231e-10 	1.855e-09 
0.99495 	1.53521 	7.439e-05 	6.681e-05 	7.417e-05 	1.713e-06 	3.439e-04 	8.031e-10 	1.997e-09 
1.01505 	1.56622 	7.194e-05 	6.912e-05 	7.172e-05 	1.852e-06 	3.439e-04 	8.929e-10 	2.153e-09 
1.03515 	1.59724 	6.950e-05 	7.140e-05 	6.928e-05 	2.000e-06 	3.438e-04 	9.942e-10 	2.323e-09 
1.05525 	1.62825 	6.708e-05 	7.365e-05 	6.686e-05 	2.158e-06 	3.437e-04 	1.108e-09 	2.510e-09 
1.07535 	1.65927 	6.468e-05 	7.586e-05 	6.447e-05 	2.325e-06 	3.436e-04 	1.237e-09 	2.715e-09 
1.09545 	1.69028 	6.231e-05 	7.803e-05 	6.210e-05 	2.503e-06 	3.435e-04 	1.382e-09 	2.939e-09 
1.11555 	1.72129 	5.998e-05 	8.015e-05 	5.977e-05 	2.692e-06 	3.433e-04 	1.546e-09 	3.186e-09 
1.13565 	1.75231 	5.767e-05 	8.222e-05 	5.746e-05 	2.892e-06 	3.432e-04 	1.731e-09 	3.456e-09 
1.15575 	1.78332 	5.541e-05 	8.424e-05 	5.520e-05 	3.103e-06 	3.430e-04 	1.941e-09 	3.753e-09 
1.17585 	1.81434 	5.318e-05 	8.619e-05 	5.298e-05 	3.327e-06 	3.428e-04 	2.178e-09 	4.080e-09 
1.19595 	1.84535 	5.100e-05 	8.808e-05 	5.080e-05 	3.563e-06 	3.426e-04 	2.446e-09 	4.439e-09 
1.21605 	1.87637 	4.886e-05 	8.991e-05 	4.866e-05 	3.812e-06 	3.423e-04 	2.750e-09 	4.833e-09 
1.23615 	1.90738 	4.678e-05 	9.167e-05 	4.658e-05 	4.075e-06 	3.420e-04 	3.094e-09 	5.268e-09 
1.25625 	1.93839 	4.474e-05 	9.336e-05 	4.454e-05 	4.353e-06 	3.417e-04 	3.484e-09 	5.746e-09 
1.27635 	1.96941 	4.275e-05 	9.497e-05 	4.256e-05 	4.645e-06 	3.414e-04 	3.925e-09 	6.273e-09 
1.29645 	2.00042 	4.082e-05 	9.651e-05 	4.063e-05 	4.953e-06 	3.411e-04 	4.426e-09 	6.854e-09 
1.31655 	2.03144 	3.894e-05 	9.797e-05 	3.875e-05 	5.278e-06 	3.407e-04 	4.993e-09 	7.495e-09 
1.33665 	2.06245 	3.711e-05 	9.934e-05 	3.692e-05 	5.619e-06 	3.403e-04 	5.636e-09 	8.201e-09 
1.35675 	2.09347 	3.534e-05 	1.006e-04 	3.515e-05 	5.979e-06 	3.399e-04 	6.364e-09 	8.980e-09 
1.37685 	2.12448 	3.362e-05 	1.019e-04 	3.344e-05 	6.357e-06 	3.394e-04 	7.190e-09 	9.840e-09 
1.39695 	2.15549 	3.196e-05 	1.030e-04 	3.178e-05 	6.756e-06 	3.389e-04 	8.125e-09 	1.079e-08 
1.41705 	2.18651 	3.035e-05 	1.040e-04 	3.018e-05 	7.175e-06 	3.383e-04 	9.183e-09 	1.184e-08 
1.43715 	2.21752 	2.880e-05 	1.050e-04 	2.863e-05 	7.618e-06 	3.377e-04 	1.038e-08 	1.300e-08 
1.45725 	2.24854 	2.731e-05 	1.058e-04 	2.713e-05 	8.084e-06 	3.371e-04 	1.174e-08 	1.428e-08 
1.47735 	2.27955 	2.586e-05 	1.066e-04 	2.569e-05 	8.576e-06 	3.364e-04 	1.327e-08 	1.569e-08 
1.49745 	2.31057 	2.448e-05 	1.073e-04 	2.431e-05 	9.095e-06 	3.357e-04 	1.500e-08 	1.726e-08 
1.51755 	2.34158 	2.314e-05 	1.078e-04 	2.298e-05 	9.643e-06 	3.349e-04 	1.696e-08 	1.899e-08 
1.53765 	2.37259 	2.186e-05 	1.083e-04 	2.170e-05 	1.022e-05 	3.340e-04 	1.917e-08 	2.090e-08 
1.55775 	2.40361 	2.063e-05 	1.087e-04 	2.047e-05 	1.084e-05 	3.331e-04 	2.166e-08 	2.302e-08 
1.57785 	2.43462 	1.945e-05 	1.090e-04 	1.929e-05 	1.149e-05 	3.322e-04 	2.446e-08 	2.537e-08 
1.59795 	2.46564 	1.831e-05 	1.091e-04 	1.816e-05 	1.218e-05 	3.311e-04 	2.762e-08 	2.796e-08 
1.61805 	2.49665 	1.723e-05 	1.092e-04 	1.708e-05 	1.291e-05 	3.299e-04 	3.116e-08 	3.083e-08 
1.63815 	2.52767 	1.619e-05 	1.091e-04 	1.605e-05 	1.369e-05 	3.287e-04 	3.514e-08 	3.401e-08 
1.65825 	2.55868 	1.520e-05 	1.089e-04 	1.506e-05 	1.452e-05 	3.274e-04 	3.960e-08 	3.753e-08 
1.67835 	2.58969 	1.426e-05 	1.086e-04 	1.412e-05 	1.540e-05 	3.259e-04 	4.460e-08 	4.143e-08 
1.69845 	2.62071 	1.336e-05 	1.082e-04 	1.322e-05 	1.635e-05 	3.243e-04 	5.018e-08 	4.574e-08 
1.71855 	2.65172 	1.250e-05 	1.076e-04 	1.236e-05 	1.735e-05 	3.226e-04 	5.642e-08 	5.051e-08 
1.73865 	2.68274 	1.168e-05 	1.069e-04 	1.155e-05 	1.843e-05 	3.207e-04 	6.337e-08 	5.580e-08 
1.75875 	2.71375 	1.090e-05 	1.060e-04 	1.077e-05 	1.958e-05 	3.187e-04 	7.110e-08 	6.165e-08 
1.77885 	2.74477 	1.016e-05 	1.050e-04 	1.004e-05 	2.080e-05 	3.165e-04 	7.969e-08 	6.812e-08 
1.79895 	2.77578 	9.458e-06 	1.038e-04 	9.341e-06 	2.211e-05 	3.141e-04 	8.922e-08 	7.528e-08 
1.81905 	2.80679 	8.792e-06 	1.025e-04 	8.679e-06 	2.351e-05 	3.114e-04 	9.977e-08 	8.319e-08 
1.83915 	2.83781 	8.162e-06 	1.009e-04 	8.053e-06 	2.499e-05 	3.085e-04 	1.114e-07 	9.192e-08 
1.85925 	2.86882 	7.567e-06 	9.927e-05 	7.462e-06 	2.657e-05 	3.054e-04 	1.243e-07 	1.016e-07 
1.87935 	2.89984 	7.005e-06 	9.742e-05 	6.904e-06 	2.825e-05 	3.019e-04 	1.384e-07 	1.122e-07 
1.89945 	2.93085 	6.476e-06 	9.539e-05 	6.379e-06 	3.003e-05 	2.981e-04 	1.539e-07 	1.238e-07 
1.91955 	2.96187 	5.980e-06 	9.318e-05 	5.887e-06 	3.190e-05 	2.940e-04 	1.708e-07 	1.366e-07 
1.93965 	2.99288 	5.515e-06 	9.082e-05 	5.426e-06 	3.387e-05 	2.896e-04 	1.892e-07 	1.506e-07 
1.95975 	3.02389 	5.081e-06 	8.829e-05 	4.995e-06 	3.592e-05 	2.847e-04 	2.092e-07 	1.658e-07 
1.97985 	3.05491 	4.678e-06 	8.561e-05 	4.595e-06 	3.806e-05 	2.795e-04 	2.307e-07 	1.822e-07 
1.99995 	3.08592 	4.305e-06 	8.280e-05 	4.225e-06 	4.027e-05 	2.738e-04 	2.538e-07 	2.000e-07 
