n = 1.0e+03, Tgas =  24.0, Tdust =  24.0, Go = 10000.0
pc 	Av 	e- 	C 	C+ 	CO 	O 	O2 	H2O 
0.01005 	0.01551 	1.459e-04 	1.601e-10 	1.425e-04 	3.342e-15 	3.437e-04 	1.040e-19 	4.762e-15 
0.03015 	0.04652 	1.458e-04 	1.757e-10 	1.425e-04 	3.875e-15 	3.435e-04 	1.181e-19 	5.213e-15 
0.05025 	0.07754 	1.457e-04 	1.929e-10 	1.424e-04 	4.493e-15 	3.433e-04 	1.344e-19 	5.708e-15 
0.07035 	0.10855 	1.456e-04 	2.117e-10 	1.423e-04 	5.209e-15 	3.431e-04 	1.531e-19 	6.252e-15 
0.09045 	0.13956 	1.455e-04 	2.324e-10 	1.422e-04 	6.039e-15 	3.429e-04 	1.747e-19 	6.849e-15 
0.11055 	0.17058 	1.453e-04 	2.552e-10 	1.421e-04 	7.000e-15 	3.427e-04 	1.994e-19 	7.504e-15 
0.13065 	0.20159 	1.452e-04 	2.801e-10 	1.420e-04 	8.111e-15 	3.425e-04 	2.279e-19 	8.220e-15 
0.15075 	0.23261 	1.450e-04 	3.076e-10 	1.419e-04 	9.396e-15 	3.422e-04 	2.607e-19 	9.002e-15 
0.17085 	0.26362 	1.449e-04 	3.377e-10 	1.418e-04 	1.088e-14 	3.420e-04 	2.983e-19 	9.856e-15 
0.19095 	0.29464 	1.447e-04 	3.708e-10 	1.417e-04 	1.259e-14 	3.417e-04 	3.416e-19 	1.079e-14 
0.21105 	0.32565 	1.445e-04 	4.072e-10 	1.416e-04 	1.457e-14 	3.414e-04 	3.913e-19 	1.180e-14 
0.23115 	0.35666 	1.444e-04 	4.471e-10 	1.415e-04 	1.685e-14 	3.411e-04 	4.484e-19 	1.290e-14 
0.25125 	0.38768 	1.442e-04 	4.911e-10 	1.414e-04 	1.947e-14 	3.408e-04 	5.139e-19 	1.410e-14 
0.27135 	0.41869 	1.440e-04 	5.394e-10 	1.412e-04 	2.248e-14 	3.405e-04 	5.890e-19 	1.539e-14 
0.29145 	0.44971 	1.438e-04 	5.925e-10 	1.411e-04 	2.593e-14 	3.402e-04 	6.749e-19 	1.679e-14 
0.31155 	0.48072 	1.436e-04 	6.509e-10 	1.410e-04 	2.988e-14 	3.399e-04 	7.734e-19 	1.831e-14 
0.33165 	0.51174 	1.434e-04 	7.151e-10 	1.408e-04 	3.441e-14 	3.395e-04 	8.859e-19 	1.994e-14 
0.35175 	0.54275 	1.432e-04 	7.857e-10 	1.407e-04 	3.957e-14 	3.392e-04 	1.014e-18 	2.171e-14 
0.37185 	0.57376 	1.430e-04 	8.635e-10 	1.405e-04 	4.546e-14 	3.388e-04 	1.161e-18 	2.360e-14 
0.39195 	0.60478 	1.428e-04 	9.490e-10 	1.404e-04 	5.216e-14 	3.385e-04 	1.328e-18 	2.564e-14 
0.41205 	0.63579 	1.426e-04 	1.043e-09 	1.403e-04 	5.976e-14 	3.381e-04 	1.519e-18 	2.783e-14 
0.43215 	0.66681 	1.424e-04 	1.147e-09 	1.401e-04 	6.838e-14 	3.378e-04 	1.736e-18 	3.018e-14 
0.45225 	0.69782 	1.422e-04 	1.261e-09 	1.400e-04 	7.813e-14 	3.374e-04 	1.982e-18 	3.270e-14 
0.47235 	0.72884 	1.420e-04 	1.386e-09 	1.398e-04 	8.912e-14 	3.371e-04 	2.262e-18 	3.539e-14 
0.49245 	0.75985 	1.418e-04 	1.525e-09 	1.397e-04 	1.015e-13 	3.368e-04 	2.579e-18 	3.827e-14 
0.51255 	0.79086 	1.416e-04 	1.677e-09 	1.395e-04 	1.154e-13 	3.364e-04 	2.938e-18 	4.136e-14 
0.53265 	0.82188 	1.414e-04 	1.844e-09 	1.394e-04 	1.310e-13 	3.361e-04 	3.345e-18 	4.465e-14 
0.55275 	0.85289 	1.412e-04 	2.029e-09 	1.393e-04 	1.485e-13 	3.358e-04 	3.806e-18 	4.816e-14 
0.57285 	0.88391 	1.410e-04 	2.232e-09 	1.392e-04 	1.681e-13 	3.355e-04 	4.326e-18 	5.191e-14 
0.59295 	0.91492 	1.409e-04 	2.456e-09 	1.391e-04 	1.899e-13 	3.353e-04 	4.913e-18 	5.590e-14 
0.61305 	0.94594 	1.407e-04 	2.703e-09 	1.390e-04 	2.141e-13 	3.350e-04 	5.575e-18 	6.016e-14 
0.63315 	0.97695 	1.406e-04 	2.974e-09 	1.389e-04 	2.411e-13 	3.348e-04 	6.321e-18 	6.469e-14 
0.65325 	1.00796 	1.404e-04 	3.273e-09 	1.388e-04 	2.711e-13 	3.346e-04 	7.161e-18 	6.952e-14 
0.67335 	1.03898 	1.403e-04 	3.602e-09 	1.387e-04 	3.043e-13 	3.344e-04 	8.107e-18 	7.465e-14 
0.69345 	1.06999 	1.402e-04 	3.965e-09 	1.386e-04 	3.411e-13 	3.342e-04 	9.170e-18 	8.011e-14 
0.71355 	1.10101 	1.401e-04 	4.364e-09 	1.386e-04 	3.818e-13 	3.341e-04 	1.037e-17 	8.592e-14 
0.73365 	1.13202 	1.400e-04 	4.803e-09 	1.385e-04 	4.268e-13 	3.340e-04 	1.171e-17 	9.208e-14 
0.75375 	1.16304 	1.399e-04 	5.287e-09 	1.385e-04 	4.764e-13 	3.339e-04 	1.321e-17 	9.863e-14 
0.77385 	1.19405 	1.398e-04 	5.820e-09 	1.384e-04 	5.311e-13 	3.338e-04 	1.490e-17 	1.056e-13 
0.79395 	1.22506 	1.397e-04 	6.406e-09 	1.384e-04 	5.914e-13 	3.337e-04 	1.680e-17 	1.130e-13 
0.81405 	1.25608 	1.397e-04 	7.051e-09 	1.384e-04 	6.579e-13 	3.337e-04 	1.892e-17 	1.208e-13 
0.83415 	1.28709 	1.396e-04 	7.761e-09 	1.384e-04 	7.309e-13 	3.337e-04 	2.130e-17 	1.291e-13 
0.85425 	1.31811 	1.396e-04 	8.543e-09 	1.384e-04 	8.113e-13 	3.337e-04 	2.396e-17 	1.379e-13 
0.87435 	1.34912 	1.396e-04 	9.403e-09 	1.384e-04 	8.997e-13 	3.337e-04 	2.695e-17 	1.473e-13 
0.89445 	1.38014 	1.395e-04 	1.035e-08 	1.384e-04 	9.968e-13 	3.338e-04 	3.028e-17 	1.572e-13 
0.91455 	1.41115 	1.395e-04 	1.139e-08 	1.385e-04 	1.103e-12 	3.339e-04 	3.401e-17 	1.677e-13 
0.93465 	1.44216 	1.395e-04 	1.253e-08 	1.385e-04 	1.220e-12 	3.339e-04 	3.818e-17 	1.788e-13 
0.95475 	1.47318 	1.395e-04 	1.379e-08 	1.385e-04 	1.349e-12 	3.340e-04 	4.285e-17 	1.906e-13 
0.97485 	1.50419 	1.396e-04 	1.518e-08 	1.386e-04 	1.490e-12 	3.341e-04 	4.806e-17 	2.031e-13 
0.99495 	1.53521 	1.396e-04 	1.670e-08 	1.386e-04 	1.645e-12 	3.343e-04 	5.388e-17 	2.163e-13 
1.01505 	1.56622 	1.396e-04 	1.838e-08 	1.387e-04 	1.814e-12 	3.344e-04 	6.039e-17 	2.302e-13 
1.03515 	1.59724 	1.396e-04 	2.022e-08 	1.387e-04 	2.000e-12 	3.346e-04 	6.765e-17 	2.450e-13 
1.05525 	1.62825 	1.397e-04 	2.224e-08 	1.388e-04 	2.204e-12 	3.347e-04 	7.576e-17 	2.607e-13 
1.07535 	1.65927 	1.397e-04 	2.447e-08 	1.389e-04 	2.427e-12 	3.349e-04 	8.481e-17 	2.772e-13 
1.09545 	1.69028 	1.398e-04 	2.691e-08 	1.390e-04 	2.671e-12 	3.351e-04 	9.491e-17 	2.947e-13 
1.11555 	1.72129 	1.398e-04 	2.960e-08 	1.390e-04 	2.938e-12 	3.353e-04 	1.062e-16 	3.132e-13 
1.13565 	1.75231 	1.399e-04 	3.256e-08 	1.391e-04 	3.231e-12 	3.355e-04 	1.188e-16 	3.328e-13 
1.15575 	1.78332 	1.399e-04 	3.581e-08 	1.392e-04 	3.552e-12 	3.357e-04 	1.328e-16 	3.534e-13 
1.17585 	1.81434 	1.400e-04 	3.938e-08 	1.393e-04 	3.903e-12 	3.359e-04 	1.485e-16 	3.753e-13 
1.19595 	1.84535 	1.400e-04 	4.330e-08 	1.393e-04 	4.286e-12 	3.361e-04 	1.659e-16 	3.984e-13 
1.21605 	1.87637 	1.401e-04 	4.761e-08 	1.394e-04 	4.705e-12 	3.363e-04 	1.854e-16 	4.228e-13 
1.23615 	1.90738 	1.402e-04 	5.234e-08 	1.395e-04 	5.164e-12 	3.365e-04 	2.071e-16 	4.485e-13 
1.25625 	1.93839 	1.402e-04 	5.755e-08 	1.396e-04 	5.665e-12 	3.367e-04 	2.313e-16 	4.757e-13 
1.27635 	1.96941 	1.403e-04 	6.326e-08 	1.397e-04 	6.213e-12 	3.369e-04 	2.583e-16 	5.045e-13 
1.29645 	2.00042 	1.404e-04 	6.954e-08 	1.398e-04 	6.811e-12 	3.371e-04 	2.884e-16 	5.348e-13 
1.31655 	2.03144 	1.404e-04 	7.644e-08 	1.398e-04 	7.464e-12 	3.374e-04 	3.220e-16 	5.669e-13 
1.33665 	2.06245 	1.405e-04 	8.401e-08 	1.399e-04 	8.177e-12 	3.376e-04 	3.594e-16 	6.007e-13 
1.35675 	2.09347 	1.406e-04 	9.233e-08 	1.400e-04 	8.955e-12 	3.378e-04 	4.011e-16 	6.365e-13 
1.37685 	2.12448 	1.406e-04 	1.015e-07 	1.401e-04 	9.804e-12 	3.380e-04 	4.476e-16 	6.742e-13 
1.39695 	2.15549 	1.407e-04 	1.115e-07 	1.402e-04 	1.073e-11 	3.382e-04 	4.994e-16 	7.140e-13 
1.41705 	2.18651 	1.408e-04 	1.225e-07 	1.402e-04 	1.174e-11 	3.384e-04 	5.572e-16 	7.560e-13 
1.43715 	2.21752 	1.408e-04 	1.346e-07 	1.403e-04 	1.284e-11 	3.386e-04 	6.216e-16 	8.004e-13 
1.45725 	2.24854 	1.409e-04 	1.479e-07 	1.404e-04 	1.404e-11 	3.388e-04 	6.933e-16 	8.472e-13 
1.47735 	2.27955 	1.409e-04 	1.625e-07 	1.405e-04 	1.535e-11 	3.390e-04 	7.733e-16 	8.966e-13 
1.49745 	2.31057 	1.410e-04 	1.785e-07 	1.405e-04 	1.678e-11 	3.392e-04 	8.624e-16 	9.487e-13 
1.51755 	2.34158 	1.410e-04 	1.961e-07 	1.406e-04 	1.833e-11 	3.394e-04 	9.617e-16 	1.004e-12 
1.53765 	2.37259 	1.411e-04 	2.154e-07 	1.406e-04 	2.002e-11 	3.396e-04 	1.072e-15 	1.062e-12 
1.55775 	2.40361 	1.411e-04 	2.365e-07 	1.407e-04 	2.186e-11 	3.398e-04 	1.196e-15 	1.123e-12 
1.57785 	2.43462 	1.412e-04 	2.598e-07 	1.408e-04 	2.387e-11 	3.400e-04 	1.333e-15 	1.188e-12 
1.59795 	2.46564 	1.412e-04 	2.853e-07 	1.408e-04 	2.605e-11 	3.402e-04 	1.487e-15 	1.256e-12 
1.61805 	2.49665 	1.413e-04 	3.133e-07 	1.408e-04 	2.843e-11 	3.403e-04 	1.657e-15 	1.328e-12 
1.63815 	2.52767 	1.413e-04 	3.440e-07 	1.409e-04 	3.102e-11 	3.405e-04 	1.848e-15 	1.404e-12 
1.65825 	2.55868 	1.413e-04 	3.777e-07 	1.409e-04 	3.383e-11 	3.407e-04 	2.060e-15 	1.484e-12 
1.67835 	2.58969 	1.413e-04 	4.146e-07 	1.409e-04 	3.690e-11 	3.408e-04 	2.296e-15 	1.569e-12 
1.69845 	2.62071 	1.414e-04 	4.551e-07 	1.410e-04 	4.023e-11 	3.410e-04 	2.560e-15 	1.658e-12 
1.71855 	2.65172 	1.414e-04 	4.996e-07 	1.410e-04 	4.385e-11 	3.411e-04 	2.854e-15 	1.752e-12 
1.73865 	2.68274 	1.414e-04 	5.483e-07 	1.410e-04 	4.780e-11 	3.413e-04 	3.181e-15 	1.852e-12 
1.75875 	2.71375 	1.414e-04 	6.018e-07 	1.410e-04 	5.209e-11 	3.414e-04 	3.546e-15 	1.956e-12 
1.77885 	2.74477 	1.414e-04 	6.604e-07 	1.410e-04 	5.675e-11 	3.416e-04 	3.953e-15 	2.067e-12 
1.79895 	2.77578 	1.413e-04 	7.246e-07 	1.410e-04 	6.183e-11 	3.417e-04 	4.407e-15 	2.184e-12 
1.81905 	2.80679 	1.413e-04 	7.950e-07 	1.410e-04 	6.735e-11 	3.418e-04 	4.913e-15 	2.308e-12 
1.83915 	2.83781 	1.413e-04 	8.722e-07 	1.410e-04 	7.335e-11 	3.419e-04 	5.476e-15 	2.438e-12 
1.85925 	2.86882 	1.413e-04 	9.567e-07 	1.409e-04 	7.988e-11 	3.421e-04 	6.105e-15 	2.576e-12 
1.87935 	2.89984 	1.412e-04 	1.049e-06 	1.409e-04 	8.698e-11 	3.422e-04 	6.806e-15 	2.721e-12 
1.89945 	2.93085 	1.411e-04 	1.151e-06 	1.408e-04 	9.470e-11 	3.423e-04 	7.588e-15 	2.874e-12 
1.91955 	2.96187 	1.411e-04 	1.262e-06 	1.408e-04 	1.031e-10 	3.424e-04 	8.460e-15 	3.037e-12 
1.93965 	2.99288 	1.410e-04 	1.383e-06 	1.407e-04 	1.122e-10 	3.425e-04 	9.433e-15 	3.208e-12 
1.95975 	3.02389 	1.409e-04 	1.516e-06 	1.406e-04 	1.222e-10 	3.426e-04 	1.052e-14 	3.389e-12 
1.97985 	3.05491 	1.408e-04 	1.661e-06 	1.405e-04 	1.330e-10 	3.427e-04 	1.173e-14 	3.581e-12 
1.99995 	3.08592 	1.407e-04 	1.820e-06 	1.404e-04 	1.448e-10 	3.428e-04 	1.308e-14 	3.783e-12 
