n = 1.0e+03, Tgas =  18.0, Tdust =  18.0, Go = 10000.0
pc 	Av 	e- 	C 	C+ 	CO 	O 	O2 	H2O 
0.01005 	0.01551 	1.446e-04 	1.886e-10 	1.419e-04 	3.447e-15 	3.421e-04 	6.721e-20 	2.900e-15 
0.03015 	0.04652 	1.445e-04 	2.070e-10 	1.418e-04 	3.992e-15 	3.419e-04 	7.687e-20 	3.247e-15 
0.05025 	0.07754 	1.444e-04 	2.272e-10 	1.417e-04 	4.624e-15 	3.416e-04 	8.803e-20 	3.632e-15 
0.07035 	0.10855 	1.442e-04 	2.494e-10 	1.416e-04 	5.355e-15 	3.414e-04 	1.009e-19 	4.059e-15 
0.09045 	0.13956 	1.441e-04 	2.737e-10 	1.415e-04 	6.200e-15 	3.412e-04 	1.159e-19 	4.532e-15 
0.11055 	0.17058 	1.440e-04 	3.005e-10 	1.414e-04 	7.176e-15 	3.409e-04 	1.331e-19 	5.054e-15 
0.13065 	0.20159 	1.438e-04 	3.299e-10 	1.413e-04 	8.303e-15 	3.407e-04 	1.531e-19 	5.630e-15 
0.15075 	0.23261 	1.437e-04 	3.622e-10 	1.412e-04 	9.604e-15 	3.404e-04 	1.761e-19 	6.263e-15 
0.17085 	0.26362 	1.435e-04 	3.976e-10 	1.411e-04 	1.110e-14 	3.401e-04 	2.027e-19 	6.958e-15 
0.19095 	0.29464 	1.433e-04 	4.366e-10 	1.410e-04 	1.283e-14 	3.398e-04 	2.333e-19 	7.720e-15 
0.21105 	0.32565 	1.432e-04 	4.794e-10 	1.408e-04 	1.481e-14 	3.395e-04 	2.687e-19 	8.554e-15 
0.23115 	0.35666 	1.430e-04 	5.264e-10 	1.407e-04 	1.709e-14 	3.392e-04 	3.094e-19 	9.464e-15 
0.25125 	0.38768 	1.428e-04 	5.781e-10 	1.406e-04 	1.970e-14 	3.389e-04 	3.562e-19 	1.046e-14 
0.27135 	0.41869 	1.426e-04 	6.349e-10 	1.404e-04 	2.270e-14 	3.385e-04 	4.100e-19 	1.153e-14 
0.29145 	0.44971 	1.424e-04 	6.973e-10 	1.403e-04 	2.612e-14 	3.382e-04 	4.718e-19 	1.271e-14 
0.31155 	0.48072 	1.422e-04 	7.660e-10 	1.401e-04 	3.003e-14 	3.378e-04 	5.427e-19 	1.398e-14 
0.33165 	0.51174 	1.420e-04 	8.415e-10 	1.400e-04 	3.448e-14 	3.375e-04 	6.238e-19 	1.535e-14 
0.35175 	0.54275 	1.418e-04 	9.245e-10 	1.398e-04 	3.954e-14 	3.371e-04 	7.167e-19 	1.684e-14 
0.37185 	0.57376 	1.416e-04 	1.016e-09 	1.397e-04 	4.529e-14 	3.367e-04 	8.229e-19 	1.844e-14 
0.39195 	0.60478 	1.414e-04 	1.116e-09 	1.395e-04 	5.181e-14 	3.364e-04 	9.441e-19 	2.016e-14 
0.41205 	0.63579 	1.412e-04 	1.227e-09 	1.394e-04 	5.918e-14 	3.360e-04 	1.082e-18 	2.202e-14 
0.43215 	0.66681 	1.410e-04 	1.348e-09 	1.392e-04 	6.750e-14 	3.356e-04 	1.240e-18 	2.402e-14 
0.45225 	0.69782 	1.408e-04 	1.482e-09 	1.391e-04 	7.686e-14 	3.353e-04 	1.418e-18 	2.617e-14 
0.47235 	0.72884 	1.407e-04 	1.630e-09 	1.389e-04 	8.740e-14 	3.349e-04 	1.622e-18 	2.847e-14 
0.49245 	0.75985 	1.405e-04 	1.792e-09 	1.388e-04 	9.921e-14 	3.346e-04 	1.852e-18 	3.093e-14 
0.51255 	0.79086 	1.403e-04 	1.970e-09 	1.387e-04 	1.124e-13 	3.343e-04 	2.114e-18 	3.357e-14 
0.53265 	0.82188 	1.401e-04 	2.167e-09 	1.385e-04 	1.272e-13 	3.340e-04 	2.410e-18 	3.640e-14 
0.55275 	0.85289 	1.400e-04 	2.383e-09 	1.384e-04 	1.437e-13 	3.337e-04 	2.744e-18 	3.942e-14 
0.57285 	0.88391 	1.398e-04 	2.621e-09 	1.383e-04 	1.621e-13 	3.334e-04 	3.122e-18 	4.264e-14 
0.59295 	0.91492 	1.396e-04 	2.883e-09 	1.382e-04 	1.825e-13 	3.332e-04 	3.549e-18 	4.608e-14 
0.61305 	0.94594 	1.395e-04 	3.171e-09 	1.381e-04 	2.052e-13 	3.329e-04 	4.030e-18 	4.976e-14 
0.63315 	0.97695 	1.394e-04 	3.489e-09 	1.380e-04 	2.303e-13 	3.327e-04 	4.573e-18 	5.367e-14 
0.65325 	1.00796 	1.393e-04 	3.839e-09 	1.379e-04 	2.581e-13 	3.325e-04 	5.183e-18 	5.785e-14 
0.67335 	1.03898 	1.391e-04 	4.223e-09 	1.379e-04 	2.889e-13 	3.324e-04 	5.870e-18 	6.229e-14 
0.69345 	1.06999 	1.391e-04 	4.647e-09 	1.378e-04 	3.229e-13 	3.322e-04 	6.641e-18 	6.702e-14 
0.71355 	1.10101 	1.390e-04 	5.113e-09 	1.377e-04 	3.604e-13 	3.321e-04 	7.508e-18 	7.206e-14 
0.73365 	1.13202 	1.389e-04 	5.626e-09 	1.377e-04 	4.017e-13 	3.320e-04 	8.481e-18 	7.741e-14 
0.75375 	1.16304 	1.388e-04 	6.191e-09 	1.377e-04 	4.472e-13 	3.319e-04 	9.573e-18 	8.311e-14 
0.77385 	1.19405 	1.388e-04 	6.812e-09 	1.377e-04 	4.973e-13 	3.319e-04 	1.080e-17 	8.916e-14 
0.79395 	1.22506 	1.387e-04 	7.496e-09 	1.376e-04 	5.525e-13 	3.319e-04 	1.217e-17 	9.559e-14 
0.81405 	1.25608 	1.387e-04 	8.248e-09 	1.376e-04 	6.131e-13 	3.319e-04 	1.370e-17 	1.024e-13 
0.83415 	1.28709 	1.387e-04 	9.076e-09 	1.376e-04 	6.797e-13 	3.319e-04 	1.542e-17 	1.097e-13 
0.85425 	1.31811 	1.386e-04 	9.986e-09 	1.377e-04 	7.528e-13 	3.319e-04 	1.735e-17 	1.173e-13 
0.87435 	1.34912 	1.386e-04 	1.099e-08 	1.377e-04 	8.331e-13 	3.320e-04 	1.950e-17 	1.255e-13 
0.89445 	1.38014 	1.386e-04 	1.209e-08 	1.377e-04 	9.213e-13 	3.320e-04 	2.191e-17 	1.341e-13 
0.91455 	1.41115 	1.386e-04 	1.330e-08 	1.377e-04 	1.018e-12 	3.321e-04 	2.460e-17 	1.433e-13 
0.93465 	1.44216 	1.387e-04 	1.463e-08 	1.378e-04 	1.124e-12 	3.322e-04 	2.760e-17 	1.530e-13 
0.95475 	1.47318 	1.387e-04 	1.610e-08 	1.378e-04 	1.240e-12 	3.324e-04 	3.096e-17 	1.633e-13 
0.97485 	1.50419 	1.387e-04 	1.771e-08 	1.379e-04 	1.368e-12 	3.325e-04 	3.471e-17 	1.742e-13 
0.99495 	1.53521 	1.387e-04 	1.948e-08 	1.380e-04 	1.508e-12 	3.326e-04 	3.890e-17 	1.858e-13 
1.01505 	1.56622 	1.388e-04 	2.143e-08 	1.380e-04 	1.661e-12 	3.328e-04 	4.358e-17 	1.980e-13 
1.03515 	1.59724 	1.388e-04 	2.357e-08 	1.381e-04 	1.829e-12 	3.330e-04 	4.880e-17 	2.109e-13 
1.05525 	1.62825 	1.389e-04 	2.592e-08 	1.382e-04 	2.013e-12 	3.332e-04 	5.462e-17 	2.246e-13 
1.07535 	1.65927 	1.389e-04 	2.851e-08 	1.382e-04 	2.214e-12 	3.333e-04 	6.111e-17 	2.391e-13 
1.09545 	1.69028 	1.390e-04 	3.135e-08 	1.383e-04 	2.435e-12 	3.335e-04 	6.836e-17 	2.544e-13 
1.11555 	1.72129 	1.390e-04 	3.448e-08 	1.384e-04 	2.676e-12 	3.337e-04 	7.644e-17 	2.706e-13 
1.13565 	1.75231 	1.391e-04 	3.791e-08 	1.385e-04 	2.940e-12 	3.339e-04 	8.545e-17 	2.877e-13 
1.15575 	1.78332 	1.392e-04 	4.168e-08 	1.386e-04 	3.229e-12 	3.341e-04 	9.550e-17 	3.059e-13 
1.17585 	1.81434 	1.392e-04 	4.583e-08 	1.386e-04 	3.545e-12 	3.344e-04 	1.067e-16 	3.250e-13 
1.19595 	1.84535 	1.393e-04 	5.038e-08 	1.387e-04 	3.891e-12 	3.346e-04 	1.192e-16 	3.452e-13 
1.21605 	1.87637 	1.394e-04 	5.539e-08 	1.388e-04 	4.269e-12 	3.348e-04 	1.331e-16 	3.666e-13 
1.23615 	1.90738 	1.395e-04 	6.089e-08 	1.389e-04 	4.682e-12 	3.350e-04 	1.486e-16 	3.892e-13 
1.25625 	1.93839 	1.395e-04 	6.693e-08 	1.390e-04 	5.134e-12 	3.352e-04 	1.659e-16 	4.130e-13 
1.27635 	1.96941 	1.396e-04 	7.356e-08 	1.391e-04 	5.628e-12 	3.355e-04 	1.852e-16 	4.382e-13 
1.29645 	2.00042 	1.397e-04 	8.085e-08 	1.392e-04 	6.167e-12 	3.357e-04 	2.066e-16 	4.648e-13 
1.31655 	2.03144 	1.397e-04 	8.886e-08 	1.392e-04 	6.756e-12 	3.359e-04 	2.306e-16 	4.929e-13 
1.33665 	2.06245 	1.398e-04 	9.765e-08 	1.393e-04 	7.399e-12 	3.361e-04 	2.572e-16 	5.226e-13 
1.35675 	2.09347 	1.399e-04 	1.073e-07 	1.394e-04 	8.100e-12 	3.364e-04 	2.869e-16 	5.539e-13 
1.37685 	2.12448 	1.399e-04 	1.179e-07 	1.395e-04 	8.866e-12 	3.366e-04 	3.200e-16 	5.870e-13 
1.39695 	2.15549 	1.400e-04 	1.296e-07 	1.396e-04 	9.702e-12 	3.368e-04 	3.569e-16 	6.219e-13 
1.41705 	2.18651 	1.401e-04 	1.423e-07 	1.396e-04 	1.061e-11 	3.370e-04 	3.980e-16 	6.588e-13 
1.43715 	2.21752 	1.401e-04 	1.564e-07 	1.397e-04 	1.161e-11 	3.372e-04 	4.438e-16 	6.977e-13 
1.45725 	2.24854 	1.402e-04 	1.718e-07 	1.398e-04 	1.269e-11 	3.374e-04 	4.948e-16 	7.388e-13 
1.47735 	2.27955 	1.403e-04 	1.887e-07 	1.399e-04 	1.387e-11 	3.376e-04 	5.516e-16 	7.822e-13 
1.49745 	2.31057 	1.403e-04 	2.073e-07 	1.399e-04 	1.516e-11 	3.378e-04 	6.149e-16 	8.279e-13 
1.51755 	2.34158 	1.404e-04 	2.277e-07 	1.400e-04 	1.656e-11 	3.380e-04 	6.854e-16 	8.762e-13 
1.53765 	2.37259 	1.404e-04 	2.500e-07 	1.400e-04 	1.809e-11 	3.382e-04 	7.640e-16 	9.272e-13 
1.55775 	2.40361 	1.405e-04 	2.746e-07 	1.401e-04 	1.976e-11 	3.384e-04 	8.515e-16 	9.810e-13 
1.57785 	2.43462 	1.405e-04 	3.015e-07 	1.401e-04 	2.157e-11 	3.386e-04 	9.491e-16 	1.038e-12 
1.59795 	2.46564 	1.405e-04 	3.311e-07 	1.402e-04 	2.354e-11 	3.388e-04 	1.058e-15 	1.098e-12 
1.61805 	2.49665 	1.406e-04 	3.635e-07 	1.402e-04 	2.569e-11 	3.389e-04 	1.179e-15 	1.161e-12 
1.63815 	2.52767 	1.406e-04 	3.991e-07 	1.403e-04 	2.803e-11 	3.391e-04 	1.314e-15 	1.228e-12 
1.65825 	2.55868 	1.406e-04 	4.381e-07 	1.403e-04 	3.058e-11 	3.393e-04 	1.464e-15 	1.298e-12 
1.67835 	2.58969 	1.407e-04 	4.810e-07 	1.403e-04 	3.335e-11 	3.394e-04 	1.632e-15 	1.372e-12 
1.69845 	2.62071 	1.407e-04 	5.279e-07 	1.403e-04 	3.637e-11 	3.396e-04 	1.818e-15 	1.451e-12 
1.71855 	2.65172 	1.407e-04 	5.794e-07 	1.403e-04 	3.965e-11 	3.397e-04 	2.026e-15 	1.534e-12 
1.73865 	2.68274 	1.407e-04 	6.358e-07 	1.403e-04 	4.323e-11 	3.399e-04 	2.258e-15 	1.621e-12 
1.75875 	2.71375 	1.407e-04 	6.977e-07 	1.403e-04 	4.712e-11 	3.400e-04 	2.517e-15 	1.713e-12 
1.77885 	2.74477 	1.406e-04 	7.655e-07 	1.403e-04 	5.134e-11 	3.402e-04 	2.805e-15 	1.811e-12 
1.79895 	2.77578 	1.406e-04 	8.399e-07 	1.403e-04 	5.595e-11 	3.403e-04 	3.126e-15 	1.914e-12 
1.81905 	2.80679 	1.406e-04 	9.213e-07 	1.403e-04 	6.095e-11 	3.404e-04 	3.484e-15 	2.022e-12 
1.83915 	2.83781 	1.405e-04 	1.010e-06 	1.402e-04 	6.640e-11 	3.406e-04 	3.883e-15 	2.137e-12 
1.85925 	2.86882 	1.405e-04 	1.108e-06 	1.402e-04 	7.233e-11 	3.407e-04 	4.328e-15 	2.258e-12 
1.87935 	2.89984 	1.404e-04 	1.215e-06 	1.401e-04 	7.878e-11 	3.408e-04 	4.824e-15 	2.386e-12 
1.89945 	2.93085 	1.404e-04 	1.332e-06 	1.401e-04 	8.580e-11 	3.409e-04 	5.377e-15 	2.522e-12 
1.91955 	2.96187 	1.403e-04 	1.460e-06 	1.400e-04 	9.343e-11 	3.410e-04 	5.994e-15 	2.665e-12 
1.93965 	2.99288 	1.402e-04 	1.600e-06 	1.399e-04 	1.017e-10 	3.411e-04 	6.682e-15 	2.816e-12 
1.95975 	3.02389 	1.401e-04 	1.754e-06 	1.398e-04 	1.108e-10 	3.412e-04 	7.450e-15 	2.976e-12 
1.97985 	3.05491 	1.399e-04 	1.921e-06 	1.396e-04 	1.206e-10 	3.413e-04 	8.307e-15 	3.145e-12 
1.99995 	3.08592 	1.398e-04 	2.104e-06 	1.395e-04 	1.313e-10 	3.414e-04 	9.262e-15 	3.325e-12 
