n = 1.0e+04, Tgas =  22.5, Tdust =  22.5, Go = 1000.0
pc 	Av 	e- 	C 	C+ 	CO 	O 	O2 	H2O 
0.01005 	0.15507 	1.420e-04 	2.916e-08 	1.420e-04 	1.002e-11 	3.424e-04 	9.100e-16 	2.533e-13 
0.03015 	0.46521 	1.424e-04 	7.423e-08 	1.423e-04 	2.464e-11 	3.433e-04 	2.549e-15 	4.369e-13 
0.05025 	0.77536 	1.425e-04 	1.885e-07 	1.425e-04 	6.115e-11 	3.440e-04 	7.233e-15 	7.475e-13 
0.07035 	1.08550 	1.424e-04 	4.769e-07 	1.424e-04 	1.548e-10 	3.444e-04 	2.067e-14 	1.272e-12 
0.09045 	1.39564 	1.418e-04 	1.199e-06 	1.417e-04 	4.022e-10 	3.446e-04 	5.912e-14 	2.162e-12 
0.11055 	1.70579 	1.401e-04 	2.974e-06 	1.401e-04 	1.073e-09 	3.449e-04 	1.680e-13 	3.681e-12 
0.13065 	2.01593 	1.360e-04 	7.143e-06 	1.360e-04 	2.922e-09 	3.451e-04 	4.709e-13 	6.347e-12 
0.15075 	2.32607 	1.273e-04 	1.604e-05 	1.273e-04 	7.980e-09 	3.456e-04 	1.301e-12 	1.131e-11 
0.17085 	2.63622 	1.116e-04 	3.204e-05 	1.116e-04 	2.126e-08 	3.463e-04 	3.598e-12 	2.149e-11 
0.19095 	2.94636 	8.935e-05 	5.469e-05 	8.931e-05 	5.364e-08 	3.473e-04 	1.038e-11 	4.469e-11 
0.21105 	3.25650 	6.480e-05 	7.965e-05 	6.476e-05 	1.260e-07 	3.484e-04 	3.276e-11 	1.019e-10 
0.23115 	3.56664 	4.275e-05 	1.020e-04 	4.272e-05 	2.747e-07 	3.494e-04 	1.149e-10 	2.497e-10 
0.25125 	3.87679 	2.576e-05 	1.191e-04 	2.573e-05 	5.584e-07 	3.499e-04 	4.318e-10 	6.373e-10 
0.27135 	4.18693 	1.415e-05 	1.304e-04 	1.412e-05 	1.070e-06 	3.500e-04 	1.610e-09 	1.631e-09 
0.29145 	4.49707 	7.108e-06 	1.367e-04 	7.075e-06 	1.987e-06 	3.494e-04 	5.371e-09 	3.969e-09 
0.31155 	4.80722 	3.371e-06 	1.386e-04 	3.342e-06 	3.822e-06 	3.474e-04 	1.445e-08 	8.709e-09 
0.33165 	5.11736 	1.641e-06 	1.360e-04 	1.620e-06 	8.187e-06 	3.424e-04 	3.008e-08 	1.693e-08 
0.35175 	5.42750 	9.036e-07 	1.259e-04 	8.880e-07 	1.891e-05 	3.292e-04 	5.095e-08 	2.991e-08 
0.37185 	5.73765 	5.730e-07 	1.039e-04 	5.610e-07 	4.097e-05 	3.002e-04 	7.728e-08 	4.915e-08 
0.39195 	6.04779 	3.979e-07 	7.184e-05 	3.878e-07 	7.285e-05 	2.499e-04 	1.140e-07 	7.453e-08 
0.41205 	6.35793 	3.043e-07 	4.438e-05 	2.949e-07 	1.001e-04 	1.814e-04 	1.554e-07 	9.955e-08 
0.43215 	6.66807 	2.817e-07 	3.551e-05 	2.723e-07 	1.089e-04 	1.081e-04 	1.395e-07 	1.051e-07 
0.45225 	6.97822 	3.183e-07 	4.698e-05 	3.091e-07 	9.753e-05 	5.765e-05 	6.450e-08 	8.485e-08 
0.47235 	7.28836 	3.813e-07 	6.984e-05 	3.721e-07 	7.485e-05 	3.222e-05 	2.250e-08 	5.946e-08 
0.49245 	7.59850 	4.409e-07 	9.236e-05 	4.313e-07 	5.248e-05 	1.916e-05 	8.141e-09 	3.953e-08 
0.51255 	7.90865 	4.830e-07 	1.091e-04 	4.728e-07 	3.587e-05 	1.189e-05 	3.237e-09 	2.620e-08 
0.53265 	8.21879 	5.050e-07 	1.185e-04 	4.942e-07 	2.645e-05 	7.722e-06 	1.447e-09 	1.798e-08 
0.55275 	8.52893 	5.130e-07 	1.211e-04 	5.021e-07 	2.371e-05 	5.382e-06 	7.593e-10 	1.314e-08 
0.57285 	8.83908 	5.121e-07 	1.181e-04 	5.018e-07 	2.656e-05 	4.072e-06 	4.798e-10 	1.035e-08 
0.59295 	9.14922 	5.022e-07 	1.104e-04 	4.927e-07 	3.399e-05 	3.272e-06 	3.559e-10 	8.717e-09 
0.61305 	9.45936 	4.835e-07 	9.958e-05 	4.747e-07 	4.449e-05 	2.716e-06 	2.952e-10 	7.700e-09 
0.63315 	9.76950 	4.595e-07 	8.736e-05 	4.510e-07 	5.635e-05 	2.295e-06 	2.636e-10 	7.015e-09 
0.65325 	10.07965 	4.336e-07 	7.502e-05 	4.253e-07 	6.831e-05 	1.966e-06 	2.480e-10 	6.520e-09 
0.67335 	10.38979 	4.082e-07 	6.336e-05 	4.000e-07 	7.956e-05 	1.705e-06 	2.428e-10 	6.143e-09 
0.69345 	10.69993 	3.848e-07 	5.282e-05 	3.765e-07 	8.969e-05 	1.499e-06 	2.455e-10 	5.846e-09 
0.71355 	11.01008 	3.640e-07 	4.361e-05 	3.557e-07 	9.849e-05 	1.337e-06 	2.551e-10 	5.611e-09 
0.73365 	11.32022 	3.462e-07 	3.581e-05 	3.379e-07 	1.059e-04 	1.211e-06 	2.707e-10 	5.425e-09 
0.75375 	11.63036 	3.315e-07 	2.938e-05 	3.230e-07 	1.120e-04 	1.113e-06 	2.916e-10 	5.279e-09 
0.77385 	11.94051 	3.196e-07 	2.424e-05 	3.111e-07 	1.168e-04 	1.039e-06 	3.166e-10 	5.167e-09 
0.79395 	12.25065 	3.103e-07 	2.024e-05 	3.018e-07 	1.206e-04 	9.840e-07 	3.440e-10 	5.081e-09 
0.81405 	12.56079 	3.033e-07 	1.719e-05 	2.946e-07 	1.234e-04 	9.431e-07 	3.716e-10 	5.017e-09 
0.83415 	12.87093 	2.980e-07 	1.493e-05 	2.893e-07 	1.255e-04 	9.132e-07 	3.975e-10 	4.970e-09 
0.85425 	13.18108 	2.941e-07 	1.327e-05 	2.854e-07 	1.270e-04 	8.918e-07 	4.204e-10 	4.936e-09 
0.87435 	13.49122 	2.914e-07 	1.208e-05 	2.826e-07 	1.281e-04 	8.764e-07 	4.394e-10 	4.911e-09 
0.89445 	13.80136 	2.894e-07 	1.124e-05 	2.806e-07 	1.289e-04 	8.656e-07 	4.545e-10 	4.894e-09 
0.91455 	14.11151 	2.880e-07 	1.064e-05 	2.792e-07 	1.295e-04 	8.580e-07 	4.660e-10 	4.882e-09 
0.93465 	14.42165 	2.870e-07 	1.023e-05 	2.782e-07 	1.298e-04 	8.527e-07 	4.746e-10 	4.873e-09 
0.95475 	14.73179 	2.863e-07 	9.936e-06 	2.776e-07 	1.301e-04 	8.491e-07 	4.808e-10 	4.868e-09 
0.97485 	15.04194 	2.859e-07 	9.734e-06 	2.771e-07 	1.303e-04 	8.465e-07 	4.853e-10 	4.863e-09 
0.99495 	15.35208 	2.855e-07 	9.594e-06 	2.768e-07 	1.304e-04 	8.447e-07 	4.884e-10 	4.861e-09 
1.01505 	15.66222 	2.853e-07 	9.497e-06 	2.765e-07 	1.305e-04 	8.435e-07 	4.907e-10 	4.859e-09 
1.03515 	15.97236 	2.852e-07 	9.430e-06 	2.764e-07 	1.306e-04 	8.427e-07 	4.922e-10 	4.857e-09 
1.05525 	16.28251 	2.850e-07 	9.384e-06 	2.763e-07 	1.306e-04 	8.421e-07 	4.933e-10 	4.856e-09 
1.07535 	16.59265 	2.850e-07 	9.352e-06 	2.762e-07 	1.307e-04 	8.417e-07 	4.940e-10 	4.856e-09 
1.09545 	16.90279 	2.849e-07 	9.330e-06 	2.761e-07 	1.307e-04 	8.414e-07 	4.945e-10 	4.855e-09 
1.11555 	17.21294 	2.849e-07 	9.315e-06 	2.761e-07 	1.307e-04 	8.412e-07 	4.949e-10 	4.855e-09 
1.13565 	17.52308 	2.849e-07 	9.304e-06 	2.761e-07 	1.307e-04 	8.411e-07 	4.952e-10 	4.855e-09 
1.15575 	17.83322 	2.848e-07 	9.297e-06 	2.761e-07 	1.307e-04 	8.410e-07 	4.953e-10 	4.855e-09 
1.17585 	18.14337 	2.848e-07 	9.292e-06 	2.760e-07 	1.307e-04 	8.409e-07 	4.954e-10 	4.854e-09 
1.19595 	18.45351 	2.848e-07 	9.289e-06 	2.760e-07 	1.307e-04 	8.409e-07 	4.955e-10 	4.854e-09 
1.21605 	18.76365 	2.848e-07 	9.286e-06 	2.760e-07 	1.307e-04 	8.409e-07 	4.956e-10 	4.854e-09 
1.23615 	19.07379 	2.848e-07 	9.285e-06 	2.760e-07 	1.307e-04 	8.408e-07 	4.956e-10 	4.854e-09 
1.25625 	19.38394 	2.848e-07 	9.283e-06 	2.760e-07 	1.307e-04 	8.408e-07 	4.956e-10 	4.854e-09 
1.27635 	19.69408 	2.848e-07 	9.283e-06 	2.760e-07 	1.307e-04 	8.408e-07 	4.957e-10 	4.854e-09 
1.29645 	20.00422 	2.848e-07 	9.282e-06 	2.760e-07 	1.307e-04 	8.408e-07 	4.957e-10 	4.854e-09 
1.31655 	20.31437 	2.848e-07 	9.282e-06 	2.760e-07 	1.307e-04 	8.408e-07 	4.957e-10 	4.854e-09 
1.33665 	20.62451 	2.848e-07 	9.281e-06 	2.760e-07 	1.307e-04 	8.408e-07 	4.957e-10 	4.854e-09 
1.35675 	20.93465 	2.848e-07 	9.281e-06 	2.760e-07 	1.307e-04 	8.408e-07 	4.957e-10 	4.854e-09 
1.37685 	21.24480 	2.848e-07 	9.281e-06 	2.760e-07 	1.307e-04 	8.408e-07 	4.957e-10 	4.854e-09 
1.39695 	21.55494 	2.848e-07 	9.281e-06 	2.760e-07 	1.307e-04 	8.408e-07 	4.957e-10 	4.854e-09 
1.41705 	21.86508 	2.848e-07 	9.281e-06 	2.760e-07 	1.307e-04 	8.408e-07 	4.957e-10 	4.854e-09 
1.43715 	22.17522 	2.848e-07 	9.281e-06 	2.760e-07 	1.307e-04 	8.408e-07 	4.957e-10 	4.854e-09 
1.45725 	22.48537 	2.848e-07 	9.281e-06 	2.760e-07 	1.307e-04 	8.408e-07 	4.957e-10 	4.854e-09 
1.47735 	22.79551 	2.848e-07 	9.281e-06 	2.760e-07 	1.307e-04 	8.408e-07 	4.957e-10 	4.854e-09 
1.49745 	23.10565 	2.848e-07 	9.281e-06 	2.760e-07 	1.307e-04 	8.408e-07 	4.957e-10 	4.854e-09 
1.51755 	23.41580 	2.848e-07 	9.281e-06 	2.760e-07 	1.307e-04 	8.408e-07 	4.957e-10 	4.854e-09 
1.53765 	23.72594 	2.848e-07 	9.281e-06 	2.760e-07 	1.307e-04 	8.408e-07 	4.957e-10 	4.854e-09 
1.55775 	24.03608 	2.848e-07 	9.281e-06 	2.760e-07 	1.307e-04 	8.408e-07 	4.957e-10 	4.854e-09 
1.57785 	24.34623 	2.848e-07 	9.281e-06 	2.760e-07 	1.307e-04 	8.408e-07 	4.957e-10 	4.854e-09 
1.59795 	24.65637 	2.848e-07 	9.281e-06 	2.760e-07 	1.307e-04 	8.408e-07 	4.957e-10 	4.854e-09 
1.61805 	24.96651 	2.848e-07 	9.281e-06 	2.760e-07 	1.307e-04 	8.408e-07 	4.957e-10 	4.854e-09 
1.63815 	25.27665 	2.848e-07 	9.281e-06 	2.760e-07 	1.307e-04 	8.408e-07 	4.957e-10 	4.854e-09 
1.65825 	25.58680 	2.848e-07 	9.281e-06 	2.760e-07 	1.307e-04 	8.408e-07 	4.957e-10 	4.854e-09 
1.67835 	25.89694 	2.848e-07 	9.281e-06 	2.760e-07 	1.307e-04 	8.408e-07 	4.957e-10 	4.854e-09 
1.69845 	26.20708 	2.848e-07 	9.281e-06 	2.760e-07 	1.307e-04 	8.408e-07 	4.957e-10 	4.854e-09 
1.71855 	26.51723 	2.848e-07 	9.281e-06 	2.760e-07 	1.307e-04 	8.408e-07 	4.957e-10 	4.854e-09 
1.73865 	26.82737 	2.848e-07 	9.281e-06 	2.760e-07 	1.307e-04 	8.408e-07 	4.957e-10 	4.854e-09 
1.75875 	27.13751 	2.848e-07 	9.281e-06 	2.760e-07 	1.307e-04 	8.408e-07 	4.957e-10 	4.854e-09 
1.77885 	27.44766 	2.848e-07 	9.281e-06 	2.760e-07 	1.307e-04 	8.408e-07 	4.957e-10 	4.854e-09 
1.79895 	27.75780 	2.848e-07 	9.281e-06 	2.760e-07 	1.307e-04 	8.408e-07 	4.957e-10 	4.854e-09 
1.81905 	28.06794 	2.848e-07 	9.281e-06 	2.760e-07 	1.307e-04 	8.408e-07 	4.957e-10 	4.854e-09 
1.83915 	28.37808 	2.848e-07 	9.281e-06 	2.760e-07 	1.307e-04 	8.408e-07 	4.957e-10 	4.854e-09 
1.85925 	28.68823 	2.848e-07 	9.281e-06 	2.760e-07 	1.307e-04 	8.408e-07 	4.957e-10 	4.854e-09 
1.87935 	28.99837 	2.848e-07 	9.281e-06 	2.760e-07 	1.307e-04 	8.408e-07 	4.957e-10 	4.854e-09 
1.89945 	29.30851 	2.848e-07 	9.281e-06 	2.760e-07 	1.307e-04 	8.408e-07 	4.957e-10 	4.854e-09 
1.91955 	29.61866 	2.848e-07 	9.281e-06 	2.760e-07 	1.307e-04 	8.408e-07 	4.957e-10 	4.854e-09 
1.93965 	29.92880 	2.848e-07 	9.281e-06 	2.760e-07 	1.307e-04 	8.408e-07 	4.957e-10 	4.854e-09 
1.95975 	30.23894 	2.848e-07 	9.281e-06 	2.760e-07 	1.307e-04 	8.408e-07 	4.957e-10 	4.854e-09 
1.97985 	30.54909 	2.848e-07 	9.281e-06 	2.760e-07 	1.307e-04 	8.408e-07 	4.957e-10 	4.854e-09 
1.99995 	30.85923 	2.848e-07 	9.281e-06 	2.760e-07 	1.307e-04 	8.408e-07 	4.957e-10 	4.854e-09 
