n = 6.0e+02, Tgas =  15.0, Tdust =  15.0, Go =  10.0
pc 	Av 	e- 	C 	C+ 	CO 	O 	O2 	H2O 
0.01005 	0.00930 	1.417e-04 	1.402e-07 	1.413e-04 	7.691e-11 	3.408e-04 	7.887e-14 	1.604e-11 
0.03015 	0.02791 	1.417e-04 	1.482e-07 	1.413e-04 	8.175e-11 	3.409e-04 	8.411e-14 	1.656e-11 
0.05025 	0.04652 	1.417e-04 	1.568e-07 	1.413e-04 	8.690e-11 	3.409e-04 	8.969e-14 	1.709e-11 
0.07035 	0.06513 	1.417e-04 	1.657e-07 	1.413e-04 	9.239e-11 	3.409e-04 	9.564e-14 	1.764e-11 
0.09045 	0.08374 	1.417e-04 	1.752e-07 	1.413e-04 	9.824e-11 	3.409e-04 	1.020e-13 	1.821e-11 
0.11055 	0.10235 	1.417e-04 	1.853e-07 	1.413e-04 	1.045e-10 	3.409e-04 	1.087e-13 	1.879e-11 
0.13065 	0.12096 	1.417e-04 	1.959e-07 	1.412e-04 	1.111e-10 	3.409e-04 	1.160e-13 	1.940e-11 
0.15075 	0.13956 	1.417e-04 	2.071e-07 	1.412e-04 	1.182e-10 	3.410e-04 	1.236e-13 	2.002e-11 
0.17085 	0.15817 	1.416e-04 	2.190e-07 	1.412e-04 	1.257e-10 	3.410e-04 	1.318e-13 	2.066e-11 
0.19095 	0.17678 	1.416e-04 	2.316e-07 	1.412e-04 	1.337e-10 	3.410e-04 	1.405e-13 	2.132e-11 
0.21105 	0.19539 	1.416e-04 	2.448e-07 	1.412e-04 	1.422e-10 	3.410e-04 	1.498e-13 	2.201e-11 
0.23115 	0.21400 	1.416e-04 	2.589e-07 	1.412e-04 	1.513e-10 	3.410e-04 	1.597e-13 	2.271e-11 
0.25125 	0.23261 	1.416e-04 	2.737e-07 	1.412e-04 	1.610e-10 	3.410e-04 	1.703e-13 	2.344e-11 
0.27135 	0.25122 	1.416e-04 	2.893e-07 	1.412e-04 	1.714e-10 	3.410e-04 	1.815e-13 	2.419e-11 
0.29145 	0.26982 	1.416e-04 	3.059e-07 	1.412e-04 	1.824e-10 	3.410e-04 	1.935e-13 	2.496e-11 
0.31155 	0.28843 	1.416e-04 	3.234e-07 	1.412e-04 	1.942e-10 	3.411e-04 	2.062e-13 	2.576e-11 
0.33165 	0.30704 	1.416e-04 	3.419e-07 	1.412e-04 	2.067e-10 	3.411e-04 	2.198e-13 	2.658e-11 
0.35175 	0.32565 	1.415e-04 	3.615e-07 	1.411e-04 	2.200e-10 	3.411e-04 	2.343e-13 	2.743e-11 
0.37185 	0.34426 	1.415e-04 	3.821e-07 	1.411e-04 	2.343e-10 	3.411e-04 	2.497e-13 	2.831e-11 
0.39195 	0.36287 	1.415e-04 	4.040e-07 	1.411e-04 	2.495e-10 	3.411e-04 	2.661e-13 	2.921e-11 
0.41205 	0.38148 	1.415e-04 	4.270e-07 	1.411e-04 	2.657e-10 	3.411e-04 	2.836e-13 	3.014e-11 
0.43215 	0.40008 	1.415e-04 	4.514e-07 	1.411e-04 	2.829e-10 	3.411e-04 	3.022e-13 	3.111e-11 
0.45225 	0.41869 	1.415e-04 	4.772e-07 	1.411e-04 	3.014e-10 	3.411e-04 	3.220e-13 	3.210e-11 
0.47235 	0.43730 	1.414e-04 	5.044e-07 	1.410e-04 	3.210e-10 	3.412e-04 	3.431e-13 	3.312e-11 
0.49245 	0.45591 	1.414e-04 	5.332e-07 	1.410e-04 	3.420e-10 	3.412e-04 	3.656e-13 	3.417e-11 
0.51255 	0.47452 	1.414e-04 	5.636e-07 	1.410e-04 	3.644e-10 	3.412e-04 	3.895e-13 	3.526e-11 
0.53265 	0.49313 	1.413e-04 	5.958e-07 	1.409e-04 	3.882e-10 	3.412e-04 	4.150e-13 	3.638e-11 
0.55275 	0.51174 	1.413e-04 	6.297e-07 	1.409e-04 	4.137e-10 	3.412e-04 	4.421e-13 	3.754e-11 
0.57285 	0.53034 	1.413e-04 	6.656e-07 	1.409e-04 	4.409e-10 	3.412e-04 	4.709e-13 	3.874e-11 
0.59295 	0.54895 	1.413e-04 	7.035e-07 	1.409e-04 	4.699e-10 	3.412e-04 	5.016e-13 	3.997e-11 
0.61305 	0.56756 	1.412e-04 	7.435e-07 	1.408e-04 	5.008e-10 	3.412e-04 	5.343e-13 	4.124e-11 
0.63315 	0.58617 	1.412e-04 	7.857e-07 	1.408e-04 	5.338e-10 	3.412e-04 	5.691e-13 	4.255e-11 
0.65325 	0.60478 	1.411e-04 	8.304e-07 	1.407e-04 	5.691e-10 	3.412e-04 	6.061e-13 	4.390e-11 
0.67335 	0.62339 	1.411e-04 	8.776e-07 	1.407e-04 	6.067e-10 	3.412e-04 	6.454e-13 	4.529e-11 
0.69345 	0.64200 	1.410e-04 	9.274e-07 	1.406e-04 	6.468e-10 	3.413e-04 	6.873e-13 	4.673e-11 
0.71355 	0.66060 	1.410e-04 	9.800e-07 	1.406e-04 	6.897e-10 	3.413e-04 	7.319e-13 	4.821e-11 
0.73365 	0.67921 	1.409e-04 	1.035e-06 	1.405e-04 	7.354e-10 	3.413e-04 	7.793e-13 	4.974e-11 
0.75375 	0.69782 	1.409e-04 	1.094e-06 	1.405e-04 	7.842e-10 	3.413e-04 	8.297e-13 	5.132e-11 
0.77385 	0.71643 	1.408e-04 	1.156e-06 	1.404e-04 	8.364e-10 	3.413e-04 	8.834e-13 	5.295e-11 
0.79395 	0.73504 	1.408e-04 	1.221e-06 	1.404e-04 	8.920e-10 	3.413e-04 	9.404e-13 	5.463e-11 
0.81405 	0.75365 	1.407e-04 	1.290e-06 	1.403e-04 	9.515e-10 	3.413e-04 	1.001e-12 	5.636e-11 
0.83415 	0.77226 	1.406e-04 	1.363e-06 	1.402e-04 	1.015e-09 	3.413e-04 	1.066e-12 	5.815e-11 
0.85425 	0.79086 	1.406e-04 	1.440e-06 	1.402e-04 	1.083e-09 	3.413e-04 	1.134e-12 	5.999e-11 
0.87435 	0.80947 	1.405e-04 	1.521e-06 	1.401e-04 	1.155e-09 	3.413e-04 	1.207e-12 	6.189e-11 
0.89445 	0.82808 	1.404e-04 	1.607e-06 	1.400e-04 	1.232e-09 	3.413e-04 	1.285e-12 	6.385e-11 
0.91455 	0.84669 	1.403e-04 	1.697e-06 	1.399e-04 	1.315e-09 	3.414e-04 	1.367e-12 	6.588e-11 
0.93465 	0.86530 	1.402e-04 	1.792e-06 	1.398e-04 	1.403e-09 	3.414e-04 	1.455e-12 	6.797e-11 
0.95475 	0.88391 	1.401e-04 	1.893e-06 	1.397e-04 	1.497e-09 	3.414e-04 	1.548e-12 	7.012e-11 
0.97485 	0.90252 	1.400e-04 	1.998e-06 	1.396e-04 	1.597e-09 	3.414e-04 	1.647e-12 	7.235e-11 
0.99495 	0.92112 	1.399e-04 	2.110e-06 	1.395e-04 	1.704e-09 	3.414e-04 	1.752e-12 	7.464e-11 
1.01505 	0.93973 	1.398e-04 	2.228e-06 	1.394e-04 	1.819e-09 	3.414e-04 	1.863e-12 	7.701e-11 
1.03515 	0.95834 	1.397e-04 	2.352e-06 	1.393e-04 	1.941e-09 	3.414e-04 	1.982e-12 	7.946e-11 
1.05525 	0.97695 	1.395e-04 	2.483e-06 	1.392e-04 	2.071e-09 	3.414e-04 	2.108e-12 	8.198e-11 
1.07535 	0.99556 	1.394e-04 	2.621e-06 	1.390e-04 	2.210e-09 	3.414e-04 	2.242e-12 	8.459e-11 
1.09545 	1.01417 	1.393e-04 	2.766e-06 	1.389e-04 	2.359e-09 	3.414e-04 	2.385e-12 	8.728e-11 
1.11555 	1.03278 	1.391e-04 	2.919e-06 	1.387e-04 	2.518e-09 	3.415e-04 	2.536e-12 	9.006e-11 
1.13565 	1.05138 	1.390e-04 	3.080e-06 	1.386e-04 	2.687e-09 	3.415e-04 	2.696e-12 	9.292e-11 
1.15575 	1.06999 	1.388e-04 	3.249e-06 	1.384e-04 	2.868e-09 	3.415e-04 	2.867e-12 	9.589e-11 
1.17585 	1.08860 	1.386e-04 	3.428e-06 	1.382e-04 	3.062e-09 	3.415e-04 	3.048e-12 	9.894e-11 
1.19595 	1.10721 	1.384e-04 	3.616e-06 	1.381e-04 	3.268e-09 	3.415e-04 	3.241e-12 	1.021e-10 
1.21605 	1.12582 	1.383e-04 	3.813e-06 	1.379e-04 	3.488e-09 	3.415e-04 	3.445e-12 	1.054e-10 
1.23615 	1.14443 	1.380e-04 	4.021e-06 	1.377e-04 	3.723e-09 	3.415e-04 	3.662e-12 	1.087e-10 
1.25625 	1.16304 	1.378e-04 	4.240e-06 	1.374e-04 	3.974e-09 	3.415e-04 	3.892e-12 	1.122e-10 
1.27635 	1.18164 	1.376e-04 	4.469e-06 	1.372e-04 	4.242e-09 	3.416e-04 	4.137e-12 	1.158e-10 
1.29645 	1.20025 	1.374e-04 	4.711e-06 	1.370e-04 	4.527e-09 	3.416e-04 	4.397e-12 	1.196e-10 
1.31655 	1.21886 	1.371e-04 	4.964e-06 	1.367e-04 	4.832e-09 	3.416e-04 	4.672e-12 	1.234e-10 
1.33665 	1.23747 	1.369e-04 	5.231e-06 	1.365e-04 	5.157e-09 	3.416e-04 	4.965e-12 	1.274e-10 
1.35675 	1.25608 	1.366e-04 	5.510e-06 	1.362e-04 	5.504e-09 	3.416e-04 	5.276e-12 	1.315e-10 
1.37685 	1.27469 	1.363e-04 	5.804e-06 	1.359e-04 	5.875e-09 	3.416e-04 	5.606e-12 	1.358e-10 
1.39695 	1.29330 	1.360e-04 	6.112e-06 	1.356e-04 	6.270e-09 	3.417e-04 	5.957e-12 	1.402e-10 
1.41705 	1.31190 	1.357e-04 	6.435e-06 	1.353e-04 	6.691e-09 	3.417e-04 	6.329e-12 	1.448e-10 
1.43715 	1.33051 	1.354e-04 	6.773e-06 	1.350e-04 	7.140e-09 	3.417e-04 	6.724e-12 	1.495e-10 
1.45725 	1.34912 	1.350e-04 	7.128e-06 	1.346e-04 	7.619e-09 	3.417e-04 	7.143e-12 	1.544e-10 
1.47735 	1.36773 	1.346e-04 	7.499e-06 	1.343e-04 	8.130e-09 	3.417e-04 	7.589e-12 	1.595e-10 
1.49745 	1.38634 	1.343e-04 	7.887e-06 	1.339e-04 	8.675e-09 	3.418e-04 	8.062e-12 	1.647e-10 
1.51755 	1.40495 	1.339e-04 	8.294e-06 	1.335e-04 	9.255e-09 	3.418e-04 	8.564e-12 	1.702e-10 
1.53765 	1.42356 	1.335e-04 	8.719e-06 	1.331e-04 	9.874e-09 	3.418e-04 	9.098e-12 	1.758e-10 
1.55775 	1.44216 	1.330e-04 	9.164e-06 	1.326e-04 	1.053e-08 	3.418e-04 	9.665e-12 	1.817e-10 
1.57785 	1.46077 	1.326e-04 	9.628e-06 	1.322e-04 	1.124e-08 	3.419e-04 	1.027e-11 	1.877e-10 
1.59795 	1.47938 	1.321e-04 	1.011e-05 	1.317e-04 	1.198e-08 	3.419e-04 	1.091e-11 	1.940e-10 
1.61805 	1.49799 	1.316e-04 	1.062e-05 	1.312e-04 	1.278e-08 	3.419e-04 	1.159e-11 	2.006e-10 
1.63815 	1.51660 	1.311e-04 	1.115e-05 	1.307e-04 	1.363e-08 	3.419e-04 	1.231e-11 	2.074e-10 
1.65825 	1.53521 	1.305e-04 	1.170e-05 	1.301e-04 	1.453e-08 	3.420e-04 	1.308e-11 	2.145e-10 
1.67835 	1.55382 	1.300e-04 	1.227e-05 	1.296e-04 	1.550e-08 	3.420e-04 	1.389e-11 	2.218e-10 
1.69845 	1.57243 	1.294e-04 	1.286e-05 	1.290e-04 	1.652e-08 	3.420e-04 	1.476e-11 	2.294e-10 
1.71855 	1.59103 	1.288e-04 	1.348e-05 	1.284e-04 	1.761e-08 	3.421e-04 	1.569e-11 	2.374e-10 
1.73865 	1.60964 	1.282e-04 	1.413e-05 	1.278e-04 	1.877e-08 	3.421e-04 	1.667e-11 	2.457e-10 
1.75875 	1.62825 	1.275e-04 	1.480e-05 	1.271e-04 	2.000e-08 	3.421e-04 	1.771e-11 	2.543e-10 
1.77885 	1.64686 	1.268e-04 	1.549e-05 	1.264e-04 	2.131e-08 	3.422e-04 	1.883e-11 	2.632e-10 
1.79895 	1.66547 	1.261e-04 	1.621e-05 	1.257e-04 	2.271e-08 	3.422e-04 	2.001e-11 	2.726e-10 
1.81905 	1.68408 	1.254e-04 	1.696e-05 	1.250e-04 	2.419e-08 	3.422e-04 	2.127e-11 	2.823e-10 
1.83915 	1.70269 	1.246e-04 	1.773e-05 	1.242e-04 	2.576e-08 	3.423e-04 	2.261e-11 	2.925e-10 
1.85925 	1.72129 	1.238e-04 	1.853e-05 	1.234e-04 	2.743e-08 	3.423e-04 	2.404e-11 	3.031e-10 
1.87935 	1.73990 	1.230e-04 	1.936e-05 	1.226e-04 	2.921e-08 	3.424e-04 	2.557e-11 	3.141e-10 
1.89945 	1.75851 	1.222e-04 	2.021e-05 	1.218e-04 	3.109e-08 	3.424e-04 	2.719e-11 	3.257e-10 
1.91955 	1.77712 	1.213e-04 	2.109e-05 	1.209e-04 	3.310e-08 	3.425e-04 	2.892e-11 	3.377e-10 
1.93965 	1.79573 	1.204e-04 	2.200e-05 	1.200e-04 	3.522e-08 	3.425e-04 	3.077e-11 	3.503e-10 
1.95975 	1.81434 	1.195e-04 	2.294e-05 	1.191e-04 	3.747e-08 	3.426e-04 	3.275e-11 	3.635e-10 
1.97985 	1.83295 	1.186e-04 	2.390e-05 	1.182e-04 	3.986e-08 	3.426e-04 	3.485e-11 	3.773e-10 
1.99995 	1.85155 	1.176e-04 	2.489e-05 	1.172e-04 	4.240e-08 	3.427e-04 	3.710e-11 	3.917e-10 
