n = 1.0e+03, Tgas =  19.5, Tdust =  19.5, Go =  10.0
pc 	Av 	e- 	C 	C+ 	CO 	O 	O2 	H2O 
0.01005 	0.01551 	1.424e-04 	2.079e-07 	1.421e-04 	1.867e-10 	3.432e-04 	2.091e-13 	1.838e-11 
0.03015 	0.04652 	1.424e-04 	2.281e-07 	1.421e-04 	2.072e-10 	3.432e-04 	2.324e-13 	1.937e-11 
0.05025 	0.07754 	1.424e-04 	2.503e-07 	1.421e-04 	2.300e-10 	3.432e-04 	2.584e-13 	2.041e-11 
0.07035 	0.10855 	1.423e-04 	2.747e-07 	1.421e-04 	2.554e-10 	3.432e-04 	2.872e-13 	2.150e-11 
0.09045 	0.13956 	1.423e-04 	3.014e-07 	1.421e-04 	2.837e-10 	3.433e-04 	3.192e-13 	2.265e-11 
0.11055 	0.17058 	1.423e-04 	3.307e-07 	1.420e-04 	3.152e-10 	3.433e-04 	3.546e-13 	2.385e-11 
0.13065 	0.20159 	1.423e-04 	3.628e-07 	1.420e-04 	3.503e-10 	3.433e-04 	3.940e-13 	2.513e-11 
0.15075 	0.23261 	1.422e-04 	3.980e-07 	1.420e-04 	3.893e-10 	3.433e-04 	4.377e-13 	2.646e-11 
0.17085 	0.26362 	1.422e-04 	4.366e-07 	1.420e-04 	4.329e-10 	3.433e-04 	4.861e-13 	2.787e-11 
0.19095 	0.29464 	1.422e-04 	4.789e-07 	1.419e-04 	4.814e-10 	3.433e-04 	5.397e-13 	2.935e-11 
0.21105 	0.32565 	1.421e-04 	5.253e-07 	1.419e-04 	5.354e-10 	3.434e-04 	5.992e-13 	3.091e-11 
0.23115 	0.35666 	1.421e-04 	5.762e-07 	1.418e-04 	5.956e-10 	3.434e-04 	6.652e-13 	3.255e-11 
0.25125 	0.38768 	1.420e-04 	6.320e-07 	1.418e-04 	6.628e-10 	3.434e-04 	7.382e-13 	3.428e-11 
0.27135 	0.41869 	1.420e-04 	6.931e-07 	1.417e-04 	7.376e-10 	3.434e-04 	8.191e-13 	3.609e-11 
0.29145 	0.44971 	1.419e-04 	7.600e-07 	1.417e-04 	8.211e-10 	3.434e-04 	9.086e-13 	3.800e-11 
0.31155 	0.48072 	1.418e-04 	8.333e-07 	1.416e-04 	9.141e-10 	3.434e-04 	1.008e-12 	4.000e-11 
0.33165 	0.51174 	1.418e-04 	9.137e-07 	1.415e-04 	1.018e-09 	3.434e-04 	1.117e-12 	4.211e-11 
0.35175 	0.54275 	1.417e-04 	1.002e-06 	1.414e-04 	1.134e-09 	3.434e-04 	1.239e-12 	4.433e-11 
0.37185 	0.57376 	1.416e-04 	1.098e-06 	1.413e-04 	1.263e-09 	3.434e-04 	1.373e-12 	4.666e-11 
0.39195 	0.60478 	1.415e-04 	1.203e-06 	1.412e-04 	1.407e-09 	3.435e-04 	1.521e-12 	4.912e-11 
0.41205 	0.63579 	1.414e-04 	1.319e-06 	1.411e-04 	1.568e-09 	3.435e-04 	1.685e-12 	5.170e-11 
0.43215 	0.66681 	1.413e-04 	1.445e-06 	1.410e-04 	1.747e-09 	3.435e-04 	1.866e-12 	5.441e-11 
0.45225 	0.69782 	1.411e-04 	1.583e-06 	1.409e-04 	1.947e-09 	3.435e-04 	2.066e-12 	5.727e-11 
0.47235 	0.72884 	1.410e-04 	1.734e-06 	1.407e-04 	2.170e-09 	3.435e-04 	2.287e-12 	6.027e-11 
0.49245 	0.75985 	1.408e-04 	1.899e-06 	1.406e-04 	2.419e-09 	3.435e-04 	2.531e-12 	6.343e-11 
0.51255 	0.79086 	1.406e-04 	2.080e-06 	1.404e-04 	2.696e-09 	3.435e-04 	2.799e-12 	6.675e-11 
0.53265 	0.82188 	1.404e-04 	2.277e-06 	1.402e-04 	3.006e-09 	3.436e-04 	3.096e-12 	7.024e-11 
0.55275 	0.85289 	1.402e-04 	2.492e-06 	1.400e-04 	3.351e-09 	3.436e-04 	3.423e-12 	7.391e-11 
0.57285 	0.88391 	1.400e-04 	2.726e-06 	1.398e-04 	3.736e-09 	3.436e-04 	3.783e-12 	7.778e-11 
0.59295 	0.91492 	1.397e-04 	2.982e-06 	1.395e-04 	4.166e-09 	3.436e-04 	4.180e-12 	8.185e-11 
0.61305 	0.94594 	1.395e-04 	3.261e-06 	1.392e-04 	4.645e-09 	3.436e-04 	4.617e-12 	8.613e-11 
0.63315 	0.97695 	1.392e-04 	3.565e-06 	1.389e-04 	5.179e-09 	3.436e-04 	5.098e-12 	9.064e-11 
0.65325 	1.00796 	1.389e-04 	3.896e-06 	1.386e-04 	5.774e-09 	3.436e-04 	5.628e-12 	9.539e-11 
0.67335 	1.03898 	1.385e-04 	4.256e-06 	1.383e-04 	6.438e-09 	3.437e-04 	6.211e-12 	1.004e-10 
0.69345 	1.06999 	1.381e-04 	4.647e-06 	1.379e-04 	7.177e-09 	3.437e-04 	6.852e-12 	1.057e-10 
0.71355 	1.10101 	1.377e-04 	5.071e-06 	1.375e-04 	8.000e-09 	3.437e-04 	7.558e-12 	1.112e-10 
0.73365 	1.13202 	1.372e-04 	5.532e-06 	1.370e-04 	8.917e-09 	3.437e-04 	8.334e-12 	1.171e-10 
0.75375 	1.16304 	1.368e-04 	6.031e-06 	1.365e-04 	9.938e-09 	3.438e-04 	9.188e-12 	1.233e-10 
0.77385 	1.19405 	1.362e-04 	6.572e-06 	1.360e-04 	1.107e-08 	3.438e-04 	1.013e-11 	1.298e-10 
0.79395 	1.22506 	1.356e-04 	7.156e-06 	1.354e-04 	1.234e-08 	3.438e-04 	1.116e-11 	1.367e-10 
0.81405 	1.25608 	1.350e-04 	7.788e-06 	1.348e-04 	1.374e-08 	3.438e-04 	1.229e-11 	1.440e-10 
0.83415 	1.28709 	1.344e-04 	8.469e-06 	1.341e-04 	1.531e-08 	3.439e-04 	1.354e-11 	1.518e-10 
0.85425 	1.31811 	1.336e-04 	9.202e-06 	1.334e-04 	1.704e-08 	3.439e-04 	1.491e-11 	1.600e-10 
0.87435 	1.34912 	1.329e-04 	9.991e-06 	1.326e-04 	1.897e-08 	3.439e-04 	1.642e-11 	1.686e-10 
0.89445 	1.38014 	1.320e-04 	1.084e-05 	1.318e-04 	2.111e-08 	3.440e-04 	1.809e-11 	1.778e-10 
0.91455 	1.41115 	1.311e-04 	1.175e-05 	1.309e-04 	2.348e-08 	3.440e-04 	1.991e-11 	1.876e-10 
0.93465 	1.44216 	1.302e-04 	1.272e-05 	1.299e-04 	2.611e-08 	3.441e-04 	2.193e-11 	1.980e-10 
0.95475 	1.47318 	1.292e-04 	1.376e-05 	1.289e-04 	2.902e-08 	3.441e-04 	2.415e-11 	2.091e-10 
0.97485 	1.50419 	1.281e-04 	1.487e-05 	1.278e-04 	3.225e-08 	3.442e-04 	2.659e-11 	2.209e-10 
0.99495 	1.53521 	1.269e-04 	1.604e-05 	1.267e-04 	3.582e-08 	3.442e-04 	2.929e-11 	2.335e-10 
1.01505 	1.56622 	1.257e-04 	1.730e-05 	1.254e-04 	3.976e-08 	3.443e-04 	3.227e-11 	2.469e-10 
1.03515 	1.59724 	1.244e-04 	1.862e-05 	1.241e-04 	4.412e-08 	3.443e-04 	3.556e-11 	2.613e-10 
1.05525 	1.62825 	1.230e-04 	2.002e-05 	1.227e-04 	4.892e-08 	3.444e-04 	3.920e-11 	2.767e-10 
1.07535 	1.65927 	1.215e-04 	2.150e-05 	1.213e-04 	5.422e-08 	3.445e-04 	4.322e-11 	2.933e-10 
1.09545 	1.69028 	1.200e-04 	2.306e-05 	1.197e-04 	6.006e-08 	3.445e-04 	4.768e-11 	3.110e-10 
1.11555 	1.72129 	1.184e-04 	2.469e-05 	1.181e-04 	6.649e-08 	3.446e-04 	5.263e-11 	3.301e-10 
1.13565 	1.75231 	1.167e-04 	2.639e-05 	1.164e-04 	7.356e-08 	3.447e-04 	5.812e-11 	3.506e-10 
1.15575 	1.78332 	1.149e-04 	2.818e-05 	1.147e-04 	8.133e-08 	3.447e-04 	6.422e-11 	3.728e-10 
1.17585 	1.81434 	1.131e-04 	3.003e-05 	1.129e-04 	8.985e-08 	3.448e-04 	7.101e-11 	3.967e-10 
1.19595 	1.84535 	1.112e-04 	3.196e-05 	1.110e-04 	9.919e-08 	3.449e-04 	7.857e-11 	4.225e-10 
1.21605 	1.87637 	1.092e-04 	3.395e-05 	1.090e-04 	1.094e-07 	3.450e-04 	8.701e-11 	4.504e-10 
1.23615 	1.90738 	1.072e-04 	3.601e-05 	1.070e-04 	1.206e-07 	3.451e-04 	9.643e-11 	4.807e-10 
1.25625 	1.93839 	1.051e-04 	3.814e-05 	1.049e-04 	1.329e-07 	3.452e-04 	1.070e-10 	5.134e-10 
1.27635 	1.96941 	1.030e-04 	4.032e-05 	1.027e-04 	1.462e-07 	3.452e-04 	1.187e-10 	5.490e-10 
1.29645 	2.00042 	1.008e-04 	4.255e-05 	1.005e-04 	1.608e-07 	3.453e-04 	1.319e-10 	5.877e-10 
1.31655 	2.03144 	9.850e-05 	4.483e-05 	9.823e-05 	1.767e-07 	3.454e-04 	1.468e-10 	6.297e-10 
1.33665 	2.06245 	9.620e-05 	4.715e-05 	9.593e-05 	1.940e-07 	3.455e-04 	1.634e-10 	6.755e-10 
1.35675 	2.09347 	9.386e-05 	4.952e-05 	9.359e-05 	2.128e-07 	3.456e-04 	1.821e-10 	7.253e-10 
1.37685 	2.12448 	9.148e-05 	5.191e-05 	9.122e-05 	2.332e-07 	3.457e-04 	2.032e-10 	7.796e-10 
1.39695 	2.15549 	8.908e-05 	5.433e-05 	8.881e-05 	2.554e-07 	3.458e-04 	2.269e-10 	8.389e-10 
1.41705 	2.18651 	8.666e-05 	5.677e-05 	8.639e-05 	2.794e-07 	3.459e-04 	2.537e-10 	9.036e-10 
1.43715 	2.21752 	8.422e-05 	5.923e-05 	8.395e-05 	3.054e-07 	3.459e-04 	2.839e-10 	9.743e-10 
1.45725 	2.24854 	8.177e-05 	6.169e-05 	8.150e-05 	3.335e-07 	3.460e-04 	3.181e-10 	1.052e-09 
1.47735 	2.27955 	7.931e-05 	6.415e-05 	7.904e-05 	3.639e-07 	3.461e-04 	3.567e-10 	1.136e-09 
1.49745 	2.31057 	7.685e-05 	6.662e-05 	7.658e-05 	3.967e-07 	3.462e-04 	4.005e-10 	1.228e-09 
1.51755 	2.34158 	7.440e-05 	6.907e-05 	7.413e-05 	4.321e-07 	3.463e-04 	4.500e-10 	1.330e-09 
1.53765 	2.37259 	7.196e-05 	7.151e-05 	7.169e-05 	4.702e-07 	3.463e-04 	5.062e-10 	1.441e-09 
1.55775 	2.40361 	6.953e-05 	7.393e-05 	6.926e-05 	5.113e-07 	3.464e-04 	5.699e-10 	1.562e-09 
1.57785 	2.43462 	6.713e-05 	7.633e-05 	6.685e-05 	5.554e-07 	3.465e-04 	6.421e-10 	1.695e-09 
1.59795 	2.46564 	6.474e-05 	7.869e-05 	6.447e-05 	6.028e-07 	3.465e-04 	7.242e-10 	1.842e-09 
1.61805 	2.49665 	6.239e-05 	8.103e-05 	6.211e-05 	6.537e-07 	3.465e-04 	8.175e-10 	2.002e-09 
1.63815 	2.52767 	6.007e-05 	8.332e-05 	5.979e-05 	7.084e-07 	3.466e-04 	9.234e-10 	2.178e-09 
1.65825 	2.55868 	5.778e-05 	8.558e-05 	5.750e-05 	7.669e-07 	3.466e-04 	1.044e-09 	2.371e-09 
1.67835 	2.58969 	5.553e-05 	8.778e-05 	5.525e-05 	8.296e-07 	3.466e-04 	1.181e-09 	2.583e-09 
1.69845 	2.62071 	5.332e-05 	8.994e-05 	5.304e-05 	8.968e-07 	3.467e-04 	1.337e-09 	2.816e-09 
1.71855 	2.65172 	5.116e-05 	9.205e-05 	5.088e-05 	9.686e-07 	3.467e-04 	1.514e-09 	3.072e-09 
1.73865 	2.68274 	4.904e-05 	9.410e-05 	4.876e-05 	1.045e-06 	3.467e-04 	1.716e-09 	3.354e-09 
1.75875 	2.71375 	4.697e-05 	9.610e-05 	4.670e-05 	1.128e-06 	3.466e-04 	1.945e-09 	3.663e-09 
1.77885 	2.74477 	4.495e-05 	9.804e-05 	4.468e-05 	1.215e-06 	3.466e-04 	2.206e-09 	4.002e-09 
1.79895 	2.77578 	4.298e-05 	9.991e-05 	4.271e-05 	1.309e-06 	3.466e-04 	2.503e-09 	4.376e-09 
1.81905 	2.80679 	4.107e-05 	1.017e-04 	4.080e-05 	1.409e-06 	3.465e-04 	2.841e-09 	4.786e-09 
1.83915 	2.83781 	3.921e-05 	1.035e-04 	3.894e-05 	1.516e-06 	3.464e-04 	3.225e-09 	5.237e-09 
1.85925 	2.86882 	3.740e-05 	1.051e-04 	3.713e-05 	1.630e-06 	3.464e-04 	3.661e-09 	5.733e-09 
1.87935 	2.89984 	3.565e-05 	1.068e-04 	3.538e-05 	1.752e-06 	3.463e-04 	4.156e-09 	6.278e-09 
1.89945 	2.93085 	3.396e-05 	1.083e-04 	3.369e-05 	1.882e-06 	3.462e-04 	4.719e-09 	6.877e-09 
1.91955 	2.96187 	3.232e-05 	1.098e-04 	3.205e-05 	2.021e-06 	3.460e-04 	5.356e-09 	7.535e-09 
1.93965 	2.99288 	3.074e-05 	1.112e-04 	3.047e-05 	2.169e-06 	3.459e-04 	6.079e-09 	8.257e-09 
1.95975 	3.02389 	2.921e-05 	1.125e-04 	2.895e-05 	2.328e-06 	3.457e-04 	6.898e-09 	9.051e-09 
1.97985 	3.05491 	2.774e-05 	1.138e-04 	2.748e-05 	2.498e-06 	3.455e-04 	7.824e-09 	9.922e-09 
1.99995 	3.08592 	2.633e-05 	1.149e-04 	2.607e-05 	2.680e-06 	3.453e-04 	8.871e-09 	1.088e-08 
