n = 1.0e+03, Tgas =   7.5, Tdust =   7.5, Go =  10.0
pc 	Av 	e- 	C 	C+ 	CO 	O 	O2 	H2O 
0.01005 	0.01551 	1.396e-04 	3.422e-07 	1.394e-04 	1.660e-10 	3.367e-04 	2.521e-14 	1.144e-11 
0.03015 	0.04652 	1.396e-04 	3.754e-07 	1.394e-04 	1.848e-10 	3.367e-04 	2.803e-14 	1.205e-11 
0.05025 	0.07754 	1.396e-04 	4.119e-07 	1.394e-04 	2.057e-10 	3.367e-04 	3.117e-14 	1.270e-11 
0.07035 	0.10855 	1.395e-04 	4.518e-07 	1.393e-04 	2.290e-10 	3.367e-04 	3.464e-14 	1.338e-11 
0.09045 	0.13956 	1.395e-04 	4.956e-07 	1.393e-04 	2.550e-10 	3.367e-04 	3.851e-14 	1.409e-11 
0.11055 	0.17058 	1.395e-04 	5.436e-07 	1.393e-04 	2.840e-10 	3.368e-04 	4.279e-14 	1.485e-11 
0.13065 	0.20159 	1.394e-04 	5.962e-07 	1.392e-04 	3.163e-10 	3.368e-04 	4.755e-14 	1.564e-11 
0.15075 	0.23261 	1.394e-04 	6.539e-07 	1.392e-04 	3.524e-10 	3.368e-04 	5.283e-14 	1.647e-11 
0.17085 	0.26362 	1.393e-04 	7.171e-07 	1.391e-04 	3.927e-10 	3.368e-04 	5.869e-14 	1.735e-11 
0.19095 	0.29464 	1.392e-04 	7.863e-07 	1.390e-04 	4.377e-10 	3.368e-04 	6.519e-14 	1.827e-11 
0.21105 	0.32565 	1.392e-04 	8.622e-07 	1.390e-04 	4.879e-10 	3.368e-04 	7.240e-14 	1.925e-11 
0.23115 	0.35666 	1.391e-04 	9.452e-07 	1.389e-04 	5.439e-10 	3.369e-04 	8.039e-14 	2.027e-11 
0.25125 	0.38768 	1.390e-04 	1.036e-06 	1.388e-04 	6.065e-10 	3.369e-04 	8.925e-14 	2.135e-11 
0.27135 	0.41869 	1.389e-04 	1.136e-06 	1.387e-04 	6.763e-10 	3.369e-04 	9.907e-14 	2.248e-11 
0.29145 	0.44971 	1.388e-04 	1.245e-06 	1.386e-04 	7.543e-10 	3.369e-04 	1.099e-13 	2.367e-11 
0.31155 	0.48072 	1.387e-04 	1.364e-06 	1.385e-04 	8.413e-10 	3.369e-04 	1.220e-13 	2.493e-11 
0.33165 	0.51174 	1.386e-04 	1.494e-06 	1.384e-04 	9.386e-10 	3.369e-04 	1.353e-13 	2.625e-11 
0.35175 	0.54275 	1.384e-04 	1.637e-06 	1.382e-04 	1.047e-09 	3.370e-04 	1.501e-13 	2.765e-11 
0.37185 	0.57376 	1.383e-04 	1.793e-06 	1.381e-04 	1.168e-09 	3.370e-04 	1.665e-13 	2.911e-11 
0.39195 	0.60478 	1.381e-04 	1.963e-06 	1.379e-04 	1.304e-09 	3.370e-04 	1.846e-13 	3.066e-11 
0.41205 	0.63579 	1.380e-04 	2.149e-06 	1.378e-04 	1.455e-09 	3.370e-04 	2.046e-13 	3.229e-11 
0.43215 	0.66681 	1.378e-04 	2.352e-06 	1.376e-04 	1.623e-09 	3.370e-04 	2.268e-13 	3.400e-11 
0.45225 	0.69782 	1.375e-04 	2.574e-06 	1.373e-04 	1.812e-09 	3.371e-04 	2.513e-13 	3.581e-11 
0.47235 	0.72884 	1.373e-04 	2.816e-06 	1.371e-04 	2.022e-09 	3.371e-04 	2.783e-13 	3.772e-11 
0.49245 	0.75985 	1.371e-04 	3.080e-06 	1.369e-04 	2.256e-09 	3.371e-04 	3.083e-13 	3.973e-11 
0.51255 	0.79086 	1.368e-04 	3.367e-06 	1.366e-04 	2.518e-09 	3.371e-04 	3.414e-13 	4.185e-11 
0.53265 	0.82188 	1.365e-04 	3.679e-06 	1.363e-04 	2.811e-09 	3.372e-04 	3.779e-13 	4.408e-11 
0.55275 	0.85289 	1.361e-04 	4.020e-06 	1.360e-04 	3.137e-09 	3.372e-04 	4.182e-13 	4.644e-11 
0.57285 	0.88391 	1.358e-04 	4.389e-06 	1.356e-04 	3.500e-09 	3.372e-04 	4.628e-13 	4.894e-11 
0.59295 	0.91492 	1.354e-04 	4.791e-06 	1.352e-04 	3.906e-09 	3.373e-04 	5.120e-13 	5.157e-11 
0.61305 	0.94594 	1.350e-04 	5.227e-06 	1.348e-04 	4.359e-09 	3.373e-04 	5.663e-13 	5.436e-11 
0.63315 	0.97695 	1.345e-04 	5.699e-06 	1.343e-04 	4.863e-09 	3.373e-04 	6.262e-13 	5.731e-11 
0.65325 	1.00796 	1.340e-04 	6.211e-06 	1.338e-04 	5.425e-09 	3.374e-04 	6.924e-13 	6.043e-11 
0.67335 	1.03898 	1.335e-04 	6.765e-06 	1.333e-04 	6.051e-09 	3.374e-04 	7.654e-13 	6.374e-11 
0.69345 	1.06999 	1.329e-04 	7.363e-06 	1.327e-04 	6.749e-09 	3.375e-04 	8.459e-13 	6.725e-11 
0.71355 	1.10101 	1.323e-04 	8.009e-06 	1.321e-04 	7.525e-09 	3.375e-04 	9.347e-13 	7.097e-11 
0.73365 	1.13202 	1.316e-04 	8.704e-06 	1.314e-04 	8.390e-09 	3.376e-04 	1.033e-12 	7.492e-11 
0.75375 	1.16304 	1.309e-04 	9.453e-06 	1.307e-04 	9.351e-09 	3.376e-04 	1.141e-12 	7.913e-11 
0.77385 	1.19405 	1.301e-04 	1.026e-05 	1.299e-04 	1.042e-08 	3.377e-04 	1.260e-12 	8.360e-11 
0.79395 	1.22506 	1.293e-04 	1.112e-05 	1.291e-04 	1.161e-08 	3.378e-04 	1.392e-12 	8.837e-11 
0.81405 	1.25608 	1.284e-04 	1.204e-05 	1.282e-04 	1.293e-08 	3.378e-04 	1.538e-12 	9.345e-11 
0.83415 	1.28709 	1.274e-04 	1.303e-05 	1.272e-04 	1.439e-08 	3.379e-04 	1.698e-12 	9.888e-11 
0.85425 	1.31811 	1.264e-04 	1.408e-05 	1.262e-04 	1.602e-08 	3.380e-04 	1.876e-12 	1.047e-10 
0.87435 	1.34912 	1.253e-04 	1.520e-05 	1.251e-04 	1.782e-08 	3.381e-04 	2.072e-12 	1.109e-10 
0.89445 	1.38014 	1.242e-04 	1.640e-05 	1.240e-04 	1.982e-08 	3.382e-04 	2.290e-12 	1.176e-10 
0.91455 	1.41115 	1.229e-04 	1.766e-05 	1.227e-04 	2.204e-08 	3.383e-04 	2.530e-12 	1.247e-10 
0.93465 	1.44216 	1.216e-04 	1.900e-05 	1.214e-04 	2.449e-08 	3.384e-04 	2.796e-12 	1.324e-10 
0.95475 	1.47318 	1.203e-04 	2.041e-05 	1.201e-04 	2.720e-08 	3.385e-04 	3.091e-12 	1.407e-10 
0.97485 	1.50419 	1.188e-04 	2.189e-05 	1.186e-04 	3.019e-08 	3.386e-04 	3.418e-12 	1.496e-10 
0.99495 	1.53521 	1.173e-04 	2.345e-05 	1.171e-04 	3.350e-08 	3.388e-04 	3.781e-12 	1.592e-10 
1.01505 	1.56622 	1.157e-04 	2.508e-05 	1.155e-04 	3.714e-08 	3.389e-04 	4.184e-12 	1.696e-10 
1.03515 	1.59724 	1.141e-04 	2.679e-05 	1.139e-04 	4.116e-08 	3.390e-04 	4.633e-12 	1.808e-10 
1.05525 	1.62825 	1.123e-04 	2.857e-05 	1.121e-04 	4.559e-08 	3.392e-04 	5.133e-12 	1.930e-10 
1.07535 	1.65927 	1.106e-04 	3.041e-05 	1.103e-04 	5.047e-08 	3.393e-04 	5.690e-12 	2.062e-10 
1.09545 	1.69028 	1.087e-04 	3.233e-05 	1.085e-04 	5.583e-08 	3.395e-04 	6.311e-12 	2.205e-10 
1.11555 	1.72129 	1.068e-04 	3.431e-05 	1.066e-04 	6.172e-08 	3.396e-04 	7.005e-12 	2.360e-10 
1.13565 	1.75231 	1.048e-04 	3.636e-05 	1.046e-04 	6.818e-08 	3.398e-04 	7.782e-12 	2.529e-10 
1.15575 	1.78332 	1.028e-04 	3.846e-05 	1.025e-04 	7.527e-08 	3.399e-04 	8.652e-12 	2.713e-10 
1.17585 	1.81434 	1.007e-04 	4.061e-05 	1.004e-04 	8.303e-08 	3.401e-04 	9.628e-12 	2.914e-10 
1.19595 	1.84535 	9.852e-05 	4.282e-05 	9.830e-05 	9.153e-08 	3.403e-04 	1.072e-11 	3.133e-10 
1.21605 	1.87637 	9.633e-05 	4.507e-05 	9.611e-05 	1.008e-07 	3.405e-04 	1.196e-11 	3.372e-10 
1.23615 	1.90738 	9.411e-05 	4.735e-05 	9.389e-05 	1.110e-07 	3.406e-04 	1.334e-11 	3.633e-10 
1.25625 	1.93839 	9.185e-05 	4.968e-05 	9.163e-05 	1.221e-07 	3.408e-04 	1.491e-11 	3.918e-10 
1.27635 	1.96941 	8.957e-05 	5.203e-05 	8.934e-05 	1.341e-07 	3.410e-04 	1.667e-11 	4.230e-10 
1.29645 	2.00042 	8.726e-05 	5.441e-05 	8.703e-05 	1.473e-07 	3.412e-04 	1.866e-11 	4.572e-10 
1.31655 	2.03144 	8.493e-05 	5.680e-05 	8.470e-05 	1.616e-07 	3.414e-04 	2.092e-11 	4.946e-10 
1.33665 	2.06245 	8.259e-05 	5.921e-05 	8.236e-05 	1.772e-07 	3.416e-04 	2.348e-11 	5.356e-10 
1.35675 	2.09347 	8.024e-05 	6.162e-05 	8.001e-05 	1.942e-07 	3.418e-04 	2.638e-11 	5.806e-10 
1.37685 	2.12448 	7.789e-05 	6.403e-05 	7.765e-05 	2.125e-07 	3.419e-04 	2.967e-11 	6.300e-10 
1.39695 	2.15549 	7.554e-05 	6.645e-05 	7.530e-05 	2.325e-07 	3.421e-04 	3.341e-11 	6.841e-10 
1.41705 	2.18651 	7.319e-05 	6.885e-05 	7.295e-05 	2.540e-07 	3.423e-04 	3.766e-11 	7.436e-10 
1.43715 	2.21752 	7.086e-05 	7.124e-05 	7.062e-05 	2.774e-07 	3.425e-04 	4.251e-11 	8.090e-10 
1.45725 	2.24854 	6.854e-05 	7.361e-05 	6.830e-05 	3.027e-07 	3.427e-04 	4.803e-11 	8.808e-10 
1.47735 	2.27955 	6.625e-05 	7.595e-05 	6.600e-05 	3.300e-07 	3.428e-04 	5.434e-11 	9.597e-10 
1.49745 	2.31057 	6.398e-05 	7.827e-05 	6.373e-05 	3.594e-07 	3.430e-04 	6.153e-11 	1.047e-09 
1.51755 	2.34158 	6.173e-05 	8.056e-05 	6.148e-05 	3.912e-07 	3.432e-04 	6.976e-11 	1.142e-09 
1.53765 	2.37259 	5.952e-05 	8.282e-05 	5.927e-05 	4.254e-07 	3.433e-04 	7.917e-11 	1.247e-09 
1.55775 	2.40361 	5.734e-05 	8.503e-05 	5.708e-05 	4.623e-07 	3.435e-04 	8.994e-11 	1.362e-09 
1.57785 	2.43462 	5.519e-05 	8.721e-05 	5.494e-05 	5.019e-07 	3.436e-04 	1.023e-10 	1.490e-09 
1.59795 	2.46564 	5.309e-05 	8.934e-05 	5.283e-05 	5.445e-07 	3.438e-04 	1.164e-10 	1.630e-09 
1.61805 	2.49665 	5.103e-05 	9.142e-05 	5.077e-05 	5.903e-07 	3.439e-04 	1.326e-10 	1.784e-09 
1.63815 	2.52767 	4.901e-05 	9.345e-05 	4.875e-05 	6.395e-07 	3.440e-04 	1.512e-10 	1.953e-09 
1.65825 	2.55868 	4.703e-05 	9.544e-05 	4.677e-05 	6.922e-07 	3.441e-04 	1.725e-10 	2.140e-09 
1.67835 	2.58969 	4.510e-05 	9.737e-05 	4.484e-05 	7.486e-07 	3.442e-04 	1.970e-10 	2.345e-09 
1.69845 	2.62071 	4.322e-05 	9.924e-05 	4.296e-05 	8.091e-07 	3.443e-04 	2.251e-10 	2.571e-09 
1.71855 	2.65172 	4.139e-05 	1.011e-04 	4.113e-05 	8.739e-07 	3.444e-04 	2.574e-10 	2.820e-09 
1.73865 	2.68274 	3.961e-05 	1.028e-04 	3.935e-05 	9.432e-07 	3.445e-04 	2.944e-10 	3.094e-09 
1.75875 	2.71375 	3.788e-05 	1.045e-04 	3.762e-05 	1.017e-06 	3.446e-04 	3.370e-10 	3.396e-09 
1.77885 	2.74477 	3.620e-05 	1.062e-04 	3.594e-05 	1.097e-06 	3.446e-04 	3.860e-10 	3.728e-09 
1.79895 	2.77578 	3.457e-05 	1.077e-04 	3.431e-05 	1.181e-06 	3.447e-04 	4.423e-10 	4.094e-09 
1.81905 	2.80679 	3.300e-05 	1.093e-04 	3.273e-05 	1.272e-06 	3.447e-04 	5.069e-10 	4.496e-09 
1.83915 	2.83781 	3.147e-05 	1.107e-04 	3.120e-05 	1.369e-06 	3.447e-04 	5.812e-10 	4.938e-09 
1.85925 	2.86882 	2.999e-05 	1.121e-04 	2.973e-05 	1.472e-06 	3.447e-04 	6.665e-10 	5.425e-09 
1.87935 	2.89984 	2.857e-05 	1.135e-04 	2.830e-05 	1.582e-06 	3.447e-04 	7.644e-10 	5.959e-09 
1.89945 	2.93085 	2.720e-05 	1.147e-04 	2.693e-05 	1.700e-06 	3.446e-04 	8.769e-10 	6.547e-09 
1.91955 	2.96187 	2.587e-05 	1.159e-04 	2.561e-05 	1.826e-06 	3.446e-04 	1.006e-09 	7.193e-09 
1.93965 	2.99288 	2.460e-05 	1.171e-04 	2.433e-05 	1.961e-06 	3.445e-04 	1.154e-09 	7.903e-09 
1.95975 	3.02389 	2.337e-05 	1.182e-04 	2.311e-05 	2.105e-06 	3.444e-04 	1.324e-09 	8.681e-09 
1.97985 	3.05491 	2.219e-05 	1.192e-04 	2.193e-05 	2.260e-06 	3.443e-04 	1.518e-09 	9.536e-09 
1.99995 	3.08592 	2.106e-05 	1.201e-04 	2.080e-05 	2.425e-06 	3.442e-04 	1.740e-09 	1.047e-08 
