n = 1.0e+02, Tgas =  37.5, Tdust =  37.5, Go =  10.0
pc 	Av 	e- 	C 	C+ 	CO 	O 	O2 	H2O 
0.01005 	0.00155 	1.452e-04 	1.417e-08 	1.402e-04 	7.806e-12 	3.380e-04 	4.037e-14 	2.684e-11 
0.03015 	0.00465 	1.452e-04 	1.431e-08 	1.402e-04 	7.881e-12 	3.380e-04 	4.079e-14 	2.698e-11 
0.05025 	0.00775 	1.452e-04 	1.444e-08 	1.402e-04 	7.956e-12 	3.381e-04 	4.122e-14 	2.711e-11 
0.07035 	0.01086 	1.452e-04 	1.458e-08 	1.402e-04 	8.032e-12 	3.381e-04 	4.166e-14 	2.724e-11 
0.09045 	0.01396 	1.452e-04 	1.471e-08 	1.402e-04 	8.109e-12 	3.381e-04 	4.210e-14 	2.738e-11 
0.11055 	0.01706 	1.452e-04 	1.485e-08 	1.402e-04 	8.186e-12 	3.381e-04 	4.254e-14 	2.751e-11 
0.13065 	0.02016 	1.452e-04 	1.499e-08 	1.402e-04 	8.265e-12 	3.381e-04 	4.299e-14 	2.765e-11 
0.15075 	0.02326 	1.452e-04 	1.513e-08 	1.402e-04 	8.344e-12 	3.381e-04 	4.344e-14 	2.779e-11 
0.17085 	0.02636 	1.452e-04 	1.527e-08 	1.402e-04 	8.423e-12 	3.381e-04 	4.390e-14 	2.793e-11 
0.19095 	0.02946 	1.452e-04 	1.542e-08 	1.402e-04 	8.504e-12 	3.381e-04 	4.437e-14 	2.806e-11 
0.21105 	0.03257 	1.451e-04 	1.556e-08 	1.402e-04 	8.585e-12 	3.381e-04 	4.484e-14 	2.820e-11 
0.23115 	0.03567 	1.451e-04 	1.571e-08 	1.402e-04 	8.667e-12 	3.382e-04 	4.531e-14 	2.834e-11 
0.25125 	0.03877 	1.451e-04 	1.585e-08 	1.402e-04 	8.750e-12 	3.382e-04 	4.579e-14 	2.849e-11 
0.27135 	0.04187 	1.451e-04 	1.600e-08 	1.402e-04 	8.833e-12 	3.382e-04 	4.627e-14 	2.863e-11 
0.29145 	0.04497 	1.451e-04 	1.615e-08 	1.403e-04 	8.918e-12 	3.382e-04 	4.676e-14 	2.877e-11 
0.31155 	0.04807 	1.451e-04 	1.631e-08 	1.403e-04 	9.003e-12 	3.382e-04 	4.726e-14 	2.891e-11 
0.33165 	0.05117 	1.451e-04 	1.646e-08 	1.403e-04 	9.089e-12 	3.382e-04 	4.775e-14 	2.906e-11 
0.35175 	0.05428 	1.451e-04 	1.661e-08 	1.403e-04 	9.176e-12 	3.382e-04 	4.826e-14 	2.920e-11 
0.37185 	0.05738 	1.451e-04 	1.677e-08 	1.403e-04 	9.264e-12 	3.382e-04 	4.877e-14 	2.935e-11 
0.39195 	0.06048 	1.451e-04 	1.693e-08 	1.403e-04 	9.352e-12 	3.382e-04 	4.929e-14 	2.949e-11 
0.41205 	0.06358 	1.451e-04 	1.708e-08 	1.403e-04 	9.441e-12 	3.382e-04 	4.981e-14 	2.964e-11 
0.43215 	0.06668 	1.451e-04 	1.724e-08 	1.403e-04 	9.532e-12 	3.383e-04 	5.033e-14 	2.979e-11 
0.45225 	0.06978 	1.451e-04 	1.741e-08 	1.403e-04 	9.623e-12 	3.383e-04 	5.087e-14 	2.993e-11 
0.47235 	0.07288 	1.451e-04 	1.757e-08 	1.403e-04 	9.715e-12 	3.383e-04 	5.140e-14 	3.008e-11 
0.49245 	0.07599 	1.451e-04 	1.773e-08 	1.403e-04 	9.807e-12 	3.383e-04 	5.195e-14 	3.023e-11 
0.51255 	0.07909 	1.451e-04 	1.790e-08 	1.403e-04 	9.901e-12 	3.383e-04 	5.250e-14 	3.038e-11 
0.53265 	0.08219 	1.451e-04 	1.807e-08 	1.403e-04 	9.996e-12 	3.383e-04 	5.305e-14 	3.054e-11 
0.55275 	0.08529 	1.451e-04 	1.824e-08 	1.403e-04 	1.009e-11 	3.383e-04 	5.362e-14 	3.069e-11 
0.57285 	0.08839 	1.451e-04 	1.841e-08 	1.403e-04 	1.019e-11 	3.383e-04 	5.418e-14 	3.084e-11 
0.59295 	0.09149 	1.451e-04 	1.858e-08 	1.403e-04 	1.028e-11 	3.383e-04 	5.476e-14 	3.100e-11 
0.61305 	0.09459 	1.451e-04 	1.876e-08 	1.403e-04 	1.038e-11 	3.384e-04 	5.534e-14 	3.115e-11 
0.63315 	0.09770 	1.451e-04 	1.893e-08 	1.403e-04 	1.048e-11 	3.384e-04 	5.592e-14 	3.131e-11 
0.65325 	0.10080 	1.451e-04 	1.911e-08 	1.403e-04 	1.058e-11 	3.384e-04 	5.652e-14 	3.146e-11 
0.67335 	0.10390 	1.451e-04 	1.929e-08 	1.403e-04 	1.068e-11 	3.384e-04 	5.711e-14 	3.162e-11 
0.69345 	0.10700 	1.450e-04 	1.947e-08 	1.403e-04 	1.079e-11 	3.384e-04 	5.772e-14 	3.178e-11 
0.71355 	0.11010 	1.450e-04 	1.965e-08 	1.403e-04 	1.089e-11 	3.384e-04 	5.833e-14 	3.194e-11 
0.73365 	0.11320 	1.450e-04 	1.984e-08 	1.403e-04 	1.099e-11 	3.384e-04 	5.895e-14 	3.210e-11 
0.75375 	0.11630 	1.450e-04 	2.002e-08 	1.403e-04 	1.110e-11 	3.384e-04 	5.957e-14 	3.226e-11 
0.77385 	0.11941 	1.450e-04 	2.021e-08 	1.404e-04 	1.120e-11 	3.384e-04 	6.020e-14 	3.242e-11 
0.79395 	0.12251 	1.450e-04 	2.040e-08 	1.404e-04 	1.131e-11 	3.384e-04 	6.084e-14 	3.258e-11 
0.81405 	0.12561 	1.450e-04 	2.059e-08 	1.404e-04 	1.142e-11 	3.385e-04 	6.149e-14 	3.274e-11 
0.83415 	0.12871 	1.450e-04 	2.078e-08 	1.404e-04 	1.153e-11 	3.385e-04 	6.214e-14 	3.291e-11 
0.85425 	0.13181 	1.450e-04 	2.098e-08 	1.404e-04 	1.164e-11 	3.385e-04 	6.280e-14 	3.307e-11 
0.87435 	0.13491 	1.450e-04 	2.118e-08 	1.404e-04 	1.175e-11 	3.385e-04 	6.346e-14 	3.324e-11 
0.89445 	0.13801 	1.450e-04 	2.137e-08 	1.404e-04 	1.186e-11 	3.385e-04 	6.414e-14 	3.340e-11 
0.91455 	0.14112 	1.450e-04 	2.157e-08 	1.404e-04 	1.198e-11 	3.385e-04 	6.482e-14 	3.357e-11 
0.93465 	0.14422 	1.450e-04 	2.178e-08 	1.404e-04 	1.209e-11 	3.385e-04 	6.551e-14 	3.374e-11 
0.95475 	0.14732 	1.450e-04 	2.198e-08 	1.404e-04 	1.221e-11 	3.385e-04 	6.620e-14 	3.391e-11 
0.97485 	0.15042 	1.450e-04 	2.219e-08 	1.404e-04 	1.232e-11 	3.385e-04 	6.690e-14 	3.408e-11 
0.99495 	0.15352 	1.450e-04 	2.240e-08 	1.404e-04 	1.244e-11 	3.385e-04 	6.761e-14 	3.425e-11 
1.01505 	0.15662 	1.450e-04 	2.261e-08 	1.404e-04 	1.256e-11 	3.385e-04 	6.833e-14 	3.442e-11 
1.03515 	0.15972 	1.450e-04 	2.282e-08 	1.404e-04 	1.268e-11 	3.386e-04 	6.906e-14 	3.460e-11 
1.05525 	0.16283 	1.450e-04 	2.303e-08 	1.404e-04 	1.280e-11 	3.386e-04 	6.979e-14 	3.477e-11 
1.07535 	0.16593 	1.450e-04 	2.325e-08 	1.404e-04 	1.292e-11 	3.386e-04 	7.053e-14 	3.494e-11 
1.09545 	0.16903 	1.450e-04 	2.346e-08 	1.404e-04 	1.305e-11 	3.386e-04 	7.128e-14 	3.512e-11 
1.11555 	0.17213 	1.450e-04 	2.368e-08 	1.404e-04 	1.317e-11 	3.386e-04 	7.204e-14 	3.530e-11 
1.13565 	0.17523 	1.450e-04 	2.391e-08 	1.404e-04 	1.330e-11 	3.386e-04 	7.280e-14 	3.547e-11 
1.15575 	0.17833 	1.450e-04 	2.413e-08 	1.404e-04 	1.342e-11 	3.386e-04 	7.357e-14 	3.565e-11 
1.17585 	0.18143 	1.450e-04 	2.436e-08 	1.404e-04 	1.355e-11 	3.386e-04 	7.436e-14 	3.583e-11 
1.19595 	0.18454 	1.450e-04 	2.459e-08 	1.404e-04 	1.368e-11 	3.386e-04 	7.515e-14 	3.601e-11 
1.21605 	0.18764 	1.450e-04 	2.482e-08 	1.404e-04 	1.381e-11 	3.386e-04 	7.594e-14 	3.619e-11 
1.23615 	0.19074 	1.449e-04 	2.505e-08 	1.404e-04 	1.395e-11 	3.386e-04 	7.675e-14 	3.637e-11 
1.25625 	0.19384 	1.449e-04 	2.528e-08 	1.404e-04 	1.408e-11 	3.387e-04 	7.757e-14 	3.656e-11 
1.27635 	0.19694 	1.449e-04 	2.552e-08 	1.404e-04 	1.421e-11 	3.387e-04 	7.839e-14 	3.674e-11 
1.29645 	0.20004 	1.449e-04 	2.576e-08 	1.404e-04 	1.435e-11 	3.387e-04 	7.922e-14 	3.693e-11 
1.31655 	0.20314 	1.449e-04 	2.600e-08 	1.405e-04 	1.449e-11 	3.387e-04 	8.007e-14 	3.711e-11 
1.33665 	0.20625 	1.449e-04 	2.624e-08 	1.405e-04 	1.463e-11 	3.387e-04 	8.092e-14 	3.730e-11 
1.35675 	0.20935 	1.449e-04 	2.649e-08 	1.405e-04 	1.477e-11 	3.387e-04 	8.178e-14 	3.749e-11 
1.37685 	0.21245 	1.449e-04 	2.674e-08 	1.405e-04 	1.491e-11 	3.387e-04 	8.265e-14 	3.768e-11 
1.39695 	0.21555 	1.449e-04 	2.699e-08 	1.405e-04 	1.505e-11 	3.387e-04 	8.353e-14 	3.787e-11 
1.41705 	0.21865 	1.449e-04 	2.724e-08 	1.405e-04 	1.519e-11 	3.387e-04 	8.441e-14 	3.806e-11 
1.43715 	0.22175 	1.449e-04 	2.750e-08 	1.405e-04 	1.534e-11 	3.387e-04 	8.531e-14 	3.825e-11 
1.45725 	0.22485 	1.449e-04 	2.775e-08 	1.405e-04 	1.549e-11 	3.387e-04 	8.622e-14 	3.844e-11 
1.47735 	0.22796 	1.449e-04 	2.801e-08 	1.405e-04 	1.564e-11 	3.388e-04 	8.714e-14 	3.864e-11 
1.49745 	0.23106 	1.449e-04 	2.828e-08 	1.405e-04 	1.579e-11 	3.388e-04 	8.806e-14 	3.883e-11 
1.51755 	0.23416 	1.449e-04 	2.854e-08 	1.405e-04 	1.594e-11 	3.388e-04 	8.900e-14 	3.903e-11 
1.53765 	0.23726 	1.449e-04 	2.881e-08 	1.405e-04 	1.609e-11 	3.388e-04 	8.995e-14 	3.922e-11 
1.55775 	0.24036 	1.449e-04 	2.908e-08 	1.405e-04 	1.624e-11 	3.388e-04 	9.090e-14 	3.942e-11 
1.57785 	0.24346 	1.449e-04 	2.935e-08 	1.405e-04 	1.640e-11 	3.388e-04 	9.187e-14 	3.962e-11 
1.59795 	0.24656 	1.449e-04 	2.963e-08 	1.405e-04 	1.656e-11 	3.388e-04 	9.285e-14 	3.982e-11 
1.61805 	0.24967 	1.449e-04 	2.990e-08 	1.405e-04 	1.672e-11 	3.388e-04 	9.384e-14 	4.002e-11 
1.63815 	0.25277 	1.449e-04 	3.018e-08 	1.405e-04 	1.688e-11 	3.388e-04 	9.484e-14 	4.023e-11 
1.65825 	0.25587 	1.449e-04 	3.047e-08 	1.405e-04 	1.704e-11 	3.388e-04 	9.585e-14 	4.043e-11 
1.67835 	0.25897 	1.449e-04 	3.075e-08 	1.405e-04 	1.720e-11 	3.388e-04 	9.687e-14 	4.063e-11 
1.69845 	0.26207 	1.449e-04 	3.104e-08 	1.405e-04 	1.737e-11 	3.389e-04 	9.790e-14 	4.084e-11 
1.71855 	0.26517 	1.449e-04 	3.133e-08 	1.405e-04 	1.753e-11 	3.389e-04 	9.894e-14 	4.105e-11 
1.73865 	0.26827 	1.449e-04 	3.163e-08 	1.405e-04 	1.770e-11 	3.389e-04 	9.999e-14 	4.125e-11 
1.75875 	0.27138 	1.449e-04 	3.192e-08 	1.405e-04 	1.787e-11 	3.389e-04 	1.011e-13 	4.146e-11 
1.77885 	0.27448 	1.449e-04 	3.222e-08 	1.405e-04 	1.804e-11 	3.389e-04 	1.021e-13 	4.167e-11 
1.79895 	0.27758 	1.449e-04 	3.252e-08 	1.405e-04 	1.822e-11 	3.389e-04 	1.032e-13 	4.188e-11 
1.81905 	0.28068 	1.449e-04 	3.283e-08 	1.405e-04 	1.839e-11 	3.389e-04 	1.043e-13 	4.209e-11 
1.83915 	0.28378 	1.449e-04 	3.313e-08 	1.405e-04 	1.857e-11 	3.389e-04 	1.054e-13 	4.231e-11 
1.85925 	0.28688 	1.449e-04 	3.344e-08 	1.405e-04 	1.875e-11 	3.389e-04 	1.066e-13 	4.252e-11 
1.87935 	0.28998 	1.449e-04 	3.376e-08 	1.405e-04 	1.893e-11 	3.389e-04 	1.077e-13 	4.274e-11 
1.89945 	0.29309 	1.449e-04 	3.407e-08 	1.405e-04 	1.911e-11 	3.389e-04 	1.088e-13 	4.295e-11 
1.91955 	0.29619 	1.448e-04 	3.439e-08 	1.405e-04 	1.929e-11 	3.389e-04 	1.100e-13 	4.317e-11 
1.93965 	0.29929 	1.448e-04 	3.472e-08 	1.406e-04 	1.948e-11 	3.390e-04 	1.112e-13 	4.339e-11 
1.95975 	0.30239 	1.448e-04 	3.504e-08 	1.406e-04 	1.967e-11 	3.390e-04 	1.124e-13 	4.361e-11 
1.97985 	0.30549 	1.448e-04 	3.537e-08 	1.406e-04 	1.985e-11 	3.390e-04 	1.136e-13 	4.383e-11 
1.99995 	0.30859 	1.448e-04 	3.570e-08 	1.406e-04 	2.005e-11 	3.390e-04 	1.148e-13 	4.405e-11 
