n = 7.0e+03, Tgas =  25.0, Tdust =  25.0, Go =  10.0
pc 	Av 	e- 	C 	C+ 	CO 	O 	O2 	H2O 
0.01005 	0.10855 	1.416e-04 	1.664e-06 	1.415e-04 	8.810e-09 	3.454e-04 	2.978e-12 	2.222e-11 
0.03015 	0.32565 	1.401e-04 	3.130e-06 	1.400e-04 	1.910e-08 	3.454e-04 	5.567e-12 	3.065e-11 
0.05025 	0.54275 	1.374e-04 	5.797e-06 	1.374e-04 	4.116e-08 	3.455e-04 	1.005e-11 	4.192e-11 
0.07035 	0.75985 	1.328e-04 	1.044e-05 	1.327e-04 	8.754e-08 	3.457e-04 	1.756e-11 	5.721e-11 
0.09045 	0.97695 	1.252e-04 	1.801e-05 	1.252e-04 	1.822e-07 	3.459e-04 	3.003e-11 	7.892e-11 
0.11055 	1.19405 	1.141e-04 	2.917e-05 	1.140e-04 	3.668e-07 	3.462e-04 	5.131e-11 	1.121e-10 
0.13065 	1.41115 	9.937e-05 	4.375e-05 	9.933e-05 	7.070e-07 	3.465e-04 	9.006e-11 	1.670e-10 
0.15075 	1.62825 	8.239e-05 	6.043e-05 	8.236e-05 	1.294e-06 	3.467e-04 	1.666e-10 	2.639e-10 
0.17085 	1.84535 	6.497e-05 	7.723e-05 	6.493e-05 	2.240e-06 	3.465e-04 	3.293e-10 	4.426e-10 
0.19095 	2.06245 	4.878e-05 	9.232e-05 	4.875e-05 	3.658e-06 	3.458e-04 	6.957e-10 	7.840e-10 
0.21105 	2.27955 	3.491e-05 	1.045e-04 	3.488e-05 	5.639e-06 	3.445e-04 	1.549e-09 	1.456e-09 
0.23115 	2.49665 	2.380e-05 	1.133e-04 	2.378e-05 	8.216e-06 	3.424e-04 	3.545e-09 	2.808e-09 
0.25125 	2.71375 	1.543e-05 	1.187e-04 	1.541e-05 	1.137e-05 	3.395e-04 	8.047e-09 	5.554e-09 
0.27135 	2.93085 	9.505e-06 	1.210e-04 	9.483e-06 	1.515e-05 	3.355e-04 	1.732e-08 	1.104e-08 
0.29145 	3.14795 	5.589e-06 	1.202e-04 	5.570e-06 	1.994e-05 	3.297e-04 	3.377e-08 	2.144e-08 
0.31155 	3.36505 	3.187e-06 	1.159e-04 	3.170e-06 	2.676e-05 	3.196e-04 	5.783e-08 	3.955e-08 
0.33165 	3.58215 	1.813e-06 	1.068e-04 	1.799e-06 	3.721e-05 	3.007e-04 	8.720e-08 	6.755e-08 
0.35175 	3.79925 	1.071e-06 	9.238e-05 	1.059e-06 	5.242e-05 	2.668e-04 	1.184e-07 	1.044e-07 
0.37185 	4.01635 	6.907e-07 	7.433e-05 	6.793e-07 	7.086e-05 	2.139e-04 	1.454e-07 	1.410e-07 
0.39195 	4.23345 	5.154e-07 	5.795e-05 	5.040e-07 	8.743e-05 	1.496e-04 	1.526e-07 	1.580e-07 
0.41205 	4.45055 	4.527e-07 	4.780e-05 	4.410e-07 	9.764e-05 	9.376e-05 	1.279e-07 	1.450e-07 
0.43215 	4.66765 	4.446e-07 	4.381e-05 	4.327e-07 	1.016e-04 	5.683e-05 	8.685e-08 	1.154e-07 
0.45225 	4.88475 	4.591e-07 	4.388e-05 	4.473e-07 	1.015e-04 	3.517e-05 	5.136e-08 	8.554e-08 
0.47235 	5.10185 	4.816e-07 	4.622e-05 	4.699e-07 	9.908e-05 	2.263e-05 	2.825e-08 	6.174e-08 
0.49245 	5.31895 	5.054e-07 	4.954e-05 	4.939e-07 	9.564e-05 	1.517e-05 	1.516e-08 	4.446e-08 
0.51255 	5.53605 	5.268e-07 	5.287e-05 	5.154e-07 	9.218e-05 	1.057e-05 	8.228e-09 	3.242e-08 
0.53265 	5.75315 	5.433e-07 	5.545e-05 	5.322e-07 	8.943e-05 	7.648e-06 	4.653e-09 	2.419e-08 
0.55275 	5.97025 	5.537e-07 	5.677e-05 	5.428e-07 	8.791e-05 	5.742e-06 	2.804e-09 	1.863e-08 
0.57285 	6.18735 	5.575e-07 	5.657e-05 	5.467e-07 	8.789e-05 	4.472e-06 	1.831e-09 	1.489e-08 
0.59295 	6.40445 	5.550e-07 	5.484e-05 	5.443e-07 	8.938e-05 	3.609e-06 	1.304e-09 	1.238e-08 
0.61305 	6.62155 	5.473e-07 	5.183e-05 	5.367e-07 	9.214e-05 	3.010e-06 	1.012e-09 	1.069e-08 
0.63315 	6.83865 	5.359e-07 	4.791e-05 	5.253e-07 	9.580e-05 	2.584e-06 	8.471e-10 	9.541e-09 
0.65325 	7.05575 	5.224e-07 	4.350e-05 	5.118e-07 	9.996e-05 	2.274e-06 	7.554e-10 	8.747e-09 
0.67335 	7.27285 	5.081e-07 	3.897e-05 	4.974e-07 	1.042e-04 	2.043e-06 	7.081e-10 	8.189e-09 
0.69345 	7.48995 	4.940e-07 	3.458e-05 	4.833e-07 	1.084e-04 	1.868e-06 	6.893e-10 	7.791e-09 
0.71355 	7.70705 	4.807e-07 	3.051e-05 	4.700e-07 	1.123e-04 	1.733e-06 	6.898e-10 	7.501e-09 
0.73365 	7.92415 	4.688e-07 	2.687e-05 	4.580e-07 	1.157e-04 	1.627e-06 	7.034e-10 	7.287e-09 
0.75375 	8.14125 	4.583e-07 	2.370e-05 	4.475e-07 	1.187e-04 	1.544e-06 	7.261e-10 	7.127e-09 
0.77385 	8.35835 	4.494e-07 	2.100e-05 	4.385e-07 	1.212e-04 	1.479e-06 	7.545e-10 	7.006e-09 
0.79395 	8.57545 	4.418e-07 	1.874e-05 	4.309e-07 	1.234e-04 	1.428e-06 	7.860e-10 	6.914e-09 
0.81405 	8.79255 	4.356e-07 	1.688e-05 	4.247e-07 	1.251e-04 	1.388e-06 	8.183e-10 	6.844e-09 
0.83415 	9.00965 	4.306e-07 	1.536e-05 	4.196e-07 	1.265e-04 	1.356e-06 	8.497e-10 	6.790e-09 
0.85425 	9.22675 	4.265e-07 	1.414e-05 	4.154e-07 	1.277e-04 	1.331e-06 	8.790e-10 	6.749e-09 
0.87435 	9.44385 	4.232e-07 	1.317e-05 	4.121e-07 	1.286e-04 	1.312e-06 	9.053e-10 	6.717e-09 
0.89445 	9.66095 	4.206e-07 	1.239e-05 	4.095e-07 	1.293e-04 	1.297e-06 	9.282e-10 	6.692e-09 
0.91455 	9.87805 	4.185e-07 	1.178e-05 	4.075e-07 	1.299e-04 	1.285e-06 	9.478e-10 	6.673e-09 
0.93465 	10.09515 	4.169e-07 	1.131e-05 	4.058e-07 	1.303e-04 	1.276e-06 	9.641e-10 	6.659e-09 
0.95475 	10.31225 	4.157e-07 	1.093e-05 	4.046e-07 	1.307e-04 	1.269e-06 	9.775e-10 	6.648e-09 
0.97485 	10.52935 	4.147e-07 	1.064e-05 	4.036e-07 	1.310e-04 	1.263e-06 	9.884e-10 	6.639e-09 
0.99495 	10.74645 	4.139e-07 	1.042e-05 	4.028e-07 	1.312e-04 	1.259e-06 	9.971e-10 	6.633e-09 
1.01505 	10.96356 	4.134e-07 	1.024e-05 	4.022e-07 	1.313e-04 	1.256e-06 	1.004e-09 	6.628e-09 
1.03515 	11.18066 	4.129e-07 	1.011e-05 	4.018e-07 	1.315e-04 	1.253e-06 	1.010e-09 	6.624e-09 
1.05525 	11.39776 	4.125e-07 	1.000e-05 	4.014e-07 	1.315e-04 	1.251e-06 	1.014e-09 	6.621e-09 
1.07535 	11.61486 	4.123e-07 	9.922e-06 	4.011e-07 	1.316e-04 	1.250e-06 	1.017e-09 	6.618e-09 
1.09545 	11.83196 	4.121e-07 	9.860e-06 	4.009e-07 	1.317e-04 	1.249e-06 	1.020e-09 	6.617e-09 
1.11555 	12.04906 	4.119e-07 	9.811e-06 	4.008e-07 	1.317e-04 	1.248e-06 	1.022e-09 	6.615e-09 
1.13565 	12.26616 	4.118e-07 	9.774e-06 	4.006e-07 	1.318e-04 	1.247e-06 	1.023e-09 	6.614e-09 
1.15575 	12.48326 	4.117e-07 	9.745e-06 	4.005e-07 	1.318e-04 	1.246e-06 	1.025e-09 	6.613e-09 
1.17585 	12.70036 	4.116e-07 	9.723e-06 	4.005e-07 	1.318e-04 	1.246e-06 	1.026e-09 	6.613e-09 
1.19595 	12.91746 	4.115e-07 	9.706e-06 	4.004e-07 	1.318e-04 	1.246e-06 	1.026e-09 	6.612e-09 
1.21605 	13.13456 	4.115e-07 	9.693e-06 	4.004e-07 	1.318e-04 	1.245e-06 	1.027e-09 	6.612e-09 
1.23615 	13.35166 	4.115e-07 	9.683e-06 	4.003e-07 	1.318e-04 	1.245e-06 	1.027e-09 	6.612e-09 
1.25625 	13.56876 	4.114e-07 	9.675e-06 	4.003e-07 	1.319e-04 	1.245e-06 	1.028e-09 	6.611e-09 
1.27635 	13.78586 	4.114e-07 	9.669e-06 	4.003e-07 	1.319e-04 	1.245e-06 	1.028e-09 	6.611e-09 
1.29645 	14.00296 	4.114e-07 	9.664e-06 	4.003e-07 	1.319e-04 	1.245e-06 	1.028e-09 	6.611e-09 
1.31655 	14.22006 	4.114e-07 	9.660e-06 	4.003e-07 	1.319e-04 	1.245e-06 	1.028e-09 	6.611e-09 
1.33665 	14.43716 	4.114e-07 	9.658e-06 	4.002e-07 	1.319e-04 	1.245e-06 	1.028e-09 	6.611e-09 
1.35675 	14.65426 	4.114e-07 	9.656e-06 	4.002e-07 	1.319e-04 	1.245e-06 	1.028e-09 	6.611e-09 
1.37685 	14.87136 	4.114e-07 	9.654e-06 	4.002e-07 	1.319e-04 	1.245e-06 	1.029e-09 	6.611e-09 
1.39695 	15.08846 	4.114e-07 	9.653e-06 	4.002e-07 	1.319e-04 	1.245e-06 	1.029e-09 	6.611e-09 
1.41705 	15.30556 	4.114e-07 	9.652e-06 	4.002e-07 	1.319e-04 	1.245e-06 	1.029e-09 	6.611e-09 
1.43715 	15.52266 	4.114e-07 	9.651e-06 	4.002e-07 	1.319e-04 	1.245e-06 	1.029e-09 	6.611e-09 
1.45725 	15.73976 	4.114e-07 	9.650e-06 	4.002e-07 	1.319e-04 	1.245e-06 	1.029e-09 	6.611e-09 
1.47735 	15.95686 	4.114e-07 	9.650e-06 	4.002e-07 	1.319e-04 	1.245e-06 	1.029e-09 	6.611e-09 
1.49745 	16.17396 	4.113e-07 	9.650e-06 	4.002e-07 	1.319e-04 	1.245e-06 	1.029e-09 	6.611e-09 
1.51755 	16.39106 	4.113e-07 	9.649e-06 	4.002e-07 	1.319e-04 	1.245e-06 	1.029e-09 	6.611e-09 
1.53765 	16.60816 	4.113e-07 	9.649e-06 	4.002e-07 	1.319e-04 	1.245e-06 	1.029e-09 	6.611e-09 
1.55775 	16.82526 	4.113e-07 	9.649e-06 	4.002e-07 	1.319e-04 	1.245e-06 	1.029e-09 	6.611e-09 
1.57785 	17.04236 	4.113e-07 	9.649e-06 	4.002e-07 	1.319e-04 	1.245e-06 	1.029e-09 	6.611e-09 
1.59795 	17.25946 	4.113e-07 	9.649e-06 	4.002e-07 	1.319e-04 	1.245e-06 	1.029e-09 	6.611e-09 
1.61805 	17.47656 	4.113e-07 	9.649e-06 	4.002e-07 	1.319e-04 	1.245e-06 	1.029e-09 	6.611e-09 
1.63815 	17.69366 	4.113e-07 	9.649e-06 	4.002e-07 	1.319e-04 	1.245e-06 	1.029e-09 	6.611e-09 
1.65825 	17.91076 	4.113e-07 	9.649e-06 	4.002e-07 	1.319e-04 	1.245e-06 	1.029e-09 	6.611e-09 
1.67835 	18.12786 	4.113e-07 	9.648e-06 	4.002e-07 	1.319e-04 	1.245e-06 	1.029e-09 	6.611e-09 
1.69845 	18.34496 	4.113e-07 	9.648e-06 	4.002e-07 	1.319e-04 	1.245e-06 	1.029e-09 	6.611e-09 
1.71855 	18.56206 	4.113e-07 	9.648e-06 	4.002e-07 	1.319e-04 	1.245e-06 	1.029e-09 	6.611e-09 
1.73865 	18.77916 	4.113e-07 	9.648e-06 	4.002e-07 	1.319e-04 	1.245e-06 	1.029e-09 	6.611e-09 
1.75875 	18.99626 	4.113e-07 	9.648e-06 	4.002e-07 	1.319e-04 	1.245e-06 	1.029e-09 	6.611e-09 
1.77885 	19.21336 	4.113e-07 	9.648e-06 	4.002e-07 	1.319e-04 	1.245e-06 	1.029e-09 	6.611e-09 
1.79895 	19.43046 	4.113e-07 	9.648e-06 	4.002e-07 	1.319e-04 	1.245e-06 	1.029e-09 	6.611e-09 
1.81905 	19.64756 	4.113e-07 	9.648e-06 	4.002e-07 	1.319e-04 	1.245e-06 	1.029e-09 	6.611e-09 
1.83915 	19.86466 	4.113e-07 	9.648e-06 	4.002e-07 	1.319e-04 	1.245e-06 	1.029e-09 	6.611e-09 
1.85925 	20.08176 	4.113e-07 	9.648e-06 	4.002e-07 	1.319e-04 	1.245e-06 	1.029e-09 	6.611e-09 
1.87935 	20.29886 	4.113e-07 	9.648e-06 	4.002e-07 	1.319e-04 	1.245e-06 	1.029e-09 	6.611e-09 
1.89945 	20.51596 	4.113e-07 	9.648e-06 	4.002e-07 	1.319e-04 	1.245e-06 	1.029e-09 	6.611e-09 
1.91955 	20.73306 	4.113e-07 	9.648e-06 	4.002e-07 	1.319e-04 	1.245e-06 	1.029e-09 	6.611e-09 
1.93965 	20.95016 	4.113e-07 	9.648e-06 	4.002e-07 	1.319e-04 	1.245e-06 	1.029e-09 	6.611e-09 
1.95975 	21.16726 	4.113e-07 	9.648e-06 	4.002e-07 	1.319e-04 	1.245e-06 	1.029e-09 	6.611e-09 
1.97985 	21.38436 	4.113e-07 	9.648e-06 	4.002e-07 	1.319e-04 	1.245e-06 	1.029e-09 	6.611e-09 
1.99995 	21.60146 	4.113e-07 	9.648e-06 	4.002e-07 	1.319e-04 	1.245e-06 	1.029e-09 	6.611e-09 
