n = 1.0e+04, Tgas =  37.5, Tdust =  37.5, Go =  10.0
pc 	Av 	e- 	C 	C+ 	CO 	O 	O2 	H2O 
0.01005 	0.15507 	1.416e-04 	2.205e-06 	1.416e-04 	2.026e-08 	3.469e-04 	5.785e-12 	2.764e-11 
0.03015 	0.46521 	1.384e-04 	5.366e-06 	1.384e-04 	6.068e-08 	3.470e-04 	1.298e-11 	4.192e-11 
0.05025 	0.77536 	1.313e-04 	1.238e-05 	1.313e-04 	1.767e-07 	3.471e-04 	2.711e-11 	6.285e-11 
0.07035 	1.08550 	1.177e-04 	2.583e-05 	1.177e-04 	4.861e-07 	3.472e-04 	5.501e-11 	9.734e-11 
0.09045 	1.39564 	9.666e-05 	4.639e-05 	9.663e-05 	1.222e-06 	3.472e-04 	1.172e-10 	1.653e-10 
0.11055 	1.70579 	7.147e-05 	7.041e-05 	7.144e-05 	2.736e-06 	3.466e-04 	2.825e-10 	3.198e-10 
0.13065 	2.01593 	4.747e-05 	9.212e-05 	4.745e-05 	5.397e-06 	3.448e-04 	7.874e-10 	7.053e-10 
0.15075 	2.32607 	2.836e-05 	1.076e-04 	2.834e-05 	9.355e-06 	3.415e-04 	2.443e-09 	1.739e-09 
0.17085 	2.63622 	1.519e-05 	1.160e-04 	1.518e-05 	1.436e-05 	3.369e-04 	7.675e-09 	4.622e-09 
0.19095 	2.94636 	7.301e-06 	1.183e-04 	7.288e-06 	2.020e-05 	3.313e-04 	2.134e-08 	1.243e-08 
0.21105 	3.25650 	3.223e-06 	1.143e-04 	3.211e-06 	2.831e-05 	3.233e-04 	4.691e-08 	3.121e-08 
0.23115 	3.56664 	1.387e-06 	1.016e-04 	1.377e-06 	4.294e-05 	3.086e-04 	8.238e-08 	6.937e-08 
0.25125 	3.87679 	6.308e-07 	7.698e-05 	6.219e-07 	6.831e-05 	2.831e-04 	1.323e-07 	1.343e-07 
0.27135 	4.18693 	3.284e-07 	4.504e-05 	3.189e-07 	1.006e-04 	2.506e-04 	2.281e-07 	2.273e-07 
0.29145 	4.49707 	2.003e-07 	1.882e-05 	1.893e-07 	1.269e-04 	2.236e-04 	4.757e-07 	3.493e-07 
0.31155 	4.80722 	1.352e-07 	6.034e-06 	1.217e-07 	1.398e-04 	2.093e-04 	1.131e-06 	5.154e-07 
0.33165 	5.11736 	9.733e-08 	2.073e-06 	8.051e-08 	1.438e-04 	2.025e-04 	2.410e-06 	7.301e-07 
0.35175 	5.42750 	7.513e-08 	8.939e-07 	5.478e-08 	1.450e-04 	1.971e-04 	4.416e-06 	9.633e-07 
0.37185 	5.73765 	6.191e-08 	4.677e-07 	3.826e-08 	1.454e-04 	1.906e-04 	7.338e-06 	1.173e-06 
0.39195 	6.04779 	5.389e-08 	2.816e-07 	2.744e-08 	1.456e-04 	1.822e-04 	1.133e-05 	1.326e-06 
0.41205 	6.35793 	4.903e-08 	1.892e-07 	2.037e-08 	1.457e-04 	1.721e-04 	1.629e-05 	1.409e-06 
0.43215 	6.66807 	4.618e-08 	1.399e-07 	1.589e-08 	1.458e-04 	1.613e-04 	2.168e-05 	1.431e-06 
0.45225 	6.97822 	4.456e-08 	1.129e-07 	1.315e-08 	1.458e-04 	1.512e-04 	2.668e-05 	1.416e-06 
0.47235 	7.28836 	4.367e-08 	9.785e-08 	1.152e-08 	1.458e-04 	1.432e-04 	3.069e-05 	1.388e-06 
0.49245 	7.59850 	4.319e-08 	8.942e-08 	1.057e-08 	1.458e-04 	1.376e-04 	3.354e-05 	1.363e-06 
0.51255 	7.90865 	4.293e-08 	8.467e-08 	1.003e-08 	1.458e-04 	1.338e-04 	3.540e-05 	1.344e-06 
0.53265 	8.21879 	4.278e-08 	8.198e-08 	9.716e-09 	1.458e-04 	1.316e-04 	3.655e-05 	1.332e-06 
0.55275 	8.52893 	4.270e-08 	8.045e-08 	9.537e-09 	1.458e-04 	1.302e-04 	3.724e-05 	1.324e-06 
0.57285 	8.83908 	4.265e-08 	7.958e-08 	9.434e-09 	1.458e-04 	1.294e-04 	3.764e-05 	1.320e-06 
0.59295 	9.14922 	4.263e-08 	7.909e-08 	9.376e-09 	1.459e-04 	1.289e-04 	3.788e-05 	1.317e-06 
0.61305 	9.45936 	4.261e-08 	7.881e-08 	9.342e-09 	1.459e-04 	1.286e-04 	3.801e-05 	1.316e-06 
0.63315 	9.76950 	4.260e-08 	7.864e-08 	9.323e-09 	1.459e-04 	1.285e-04 	3.809e-05 	1.315e-06 
0.65325 	10.07965 	4.260e-08 	7.855e-08 	9.312e-09 	1.459e-04 	1.284e-04 	3.814e-05 	1.315e-06 
0.67335 	10.38979 	4.259e-08 	7.850e-08 	9.306e-09 	1.459e-04 	1.283e-04 	3.816e-05 	1.314e-06 
0.69345 	10.69993 	4.259e-08 	7.847e-08 	9.302e-09 	1.459e-04 	1.283e-04 	3.818e-05 	1.314e-06 
0.71355 	11.01008 	4.259e-08 	7.845e-08 	9.300e-09 	1.459e-04 	1.283e-04 	3.819e-05 	1.314e-06 
0.73365 	11.32022 	4.259e-08 	7.844e-08 	9.299e-09 	1.459e-04 	1.283e-04 	3.819e-05 	1.314e-06 
0.75375 	11.63036 	4.259e-08 	7.844e-08 	9.298e-09 	1.459e-04 	1.283e-04 	3.819e-05 	1.314e-06 
0.77385 	11.94051 	4.259e-08 	7.843e-08 	9.298e-09 	1.459e-04 	1.283e-04 	3.820e-05 	1.314e-06 
0.79395 	12.25065 	4.259e-08 	7.843e-08 	9.298e-09 	1.459e-04 	1.283e-04 	3.820e-05 	1.314e-06 
0.81405 	12.56079 	4.259e-08 	7.843e-08 	9.298e-09 	1.459e-04 	1.283e-04 	3.820e-05 	1.314e-06 
0.83415 	12.87093 	4.259e-08 	7.843e-08 	9.297e-09 	1.459e-04 	1.283e-04 	3.820e-05 	1.314e-06 
0.85425 	13.18108 	4.259e-08 	7.843e-08 	9.297e-09 	1.459e-04 	1.283e-04 	3.820e-05 	1.314e-06 
0.87435 	13.49122 	4.259e-08 	7.843e-08 	9.297e-09 	1.459e-04 	1.283e-04 	3.820e-05 	1.314e-06 
0.89445 	13.80136 	4.259e-08 	7.843e-08 	9.297e-09 	1.459e-04 	1.283e-04 	3.820e-05 	1.314e-06 
0.91455 	14.11151 	4.259e-08 	7.843e-08 	9.297e-09 	1.459e-04 	1.283e-04 	3.820e-05 	1.314e-06 
0.93465 	14.42165 	4.259e-08 	7.843e-08 	9.297e-09 	1.459e-04 	1.283e-04 	3.820e-05 	1.314e-06 
0.95475 	14.73179 	4.259e-08 	7.843e-08 	9.297e-09 	1.459e-04 	1.283e-04 	3.820e-05 	1.314e-06 
0.97485 	15.04194 	4.259e-08 	7.843e-08 	9.297e-09 	1.459e-04 	1.283e-04 	3.820e-05 	1.314e-06 
0.99495 	15.35208 	4.259e-08 	7.843e-08 	9.297e-09 	1.459e-04 	1.283e-04 	3.820e-05 	1.314e-06 
1.01505 	15.66222 	4.259e-08 	7.843e-08 	9.297e-09 	1.459e-04 	1.283e-04 	3.820e-05 	1.314e-06 
1.03515 	15.97236 	4.259e-08 	7.843e-08 	9.297e-09 	1.459e-04 	1.283e-04 	3.820e-05 	1.314e-06 
1.05525 	16.28251 	4.259e-08 	7.843e-08 	9.297e-09 	1.459e-04 	1.283e-04 	3.820e-05 	1.314e-06 
1.07535 	16.59265 	4.259e-08 	7.843e-08 	9.297e-09 	1.459e-04 	1.283e-04 	3.820e-05 	1.314e-06 
1.09545 	16.90279 	4.259e-08 	7.843e-08 	9.297e-09 	1.459e-04 	1.283e-04 	3.820e-05 	1.314e-06 
1.11555 	17.21294 	4.259e-08 	7.843e-08 	9.297e-09 	1.459e-04 	1.283e-04 	3.820e-05 	1.314e-06 
1.13565 	17.52308 	4.259e-08 	7.843e-08 	9.297e-09 	1.459e-04 	1.283e-04 	3.820e-05 	1.314e-06 
1.15575 	17.83322 	4.259e-08 	7.843e-08 	9.297e-09 	1.459e-04 	1.283e-04 	3.820e-05 	1.314e-06 
1.17585 	18.14337 	4.259e-08 	7.843e-08 	9.297e-09 	1.459e-04 	1.283e-04 	3.820e-05 	1.314e-06 
1.19595 	18.45351 	4.259e-08 	7.843e-08 	9.297e-09 	1.459e-04 	1.283e-04 	3.820e-05 	1.314e-06 
1.21605 	18.76365 	4.259e-08 	7.843e-08 	9.297e-09 	1.459e-04 	1.283e-04 	3.820e-05 	1.314e-06 
1.23615 	19.07379 	4.259e-08 	7.843e-08 	9.297e-09 	1.459e-04 	1.283e-04 	3.820e-05 	1.314e-06 
1.25625 	19.38394 	4.259e-08 	7.843e-08 	9.297e-09 	1.459e-04 	1.283e-04 	3.820e-05 	1.314e-06 
1.27635 	19.69408 	4.259e-08 	7.843e-08 	9.297e-09 	1.459e-04 	1.283e-04 	3.820e-05 	1.314e-06 
1.29645 	20.00422 	4.259e-08 	7.843e-08 	9.297e-09 	1.459e-04 	1.283e-04 	3.820e-05 	1.314e-06 
1.31655 	20.31437 	4.259e-08 	7.843e-08 	9.297e-09 	1.459e-04 	1.283e-04 	3.820e-05 	1.314e-06 
1.33665 	20.62451 	4.259e-08 	7.843e-08 	9.297e-09 	1.459e-04 	1.283e-04 	3.820e-05 	1.314e-06 
1.35675 	20.93465 	4.259e-08 	7.843e-08 	9.297e-09 	1.459e-04 	1.283e-04 	3.820e-05 	1.314e-06 
1.37685 	21.24480 	4.259e-08 	7.843e-08 	9.297e-09 	1.459e-04 	1.283e-04 	3.820e-05 	1.314e-06 
1.39695 	21.55494 	4.259e-08 	7.843e-08 	9.297e-09 	1.459e-04 	1.283e-04 	3.820e-05 	1.314e-06 
1.41705 	21.86508 	4.259e-08 	7.843e-08 	9.297e-09 	1.459e-04 	1.283e-04 	3.820e-05 	1.314e-06 
1.43715 	22.17522 	4.259e-08 	7.843e-08 	9.297e-09 	1.459e-04 	1.283e-04 	3.820e-05 	1.314e-06 
1.45725 	22.48537 	4.259e-08 	7.843e-08 	9.297e-09 	1.459e-04 	1.283e-04 	3.820e-05 	1.314e-06 
1.47735 	22.79551 	4.259e-08 	7.843e-08 	9.297e-09 	1.459e-04 	1.283e-04 	3.820e-05 	1.314e-06 
1.49745 	23.10565 	4.259e-08 	7.843e-08 	9.297e-09 	1.459e-04 	1.283e-04 	3.820e-05 	1.314e-06 
1.51755 	23.41580 	4.259e-08 	7.843e-08 	9.297e-09 	1.459e-04 	1.283e-04 	3.820e-05 	1.314e-06 
1.53765 	23.72594 	4.259e-08 	7.843e-08 	9.297e-09 	1.459e-04 	1.283e-04 	3.820e-05 	1.314e-06 
1.55775 	24.03608 	4.259e-08 	7.843e-08 	9.297e-09 	1.459e-04 	1.283e-04 	3.820e-05 	1.314e-06 
1.57785 	24.34623 	4.259e-08 	7.843e-08 	9.297e-09 	1.459e-04 	1.283e-04 	3.820e-05 	1.314e-06 
1.59795 	24.65637 	4.259e-08 	7.843e-08 	9.297e-09 	1.459e-04 	1.283e-04 	3.820e-05 	1.314e-06 
1.61805 	24.96651 	4.259e-08 	7.843e-08 	9.297e-09 	1.459e-04 	1.283e-04 	3.820e-05 	1.314e-06 
1.63815 	25.27665 	4.259e-08 	7.843e-08 	9.297e-09 	1.459e-04 	1.283e-04 	3.820e-05 	1.314e-06 
1.65825 	25.58680 	4.259e-08 	7.843e-08 	9.297e-09 	1.459e-04 	1.283e-04 	3.820e-05 	1.314e-06 
1.67835 	25.89694 	4.259e-08 	7.843e-08 	9.297e-09 	1.459e-04 	1.283e-04 	3.820e-05 	1.314e-06 
1.69845 	26.20708 	4.259e-08 	7.843e-08 	9.297e-09 	1.459e-04 	1.283e-04 	3.820e-05 	1.314e-06 
1.71855 	26.51723 	4.259e-08 	7.843e-08 	9.297e-09 	1.459e-04 	1.283e-04 	3.820e-05 	1.314e-06 
1.73865 	26.82737 	4.259e-08 	7.843e-08 	9.297e-09 	1.459e-04 	1.283e-04 	3.820e-05 	1.314e-06 
1.75875 	27.13751 	4.259e-08 	7.843e-08 	9.297e-09 	1.459e-04 	1.283e-04 	3.820e-05 	1.314e-06 
1.77885 	27.44766 	4.259e-08 	7.843e-08 	9.297e-09 	1.459e-04 	1.283e-04 	3.820e-05 	1.314e-06 
1.79895 	27.75780 	4.259e-08 	7.843e-08 	9.297e-09 	1.459e-04 	1.283e-04 	3.820e-05 	1.314e-06 
1.81905 	28.06794 	4.259e-08 	7.843e-08 	9.297e-09 	1.459e-04 	1.283e-04 	3.820e-05 	1.314e-06 
1.83915 	28.37808 	4.259e-08 	7.843e-08 	9.297e-09 	1.459e-04 	1.283e-04 	3.820e-05 	1.314e-06 
1.85925 	28.68823 	4.259e-08 	7.843e-08 	9.297e-09 	1.459e-04 	1.283e-04 	3.820e-05 	1.314e-06 
1.87935 	28.99837 	4.259e-08 	7.843e-08 	9.297e-09 	1.459e-04 	1.283e-04 	3.820e-05 	1.314e-06 
1.89945 	29.30851 	4.259e-08 	7.843e-08 	9.297e-09 	1.459e-04 	1.283e-04 	3.820e-05 	1.314e-06 
1.91955 	29.61866 	4.259e-08 	7.843e-08 	9.297e-09 	1.459e-04 	1.283e-04 	3.820e-05 	1.314e-06 
1.93965 	29.92880 	4.259e-08 	7.843e-08 	9.297e-09 	1.459e-04 	1.283e-04 	3.820e-05 	1.314e-06 
1.95975 	30.23894 	4.259e-08 	7.843e-08 	9.297e-09 	1.459e-04 	1.283e-04 	3.820e-05 	1.314e-06 
1.97985 	30.54909 	4.259e-08 	7.843e-08 	9.297e-09 	1.459e-04 	1.283e-04 	3.820e-05 	1.314e-06 
1.99995 	30.85923 	4.259e-08 	7.843e-08 	9.297e-09 	1.459e-04 	1.283e-04 	3.820e-05 	1.314e-06 
