n = 1.0e+03, Tgas =  32.0, Tdust =  32.0, Go = 1000.0
pc 	Av 	e- 	C 	C+ 	CO 	O 	O2 	H2O 
0.01005 	0.01551 	1.417e-04 	1.450e-09 	1.402e-04 	2.825e-13 	3.380e-04 	4.015e-17 	2.402e-13 
0.03015 	0.04652 	1.416e-04 	1.598e-09 	1.401e-04 	3.187e-13 	3.378e-04 	4.471e-17 	2.526e-13 
0.05025 	0.07754 	1.415e-04 	1.760e-09 	1.401e-04 	3.589e-13 	3.377e-04 	4.979e-17 	2.658e-13 
0.07035 	0.10855 	1.414e-04 	1.939e-09 	1.400e-04 	4.035e-13 	3.376e-04 	5.544e-17 	2.796e-13 
0.09045 	0.13956 	1.413e-04 	2.136e-09 	1.400e-04 	4.529e-13 	3.376e-04 	6.173e-17 	2.943e-13 
0.11055 	0.17058 	1.413e-04 	2.354e-09 	1.400e-04 	5.075e-13 	3.375e-04 	6.873e-17 	3.097e-13 
0.13065 	0.20159 	1.412e-04 	2.592e-09 	1.400e-04 	5.679e-13 	3.375e-04 	7.651e-17 	3.260e-13 
0.15075 	0.23261 	1.412e-04 	2.855e-09 	1.400e-04 	6.345e-13 	3.375e-04 	8.518e-17 	3.432e-13 
0.17085 	0.26362 	1.411e-04 	3.145e-09 	1.400e-04 	7.080e-13 	3.375e-04 	9.481e-17 	3.614e-13 
0.19095 	0.29464 	1.411e-04 	3.463e-09 	1.400e-04 	7.888e-13 	3.375e-04 	1.055e-16 	3.805e-13 
0.21105 	0.32565 	1.411e-04 	3.814e-09 	1.400e-04 	8.778e-13 	3.376e-04 	1.175e-16 	4.007e-13 
0.23115 	0.35666 	1.411e-04 	4.199e-09 	1.400e-04 	9.756e-13 	3.376e-04 	1.307e-16 	4.221e-13 
0.25125 	0.38768 	1.411e-04 	4.623e-09 	1.401e-04 	1.083e-12 	3.377e-04 	1.455e-16 	4.446e-13 
0.27135 	0.41869 	1.411e-04 	5.089e-09 	1.401e-04 	1.201e-12 	3.378e-04 	1.619e-16 	4.684e-13 
0.29145 	0.44971 	1.411e-04 	5.602e-09 	1.401e-04 	1.330e-12 	3.379e-04 	1.801e-16 	4.934e-13 
0.31155 	0.48072 	1.411e-04 	6.166e-09 	1.402e-04 	1.472e-12 	3.380e-04 	2.004e-16 	5.199e-13 
0.33165 	0.51174 	1.411e-04 	6.785e-09 	1.402e-04 	1.627e-12 	3.381e-04 	2.230e-16 	5.478e-13 
0.35175 	0.54275 	1.411e-04 	7.466e-09 	1.403e-04 	1.797e-12 	3.383e-04 	2.482e-16 	5.773e-13 
0.37185 	0.57376 	1.412e-04 	8.215e-09 	1.404e-04 	1.983e-12 	3.384e-04 	2.761e-16 	6.084e-13 
0.39195 	0.60478 	1.412e-04 	9.037e-09 	1.404e-04 	2.187e-12 	3.386e-04 	3.072e-16 	6.412e-13 
0.41205 	0.63579 	1.413e-04 	9.941e-09 	1.405e-04 	2.410e-12 	3.387e-04 	3.418e-16 	6.758e-13 
0.43215 	0.66681 	1.413e-04 	1.093e-08 	1.406e-04 	2.653e-12 	3.389e-04 	3.803e-16 	7.123e-13 
0.45225 	0.69782 	1.413e-04 	1.203e-08 	1.406e-04 	2.919e-12 	3.391e-04 	4.231e-16 	7.508e-13 
0.47235 	0.72884 	1.414e-04 	1.322e-08 	1.407e-04 	3.209e-12 	3.392e-04 	4.707e-16 	7.915e-13 
0.49245 	0.75985 	1.415e-04 	1.454e-08 	1.408e-04 	3.527e-12 	3.394e-04 	5.237e-16 	8.343e-13 
0.51255 	0.79086 	1.415e-04 	1.599e-08 	1.408e-04 	3.873e-12 	3.396e-04 	5.826e-16 	8.796e-13 
0.53265 	0.82188 	1.416e-04 	1.758e-08 	1.409e-04 	4.251e-12 	3.398e-04 	6.482e-16 	9.273e-13 
0.55275 	0.85289 	1.416e-04 	1.932e-08 	1.410e-04 	4.664e-12 	3.400e-04 	7.212e-16 	9.776e-13 
0.57285 	0.88391 	1.417e-04 	2.124e-08 	1.411e-04 	5.114e-12 	3.402e-04 	8.025e-16 	1.031e-12 
0.59295 	0.91492 	1.417e-04 	2.334e-08 	1.411e-04 	5.604e-12 	3.403e-04 	8.929e-16 	1.087e-12 
0.61305 	0.94594 	1.418e-04 	2.566e-08 	1.412e-04 	6.140e-12 	3.405e-04 	9.935e-16 	1.146e-12 
0.63315 	0.97695 	1.418e-04 	2.820e-08 	1.413e-04 	6.723e-12 	3.407e-04 	1.105e-15 	1.208e-12 
0.65325 	1.00796 	1.419e-04 	3.098e-08 	1.414e-04 	7.360e-12 	3.409e-04 	1.230e-15 	1.273e-12 
0.67335 	1.03898 	1.419e-04 	3.405e-08 	1.414e-04 	8.053e-12 	3.410e-04 	1.369e-15 	1.343e-12 
0.69345 	1.06999 	1.420e-04 	3.741e-08 	1.415e-04 	8.809e-12 	3.412e-04 	1.523e-15 	1.416e-12 
0.71355 	1.10101 	1.421e-04 	4.110e-08 	1.416e-04 	9.632e-12 	3.414e-04 	1.695e-15 	1.493e-12 
0.73365 	1.13202 	1.421e-04 	4.515e-08 	1.416e-04 	1.053e-11 	3.415e-04 	1.886e-15 	1.574e-12 
0.75375 	1.16304 	1.422e-04 	4.960e-08 	1.417e-04 	1.151e-11 	3.417e-04 	2.099e-15 	1.659e-12 
0.77385 	1.19405 	1.422e-04 	5.449e-08 	1.417e-04 	1.257e-11 	3.419e-04 	2.336e-15 	1.750e-12 
0.79395 	1.22506 	1.423e-04 	5.985e-08 	1.418e-04 	1.373e-11 	3.420e-04 	2.600e-15 	1.845e-12 
0.81405 	1.25608 	1.423e-04 	6.574e-08 	1.419e-04 	1.500e-11 	3.422e-04 	2.894e-15 	1.945e-12 
0.83415 	1.28709 	1.423e-04 	7.220e-08 	1.419e-04 	1.637e-11 	3.423e-04 	3.221e-15 	2.051e-12 
0.85425 	1.31811 	1.424e-04 	7.929e-08 	1.420e-04 	1.787e-11 	3.424e-04 	3.586e-15 	2.162e-12 
0.87435 	1.34912 	1.424e-04 	8.708e-08 	1.420e-04 	1.951e-11 	3.426e-04 	3.991e-15 	2.280e-12 
0.89445 	1.38014 	1.425e-04 	9.563e-08 	1.421e-04 	2.128e-11 	3.427e-04 	4.443e-15 	2.404e-12 
0.91455 	1.41115 	1.425e-04 	1.050e-07 	1.421e-04 	2.322e-11 	3.428e-04 	4.946e-15 	2.534e-12 
0.93465 	1.44216 	1.425e-04 	1.153e-07 	1.421e-04 	2.533e-11 	3.430e-04 	5.506e-15 	2.672e-12 
0.95475 	1.47318 	1.426e-04 	1.266e-07 	1.422e-04 	2.763e-11 	3.431e-04 	6.129e-15 	2.817e-12 
0.97485 	1.50419 	1.426e-04 	1.390e-07 	1.422e-04 	3.014e-11 	3.432e-04 	6.823e-15 	2.970e-12 
0.99495 	1.53521 	1.426e-04 	1.526e-07 	1.422e-04 	3.287e-11 	3.433e-04 	7.596e-15 	3.132e-12 
1.01505 	1.56622 	1.426e-04 	1.676e-07 	1.423e-04 	3.584e-11 	3.434e-04 	8.457e-15 	3.302e-12 
1.03515 	1.59724 	1.427e-04 	1.840e-07 	1.423e-04 	3.908e-11 	3.435e-04 	9.416e-15 	3.481e-12 
1.05525 	1.62825 	1.427e-04 	2.019e-07 	1.423e-04 	4.261e-11 	3.436e-04 	1.048e-14 	3.670e-12 
1.07535 	1.65927 	1.427e-04 	2.217e-07 	1.423e-04 	4.646e-11 	3.437e-04 	1.167e-14 	3.870e-12 
1.09545 	1.69028 	1.427e-04 	2.433e-07 	1.424e-04 	5.065e-11 	3.438e-04 	1.300e-14 	4.080e-12 
1.11555 	1.72129 	1.427e-04 	2.671e-07 	1.424e-04 	5.522e-11 	3.439e-04 	1.447e-14 	4.302e-12 
1.13565 	1.75231 	1.427e-04 	2.931e-07 	1.424e-04 	6.021e-11 	3.440e-04 	1.611e-14 	4.535e-12 
1.15575 	1.78332 	1.427e-04 	3.217e-07 	1.424e-04 	6.564e-11 	3.441e-04 	1.794e-14 	4.782e-12 
1.17585 	1.81434 	1.427e-04 	3.531e-07 	1.424e-04 	7.157e-11 	3.441e-04 	1.998e-14 	5.042e-12 
1.19595 	1.84535 	1.427e-04 	3.875e-07 	1.424e-04 	7.804e-11 	3.442e-04 	2.225e-14 	5.316e-12 
1.21605 	1.87637 	1.427e-04 	4.252e-07 	1.424e-04 	8.509e-11 	3.443e-04 	2.477e-14 	5.605e-12 
1.23615 	1.90738 	1.427e-04 	4.665e-07 	1.424e-04 	9.279e-11 	3.444e-04 	2.758e-14 	5.909e-12 
1.25625 	1.93839 	1.427e-04 	5.119e-07 	1.423e-04 	1.012e-10 	3.444e-04 	3.072e-14 	6.230e-12 
1.27635 	1.96941 	1.426e-04 	5.616e-07 	1.423e-04 	1.104e-10 	3.445e-04 	3.421e-14 	6.569e-12 
1.29645 	2.00042 	1.426e-04 	6.161e-07 	1.423e-04 	1.204e-10 	3.446e-04 	3.809e-14 	6.927e-12 
1.31655 	2.03144 	1.426e-04 	6.758e-07 	1.423e-04 	1.313e-10 	3.446e-04 	4.242e-14 	7.304e-12 
1.33665 	2.06245 	1.425e-04 	7.413e-07 	1.422e-04 	1.433e-10 	3.447e-04 	4.724e-14 	7.701e-12 
1.35675 	2.09347 	1.425e-04 	8.130e-07 	1.422e-04 	1.564e-10 	3.447e-04 	5.261e-14 	8.121e-12 
1.37685 	2.12448 	1.424e-04 	8.915e-07 	1.421e-04 	1.706e-10 	3.448e-04 	5.859e-14 	8.563e-12 
1.39695 	2.15549 	1.423e-04 	9.776e-07 	1.420e-04 	1.863e-10 	3.448e-04 	6.525e-14 	9.031e-12 
1.41705 	2.18651 	1.423e-04 	1.072e-06 	1.420e-04 	2.033e-10 	3.449e-04 	7.267e-14 	9.523e-12 
1.43715 	2.21752 	1.422e-04 	1.175e-06 	1.419e-04 	2.220e-10 	3.449e-04 	8.094e-14 	1.004e-11 
1.45725 	2.24854 	1.421e-04 	1.288e-06 	1.418e-04 	2.424e-10 	3.450e-04 	9.015e-14 	1.059e-11 
1.47735 	2.27955 	1.420e-04 	1.412e-06 	1.417e-04 	2.648e-10 	3.450e-04 	1.004e-13 	1.117e-11 
1.49745 	2.31057 	1.419e-04 	1.547e-06 	1.416e-04 	2.893e-10 	3.450e-04 	1.118e-13 	1.179e-11 
1.51755 	2.34158 	1.417e-04 	1.695e-06 	1.414e-04 	3.161e-10 	3.451e-04 	1.246e-13 	1.243e-11 
1.53765 	2.37259 	1.416e-04 	1.856e-06 	1.413e-04 	3.455e-10 	3.451e-04 	1.388e-13 	1.312e-11 
1.55775 	2.40361 	1.414e-04 	2.033e-06 	1.411e-04 	3.777e-10 	3.452e-04 	1.546e-13 	1.384e-11 
1.57785 	2.43462 	1.412e-04 	2.226e-06 	1.410e-04 	4.130e-10 	3.452e-04 	1.722e-13 	1.460e-11 
1.59795 	2.46564 	1.410e-04 	2.437e-06 	1.408e-04 	4.516e-10 	3.452e-04 	1.918e-13 	1.541e-11 
1.61805 	2.49665 	1.408e-04 	2.667e-06 	1.405e-04 	4.941e-10 	3.453e-04 	2.137e-13 	1.626e-11 
1.63815 	2.52767 	1.406e-04 	2.918e-06 	1.403e-04 	5.406e-10 	3.453e-04 	2.381e-13 	1.717e-11 
1.65825 	2.55868 	1.403e-04 	3.192e-06 	1.400e-04 	5.916e-10 	3.453e-04 	2.653e-13 	1.812e-11 
1.67835 	2.58969 	1.400e-04 	3.490e-06 	1.398e-04 	6.477e-10 	3.454e-04 	2.957e-13 	1.913e-11 
1.69845 	2.62071 	1.397e-04 	3.815e-06 	1.394e-04 	7.092e-10 	3.454e-04 	3.295e-13 	2.021e-11 
1.71855 	2.65172 	1.394e-04 	4.168e-06 	1.391e-04 	7.768e-10 	3.454e-04 	3.673e-13 	2.134e-11 
1.73865 	2.68274 	1.390e-04 	4.552e-06 	1.387e-04 	8.510e-10 	3.455e-04 	4.094e-13 	2.255e-11 
1.75875 	2.71375 	1.386e-04 	4.970e-06 	1.383e-04 	9.325e-10 	3.455e-04 	4.564e-13 	2.383e-11 
1.77885 	2.74477 	1.382e-04 	5.423e-06 	1.379e-04 	1.022e-09 	3.455e-04 	5.089e-13 	2.519e-11 
1.79895 	2.77578 	1.377e-04 	5.914e-06 	1.374e-04 	1.121e-09 	3.456e-04 	5.676e-13 	2.663e-11 
1.81905 	2.80679 	1.372e-04 	6.446e-06 	1.369e-04 	1.229e-09 	3.456e-04 	6.331e-13 	2.816e-11 
1.83915 	2.83781 	1.366e-04 	7.022e-06 	1.363e-04 	1.348e-09 	3.457e-04 	7.063e-13 	2.980e-11 
1.85925 	2.86882 	1.360e-04 	7.645e-06 	1.357e-04 	1.479e-09 	3.457e-04 	7.882e-13 	3.153e-11 
1.87935 	2.89984 	1.354e-04 	8.317e-06 	1.351e-04 	1.623e-09 	3.457e-04 	8.798e-13 	3.338e-11 
1.89945 	2.93085 	1.346e-04 	9.041e-06 	1.344e-04 	1.781e-09 	3.458e-04 	9.822e-13 	3.536e-11 
1.91955 	2.96187 	1.339e-04 	9.820e-06 	1.336e-04 	1.956e-09 	3.458e-04 	1.097e-12 	3.747e-11 
1.93965 	2.99288 	1.331e-04 	1.066e-05 	1.328e-04 	2.147e-09 	3.458e-04 	1.226e-12 	3.972e-11 
1.95975 	3.02389 	1.322e-04 	1.156e-05 	1.319e-04 	2.358e-09 	3.459e-04 	1.370e-12 	4.213e-11 
1.97985 	3.05491 	1.312e-04 	1.252e-05 	1.310e-04 	2.591e-09 	3.459e-04 	1.531e-12 	4.470e-11 
1.99995 	3.08592 	1.302e-04 	1.355e-05 	1.299e-04 	2.846e-09 	3.460e-04 	1.713e-12 	4.747e-11 
