n = 1.2e+03, Tgas =  40.0, Tdust =  40.0, Go = 1000.0
pc 	Av 	e- 	C 	C+ 	CO 	O 	O2 	H2O 
0.01005 	0.01861 	1.418e-04 	1.569e-09 	1.406e-04 	4.054e-13 	3.390e-04 	1.010e-16 	5.003e-13 
0.03015 	0.05583 	1.417e-04 	1.763e-09 	1.406e-04 	4.672e-13 	3.389e-04 	1.125e-16 	5.202e-13 
0.05025 	0.09304 	1.416e-04 	1.981e-09 	1.405e-04 	5.371e-13 	3.388e-04 	1.254e-16 	5.413e-13 
0.07035 	0.13026 	1.415e-04 	2.226e-09 	1.405e-04 	6.159e-13 	3.388e-04 	1.399e-16 	5.635e-13 
0.09045 	0.16748 	1.415e-04 	2.502e-09 	1.405e-04 	7.048e-13 	3.388e-04 	1.561e-16 	5.870e-13 
0.11055 	0.20469 	1.414e-04 	2.811e-09 	1.405e-04 	8.047e-13 	3.388e-04 	1.742e-16 	6.118e-13 
0.13065 	0.24191 	1.414e-04 	3.157e-09 	1.405e-04 	9.169e-13 	3.388e-04 	1.945e-16 	6.380e-13 
0.15075 	0.27913 	1.414e-04 	3.546e-09 	1.406e-04 	1.043e-12 	3.389e-04 	2.173e-16 	6.658e-13 
0.17085 	0.31635 	1.414e-04 	3.982e-09 	1.406e-04 	1.184e-12 	3.390e-04 	2.428e-16 	6.953e-13 
0.19095 	0.35356 	1.414e-04 	4.470e-09 	1.406e-04 	1.341e-12 	3.391e-04 	2.715e-16 	7.264e-13 
0.21105 	0.39078 	1.414e-04 	5.018e-09 	1.407e-04 	1.517e-12 	3.392e-04 	3.037e-16 	7.595e-13 
0.23115 	0.42800 	1.415e-04 	5.631e-09 	1.407e-04 	1.713e-12 	3.393e-04 	3.398e-16 	7.946e-13 
0.25125 	0.46521 	1.415e-04 	6.319e-09 	1.408e-04 	1.932e-12 	3.395e-04 	3.805e-16 	8.317e-13 
0.27135 	0.50243 	1.415e-04 	7.089e-09 	1.409e-04 	2.176e-12 	3.397e-04 	4.262e-16 	8.712e-13 
0.29145 	0.53965 	1.416e-04 	7.951e-09 	1.409e-04 	2.448e-12 	3.398e-04 	4.776e-16 	9.131e-13 
0.31155 	0.57687 	1.416e-04 	8.917e-09 	1.410e-04 	2.750e-12 	3.400e-04 	5.354e-16 	9.576e-13 
0.33165 	0.61408 	1.417e-04 	9.998e-09 	1.411e-04 	3.086e-12 	3.402e-04 	6.006e-16 	1.005e-12 
0.35175 	0.65130 	1.418e-04 	1.121e-08 	1.412e-04 	3.459e-12 	3.404e-04 	6.740e-16 	1.055e-12 
0.37185 	0.68852 	1.418e-04 	1.256e-08 	1.413e-04 	3.874e-12 	3.406e-04 	7.568e-16 	1.108e-12 
0.39195 	0.72573 	1.419e-04 	1.408e-08 	1.414e-04 	4.335e-12 	3.408e-04 	8.501e-16 	1.165e-12 
0.41205 	0.76295 	1.420e-04 	1.578e-08 	1.414e-04 	4.846e-12 	3.410e-04 	9.553e-16 	1.225e-12 
0.43215 	0.80017 	1.420e-04 	1.768e-08 	1.415e-04 	5.414e-12 	3.413e-04 	1.074e-15 	1.290e-12 
0.45225 	0.83739 	1.421e-04 	1.981e-08 	1.416e-04 	6.043e-12 	3.415e-04 	1.208e-15 	1.358e-12 
0.47235 	0.87460 	1.422e-04 	2.219e-08 	1.417e-04 	6.741e-12 	3.417e-04 	1.360e-15 	1.430e-12 
0.49245 	0.91182 	1.422e-04 	2.485e-08 	1.418e-04 	7.515e-12 	3.419e-04 	1.531e-15 	1.508e-12 
0.51255 	0.94904 	1.423e-04 	2.783e-08 	1.419e-04 	8.373e-12 	3.421e-04 	1.725e-15 	1.590e-12 
0.53265 	0.98625 	1.424e-04 	3.116e-08 	1.419e-04 	9.324e-12 	3.423e-04 	1.944e-15 	1.677e-12 
0.55275 	1.02347 	1.424e-04 	3.489e-08 	1.420e-04 	1.038e-11 	3.425e-04 	2.191e-15 	1.771e-12 
0.57285 	1.06069 	1.425e-04 	3.906e-08 	1.421e-04 	1.154e-11 	3.427e-04 	2.472e-15 	1.870e-12 
0.59295 	1.09791 	1.425e-04 	4.372e-08 	1.422e-04 	1.284e-11 	3.428e-04 	2.789e-15 	1.975e-12 
0.61305 	1.13512 	1.426e-04 	4.894e-08 	1.422e-04 	1.427e-11 	3.430e-04 	3.148e-15 	2.088e-12 
0.63315 	1.17234 	1.427e-04 	5.478e-08 	1.423e-04 	1.585e-11 	3.432e-04 	3.555e-15 	2.208e-12 
0.65325 	1.20956 	1.427e-04 	6.131e-08 	1.424e-04 	1.761e-11 	3.434e-04 	4.016e-15 	2.335e-12 
0.67335 	1.24677 	1.428e-04 	6.861e-08 	1.424e-04 	1.956e-11 	3.435e-04 	4.539e-15 	2.471e-12 
0.69345 	1.28399 	1.428e-04 	7.677e-08 	1.425e-04 	2.171e-11 	3.437e-04 	5.131e-15 	2.615e-12 
0.71355 	1.32121 	1.429e-04 	8.590e-08 	1.425e-04 	2.410e-11 	3.438e-04 	5.803e-15 	2.769e-12 
0.73365 	1.35843 	1.429e-04 	9.611e-08 	1.426e-04 	2.674e-11 	3.440e-04 	6.565e-15 	2.933e-12 
0.75375 	1.39564 	1.429e-04 	1.075e-07 	1.426e-04 	2.967e-11 	3.441e-04 	7.430e-15 	3.108e-12 
0.77385 	1.43286 	1.430e-04 	1.203e-07 	1.427e-04 	3.291e-11 	3.442e-04 	8.410e-15 	3.294e-12 
0.79395 	1.47008 	1.430e-04 	1.346e-07 	1.427e-04 	3.651e-11 	3.444e-04 	9.523e-15 	3.493e-12 
0.81405 	1.50729 	1.430e-04 	1.505e-07 	1.427e-04 	4.049e-11 	3.445e-04 	1.079e-14 	3.704e-12 
0.83415 	1.54451 	1.431e-04 	1.684e-07 	1.428e-04 	4.490e-11 	3.446e-04 	1.222e-14 	3.929e-12 
0.85425 	1.58173 	1.431e-04 	1.883e-07 	1.428e-04 	4.980e-11 	3.447e-04 	1.385e-14 	4.169e-12 
0.87435 	1.61895 	1.431e-04 	2.106e-07 	1.428e-04 	5.522e-11 	3.448e-04 	1.570e-14 	4.424e-12 
0.89445 	1.65616 	1.431e-04 	2.355e-07 	1.428e-04 	6.123e-11 	3.449e-04 	1.780e-14 	4.696e-12 
0.91455 	1.69338 	1.431e-04 	2.634e-07 	1.428e-04 	6.790e-11 	3.450e-04 	2.018e-14 	4.986e-12 
0.93465 	1.73060 	1.431e-04 	2.945e-07 	1.428e-04 	7.530e-11 	3.451e-04 	2.289e-14 	5.295e-12 
0.95475 	1.76782 	1.431e-04 	3.293e-07 	1.428e-04 	8.352e-11 	3.452e-04 	2.597e-14 	5.624e-12 
0.97485 	1.80503 	1.431e-04 	3.681e-07 	1.428e-04 	9.263e-11 	3.453e-04 	2.946e-14 	5.974e-12 
0.99495 	1.84225 	1.431e-04 	4.115e-07 	1.428e-04 	1.027e-10 	3.454e-04 	3.343e-14 	6.348e-12 
1.01505 	1.87947 	1.431e-04 	4.600e-07 	1.428e-04 	1.140e-10 	3.454e-04 	3.795e-14 	6.746e-12 
1.03515 	1.91668 	1.430e-04 	5.141e-07 	1.428e-04 	1.265e-10 	3.455e-04 	4.308e-14 	7.170e-12 
1.05525 	1.95390 	1.430e-04 	5.746e-07 	1.428e-04 	1.403e-10 	3.456e-04 	4.891e-14 	7.623e-12 
1.07535 	1.99112 	1.430e-04 	6.421e-07 	1.427e-04 	1.558e-10 	3.456e-04 	5.553e-14 	8.105e-12 
1.09545 	2.02834 	1.429e-04 	7.175e-07 	1.427e-04 	1.729e-10 	3.457e-04 	6.306e-14 	8.618e-12 
1.11555 	2.06555 	1.429e-04 	8.015e-07 	1.426e-04 	1.920e-10 	3.457e-04 	7.162e-14 	9.166e-12 
1.13565 	2.10277 	1.428e-04 	8.954e-07 	1.425e-04 	2.132e-10 	3.458e-04 	8.136e-14 	9.750e-12 
1.15575 	2.13999 	1.427e-04 	1.000e-06 	1.424e-04 	2.369e-10 	3.459e-04 	9.242e-14 	1.037e-11 
1.17585 	2.17720 	1.426e-04 	1.117e-06 	1.424e-04 	2.632e-10 	3.459e-04 	1.050e-13 	1.104e-11 
1.19595 	2.21442 	1.425e-04 	1.247e-06 	1.422e-04 	2.926e-10 	3.460e-04 	1.193e-13 	1.175e-11 
1.21605 	2.25164 	1.424e-04 	1.392e-06 	1.421e-04 	3.253e-10 	3.460e-04 	1.356e-13 	1.250e-11 
1.23615 	2.28886 	1.422e-04 	1.553e-06 	1.420e-04 	3.617e-10 	3.460e-04 	1.541e-13 	1.331e-11 
1.25625 	2.32607 	1.420e-04 	1.733e-06 	1.418e-04 	4.024e-10 	3.461e-04 	1.751e-13 	1.417e-11 
1.27635 	2.36329 	1.419e-04 	1.933e-06 	1.416e-04 	4.478e-10 	3.461e-04 	1.990e-13 	1.509e-11 
1.29645 	2.40051 	1.417e-04 	2.156e-06 	1.414e-04 	4.985e-10 	3.462e-04 	2.262e-13 	1.607e-11 
1.31655 	2.43772 	1.414e-04 	2.403e-06 	1.412e-04 	5.552e-10 	3.462e-04 	2.572e-13 	1.712e-11 
1.33665 	2.47494 	1.412e-04 	2.678e-06 	1.409e-04 	6.184e-10 	3.462e-04 	2.925e-13 	1.824e-11 
1.35675 	2.51216 	1.409e-04 	2.984e-06 	1.406e-04 	6.892e-10 	3.463e-04 	3.326e-13 	1.944e-11 
1.37685 	2.54938 	1.405e-04 	3.322e-06 	1.403e-04 	7.683e-10 	3.463e-04 	3.782e-13 	2.073e-11 
1.39695 	2.58659 	1.402e-04 	3.697e-06 	1.400e-04 	8.568e-10 	3.463e-04 	4.302e-13 	2.210e-11 
1.41705 	2.62381 	1.398e-04 	4.113e-06 	1.396e-04 	9.558e-10 	3.464e-04 	4.894e-13 	2.357e-11 
1.43715 	2.66103 	1.393e-04 	4.572e-06 	1.391e-04 	1.067e-09 	3.464e-04 	5.569e-13 	2.515e-11 
1.45725 	2.69824 	1.388e-04 	5.079e-06 	1.386e-04 	1.191e-09 	3.464e-04 	6.337e-13 	2.684e-11 
1.47735 	2.73546 	1.383e-04 	5.639e-06 	1.381e-04 	1.330e-09 	3.465e-04 	7.213e-13 	2.866e-11 
1.49745 	2.77268 	1.377e-04 	6.256e-06 	1.375e-04 	1.486e-09 	3.465e-04 	8.213e-13 	3.062e-11 
1.51755 	2.80990 	1.370e-04 	6.934e-06 	1.368e-04 	1.660e-09 	3.466e-04 	9.353e-13 	3.272e-11 
1.53765 	2.84711 	1.363e-04 	7.679e-06 	1.361e-04 	1.856e-09 	3.466e-04 	1.066e-12 	3.498e-11 
1.55775 	2.88433 	1.355e-04 	8.495e-06 	1.353e-04 	2.075e-09 	3.466e-04 	1.214e-12 	3.742e-11 
1.57785 	2.92155 	1.346e-04 	9.388e-06 	1.344e-04 	2.321e-09 	3.467e-04 	1.384e-12 	4.005e-11 
1.59795 	2.95876 	1.337e-04 	1.036e-05 	1.334e-04 	2.597e-09 	3.467e-04 	1.579e-12 	4.289e-11 
1.61805 	2.99598 	1.326e-04 	1.143e-05 	1.324e-04 	2.907e-09 	3.468e-04 	1.801e-12 	4.597e-11 
1.63815 	3.03320 	1.315e-04 	1.258e-05 	1.313e-04 	3.254e-09 	3.468e-04 	2.056e-12 	4.930e-11 
1.65825 	3.07042 	1.303e-04 	1.383e-05 	1.300e-04 	3.643e-09 	3.469e-04 	2.348e-12 	5.291e-11 
1.67835 	3.10763 	1.289e-04 	1.518e-05 	1.287e-04 	4.079e-09 	3.469e-04 	2.684e-12 	5.684e-11 
1.69845 	3.14485 	1.275e-04 	1.664e-05 	1.273e-04 	4.569e-09 	3.470e-04 	3.069e-12 	6.111e-11 
1.71855 	3.18207 	1.260e-04 	1.820e-05 	1.257e-04 	5.117e-09 	3.470e-04 	3.513e-12 	6.576e-11 
1.73865 	3.21928 	1.243e-04 	1.988e-05 	1.241e-04 	5.732e-09 	3.471e-04 	4.023e-12 	7.084e-11 
1.75875 	3.25650 	1.225e-04 	2.167e-05 	1.223e-04 	6.420e-09 	3.471e-04 	4.611e-12 	7.639e-11 
1.77885 	3.29372 	1.207e-04 	2.357e-05 	1.204e-04 	7.192e-09 	3.472e-04 	5.290e-12 	8.247e-11 
1.79895 	3.33094 	1.187e-04 	2.559e-05 	1.184e-04 	8.056e-09 	3.473e-04 	6.075e-12 	8.913e-11 
1.81905 	3.36815 	1.166e-04 	2.772e-05 	1.163e-04 	9.023e-09 	3.473e-04 	6.983e-12 	9.644e-11 
1.83915 	3.40537 	1.144e-04 	2.996e-05 	1.141e-04 	1.011e-08 	3.474e-04 	8.035e-12 	1.045e-10 
1.85925 	3.44259 	1.120e-04 	3.231e-05 	1.118e-04 	1.132e-08 	3.475e-04 	9.254e-12 	1.133e-10 
1.87935 	3.47980 	1.096e-04 	3.476e-05 	1.094e-04 	1.267e-08 	3.476e-04 	1.067e-11 	1.231e-10 
1.89945 	3.51702 	1.071e-04 	3.731e-05 	1.069e-04 	1.418e-08 	3.477e-04 	1.232e-11 	1.339e-10 
1.91955 	3.55424 	1.045e-04 	3.995e-05 	1.043e-04 	1.588e-08 	3.477e-04 	1.424e-11 	1.458e-10 
1.93965 	3.59146 	1.018e-04 	4.268e-05 	1.016e-04 	1.776e-08 	3.478e-04 	1.648e-11 	1.590e-10 
1.95975 	3.62867 	9.905e-05 	4.548e-05 	9.881e-05 	1.987e-08 	3.479e-04 	1.909e-11 	1.736e-10 
1.97985 	3.66589 	9.622e-05 	4.835e-05 	9.598e-05 	2.222e-08 	3.480e-04 	2.214e-11 	1.898e-10 
1.99995 	3.70311 	9.333e-05 	5.127e-05 	9.309e-05 	2.485e-08 	3.481e-04 	2.572e-11 	2.078e-10 
