n = 1.1e+04, Tgas =  20.0, Tdust =  20.0, Go = 1000.0
pc 	Av 	e- 	C 	C+ 	CO 	O 	O2 	H2O 
0.01005 	0.17058 	1.419e-04 	3.576e-08 	1.419e-04 	1.146e-11 	3.421e-04 	1.032e-15 	2.482e-13 
0.03015 	0.51174 	1.422e-04 	9.988e-08 	1.422e-04 	3.106e-11 	3.431e-04 	3.208e-15 	4.511e-13 
0.05025 	0.85289 	1.423e-04 	2.780e-07 	1.423e-04 	8.562e-11 	3.436e-04 	1.012e-14 	8.131e-13 
0.07035 	1.19405 	1.419e-04 	7.698e-07 	1.419e-04 	2.428e-10 	3.440e-04 	3.211e-14 	1.459e-12 
0.09045 	1.53521 	1.407e-04 	2.107e-06 	1.407e-04 	7.115e-10 	3.443e-04 	1.015e-13 	2.619e-12 
0.11055 	1.87637 	1.373e-04 	5.605e-06 	1.373e-04 	2.144e-09 	3.445e-04 	3.164e-13 	4.748e-12 
0.13065 	2.21752 	1.292e-04 	1.394e-05 	1.291e-04 	6.523e-09 	3.450e-04 	9.642e-13 	8.894e-12 
0.15075 	2.55868 	1.130e-04 	3.040e-05 	1.130e-04 	1.936e-08 	3.458e-04 	2.904e-12 	1.788e-11 
0.17085 	2.89984 	8.886e-05 	5.501e-05 	8.883e-05 	5.391e-08 	3.470e-04 	9.070e-12 	3.998e-11 
0.19095 	3.24099 	6.205e-05 	8.222e-05 	6.202e-05 	1.374e-07 	3.482e-04 	3.151e-11 	9.985e-11 
0.21105 	3.58215 	3.869e-05 	1.056e-04 	3.866e-05 	3.194e-07 	3.489e-04 	1.251e-10 	2.709e-10 
0.23115 	3.92331 	2.159e-05 	1.218e-04 	2.155e-05 	6.791e-07 	3.486e-04 	5.392e-10 	7.674e-10 
0.25125 	4.26447 	1.070e-05 	1.303e-04 	1.066e-05 	1.339e-06 	3.465e-04 	2.264e-09 	2.156e-09 
0.27135 	4.60562 	4.713e-06 	1.311e-04 	4.683e-06 	2.565e-06 	3.412e-04 	8.053e-09 	5.608e-09 
0.29145 	4.94678 	1.928e-06 	1.221e-04 	1.904e-06 	5.240e-06 	3.289e-04 	2.204e-08 	1.286e-08 
0.31155 	5.28794 	7.840e-07 	9.481e-05 	7.665e-07 	1.164e-05 	2.983e-04 	5.019e-08 	2.701e-08 
0.33165 	5.62910 	3.360e-07 	4.728e-05 	3.212e-07 	2.233e-05 	2.423e-04 	1.218e-07 	5.595e-08 
0.35175 	5.97025 	1.951e-07 	1.587e-05 	1.801e-07 	2.921e-05 	1.832e-04 	2.933e-07 	1.055e-07 
0.37185 	6.31141 	1.563e-07 	6.805e-06 	1.399e-07 	3.111e-05 	1.061e-04 	4.713e-07 	1.547e-07 
0.39195 	6.65257 	1.696e-07 	8.801e-06 	1.511e-07 	3.058e-05 	3.870e-05 	2.893e-07 	1.347e-07 
0.41205 	6.99372 	2.251e-07 	2.702e-05 	2.084e-07 	2.647e-05 	1.907e-05 	6.283e-08 	8.637e-08 
0.43215 	7.33488 	2.954e-07 	5.830e-05 	2.807e-07 	1.945e-05 	1.311e-05 	1.351e-08 	5.418e-08 
0.45225 	7.67604 	3.491e-07 	8.457e-05 	3.344e-07 	1.357e-05 	8.863e-06 	3.922e-09 	3.375e-08 
0.47235 	8.01720 	3.790e-07 	1.010e-04 	3.636e-07 	9.887e-06 	5.744e-06 	1.370e-09 	2.145e-08 
0.49245 	8.35835 	3.914e-07 	1.082e-04 	3.758e-07 	8.253e-06 	3.778e-06 	5.740e-10 	1.447e-08 
0.51255 	8.69951 	3.943e-07 	1.080e-04 	3.789e-07 	8.256e-06 	2.642e-06 	2.991e-10 	1.065e-08 
0.53265 	9.04067 	3.898e-07 	1.019e-04 	3.753e-07 	9.561e-06 	1.961e-06 	1.915e-10 	8.562e-09 
0.55275 	9.38183 	3.777e-07 	9.150e-05 	3.640e-07 	1.182e-05 	1.495e-06 	1.420e-10 	7.366e-09 
0.57285 	9.72298 	3.593e-07 	7.872e-05 	3.461e-07 	1.457e-05 	1.144e-06 	1.151e-10 	6.614e-09 
0.59295 	10.06414 	3.377e-07 	6.538e-05 	3.245e-07 	1.743e-05 	8.745e-07 	9.896e-11 	6.094e-09 
0.61305 	10.40530 	3.156e-07 	5.267e-05 	3.020e-07 	2.011e-05 	6.712e-07 	8.926e-11 	5.711e-09 
0.63315 	10.74645 	2.948e-07 	4.124e-05 	2.806e-07 	2.248e-05 	5.220e-07 	8.442e-11 	5.420e-09 
0.65325 	11.08761 	2.764e-07 	3.144e-05 	2.615e-07 	2.446e-05 	4.150e-07 	8.370e-11 	5.198e-09 
0.67335 	11.42877 	2.611e-07 	2.341e-05 	2.452e-07 	2.603e-05 	3.403e-07 	8.666e-11 	5.031e-09 
0.69345 	11.76993 	2.489e-07 	1.710e-05 	2.322e-07 	2.723e-05 	2.891e-07 	9.273e-11 	4.910e-09 
0.71355 	12.11108 	2.397e-07 	1.236e-05 	2.222e-07 	2.811e-05 	2.546e-07 	1.010e-10 	4.823e-09 
0.73365 	12.45224 	2.330e-07 	8.919e-06 	2.148e-07 	2.872e-05 	2.317e-07 	1.104e-10 	4.762e-09 
0.75375 	12.79340 	2.282e-07 	6.492e-06 	2.096e-07 	2.915e-05 	2.165e-07 	1.197e-10 	4.721e-09 
0.77385 	13.13456 	2.249e-07 	4.816e-06 	2.059e-07 	2.944e-05 	2.065e-07 	1.279e-10 	4.693e-09 
0.79395 	13.47571 	2.227e-07 	3.673e-06 	2.034e-07 	2.964e-05 	2.000e-07 	1.347e-10 	4.674e-09 
0.81405 	13.81687 	2.212e-07 	2.902e-06 	2.017e-07 	2.977e-05 	1.956e-07 	1.399e-10 	4.661e-09 
0.83415 	14.15803 	2.202e-07 	2.383e-06 	2.006e-07 	2.986e-05 	1.927e-07 	1.437e-10 	4.653e-09 
0.85425 	14.49919 	2.195e-07 	2.037e-06 	1.998e-07 	2.992e-05 	1.908e-07 	1.464e-10 	4.647e-09 
0.87435 	14.84034 	2.191e-07 	1.806e-06 	1.993e-07 	2.995e-05 	1.896e-07 	1.483e-10 	4.643e-09 
0.89445 	15.18150 	2.188e-07 	1.652e-06 	1.990e-07 	2.998e-05 	1.887e-07 	1.497e-10 	4.641e-09 
0.91455 	15.52266 	2.186e-07 	1.549e-06 	1.987e-07 	3.000e-05 	1.882e-07 	1.505e-10 	4.639e-09 
0.93465 	15.86381 	2.184e-07 	1.481e-06 	1.986e-07 	3.001e-05 	1.878e-07 	1.511e-10 	4.638e-09 
0.95475 	16.20497 	2.183e-07 	1.436e-06 	1.985e-07 	3.002e-05 	1.876e-07 	1.515e-10 	4.638e-09 
0.97485 	16.54613 	2.183e-07 	1.405e-06 	1.984e-07 	3.002e-05 	1.874e-07 	1.518e-10 	4.637e-09 
0.99495 	16.88729 	2.182e-07 	1.385e-06 	1.984e-07 	3.003e-05 	1.873e-07 	1.520e-10 	4.637e-09 
1.01505 	17.22844 	2.182e-07 	1.372e-06 	1.984e-07 	3.003e-05 	1.872e-07 	1.521e-10 	4.637e-09 
1.03515 	17.56960 	2.182e-07 	1.363e-06 	1.983e-07 	3.003e-05 	1.872e-07 	1.522e-10 	4.636e-09 
1.05525 	17.91076 	2.182e-07 	1.357e-06 	1.983e-07 	3.003e-05 	1.871e-07 	1.522e-10 	4.636e-09 
1.07535 	18.25192 	2.182e-07 	1.354e-06 	1.983e-07 	3.003e-05 	1.871e-07 	1.523e-10 	4.636e-09 
1.09545 	18.59307 	2.182e-07 	1.351e-06 	1.983e-07 	3.003e-05 	1.871e-07 	1.523e-10 	4.636e-09 
1.11555 	18.93423 	2.182e-07 	1.349e-06 	1.983e-07 	3.003e-05 	1.871e-07 	1.523e-10 	4.636e-09 
1.13565 	19.27539 	2.182e-07 	1.348e-06 	1.983e-07 	3.003e-05 	1.871e-07 	1.523e-10 	4.636e-09 
1.15575 	19.61654 	2.182e-07 	1.347e-06 	1.983e-07 	3.003e-05 	1.871e-07 	1.523e-10 	4.636e-09 
1.17585 	19.95770 	2.182e-07 	1.347e-06 	1.983e-07 	3.003e-05 	1.871e-07 	1.523e-10 	4.636e-09 
1.19595 	20.29886 	2.182e-07 	1.347e-06 	1.983e-07 	3.003e-05 	1.871e-07 	1.523e-10 	4.636e-09 
1.21605 	20.64002 	2.182e-07 	1.346e-06 	1.983e-07 	3.003e-05 	1.871e-07 	1.523e-10 	4.636e-09 
1.23615 	20.98117 	2.182e-07 	1.346e-06 	1.983e-07 	3.003e-05 	1.871e-07 	1.523e-10 	4.636e-09 
1.25625 	21.32233 	2.182e-07 	1.346e-06 	1.983e-07 	3.003e-05 	1.871e-07 	1.523e-10 	4.636e-09 
1.27635 	21.66349 	2.182e-07 	1.346e-06 	1.983e-07 	3.003e-05 	1.871e-07 	1.523e-10 	4.636e-09 
1.29645 	22.00465 	2.182e-07 	1.346e-06 	1.983e-07 	3.003e-05 	1.871e-07 	1.523e-10 	4.636e-09 
1.31655 	22.34580 	2.182e-07 	1.346e-06 	1.983e-07 	3.003e-05 	1.871e-07 	1.523e-10 	4.636e-09 
1.33665 	22.68696 	2.182e-07 	1.346e-06 	1.983e-07 	3.003e-05 	1.871e-07 	1.523e-10 	4.636e-09 
1.35675 	23.02812 	2.182e-07 	1.346e-06 	1.983e-07 	3.003e-05 	1.871e-07 	1.523e-10 	4.636e-09 
1.37685 	23.36928 	2.182e-07 	1.346e-06 	1.983e-07 	3.003e-05 	1.871e-07 	1.523e-10 	4.636e-09 
1.39695 	23.71043 	2.182e-07 	1.346e-06 	1.983e-07 	3.003e-05 	1.871e-07 	1.523e-10 	4.636e-09 
1.41705 	24.05159 	2.182e-07 	1.346e-06 	1.983e-07 	3.003e-05 	1.871e-07 	1.523e-10 	4.636e-09 
1.43715 	24.39275 	2.182e-07 	1.346e-06 	1.983e-07 	3.003e-05 	1.871e-07 	1.523e-10 	4.636e-09 
1.45725 	24.73390 	2.182e-07 	1.346e-06 	1.983e-07 	3.003e-05 	1.871e-07 	1.523e-10 	4.636e-09 
1.47735 	25.07506 	2.182e-07 	1.346e-06 	1.983e-07 	3.003e-05 	1.871e-07 	1.523e-10 	4.636e-09 
1.49745 	25.41622 	2.182e-07 	1.346e-06 	1.983e-07 	3.003e-05 	1.871e-07 	1.523e-10 	4.636e-09 
1.51755 	25.75738 	2.182e-07 	1.346e-06 	1.983e-07 	3.003e-05 	1.871e-07 	1.523e-10 	4.636e-09 
1.53765 	26.09853 	2.182e-07 	1.346e-06 	1.983e-07 	3.003e-05 	1.871e-07 	1.523e-10 	4.636e-09 
1.55775 	26.43969 	2.182e-07 	1.346e-06 	1.983e-07 	3.003e-05 	1.871e-07 	1.523e-10 	4.636e-09 
1.57785 	26.78085 	2.182e-07 	1.346e-06 	1.983e-07 	3.003e-05 	1.871e-07 	1.523e-10 	4.636e-09 
1.59795 	27.12201 	2.182e-07 	1.346e-06 	1.983e-07 	3.003e-05 	1.871e-07 	1.523e-10 	4.636e-09 
1.61805 	27.46316 	2.182e-07 	1.346e-06 	1.983e-07 	3.003e-05 	1.871e-07 	1.523e-10 	4.636e-09 
1.63815 	27.80432 	2.182e-07 	1.346e-06 	1.983e-07 	3.003e-05 	1.871e-07 	1.523e-10 	4.636e-09 
1.65825 	28.14548 	2.182e-07 	1.346e-06 	1.983e-07 	3.003e-05 	1.871e-07 	1.523e-10 	4.636e-09 
1.67835 	28.48663 	2.182e-07 	1.346e-06 	1.983e-07 	3.003e-05 	1.871e-07 	1.523e-10 	4.636e-09 
1.69845 	28.82779 	2.182e-07 	1.346e-06 	1.983e-07 	3.003e-05 	1.871e-07 	1.523e-10 	4.636e-09 
1.71855 	29.16895 	2.182e-07 	1.346e-06 	1.983e-07 	3.003e-05 	1.871e-07 	1.523e-10 	4.636e-09 
1.73865 	29.51011 	2.182e-07 	1.346e-06 	1.983e-07 	3.003e-05 	1.871e-07 	1.523e-10 	4.636e-09 
1.75875 	29.85126 	2.182e-07 	1.346e-06 	1.983e-07 	3.003e-05 	1.871e-07 	1.523e-10 	4.636e-09 
1.77885 	30.19242 	2.182e-07 	1.346e-06 	1.983e-07 	3.003e-05 	1.871e-07 	1.523e-10 	4.636e-09 
1.79895 	30.53358 	2.182e-07 	1.346e-06 	1.983e-07 	3.003e-05 	1.871e-07 	1.523e-10 	4.636e-09 
1.81905 	30.87474 	2.182e-07 	1.346e-06 	1.983e-07 	3.003e-05 	1.871e-07 	1.523e-10 	4.636e-09 
1.83915 	31.21589 	2.182e-07 	1.346e-06 	1.983e-07 	3.003e-05 	1.871e-07 	1.523e-10 	4.636e-09 
1.85925 	31.55705 	2.182e-07 	1.346e-06 	1.983e-07 	3.003e-05 	1.871e-07 	1.523e-10 	4.636e-09 
1.87935 	31.89821 	2.182e-07 	1.346e-06 	1.983e-07 	3.003e-05 	1.871e-07 	1.523e-10 	4.636e-09 
1.89945 	32.23936 	2.182e-07 	1.346e-06 	1.983e-07 	3.003e-05 	1.871e-07 	1.523e-10 	4.636e-09 
1.91955 	32.58052 	2.182e-07 	1.346e-06 	1.983e-07 	3.003e-05 	1.871e-07 	1.523e-10 	4.636e-09 
1.93965 	32.92168 	2.182e-07 	1.346e-06 	1.983e-07 	3.003e-05 	1.871e-07 	1.523e-10 	4.636e-09 
1.95975 	33.26284 	2.182e-07 	1.346e-06 	1.983e-07 	3.003e-05 	1.871e-07 	1.523e-10 	4.636e-09 
1.97985 	33.60399 	2.182e-07 	1.346e-06 	1.983e-07 	3.003e-05 	1.871e-07 	1.523e-10 	4.636e-09 
1.99995 	33.94515 	2.182e-07 	1.346e-06 	1.983e-07 	3.003e-05 	1.871e-07 	1.523e-10 	4.636e-09 
