n = 8.0e+01, Tgas =  30.0, Tdust =  30.0, Go =  10.0
pc 	Av 	e- 	C 	C+ 	CO 	O 	O2 	H2O 
0.01005 	0.00124 	1.456e-04 	1.270e-08 	1.389e-04 	5.264e-12 	3.348e-04 	2.223e-14 	1.996e-11 
0.03015 	0.00372 	1.456e-04 	1.280e-08 	1.389e-04 	5.305e-12 	3.348e-04 	2.243e-14 	2.005e-11 
0.05025 	0.00620 	1.455e-04 	1.289e-08 	1.389e-04 	5.346e-12 	3.348e-04 	2.262e-14 	2.014e-11 
0.07035 	0.00868 	1.455e-04 	1.299e-08 	1.389e-04 	5.387e-12 	3.348e-04 	2.283e-14 	2.022e-11 
0.09045 	0.01117 	1.455e-04 	1.309e-08 	1.389e-04 	5.429e-12 	3.349e-04 	2.303e-14 	2.031e-11 
0.11055 	0.01365 	1.455e-04 	1.319e-08 	1.389e-04 	5.471e-12 	3.349e-04 	2.323e-14 	2.040e-11 
0.13065 	0.01613 	1.455e-04 	1.328e-08 	1.389e-04 	5.513e-12 	3.349e-04 	2.344e-14 	2.049e-11 
0.15075 	0.01861 	1.455e-04 	1.338e-08 	1.389e-04 	5.556e-12 	3.349e-04 	2.365e-14 	2.058e-11 
0.17085 	0.02109 	1.455e-04 	1.348e-08 	1.389e-04 	5.599e-12 	3.349e-04 	2.385e-14 	2.067e-11 
0.19095 	0.02357 	1.455e-04 	1.358e-08 	1.389e-04 	5.642e-12 	3.349e-04 	2.407e-14 	2.076e-11 
0.21105 	0.02605 	1.455e-04 	1.369e-08 	1.389e-04 	5.685e-12 	3.349e-04 	2.428e-14 	2.085e-11 
0.23115 	0.02853 	1.455e-04 	1.379e-08 	1.389e-04 	5.729e-12 	3.349e-04 	2.449e-14 	2.095e-11 
0.25125 	0.03101 	1.455e-04 	1.389e-08 	1.389e-04 	5.774e-12 	3.349e-04 	2.471e-14 	2.104e-11 
0.27135 	0.03350 	1.455e-04 	1.400e-08 	1.389e-04 	5.818e-12 	3.349e-04 	2.493e-14 	2.113e-11 
0.29145 	0.03598 	1.455e-04 	1.410e-08 	1.389e-04 	5.863e-12 	3.349e-04 	2.515e-14 	2.122e-11 
0.31155 	0.03846 	1.455e-04 	1.421e-08 	1.389e-04 	5.908e-12 	3.350e-04 	2.537e-14 	2.132e-11 
0.33165 	0.04094 	1.455e-04 	1.431e-08 	1.389e-04 	5.954e-12 	3.350e-04 	2.560e-14 	2.141e-11 
0.35175 	0.04342 	1.455e-04 	1.442e-08 	1.389e-04 	6.000e-12 	3.350e-04 	2.583e-14 	2.150e-11 
0.37185 	0.04590 	1.454e-04 	1.453e-08 	1.389e-04 	6.046e-12 	3.350e-04 	2.605e-14 	2.160e-11 
0.39195 	0.04838 	1.454e-04 	1.464e-08 	1.389e-04 	6.093e-12 	3.350e-04 	2.628e-14 	2.169e-11 
0.41205 	0.05086 	1.454e-04 	1.475e-08 	1.389e-04 	6.140e-12 	3.350e-04 	2.652e-14 	2.179e-11 
0.43215 	0.05334 	1.454e-04 	1.486e-08 	1.389e-04 	6.187e-12 	3.350e-04 	2.675e-14 	2.188e-11 
0.45225 	0.05583 	1.454e-04 	1.497e-08 	1.389e-04 	6.235e-12 	3.350e-04 	2.699e-14 	2.198e-11 
0.47235 	0.05831 	1.454e-04 	1.508e-08 	1.389e-04 	6.283e-12 	3.350e-04 	2.723e-14 	2.208e-11 
0.49245 	0.06079 	1.454e-04 	1.519e-08 	1.389e-04 	6.332e-12 	3.350e-04 	2.747e-14 	2.217e-11 
0.51255 	0.06327 	1.454e-04 	1.531e-08 	1.389e-04 	6.380e-12 	3.350e-04 	2.771e-14 	2.227e-11 
0.53265 	0.06575 	1.454e-04 	1.542e-08 	1.390e-04 	6.430e-12 	3.350e-04 	2.796e-14 	2.237e-11 
0.55275 	0.06823 	1.454e-04 	1.554e-08 	1.390e-04 	6.479e-12 	3.351e-04 	2.820e-14 	2.247e-11 
0.57285 	0.07071 	1.454e-04 	1.565e-08 	1.390e-04 	6.529e-12 	3.351e-04 	2.845e-14 	2.256e-11 
0.59295 	0.07319 	1.454e-04 	1.577e-08 	1.390e-04 	6.580e-12 	3.351e-04 	2.871e-14 	2.266e-11 
0.61305 	0.07567 	1.454e-04 	1.589e-08 	1.390e-04 	6.630e-12 	3.351e-04 	2.896e-14 	2.276e-11 
0.63315 	0.07816 	1.454e-04 	1.601e-08 	1.390e-04 	6.682e-12 	3.351e-04 	2.922e-14 	2.286e-11 
0.65325 	0.08064 	1.454e-04 	1.613e-08 	1.390e-04 	6.733e-12 	3.351e-04 	2.947e-14 	2.296e-11 
0.67335 	0.08312 	1.454e-04 	1.625e-08 	1.390e-04 	6.785e-12 	3.351e-04 	2.974e-14 	2.306e-11 
0.69345 	0.08560 	1.454e-04 	1.637e-08 	1.390e-04 	6.837e-12 	3.351e-04 	3.000e-14 	2.316e-11 
0.71355 	0.08808 	1.454e-04 	1.649e-08 	1.390e-04 	6.890e-12 	3.351e-04 	3.026e-14 	2.327e-11 
0.73365 	0.09056 	1.453e-04 	1.662e-08 	1.390e-04 	6.943e-12 	3.351e-04 	3.053e-14 	2.337e-11 
0.75375 	0.09304 	1.453e-04 	1.674e-08 	1.390e-04 	6.997e-12 	3.351e-04 	3.080e-14 	2.347e-11 
0.77385 	0.09552 	1.453e-04 	1.687e-08 	1.390e-04 	7.051e-12 	3.352e-04 	3.107e-14 	2.357e-11 
0.79395 	0.09801 	1.453e-04 	1.699e-08 	1.390e-04 	7.105e-12 	3.352e-04 	3.135e-14 	2.368e-11 
0.81405 	0.10049 	1.453e-04 	1.712e-08 	1.390e-04 	7.160e-12 	3.352e-04 	3.163e-14 	2.378e-11 
0.83415 	0.10297 	1.453e-04 	1.725e-08 	1.390e-04 	7.215e-12 	3.352e-04 	3.190e-14 	2.388e-11 
0.85425 	0.10545 	1.453e-04 	1.738e-08 	1.390e-04 	7.270e-12 	3.352e-04 	3.219e-14 	2.399e-11 
0.87435 	0.10793 	1.453e-04 	1.751e-08 	1.390e-04 	7.326e-12 	3.352e-04 	3.247e-14 	2.409e-11 
0.89445 	0.11041 	1.453e-04 	1.764e-08 	1.390e-04 	7.383e-12 	3.352e-04 	3.276e-14 	2.420e-11 
0.91455 	0.11289 	1.453e-04 	1.777e-08 	1.390e-04 	7.440e-12 	3.352e-04 	3.305e-14 	2.430e-11 
0.93465 	0.11537 	1.453e-04 	1.790e-08 	1.390e-04 	7.497e-12 	3.352e-04 	3.334e-14 	2.441e-11 
0.95475 	0.11785 	1.453e-04 	1.804e-08 	1.390e-04 	7.555e-12 	3.352e-04 	3.363e-14 	2.452e-11 
0.97485 	0.12034 	1.453e-04 	1.817e-08 	1.390e-04 	7.613e-12 	3.352e-04 	3.393e-14 	2.462e-11 
0.99495 	0.12282 	1.453e-04 	1.831e-08 	1.390e-04 	7.672e-12 	3.352e-04 	3.423e-14 	2.473e-11 
1.01505 	0.12530 	1.453e-04 	1.845e-08 	1.390e-04 	7.731e-12 	3.353e-04 	3.453e-14 	2.484e-11 
1.03515 	0.12778 	1.453e-04 	1.858e-08 	1.390e-04 	7.790e-12 	3.353e-04 	3.484e-14 	2.495e-11 
1.05525 	0.13026 	1.453e-04 	1.872e-08 	1.390e-04 	7.850e-12 	3.353e-04 	3.515e-14 	2.506e-11 
1.07535 	0.13274 	1.453e-04 	1.886e-08 	1.390e-04 	7.911e-12 	3.353e-04 	3.546e-14 	2.517e-11 
1.09545 	0.13522 	1.453e-04 	1.901e-08 	1.390e-04 	7.972e-12 	3.353e-04 	3.577e-14 	2.528e-11 
1.11555 	0.13770 	1.453e-04 	1.915e-08 	1.391e-04 	8.033e-12 	3.353e-04 	3.609e-14 	2.539e-11 
1.13565 	0.14018 	1.452e-04 	1.929e-08 	1.391e-04 	8.095e-12 	3.353e-04 	3.641e-14 	2.550e-11 
1.15575 	0.14267 	1.452e-04 	1.944e-08 	1.391e-04 	8.158e-12 	3.353e-04 	3.673e-14 	2.561e-11 
1.17585 	0.14515 	1.452e-04 	1.958e-08 	1.391e-04 	8.220e-12 	3.353e-04 	3.705e-14 	2.572e-11 
1.19595 	0.14763 	1.452e-04 	1.973e-08 	1.391e-04 	8.284e-12 	3.353e-04 	3.738e-14 	2.583e-11 
1.21605 	0.15011 	1.452e-04 	1.988e-08 	1.391e-04 	8.348e-12 	3.353e-04 	3.771e-14 	2.595e-11 
1.23615 	0.15259 	1.452e-04 	2.002e-08 	1.391e-04 	8.412e-12 	3.353e-04 	3.804e-14 	2.606e-11 
1.25625 	0.15507 	1.452e-04 	2.017e-08 	1.391e-04 	8.477e-12 	3.354e-04 	3.838e-14 	2.617e-11 
1.27635 	0.15755 	1.452e-04 	2.033e-08 	1.391e-04 	8.542e-12 	3.354e-04 	3.872e-14 	2.629e-11 
1.29645 	0.16003 	1.452e-04 	2.048e-08 	1.391e-04 	8.608e-12 	3.354e-04 	3.906e-14 	2.640e-11 
1.31655 	0.16251 	1.452e-04 	2.063e-08 	1.391e-04 	8.674e-12 	3.354e-04 	3.940e-14 	2.652e-11 
1.33665 	0.16500 	1.452e-04 	2.078e-08 	1.391e-04 	8.741e-12 	3.354e-04 	3.975e-14 	2.663e-11 
1.35675 	0.16748 	1.452e-04 	2.094e-08 	1.391e-04 	8.808e-12 	3.354e-04 	4.010e-14 	2.675e-11 
1.37685 	0.16996 	1.452e-04 	2.110e-08 	1.391e-04 	8.876e-12 	3.354e-04 	4.046e-14 	2.686e-11 
1.39695 	0.17244 	1.452e-04 	2.126e-08 	1.391e-04 	8.944e-12 	3.354e-04 	4.081e-14 	2.698e-11 
1.41705 	0.17492 	1.452e-04 	2.141e-08 	1.391e-04 	9.013e-12 	3.354e-04 	4.117e-14 	2.710e-11 
1.43715 	0.17740 	1.452e-04 	2.157e-08 	1.391e-04 	9.083e-12 	3.354e-04 	4.154e-14 	2.722e-11 
1.45725 	0.17988 	1.452e-04 	2.174e-08 	1.391e-04 	9.153e-12 	3.354e-04 	4.190e-14 	2.734e-11 
1.47735 	0.18236 	1.452e-04 	2.190e-08 	1.391e-04 	9.223e-12 	3.354e-04 	4.227e-14 	2.745e-11 
1.49745 	0.18485 	1.452e-04 	2.206e-08 	1.391e-04 	9.294e-12 	3.355e-04 	4.264e-14 	2.757e-11 
1.51755 	0.18733 	1.452e-04 	2.223e-08 	1.391e-04 	9.366e-12 	3.355e-04 	4.302e-14 	2.769e-11 
1.53765 	0.18981 	1.452e-04 	2.239e-08 	1.391e-04 	9.438e-12 	3.355e-04 	4.340e-14 	2.782e-11 
1.55775 	0.19229 	1.451e-04 	2.256e-08 	1.391e-04 	9.511e-12 	3.355e-04 	4.378e-14 	2.794e-11 
1.57785 	0.19477 	1.451e-04 	2.273e-08 	1.391e-04 	9.584e-12 	3.355e-04 	4.417e-14 	2.806e-11 
1.59795 	0.19725 	1.451e-04 	2.290e-08 	1.391e-04 	9.658e-12 	3.355e-04 	4.456e-14 	2.818e-11 
1.61805 	0.19973 	1.451e-04 	2.307e-08 	1.391e-04 	9.732e-12 	3.355e-04 	4.495e-14 	2.830e-11 
1.63815 	0.20221 	1.451e-04 	2.325e-08 	1.391e-04 	9.807e-12 	3.355e-04 	4.535e-14 	2.843e-11 
1.65825 	0.20469 	1.451e-04 	2.342e-08 	1.391e-04 	9.883e-12 	3.355e-04 	4.575e-14 	2.855e-11 
1.67835 	0.20718 	1.451e-04 	2.359e-08 	1.391e-04 	9.959e-12 	3.355e-04 	4.615e-14 	2.867e-11 
1.69845 	0.20966 	1.451e-04 	2.377e-08 	1.391e-04 	1.004e-11 	3.355e-04 	4.656e-14 	2.880e-11 
1.71855 	0.21214 	1.451e-04 	2.395e-08 	1.391e-04 	1.011e-11 	3.355e-04 	4.697e-14 	2.892e-11 
1.73865 	0.21462 	1.451e-04 	2.413e-08 	1.391e-04 	1.019e-11 	3.355e-04 	4.738e-14 	2.905e-11 
1.75875 	0.21710 	1.451e-04 	2.431e-08 	1.392e-04 	1.027e-11 	3.356e-04 	4.780e-14 	2.918e-11 
1.77885 	0.21958 	1.451e-04 	2.449e-08 	1.392e-04 	1.035e-11 	3.356e-04 	4.822e-14 	2.930e-11 
1.79895 	0.22206 	1.451e-04 	2.467e-08 	1.392e-04 	1.043e-11 	3.356e-04 	4.865e-14 	2.943e-11 
1.81905 	0.22454 	1.451e-04 	2.486e-08 	1.392e-04 	1.051e-11 	3.356e-04 	4.908e-14 	2.956e-11 
1.83915 	0.22702 	1.451e-04 	2.504e-08 	1.392e-04 	1.059e-11 	3.356e-04 	4.951e-14 	2.969e-11 
1.85925 	0.22951 	1.451e-04 	2.523e-08 	1.392e-04 	1.067e-11 	3.356e-04 	4.994e-14 	2.982e-11 
1.87935 	0.23199 	1.451e-04 	2.542e-08 	1.392e-04 	1.075e-11 	3.356e-04 	5.038e-14 	2.995e-11 
1.89945 	0.23447 	1.451e-04 	2.561e-08 	1.392e-04 	1.084e-11 	3.356e-04 	5.083e-14 	3.008e-11 
1.91955 	0.23695 	1.451e-04 	2.580e-08 	1.392e-04 	1.092e-11 	3.356e-04 	5.128e-14 	3.021e-11 
1.93965 	0.23943 	1.451e-04 	2.600e-08 	1.392e-04 	1.100e-11 	3.356e-04 	5.173e-14 	3.034e-11 
1.95975 	0.24191 	1.451e-04 	2.619e-08 	1.392e-04 	1.109e-11 	3.356e-04 	5.218e-14 	3.047e-11 
1.97985 	0.24439 	1.451e-04 	2.639e-08 	1.392e-04 	1.117e-11 	3.356e-04 	5.264e-14 	3.060e-11 
1.99995 	0.24687 	1.451e-04 	2.658e-08 	1.392e-04 	1.126e-11 	3.356e-04 	5.311e-14 	3.073e-11 
