n = 1.2e+02, Tgas =  10.0, Tdust =  10.0, Go = 1000.0
pc 	Av 	e- 	C 	C+ 	CO 	O 	O2 	H2O 
0.01005 	0.00186 	1.497e-04 	3.205e-10 	1.369e-04 	4.538e-15 	3.301e-04 	1.374e-19 	2.320e-14 
0.03015 	0.00558 	1.496e-04 	3.241e-10 	1.369e-04 	4.616e-15 	3.300e-04 	1.399e-19 	2.351e-14 
0.05025 	0.00930 	1.496e-04 	3.277e-10 	1.369e-04 	4.696e-15 	3.300e-04 	1.424e-19 	2.381e-14 
0.07035 	0.01303 	1.496e-04 	3.313e-10 	1.369e-04 	4.777e-15 	3.300e-04 	1.449e-19 	2.412e-14 
0.09045 	0.01675 	1.496e-04 	3.350e-10 	1.369e-04 	4.860e-15 	3.299e-04 	1.475e-19 	2.444e-14 
0.11055 	0.02047 	1.495e-04 	3.387e-10 	1.368e-04 	4.944e-15 	3.299e-04 	1.501e-19 	2.475e-14 
0.13065 	0.02419 	1.495e-04 	3.425e-10 	1.368e-04 	5.029e-15 	3.299e-04 	1.528e-19 	2.507e-14 
0.15075 	0.02791 	1.495e-04 	3.463e-10 	1.368e-04 	5.116e-15 	3.299e-04 	1.555e-19 	2.540e-14 
0.17085 	0.03163 	1.494e-04 	3.502e-10 	1.368e-04 	5.204e-15 	3.298e-04 	1.583e-19 	2.573e-14 
0.19095 	0.03536 	1.494e-04 	3.541e-10 	1.368e-04 	5.294e-15 	3.298e-04 	1.611e-19 	2.606e-14 
0.21105 	0.03908 	1.494e-04 	3.580e-10 	1.368e-04 	5.385e-15 	3.298e-04 	1.640e-19 	2.639e-14 
0.23115 	0.04280 	1.493e-04 	3.620e-10 	1.368e-04 	5.478e-15 	3.297e-04 	1.669e-19 	2.673e-14 
0.25125 	0.04652 	1.493e-04 	3.661e-10 	1.368e-04 	5.572e-15 	3.297e-04 	1.699e-19 	2.708e-14 
0.27135 	0.05024 	1.493e-04 	3.701e-10 	1.367e-04 	5.668e-15 	3.297e-04 	1.729e-19 	2.743e-14 
0.29145 	0.05396 	1.492e-04 	3.743e-10 	1.367e-04 	5.766e-15 	3.297e-04 	1.760e-19 	2.778e-14 
0.31155 	0.05769 	1.492e-04 	3.784e-10 	1.367e-04 	5.865e-15 	3.296e-04 	1.791e-19 	2.814e-14 
0.33165 	0.06141 	1.492e-04 	3.826e-10 	1.367e-04 	5.966e-15 	3.296e-04 	1.823e-19 	2.850e-14 
0.35175 	0.06513 	1.491e-04 	3.869e-10 	1.367e-04 	6.069e-15 	3.296e-04 	1.856e-19 	2.886e-14 
0.37185 	0.06885 	1.491e-04 	3.912e-10 	1.367e-04 	6.173e-15 	3.295e-04 	1.889e-19 	2.923e-14 
0.39195 	0.07257 	1.491e-04 	3.956e-10 	1.367e-04 	6.279e-15 	3.295e-04 	1.922e-19 	2.960e-14 
0.41205 	0.07630 	1.490e-04 	4.000e-10 	1.367e-04 	6.387e-15 	3.295e-04 	1.957e-19 	2.998e-14 
0.43215 	0.08002 	1.490e-04 	4.044e-10 	1.366e-04 	6.496e-15 	3.294e-04 	1.992e-19 	3.036e-14 
0.45225 	0.08374 	1.490e-04 	4.089e-10 	1.366e-04 	6.608e-15 	3.294e-04 	2.027e-19 	3.075e-14 
0.47235 	0.08746 	1.489e-04 	4.135e-10 	1.366e-04 	6.721e-15 	3.294e-04 	2.063e-19 	3.114e-14 
0.49245 	0.09118 	1.489e-04 	4.181e-10 	1.366e-04 	6.836e-15 	3.294e-04 	2.100e-19 	3.154e-14 
0.51255 	0.09490 	1.489e-04 	4.228e-10 	1.366e-04 	6.953e-15 	3.293e-04 	2.138e-19 	3.194e-14 
0.53265 	0.09863 	1.488e-04 	4.275e-10 	1.366e-04 	7.072e-15 	3.293e-04 	2.176e-19 	3.234e-14 
0.55275 	0.10235 	1.488e-04 	4.322e-10 	1.366e-04 	7.193e-15 	3.293e-04 	2.214e-19 	3.275e-14 
0.57285 	0.10607 	1.488e-04 	4.370e-10 	1.366e-04 	7.316e-15 	3.292e-04 	2.254e-19 	3.316e-14 
0.59295 	0.10979 	1.487e-04 	4.419e-10 	1.365e-04 	7.441e-15 	3.292e-04 	2.294e-19 	3.358e-14 
0.61305 	0.11351 	1.487e-04 	4.468e-10 	1.365e-04 	7.568e-15 	3.292e-04 	2.335e-19 	3.400e-14 
0.63315 	0.11723 	1.487e-04 	4.518e-10 	1.365e-04 	7.698e-15 	3.291e-04 	2.376e-19 	3.443e-14 
0.65325 	0.12096 	1.486e-04 	4.569e-10 	1.365e-04 	7.829e-15 	3.291e-04 	2.419e-19 	3.486e-14 
0.67335 	0.12468 	1.486e-04 	4.619e-10 	1.365e-04 	7.963e-15 	3.291e-04 	2.462e-19 	3.530e-14 
0.69345 	0.12840 	1.486e-04 	4.671e-10 	1.365e-04 	8.098e-15 	3.290e-04 	2.506e-19 	3.574e-14 
0.71355 	0.13212 	1.485e-04 	4.723e-10 	1.365e-04 	8.236e-15 	3.290e-04 	2.550e-19 	3.619e-14 
0.73365 	0.13584 	1.485e-04 	4.776e-10 	1.365e-04 	8.376e-15 	3.290e-04 	2.596e-19 	3.664e-14 
0.75375 	0.13956 	1.485e-04 	4.829e-10 	1.364e-04 	8.519e-15 	3.289e-04 	2.642e-19 	3.710e-14 
0.77385 	0.14329 	1.484e-04 	4.883e-10 	1.364e-04 	8.664e-15 	3.289e-04 	2.689e-19 	3.756e-14 
0.79395 	0.14701 	1.484e-04 	4.937e-10 	1.364e-04 	8.811e-15 	3.289e-04 	2.737e-19 	3.803e-14 
0.81405 	0.15073 	1.484e-04 	4.992e-10 	1.364e-04 	8.961e-15 	3.288e-04 	2.785e-19 	3.850e-14 
0.83415 	0.15445 	1.483e-04 	5.048e-10 	1.364e-04 	9.113e-15 	3.288e-04 	2.835e-19 	3.898e-14 
0.85425 	0.15817 	1.483e-04 	5.104e-10 	1.364e-04 	9.267e-15 	3.288e-04 	2.885e-19 	3.946e-14 
0.87435 	0.16189 	1.483e-04 	5.161e-10 	1.364e-04 	9.424e-15 	3.287e-04 	2.936e-19 	3.995e-14 
0.89445 	0.16562 	1.482e-04 	5.218e-10 	1.363e-04 	9.584e-15 	3.287e-04 	2.988e-19 	4.045e-14 
0.91455 	0.16934 	1.482e-04 	5.276e-10 	1.363e-04 	9.746e-15 	3.287e-04 	3.041e-19 	4.095e-14 
0.93465 	0.17306 	1.482e-04 	5.335e-10 	1.363e-04 	9.911e-15 	3.286e-04 	3.095e-19 	4.145e-14 
0.95475 	0.17678 	1.481e-04 	5.395e-10 	1.363e-04 	1.008e-14 	3.286e-04 	3.150e-19 	4.196e-14 
0.97485 	0.18050 	1.481e-04 	5.455e-10 	1.363e-04 	1.025e-14 	3.286e-04 	3.206e-19 	4.248e-14 
0.99495 	0.18422 	1.480e-04 	5.516e-10 	1.363e-04 	1.042e-14 	3.285e-04 	3.263e-19 	4.300e-14 
1.01505 	0.18795 	1.480e-04 	5.577e-10 	1.363e-04 	1.060e-14 	3.285e-04 	3.321e-19 	4.352e-14 
1.03515 	0.19167 	1.480e-04 	5.639e-10 	1.362e-04 	1.078e-14 	3.285e-04 	3.379e-19 	4.406e-14 
1.05525 	0.19539 	1.479e-04 	5.702e-10 	1.362e-04 	1.096e-14 	3.284e-04 	3.439e-19 	4.459e-14 
1.07535 	0.19911 	1.479e-04 	5.766e-10 	1.362e-04 	1.114e-14 	3.284e-04 	3.500e-19 	4.514e-14 
1.09545 	0.20283 	1.479e-04 	5.830e-10 	1.362e-04 	1.133e-14 	3.284e-04 	3.562e-19 	4.569e-14 
1.11555 	0.20656 	1.478e-04 	5.895e-10 	1.362e-04 	1.152e-14 	3.283e-04 	3.625e-19 	4.624e-14 
1.13565 	0.21028 	1.478e-04 	5.961e-10 	1.362e-04 	1.171e-14 	3.283e-04 	3.689e-19 	4.681e-14 
1.15575 	0.21400 	1.477e-04 	6.027e-10 	1.362e-04 	1.191e-14 	3.283e-04 	3.754e-19 	4.737e-14 
1.17585 	0.21772 	1.477e-04 	6.094e-10 	1.361e-04 	1.211e-14 	3.282e-04 	3.821e-19 	4.795e-14 
1.19595 	0.22144 	1.477e-04 	6.162e-10 	1.361e-04 	1.231e-14 	3.282e-04 	3.888e-19 	4.853e-14 
1.21605 	0.22516 	1.476e-04 	6.231e-10 	1.361e-04 	1.252e-14 	3.282e-04 	3.957e-19 	4.911e-14 
1.23615 	0.22889 	1.476e-04 	6.300e-10 	1.361e-04 	1.273e-14 	3.281e-04 	4.026e-19 	4.971e-14 
1.25625 	0.23261 	1.476e-04 	6.370e-10 	1.361e-04 	1.294e-14 	3.281e-04 	4.097e-19 	5.030e-14 
1.27635 	0.23633 	1.475e-04 	6.442e-10 	1.361e-04 	1.316e-14 	3.281e-04 	4.170e-19 	5.091e-14 
1.29645 	0.24005 	1.475e-04 	6.513e-10 	1.361e-04 	1.338e-14 	3.280e-04 	4.243e-19 	5.152e-14 
1.31655 	0.24377 	1.474e-04 	6.586e-10 	1.360e-04 	1.360e-14 	3.280e-04 	4.318e-19 	5.214e-14 
1.33665 	0.24749 	1.474e-04 	6.659e-10 	1.360e-04 	1.383e-14 	3.279e-04 	4.394e-19 	5.276e-14 
1.35675 	0.25122 	1.474e-04 	6.734e-10 	1.360e-04 	1.406e-14 	3.279e-04 	4.471e-19 	5.339e-14 
1.37685 	0.25494 	1.473e-04 	6.809e-10 	1.360e-04 	1.429e-14 	3.279e-04 	4.550e-19 	5.403e-14 
1.39695 	0.25866 	1.473e-04 	6.885e-10 	1.360e-04 	1.453e-14 	3.278e-04 	4.629e-19 	5.467e-14 
1.41705 	0.26238 	1.473e-04 	6.961e-10 	1.360e-04 	1.477e-14 	3.278e-04 	4.711e-19 	5.532e-14 
1.43715 	0.26610 	1.472e-04 	7.039e-10 	1.360e-04 	1.502e-14 	3.278e-04 	4.793e-19 	5.598e-14 
1.45725 	0.26982 	1.472e-04 	7.118e-10 	1.359e-04 	1.526e-14 	3.277e-04 	4.878e-19 	5.664e-14 
1.47735 	0.27355 	1.471e-04 	7.197e-10 	1.359e-04 	1.552e-14 	3.277e-04 	4.963e-19 	5.731e-14 
1.49745 	0.27727 	1.471e-04 	7.277e-10 	1.359e-04 	1.577e-14 	3.277e-04 	5.050e-19 	5.799e-14 
1.51755 	0.28099 	1.471e-04 	7.359e-10 	1.359e-04 	1.604e-14 	3.276e-04 	5.138e-19 	5.868e-14 
1.53765 	0.28471 	1.470e-04 	7.441e-10 	1.359e-04 	1.630e-14 	3.276e-04 	5.228e-19 	5.937e-14 
1.55775 	0.28843 	1.470e-04 	7.524e-10 	1.359e-04 	1.657e-14 	3.276e-04 	5.320e-19 	6.007e-14 
1.57785 	0.29215 	1.469e-04 	7.608e-10 	1.358e-04 	1.684e-14 	3.275e-04 	5.413e-19 	6.077e-14 
1.59795 	0.29588 	1.469e-04 	7.692e-10 	1.358e-04 	1.712e-14 	3.275e-04 	5.508e-19 	6.148e-14 
1.61805 	0.29960 	1.469e-04 	7.778e-10 	1.358e-04 	1.740e-14 	3.274e-04 	5.604e-19 	6.220e-14 
1.63815 	0.30332 	1.468e-04 	7.865e-10 	1.358e-04 	1.769e-14 	3.274e-04 	5.702e-19 	6.293e-14 
1.65825 	0.30704 	1.468e-04 	7.953e-10 	1.358e-04 	1.798e-14 	3.274e-04 	5.801e-19 	6.366e-14 
1.67835 	0.31076 	1.467e-04 	8.042e-10 	1.358e-04 	1.827e-14 	3.273e-04 	5.902e-19 	6.441e-14 
1.69845 	0.31449 	1.467e-04 	8.131e-10 	1.358e-04 	1.857e-14 	3.273e-04 	6.005e-19 	6.516e-14 
1.71855 	0.31821 	1.467e-04 	8.222e-10 	1.357e-04 	1.888e-14 	3.273e-04 	6.110e-19 	6.591e-14 
1.73865 	0.32193 	1.466e-04 	8.314e-10 	1.357e-04 	1.919e-14 	3.272e-04 	6.216e-19 	6.668e-14 
1.75875 	0.32565 	1.466e-04 	8.407e-10 	1.357e-04 	1.950e-14 	3.272e-04 	6.324e-19 	6.745e-14 
1.77885 	0.32937 	1.466e-04 	8.501e-10 	1.357e-04 	1.982e-14 	3.271e-04 	6.434e-19 	6.823e-14 
1.79895 	0.33309 	1.465e-04 	8.595e-10 	1.357e-04 	2.014e-14 	3.271e-04 	6.546e-19 	6.902e-14 
1.81905 	0.33682 	1.465e-04 	8.691e-10 	1.357e-04 	2.047e-14 	3.271e-04 	6.659e-19 	6.981e-14 
1.83915 	0.34054 	1.464e-04 	8.788e-10 	1.356e-04 	2.080e-14 	3.270e-04 	6.775e-19 	7.061e-14 
1.85925 	0.34426 	1.464e-04 	8.887e-10 	1.356e-04 	2.114e-14 	3.270e-04 	6.892e-19 	7.142e-14 
1.87935 	0.34798 	1.464e-04 	8.986e-10 	1.356e-04 	2.148e-14 	3.270e-04 	7.012e-19 	7.224e-14 
1.89945 	0.35170 	1.463e-04 	9.086e-10 	1.356e-04 	2.183e-14 	3.269e-04 	7.133e-19 	7.307e-14 
1.91955 	0.35542 	1.463e-04 	9.188e-10 	1.356e-04 	2.219e-14 	3.269e-04 	7.257e-19 	7.391e-14 
1.93965 	0.35915 	1.462e-04 	9.290e-10 	1.356e-04 	2.255e-14 	3.268e-04 	7.382e-19 	7.475e-14 
1.95975 	0.36287 	1.462e-04 	9.394e-10 	1.356e-04 	2.291e-14 	3.268e-04 	7.510e-19 	7.560e-14 
1.97985 	0.36659 	1.462e-04 	9.499e-10 	1.355e-04 	2.328e-14 	3.268e-04 	7.639e-19 	7.646e-14 
1.99995 	0.37031 	1.461e-04 	9.605e-10 	1.355e-04 	2.366e-14 	3.267e-04 	7.771e-19 	7.733e-14 
