n = 1.0e+03, Tgas =  25.0, Tdust =  25.0, Go = 1000.0
pc 	Av 	e- 	C 	C+ 	CO 	O 	O2 	H2O 
0.01005 	0.01551 	1.409e-04 	1.663e-09 	1.396e-04 	2.707e-13 	3.365e-04 	2.503e-17 	1.532e-13 
0.03015 	0.04652 	1.408e-04 	1.832e-09 	1.395e-04 	3.046e-13 	3.364e-04 	2.822e-17 	1.636e-13 
0.05025 	0.07754 	1.407e-04 	2.017e-09 	1.395e-04 	3.421e-13 	3.363e-04 	3.179e-17 	1.746e-13 
0.07035 	0.10855 	1.407e-04 	2.221e-09 	1.395e-04 	3.836e-13 	3.363e-04 	3.579e-17 	1.863e-13 
0.09045 	0.13956 	1.406e-04 	2.446e-09 	1.394e-04 	4.295e-13 	3.362e-04 	4.026e-17 	1.986e-13 
0.11055 	0.17058 	1.405e-04 	2.693e-09 	1.394e-04 	4.802e-13 	3.362e-04 	4.527e-17 	2.117e-13 
0.13065 	0.20159 	1.405e-04 	2.965e-09 	1.394e-04 	5.361e-13 	3.362e-04 	5.088e-17 	2.255e-13 
0.15075 	0.23261 	1.405e-04 	3.265e-09 	1.394e-04 	5.977e-13 	3.362e-04 	5.714e-17 	2.402e-13 
0.17085 	0.26362 	1.404e-04 	3.594e-09 	1.394e-04 	6.656e-13 	3.362e-04 	6.415e-17 	2.557e-13 
0.19095 	0.29464 	1.404e-04 	3.957e-09 	1.395e-04 	7.402e-13 	3.362e-04 	7.198e-17 	2.721e-13 
0.21105 	0.32565 	1.404e-04 	4.355e-09 	1.395e-04 	8.222e-13 	3.363e-04 	8.073e-17 	2.894e-13 
0.23115 	0.35666 	1.404e-04 	4.794e-09 	1.395e-04 	9.123e-13 	3.364e-04 	9.050e-17 	3.078e-13 
0.25125 	0.38768 	1.404e-04 	5.276e-09 	1.396e-04 	1.011e-12 	3.365e-04 	1.014e-16 	3.272e-13 
0.27135 	0.41869 	1.405e-04 	5.806e-09 	1.396e-04 	1.120e-12 	3.366e-04 	1.136e-16 	3.478e-13 
0.29145 	0.44971 	1.405e-04 	6.388e-09 	1.396e-04 	1.239e-12 	3.367e-04 	1.272e-16 	3.695e-13 
0.31155 	0.48072 	1.405e-04 	7.028e-09 	1.397e-04 	1.369e-12 	3.368e-04 	1.424e-16 	3.925e-13 
0.33165 	0.51174 	1.405e-04 	7.732e-09 	1.398e-04 	1.512e-12 	3.370e-04 	1.593e-16 	4.167e-13 
0.35175 	0.54275 	1.406e-04 	8.506e-09 	1.398e-04 	1.668e-12 	3.371e-04 	1.782e-16 	4.424e-13 
0.37185 	0.57376 	1.406e-04 	9.356e-09 	1.399e-04 	1.839e-12 	3.373e-04 	1.993e-16 	4.695e-13 
0.39195 	0.60478 	1.407e-04 	1.029e-08 	1.400e-04 	2.026e-12 	3.374e-04 	2.229e-16 	4.982e-13 
0.41205 	0.63579 	1.407e-04 	1.132e-08 	1.400e-04 	2.230e-12 	3.376e-04 	2.491e-16 	5.284e-13 
0.43215 	0.66681 	1.408e-04 	1.244e-08 	1.401e-04 	2.454e-12 	3.378e-04 	2.784e-16 	5.604e-13 
0.45225 	0.69782 	1.408e-04 	1.368e-08 	1.402e-04 	2.698e-12 	3.380e-04 	3.110e-16 	5.941e-13 
0.47235 	0.72884 	1.409e-04 	1.504e-08 	1.402e-04 	2.965e-12 	3.382e-04 	3.474e-16 	6.298e-13 
0.49245 	0.75985 	1.409e-04 	1.654e-08 	1.403e-04 	3.257e-12 	3.383e-04 	3.880e-16 	6.674e-13 
0.51255 	0.79086 	1.410e-04 	1.818e-08 	1.404e-04 	3.575e-12 	3.385e-04 	4.332e-16 	7.071e-13 
0.53265 	0.82188 	1.410e-04 	1.998e-08 	1.405e-04 	3.923e-12 	3.387e-04 	4.836e-16 	7.490e-13 
0.55275 	0.85289 	1.411e-04 	2.197e-08 	1.405e-04 	4.302e-12 	3.389e-04 	5.399e-16 	7.933e-13 
0.57285 	0.88391 	1.412e-04 	2.414e-08 	1.406e-04 	4.716e-12 	3.391e-04 	6.025e-16 	8.400e-13 
0.59295 	0.91492 	1.412e-04 	2.653e-08 	1.407e-04 	5.168e-12 	3.393e-04 	6.724e-16 	8.893e-13 
0.61305 	0.94594 	1.413e-04 	2.915e-08 	1.408e-04 	5.661e-12 	3.395e-04 	7.503e-16 	9.413e-13 
0.63315 	0.97695 	1.413e-04 	3.204e-08 	1.408e-04 	6.198e-12 	3.396e-04 	8.371e-16 	9.962e-13 
0.65325 	1.00796 	1.414e-04 	3.520e-08 	1.409e-04 	6.784e-12 	3.398e-04 	9.338e-16 	1.054e-12 
0.67335 	1.03898 	1.415e-04 	3.867e-08 	1.410e-04 	7.423e-12 	3.400e-04 	1.042e-15 	1.115e-12 
0.69345 	1.06999 	1.415e-04 	4.249e-08 	1.410e-04 	8.120e-12 	3.402e-04 	1.162e-15 	1.180e-12 
0.71355 	1.10101 	1.416e-04 	4.668e-08 	1.411e-04 	8.879e-12 	3.403e-04 	1.296e-15 	1.248e-12 
0.73365 	1.13202 	1.416e-04 	5.128e-08 	1.412e-04 	9.707e-12 	3.405e-04 	1.445e-15 	1.319e-12 
0.75375 	1.16304 	1.417e-04 	5.633e-08 	1.412e-04 	1.061e-11 	3.407e-04 	1.611e-15 	1.395e-12 
0.77385 	1.19405 	1.417e-04 	6.187e-08 	1.413e-04 	1.159e-11 	3.408e-04 	1.797e-15 	1.475e-12 
0.79395 	1.22506 	1.418e-04 	6.795e-08 	1.414e-04 	1.266e-11 	3.410e-04 	2.003e-15 	1.559e-12 
0.81405 	1.25608 	1.418e-04 	7.463e-08 	1.414e-04 	1.383e-11 	3.411e-04 	2.233e-15 	1.647e-12 
0.83415 	1.28709 	1.419e-04 	8.197e-08 	1.415e-04 	1.510e-11 	3.413e-04 	2.490e-15 	1.741e-12 
0.85425 	1.31811 	1.419e-04 	9.002e-08 	1.415e-04 	1.649e-11 	3.414e-04 	2.775e-15 	1.839e-12 
0.87435 	1.34912 	1.420e-04 	9.885e-08 	1.416e-04 	1.800e-11 	3.416e-04 	3.094e-15 	1.943e-12 
0.89445 	1.38014 	1.420e-04 	1.086e-07 	1.416e-04 	1.965e-11 	3.417e-04 	3.449e-15 	2.053e-12 
0.91455 	1.41115 	1.420e-04 	1.192e-07 	1.417e-04 	2.144e-11 	3.418e-04 	3.844e-15 	2.169e-12 
0.93465 	1.44216 	1.421e-04 	1.309e-07 	1.417e-04 	2.340e-11 	3.419e-04 	4.284e-15 	2.290e-12 
0.95475 	1.47318 	1.421e-04 	1.437e-07 	1.417e-04 	2.553e-11 	3.421e-04 	4.775e-15 	2.419e-12 
0.97485 	1.50419 	1.421e-04 	1.578e-07 	1.418e-04 	2.785e-11 	3.422e-04 	5.322e-15 	2.555e-12 
0.99495 	1.53521 	1.422e-04 	1.732e-07 	1.418e-04 	3.038e-11 	3.423e-04 	5.931e-15 	2.697e-12 
1.01505 	1.56622 	1.422e-04 	1.902e-07 	1.418e-04 	3.314e-11 	3.424e-04 	6.610e-15 	2.848e-12 
1.03515 	1.59724 	1.422e-04 	2.087e-07 	1.419e-04 	3.615e-11 	3.425e-04 	7.367e-15 	3.007e-12 
1.05525 	1.62825 	1.422e-04 	2.291e-07 	1.419e-04 	3.943e-11 	3.426e-04 	8.209e-15 	3.174e-12 
1.07535 	1.65927 	1.422e-04 	2.515e-07 	1.419e-04 	4.300e-11 	3.427e-04 	9.148e-15 	3.351e-12 
1.09545 	1.69028 	1.422e-04 	2.761e-07 	1.419e-04 	4.690e-11 	3.428e-04 	1.019e-14 	3.537e-12 
1.11555 	1.72129 	1.422e-04 	3.030e-07 	1.419e-04 	5.115e-11 	3.429e-04 	1.136e-14 	3.734e-12 
1.13565 	1.75231 	1.422e-04 	3.326e-07 	1.419e-04 	5.579e-11 	3.430e-04 	1.266e-14 	3.941e-12 
1.15575 	1.78332 	1.422e-04 	3.650e-07 	1.419e-04 	6.085e-11 	3.431e-04 	1.410e-14 	4.159e-12 
1.17585 	1.81434 	1.422e-04 	4.005e-07 	1.419e-04 	6.638e-11 	3.431e-04 	1.572e-14 	4.389e-12 
1.19595 	1.84535 	1.422e-04 	4.395e-07 	1.419e-04 	7.240e-11 	3.432e-04 	1.751e-14 	4.632e-12 
1.21605 	1.87637 	1.422e-04 	4.822e-07 	1.419e-04 	7.898e-11 	3.433e-04 	1.951e-14 	4.888e-12 
1.23615 	1.90738 	1.422e-04 	5.291e-07 	1.419e-04 	8.617e-11 	3.434e-04 	2.174e-14 	5.158e-12 
1.25625 	1.93839 	1.422e-04 	5.804e-07 	1.419e-04 	9.401e-11 	3.434e-04 	2.422e-14 	5.443e-12 
1.27635 	1.96941 	1.421e-04 	6.367e-07 	1.418e-04 	1.026e-10 	3.435e-04 	2.699e-14 	5.744e-12 
1.29645 	2.00042 	1.421e-04 	6.985e-07 	1.418e-04 	1.119e-10 	3.435e-04 	3.007e-14 	6.061e-12 
1.31655 	2.03144 	1.420e-04 	7.661e-07 	1.418e-04 	1.222e-10 	3.436e-04 	3.351e-14 	6.395e-12 
1.33665 	2.06245 	1.420e-04 	8.402e-07 	1.417e-04 	1.334e-10 	3.437e-04 	3.733e-14 	6.748e-12 
1.35675 	2.09347 	1.419e-04 	9.213e-07 	1.416e-04 	1.456e-10 	3.437e-04 	4.159e-14 	7.121e-12 
1.37685 	2.12448 	1.419e-04 	1.010e-06 	1.416e-04 	1.590e-10 	3.438e-04 	4.634e-14 	7.514e-12 
1.39695 	2.15549 	1.418e-04 	1.108e-06 	1.415e-04 	1.736e-10 	3.438e-04 	5.163e-14 	7.929e-12 
1.41705 	2.18651 	1.417e-04 	1.214e-06 	1.414e-04 	1.896e-10 	3.439e-04 	5.753e-14 	8.367e-12 
1.43715 	2.21752 	1.416e-04 	1.331e-06 	1.413e-04 	2.071e-10 	3.439e-04 	6.410e-14 	8.830e-12 
1.45725 	2.24854 	1.415e-04 	1.458e-06 	1.412e-04 	2.263e-10 	3.440e-04 	7.142e-14 	9.318e-12 
1.47735 	2.27955 	1.414e-04 	1.598e-06 	1.411e-04 	2.473e-10 	3.440e-04 	7.958e-14 	9.834e-12 
1.49745 	2.31057 	1.412e-04 	1.751e-06 	1.410e-04 	2.703e-10 	3.441e-04 	8.867e-14 	1.038e-11 
1.51755 	2.34158 	1.411e-04 	1.918e-06 	1.408e-04 	2.956e-10 	3.441e-04 	9.881e-14 	1.096e-11 
1.53765 	2.37259 	1.409e-04 	2.100e-06 	1.406e-04 	3.232e-10 	3.441e-04 	1.101e-13 	1.157e-11 
1.55775 	2.40361 	1.407e-04 	2.299e-06 	1.405e-04 	3.535e-10 	3.442e-04 	1.227e-13 	1.221e-11 
1.57785 	2.43462 	1.405e-04 	2.517e-06 	1.403e-04 	3.867e-10 	3.442e-04 	1.367e-13 	1.289e-11 
1.59795 	2.46564 	1.403e-04 	2.754e-06 	1.400e-04 	4.232e-10 	3.443e-04 	1.524e-13 	1.361e-11 
1.61805 	2.49665 	1.401e-04 	3.013e-06 	1.398e-04 	4.632e-10 	3.443e-04 	1.699e-13 	1.438e-11 
1.63815 	2.52767 	1.398e-04 	3.295e-06 	1.395e-04 	5.071e-10 	3.443e-04 	1.893e-13 	1.518e-11 
1.65825 	2.55868 	1.395e-04 	3.602e-06 	1.392e-04 	5.553e-10 	3.444e-04 	2.111e-13 	1.604e-11 
1.67835 	2.58969 	1.392e-04 	3.936e-06 	1.389e-04 	6.082e-10 	3.444e-04 	2.353e-13 	1.695e-11 
1.69845 	2.62071 	1.388e-04 	4.300e-06 	1.386e-04 	6.663e-10 	3.444e-04 	2.624e-13 	1.791e-11 
1.71855 	2.65172 	1.385e-04 	4.696e-06 	1.382e-04 	7.302e-10 	3.445e-04 	2.926e-13 	1.893e-11 
1.73865 	2.68274 	1.380e-04 	5.125e-06 	1.378e-04 	8.004e-10 	3.445e-04 	3.263e-13 	2.002e-11 
1.75875 	2.71375 	1.376e-04 	5.591e-06 	1.373e-04 	8.775e-10 	3.446e-04 	3.640e-13 	2.117e-11 
1.77885 	2.74477 	1.371e-04 	6.096e-06 	1.368e-04 	9.624e-10 	3.446e-04 	4.061e-13 	2.240e-11 
1.79895 	2.77578 	1.366e-04 	6.643e-06 	1.363e-04 	1.056e-09 	3.446e-04 	4.531e-13 	2.370e-11 
1.81905 	2.80679 	1.360e-04 	7.234e-06 	1.357e-04 	1.158e-09 	3.447e-04 	5.057e-13 	2.509e-11 
1.83915 	2.83781 	1.354e-04 	7.873e-06 	1.351e-04 	1.271e-09 	3.447e-04 	5.646e-13 	2.657e-11 
1.85925 	2.86882 	1.347e-04 	8.562e-06 	1.344e-04 	1.395e-09 	3.448e-04 	6.304e-13 	2.815e-11 
1.87935 	2.89984 	1.340e-04 	9.305e-06 	1.337e-04 	1.532e-09 	3.448e-04 	7.042e-13 	2.984e-11 
1.89945 	2.93085 	1.332e-04 	1.010e-05 	1.329e-04 	1.682e-09 	3.448e-04 	7.868e-13 	3.164e-11 
1.91955 	2.96187 	1.324e-04 	1.096e-05 	1.321e-04 	1.847e-09 	3.449e-04 	8.794e-13 	3.356e-11 
1.93965 	2.99288 	1.315e-04 	1.188e-05 	1.312e-04 	2.029e-09 	3.449e-04 	9.833e-13 	3.563e-11 
1.95975 	3.02389 	1.305e-04 	1.286e-05 	1.302e-04 	2.230e-09 	3.450e-04 	1.100e-12 	3.784e-11 
1.97985 	3.05491 	1.295e-04 	1.392e-05 	1.292e-04 	2.450e-09 	3.450e-04 	1.231e-12 	4.021e-11 
1.99995 	3.08592 	1.284e-04 	1.504e-05 	1.281e-04 	2.692e-09 	3.451e-04 	1.378e-12 	4.276e-11 
