n = 1.4e+02, Tgas =  25.0, Tdust =  25.0, Go = 1000.0
pc 	Av 	e- 	C 	C+ 	CO 	O 	O2 	H2O 
0.01005 	0.00217 	1.609e-04 	2.327e-10 	1.405e-04 	5.879e-15 	3.387e-04 	1.101e-18 	5.688e-14 
0.03015 	0.00651 	1.609e-04 	2.357e-10 	1.405e-04 	6.001e-15 	3.387e-04 	1.123e-18 	5.756e-14 
0.05025 	0.01086 	1.608e-04 	2.388e-10 	1.405e-04 	6.126e-15 	3.387e-04 	1.145e-18 	5.826e-14 
0.07035 	0.01520 	1.608e-04 	2.419e-10 	1.405e-04 	6.253e-15 	3.387e-04 	1.167e-18 	5.897e-14 
0.09045 	0.01954 	1.607e-04 	2.450e-10 	1.405e-04 	6.383e-15 	3.386e-04 	1.190e-18 	5.968e-14 
0.11055 	0.02388 	1.607e-04 	2.482e-10 	1.404e-04 	6.515e-15 	3.386e-04 	1.213e-18 	6.041e-14 
0.13065 	0.02822 	1.606e-04 	2.514e-10 	1.404e-04 	6.651e-15 	3.386e-04 	1.237e-18 	6.114e-14 
0.15075 	0.03257 	1.606e-04 	2.547e-10 	1.404e-04 	6.789e-15 	3.386e-04 	1.261e-18 	6.188e-14 
0.17085 	0.03691 	1.605e-04 	2.580e-10 	1.404e-04 	6.930e-15 	3.385e-04 	1.286e-18 	6.263e-14 
0.19095 	0.04125 	1.605e-04 	2.613e-10 	1.404e-04 	7.073e-15 	3.385e-04 	1.311e-18 	6.339e-14 
0.21105 	0.04559 	1.604e-04 	2.647e-10 	1.404e-04 	7.220e-15 	3.385e-04 	1.337e-18 	6.416e-14 
0.23115 	0.04993 	1.604e-04 	2.681e-10 	1.404e-04 	7.370e-15 	3.384e-04 	1.363e-18 	6.494e-14 
0.25125 	0.05428 	1.603e-04 	2.716e-10 	1.404e-04 	7.522e-15 	3.384e-04 	1.390e-18 	6.573e-14 
0.27135 	0.05862 	1.603e-04 	2.751e-10 	1.404e-04 	7.678e-15 	3.384e-04 	1.417e-18 	6.653e-14 
0.29145 	0.06296 	1.602e-04 	2.787e-10 	1.403e-04 	7.837e-15 	3.384e-04 	1.445e-18 	6.734e-14 
0.31155 	0.06730 	1.601e-04 	2.823e-10 	1.403e-04 	7.999e-15 	3.383e-04 	1.474e-18 	6.815e-14 
0.33165 	0.07164 	1.601e-04 	2.860e-10 	1.403e-04 	8.165e-15 	3.383e-04 	1.503e-18 	6.898e-14 
0.35175 	0.07599 	1.600e-04 	2.897e-10 	1.403e-04 	8.334e-15 	3.383e-04 	1.532e-18 	6.982e-14 
0.37185 	0.08033 	1.600e-04 	2.934e-10 	1.403e-04 	8.506e-15 	3.382e-04 	1.562e-18 	7.066e-14 
0.39195 	0.08467 	1.599e-04 	2.972e-10 	1.403e-04 	8.682e-15 	3.382e-04 	1.593e-18 	7.152e-14 
0.41205 	0.08901 	1.599e-04 	3.011e-10 	1.403e-04 	8.862e-15 	3.382e-04 	1.624e-18 	7.239e-14 
0.43215 	0.09335 	1.598e-04 	3.050e-10 	1.403e-04 	9.045e-15 	3.382e-04 	1.656e-18 	7.327e-14 
0.45225 	0.09770 	1.598e-04 	3.089e-10 	1.402e-04 	9.231e-15 	3.381e-04 	1.689e-18 	7.415e-14 
0.47235 	0.10204 	1.597e-04 	3.129e-10 	1.402e-04 	9.422e-15 	3.381e-04 	1.722e-18 	7.505e-14 
0.49245 	0.10638 	1.596e-04 	3.170e-10 	1.402e-04 	9.616e-15 	3.381e-04 	1.756e-18 	7.596e-14 
0.51255 	0.11072 	1.596e-04 	3.211e-10 	1.402e-04 	9.815e-15 	3.380e-04 	1.790e-18 	7.688e-14 
0.53265 	0.11506 	1.595e-04 	3.253e-10 	1.402e-04 	1.002e-14 	3.380e-04 	1.826e-18 	7.781e-14 
0.55275 	0.11941 	1.595e-04 	3.295e-10 	1.402e-04 	1.022e-14 	3.380e-04 	1.861e-18 	7.876e-14 
0.57285 	0.12375 	1.594e-04 	3.338e-10 	1.402e-04 	1.043e-14 	3.379e-04 	1.898e-18 	7.971e-14 
0.59295 	0.12809 	1.594e-04 	3.381e-10 	1.402e-04 	1.065e-14 	3.379e-04 	1.935e-18 	8.068e-14 
0.61305 	0.13243 	1.593e-04 	3.425e-10 	1.401e-04 	1.087e-14 	3.379e-04 	1.973e-18 	8.165e-14 
0.63315 	0.13677 	1.592e-04 	3.469e-10 	1.401e-04 	1.109e-14 	3.378e-04 	2.012e-18 	8.264e-14 
0.65325 	0.14112 	1.592e-04 	3.514e-10 	1.401e-04 	1.132e-14 	3.378e-04 	2.052e-18 	8.364e-14 
0.67335 	0.14546 	1.591e-04 	3.560e-10 	1.401e-04 	1.155e-14 	3.378e-04 	2.092e-18 	8.465e-14 
0.69345 	0.14980 	1.591e-04 	3.606e-10 	1.401e-04 	1.179e-14 	3.377e-04 	2.133e-18 	8.567e-14 
0.71355 	0.15414 	1.590e-04 	3.652e-10 	1.401e-04 	1.203e-14 	3.377e-04 	2.175e-18 	8.671e-14 
0.73365 	0.15848 	1.590e-04 	3.700e-10 	1.401e-04 	1.228e-14 	3.377e-04 	2.218e-18 	8.775e-14 
0.75375 	0.16283 	1.589e-04 	3.748e-10 	1.400e-04 	1.253e-14 	3.377e-04 	2.261e-18 	8.881e-14 
0.77385 	0.16717 	1.588e-04 	3.796e-10 	1.400e-04 	1.279e-14 	3.376e-04 	2.306e-18 	8.988e-14 
0.79395 	0.17151 	1.588e-04 	3.846e-10 	1.400e-04 	1.305e-14 	3.376e-04 	2.351e-18 	9.096e-14 
0.81405 	0.17585 	1.587e-04 	3.896e-10 	1.400e-04 	1.332e-14 	3.376e-04 	2.397e-18 	9.206e-14 
0.83415 	0.18019 	1.587e-04 	3.946e-10 	1.400e-04 	1.359e-14 	3.375e-04 	2.444e-18 	9.317e-14 
0.85425 	0.18454 	1.586e-04 	3.997e-10 	1.400e-04 	1.387e-14 	3.375e-04 	2.492e-18 	9.429e-14 
0.87435 	0.18888 	1.585e-04 	4.049e-10 	1.400e-04 	1.415e-14 	3.375e-04 	2.541e-18 	9.542e-14 
0.89445 	0.19322 	1.585e-04 	4.102e-10 	1.400e-04 	1.444e-14 	3.374e-04 	2.591e-18 	9.657e-14 
0.91455 	0.19756 	1.584e-04 	4.155e-10 	1.399e-04 	1.474e-14 	3.374e-04 	2.642e-18 	9.773e-14 
0.93465 	0.20190 	1.584e-04 	4.209e-10 	1.399e-04 	1.504e-14 	3.373e-04 	2.694e-18 	9.890e-14 
0.95475 	0.20625 	1.583e-04 	4.263e-10 	1.399e-04 	1.535e-14 	3.373e-04 	2.747e-18 	1.001e-13 
0.97485 	0.21059 	1.582e-04 	4.319e-10 	1.399e-04 	1.566e-14 	3.373e-04 	2.801e-18 	1.013e-13 
0.99495 	0.21493 	1.582e-04 	4.375e-10 	1.399e-04 	1.598e-14 	3.372e-04 	2.855e-18 	1.025e-13 
1.01505 	0.21927 	1.581e-04 	4.431e-10 	1.399e-04 	1.630e-14 	3.372e-04 	2.911e-18 	1.037e-13 
1.03515 	0.22361 	1.580e-04 	4.489e-10 	1.399e-04 	1.663e-14 	3.372e-04 	2.968e-18 	1.050e-13 
1.05525 	0.22796 	1.580e-04 	4.547e-10 	1.398e-04 	1.697e-14 	3.371e-04 	3.027e-18 	1.062e-13 
1.07535 	0.23230 	1.579e-04 	4.606e-10 	1.398e-04 	1.732e-14 	3.371e-04 	3.086e-18 	1.075e-13 
1.09545 	0.23664 	1.579e-04 	4.666e-10 	1.398e-04 	1.767e-14 	3.371e-04 	3.146e-18 	1.088e-13 
1.11555 	0.24098 	1.578e-04 	4.727e-10 	1.398e-04 	1.803e-14 	3.370e-04 	3.208e-18 	1.101e-13 
1.13565 	0.24532 	1.577e-04 	4.788e-10 	1.398e-04 	1.839e-14 	3.370e-04 	3.271e-18 	1.114e-13 
1.15575 	0.24967 	1.577e-04 	4.850e-10 	1.398e-04 	1.877e-14 	3.370e-04 	3.335e-18 	1.127e-13 
1.17585 	0.25401 	1.576e-04 	4.913e-10 	1.397e-04 	1.915e-14 	3.369e-04 	3.400e-18 	1.141e-13 
1.19595 	0.25835 	1.575e-04 	4.977e-10 	1.397e-04 	1.953e-14 	3.369e-04 	3.466e-18 	1.154e-13 
1.21605 	0.26269 	1.575e-04 	5.041e-10 	1.397e-04 	1.993e-14 	3.369e-04 	3.534e-18 	1.168e-13 
1.23615 	0.26703 	1.574e-04 	5.107e-10 	1.397e-04 	2.033e-14 	3.368e-04 	3.603e-18 	1.182e-13 
1.25625 	0.27138 	1.573e-04 	5.173e-10 	1.397e-04 	2.074e-14 	3.368e-04 	3.673e-18 	1.196e-13 
1.27635 	0.27572 	1.573e-04 	5.240e-10 	1.397e-04 	2.116e-14 	3.367e-04 	3.745e-18 	1.210e-13 
1.29645 	0.28006 	1.572e-04 	5.309e-10 	1.397e-04 	2.159e-14 	3.367e-04 	3.818e-18 	1.224e-13 
1.31655 	0.28440 	1.572e-04 	5.378e-10 	1.396e-04 	2.202e-14 	3.367e-04 	3.893e-18 	1.239e-13 
1.33665 	0.28874 	1.571e-04 	5.447e-10 	1.396e-04 	2.247e-14 	3.366e-04 	3.968e-18 	1.253e-13 
1.35675 	0.29309 	1.570e-04 	5.518e-10 	1.396e-04 	2.292e-14 	3.366e-04 	4.046e-18 	1.268e-13 
1.37685 	0.29743 	1.570e-04 	5.590e-10 	1.396e-04 	2.338e-14 	3.366e-04 	4.125e-18 	1.283e-13 
1.39695 	0.30177 	1.569e-04 	5.663e-10 	1.396e-04 	2.385e-14 	3.365e-04 	4.205e-18 	1.298e-13 
1.41705 	0.30611 	1.568e-04 	5.736e-10 	1.396e-04 	2.433e-14 	3.365e-04 	4.287e-18 	1.314e-13 
1.43715 	0.31045 	1.568e-04 	5.811e-10 	1.395e-04 	2.481e-14 	3.364e-04 	4.370e-18 	1.329e-13 
1.45725 	0.31480 	1.567e-04 	5.886e-10 	1.395e-04 	2.531e-14 	3.364e-04 	4.455e-18 	1.345e-13 
1.47735 	0.31914 	1.566e-04 	5.963e-10 	1.395e-04 	2.582e-14 	3.364e-04 	4.542e-18 	1.360e-13 
1.49745 	0.32348 	1.566e-04 	6.040e-10 	1.395e-04 	2.633e-14 	3.363e-04 	4.630e-18 	1.376e-13 
1.51755 	0.32782 	1.565e-04 	6.119e-10 	1.395e-04 	2.686e-14 	3.363e-04 	4.720e-18 	1.393e-13 
1.53765 	0.33216 	1.564e-04 	6.198e-10 	1.395e-04 	2.739e-14 	3.362e-04 	4.811e-18 	1.409e-13 
1.55775 	0.33651 	1.564e-04 	6.279e-10 	1.394e-04 	2.794e-14 	3.362e-04 	4.905e-18 	1.425e-13 
1.57785 	0.34085 	1.563e-04 	6.361e-10 	1.394e-04 	2.850e-14 	3.362e-04 	5.000e-18 	1.442e-13 
1.59795 	0.34519 	1.562e-04 	6.444e-10 	1.394e-04 	2.906e-14 	3.361e-04 	5.097e-18 	1.459e-13 
1.61805 	0.34953 	1.562e-04 	6.527e-10 	1.394e-04 	2.964e-14 	3.361e-04 	5.195e-18 	1.476e-13 
1.63815 	0.35387 	1.561e-04 	6.612e-10 	1.394e-04 	3.023e-14 	3.360e-04 	5.296e-18 	1.493e-13 
1.65825 	0.35822 	1.560e-04 	6.698e-10 	1.394e-04 	3.083e-14 	3.360e-04 	5.398e-18 	1.510e-13 
1.67835 	0.36256 	1.560e-04 	6.786e-10 	1.394e-04 	3.144e-14 	3.360e-04 	5.503e-18 	1.528e-13 
1.69845 	0.36690 	1.559e-04 	6.874e-10 	1.393e-04 	3.206e-14 	3.359e-04 	5.609e-18 	1.546e-13 
1.71855 	0.37124 	1.558e-04 	6.963e-10 	1.393e-04 	3.269e-14 	3.359e-04 	5.717e-18 	1.564e-13 
1.73865 	0.37558 	1.558e-04 	7.054e-10 	1.393e-04 	3.334e-14 	3.359e-04 	5.828e-18 	1.582e-13 
1.75875 	0.37993 	1.557e-04 	7.146e-10 	1.393e-04 	3.400e-14 	3.358e-04 	5.940e-18 	1.600e-13 
1.77885 	0.38427 	1.556e-04 	7.239e-10 	1.393e-04 	3.467e-14 	3.358e-04 	6.055e-18 	1.619e-13 
1.79895 	0.38861 	1.556e-04 	7.333e-10 	1.393e-04 	3.535e-14 	3.357e-04 	6.171e-18 	1.637e-13 
1.81905 	0.39295 	1.555e-04 	7.429e-10 	1.392e-04 	3.604e-14 	3.357e-04 	6.290e-18 	1.656e-13 
1.83915 	0.39729 	1.554e-04 	7.526e-10 	1.392e-04 	3.675e-14 	3.357e-04 	6.411e-18 	1.675e-13 
1.85925 	0.40164 	1.554e-04 	7.624e-10 	1.392e-04 	3.747e-14 	3.356e-04 	6.535e-18 	1.695e-13 
1.87935 	0.40598 	1.553e-04 	7.723e-10 	1.392e-04 	3.821e-14 	3.356e-04 	6.660e-18 	1.714e-13 
1.89945 	0.41032 	1.552e-04 	7.824e-10 	1.392e-04 	3.895e-14 	3.355e-04 	6.788e-18 	1.734e-13 
1.91955 	0.41466 	1.551e-04 	7.926e-10 	1.392e-04 	3.971e-14 	3.355e-04 	6.919e-18 	1.754e-13 
1.93965 	0.41900 	1.551e-04 	8.029e-10 	1.391e-04 	4.049e-14 	3.354e-04 	7.052e-18 	1.774e-13 
1.95975 	0.42335 	1.550e-04 	8.134e-10 	1.391e-04 	4.128e-14 	3.354e-04 	7.187e-18 	1.794e-13 
1.97985 	0.42769 	1.549e-04 	8.240e-10 	1.391e-04 	4.208e-14 	3.354e-04 	7.325e-18 	1.814e-13 
1.99995 	0.43203 	1.549e-04 	8.348e-10 	1.391e-04 	4.290e-14 	3.353e-04 	7.465e-18 	1.835e-13 
