n = 1.4e+04, Tgas =  40.0, Tdust =  40.0, Go = 1000.0
pc 	Av 	e- 	C 	C+ 	CO 	O 	O2 	H2O 
0.01005 	0.21710 	1.433e-04 	3.674e-08 	1.432e-04 	2.156e-11 	3.454e-04 	2.300e-15 	4.319e-13 
0.03015 	0.65130 	1.435e-04 	1.356e-07 	1.435e-04 	7.598e-11 	3.462e-04 	9.658e-15 	8.736e-13 
0.05025 	1.08550 	1.433e-04 	4.974e-07 	1.433e-04 	2.785e-10 	3.467e-04 	4.151e-14 	1.790e-12 
0.07035 	1.51970 	1.421e-04 	1.802e-06 	1.421e-04 	1.077e-09 	3.469e-04 	1.780e-13 	3.684e-12 
0.09045 	1.95390 	1.377e-04 	6.266e-06 	1.377e-04 	4.365e-09 	3.472e-04 	7.434e-13 	7.652e-12 
0.11055 	2.38810 	1.248e-04 	1.934e-05 	1.248e-04 	1.778e-08 	3.476e-04 	3.007e-12 	1.665e-11 
0.13065 	2.82230 	9.797e-05 	4.652e-05 	9.795e-05 	6.728e-08 	3.485e-04 	1.252e-11 	4.113e-11 
0.15075 	3.25650 	6.310e-05 	8.173e-05 	6.307e-05 	2.204e-07 	3.495e-04 	6.050e-11 	1.222e-10 
0.17085 	3.69070 	3.330e-05 	1.116e-04 	3.327e-05 	6.144e-07 	3.501e-04 	3.487e-10 	4.224e-10 
0.19095 	4.12490 	1.442e-05 	1.298e-04 	1.440e-05 	1.485e-06 	3.499e-04 	2.056e-09 	1.545e-09 
0.21105 	4.55910 	5.194e-06 	1.373e-04 	5.176e-06 	3.376e-06 	3.483e-04 	9.359e-09 	5.146e-09 
0.23115 	4.99330 	1.759e-06 	1.355e-04 	1.745e-06 	8.729e-06 	3.430e-04 	2.657e-08 	1.382e-08 
0.25125 	5.42750 	7.078e-07 	1.191e-04 	6.973e-07 	2.610e-05 	3.256e-04 	5.160e-08 	3.090e-08 
0.27135 	5.86170 	3.671e-07 	7.924e-05 	3.583e-07 	6.636e-05 	2.853e-04 	9.080e-08 	6.071e-08 
0.29145 	6.29590 	2.194e-07 	3.216e-05 	2.106e-07 	1.136e-04 	2.378e-04 	1.956e-07 	1.095e-07 
0.31155 	6.73010 	1.461e-07 	8.464e-06 	1.361e-07 	1.374e-04 	2.133e-04 	5.270e-07 	1.958e-07 
0.33165 	7.16430 	1.021e-07 	2.376e-06 	8.985e-08 	1.435e-04 	2.055e-04 	1.295e-06 	3.469e-07 
0.35175 	7.59850 	7.318e-08 	8.935e-07 	5.751e-08 	1.450e-04 	2.008e-04 	2.753e-06 	5.727e-07 
0.37185 	8.03270 	5.556e-08 	4.154e-07 	3.609e-08 	1.455e-04 	1.948e-04 	5.393e-06 	8.363e-07 
0.39195 	8.46690 	4.560e-08 	2.199e-07 	2.273e-08 	1.457e-04 	1.854e-04 	9.871e-06 	1.058e-06 
0.41205 	8.90110 	4.032e-08 	1.311e-07 	1.489e-08 	1.458e-04 	1.721e-04 	1.641e-05 	1.176e-06 
0.43215 	9.33530 	3.775e-08 	9.004e-08 	1.064e-08 	1.459e-04 	1.572e-04 	2.384e-05 	1.196e-06 
0.45225 	9.76950 	3.662e-08 	7.127e-08 	8.527e-09 	1.459e-04 	1.446e-04 	3.010e-05 	1.169e-06 
0.47235 	10.20370 	3.615e-08 	6.278e-08 	7.529e-09 	1.459e-04 	1.365e-04 	3.417e-05 	1.139e-06 
0.49245 	10.63790 	3.595e-08 	5.894e-08 	7.068e-09 	1.459e-04 	1.321e-04 	3.639e-05 	1.120e-06 
0.51255 	11.07211 	3.586e-08 	5.719e-08 	6.856e-09 	1.459e-04 	1.299e-04 	3.750e-05 	1.110e-06 
0.53265 	11.50631 	3.583e-08 	5.639e-08 	6.760e-09 	1.459e-04 	1.288e-04 	3.803e-05 	1.105e-06 
0.55275 	11.94051 	3.581e-08 	5.603e-08 	6.715e-09 	1.459e-04 	1.283e-04 	3.828e-05 	1.103e-06 
0.57285 	12.37471 	3.580e-08 	5.586e-08 	6.695e-09 	1.459e-04 	1.281e-04 	3.839e-05 	1.102e-06 
0.59295 	12.80891 	3.580e-08 	5.578e-08 	6.686e-09 	1.459e-04 	1.280e-04 	3.845e-05 	1.101e-06 
0.61305 	13.24311 	3.579e-08 	5.575e-08 	6.681e-09 	1.459e-04 	1.279e-04 	3.847e-05 	1.101e-06 
0.63315 	13.67731 	3.579e-08 	5.573e-08 	6.679e-09 	1.459e-04 	1.279e-04 	3.848e-05 	1.101e-06 
0.65325 	14.11151 	3.579e-08 	5.573e-08 	6.678e-09 	1.459e-04 	1.279e-04 	3.849e-05 	1.101e-06 
0.67335 	14.54571 	3.579e-08 	5.572e-08 	6.678e-09 	1.459e-04 	1.279e-04 	3.849e-05 	1.101e-06 
0.69345 	14.97991 	3.579e-08 	5.572e-08 	6.678e-09 	1.459e-04 	1.279e-04 	3.849e-05 	1.101e-06 
0.71355 	15.41411 	3.579e-08 	5.572e-08 	6.678e-09 	1.459e-04 	1.279e-04 	3.849e-05 	1.101e-06 
0.73365 	15.84831 	3.579e-08 	5.572e-08 	6.678e-09 	1.459e-04 	1.279e-04 	3.849e-05 	1.101e-06 
0.75375 	16.28251 	3.579e-08 	5.572e-08 	6.678e-09 	1.459e-04 	1.279e-04 	3.849e-05 	1.101e-06 
0.77385 	16.71671 	3.579e-08 	5.572e-08 	6.678e-09 	1.459e-04 	1.279e-04 	3.849e-05 	1.101e-06 
0.79395 	17.15091 	3.579e-08 	5.572e-08 	6.678e-09 	1.459e-04 	1.279e-04 	3.849e-05 	1.101e-06 
0.81405 	17.58511 	3.579e-08 	5.572e-08 	6.678e-09 	1.459e-04 	1.279e-04 	3.849e-05 	1.101e-06 
0.83415 	18.01931 	3.579e-08 	5.572e-08 	6.678e-09 	1.459e-04 	1.279e-04 	3.849e-05 	1.101e-06 
0.85425 	18.45351 	3.579e-08 	5.572e-08 	6.678e-09 	1.459e-04 	1.279e-04 	3.849e-05 	1.101e-06 
0.87435 	18.88771 	3.579e-08 	5.572e-08 	6.678e-09 	1.459e-04 	1.279e-04 	3.849e-05 	1.101e-06 
0.89445 	19.32191 	3.579e-08 	5.572e-08 	6.678e-09 	1.459e-04 	1.279e-04 	3.849e-05 	1.101e-06 
0.91455 	19.75611 	3.579e-08 	5.572e-08 	6.678e-09 	1.459e-04 	1.279e-04 	3.849e-05 	1.101e-06 
0.93465 	20.19031 	3.579e-08 	5.572e-08 	6.678e-09 	1.459e-04 	1.279e-04 	3.849e-05 	1.101e-06 
0.95475 	20.62451 	3.579e-08 	5.572e-08 	6.678e-09 	1.459e-04 	1.279e-04 	3.849e-05 	1.101e-06 
0.97485 	21.05871 	3.579e-08 	5.572e-08 	6.678e-09 	1.459e-04 	1.279e-04 	3.849e-05 	1.101e-06 
0.99495 	21.49291 	3.579e-08 	5.572e-08 	6.678e-09 	1.459e-04 	1.279e-04 	3.849e-05 	1.101e-06 
1.01505 	21.92711 	3.579e-08 	5.572e-08 	6.678e-09 	1.459e-04 	1.279e-04 	3.849e-05 	1.101e-06 
1.03515 	22.36131 	3.579e-08 	5.572e-08 	6.678e-09 	1.459e-04 	1.279e-04 	3.849e-05 	1.101e-06 
1.05525 	22.79551 	3.579e-08 	5.572e-08 	6.678e-09 	1.459e-04 	1.279e-04 	3.849e-05 	1.101e-06 
1.07535 	23.22971 	3.579e-08 	5.572e-08 	6.678e-09 	1.459e-04 	1.279e-04 	3.849e-05 	1.101e-06 
1.09545 	23.66391 	3.579e-08 	5.572e-08 	6.678e-09 	1.459e-04 	1.279e-04 	3.849e-05 	1.101e-06 
1.11555 	24.09811 	3.579e-08 	5.572e-08 	6.678e-09 	1.459e-04 	1.279e-04 	3.849e-05 	1.101e-06 
1.13565 	24.53231 	3.579e-08 	5.572e-08 	6.678e-09 	1.459e-04 	1.279e-04 	3.849e-05 	1.101e-06 
1.15575 	24.96651 	3.579e-08 	5.572e-08 	6.678e-09 	1.459e-04 	1.279e-04 	3.849e-05 	1.101e-06 
1.17585 	25.40071 	3.579e-08 	5.572e-08 	6.678e-09 	1.459e-04 	1.279e-04 	3.849e-05 	1.101e-06 
1.19595 	25.83491 	3.579e-08 	5.572e-08 	6.678e-09 	1.459e-04 	1.279e-04 	3.849e-05 	1.101e-06 
1.21605 	26.26911 	3.579e-08 	5.572e-08 	6.678e-09 	1.459e-04 	1.279e-04 	3.849e-05 	1.101e-06 
1.23615 	26.70331 	3.579e-08 	5.572e-08 	6.678e-09 	1.459e-04 	1.279e-04 	3.849e-05 	1.101e-06 
1.25625 	27.13751 	3.579e-08 	5.572e-08 	6.678e-09 	1.459e-04 	1.279e-04 	3.849e-05 	1.101e-06 
1.27635 	27.57171 	3.579e-08 	5.572e-08 	6.678e-09 	1.459e-04 	1.279e-04 	3.849e-05 	1.101e-06 
1.29645 	28.00591 	3.579e-08 	5.572e-08 	6.678e-09 	1.459e-04 	1.279e-04 	3.849e-05 	1.101e-06 
1.31655 	28.44011 	3.579e-08 	5.572e-08 	6.678e-09 	1.459e-04 	1.279e-04 	3.849e-05 	1.101e-06 
1.33665 	28.87431 	3.579e-08 	5.572e-08 	6.678e-09 	1.459e-04 	1.279e-04 	3.849e-05 	1.101e-06 
1.35675 	29.30851 	3.579e-08 	5.572e-08 	6.678e-09 	1.459e-04 	1.279e-04 	3.849e-05 	1.101e-06 
1.37685 	29.74271 	3.579e-08 	5.572e-08 	6.678e-09 	1.459e-04 	1.279e-04 	3.849e-05 	1.101e-06 
1.39695 	30.17691 	3.579e-08 	5.572e-08 	6.678e-09 	1.459e-04 	1.279e-04 	3.849e-05 	1.101e-06 
1.41705 	30.61111 	3.579e-08 	5.572e-08 	6.678e-09 	1.459e-04 	1.279e-04 	3.849e-05 	1.101e-06 
1.43715 	31.04531 	3.579e-08 	5.572e-08 	6.678e-09 	1.459e-04 	1.279e-04 	3.849e-05 	1.101e-06 
1.45725 	31.47951 	3.579e-08 	5.572e-08 	6.678e-09 	1.459e-04 	1.279e-04 	3.849e-05 	1.101e-06 
1.47735 	31.91371 	3.579e-08 	5.572e-08 	6.678e-09 	1.459e-04 	1.279e-04 	3.849e-05 	1.101e-06 
1.49745 	32.34791 	3.579e-08 	5.572e-08 	6.678e-09 	1.459e-04 	1.279e-04 	3.849e-05 	1.101e-06 
1.51755 	32.78212 	3.579e-08 	5.572e-08 	6.678e-09 	1.459e-04 	1.279e-04 	3.849e-05 	1.101e-06 
1.53765 	33.21632 	3.579e-08 	5.572e-08 	6.678e-09 	1.459e-04 	1.279e-04 	3.849e-05 	1.101e-06 
1.55775 	33.65052 	3.579e-08 	5.572e-08 	6.678e-09 	1.459e-04 	1.279e-04 	3.849e-05 	1.101e-06 
1.57785 	34.08472 	3.579e-08 	5.572e-08 	6.678e-09 	1.459e-04 	1.279e-04 	3.849e-05 	1.101e-06 
1.59795 	34.51892 	3.579e-08 	5.572e-08 	6.678e-09 	1.459e-04 	1.279e-04 	3.849e-05 	1.101e-06 
1.61805 	34.95312 	3.579e-08 	5.572e-08 	6.678e-09 	1.459e-04 	1.279e-04 	3.849e-05 	1.101e-06 
1.63815 	35.38732 	3.579e-08 	5.572e-08 	6.678e-09 	1.459e-04 	1.279e-04 	3.849e-05 	1.101e-06 
1.65825 	35.82152 	3.579e-08 	5.572e-08 	6.678e-09 	1.459e-04 	1.279e-04 	3.849e-05 	1.101e-06 
1.67835 	36.25572 	3.579e-08 	5.572e-08 	6.678e-09 	1.459e-04 	1.279e-04 	3.849e-05 	1.101e-06 
1.69845 	36.68992 	3.579e-08 	5.572e-08 	6.678e-09 	1.459e-04 	1.279e-04 	3.849e-05 	1.101e-06 
1.71855 	37.12412 	3.579e-08 	5.572e-08 	6.678e-09 	1.459e-04 	1.279e-04 	3.849e-05 	1.101e-06 
1.73865 	37.55832 	3.579e-08 	5.572e-08 	6.678e-09 	1.459e-04 	1.279e-04 	3.849e-05 	1.101e-06 
1.75875 	37.99252 	3.579e-08 	5.572e-08 	6.678e-09 	1.459e-04 	1.279e-04 	3.849e-05 	1.101e-06 
1.77885 	38.42672 	3.579e-08 	5.572e-08 	6.678e-09 	1.459e-04 	1.279e-04 	3.849e-05 	1.101e-06 
1.79895 	38.86092 	3.579e-08 	5.572e-08 	6.678e-09 	1.459e-04 	1.279e-04 	3.849e-05 	1.101e-06 
1.81905 	39.29512 	3.579e-08 	5.572e-08 	6.678e-09 	1.459e-04 	1.279e-04 	3.849e-05 	1.101e-06 
1.83915 	39.72932 	3.579e-08 	5.572e-08 	6.678e-09 	1.459e-04 	1.279e-04 	3.849e-05 	1.101e-06 
1.85925 	40.16352 	3.579e-08 	5.572e-08 	6.678e-09 	1.459e-04 	1.279e-04 	3.849e-05 	1.101e-06 
1.87935 	40.59772 	3.579e-08 	5.572e-08 	6.678e-09 	1.459e-04 	1.279e-04 	3.849e-05 	1.101e-06 
1.89945 	41.03192 	3.579e-08 	5.572e-08 	6.678e-09 	1.459e-04 	1.279e-04 	3.849e-05 	1.101e-06 
1.91955 	41.46612 	3.579e-08 	5.572e-08 	6.678e-09 	1.459e-04 	1.279e-04 	3.849e-05 	1.101e-06 
1.93965 	41.90032 	3.579e-08 	5.572e-08 	6.678e-09 	1.459e-04 	1.279e-04 	3.849e-05 	1.101e-06 
1.95975 	42.33452 	3.579e-08 	5.572e-08 	6.678e-09 	1.459e-04 	1.279e-04 	3.849e-05 	1.101e-06 
1.97985 	42.76872 	3.579e-08 	5.572e-08 	6.678e-09 	1.459e-04 	1.279e-04 	3.849e-05 	1.101e-06 
1.99995 	43.20292 	3.579e-08 	5.572e-08 	6.678e-09 	1.459e-04 	1.279e-04 	3.849e-05 	1.101e-06 
