n = 1.0e+04, Tgas =  39.0, Tdust =  39.0, Go =   1.0
pc 	Av 	e- 	C 	C+ 	CO 	O 	O2 	H2O 
0.01005 	0.15507 	1.250e-04 	1.727e-05 	1.249e-04 	1.302e-06 	3.463e-04 	8.332e-11 	1.148e-10 
0.03015 	0.46521 	1.071e-04 	3.337e-05 	1.071e-04 	3.178e-06 	3.450e-04 	1.450e-10 	1.689e-10 
0.05025 	0.77536 	8.284e-05 	5.434e-05 	8.282e-05 	6.822e-06 	3.422e-04 	2.895e-10 	2.894e-10 
0.07035 	1.08550 	5.717e-05 	7.463e-05 	5.715e-05 	1.267e-05 	3.372e-04 	7.020e-10 	5.899e-10 
0.09045 	1.39564 	3.523e-05 	8.939e-05 	3.522e-05 	2.033e-05 	3.303e-04 	2.028e-09 	1.404e-09 
0.11055 	1.70579 	1.942e-05 	9.746e-05 	1.941e-05 	2.847e-05 	3.227e-04 	6.377e-09 	3.757e-09 
0.13065 	2.01593 	9.576e-06 	1.002e-04 	9.565e-06 	3.582e-05 	3.157e-04 	1.884e-08 	1.066e-08 
0.15075 	2.32607 	4.256e-06 	9.834e-05 	4.246e-06 	4.320e-05 	3.084e-04 	4.518e-08 	2.976e-08 
0.17085 	2.63622 	1.747e-06 	8.918e-05 	1.739e-06 	5.496e-05 	2.966e-04 	8.505e-08 	7.679e-08 
0.19095 	2.94636 	7.016e-07 	6.903e-05 	6.935e-07 	7.619e-05 	2.752e-04 	1.428e-07 	1.754e-07 
0.21105 	3.25650 	3.118e-07 	4.072e-05 	3.025e-07 	1.049e-04 	2.461e-04 	2.568e-07 	3.353e-07 
0.23115 	3.56664 	1.722e-07 	1.624e-05 	1.602e-07 	1.295e-04 	2.206e-04 	5.809e-07 	5.319e-07 
0.25125 	3.87679 	1.105e-07 	4.460e-06 	9.482e-08 	1.414e-04 	2.065e-04 	1.619e-06 	7.643e-07 
0.27135 	4.18693 	7.907e-08 	1.372e-06 	5.902e-08 	1.445e-04 	1.988e-04 	3.773e-06 	1.012e-06 
0.29145 	4.49707 	6.303e-08 	5.753e-07 	3.914e-08 	1.453e-04 	1.913e-04 	7.008e-06 	1.218e-06 
0.31155 	4.80722 	5.430e-08 	3.064e-07 	2.734e-08 	1.456e-04 	1.822e-04 	1.134e-05 	1.353e-06 
0.33165 	5.11736 	4.935e-08 	1.939e-07 	2.008e-08 	1.457e-04 	1.715e-04 	1.658e-05 	1.416e-06 
0.35175 	5.42750 	4.655e-08 	1.399e-07 	1.563e-08 	1.458e-04 	1.604e-04 	2.211e-05 	1.422e-06 
0.37185 	5.73765 	4.501e-08 	1.121e-07 	1.297e-08 	1.458e-04 	1.504e-04 	2.712e-05 	1.397e-06 
0.39195 	6.04779 	4.417e-08 	9.711e-08 	1.141e-08 	1.458e-04 	1.425e-04 	3.105e-05 	1.365e-06 
0.41205 	6.35793 	4.372e-08 	8.889e-08 	1.051e-08 	1.458e-04 	1.370e-04 	3.380e-05 	1.338e-06 
0.43215 	6.66807 	4.348e-08 	8.431e-08 	9.995e-09 	1.458e-04 	1.335e-04 	3.558e-05 	1.319e-06 
0.45225 	6.97822 	4.334e-08 	8.174e-08 	9.701e-09 	1.458e-04 	1.313e-04 	3.667e-05 	1.307e-06 
0.47235 	7.28836 	4.327e-08 	8.029e-08 	9.532e-09 	1.458e-04 	1.300e-04 	3.732e-05 	1.300e-06 
0.49245 	7.59850 	4.323e-08 	7.947e-08 	9.436e-09 	1.459e-04 	1.293e-04 	3.770e-05 	1.295e-06 
0.51255 	7.90865 	4.320e-08 	7.900e-08 	9.381e-09 	1.459e-04 	1.288e-04 	3.792e-05 	1.293e-06 
0.53265 	8.21879 	4.319e-08 	7.874e-08 	9.350e-09 	1.459e-04 	1.286e-04 	3.805e-05 	1.291e-06 
0.55275 	8.52893 	4.318e-08 	7.858e-08 	9.332e-09 	1.459e-04 	1.284e-04 	3.812e-05 	1.290e-06 
0.57285 	8.83908 	4.318e-08 	7.850e-08 	9.322e-09 	1.459e-04 	1.284e-04 	3.816e-05 	1.290e-06 
0.59295 	9.14922 	4.317e-08 	7.845e-08 	9.316e-09 	1.459e-04 	1.283e-04 	3.819e-05 	1.290e-06 
0.61305 	9.45936 	4.317e-08 	7.842e-08 	9.312e-09 	1.459e-04 	1.283e-04 	3.820e-05 	1.289e-06 
0.63315 	9.76950 	4.317e-08 	7.840e-08 	9.310e-09 	1.459e-04 	1.283e-04 	3.821e-05 	1.289e-06 
0.65325 	10.07965 	4.317e-08 	7.839e-08 	9.309e-09 	1.459e-04 	1.283e-04 	3.821e-05 	1.289e-06 
0.67335 	10.38979 	4.317e-08 	7.839e-08 	9.309e-09 	1.459e-04 	1.283e-04 	3.822e-05 	1.289e-06 
0.69345 	10.69993 	4.317e-08 	7.839e-08 	9.308e-09 	1.459e-04 	1.283e-04 	3.822e-05 	1.289e-06 
0.71355 	11.01008 	4.317e-08 	7.838e-08 	9.308e-09 	1.459e-04 	1.282e-04 	3.822e-05 	1.289e-06 
0.73365 	11.32022 	4.317e-08 	7.838e-08 	9.308e-09 	1.459e-04 	1.282e-04 	3.822e-05 	1.289e-06 
0.75375 	11.63036 	4.317e-08 	7.838e-08 	9.308e-09 	1.459e-04 	1.282e-04 	3.822e-05 	1.289e-06 
0.77385 	11.94051 	4.317e-08 	7.838e-08 	9.308e-09 	1.459e-04 	1.282e-04 	3.822e-05 	1.289e-06 
0.79395 	12.25065 	4.317e-08 	7.838e-08 	9.308e-09 	1.459e-04 	1.282e-04 	3.822e-05 	1.289e-06 
0.81405 	12.56079 	4.317e-08 	7.838e-08 	9.308e-09 	1.459e-04 	1.282e-04 	3.822e-05 	1.289e-06 
0.83415 	12.87093 	4.317e-08 	7.838e-08 	9.308e-09 	1.459e-04 	1.282e-04 	3.822e-05 	1.289e-06 
0.85425 	13.18108 	4.317e-08 	7.838e-08 	9.308e-09 	1.459e-04 	1.282e-04 	3.822e-05 	1.289e-06 
0.87435 	13.49122 	4.317e-08 	7.838e-08 	9.308e-09 	1.459e-04 	1.282e-04 	3.822e-05 	1.289e-06 
0.89445 	13.80136 	4.317e-08 	7.838e-08 	9.308e-09 	1.459e-04 	1.282e-04 	3.822e-05 	1.289e-06 
0.91455 	14.11151 	4.317e-08 	7.838e-08 	9.308e-09 	1.459e-04 	1.282e-04 	3.822e-05 	1.289e-06 
0.93465 	14.42165 	4.317e-08 	7.838e-08 	9.308e-09 	1.459e-04 	1.282e-04 	3.822e-05 	1.289e-06 
0.95475 	14.73179 	4.317e-08 	7.838e-08 	9.308e-09 	1.459e-04 	1.282e-04 	3.822e-05 	1.289e-06 
0.97485 	15.04194 	4.317e-08 	7.838e-08 	9.308e-09 	1.459e-04 	1.282e-04 	3.822e-05 	1.289e-06 
0.99495 	15.35208 	4.317e-08 	7.838e-08 	9.308e-09 	1.459e-04 	1.282e-04 	3.822e-05 	1.289e-06 
1.01505 	15.66222 	4.317e-08 	7.838e-08 	9.308e-09 	1.459e-04 	1.282e-04 	3.822e-05 	1.289e-06 
1.03515 	15.97236 	4.317e-08 	7.838e-08 	9.308e-09 	1.459e-04 	1.282e-04 	3.822e-05 	1.289e-06 
1.05525 	16.28251 	4.317e-08 	7.838e-08 	9.308e-09 	1.459e-04 	1.282e-04 	3.822e-05 	1.289e-06 
1.07535 	16.59265 	4.317e-08 	7.838e-08 	9.308e-09 	1.459e-04 	1.282e-04 	3.822e-05 	1.289e-06 
1.09545 	16.90279 	4.317e-08 	7.838e-08 	9.308e-09 	1.459e-04 	1.282e-04 	3.822e-05 	1.289e-06 
1.11555 	17.21294 	4.317e-08 	7.838e-08 	9.308e-09 	1.459e-04 	1.282e-04 	3.822e-05 	1.289e-06 
1.13565 	17.52308 	4.317e-08 	7.838e-08 	9.308e-09 	1.459e-04 	1.282e-04 	3.822e-05 	1.289e-06 
1.15575 	17.83322 	4.317e-08 	7.838e-08 	9.308e-09 	1.459e-04 	1.282e-04 	3.822e-05 	1.289e-06 
1.17585 	18.14337 	4.317e-08 	7.838e-08 	9.308e-09 	1.459e-04 	1.282e-04 	3.822e-05 	1.289e-06 
1.19595 	18.45351 	4.317e-08 	7.838e-08 	9.308e-09 	1.459e-04 	1.282e-04 	3.822e-05 	1.289e-06 
1.21605 	18.76365 	4.317e-08 	7.838e-08 	9.308e-09 	1.459e-04 	1.282e-04 	3.822e-05 	1.289e-06 
1.23615 	19.07379 	4.317e-08 	7.838e-08 	9.308e-09 	1.459e-04 	1.282e-04 	3.822e-05 	1.289e-06 
1.25625 	19.38394 	4.317e-08 	7.838e-08 	9.308e-09 	1.459e-04 	1.282e-04 	3.822e-05 	1.289e-06 
1.27635 	19.69408 	4.317e-08 	7.838e-08 	9.308e-09 	1.459e-04 	1.282e-04 	3.822e-05 	1.289e-06 
1.29645 	20.00422 	4.317e-08 	7.838e-08 	9.308e-09 	1.459e-04 	1.282e-04 	3.822e-05 	1.289e-06 
1.31655 	20.31437 	4.317e-08 	7.838e-08 	9.308e-09 	1.459e-04 	1.282e-04 	3.822e-05 	1.289e-06 
1.33665 	20.62451 	4.317e-08 	7.838e-08 	9.308e-09 	1.459e-04 	1.282e-04 	3.822e-05 	1.289e-06 
1.35675 	20.93465 	4.317e-08 	7.838e-08 	9.308e-09 	1.459e-04 	1.282e-04 	3.822e-05 	1.289e-06 
1.37685 	21.24480 	4.317e-08 	7.838e-08 	9.308e-09 	1.459e-04 	1.282e-04 	3.822e-05 	1.289e-06 
1.39695 	21.55494 	4.317e-08 	7.838e-08 	9.308e-09 	1.459e-04 	1.282e-04 	3.822e-05 	1.289e-06 
1.41705 	21.86508 	4.317e-08 	7.838e-08 	9.308e-09 	1.459e-04 	1.282e-04 	3.822e-05 	1.289e-06 
1.43715 	22.17522 	4.317e-08 	7.838e-08 	9.308e-09 	1.459e-04 	1.282e-04 	3.822e-05 	1.289e-06 
1.45725 	22.48537 	4.317e-08 	7.838e-08 	9.308e-09 	1.459e-04 	1.282e-04 	3.822e-05 	1.289e-06 
1.47735 	22.79551 	4.317e-08 	7.838e-08 	9.308e-09 	1.459e-04 	1.282e-04 	3.822e-05 	1.289e-06 
1.49745 	23.10565 	4.317e-08 	7.838e-08 	9.308e-09 	1.459e-04 	1.282e-04 	3.822e-05 	1.289e-06 
1.51755 	23.41580 	4.317e-08 	7.838e-08 	9.308e-09 	1.459e-04 	1.282e-04 	3.822e-05 	1.289e-06 
1.53765 	23.72594 	4.317e-08 	7.838e-08 	9.308e-09 	1.459e-04 	1.282e-04 	3.822e-05 	1.289e-06 
1.55775 	24.03608 	4.317e-08 	7.838e-08 	9.308e-09 	1.459e-04 	1.282e-04 	3.822e-05 	1.289e-06 
1.57785 	24.34623 	4.317e-08 	7.838e-08 	9.308e-09 	1.459e-04 	1.282e-04 	3.822e-05 	1.289e-06 
1.59795 	24.65637 	4.317e-08 	7.838e-08 	9.308e-09 	1.459e-04 	1.282e-04 	3.822e-05 	1.289e-06 
1.61805 	24.96651 	4.317e-08 	7.838e-08 	9.308e-09 	1.459e-04 	1.282e-04 	3.822e-05 	1.289e-06 
1.63815 	25.27665 	4.317e-08 	7.838e-08 	9.308e-09 	1.459e-04 	1.282e-04 	3.822e-05 	1.289e-06 
1.65825 	25.58680 	4.317e-08 	7.838e-08 	9.308e-09 	1.459e-04 	1.282e-04 	3.822e-05 	1.289e-06 
1.67835 	25.89694 	4.317e-08 	7.838e-08 	9.308e-09 	1.459e-04 	1.282e-04 	3.822e-05 	1.289e-06 
1.69845 	26.20708 	4.317e-08 	7.838e-08 	9.308e-09 	1.459e-04 	1.282e-04 	3.822e-05 	1.289e-06 
1.71855 	26.51723 	4.317e-08 	7.838e-08 	9.308e-09 	1.459e-04 	1.282e-04 	3.822e-05 	1.289e-06 
1.73865 	26.82737 	4.317e-08 	7.838e-08 	9.308e-09 	1.459e-04 	1.282e-04 	3.822e-05 	1.289e-06 
1.75875 	27.13751 	4.317e-08 	7.838e-08 	9.308e-09 	1.459e-04 	1.282e-04 	3.822e-05 	1.289e-06 
1.77885 	27.44766 	4.317e-08 	7.838e-08 	9.308e-09 	1.459e-04 	1.282e-04 	3.822e-05 	1.289e-06 
1.79895 	27.75780 	4.317e-08 	7.838e-08 	9.308e-09 	1.459e-04 	1.282e-04 	3.822e-05 	1.289e-06 
1.81905 	28.06794 	4.317e-08 	7.838e-08 	9.308e-09 	1.459e-04 	1.282e-04 	3.822e-05 	1.289e-06 
1.83915 	28.37808 	4.317e-08 	7.838e-08 	9.308e-09 	1.459e-04 	1.282e-04 	3.822e-05 	1.289e-06 
1.85925 	28.68823 	4.317e-08 	7.838e-08 	9.308e-09 	1.459e-04 	1.282e-04 	3.822e-05 	1.289e-06 
1.87935 	28.99837 	4.317e-08 	7.838e-08 	9.308e-09 	1.459e-04 	1.282e-04 	3.822e-05 	1.289e-06 
1.89945 	29.30851 	4.317e-08 	7.838e-08 	9.308e-09 	1.459e-04 	1.282e-04 	3.822e-05 	1.289e-06 
1.91955 	29.61866 	4.317e-08 	7.838e-08 	9.308e-09 	1.459e-04 	1.282e-04 	3.822e-05 	1.289e-06 
1.93965 	29.92880 	4.317e-08 	7.838e-08 	9.308e-09 	1.459e-04 	1.282e-04 	3.822e-05 	1.289e-06 
1.95975 	30.23894 	4.317e-08 	7.838e-08 	9.308e-09 	1.459e-04 	1.282e-04 	3.822e-05 	1.289e-06 
1.97985 	30.54909 	4.317e-08 	7.838e-08 	9.308e-09 	1.459e-04 	1.282e-04 	3.822e-05 	1.289e-06 
1.99995 	30.85923 	4.317e-08 	7.838e-08 	9.308e-09 	1.459e-04 	1.282e-04 	3.822e-05 	1.289e-06 
