n = 1.0e+03, Tgas =  24.0, Tdust =  24.0, Go = 1000.0
pc 	Av 	e- 	C 	C+ 	CO 	O 	O2 	H2O 
0.01005 	0.01551 	1.408e-04 	1.701e-09 	1.395e-04 	2.687e-13 	3.363e-04 	2.381e-17 	1.477e-13 
0.03015 	0.04652 	1.407e-04 	1.873e-09 	1.394e-04 	3.022e-13 	3.362e-04 	2.686e-17 	1.579e-13 
0.05025 	0.07754 	1.406e-04 	2.063e-09 	1.394e-04 	3.392e-13 	3.361e-04 	3.027e-17 	1.686e-13 
0.07035 	0.10855 	1.405e-04 	2.272e-09 	1.394e-04 	3.803e-13 	3.360e-04 	3.409e-17 	1.801e-13 
0.09045 	0.13956 	1.405e-04 	2.501e-09 	1.393e-04 	4.256e-13 	3.360e-04 	3.838e-17 	1.921e-13 
0.11055 	0.17058 	1.404e-04 	2.754e-09 	1.393e-04 	4.757e-13 	3.359e-04 	4.317e-17 	2.049e-13 
0.13065 	0.20159 	1.404e-04 	3.032e-09 	1.393e-04 	5.309e-13 	3.359e-04 	4.854e-17 	2.185e-13 
0.15075 	0.23261 	1.403e-04 	3.338e-09 	1.393e-04 	5.917e-13 	3.359e-04 	5.454e-17 	2.328e-13 
0.17085 	0.26362 	1.403e-04 	3.675e-09 	1.393e-04 	6.586e-13 	3.360e-04 	6.124e-17 	2.480e-13 
0.19095 	0.29464 	1.403e-04 	4.045e-09 	1.394e-04 	7.322e-13 	3.360e-04 	6.874e-17 	2.641e-13 
0.21105 	0.32565 	1.403e-04 	4.452e-09 	1.394e-04 	8.132e-13 	3.361e-04 	7.712e-17 	2.811e-13 
0.23115 	0.35666 	1.403e-04 	4.900e-09 	1.394e-04 	9.020e-13 	3.362e-04 	8.648e-17 	2.991e-13 
0.25125 	0.38768 	1.403e-04 	5.392e-09 	1.395e-04 	9.995e-13 	3.363e-04 	9.694e-17 	3.182e-13 
0.27135 	0.41869 	1.403e-04 	5.933e-09 	1.395e-04 	1.106e-12 	3.364e-04 	1.086e-16 	3.383e-13 
0.29145 	0.44971 	1.404e-04 	6.528e-09 	1.396e-04 	1.224e-12 	3.365e-04 	1.216e-16 	3.596e-13 
0.31155 	0.48072 	1.404e-04 	7.182e-09 	1.396e-04 	1.352e-12 	3.366e-04 	1.362e-16 	3.821e-13 
0.33165 	0.51174 	1.404e-04 	7.901e-09 	1.397e-04 	1.493e-12 	3.368e-04 	1.524e-16 	4.059e-13 
0.35175 	0.54275 	1.405e-04 	8.691e-09 	1.397e-04 	1.647e-12 	3.369e-04 	1.705e-16 	4.311e-13 
0.37185 	0.57376 	1.405e-04 	9.560e-09 	1.398e-04 	1.816e-12 	3.371e-04 	1.907e-16 	4.577e-13 
0.39195 	0.60478 	1.406e-04 	1.051e-08 	1.399e-04 	2.000e-12 	3.372e-04 	2.133e-16 	4.858e-13 
0.41205 	0.63579 	1.406e-04 	1.156e-08 	1.399e-04 	2.202e-12 	3.374e-04 	2.384e-16 	5.155e-13 
0.43215 	0.66681 	1.407e-04 	1.271e-08 	1.400e-04 	2.422e-12 	3.376e-04 	2.665e-16 	5.468e-13 
0.45225 	0.69782 	1.407e-04 	1.398e-08 	1.401e-04 	2.663e-12 	3.378e-04 	2.978e-16 	5.799e-13 
0.47235 	0.72884 	1.408e-04 	1.537e-08 	1.402e-04 	2.926e-12 	3.380e-04 	3.327e-16 	6.149e-13 
0.49245 	0.75985 	1.408e-04 	1.690e-08 	1.402e-04 	3.214e-12 	3.381e-04 	3.715e-16 	6.518e-13 
0.51255 	0.79086 	1.409e-04 	1.857e-08 	1.403e-04 	3.528e-12 	3.383e-04 	4.149e-16 	6.908e-13 
0.53265 	0.82188 	1.410e-04 	2.041e-08 	1.404e-04 	3.870e-12 	3.385e-04 	4.633e-16 	7.319e-13 
0.55275 	0.85289 	1.410e-04 	2.244e-08 	1.405e-04 	4.245e-12 	3.387e-04 	5.172e-16 	7.753e-13 
0.57285 	0.88391 	1.411e-04 	2.466e-08 	1.405e-04 	4.653e-12 	3.389e-04 	5.772e-16 	8.212e-13 
0.59295 	0.91492 	1.411e-04 	2.710e-08 	1.406e-04 	5.098e-12 	3.391e-04 	6.442e-16 	8.695e-13 
0.61305 	0.94594 	1.412e-04 	2.978e-08 	1.407e-04 	5.584e-12 	3.393e-04 	7.189e-16 	9.206e-13 
0.63315 	0.97695 	1.413e-04 	3.272e-08 	1.408e-04 	6.115e-12 	3.394e-04 	8.021e-16 	9.744e-13 
0.65325 	1.00796 	1.413e-04 	3.595e-08 	1.408e-04 	6.693e-12 	3.396e-04 	8.948e-16 	1.031e-12 
0.67335 	1.03898 	1.414e-04 	3.950e-08 	1.409e-04 	7.323e-12 	3.398e-04 	9.982e-16 	1.091e-12 
0.69345 	1.06999 	1.414e-04 	4.340e-08 	1.410e-04 	8.010e-12 	3.400e-04 	1.113e-15 	1.154e-12 
0.71355 	1.10101 	1.415e-04 	4.767e-08 	1.410e-04 	8.760e-12 	3.401e-04 	1.242e-15 	1.221e-12 
0.73365 	1.13202 	1.415e-04 	5.237e-08 	1.411e-04 	9.576e-12 	3.403e-04 	1.385e-15 	1.291e-12 
0.75375 	1.16304 	1.416e-04 	5.753e-08 	1.412e-04 	1.047e-11 	3.405e-04 	1.544e-15 	1.366e-12 
0.77385 	1.19405 	1.416e-04 	6.319e-08 	1.412e-04 	1.144e-11 	3.406e-04 	1.722e-15 	1.444e-12 
0.79395 	1.22506 	1.417e-04 	6.940e-08 	1.413e-04 	1.249e-11 	3.408e-04 	1.920e-15 	1.526e-12 
0.81405 	1.25608 	1.417e-04 	7.622e-08 	1.413e-04 	1.365e-11 	3.409e-04 	2.141e-15 	1.613e-12 
0.83415 	1.28709 	1.418e-04 	8.371e-08 	1.414e-04 	1.490e-11 	3.411e-04 	2.387e-15 	1.705e-12 
0.85425 	1.31811 	1.418e-04 	9.193e-08 	1.414e-04 	1.627e-11 	3.412e-04 	2.661e-15 	1.802e-12 
0.87435 	1.34912 	1.419e-04 	1.010e-07 	1.415e-04 	1.776e-11 	3.414e-04 	2.966e-15 	1.904e-12 
0.89445 	1.38014 	1.419e-04 	1.109e-07 	1.415e-04 	1.939e-11 	3.415e-04 	3.306e-15 	2.012e-12 
0.91455 	1.41115 	1.419e-04 	1.217e-07 	1.416e-04 	2.116e-11 	3.416e-04 	3.685e-15 	2.125e-12 
0.93465 	1.44216 	1.420e-04 	1.337e-07 	1.416e-04 	2.309e-11 	3.418e-04 	4.107e-15 	2.245e-12 
0.95475 	1.47318 	1.420e-04 	1.468e-07 	1.417e-04 	2.519e-11 	3.419e-04 	4.578e-15 	2.371e-12 
0.97485 	1.50419 	1.420e-04 	1.611e-07 	1.417e-04 	2.749e-11 	3.420e-04 	5.102e-15 	2.504e-12 
0.99495 	1.53521 	1.421e-04 	1.769e-07 	1.417e-04 	2.999e-11 	3.421e-04 	5.687e-15 	2.644e-12 
1.01505 	1.56622 	1.421e-04 	1.942e-07 	1.417e-04 	3.271e-11 	3.422e-04 	6.338e-15 	2.792e-12 
1.03515 	1.59724 	1.421e-04 	2.132e-07 	1.418e-04 	3.568e-11 	3.423e-04 	7.063e-15 	2.948e-12 
1.05525 	1.62825 	1.421e-04 	2.340e-07 	1.418e-04 	3.892e-11 	3.424e-04 	7.871e-15 	3.112e-12 
1.07535 	1.65927 	1.421e-04 	2.569e-07 	1.418e-04 	4.245e-11 	3.425e-04 	8.771e-15 	3.286e-12 
1.09545 	1.69028 	1.421e-04 	2.819e-07 	1.418e-04 	4.630e-11 	3.426e-04 	9.774e-15 	3.468e-12 
1.11555 	1.72129 	1.422e-04 	3.094e-07 	1.418e-04 	5.051e-11 	3.427e-04 	1.089e-14 	3.661e-12 
1.13565 	1.75231 	1.422e-04 	3.396e-07 	1.418e-04 	5.509e-11 	3.428e-04 	1.214e-14 	3.864e-12 
1.15575 	1.78332 	1.422e-04 	3.727e-07 	1.418e-04 	6.009e-11 	3.429e-04 	1.352e-14 	4.079e-12 
1.17585 	1.81434 	1.421e-04 	4.090e-07 	1.418e-04 	6.555e-11 	3.430e-04 	1.507e-14 	4.305e-12 
1.19595 	1.84535 	1.421e-04 	4.488e-07 	1.418e-04 	7.151e-11 	3.430e-04 	1.679e-14 	4.543e-12 
1.21605 	1.87637 	1.421e-04 	4.924e-07 	1.418e-04 	7.801e-11 	3.431e-04 	1.871e-14 	4.795e-12 
1.23615 	1.90738 	1.421e-04 	5.402e-07 	1.418e-04 	8.511e-11 	3.432e-04 	2.085e-14 	5.060e-12 
1.25625 	1.93839 	1.421e-04 	5.927e-07 	1.418e-04 	9.287e-11 	3.432e-04 	2.323e-14 	5.340e-12 
1.27635 	1.96941 	1.420e-04 	6.502e-07 	1.417e-04 	1.013e-10 	3.433e-04 	2.588e-14 	5.635e-12 
1.29645 	2.00042 	1.420e-04 	7.132e-07 	1.417e-04 	1.106e-10 	3.434e-04 	2.884e-14 	5.946e-12 
1.31655 	2.03144 	1.420e-04 	7.822e-07 	1.417e-04 	1.207e-10 	3.434e-04 	3.213e-14 	6.275e-12 
1.33665 	2.06245 	1.419e-04 	8.578e-07 	1.416e-04 	1.318e-10 	3.435e-04 	3.580e-14 	6.621e-12 
1.35675 	2.09347 	1.418e-04 	9.407e-07 	1.415e-04 	1.439e-10 	3.435e-04 	3.988e-14 	6.987e-12 
1.37685 	2.12448 	1.418e-04 	1.031e-06 	1.415e-04 	1.571e-10 	3.436e-04 	4.444e-14 	7.373e-12 
1.39695 	2.15549 	1.417e-04 	1.131e-06 	1.414e-04 	1.716e-10 	3.436e-04 	4.951e-14 	7.781e-12 
1.41705 	2.18651 	1.416e-04 	1.240e-06 	1.413e-04 	1.874e-10 	3.437e-04 	5.517e-14 	8.211e-12 
1.43715 	2.21752 	1.415e-04 	1.359e-06 	1.412e-04 	2.048e-10 	3.437e-04 	6.147e-14 	8.666e-12 
1.45725 	2.24854 	1.414e-04 	1.489e-06 	1.411e-04 	2.238e-10 	3.438e-04 	6.849e-14 	9.146e-12 
1.47735 	2.27955 	1.413e-04 	1.631e-06 	1.410e-04 	2.446e-10 	3.438e-04 	7.632e-14 	9.653e-12 
1.49745 	2.31057 	1.411e-04 	1.787e-06 	1.408e-04 	2.673e-10 	3.439e-04 	8.504e-14 	1.019e-11 
1.51755 	2.34158 	1.410e-04 	1.957e-06 	1.407e-04 	2.923e-10 	3.439e-04 	9.476e-14 	1.075e-11 
1.53765 	2.37259 	1.408e-04 	2.143e-06 	1.405e-04 	3.197e-10 	3.440e-04 	1.056e-13 	1.135e-11 
1.55775 	2.40361 	1.406e-04 	2.346e-06 	1.403e-04 	3.497e-10 	3.440e-04 	1.177e-13 	1.199e-11 
1.57785 	2.43462 	1.404e-04 	2.568e-06 	1.401e-04 	3.826e-10 	3.440e-04 	1.312e-13 	1.266e-11 
1.59795 	2.46564 	1.402e-04 	2.810e-06 	1.399e-04 	4.187e-10 	3.441e-04 	1.462e-13 	1.337e-11 
1.61805 	2.49665 	1.399e-04 	3.074e-06 	1.397e-04 	4.583e-10 	3.441e-04 	1.629e-13 	1.412e-11 
1.63815 	2.52767 	1.397e-04 	3.362e-06 	1.394e-04 	5.018e-10 	3.442e-04 	1.816e-13 	1.491e-11 
1.65825 	2.55868 	1.394e-04 	3.675e-06 	1.391e-04 	5.495e-10 	3.442e-04 	2.025e-13 	1.575e-11 
1.67835 	2.58969 	1.390e-04 	4.016e-06 	1.388e-04 	6.020e-10 	3.442e-04 	2.257e-13 	1.665e-11 
1.69845 	2.62071 	1.387e-04 	4.386e-06 	1.384e-04 	6.596e-10 	3.443e-04 	2.517e-13 	1.760e-11 
1.71855 	2.65172 	1.383e-04 	4.789e-06 	1.380e-04 	7.228e-10 	3.443e-04 	2.807e-13 	1.860e-11 
1.73865 	2.68274 	1.379e-04 	5.227e-06 	1.376e-04 	7.924e-10 	3.443e-04 	3.131e-13 	1.967e-11 
1.75875 	2.71375 	1.374e-04 	5.701e-06 	1.371e-04 	8.689e-10 	3.444e-04 	3.492e-13 	2.081e-11 
1.77885 	2.74477 	1.369e-04 	6.215e-06 	1.366e-04 	9.529e-10 	3.444e-04 	3.897e-13 	2.201e-11 
1.79895 	2.77578 	1.364e-04 	6.772e-06 	1.361e-04 	1.045e-09 	3.445e-04 	4.348e-13 	2.330e-11 
1.81905 	2.80679 	1.358e-04 	7.373e-06 	1.355e-04 	1.147e-09 	3.445e-04 	4.854e-13 	2.467e-11 
1.83915 	2.83781 	1.352e-04 	8.023e-06 	1.349e-04 	1.259e-09 	3.445e-04 	5.419e-13 	2.613e-11 
1.85925 	2.86882 	1.345e-04 	8.724e-06 	1.342e-04 	1.382e-09 	3.446e-04 	6.052e-13 	2.768e-11 
1.87935 	2.89984 	1.337e-04 	9.478e-06 	1.335e-04 	1.517e-09 	3.446e-04 	6.760e-13 	2.934e-11 
1.89945 	2.93085 	1.329e-04 	1.029e-05 	1.327e-04 	1.666e-09 	3.447e-04 	7.554e-13 	3.112e-11 
1.91955 	2.96187 	1.321e-04 	1.116e-05 	1.318e-04 	1.830e-09 	3.447e-04 	8.445e-13 	3.302e-11 
1.93965 	2.99288 	1.312e-04 	1.209e-05 	1.309e-04 	2.011e-09 	3.448e-04 	9.443e-13 	3.506e-11 
1.95975 	3.02389 	1.302e-04 	1.309e-05 	1.299e-04 	2.209e-09 	3.448e-04 	1.056e-12 	3.724e-11 
1.97985 	3.05491 	1.292e-04 	1.416e-05 	1.289e-04 	2.428e-09 	3.449e-04 	1.182e-12 	3.959e-11 
1.99995 	3.08592 	1.280e-04 	1.530e-05 	1.278e-04 	2.668e-09 	3.449e-04 	1.324e-12 	4.210e-11 
