n = 1.3e+03, Tgas =  30.0, Tdust =  30.0, Go = 1000.0
pc 	Av 	e- 	C 	C+ 	CO 	O 	O2 	H2O 
0.01005 	0.02016 	1.410e-04 	2.012e-09 	1.400e-04 	4.390e-13 	3.376e-04 	4.790e-17 	2.090e-13 
0.03015 	0.06048 	1.409e-04 	2.282e-09 	1.400e-04 	5.087e-13 	3.375e-04 	5.535e-17 	2.248e-13 
0.05025 	0.10080 	1.409e-04 	2.587e-09 	1.400e-04 	5.879e-13 	3.375e-04 	6.393e-17 	2.417e-13 
0.07035 	0.14112 	1.408e-04 	2.933e-09 	1.400e-04 	6.778e-13 	3.375e-04 	7.380e-17 	2.598e-13 
0.09045 	0.18143 	1.408e-04 	3.325e-09 	1.400e-04 	7.796e-13 	3.376e-04 	8.516e-17 	2.793e-13 
0.11055 	0.22175 	1.408e-04 	3.769e-09 	1.400e-04 	8.948e-13 	3.376e-04 	9.824e-17 	3.003e-13 
0.13065 	0.26207 	1.408e-04 	4.270e-09 	1.401e-04 	1.025e-12 	3.377e-04 	1.133e-16 	3.228e-13 
0.15075 	0.30239 	1.408e-04 	4.838e-09 	1.401e-04 	1.172e-12 	3.379e-04 	1.306e-16 	3.469e-13 
0.17085 	0.34271 	1.409e-04 	5.480e-09 	1.402e-04 	1.337e-12 	3.380e-04 	1.504e-16 	3.728e-13 
0.19095 	0.38303 	1.409e-04 	6.206e-09 	1.403e-04 	1.524e-12 	3.382e-04 	1.733e-16 	4.007e-13 
0.21105 	0.42335 	1.410e-04 	7.028e-09 	1.403e-04 	1.733e-12 	3.384e-04 	1.996e-16 	4.305e-13 
0.23115 	0.46366 	1.410e-04 	7.956e-09 	1.404e-04 	1.969e-12 	3.386e-04 	2.298e-16 	4.626e-13 
0.25125 	0.50398 	1.411e-04 	9.005e-09 	1.405e-04 	2.233e-12 	3.388e-04 	2.645e-16 	4.970e-13 
0.27135 	0.54430 	1.411e-04 	1.019e-08 	1.406e-04 	2.530e-12 	3.390e-04 	3.044e-16 	5.338e-13 
0.29145 	0.58462 	1.412e-04 	1.153e-08 	1.407e-04 	2.864e-12 	3.392e-04 	3.503e-16 	5.734e-13 
0.31155 	0.62494 	1.413e-04 	1.305e-08 	1.408e-04 	3.237e-12 	3.394e-04 	4.030e-16 	6.159e-13 
0.33165 	0.66526 	1.414e-04 	1.476e-08 	1.409e-04 	3.656e-12 	3.397e-04 	4.636e-16 	6.614e-13 
0.35175 	0.70558 	1.414e-04 	1.669e-08 	1.410e-04 	4.126e-12 	3.399e-04 	5.333e-16 	7.102e-13 
0.37185 	0.74589 	1.415e-04 	1.888e-08 	1.411e-04 	4.651e-12 	3.401e-04 	6.134e-16 	7.625e-13 
0.39195 	0.78621 	1.416e-04 	2.134e-08 	1.412e-04 	5.239e-12 	3.404e-04 	7.054e-16 	8.185e-13 
0.41205 	0.82653 	1.417e-04 	2.413e-08 	1.412e-04 	5.898e-12 	3.406e-04 	8.113e-16 	8.786e-13 
0.43215 	0.86685 	1.417e-04 	2.728e-08 	1.413e-04 	6.635e-12 	3.408e-04 	9.329e-16 	9.431e-13 
0.45225 	0.90717 	1.418e-04 	3.083e-08 	1.414e-04 	7.459e-12 	3.411e-04 	1.073e-15 	1.012e-12 
0.47235 	0.94749 	1.419e-04 	3.484e-08 	1.415e-04 	8.381e-12 	3.413e-04 	1.234e-15 	1.086e-12 
0.49245 	0.98781 	1.420e-04 	3.937e-08 	1.416e-04 	9.411e-12 	3.415e-04 	1.419e-15 	1.165e-12 
0.51255 	1.02812 	1.420e-04 	4.449e-08 	1.417e-04 	1.056e-11 	3.417e-04 	1.631e-15 	1.250e-12 
0.53265 	1.06844 	1.421e-04 	5.027e-08 	1.418e-04 	1.185e-11 	3.419e-04 	1.876e-15 	1.341e-12 
0.55275 	1.10876 	1.422e-04 	5.679e-08 	1.418e-04 	1.329e-11 	3.421e-04 	2.157e-15 	1.439e-12 
0.57285 	1.14908 	1.422e-04 	6.416e-08 	1.419e-04 	1.490e-11 	3.423e-04 	2.480e-15 	1.543e-12 
0.59295 	1.18940 	1.423e-04 	7.247e-08 	1.420e-04 	1.670e-11 	3.425e-04 	2.852e-15 	1.655e-12 
0.61305 	1.22972 	1.423e-04 	8.185e-08 	1.420e-04 	1.871e-11 	3.426e-04 	3.279e-15 	1.775e-12 
0.63315 	1.27004 	1.424e-04 	9.244e-08 	1.421e-04 	2.096e-11 	3.428e-04 	3.771e-15 	1.903e-12 
0.65325 	1.31035 	1.424e-04 	1.044e-07 	1.421e-04 	2.347e-11 	3.430e-04 	4.337e-15 	2.041e-12 
0.67335 	1.35067 	1.425e-04 	1.179e-07 	1.422e-04 	2.628e-11 	3.431e-04 	4.987e-15 	2.188e-12 
0.69345 	1.39099 	1.425e-04 	1.331e-07 	1.422e-04 	2.943e-11 	3.432e-04 	5.735e-15 	2.346e-12 
0.71355 	1.43131 	1.426e-04 	1.503e-07 	1.423e-04 	3.294e-11 	3.434e-04 	6.595e-15 	2.515e-12 
0.73365 	1.47163 	1.426e-04 	1.697e-07 	1.423e-04 	3.687e-11 	3.435e-04 	7.585e-15 	2.696e-12 
0.75375 	1.51195 	1.426e-04 	1.916e-07 	1.423e-04 	4.126e-11 	3.436e-04 	8.723e-15 	2.890e-12 
0.77385 	1.55227 	1.426e-04 	2.162e-07 	1.424e-04 	4.618e-11 	3.438e-04 	1.003e-14 	3.097e-12 
0.79395 	1.59258 	1.426e-04 	2.441e-07 	1.424e-04 	5.169e-11 	3.439e-04 	1.154e-14 	3.320e-12 
0.81405 	1.63290 	1.427e-04 	2.755e-07 	1.424e-04 	5.785e-11 	3.440e-04 	1.327e-14 	3.558e-12 
0.83415 	1.67322 	1.427e-04 	3.109e-07 	1.424e-04 	6.475e-11 	3.441e-04 	1.526e-14 	3.813e-12 
0.85425 	1.71354 	1.427e-04 	3.509e-07 	1.424e-04 	7.248e-11 	3.442e-04 	1.755e-14 	4.086e-12 
0.87435 	1.75386 	1.426e-04 	3.959e-07 	1.424e-04 	8.113e-11 	3.443e-04 	2.019e-14 	4.379e-12 
0.89445 	1.79418 	1.426e-04 	4.467e-07 	1.424e-04 	9.084e-11 	3.444e-04 	2.322e-14 	4.693e-12 
0.91455 	1.83450 	1.426e-04 	5.039e-07 	1.424e-04 	1.017e-10 	3.444e-04 	2.670e-14 	5.029e-12 
0.93465 	1.87481 	1.426e-04 	5.684e-07 	1.423e-04 	1.139e-10 	3.445e-04 	3.071e-14 	5.389e-12 
0.95475 	1.91513 	1.425e-04 	6.411e-07 	1.423e-04 	1.276e-10 	3.446e-04 	3.532e-14 	5.775e-12 
0.97485 	1.95545 	1.425e-04 	7.230e-07 	1.422e-04 	1.430e-10 	3.447e-04 	4.062e-14 	6.189e-12 
0.99495 	1.99577 	1.424e-04 	8.152e-07 	1.422e-04 	1.603e-10 	3.447e-04 	4.672e-14 	6.632e-12 
1.01505 	2.03609 	1.423e-04 	9.191e-07 	1.421e-04 	1.797e-10 	3.448e-04 	5.374e-14 	7.108e-12 
1.03515 	2.07641 	1.422e-04 	1.036e-06 	1.420e-04 	2.015e-10 	3.448e-04 	6.181e-14 	7.618e-12 
1.05525 	2.11673 	1.421e-04 	1.167e-06 	1.419e-04 	2.260e-10 	3.449e-04 	7.109e-14 	8.164e-12 
1.07535 	2.15704 	1.420e-04 	1.315e-06 	1.418e-04 	2.536e-10 	3.450e-04 	8.177e-14 	8.751e-12 
1.09545 	2.19736 	1.418e-04 	1.482e-06 	1.416e-04 	2.846e-10 	3.450e-04 	9.406e-14 	9.381e-12 
1.11555 	2.23768 	1.417e-04 	1.668e-06 	1.414e-04 	3.196e-10 	3.451e-04 	1.082e-13 	1.006e-11 
1.13565 	2.27800 	1.415e-04 	1.878e-06 	1.413e-04 	3.590e-10 	3.451e-04 	1.245e-13 	1.078e-11 
1.15575 	2.31832 	1.413e-04 	2.114e-06 	1.410e-04 	4.034e-10 	3.451e-04 	1.432e-13 	1.156e-11 
1.17585 	2.35864 	1.410e-04 	2.378e-06 	1.408e-04 	4.535e-10 	3.452e-04 	1.647e-13 	1.240e-11 
1.19595 	2.39896 	1.407e-04 	2.674e-06 	1.405e-04 	5.100e-10 	3.452e-04 	1.895e-13 	1.330e-11 
1.21605 	2.43927 	1.404e-04 	3.005e-06 	1.402e-04 	5.737e-10 	3.453e-04 	2.181e-13 	1.427e-11 
1.23615 	2.47959 	1.401e-04 	3.376e-06 	1.399e-04 	6.457e-10 	3.453e-04 	2.509e-13 	1.532e-11 
1.25625 	2.51991 	1.397e-04 	3.790e-06 	1.395e-04 	7.271e-10 	3.454e-04 	2.888e-13 	1.644e-11 
1.27635 	2.56023 	1.392e-04 	4.253e-06 	1.390e-04 	8.190e-10 	3.454e-04 	3.324e-13 	1.766e-11 
1.29645 	2.60055 	1.387e-04 	4.768e-06 	1.385e-04 	9.229e-10 	3.454e-04 	3.827e-13 	1.897e-11 
1.31655 	2.64087 	1.382e-04 	5.342e-06 	1.380e-04 	1.040e-09 	3.455e-04 	4.407e-13 	2.038e-11 
1.33665 	2.68119 	1.375e-04 	5.979e-06 	1.373e-04 	1.173e-09 	3.455e-04 	5.076e-13 	2.191e-11 
1.35675 	2.72150 	1.369e-04 	6.686e-06 	1.366e-04 	1.324e-09 	3.456e-04 	5.849e-13 	2.357e-11 
1.37685 	2.76182 	1.361e-04 	7.469e-06 	1.359e-04 	1.494e-09 	3.456e-04 	6.741e-13 	2.537e-11 
1.39695 	2.80214 	1.352e-04 	8.335e-06 	1.350e-04 	1.687e-09 	3.457e-04 	7.771e-13 	2.732e-11 
1.41705 	2.84246 	1.343e-04 	9.288e-06 	1.341e-04 	1.905e-09 	3.457e-04 	8.964e-13 	2.945e-11 
1.43715 	2.88278 	1.333e-04 	1.034e-05 	1.331e-04 	2.152e-09 	3.458e-04 	1.034e-12 	3.176e-11 
1.45725 	2.92310 	1.322e-04 	1.149e-05 	1.319e-04 	2.432e-09 	3.458e-04 	1.194e-12 	3.428e-11 
1.47735 	2.96342 	1.309e-04 	1.275e-05 	1.307e-04 	2.749e-09 	3.459e-04 	1.380e-12 	3.703e-11 
1.49745 	3.00373 	1.296e-04 	1.412e-05 	1.294e-04 	3.108e-09 	3.460e-04 	1.595e-12 	4.005e-11 
1.51755 	3.04405 	1.281e-04 	1.561e-05 	1.279e-04 	3.514e-09 	3.460e-04 	1.845e-12 	4.335e-11 
1.53765 	3.08437 	1.265e-04 	1.722e-05 	1.263e-04 	3.974e-09 	3.461e-04 	2.137e-12 	4.698e-11 
1.55775 	3.12469 	1.248e-04 	1.896e-05 	1.246e-04 	4.494e-09 	3.462e-04 	2.476e-12 	5.097e-11 
1.57785 	3.16501 	1.230e-04 	2.084e-05 	1.228e-04 	5.083e-09 	3.462e-04 	2.872e-12 	5.538e-11 
1.59795 	3.20533 	1.210e-04 	2.284e-05 	1.208e-04 	5.748e-09 	3.463e-04 	3.335e-12 	6.024e-11 
1.61805 	3.24565 	1.189e-04 	2.498e-05 	1.187e-04 	6.500e-09 	3.464e-04 	3.877e-12 	6.562e-11 
1.63815 	3.28597 	1.167e-04 	2.725e-05 	1.165e-04 	7.351e-09 	3.465e-04 	4.512e-12 	7.159e-11 
1.65825 	3.32628 	1.143e-04 	2.964e-05 	1.141e-04 	8.311e-09 	3.466e-04 	5.258e-12 	7.822e-11 
1.67835 	3.36660 	1.118e-04 	3.217e-05 	1.116e-04 	9.395e-09 	3.467e-04 	6.135e-12 	8.559e-11 
1.69845 	3.40692 	1.092e-04 	3.481e-05 	1.090e-04 	1.062e-08 	3.468e-04 	7.168e-12 	9.380e-11 
1.71855 	3.44724 	1.065e-04 	3.756e-05 	1.063e-04 	1.200e-08 	3.469e-04 	8.386e-12 	1.030e-10 
1.73865 	3.48756 	1.037e-04 	4.042e-05 	1.035e-04 	1.355e-08 	3.470e-04 	9.825e-12 	1.132e-10 
1.75875 	3.52788 	1.008e-04 	4.338e-05 	1.006e-04 	1.530e-08 	3.471e-04 	1.153e-11 	1.247e-10 
1.77885 	3.56820 	9.781e-05 	4.642e-05 	9.759e-05 	1.727e-08 	3.472e-04 	1.355e-11 	1.375e-10 
1.79895 	3.60851 	9.475e-05 	4.953e-05 	9.452e-05 	1.949e-08 	3.474e-04 	1.594e-11 	1.519e-10 
1.81905 	3.64883 	9.162e-05 	5.271e-05 	9.140e-05 	2.199e-08 	3.475e-04 	1.879e-11 	1.681e-10 
1.83915 	3.68915 	8.845e-05 	5.593e-05 	8.822e-05 	2.479e-08 	3.476e-04 	2.218e-11 	1.863e-10 
1.85925 	3.72947 	8.524e-05 	5.919e-05 	8.501e-05 	2.794e-08 	3.477e-04 	2.621e-11 	2.068e-10 
1.87935 	3.76979 	8.201e-05 	6.247e-05 	8.178e-05 	3.148e-08 	3.478e-04 	3.103e-11 	2.298e-10 
1.89945 	3.81011 	7.877e-05 	6.576e-05 	7.854e-05 	3.546e-08 	3.480e-04 	3.678e-11 	2.558e-10 
1.91955 	3.85043 	7.554e-05 	6.905e-05 	7.530e-05 	3.992e-08 	3.481e-04 	4.366e-11 	2.852e-10 
1.93965 	3.89074 	7.231e-05 	7.232e-05 	7.207e-05 	4.492e-08 	3.482e-04 	5.189e-11 	3.182e-10 
1.95975 	3.93106 	6.911e-05 	7.557e-05 	6.887e-05 	5.052e-08 	3.483e-04 	6.175e-11 	3.556e-10 
1.97985 	3.97138 	6.595e-05 	7.878e-05 	6.571e-05 	5.681e-08 	3.485e-04 	7.357e-11 	3.978e-10 
1.99995 	4.01170 	6.283e-05 	8.195e-05 	6.259e-05 	6.384e-08 	3.486e-04 	8.774e-11 	4.455e-10 
