n = 1.0e+03, Tgas =  27.5, Tdust =  27.5, Go = 100.0
pc 	Av 	e- 	C 	C+ 	CO 	O 	O2 	H2O 
0.01005 	0.01551 	1.423e-04 	1.724e-08 	1.419e-04 	7.103e-12 	3.421e-04 	3.184e-15 	2.113e-12 
0.03015 	0.04652 	1.423e-04 	1.893e-08 	1.419e-04 	7.776e-12 	3.422e-04 	3.549e-15 	2.232e-12 
0.05025 	0.07754 	1.424e-04 	2.079e-08 	1.420e-04 	8.512e-12 	3.423e-04 	3.956e-15 	2.357e-12 
0.07035 	0.10855 	1.424e-04 	2.283e-08 	1.420e-04 	9.316e-12 	3.425e-04 	4.409e-15 	2.488e-12 
0.09045 	0.13956 	1.425e-04 	2.507e-08 	1.421e-04 	1.020e-11 	3.426e-04 	4.914e-15 	2.627e-12 
0.11055 	0.17058 	1.425e-04 	2.753e-08 	1.421e-04 	1.116e-11 	3.427e-04 	5.476e-15 	2.774e-12 
0.13065 	0.20159 	1.425e-04 	3.024e-08 	1.421e-04 	1.221e-11 	3.428e-04 	6.103e-15 	2.928e-12 
0.15075 	0.23261 	1.426e-04 	3.320e-08 	1.422e-04 	1.336e-11 	3.429e-04 	6.801e-15 	3.091e-12 
0.17085 	0.26362 	1.426e-04 	3.645e-08 	1.422e-04 	1.462e-11 	3.430e-04 	7.578e-15 	3.262e-12 
0.19095 	0.29464 	1.426e-04 	4.003e-08 	1.423e-04 	1.600e-11 	3.431e-04 	8.444e-15 	3.443e-12 
0.21105 	0.32565 	1.427e-04 	4.395e-08 	1.423e-04 	1.751e-11 	3.432e-04 	9.409e-15 	3.633e-12 
0.23115 	0.35666 	1.427e-04 	4.825e-08 	1.423e-04 	1.916e-11 	3.433e-04 	1.048e-14 	3.834e-12 
0.25125 	0.38768 	1.427e-04 	5.297e-08 	1.424e-04 	2.096e-11 	3.434e-04 	1.168e-14 	4.046e-12 
0.27135 	0.41869 	1.427e-04 	5.816e-08 	1.424e-04 	2.294e-11 	3.434e-04 	1.301e-14 	4.269e-12 
0.29145 	0.44971 	1.428e-04 	6.385e-08 	1.424e-04 	2.511e-11 	3.435e-04 	1.450e-14 	4.504e-12 
0.31155 	0.48072 	1.428e-04 	7.009e-08 	1.424e-04 	2.749e-11 	3.436e-04 	1.615e-14 	4.751e-12 
0.33165 	0.51174 	1.428e-04 	7.694e-08 	1.425e-04 	3.010e-11 	3.437e-04 	1.799e-14 	5.012e-12 
0.35175 	0.54275 	1.428e-04 	8.446e-08 	1.425e-04 	3.295e-11 	3.437e-04 	2.004e-14 	5.287e-12 
0.37185 	0.57376 	1.428e-04 	9.272e-08 	1.425e-04 	3.609e-11 	3.438e-04 	2.233e-14 	5.577e-12 
0.39195 	0.60478 	1.428e-04 	1.018e-07 	1.425e-04 	3.952e-11 	3.439e-04 	2.487e-14 	5.882e-12 
0.41205 	0.63579 	1.428e-04 	1.117e-07 	1.425e-04 	4.330e-11 	3.439e-04 	2.770e-14 	6.204e-12 
0.43215 	0.66681 	1.429e-04 	1.226e-07 	1.425e-04 	4.744e-11 	3.440e-04 	3.086e-14 	6.543e-12 
0.45225 	0.69782 	1.429e-04 	1.346e-07 	1.426e-04 	5.198e-11 	3.440e-04 	3.437e-14 	6.901e-12 
0.47235 	0.72884 	1.429e-04 	1.477e-07 	1.426e-04 	5.697e-11 	3.441e-04 	3.827e-14 	7.277e-12 
0.49245 	0.75985 	1.429e-04 	1.621e-07 	1.426e-04 	6.246e-11 	3.441e-04 	4.262e-14 	7.674e-12 
0.51255 	0.79086 	1.429e-04 	1.779e-07 	1.426e-04 	6.849e-11 	3.442e-04 	4.747e-14 	8.092e-12 
0.53265 	0.82188 	1.429e-04 	1.953e-07 	1.426e-04 	7.512e-11 	3.442e-04 	5.286e-14 	8.532e-12 
0.55275 	0.85289 	1.429e-04 	2.143e-07 	1.426e-04 	8.240e-11 	3.443e-04 	5.886e-14 	8.996e-12 
0.57285 	0.88391 	1.429e-04 	2.352e-07 	1.426e-04 	9.042e-11 	3.443e-04 	6.553e-14 	9.486e-12 
0.59295 	0.91492 	1.429e-04 	2.581e-07 	1.426e-04 	9.924e-11 	3.444e-04 	7.296e-14 	1.000e-11 
0.61305 	0.94594 	1.429e-04 	2.832e-07 	1.426e-04 	1.090e-10 	3.444e-04 	8.123e-14 	1.054e-11 
0.63315 	0.97695 	1.428e-04 	3.108e-07 	1.425e-04 	1.196e-10 	3.444e-04 	9.043e-14 	1.112e-11 
0.65325 	1.00796 	1.428e-04 	3.410e-07 	1.425e-04 	1.314e-10 	3.445e-04 	1.007e-13 	1.172e-11 
0.67335 	1.03898 	1.428e-04 	3.741e-07 	1.425e-04 	1.444e-10 	3.445e-04 	1.121e-13 	1.235e-11 
0.69345 	1.06999 	1.428e-04 	4.104e-07 	1.425e-04 	1.587e-10 	3.445e-04 	1.247e-13 	1.302e-11 
0.71355 	1.10101 	1.427e-04 	4.503e-07 	1.425e-04 	1.745e-10 	3.446e-04 	1.388e-13 	1.373e-11 
0.73365 	1.13202 	1.427e-04 	4.940e-07 	1.424e-04 	1.919e-10 	3.446e-04 	1.545e-13 	1.447e-11 
0.75375 	1.16304 	1.427e-04 	5.419e-07 	1.424e-04 	2.111e-10 	3.446e-04 	1.719e-13 	1.525e-11 
0.77385 	1.19405 	1.426e-04 	5.944e-07 	1.424e-04 	2.323e-10 	3.446e-04 	1.913e-13 	1.608e-11 
0.79395 	1.22506 	1.426e-04 	6.519e-07 	1.423e-04 	2.557e-10 	3.447e-04 	2.129e-13 	1.695e-11 
0.81405 	1.25608 	1.425e-04 	7.150e-07 	1.423e-04 	2.815e-10 	3.447e-04 	2.369e-13 	1.786e-11 
0.83415 	1.28709 	1.425e-04 	7.841e-07 	1.422e-04 	3.100e-10 	3.447e-04 	2.635e-13 	1.883e-11 
0.85425 	1.31811 	1.424e-04 	8.598e-07 	1.421e-04 	3.416e-10 	3.447e-04 	2.932e-13 	1.985e-11 
0.87435 	1.34912 	1.423e-04 	9.427e-07 	1.421e-04 	3.764e-10 	3.448e-04 	3.261e-13 	2.092e-11 
0.89445 	1.38014 	1.422e-04 	1.034e-06 	1.420e-04 	4.150e-10 	3.448e-04 	3.627e-13 	2.205e-11 
0.91455 	1.41115 	1.422e-04 	1.133e-06 	1.419e-04 	4.576e-10 	3.448e-04 	4.034e-13 	2.324e-11 
0.93465 	1.44216 	1.421e-04 	1.242e-06 	1.418e-04 	5.048e-10 	3.448e-04 	4.487e-13 	2.450e-11 
0.95475 	1.47318 	1.419e-04 	1.361e-06 	1.417e-04 	5.570e-10 	3.449e-04 	4.989e-13 	2.582e-11 
0.97485 	1.50419 	1.418e-04 	1.491e-06 	1.415e-04 	6.148e-10 	3.449e-04 	5.547e-13 	2.722e-11 
0.99495 	1.53521 	1.417e-04 	1.634e-06 	1.414e-04 	6.787e-10 	3.449e-04 	6.168e-13 	2.869e-11 
1.01505 	1.56622 	1.415e-04 	1.790e-06 	1.413e-04 	7.496e-10 	3.449e-04 	6.857e-13 	3.025e-11 
1.03515 	1.59724 	1.414e-04 	1.960e-06 	1.411e-04 	8.281e-10 	3.449e-04 	7.622e-13 	3.188e-11 
1.05525 	1.62825 	1.412e-04 	2.146e-06 	1.409e-04 	9.150e-10 	3.450e-04 	8.473e-13 	3.361e-11 
1.07535 	1.65927 	1.410e-04 	2.349e-06 	1.407e-04 	1.011e-09 	3.450e-04 	9.417e-13 	3.544e-11 
1.09545 	1.69028 	1.408e-04 	2.571e-06 	1.405e-04 	1.118e-09 	3.450e-04 	1.047e-12 	3.737e-11 
1.11555 	1.72129 	1.406e-04 	2.813e-06 	1.403e-04 	1.237e-09 	3.450e-04 	1.163e-12 	3.940e-11 
1.13565 	1.75231 	1.403e-04 	3.077e-06 	1.400e-04 	1.368e-09 	3.450e-04 	1.293e-12 	4.155e-11 
1.15575 	1.78332 	1.400e-04 	3.365e-06 	1.397e-04 	1.513e-09 	3.451e-04 	1.436e-12 	4.383e-11 
1.17585 	1.81434 	1.397e-04 	3.678e-06 	1.394e-04 	1.675e-09 	3.451e-04 	1.596e-12 	4.623e-11 
1.19595 	1.84535 	1.394e-04 	4.019e-06 	1.391e-04 	1.854e-09 	3.451e-04 	1.773e-12 	4.877e-11 
1.21605 	1.87637 	1.390e-04 	4.390e-06 	1.387e-04 	2.052e-09 	3.451e-04 	1.970e-12 	5.146e-11 
1.23615 	1.90738 	1.386e-04 	4.793e-06 	1.384e-04 	2.272e-09 	3.451e-04 	2.188e-12 	5.430e-11 
1.25625 	1.93839 	1.382e-04 	5.231e-06 	1.379e-04 	2.517e-09 	3.452e-04 	2.431e-12 	5.731e-11 
1.27635 	1.96941 	1.377e-04 	5.706e-06 	1.375e-04 	2.787e-09 	3.452e-04 	2.701e-12 	6.051e-11 
1.29645 	2.00042 	1.372e-04 	6.220e-06 	1.370e-04 	3.088e-09 	3.452e-04 	3.001e-12 	6.389e-11 
1.31655 	2.03144 	1.367e-04 	6.777e-06 	1.364e-04 	3.421e-09 	3.452e-04 	3.334e-12 	6.748e-11 
1.33665 	2.06245 	1.361e-04 	7.379e-06 	1.358e-04 	3.790e-09 	3.453e-04 	3.704e-12 	7.130e-11 
1.35675 	2.09347 	1.354e-04 	8.029e-06 	1.352e-04 	4.199e-09 	3.453e-04 	4.116e-12 	7.535e-11 
1.37685 	2.12448 	1.348e-04 	8.731e-06 	1.345e-04 	4.652e-09 	3.453e-04 	4.574e-12 	7.966e-11 
1.39695 	2.15549 	1.340e-04 	9.486e-06 	1.337e-04 	5.155e-09 	3.454e-04 	5.083e-12 	8.425e-11 
1.41705 	2.18651 	1.332e-04 	1.030e-05 	1.330e-04 	5.712e-09 	3.454e-04 	5.650e-12 	8.914e-11 
1.43715 	2.21752 	1.324e-04 	1.117e-05 	1.321e-04 	6.329e-09 	3.454e-04 	6.282e-12 	9.435e-11 
1.45725 	2.24854 	1.314e-04 	1.210e-05 	1.312e-04 	7.012e-09 	3.455e-04 	6.985e-12 	9.992e-11 
1.47735 	2.27955 	1.305e-04 	1.310e-05 	1.302e-04 	7.767e-09 	3.455e-04 	7.769e-12 	1.059e-10 
1.49745 	2.31057 	1.294e-04 	1.417e-05 	1.291e-04 	8.603e-09 	3.456e-04 	8.643e-12 	1.122e-10 
1.51755 	2.34158 	1.283e-04 	1.531e-05 	1.280e-04 	9.528e-09 	3.456e-04 	9.619e-12 	1.190e-10 
1.53765 	2.37259 	1.271e-04 	1.652e-05 	1.268e-04 	1.055e-08 	3.457e-04 	1.071e-11 	1.263e-10 
1.55775 	2.40361 	1.258e-04 	1.780e-05 	1.256e-04 	1.168e-08 	3.457e-04 	1.193e-11 	1.342e-10 
1.57785 	2.43462 	1.245e-04 	1.917e-05 	1.242e-04 	1.293e-08 	3.458e-04 	1.329e-11 	1.426e-10 
1.59795 	2.46564 	1.231e-04 	2.060e-05 	1.228e-04 	1.430e-08 	3.458e-04 	1.481e-11 	1.516e-10 
1.61805 	2.49665 	1.216e-04 	2.212e-05 	1.213e-04 	1.582e-08 	3.459e-04 	1.652e-11 	1.614e-10 
1.63815 	2.52767 	1.200e-04 	2.371e-05 	1.197e-04 	1.750e-08 	3.459e-04 	1.843e-11 	1.719e-10 
1.65825 	2.55868 	1.184e-04 	2.538e-05 	1.181e-04 	1.934e-08 	3.460e-04 	2.058e-11 	1.832e-10 
1.67835 	2.58969 	1.167e-04 	2.713e-05 	1.164e-04 	2.138e-08 	3.461e-04 	2.299e-11 	1.955e-10 
1.69845 	2.62071 	1.149e-04 	2.896e-05 	1.146e-04 	2.361e-08 	3.461e-04 	2.570e-11 	2.088e-10 
1.71855 	2.65172 	1.130e-04 	3.086e-05 	1.127e-04 	2.607e-08 	3.462e-04 	2.875e-11 	2.231e-10 
1.73865 	2.68274 	1.111e-04 	3.283e-05 	1.108e-04 	2.877e-08 	3.463e-04 	3.218e-11 	2.387e-10 
1.75875 	2.71375 	1.090e-04 	3.487e-05 	1.088e-04 	3.174e-08 	3.464e-04 	3.605e-11 	2.556e-10 
1.77885 	2.74477 	1.070e-04 	3.697e-05 	1.067e-04 	3.500e-08 	3.465e-04 	4.042e-11 	2.739e-10 
1.79895 	2.77578 	1.048e-04 	3.914e-05 	1.045e-04 	3.858e-08 	3.465e-04 	4.536e-11 	2.938e-10 
1.81905 	2.80679 	1.026e-04 	4.137e-05 	1.024e-04 	4.250e-08 	3.466e-04 	5.095e-11 	3.155e-10 
1.83915 	2.83781 	1.004e-04 	4.365e-05 	1.001e-04 	4.679e-08 	3.467e-04 	5.726e-11 	3.392e-10 
1.85925 	2.86882 	9.810e-05 	4.598e-05 	9.781e-05 	5.149e-08 	3.468e-04 	6.442e-11 	3.649e-10 
1.87935 	2.89984 	9.576e-05 	4.835e-05 	9.547e-05 	5.663e-08 	3.469e-04 	7.254e-11 	3.930e-10 
1.89945 	2.93085 	9.338e-05 	5.076e-05 	9.310e-05 	6.225e-08 	3.470e-04 	8.175e-11 	4.237e-10 
1.91955 	2.96187 	9.098e-05 	5.321e-05 	9.069e-05 	6.840e-08 	3.471e-04 	9.222e-11 	4.572e-10 
1.93965 	2.99288 	8.854e-05 	5.568e-05 	8.825e-05 	7.510e-08 	3.472e-04 	1.041e-10 	4.938e-10 
1.95975 	3.02389 	8.609e-05 	5.817e-05 	8.579e-05 	8.242e-08 	3.473e-04 	1.176e-10 	5.338e-10 
1.97985 	3.05491 	8.362e-05 	6.067e-05 	8.332e-05 	9.040e-08 	3.473e-04 	1.331e-10 	5.776e-10 
1.99995 	3.08592 	8.114e-05 	6.319e-05 	8.084e-05 	9.910e-08 	3.474e-04 	1.506e-10 	6.256e-10 
