n = 1.2e+03, Tgas =  25.0, Tdust =  25.0, Go = 100.0
pc 	Av 	e- 	C 	C+ 	CO 	O 	O2 	H2O 
0.01005 	0.01861 	1.422e-04 	2.198e-08 	1.419e-04 	8.812e-12 	3.422e-04 	3.590e-15 	2.033e-12 
0.03015 	0.05583 	1.423e-04 	2.459e-08 	1.420e-04 	9.824e-12 	3.424e-04 	4.089e-15 	2.170e-12 
0.05025 	0.09304 	1.423e-04 	2.752e-08 	1.420e-04 	1.095e-11 	3.425e-04 	4.656e-15 	2.317e-12 
0.07035 	0.13026 	1.424e-04 	3.079e-08 	1.421e-04 	1.221e-11 	3.426e-04 	5.302e-15 	2.473e-12 
0.09045 	0.16748 	1.424e-04 	3.444e-08 	1.421e-04 	1.361e-11 	3.427e-04 	6.037e-15 	2.640e-12 
0.11055 	0.20469 	1.425e-04 	3.853e-08 	1.422e-04 	1.517e-11 	3.428e-04 	6.873e-15 	2.817e-12 
0.13065 	0.24191 	1.425e-04 	4.310e-08 	1.422e-04 	1.691e-11 	3.430e-04 	7.825e-15 	3.006e-12 
0.15075 	0.27913 	1.425e-04 	4.821e-08 	1.422e-04 	1.885e-11 	3.431e-04 	8.909e-15 	3.208e-12 
0.17085 	0.31635 	1.426e-04 	5.393e-08 	1.423e-04 	2.102e-11 	3.432e-04 	1.014e-14 	3.422e-12 
0.19095 	0.35356 	1.426e-04 	6.032e-08 	1.423e-04 	2.345e-11 	3.432e-04 	1.154e-14 	3.650e-12 
0.21105 	0.39078 	1.426e-04 	6.747e-08 	1.423e-04 	2.615e-11 	3.433e-04 	1.314e-14 	3.893e-12 
0.23115 	0.42800 	1.426e-04 	7.546e-08 	1.424e-04 	2.917e-11 	3.434e-04 	1.496e-14 	4.152e-12 
0.25125 	0.46521 	1.427e-04 	8.439e-08 	1.424e-04 	3.255e-11 	3.435e-04 	1.702e-14 	4.428e-12 
0.27135 	0.50243 	1.427e-04 	9.438e-08 	1.424e-04 	3.633e-11 	3.436e-04 	1.938e-14 	4.721e-12 
0.29145 	0.53965 	1.427e-04 	1.055e-07 	1.424e-04 	4.055e-11 	3.437e-04 	2.205e-14 	5.034e-12 
0.31155 	0.57687 	1.427e-04 	1.180e-07 	1.424e-04 	4.528e-11 	3.437e-04 	2.509e-14 	5.367e-12 
0.33165 	0.61408 	1.427e-04 	1.320e-07 	1.425e-04 	5.058e-11 	3.438e-04 	2.855e-14 	5.721e-12 
0.35175 	0.65130 	1.427e-04 	1.476e-07 	1.425e-04 	5.651e-11 	3.438e-04 	3.249e-14 	6.098e-12 
0.37185 	0.68852 	1.427e-04 	1.650e-07 	1.425e-04 	6.316e-11 	3.439e-04 	3.696e-14 	6.500e-12 
0.39195 	0.72573 	1.427e-04 	1.845e-07 	1.425e-04 	7.061e-11 	3.440e-04 	4.205e-14 	6.928e-12 
0.41205 	0.76295 	1.427e-04 	2.063e-07 	1.425e-04 	7.897e-11 	3.440e-04 	4.784e-14 	7.383e-12 
0.43215 	0.80017 	1.427e-04 	2.306e-07 	1.425e-04 	8.835e-11 	3.441e-04 	5.442e-14 	7.868e-12 
0.45225 	0.83739 	1.427e-04 	2.578e-07 	1.425e-04 	9.888e-11 	3.441e-04 	6.190e-14 	8.385e-12 
0.47235 	0.87460 	1.427e-04 	2.882e-07 	1.425e-04 	1.107e-10 	3.442e-04 	7.040e-14 	8.934e-12 
0.49245 	0.91182 	1.427e-04 	3.222e-07 	1.424e-04 	1.240e-10 	3.442e-04 	8.007e-14 	9.520e-12 
0.51255 	0.94904 	1.426e-04 	3.601e-07 	1.424e-04 	1.389e-10 	3.442e-04 	9.105e-14 	1.014e-11 
0.53265 	0.98625 	1.426e-04 	4.025e-07 	1.424e-04 	1.557e-10 	3.443e-04 	1.035e-13 	1.081e-11 
0.55275 	1.02347 	1.426e-04 	4.498e-07 	1.424e-04 	1.747e-10 	3.443e-04 	1.177e-13 	1.151e-11 
0.57285 	1.06069 	1.425e-04 	5.027e-07 	1.423e-04 	1.960e-10 	3.443e-04 	1.338e-13 	1.227e-11 
0.59295 	1.09791 	1.425e-04 	5.617e-07 	1.423e-04 	2.199e-10 	3.444e-04 	1.521e-13 	1.307e-11 
0.61305 	1.13512 	1.424e-04 	6.276e-07 	1.422e-04 	2.470e-10 	3.444e-04 	1.729e-13 	1.392e-11 
0.63315 	1.17234 	1.424e-04 	7.012e-07 	1.422e-04 	2.774e-10 	3.444e-04 	1.965e-13 	1.483e-11 
0.65325 	1.20956 	1.423e-04 	7.833e-07 	1.421e-04 	3.118e-10 	3.445e-04 	2.233e-13 	1.579e-11 
0.67335 	1.24677 	1.422e-04 	8.748e-07 	1.420e-04 	3.506e-10 	3.445e-04 	2.537e-13 	1.682e-11 
0.69345 	1.28399 	1.421e-04 	9.770e-07 	1.419e-04 	3.944e-10 	3.445e-04 	2.882e-13 	1.792e-11 
0.71355 	1.32121 	1.420e-04 	1.091e-06 	1.418e-04 	4.438e-10 	3.445e-04 	3.274e-13 	1.909e-11 
0.73365 	1.35843 	1.419e-04 	1.218e-06 	1.417e-04 	4.996e-10 	3.446e-04 	3.718e-13 	2.033e-11 
0.75375 	1.39564 	1.418e-04 	1.359e-06 	1.416e-04 	5.627e-10 	3.446e-04 	4.223e-13 	2.166e-11 
0.77385 	1.43286 	1.416e-04 	1.517e-06 	1.414e-04 	6.341e-10 	3.446e-04 	4.795e-13 	2.308e-11 
0.79395 	1.47008 	1.415e-04 	1.693e-06 	1.412e-04 	7.147e-10 	3.446e-04 	5.444e-13 	2.458e-11 
0.81405 	1.50729 	1.413e-04 	1.888e-06 	1.411e-04 	8.060e-10 	3.447e-04 	6.180e-13 	2.619e-11 
0.83415 	1.54451 	1.411e-04 	2.105e-06 	1.409e-04 	9.092e-10 	3.447e-04 	7.015e-13 	2.790e-11 
0.85425 	1.58173 	1.408e-04 	2.347e-06 	1.406e-04 	1.026e-09 	3.447e-04 	7.961e-13 	2.973e-11 
0.87435 	1.61895 	1.406e-04 	2.615e-06 	1.404e-04 	1.158e-09 	3.447e-04 	9.034e-13 	3.168e-11 
0.89445 	1.65616 	1.403e-04 	2.913e-06 	1.401e-04 	1.308e-09 	3.448e-04 	1.025e-12 	3.377e-11 
0.91455 	1.69338 	1.400e-04 	3.243e-06 	1.398e-04 	1.478e-09 	3.448e-04 	1.163e-12 	3.599e-11 
0.93465 	1.73060 	1.396e-04 	3.609e-06 	1.394e-04 	1.670e-09 	3.448e-04 	1.319e-12 	3.837e-11 
0.95475 	1.76782 	1.392e-04 	4.014e-06 	1.390e-04 	1.887e-09 	3.448e-04 	1.496e-12 	4.091e-11 
0.97485 	1.80503 	1.388e-04 	4.463e-06 	1.386e-04 	2.134e-09 	3.449e-04 	1.697e-12 	4.363e-11 
0.99495 	1.84225 	1.383e-04 	4.958e-06 	1.381e-04 	2.413e-09 	3.449e-04 	1.925e-12 	4.654e-11 
1.01505 	1.87947 	1.378e-04 	5.504e-06 	1.375e-04 	2.729e-09 	3.449e-04 	2.183e-12 	4.967e-11 
1.03515 	1.91668 	1.372e-04 	6.106e-06 	1.370e-04 	3.087e-09 	3.450e-04 	2.476e-12 	5.301e-11 
1.05525 	1.95390 	1.365e-04 	6.768e-06 	1.363e-04 	3.492e-09 	3.450e-04 	2.808e-12 	5.661e-11 
1.07535 	1.99112 	1.358e-04 	7.496e-06 	1.356e-04 	3.951e-09 	3.450e-04 	3.184e-12 	6.047e-11 
1.09545 	2.02834 	1.350e-04 	8.293e-06 	1.348e-04 	4.470e-09 	3.451e-04 	3.612e-12 	6.463e-11 
1.11555 	2.06555 	1.342e-04 	9.165e-06 	1.340e-04 	5.058e-09 	3.451e-04 	4.097e-12 	6.910e-11 
1.13565 	2.10277 	1.332e-04 	1.012e-05 	1.330e-04 	5.723e-09 	3.451e-04 	4.648e-12 	7.393e-11 
1.15575 	2.13999 	1.322e-04 	1.115e-05 	1.320e-04 	6.474e-09 	3.452e-04 	5.275e-12 	7.915e-11 
1.17585 	2.17720 	1.311e-04 	1.228e-05 	1.309e-04 	7.323e-09 	3.452e-04 	5.988e-12 	8.479e-11 
1.19595 	2.21442 	1.299e-04 	1.350e-05 	1.297e-04 	8.282e-09 	3.453e-04 	6.799e-12 	9.089e-11 
1.21605 	2.25164 	1.286e-04 	1.482e-05 	1.284e-04 	9.364e-09 	3.453e-04 	7.722e-12 	9.752e-11 
1.23615 	2.28886 	1.272e-04 	1.625e-05 	1.270e-04 	1.058e-08 	3.454e-04 	8.775e-12 	1.047e-10 
1.25625 	2.32607 	1.257e-04 	1.778e-05 	1.255e-04 	1.196e-08 	3.455e-04 	9.977e-12 	1.126e-10 
1.27635 	2.36329 	1.241e-04 	1.942e-05 	1.239e-04 	1.351e-08 	3.455e-04 	1.135e-11 	1.211e-10 
1.29645 	2.40051 	1.224e-04 	2.117e-05 	1.222e-04 	1.525e-08 	3.456e-04 	1.292e-11 	1.304e-10 
1.31655 	2.43772 	1.206e-04 	2.303e-05 	1.203e-04 	1.721e-08 	3.457e-04 	1.472e-11 	1.406e-10 
1.33665 	2.47494 	1.186e-04 	2.500e-05 	1.184e-04 	1.941e-08 	3.458e-04 	1.678e-11 	1.518e-10 
1.35675 	2.51216 	1.166e-04 	2.709e-05 	1.163e-04 	2.188e-08 	3.459e-04 	1.915e-11 	1.640e-10 
1.37685 	2.54938 	1.144e-04 	2.928e-05 	1.142e-04 	2.465e-08 	3.460e-04 	2.187e-11 	1.775e-10 
1.39695 	2.58659 	1.121e-04 	3.158e-05 	1.119e-04 	2.775e-08 	3.460e-04 	2.500e-11 	1.923e-10 
1.41705 	2.62381 	1.098e-04 	3.398e-05 	1.095e-04 	3.122e-08 	3.461e-04 	2.862e-11 	2.087e-10 
1.43715 	2.66103 	1.073e-04 	3.648e-05 	1.071e-04 	3.510e-08 	3.462e-04 	3.279e-11 	2.267e-10 
1.45725 	2.69824 	1.048e-04 	3.907e-05 	1.045e-04 	3.943e-08 	3.463e-04 	3.761e-11 	2.467e-10 
1.47735 	2.73546 	1.021e-04 	4.175e-05 	1.019e-04 	4.425e-08 	3.465e-04 	4.319e-11 	2.688e-10 
1.49745 	2.77268 	9.943e-05 	4.450e-05 	9.920e-05 	4.963e-08 	3.466e-04 	4.967e-11 	2.932e-10 
1.51755 	2.80990 	9.666e-05 	4.731e-05 	9.643e-05 	5.562e-08 	3.467e-04 	5.719e-11 	3.204e-10 
1.53765 	2.84711 	9.383e-05 	5.019e-05 	9.360e-05 	6.228e-08 	3.468e-04 	6.593e-11 	3.505e-10 
1.55775 	2.88433 	9.096e-05 	5.311e-05 	9.072e-05 	6.967e-08 	3.469e-04 	7.611e-11 	3.841e-10 
1.57785 	2.92155 	8.804e-05 	5.607e-05 	8.780e-05 	7.788e-08 	3.470e-04 	8.797e-11 	4.214e-10 
1.59795 	2.95876 	8.510e-05 	5.906e-05 	8.485e-05 	8.698e-08 	3.472e-04 	1.018e-10 	4.629e-10 
1.61805 	2.99598 	8.213e-05 	6.207e-05 	8.189e-05 	9.705e-08 	3.473e-04 	1.180e-10 	5.093e-10 
1.63815 	3.03320 	7.916e-05 	6.508e-05 	7.892e-05 	1.082e-07 	3.474e-04 	1.369e-10 	5.609e-10 
1.65825 	3.07042 	7.619e-05 	6.810e-05 	7.595e-05 	1.205e-07 	3.475e-04 	1.591e-10 	6.186e-10 
1.67835 	3.10763 	7.323e-05 	7.110e-05 	7.298e-05 	1.342e-07 	3.476e-04 	1.850e-10 	6.831e-10 
1.69845 	3.14485 	7.029e-05 	7.408e-05 	7.004e-05 	1.492e-07 	3.477e-04 	2.154e-10 	7.551e-10 
1.71855 	3.18207 	6.737e-05 	7.703e-05 	6.712e-05 	1.658e-07 	3.478e-04 	2.512e-10 	8.357e-10 
1.73865 	3.21928 	6.449e-05 	7.995e-05 	6.424e-05 	1.840e-07 	3.479e-04 	2.931e-10 	9.258e-10 
1.75875 	3.25650 	6.165e-05 	8.282e-05 	6.140e-05 	2.041e-07 	3.481e-04 	3.424e-10 	1.027e-09 
1.77885 	3.29372 	5.886e-05 	8.564e-05 	5.861e-05 	2.262e-07 	3.482e-04 	4.003e-10 	1.139e-09 
1.79895 	3.33094 	5.613e-05 	8.840e-05 	5.587e-05 	2.506e-07 	3.482e-04 	4.684e-10 	1.266e-09 
1.81905 	3.36815 	5.345e-05 	9.111e-05 	5.319e-05 	2.773e-07 	3.483e-04 	5.485e-10 	1.407e-09 
1.83915 	3.40537 	5.084e-05 	9.374e-05 	5.058e-05 	3.066e-07 	3.484e-04 	6.427e-10 	1.566e-09 
1.85925 	3.44259 	4.829e-05 	9.630e-05 	4.803e-05 	3.388e-07 	3.485e-04 	7.536e-10 	1.744e-09 
1.87935 	3.47980 	4.582e-05 	9.878e-05 	4.556e-05 	3.740e-07 	3.486e-04 	8.840e-10 	1.943e-09 
1.89945 	3.51702 	4.342e-05 	1.012e-04 	4.316e-05 	4.126e-07 	3.486e-04 	1.037e-09 	2.166e-09 
1.91955 	3.55424 	4.110e-05 	1.035e-04 	4.083e-05 	4.549e-07 	3.487e-04 	1.218e-09 	2.415e-09 
1.93965 	3.59146 	3.886e-05 	1.057e-04 	3.859e-05 	5.012e-07 	3.487e-04 	1.429e-09 	2.695e-09 
1.95975 	3.62867 	3.670e-05 	1.079e-04 	3.643e-05 	5.518e-07 	3.488e-04 	1.678e-09 	3.008e-09 
1.97985 	3.66589 	3.462e-05 	1.100e-04 	3.435e-05 	6.071e-07 	3.488e-04 	1.970e-09 	3.358e-09 
1.99995 	3.70311 	3.262e-05 	1.119e-04 	3.235e-05 	6.675e-07 	3.488e-04 	2.312e-09 	3.750e-09 
