n = 1.0e+04, Tgas =  32.0, Tdust =  32.0, Go = 100.0
pc 	Av 	e- 	C 	C+ 	CO 	O 	O2 	H2O 
0.01005 	0.15507 	1.433e-04 	2.450e-07 	1.433e-04 	3.024e-10 	3.460e-04 	8.887e-14 	3.080e-12 
0.03015 	0.46521 	1.430e-04 	6.187e-07 	1.429e-04 	8.561e-10 	3.462e-04 	2.504e-13 	5.143e-12 
0.05025 	0.77536 	1.421e-04 	1.551e-06 	1.421e-04 	2.475e-09 	3.463e-04 	6.899e-13 	8.527e-12 
0.07035 	1.08550 	1.398e-04 	3.821e-06 	1.398e-04 	7.239e-09 	3.464e-04 	1.835e-12 	1.404e-11 
0.09045 	1.39564 	1.347e-04 	9.049e-06 	1.347e-04 	2.111e-08 	3.466e-04 	4.677e-12 	2.315e-11 
0.11055 	1.70579 	1.241e-04 	1.979e-05 	1.240e-04 	5.991e-08 	3.470e-04 	1.151e-11 	3.914e-11 
0.13065 	2.01593 	1.060e-04 	3.796e-05 	1.060e-04 	1.604e-07 	3.475e-04 	2.848e-11 	7.060e-11 
0.15075 	2.32607 	8.225e-05 	6.189e-05 	8.222e-05 	3.939e-07 	3.482e-04 	7.547e-11 	1.407e-10 
0.17085 	2.63622 	5.758e-05 	8.647e-05 	5.755e-05 	8.764e-07 	3.487e-04 	2.233e-10 	3.111e-10 
0.19095 	2.94636 	3.651e-05 	1.070e-04 	3.648e-05 	1.762e-06 	3.486e-04 	7.289e-10 	7.480e-10 
0.21105 	3.25650 	2.098e-05 	1.214e-04 	2.095e-05 	3.216e-06 	3.478e-04 	2.469e-09 	1.899e-09 
0.23115 	3.56664 	1.089e-05 	1.294e-04 	1.087e-05 	5.428e-06 	3.460e-04 	7.850e-09 	4.870e-09 
0.25125 	3.87679 	5.171e-06 	1.317e-04 	5.152e-06 	8.948e-06 	3.426e-04 	2.079e-08 	1.184e-08 
0.27135 	4.18693 	2.362e-06 	1.278e-04 	2.347e-06 	1.569e-05 	3.359e-04 	4.266e-08 	2.574e-08 
0.29145 	4.49707 	1.129e-06 	1.148e-04 	1.118e-06 	2.999e-05 	3.216e-04 	7.106e-08 	4.963e-08 
0.31155 	4.80722 	6.021e-07 	8.895e-05 	5.920e-07 	5.637e-05 	2.951e-04 	1.094e-07 	8.633e-08 
0.33165 	5.11736 	3.595e-07 	5.418e-05 	3.500e-07 	9.140e-05 	2.598e-04 	1.796e-07 	1.383e-07 
0.35175 	5.42750 	2.363e-07 	2.446e-05 	2.264e-07 	1.213e-04 	2.295e-04 	3.456e-07 	2.111e-07 
0.37185 	5.73765 	1.669e-07 	8.840e-06 	1.557e-07 	1.369e-04 	2.128e-04 	7.399e-07 	3.184e-07 
0.39195 	6.04779 	1.225e-07 	3.278e-06 	1.093e-07 	1.426e-04 	2.054e-04 	1.490e-06 	4.744e-07 
0.41205 	6.35793 	9.273e-08 	1.445e-06 	7.692e-08 	1.444e-04 	2.008e-04 	2.696e-06 	6.807e-07 
0.43215 	6.66807 	7.309e-08 	7.514e-07 	5.430e-08 	1.451e-04 	1.959e-04 	4.526e-06 	9.183e-07 
0.45225 	6.97822 	6.043e-08 	4.397e-07 	3.868e-08 	1.455e-04 	1.898e-04 	7.211e-06 	1.150e-06 
0.47235 	7.28836 	5.239e-08 	2.806e-07 	2.803e-08 	1.456e-04 	1.818e-04 	1.094e-05 	1.336e-06 
0.49245 	7.59850 	4.739e-08 	1.933e-07 	2.090e-08 	1.457e-04 	1.721e-04 	1.565e-05 	1.453e-06 
0.51255 	7.90865 	4.438e-08 	1.441e-07 	1.629e-08 	1.458e-04 	1.615e-04 	2.087e-05 	1.501e-06 
0.53265 	8.21879 	4.264e-08 	1.161e-07 	1.343e-08 	1.458e-04 	1.515e-04 	2.584e-05 	1.502e-06 
0.55275 	8.52893 	4.166e-08 	1.002e-07 	1.172e-08 	1.458e-04 	1.434e-04 	2.990e-05 	1.483e-06 
0.57285 	8.83908 	4.112e-08 	9.125e-08 	1.071e-08 	1.458e-04 	1.376e-04 	3.283e-05 	1.461e-06 
0.59295 	9.14922 	4.082e-08 	8.616e-08 	1.013e-08 	1.458e-04 	1.338e-04 	3.477e-05 	1.443e-06 
0.61305 	9.45936 	4.065e-08 	8.327e-08 	9.800e-09 	1.458e-04 	1.314e-04 	3.597e-05 	1.431e-06 
0.63315 	9.76950 	4.056e-08 	8.162e-08 	9.609e-09 	1.458e-04 	1.299e-04 	3.670e-05 	1.424e-06 
0.65325 	10.07965 	4.050e-08 	8.068e-08 	9.499e-09 	1.458e-04 	1.291e-04 	3.713e-05 	1.419e-06 
0.67335 	10.38979 	4.047e-08 	8.014e-08 	9.436e-09 	1.458e-04 	1.286e-04 	3.738e-05 	1.417e-06 
0.69345 	10.69993 	4.046e-08 	7.984e-08 	9.401e-09 	1.458e-04 	1.283e-04 	3.752e-05 	1.415e-06 
0.71355 	11.01008 	4.045e-08 	7.966e-08 	9.380e-09 	1.458e-04 	1.281e-04 	3.760e-05 	1.415e-06 
0.73365 	11.32022 	4.044e-08 	7.956e-08 	9.368e-09 	1.458e-04 	1.280e-04 	3.765e-05 	1.414e-06 
0.75375 	11.63036 	4.044e-08 	7.950e-08 	9.362e-09 	1.458e-04 	1.280e-04 	3.768e-05 	1.414e-06 
0.77385 	11.94051 	4.043e-08 	7.947e-08 	9.358e-09 	1.458e-04 	1.280e-04 	3.769e-05 	1.414e-06 
0.79395 	12.25065 	4.043e-08 	7.945e-08 	9.355e-09 	1.458e-04 	1.279e-04 	3.770e-05 	1.414e-06 
0.81405 	12.56079 	4.043e-08 	7.944e-08 	9.354e-09 	1.458e-04 	1.279e-04 	3.771e-05 	1.413e-06 
0.83415 	12.87093 	4.043e-08 	7.943e-08 	9.353e-09 	1.458e-04 	1.279e-04 	3.771e-05 	1.413e-06 
0.85425 	13.18108 	4.043e-08 	7.943e-08 	9.353e-09 	1.458e-04 	1.279e-04 	3.771e-05 	1.413e-06 
0.87435 	13.49122 	4.043e-08 	7.943e-08 	9.353e-09 	1.458e-04 	1.279e-04 	3.771e-05 	1.413e-06 
0.89445 	13.80136 	4.043e-08 	7.943e-08 	9.353e-09 	1.458e-04 	1.279e-04 	3.771e-05 	1.413e-06 
0.91455 	14.11151 	4.043e-08 	7.943e-08 	9.353e-09 	1.458e-04 	1.279e-04 	3.771e-05 	1.413e-06 
0.93465 	14.42165 	4.043e-08 	7.943e-08 	9.353e-09 	1.458e-04 	1.279e-04 	3.771e-05 	1.413e-06 
0.95475 	14.73179 	4.043e-08 	7.942e-08 	9.353e-09 	1.458e-04 	1.279e-04 	3.771e-05 	1.413e-06 
0.97485 	15.04194 	4.043e-08 	7.942e-08 	9.352e-09 	1.458e-04 	1.279e-04 	3.771e-05 	1.413e-06 
0.99495 	15.35208 	4.043e-08 	7.942e-08 	9.352e-09 	1.458e-04 	1.279e-04 	3.771e-05 	1.413e-06 
1.01505 	15.66222 	4.043e-08 	7.942e-08 	9.352e-09 	1.458e-04 	1.279e-04 	3.771e-05 	1.413e-06 
1.03515 	15.97236 	4.043e-08 	7.942e-08 	9.352e-09 	1.458e-04 	1.279e-04 	3.771e-05 	1.413e-06 
1.05525 	16.28251 	4.043e-08 	7.942e-08 	9.352e-09 	1.458e-04 	1.279e-04 	3.771e-05 	1.413e-06 
1.07535 	16.59265 	4.043e-08 	7.942e-08 	9.352e-09 	1.458e-04 	1.279e-04 	3.771e-05 	1.413e-06 
1.09545 	16.90279 	4.043e-08 	7.942e-08 	9.352e-09 	1.458e-04 	1.279e-04 	3.771e-05 	1.413e-06 
1.11555 	17.21294 	4.043e-08 	7.942e-08 	9.352e-09 	1.458e-04 	1.279e-04 	3.771e-05 	1.413e-06 
1.13565 	17.52308 	4.043e-08 	7.942e-08 	9.352e-09 	1.458e-04 	1.279e-04 	3.771e-05 	1.413e-06 
1.15575 	17.83322 	4.043e-08 	7.942e-08 	9.352e-09 	1.458e-04 	1.279e-04 	3.771e-05 	1.413e-06 
1.17585 	18.14337 	4.043e-08 	7.942e-08 	9.352e-09 	1.458e-04 	1.279e-04 	3.771e-05 	1.413e-06 
1.19595 	18.45351 	4.043e-08 	7.942e-08 	9.352e-09 	1.458e-04 	1.279e-04 	3.771e-05 	1.413e-06 
1.21605 	18.76365 	4.043e-08 	7.942e-08 	9.352e-09 	1.458e-04 	1.279e-04 	3.771e-05 	1.413e-06 
1.23615 	19.07379 	4.043e-08 	7.942e-08 	9.352e-09 	1.458e-04 	1.279e-04 	3.771e-05 	1.413e-06 
1.25625 	19.38394 	4.043e-08 	7.942e-08 	9.352e-09 	1.458e-04 	1.279e-04 	3.771e-05 	1.413e-06 
1.27635 	19.69408 	4.043e-08 	7.942e-08 	9.352e-09 	1.458e-04 	1.279e-04 	3.771e-05 	1.413e-06 
1.29645 	20.00422 	4.043e-08 	7.942e-08 	9.352e-09 	1.458e-04 	1.279e-04 	3.771e-05 	1.413e-06 
1.31655 	20.31437 	4.043e-08 	7.942e-08 	9.352e-09 	1.458e-04 	1.279e-04 	3.771e-05 	1.413e-06 
1.33665 	20.62451 	4.043e-08 	7.942e-08 	9.352e-09 	1.458e-04 	1.279e-04 	3.771e-05 	1.413e-06 
1.35675 	20.93465 	4.043e-08 	7.942e-08 	9.352e-09 	1.458e-04 	1.279e-04 	3.771e-05 	1.413e-06 
1.37685 	21.24480 	4.043e-08 	7.942e-08 	9.352e-09 	1.458e-04 	1.279e-04 	3.771e-05 	1.413e-06 
1.39695 	21.55494 	4.043e-08 	7.942e-08 	9.352e-09 	1.458e-04 	1.279e-04 	3.771e-05 	1.413e-06 
1.41705 	21.86508 	4.043e-08 	7.942e-08 	9.352e-09 	1.458e-04 	1.279e-04 	3.771e-05 	1.413e-06 
1.43715 	22.17522 	4.043e-08 	7.942e-08 	9.352e-09 	1.458e-04 	1.279e-04 	3.771e-05 	1.413e-06 
1.45725 	22.48537 	4.043e-08 	7.942e-08 	9.352e-09 	1.458e-04 	1.279e-04 	3.771e-05 	1.413e-06 
1.47735 	22.79551 	4.043e-08 	7.942e-08 	9.352e-09 	1.458e-04 	1.279e-04 	3.771e-05 	1.413e-06 
1.49745 	23.10565 	4.043e-08 	7.942e-08 	9.352e-09 	1.458e-04 	1.279e-04 	3.771e-05 	1.413e-06 
1.51755 	23.41580 	4.043e-08 	7.942e-08 	9.352e-09 	1.458e-04 	1.279e-04 	3.771e-05 	1.413e-06 
1.53765 	23.72594 	4.043e-08 	7.942e-08 	9.352e-09 	1.458e-04 	1.279e-04 	3.771e-05 	1.413e-06 
1.55775 	24.03608 	4.043e-08 	7.942e-08 	9.352e-09 	1.458e-04 	1.279e-04 	3.771e-05 	1.413e-06 
1.57785 	24.34623 	4.043e-08 	7.942e-08 	9.352e-09 	1.458e-04 	1.279e-04 	3.771e-05 	1.413e-06 
1.59795 	24.65637 	4.043e-08 	7.942e-08 	9.352e-09 	1.458e-04 	1.279e-04 	3.771e-05 	1.413e-06 
1.61805 	24.96651 	4.043e-08 	7.942e-08 	9.352e-09 	1.458e-04 	1.279e-04 	3.771e-05 	1.413e-06 
1.63815 	25.27665 	4.043e-08 	7.942e-08 	9.352e-09 	1.458e-04 	1.279e-04 	3.771e-05 	1.413e-06 
1.65825 	25.58680 	4.043e-08 	7.942e-08 	9.352e-09 	1.458e-04 	1.279e-04 	3.771e-05 	1.413e-06 
1.67835 	25.89694 	4.043e-08 	7.942e-08 	9.352e-09 	1.458e-04 	1.279e-04 	3.771e-05 	1.413e-06 
1.69845 	26.20708 	4.043e-08 	7.942e-08 	9.352e-09 	1.458e-04 	1.279e-04 	3.771e-05 	1.413e-06 
1.71855 	26.51723 	4.043e-08 	7.942e-08 	9.352e-09 	1.458e-04 	1.279e-04 	3.771e-05 	1.413e-06 
1.73865 	26.82737 	4.043e-08 	7.942e-08 	9.352e-09 	1.458e-04 	1.279e-04 	3.771e-05 	1.413e-06 
1.75875 	27.13751 	4.043e-08 	7.942e-08 	9.352e-09 	1.458e-04 	1.279e-04 	3.771e-05 	1.413e-06 
1.77885 	27.44766 	4.043e-08 	7.942e-08 	9.352e-09 	1.458e-04 	1.279e-04 	3.771e-05 	1.413e-06 
1.79895 	27.75780 	4.043e-08 	7.942e-08 	9.352e-09 	1.458e-04 	1.279e-04 	3.771e-05 	1.413e-06 
1.81905 	28.06794 	4.043e-08 	7.942e-08 	9.352e-09 	1.458e-04 	1.279e-04 	3.771e-05 	1.413e-06 
1.83915 	28.37808 	4.043e-08 	7.942e-08 	9.352e-09 	1.458e-04 	1.279e-04 	3.771e-05 	1.413e-06 
1.85925 	28.68823 	4.043e-08 	7.942e-08 	9.352e-09 	1.458e-04 	1.279e-04 	3.771e-05 	1.413e-06 
1.87935 	28.99837 	4.043e-08 	7.942e-08 	9.352e-09 	1.458e-04 	1.279e-04 	3.771e-05 	1.413e-06 
1.89945 	29.30851 	4.043e-08 	7.942e-08 	9.352e-09 	1.458e-04 	1.279e-04 	3.771e-05 	1.413e-06 
1.91955 	29.61866 	4.043e-08 	7.942e-08 	9.352e-09 	1.458e-04 	1.279e-04 	3.771e-05 	1.413e-06 
1.93965 	29.92880 	4.043e-08 	7.942e-08 	9.352e-09 	1.458e-04 	1.279e-04 	3.771e-05 	1.413e-06 
1.95975 	30.23894 	4.043e-08 	7.942e-08 	9.352e-09 	1.458e-04 	1.279e-04 	3.771e-05 	1.413e-06 
1.97985 	30.54909 	4.043e-08 	7.942e-08 	9.352e-09 	1.458e-04 	1.279e-04 	3.771e-05 	1.413e-06 
1.99995 	30.85923 	4.043e-08 	7.942e-08 	9.352e-09 	1.458e-04 	1.279e-04 	3.771e-05 	1.413e-06 
