n = 1.0e+02, Tgas =  14.0, Tdust =  14.0, Go =  10.0
pc 	Av 	e- 	C 	C+ 	CO 	O 	O2 	H2O 
0.01005 	0.00155 	1.409e-04 	2.332e-08 	1.373e-04 	5.548e-12 	3.310e-04 	9.351e-15 	1.364e-11 
0.03015 	0.00465 	1.409e-04 	2.354e-08 	1.373e-04 	5.601e-12 	3.310e-04 	9.455e-15 	1.371e-11 
0.05025 	0.00775 	1.409e-04 	2.376e-08 	1.373e-04 	5.655e-12 	3.311e-04 	9.560e-15 	1.379e-11 
0.07035 	0.01086 	1.409e-04 	2.398e-08 	1.373e-04 	5.709e-12 	3.311e-04 	9.667e-15 	1.387e-11 
0.09045 	0.01396 	1.409e-04 	2.421e-08 	1.373e-04 	5.764e-12 	3.311e-04 	9.775e-15 	1.394e-11 
0.11055 	0.01706 	1.409e-04 	2.443e-08 	1.373e-04 	5.820e-12 	3.311e-04 	9.884e-15 	1.402e-11 
0.13065 	0.02016 	1.409e-04 	2.466e-08 	1.373e-04 	5.875e-12 	3.311e-04 	9.994e-15 	1.410e-11 
0.15075 	0.02326 	1.409e-04 	2.489e-08 	1.373e-04 	5.932e-12 	3.311e-04 	1.011e-14 	1.418e-11 
0.17085 	0.02636 	1.409e-04 	2.513e-08 	1.373e-04 	5.989e-12 	3.311e-04 	1.022e-14 	1.426e-11 
0.19095 	0.02946 	1.409e-04 	2.536e-08 	1.373e-04 	6.046e-12 	3.311e-04 	1.033e-14 	1.434e-11 
0.21105 	0.03257 	1.409e-04 	2.560e-08 	1.373e-04 	6.104e-12 	3.311e-04 	1.045e-14 	1.442e-11 
0.23115 	0.03567 	1.409e-04 	2.584e-08 	1.373e-04 	6.163e-12 	3.312e-04 	1.056e-14 	1.450e-11 
0.25125 	0.03877 	1.409e-04 	2.608e-08 	1.373e-04 	6.222e-12 	3.312e-04 	1.068e-14 	1.458e-11 
0.27135 	0.04187 	1.409e-04 	2.633e-08 	1.374e-04 	6.282e-12 	3.312e-04 	1.080e-14 	1.466e-11 
0.29145 	0.04497 	1.409e-04 	2.658e-08 	1.374e-04 	6.342e-12 	3.312e-04 	1.092e-14 	1.474e-11 
0.31155 	0.04807 	1.409e-04 	2.682e-08 	1.374e-04 	6.403e-12 	3.312e-04 	1.104e-14 	1.482e-11 
0.33165 	0.05117 	1.409e-04 	2.708e-08 	1.374e-04 	6.465e-12 	3.312e-04 	1.117e-14 	1.491e-11 
0.35175 	0.05428 	1.409e-04 	2.733e-08 	1.374e-04 	6.527e-12 	3.312e-04 	1.129e-14 	1.499e-11 
0.37185 	0.05738 	1.409e-04 	2.759e-08 	1.374e-04 	6.590e-12 	3.312e-04 	1.142e-14 	1.507e-11 
0.39195 	0.06048 	1.409e-04 	2.784e-08 	1.374e-04 	6.653e-12 	3.312e-04 	1.154e-14 	1.516e-11 
0.41205 	0.06358 	1.409e-04 	2.811e-08 	1.374e-04 	6.717e-12 	3.312e-04 	1.167e-14 	1.524e-11 
0.43215 	0.06668 	1.409e-04 	2.837e-08 	1.374e-04 	6.782e-12 	3.313e-04 	1.180e-14 	1.533e-11 
0.45225 	0.06978 	1.409e-04 	2.864e-08 	1.374e-04 	6.847e-12 	3.313e-04 	1.193e-14 	1.541e-11 
0.47235 	0.07288 	1.409e-04 	2.890e-08 	1.374e-04 	6.913e-12 	3.313e-04 	1.206e-14 	1.550e-11 
0.49245 	0.07599 	1.409e-04 	2.918e-08 	1.374e-04 	6.979e-12 	3.313e-04 	1.220e-14 	1.558e-11 
0.51255 	0.07909 	1.409e-04 	2.945e-08 	1.374e-04 	7.046e-12 	3.313e-04 	1.233e-14 	1.567e-11 
0.53265 	0.08219 	1.409e-04 	2.972e-08 	1.374e-04 	7.114e-12 	3.313e-04 	1.247e-14 	1.576e-11 
0.55275 	0.08529 	1.409e-04 	3.000e-08 	1.374e-04 	7.182e-12 	3.313e-04 	1.261e-14 	1.584e-11 
0.57285 	0.08839 	1.409e-04 	3.028e-08 	1.374e-04 	7.251e-12 	3.313e-04 	1.275e-14 	1.593e-11 
0.59295 	0.09149 	1.409e-04 	3.057e-08 	1.374e-04 	7.321e-12 	3.313e-04 	1.289e-14 	1.602e-11 
0.61305 	0.09459 	1.409e-04 	3.086e-08 	1.374e-04 	7.391e-12 	3.313e-04 	1.304e-14 	1.611e-11 
0.63315 	0.09770 	1.409e-04 	3.114e-08 	1.374e-04 	7.463e-12 	3.314e-04 	1.318e-14 	1.620e-11 
0.65325 	0.10080 	1.409e-04 	3.144e-08 	1.374e-04 	7.534e-12 	3.314e-04 	1.333e-14 	1.629e-11 
0.67335 	0.10390 	1.409e-04 	3.173e-08 	1.374e-04 	7.607e-12 	3.314e-04 	1.348e-14 	1.638e-11 
0.69345 	0.10700 	1.409e-04 	3.203e-08 	1.374e-04 	7.680e-12 	3.314e-04 	1.363e-14 	1.647e-11 
0.71355 	0.11010 	1.409e-04 	3.233e-08 	1.374e-04 	7.754e-12 	3.314e-04 	1.378e-14 	1.656e-11 
0.73365 	0.11320 	1.409e-04 	3.263e-08 	1.374e-04 	7.828e-12 	3.314e-04 	1.393e-14 	1.665e-11 
0.75375 	0.11630 	1.409e-04 	3.294e-08 	1.374e-04 	7.904e-12 	3.314e-04 	1.408e-14 	1.675e-11 
0.77385 	0.11941 	1.409e-04 	3.325e-08 	1.374e-04 	7.980e-12 	3.314e-04 	1.424e-14 	1.684e-11 
0.79395 	0.12251 	1.409e-04 	3.356e-08 	1.375e-04 	8.057e-12 	3.314e-04 	1.440e-14 	1.693e-11 
0.81405 	0.12561 	1.409e-04 	3.387e-08 	1.375e-04 	8.134e-12 	3.314e-04 	1.456e-14 	1.703e-11 
0.83415 	0.12871 	1.409e-04 	3.419e-08 	1.375e-04 	8.213e-12 	3.314e-04 	1.472e-14 	1.712e-11 
0.85425 	0.13181 	1.409e-04 	3.451e-08 	1.375e-04 	8.292e-12 	3.315e-04 	1.488e-14 	1.721e-11 
0.87435 	0.13491 	1.409e-04 	3.483e-08 	1.375e-04 	8.371e-12 	3.315e-04 	1.505e-14 	1.731e-11 
0.89445 	0.13801 	1.409e-04 	3.516e-08 	1.375e-04 	8.452e-12 	3.315e-04 	1.522e-14 	1.741e-11 
0.91455 	0.14112 	1.409e-04 	3.549e-08 	1.375e-04 	8.533e-12 	3.315e-04 	1.538e-14 	1.750e-11 
0.93465 	0.14422 	1.409e-04 	3.582e-08 	1.375e-04 	8.616e-12 	3.315e-04 	1.556e-14 	1.760e-11 
0.95475 	0.14732 	1.409e-04 	3.616e-08 	1.375e-04 	8.699e-12 	3.315e-04 	1.573e-14 	1.770e-11 
0.97485 	0.15042 	1.409e-04 	3.650e-08 	1.375e-04 	8.782e-12 	3.315e-04 	1.590e-14 	1.779e-11 
0.99495 	0.15352 	1.409e-04 	3.684e-08 	1.375e-04 	8.867e-12 	3.315e-04 	1.608e-14 	1.789e-11 
1.01505 	0.15662 	1.409e-04 	3.718e-08 	1.375e-04 	8.952e-12 	3.315e-04 	1.626e-14 	1.799e-11 
1.03515 	0.15972 	1.409e-04 	3.753e-08 	1.375e-04 	9.039e-12 	3.315e-04 	1.644e-14 	1.809e-11 
1.05525 	0.16283 	1.409e-04 	3.788e-08 	1.375e-04 	9.126e-12 	3.315e-04 	1.662e-14 	1.819e-11 
1.07535 	0.16593 	1.409e-04 	3.824e-08 	1.375e-04 	9.214e-12 	3.316e-04 	1.680e-14 	1.829e-11 
1.09545 	0.16903 	1.409e-04 	3.860e-08 	1.375e-04 	9.303e-12 	3.316e-04 	1.699e-14 	1.839e-11 
1.11555 	0.17213 	1.409e-04 	3.896e-08 	1.375e-04 	9.392e-12 	3.316e-04 	1.718e-14 	1.849e-11 
1.13565 	0.17523 	1.409e-04 	3.932e-08 	1.375e-04 	9.483e-12 	3.316e-04 	1.737e-14 	1.859e-11 
1.15575 	0.17833 	1.409e-04 	3.969e-08 	1.375e-04 	9.574e-12 	3.316e-04 	1.756e-14 	1.870e-11 
1.17585 	0.18143 	1.409e-04 	4.007e-08 	1.375e-04 	9.667e-12 	3.316e-04 	1.776e-14 	1.880e-11 
1.19595 	0.18454 	1.409e-04 	4.044e-08 	1.375e-04 	9.760e-12 	3.316e-04 	1.795e-14 	1.890e-11 
1.21605 	0.18764 	1.409e-04 	4.082e-08 	1.375e-04 	9.854e-12 	3.316e-04 	1.815e-14 	1.901e-11 
1.23615 	0.19074 	1.409e-04 	4.120e-08 	1.375e-04 	9.949e-12 	3.316e-04 	1.835e-14 	1.911e-11 
1.25625 	0.19384 	1.409e-04 	4.159e-08 	1.375e-04 	1.005e-11 	3.316e-04 	1.856e-14 	1.922e-11 
1.27635 	0.19694 	1.409e-04 	4.198e-08 	1.375e-04 	1.014e-11 	3.316e-04 	1.876e-14 	1.932e-11 
1.29645 	0.20004 	1.409e-04 	4.237e-08 	1.375e-04 	1.024e-11 	3.317e-04 	1.897e-14 	1.943e-11 
1.31655 	0.20314 	1.409e-04 	4.277e-08 	1.375e-04 	1.034e-11 	3.317e-04 	1.918e-14 	1.954e-11 
1.33665 	0.20625 	1.409e-04 	4.317e-08 	1.375e-04 	1.044e-11 	3.317e-04 	1.939e-14 	1.965e-11 
1.35675 	0.20935 	1.409e-04 	4.357e-08 	1.375e-04 	1.054e-11 	3.317e-04 	1.961e-14 	1.975e-11 
1.37685 	0.21245 	1.409e-04 	4.398e-08 	1.375e-04 	1.064e-11 	3.317e-04 	1.982e-14 	1.986e-11 
1.39695 	0.21555 	1.409e-04 	4.439e-08 	1.376e-04 	1.074e-11 	3.317e-04 	2.004e-14 	1.997e-11 
1.41705 	0.21865 	1.409e-04 	4.481e-08 	1.376e-04 	1.085e-11 	3.317e-04 	2.026e-14 	2.008e-11 
1.43715 	0.22175 	1.409e-04 	4.523e-08 	1.376e-04 	1.095e-11 	3.317e-04 	2.049e-14 	2.019e-11 
1.45725 	0.22485 	1.409e-04 	4.565e-08 	1.376e-04 	1.106e-11 	3.317e-04 	2.072e-14 	2.030e-11 
1.47735 	0.22796 	1.409e-04 	4.608e-08 	1.376e-04 	1.117e-11 	3.317e-04 	2.095e-14 	2.041e-11 
1.49745 	0.23106 	1.409e-04 	4.651e-08 	1.376e-04 	1.127e-11 	3.317e-04 	2.118e-14 	2.053e-11 
1.51755 	0.23416 	1.409e-04 	4.695e-08 	1.376e-04 	1.138e-11 	3.317e-04 	2.141e-14 	2.064e-11 
1.53765 	0.23726 	1.409e-04 	4.739e-08 	1.376e-04 	1.149e-11 	3.318e-04 	2.165e-14 	2.075e-11 
1.55775 	0.24036 	1.409e-04 	4.783e-08 	1.376e-04 	1.160e-11 	3.318e-04 	2.189e-14 	2.087e-11 
1.57785 	0.24346 	1.409e-04 	4.828e-08 	1.376e-04 	1.172e-11 	3.318e-04 	2.213e-14 	2.098e-11 
1.59795 	0.24656 	1.409e-04 	4.873e-08 	1.376e-04 	1.183e-11 	3.318e-04 	2.237e-14 	2.110e-11 
1.61805 	0.24967 	1.409e-04 	4.919e-08 	1.376e-04 	1.194e-11 	3.318e-04 	2.262e-14 	2.121e-11 
1.63815 	0.25277 	1.409e-04 	4.965e-08 	1.376e-04 	1.206e-11 	3.318e-04 	2.287e-14 	2.133e-11 
1.65825 	0.25587 	1.409e-04 	5.011e-08 	1.376e-04 	1.218e-11 	3.318e-04 	2.312e-14 	2.145e-11 
1.67835 	0.25897 	1.409e-04 	5.058e-08 	1.376e-04 	1.229e-11 	3.318e-04 	2.338e-14 	2.156e-11 
1.69845 	0.26207 	1.409e-04 	5.106e-08 	1.376e-04 	1.241e-11 	3.318e-04 	2.364e-14 	2.168e-11 
1.71855 	0.26517 	1.409e-04 	5.153e-08 	1.376e-04 	1.253e-11 	3.318e-04 	2.390e-14 	2.180e-11 
1.73865 	0.26827 	1.409e-04 	5.202e-08 	1.376e-04 	1.266e-11 	3.318e-04 	2.416e-14 	2.192e-11 
1.75875 	0.27138 	1.409e-04 	5.250e-08 	1.376e-04 	1.278e-11 	3.318e-04 	2.443e-14 	2.204e-11 
1.77885 	0.27448 	1.409e-04 	5.300e-08 	1.376e-04 	1.290e-11 	3.319e-04 	2.470e-14 	2.216e-11 
1.79895 	0.27758 	1.409e-04 	5.349e-08 	1.376e-04 	1.303e-11 	3.319e-04 	2.497e-14 	2.228e-11 
1.81905 	0.28068 	1.409e-04 	5.399e-08 	1.376e-04 	1.315e-11 	3.319e-04 	2.525e-14 	2.240e-11 
1.83915 	0.28378 	1.409e-04 	5.450e-08 	1.376e-04 	1.328e-11 	3.319e-04 	2.553e-14 	2.253e-11 
1.85925 	0.28688 	1.409e-04 	5.501e-08 	1.376e-04 	1.341e-11 	3.319e-04 	2.581e-14 	2.265e-11 
1.87935 	0.28998 	1.409e-04 	5.552e-08 	1.376e-04 	1.354e-11 	3.319e-04 	2.609e-14 	2.277e-11 
1.89945 	0.29309 	1.409e-04 	5.604e-08 	1.376e-04 	1.367e-11 	3.319e-04 	2.638e-14 	2.290e-11 
1.91955 	0.29619 	1.409e-04 	5.657e-08 	1.376e-04 	1.380e-11 	3.319e-04 	2.667e-14 	2.302e-11 
1.93965 	0.29929 	1.409e-04 	5.710e-08 	1.376e-04 	1.394e-11 	3.319e-04 	2.697e-14 	2.315e-11 
1.95975 	0.30239 	1.409e-04 	5.763e-08 	1.376e-04 	1.407e-11 	3.319e-04 	2.727e-14 	2.328e-11 
1.97985 	0.30549 	1.409e-04 	5.817e-08 	1.376e-04 	1.421e-11 	3.319e-04 	2.757e-14 	2.340e-11 
1.99995 	0.30859 	1.409e-04 	5.872e-08 	1.376e-04 	1.435e-11 	3.319e-04 	2.787e-14 	2.353e-11 
