n = 9.0e+03, Tgas =  15.0, Tdust =  15.0, Go =   1.0
pc 	Av 	e- 	C 	C+ 	CO 	O 	O2 	H2O 
0.01005 	0.13956 	1.178e-04 	2.205e-05 	1.178e-04 	1.043e-06 	3.406e-04 	5.147e-11 	9.829e-11 
0.03015 	0.41869 	9.914e-05 	3.719e-05 	9.912e-05 	2.305e-06 	3.378e-04 	8.710e-11 	1.511e-10 
0.05025 	0.69782 	7.563e-05 	5.298e-05 	7.560e-05 	4.523e-06 	3.311e-04 	1.642e-10 	2.669e-10 
0.07035 	0.97695 	5.169e-05 	6.364e-05 	5.167e-05 	7.727e-06 	3.187e-04 	3.752e-10 	5.540e-10 
0.09045 	1.25608 	3.160e-05 	6.630e-05 	3.158e-05 	1.144e-05 	3.019e-04 	1.087e-09 	1.343e-09 
0.11055 	1.53521 	1.734e-05 	6.295e-05 	1.732e-05 	1.489e-05 	2.846e-04 	3.836e-09 	3.697e-09 
0.13065 	1.81434 	8.581e-06 	5.739e-05 	8.565e-06 	1.752e-05 	2.698e-04 	1.446e-08 	1.097e-08 
0.15075 	2.09347 	3.794e-06 	5.099e-05 	3.778e-06 	1.955e-05 	2.556e-04 	4.941e-08 	3.279e-08 
0.17085 	2.37259 	1.427e-06 	4.111e-05 	1.413e-06 	2.188e-05 	2.291e-04 	1.393e-07 	9.315e-08 
0.19095 	2.65172 	4.616e-07 	2.550e-05 	4.469e-07 	2.521e-05 	1.599e-04 	3.138e-07 	2.176e-07 
0.21105 	2.93085 	2.299e-07 	1.453e-05 	2.112e-07 	2.744e-05 	6.678e-05 	3.778e-07 	2.766e-07 
0.23115 	3.20998 	2.118e-07 	1.236e-05 	1.902e-07 	2.781e-05 	2.486e-05 	2.015e-07 	2.052e-07 
0.25125 	3.48911 	2.307e-07 	1.384e-05 	2.087e-07 	2.742e-05 	1.116e-05 	7.276e-08 	1.307e-07 
0.27135 	3.76824 	2.540e-07 	1.679e-05 	2.327e-07 	2.674e-05 	5.888e-06 	2.315e-08 	8.101e-08 
0.29145 	4.04737 	2.738e-07 	2.014e-05 	2.534e-07 	2.596e-05 	3.467e-06 	7.521e-09 	5.066e-08 
0.31155 	4.32649 	2.884e-07 	2.313e-05 	2.688e-07 	2.524e-05 	2.196e-06 	2.688e-09 	3.258e-08 
0.33165 	4.60562 	2.974e-07 	2.510e-05 	2.784e-07 	2.471e-05 	1.468e-06 	1.100e-09 	2.190e-08 
0.35175 	4.88475 	3.010e-07 	2.558e-05 	2.823e-07 	2.447e-05 	1.027e-06 	5.292e-10 	1.563e-08 
0.37185 	5.16388 	2.997e-07 	2.444e-05 	2.810e-07 	2.454e-05 	7.529e-07 	3.029e-10 	1.195e-08 
0.39195 	5.44301 	2.948e-07 	2.195e-05 	2.758e-07 	2.488e-05 	5.778e-07 	2.054e-10 	9.786e-09 
0.41205 	5.72214 	2.877e-07 	1.870e-05 	2.683e-07 	2.537e-05 	4.641e-07 	1.613e-10 	8.506e-09 
0.43215 	6.00127 	2.801e-07 	1.529e-05 	2.602e-07 	2.590e-05 	3.892e-07 	1.419e-10 	7.743e-09 
0.45225 	6.28040 	2.731e-07 	1.215e-05 	2.526e-07 	2.640e-05 	3.392e-07 	1.351e-10 	7.284e-09 
0.47235 	6.55952 	2.671e-07 	9.493e-06 	2.460e-07 	2.681e-05 	3.057e-07 	1.351e-10 	7.004e-09 
0.49245 	6.83865 	2.623e-07 	7.375e-06 	2.407e-07 	2.715e-05 	2.829e-07 	1.386e-10 	6.832e-09 
0.51255 	7.11778 	2.587e-07 	5.748e-06 	2.367e-07 	2.740e-05 	2.674e-07 	1.436e-10 	6.725e-09 
0.53265 	7.39691 	2.559e-07 	4.529e-06 	2.336e-07 	2.759e-05 	2.567e-07 	1.489e-10 	6.657e-09 
0.55275 	7.67604 	2.539e-07 	3.630e-06 	2.313e-07 	2.774e-05 	2.494e-07 	1.539e-10 	6.614e-09 
0.57285 	7.95517 	2.525e-07 	2.974e-06 	2.297e-07 	2.784e-05 	2.442e-07 	1.582e-10 	6.587e-09 
0.59295 	8.23430 	2.514e-07 	2.499e-06 	2.285e-07 	2.791e-05 	2.407e-07 	1.617e-10 	6.568e-09 
0.61305 	8.51343 	2.507e-07 	2.156e-06 	2.276e-07 	2.797e-05 	2.381e-07 	1.645e-10 	6.556e-09 
0.63315 	8.79255 	2.501e-07 	1.909e-06 	2.270e-07 	2.801e-05 	2.364e-07 	1.666e-10 	6.548e-09 
0.65325 	9.07168 	2.497e-07 	1.731e-06 	2.265e-07 	2.803e-05 	2.351e-07 	1.682e-10 	6.543e-09 
0.67335 	9.35081 	2.494e-07 	1.604e-06 	2.262e-07 	2.805e-05 	2.342e-07 	1.694e-10 	6.539e-09 
0.69345 	9.62994 	2.492e-07 	1.513e-06 	2.260e-07 	2.807e-05 	2.336e-07 	1.702e-10 	6.537e-09 
0.71355 	9.90907 	2.491e-07 	1.448e-06 	2.258e-07 	2.808e-05 	2.331e-07 	1.709e-10 	6.535e-09 
0.73365 	10.18820 	2.490e-07 	1.401e-06 	2.257e-07 	2.809e-05 	2.328e-07 	1.713e-10 	6.534e-09 
0.75375 	10.46733 	2.489e-07 	1.367e-06 	2.256e-07 	2.809e-05 	2.326e-07 	1.717e-10 	6.533e-09 
0.77385 	10.74645 	2.489e-07 	1.343e-06 	2.256e-07 	2.810e-05 	2.324e-07 	1.719e-10 	6.532e-09 
0.79395 	11.02558 	2.488e-07 	1.326e-06 	2.255e-07 	2.810e-05 	2.323e-07 	1.721e-10 	6.532e-09 
0.81405 	11.30471 	2.488e-07 	1.314e-06 	2.255e-07 	2.810e-05 	2.322e-07 	1.722e-10 	6.532e-09 
0.83415 	11.58384 	2.488e-07 	1.305e-06 	2.255e-07 	2.810e-05 	2.322e-07 	1.723e-10 	6.532e-09 
0.85425 	11.86297 	2.488e-07 	1.299e-06 	2.255e-07 	2.810e-05 	2.321e-07 	1.724e-10 	6.531e-09 
0.87435 	12.14210 	2.487e-07 	1.294e-06 	2.254e-07 	2.810e-05 	2.321e-07 	1.724e-10 	6.531e-09 
0.89445 	12.42123 	2.487e-07 	1.291e-06 	2.254e-07 	2.810e-05 	2.321e-07 	1.725e-10 	6.531e-09 
0.91455 	12.70036 	2.487e-07 	1.289e-06 	2.254e-07 	2.810e-05 	2.321e-07 	1.725e-10 	6.531e-09 
0.93465 	12.97948 	2.487e-07 	1.287e-06 	2.254e-07 	2.810e-05 	2.321e-07 	1.725e-10 	6.531e-09 
0.95475 	13.25861 	2.487e-07 	1.286e-06 	2.254e-07 	2.810e-05 	2.321e-07 	1.725e-10 	6.531e-09 
0.97485 	13.53774 	2.487e-07 	1.285e-06 	2.254e-07 	2.810e-05 	2.320e-07 	1.725e-10 	6.531e-09 
0.99495 	13.81687 	2.487e-07 	1.285e-06 	2.254e-07 	2.810e-05 	2.320e-07 	1.725e-10 	6.531e-09 
1.01505 	14.09600 	2.487e-07 	1.284e-06 	2.254e-07 	2.810e-05 	2.320e-07 	1.725e-10 	6.531e-09 
1.03515 	14.37513 	2.487e-07 	1.284e-06 	2.254e-07 	2.810e-05 	2.320e-07 	1.725e-10 	6.531e-09 
1.05525 	14.65426 	2.487e-07 	1.284e-06 	2.254e-07 	2.810e-05 	2.320e-07 	1.725e-10 	6.531e-09 
1.07535 	14.93339 	2.487e-07 	1.283e-06 	2.254e-07 	2.810e-05 	2.320e-07 	1.725e-10 	6.531e-09 
1.09545 	15.21251 	2.487e-07 	1.283e-06 	2.254e-07 	2.810e-05 	2.320e-07 	1.725e-10 	6.531e-09 
1.11555 	15.49164 	2.487e-07 	1.283e-06 	2.254e-07 	2.810e-05 	2.320e-07 	1.725e-10 	6.531e-09 
1.13565 	15.77077 	2.487e-07 	1.283e-06 	2.254e-07 	2.810e-05 	2.320e-07 	1.725e-10 	6.531e-09 
1.15575 	16.04990 	2.487e-07 	1.283e-06 	2.254e-07 	2.810e-05 	2.320e-07 	1.725e-10 	6.531e-09 
1.17585 	16.32903 	2.487e-07 	1.283e-06 	2.254e-07 	2.810e-05 	2.320e-07 	1.725e-10 	6.531e-09 
1.19595 	16.60816 	2.487e-07 	1.283e-06 	2.254e-07 	2.810e-05 	2.320e-07 	1.725e-10 	6.531e-09 
1.21605 	16.88729 	2.487e-07 	1.283e-06 	2.254e-07 	2.810e-05 	2.320e-07 	1.725e-10 	6.531e-09 
1.23615 	17.16642 	2.487e-07 	1.283e-06 	2.254e-07 	2.810e-05 	2.320e-07 	1.725e-10 	6.531e-09 
1.25625 	17.44554 	2.487e-07 	1.283e-06 	2.254e-07 	2.810e-05 	2.320e-07 	1.725e-10 	6.531e-09 
1.27635 	17.72467 	2.487e-07 	1.283e-06 	2.254e-07 	2.810e-05 	2.320e-07 	1.725e-10 	6.531e-09 
1.29645 	18.00380 	2.487e-07 	1.283e-06 	2.254e-07 	2.810e-05 	2.320e-07 	1.725e-10 	6.531e-09 
1.31655 	18.28293 	2.487e-07 	1.283e-06 	2.254e-07 	2.810e-05 	2.320e-07 	1.725e-10 	6.531e-09 
1.33665 	18.56206 	2.487e-07 	1.283e-06 	2.254e-07 	2.810e-05 	2.320e-07 	1.725e-10 	6.531e-09 
1.35675 	18.84119 	2.487e-07 	1.283e-06 	2.254e-07 	2.810e-05 	2.320e-07 	1.725e-10 	6.531e-09 
1.37685 	19.12032 	2.487e-07 	1.283e-06 	2.254e-07 	2.810e-05 	2.320e-07 	1.725e-10 	6.531e-09 
1.39695 	19.39944 	2.487e-07 	1.283e-06 	2.254e-07 	2.810e-05 	2.320e-07 	1.725e-10 	6.531e-09 
1.41705 	19.67857 	2.487e-07 	1.283e-06 	2.254e-07 	2.810e-05 	2.320e-07 	1.725e-10 	6.531e-09 
1.43715 	19.95770 	2.487e-07 	1.283e-06 	2.254e-07 	2.810e-05 	2.320e-07 	1.725e-10 	6.531e-09 
1.45725 	20.23683 	2.487e-07 	1.283e-06 	2.254e-07 	2.810e-05 	2.320e-07 	1.725e-10 	6.531e-09 
1.47735 	20.51596 	2.487e-07 	1.283e-06 	2.254e-07 	2.810e-05 	2.320e-07 	1.725e-10 	6.531e-09 
1.49745 	20.79509 	2.487e-07 	1.283e-06 	2.254e-07 	2.810e-05 	2.320e-07 	1.725e-10 	6.531e-09 
1.51755 	21.07422 	2.487e-07 	1.283e-06 	2.254e-07 	2.810e-05 	2.320e-07 	1.725e-10 	6.531e-09 
1.53765 	21.35335 	2.487e-07 	1.283e-06 	2.254e-07 	2.810e-05 	2.320e-07 	1.725e-10 	6.531e-09 
1.55775 	21.63247 	2.487e-07 	1.283e-06 	2.254e-07 	2.810e-05 	2.320e-07 	1.725e-10 	6.531e-09 
1.57785 	21.91160 	2.487e-07 	1.283e-06 	2.254e-07 	2.810e-05 	2.320e-07 	1.725e-10 	6.531e-09 
1.59795 	22.19073 	2.487e-07 	1.283e-06 	2.254e-07 	2.810e-05 	2.320e-07 	1.725e-10 	6.531e-09 
1.61805 	22.46986 	2.487e-07 	1.283e-06 	2.254e-07 	2.810e-05 	2.320e-07 	1.725e-10 	6.531e-09 
1.63815 	22.74899 	2.487e-07 	1.283e-06 	2.254e-07 	2.810e-05 	2.320e-07 	1.725e-10 	6.531e-09 
1.65825 	23.02812 	2.487e-07 	1.283e-06 	2.254e-07 	2.810e-05 	2.320e-07 	1.725e-10 	6.531e-09 
1.67835 	23.30725 	2.487e-07 	1.283e-06 	2.254e-07 	2.810e-05 	2.320e-07 	1.725e-10 	6.531e-09 
1.69845 	23.58638 	2.487e-07 	1.283e-06 	2.254e-07 	2.810e-05 	2.320e-07 	1.725e-10 	6.531e-09 
1.71855 	23.86550 	2.487e-07 	1.283e-06 	2.254e-07 	2.810e-05 	2.320e-07 	1.725e-10 	6.531e-09 
1.73865 	24.14463 	2.487e-07 	1.283e-06 	2.254e-07 	2.810e-05 	2.320e-07 	1.725e-10 	6.531e-09 
1.75875 	24.42376 	2.487e-07 	1.283e-06 	2.254e-07 	2.810e-05 	2.320e-07 	1.725e-10 	6.531e-09 
1.77885 	24.70289 	2.487e-07 	1.283e-06 	2.254e-07 	2.810e-05 	2.320e-07 	1.725e-10 	6.531e-09 
1.79895 	24.98202 	2.487e-07 	1.283e-06 	2.254e-07 	2.810e-05 	2.320e-07 	1.725e-10 	6.531e-09 
1.81905 	25.26115 	2.487e-07 	1.283e-06 	2.254e-07 	2.810e-05 	2.320e-07 	1.725e-10 	6.531e-09 
1.83915 	25.54028 	2.487e-07 	1.283e-06 	2.254e-07 	2.810e-05 	2.320e-07 	1.725e-10 	6.531e-09 
1.85925 	25.81940 	2.487e-07 	1.283e-06 	2.254e-07 	2.810e-05 	2.320e-07 	1.725e-10 	6.531e-09 
1.87935 	26.09853 	2.487e-07 	1.283e-06 	2.254e-07 	2.810e-05 	2.320e-07 	1.725e-10 	6.531e-09 
1.89945 	26.37766 	2.487e-07 	1.283e-06 	2.254e-07 	2.810e-05 	2.320e-07 	1.725e-10 	6.531e-09 
1.91955 	26.65679 	2.487e-07 	1.283e-06 	2.254e-07 	2.810e-05 	2.320e-07 	1.725e-10 	6.531e-09 
1.93965 	26.93592 	2.487e-07 	1.283e-06 	2.254e-07 	2.810e-05 	2.320e-07 	1.725e-10 	6.531e-09 
1.95975 	27.21505 	2.487e-07 	1.283e-06 	2.254e-07 	2.810e-05 	2.320e-07 	1.725e-10 	6.531e-09 
1.97985 	27.49418 	2.487e-07 	1.283e-06 	2.254e-07 	2.810e-05 	2.320e-07 	1.725e-10 	6.531e-09 
1.99995 	27.77331 	2.487e-07 	1.283e-06 	2.254e-07 	2.810e-05 	2.320e-07 	1.725e-10 	6.531e-09 
