n = 1.1e+04, Tgas =  15.0, Tdust =  15.0, Go =   1.0
pc 	Av 	e- 	C 	C+ 	CO 	O 	O2 	H2O 
0.01005 	0.17058 	1.115e-04 	2.675e-05 	1.115e-04 	1.564e-06 	3.390e-04 	5.982e-11 	9.732e-11 
0.03015 	0.51174 	8.492e-05 	4.550e-05 	8.490e-05 	3.794e-06 	3.323e-04 	1.161e-10 	1.771e-10 
0.05025 	0.85289 	5.467e-05 	5.893e-05 	5.465e-05 	7.472e-06 	3.166e-04 	2.886e-10 	4.133e-10 
0.07035 	1.19405 	2.945e-05 	6.037e-05 	2.944e-05 	1.175e-05 	2.937e-04 	1.053e-09 	1.246e-09 
0.09045 	1.53521 	1.344e-05 	5.431e-05 	1.342e-05 	1.521e-05 	2.719e-04 	5.272e-09 	4.569e-09 
0.11055 	1.87637 	5.281e-06 	4.741e-05 	5.267e-06 	1.734e-05 	2.554e-04 	2.679e-08 	1.794e-08 
0.13065 	2.21752 	1.721e-06 	3.901e-05 	1.708e-06 	1.909e-05 	2.333e-04 	1.042e-07 	6.632e-08 
0.15075 	2.55868 	4.329e-07 	2.344e-05 	4.197e-07 	2.187e-05 	1.624e-04 	2.947e-07 	1.979e-07 
0.17085 	2.89984 	1.844e-07 	1.191e-05 	1.662e-07 	2.383e-05 	5.301e-05 	3.556e-07 	2.575e-07 
0.19095 	3.24099 	1.788e-07 	1.096e-05 	1.579e-07 	2.390e-05 	1.589e-05 	1.387e-07 	1.646e-07 
0.21105 	3.58215 	1.998e-07 	1.379e-05 	1.792e-07 	2.331e-05 	6.385e-06 	3.455e-08 	9.193e-08 
0.23115 	3.92331 	2.197e-07 	1.792e-05 	2.003e-07 	2.250e-05 	3.147e-06 	8.049e-09 	5.106e-08 
0.25125 	4.26447 	2.338e-07 	2.183e-05 	2.155e-07 	2.170e-05 	1.759e-06 	2.122e-09 	2.931e-08 
0.27135 	4.60562 	2.419e-07 	2.436e-05 	2.243e-07 	2.113e-05 	1.067e-06 	6.869e-10 	1.790e-08 
0.29145 	4.94678 	2.440e-07 	2.465e-05 	2.267e-07 	2.092e-05 	6.926e-07 	2.849e-10 	1.196e-08 
0.31155 	5.28794 	2.408e-07 	2.261e-05 	2.234e-07 	2.109e-05 	4.802e-07 	1.539e-10 	8.858e-09 
0.33165 	5.62910 	2.343e-07 	1.897e-05 	2.165e-07 	2.153e-05 	3.564e-07 	1.060e-10 	7.237e-09 
0.35175 	5.97025 	2.269e-07 	1.486e-05 	2.084e-07 	2.205e-05 	2.826e-07 	8.818e-11 	6.382e-09 
0.37185 	6.31141 	2.201e-07 	1.112e-05 	2.008e-07 	2.254e-05 	2.379e-07 	8.309e-11 	5.924e-09 
0.39195 	6.65257 	2.147e-07 	8.133e-06 	1.947e-07 	2.293e-05 	2.106e-07 	8.383e-11 	5.675e-09 
0.41205 	6.99372 	2.107e-07 	5.919e-06 	1.901e-07 	2.321e-05 	1.937e-07 	8.707e-11 	5.539e-09 
0.43215 	7.33488 	2.079e-07 	4.354e-06 	1.869e-07 	2.341e-05 	1.831e-07 	9.100e-11 	5.462e-09 
0.45225 	7.67604 	2.060e-07 	3.278e-06 	1.847e-07 	2.355e-05 	1.765e-07 	9.469e-11 	5.418e-09 
0.47235 	8.01720 	2.047e-07 	2.548e-06 	1.831e-07 	2.365e-05 	1.722e-07 	9.774e-11 	5.393e-09 
0.49245 	8.35835 	2.038e-07 	2.058e-06 	1.821e-07 	2.371e-05 	1.694e-07 	1.001e-10 	5.378e-09 
0.51255 	8.69951 	2.032e-07 	1.730e-06 	1.814e-07 	2.375e-05 	1.676e-07 	1.018e-10 	5.369e-09 
0.53265 	9.04067 	2.028e-07 	1.511e-06 	1.810e-07 	2.378e-05 	1.665e-07 	1.030e-10 	5.364e-09 
0.55275 	9.38183 	2.026e-07 	1.365e-06 	1.807e-07 	2.380e-05 	1.657e-07 	1.039e-10 	5.360e-09 
0.57285 	9.72298 	2.024e-07 	1.268e-06 	1.805e-07 	2.381e-05 	1.652e-07 	1.045e-10 	5.358e-09 
0.59295 	10.06414 	2.023e-07 	1.204e-06 	1.803e-07 	2.382e-05 	1.649e-07 	1.049e-10 	5.357e-09 
0.61305 	10.40530 	2.022e-07 	1.161e-06 	1.803e-07 	2.383e-05 	1.647e-07 	1.051e-10 	5.356e-09 
0.63315 	10.74645 	2.022e-07 	1.133e-06 	1.802e-07 	2.383e-05 	1.645e-07 	1.053e-10 	5.355e-09 
0.65325 	11.08761 	2.022e-07 	1.114e-06 	1.802e-07 	2.383e-05 	1.644e-07 	1.054e-10 	5.355e-09 
0.67335 	11.42877 	2.021e-07 	1.101e-06 	1.801e-07 	2.384e-05 	1.644e-07 	1.055e-10 	5.355e-09 
0.69345 	11.76993 	2.021e-07 	1.093e-06 	1.801e-07 	2.384e-05 	1.643e-07 	1.056e-10 	5.354e-09 
0.71355 	12.11108 	2.021e-07 	1.087e-06 	1.801e-07 	2.384e-05 	1.643e-07 	1.056e-10 	5.354e-09 
0.73365 	12.45224 	2.021e-07 	1.084e-06 	1.801e-07 	2.384e-05 	1.643e-07 	1.056e-10 	5.354e-09 
0.75375 	12.79340 	2.021e-07 	1.081e-06 	1.801e-07 	2.384e-05 	1.643e-07 	1.056e-10 	5.354e-09 
0.77385 	13.13456 	2.021e-07 	1.080e-06 	1.801e-07 	2.384e-05 	1.643e-07 	1.057e-10 	5.354e-09 
0.79395 	13.47571 	2.021e-07 	1.079e-06 	1.801e-07 	2.384e-05 	1.643e-07 	1.057e-10 	5.354e-09 
0.81405 	13.81687 	2.021e-07 	1.078e-06 	1.801e-07 	2.384e-05 	1.642e-07 	1.057e-10 	5.354e-09 
0.83415 	14.15803 	2.021e-07 	1.077e-06 	1.801e-07 	2.384e-05 	1.642e-07 	1.057e-10 	5.354e-09 
0.85425 	14.49919 	2.021e-07 	1.077e-06 	1.801e-07 	2.384e-05 	1.642e-07 	1.057e-10 	5.354e-09 
0.87435 	14.84034 	2.021e-07 	1.077e-06 	1.801e-07 	2.384e-05 	1.642e-07 	1.057e-10 	5.354e-09 
0.89445 	15.18150 	2.021e-07 	1.077e-06 	1.801e-07 	2.384e-05 	1.642e-07 	1.057e-10 	5.354e-09 
0.91455 	15.52266 	2.021e-07 	1.077e-06 	1.801e-07 	2.384e-05 	1.642e-07 	1.057e-10 	5.354e-09 
0.93465 	15.86381 	2.021e-07 	1.077e-06 	1.801e-07 	2.384e-05 	1.642e-07 	1.057e-10 	5.354e-09 
0.95475 	16.20497 	2.021e-07 	1.077e-06 	1.801e-07 	2.384e-05 	1.642e-07 	1.057e-10 	5.354e-09 
0.97485 	16.54613 	2.021e-07 	1.077e-06 	1.801e-07 	2.384e-05 	1.642e-07 	1.057e-10 	5.354e-09 
0.99495 	16.88729 	2.021e-07 	1.077e-06 	1.801e-07 	2.384e-05 	1.642e-07 	1.057e-10 	5.354e-09 
1.01505 	17.22844 	2.021e-07 	1.077e-06 	1.801e-07 	2.384e-05 	1.642e-07 	1.057e-10 	5.354e-09 
1.03515 	17.56960 	2.021e-07 	1.077e-06 	1.801e-07 	2.384e-05 	1.642e-07 	1.057e-10 	5.354e-09 
1.05525 	17.91076 	2.021e-07 	1.077e-06 	1.801e-07 	2.384e-05 	1.642e-07 	1.057e-10 	5.354e-09 
1.07535 	18.25192 	2.021e-07 	1.077e-06 	1.801e-07 	2.384e-05 	1.642e-07 	1.057e-10 	5.354e-09 
1.09545 	18.59307 	2.021e-07 	1.077e-06 	1.801e-07 	2.384e-05 	1.642e-07 	1.057e-10 	5.354e-09 
1.11555 	18.93423 	2.021e-07 	1.077e-06 	1.801e-07 	2.384e-05 	1.642e-07 	1.057e-10 	5.354e-09 
1.13565 	19.27539 	2.021e-07 	1.077e-06 	1.801e-07 	2.384e-05 	1.642e-07 	1.057e-10 	5.354e-09 
1.15575 	19.61654 	2.021e-07 	1.077e-06 	1.801e-07 	2.384e-05 	1.642e-07 	1.057e-10 	5.354e-09 
1.17585 	19.95770 	2.021e-07 	1.077e-06 	1.801e-07 	2.384e-05 	1.642e-07 	1.057e-10 	5.354e-09 
1.19595 	20.29886 	2.021e-07 	1.077e-06 	1.801e-07 	2.384e-05 	1.642e-07 	1.057e-10 	5.354e-09 
1.21605 	20.64002 	2.021e-07 	1.077e-06 	1.801e-07 	2.384e-05 	1.642e-07 	1.057e-10 	5.354e-09 
1.23615 	20.98117 	2.021e-07 	1.077e-06 	1.801e-07 	2.384e-05 	1.642e-07 	1.057e-10 	5.354e-09 
1.25625 	21.32233 	2.021e-07 	1.077e-06 	1.801e-07 	2.384e-05 	1.642e-07 	1.057e-10 	5.354e-09 
1.27635 	21.66349 	2.021e-07 	1.077e-06 	1.801e-07 	2.384e-05 	1.642e-07 	1.057e-10 	5.354e-09 
1.29645 	22.00465 	2.021e-07 	1.077e-06 	1.801e-07 	2.384e-05 	1.642e-07 	1.057e-10 	5.354e-09 
1.31655 	22.34580 	2.021e-07 	1.077e-06 	1.801e-07 	2.384e-05 	1.642e-07 	1.057e-10 	5.354e-09 
1.33665 	22.68696 	2.021e-07 	1.077e-06 	1.801e-07 	2.384e-05 	1.642e-07 	1.057e-10 	5.354e-09 
1.35675 	23.02812 	2.021e-07 	1.077e-06 	1.801e-07 	2.384e-05 	1.642e-07 	1.057e-10 	5.354e-09 
1.37685 	23.36928 	2.021e-07 	1.077e-06 	1.801e-07 	2.384e-05 	1.642e-07 	1.057e-10 	5.354e-09 
1.39695 	23.71043 	2.021e-07 	1.077e-06 	1.801e-07 	2.384e-05 	1.642e-07 	1.057e-10 	5.354e-09 
1.41705 	24.05159 	2.021e-07 	1.077e-06 	1.801e-07 	2.384e-05 	1.642e-07 	1.057e-10 	5.354e-09 
1.43715 	24.39275 	2.021e-07 	1.077e-06 	1.801e-07 	2.384e-05 	1.642e-07 	1.057e-10 	5.354e-09 
1.45725 	24.73390 	2.021e-07 	1.077e-06 	1.801e-07 	2.384e-05 	1.642e-07 	1.057e-10 	5.354e-09 
1.47735 	25.07506 	2.021e-07 	1.077e-06 	1.801e-07 	2.384e-05 	1.642e-07 	1.057e-10 	5.354e-09 
1.49745 	25.41622 	2.021e-07 	1.077e-06 	1.801e-07 	2.384e-05 	1.642e-07 	1.057e-10 	5.354e-09 
1.51755 	25.75738 	2.021e-07 	1.077e-06 	1.801e-07 	2.384e-05 	1.642e-07 	1.057e-10 	5.354e-09 
1.53765 	26.09853 	2.021e-07 	1.077e-06 	1.801e-07 	2.384e-05 	1.642e-07 	1.057e-10 	5.354e-09 
1.55775 	26.43969 	2.021e-07 	1.077e-06 	1.801e-07 	2.384e-05 	1.642e-07 	1.057e-10 	5.354e-09 
1.57785 	26.78085 	2.021e-07 	1.077e-06 	1.801e-07 	2.384e-05 	1.642e-07 	1.057e-10 	5.354e-09 
1.59795 	27.12201 	2.021e-07 	1.077e-06 	1.801e-07 	2.384e-05 	1.642e-07 	1.057e-10 	5.354e-09 
1.61805 	27.46316 	2.021e-07 	1.077e-06 	1.801e-07 	2.384e-05 	1.642e-07 	1.057e-10 	5.354e-09 
1.63815 	27.80432 	2.021e-07 	1.077e-06 	1.801e-07 	2.384e-05 	1.642e-07 	1.057e-10 	5.354e-09 
1.65825 	28.14548 	2.021e-07 	1.077e-06 	1.801e-07 	2.384e-05 	1.642e-07 	1.057e-10 	5.354e-09 
1.67835 	28.48663 	2.021e-07 	1.077e-06 	1.801e-07 	2.384e-05 	1.642e-07 	1.057e-10 	5.354e-09 
1.69845 	28.82779 	2.021e-07 	1.077e-06 	1.801e-07 	2.384e-05 	1.642e-07 	1.057e-10 	5.354e-09 
1.71855 	29.16895 	2.021e-07 	1.077e-06 	1.801e-07 	2.384e-05 	1.642e-07 	1.057e-10 	5.354e-09 
1.73865 	29.51011 	2.021e-07 	1.077e-06 	1.801e-07 	2.384e-05 	1.642e-07 	1.057e-10 	5.354e-09 
1.75875 	29.85126 	2.021e-07 	1.077e-06 	1.801e-07 	2.384e-05 	1.642e-07 	1.057e-10 	5.354e-09 
1.77885 	30.19242 	2.021e-07 	1.077e-06 	1.801e-07 	2.384e-05 	1.642e-07 	1.057e-10 	5.354e-09 
1.79895 	30.53358 	2.021e-07 	1.077e-06 	1.801e-07 	2.384e-05 	1.642e-07 	1.057e-10 	5.354e-09 
1.81905 	30.87474 	2.021e-07 	1.077e-06 	1.801e-07 	2.384e-05 	1.642e-07 	1.057e-10 	5.354e-09 
1.83915 	31.21589 	2.021e-07 	1.077e-06 	1.801e-07 	2.384e-05 	1.642e-07 	1.057e-10 	5.354e-09 
1.85925 	31.55705 	2.021e-07 	1.077e-06 	1.801e-07 	2.384e-05 	1.642e-07 	1.057e-10 	5.354e-09 
1.87935 	31.89821 	2.021e-07 	1.077e-06 	1.801e-07 	2.384e-05 	1.642e-07 	1.057e-10 	5.354e-09 
1.89945 	32.23936 	2.021e-07 	1.077e-06 	1.801e-07 	2.384e-05 	1.642e-07 	1.057e-10 	5.354e-09 
1.91955 	32.58052 	2.021e-07 	1.077e-06 	1.801e-07 	2.384e-05 	1.642e-07 	1.057e-10 	5.354e-09 
1.93965 	32.92168 	2.021e-07 	1.077e-06 	1.801e-07 	2.384e-05 	1.642e-07 	1.057e-10 	5.354e-09 
1.95975 	33.26284 	2.021e-07 	1.077e-06 	1.801e-07 	2.384e-05 	1.642e-07 	1.057e-10 	5.354e-09 
1.97985 	33.60399 	2.021e-07 	1.077e-06 	1.801e-07 	2.384e-05 	1.642e-07 	1.057e-10 	5.354e-09 
1.99995 	33.94515 	2.021e-07 	1.077e-06 	1.801e-07 	2.384e-05 	1.642e-07 	1.057e-10 	5.354e-09 
