n = 1.0e+03, Tgas =  12.0, Tdust =  12.0, Go = 100.0
pc 	Av 	e- 	C 	C+ 	CO 	O 	O2 	H2O 
0.01005 	0.01551 	1.404e-04 	2.655e-08 	1.401e-04 	5.506e-12 	3.375e-04 	9.768e-16 	1.413e-12 
0.03015 	0.04652 	1.404e-04 	2.916e-08 	1.401e-04 	6.036e-12 	3.376e-04 	1.088e-15 	1.493e-12 
0.05025 	0.07754 	1.405e-04 	3.202e-08 	1.402e-04 	6.617e-12 	3.378e-04 	1.212e-15 	1.578e-12 
0.07035 	0.10855 	1.405e-04 	3.515e-08 	1.402e-04 	7.254e-12 	3.379e-04 	1.350e-15 	1.667e-12 
0.09045 	0.13956 	1.405e-04 	3.860e-08 	1.403e-04 	7.952e-12 	3.380e-04 	1.503e-15 	1.762e-12 
0.11055 	0.17058 	1.406e-04 	4.238e-08 	1.403e-04 	8.717e-12 	3.381e-04 	1.675e-15 	1.861e-12 
0.13065 	0.20159 	1.406e-04 	4.654e-08 	1.403e-04 	9.555e-12 	3.382e-04 	1.865e-15 	1.966e-12 
0.15075 	0.23261 	1.407e-04 	5.109e-08 	1.404e-04 	1.048e-11 	3.383e-04 	2.077e-15 	2.076e-12 
0.17085 	0.26362 	1.407e-04 	5.610e-08 	1.404e-04 	1.148e-11 	3.384e-04 	2.313e-15 	2.192e-12 
0.19095 	0.29464 	1.407e-04 	6.159e-08 	1.404e-04 	1.259e-11 	3.385e-04 	2.576e-15 	2.315e-12 
0.21105 	0.32565 	1.407e-04 	6.761e-08 	1.405e-04 	1.381e-11 	3.385e-04 	2.869e-15 	2.444e-12 
0.23115 	0.35666 	1.408e-04 	7.423e-08 	1.405e-04 	1.514e-11 	3.386e-04 	3.195e-15 	2.580e-12 
0.25125 	0.38768 	1.408e-04 	8.148e-08 	1.405e-04 	1.660e-11 	3.387e-04 	3.558e-15 	2.724e-12 
0.27135 	0.41869 	1.408e-04 	8.945e-08 	1.406e-04 	1.821e-11 	3.388e-04 	3.963e-15 	2.875e-12 
0.29145 	0.44971 	1.408e-04 	9.819e-08 	1.406e-04 	1.998e-11 	3.388e-04 	4.413e-15 	3.035e-12 
0.31155 	0.48072 	1.409e-04 	1.078e-07 	1.406e-04 	2.192e-11 	3.389e-04 	4.914e-15 	3.203e-12 
0.33165 	0.51174 	1.409e-04 	1.183e-07 	1.406e-04 	2.406e-11 	3.390e-04 	5.473e-15 	3.380e-12 
0.35175 	0.54275 	1.409e-04 	1.299e-07 	1.406e-04 	2.640e-11 	3.390e-04 	6.094e-15 	3.567e-12 
0.37185 	0.57376 	1.409e-04 	1.425e-07 	1.407e-04 	2.898e-11 	3.391e-04 	6.786e-15 	3.764e-12 
0.39195 	0.60478 	1.409e-04 	1.565e-07 	1.407e-04 	3.182e-11 	3.392e-04 	7.557e-15 	3.971e-12 
0.41205 	0.63579 	1.409e-04 	1.717e-07 	1.407e-04 	3.494e-11 	3.392e-04 	8.414e-15 	4.190e-12 
0.43215 	0.66681 	1.409e-04 	1.885e-07 	1.407e-04 	3.838e-11 	3.393e-04 	9.369e-15 	4.421e-12 
0.45225 	0.69782 	1.409e-04 	2.068e-07 	1.407e-04 	4.217e-11 	3.393e-04 	1.043e-14 	4.664e-12 
0.47235 	0.72884 	1.409e-04 	2.270e-07 	1.407e-04 	4.634e-11 	3.394e-04 	1.162e-14 	4.920e-12 
0.49245 	0.75985 	1.409e-04 	2.491e-07 	1.407e-04 	5.093e-11 	3.394e-04 	1.293e-14 	5.190e-12 
0.51255 	0.79086 	1.409e-04 	2.734e-07 	1.407e-04 	5.600e-11 	3.395e-04 	1.440e-14 	5.474e-12 
0.53265 	0.82188 	1.409e-04 	3.000e-07 	1.407e-04 	6.158e-11 	3.395e-04 	1.603e-14 	5.774e-12 
0.55275 	0.85289 	1.409e-04 	3.291e-07 	1.407e-04 	6.773e-11 	3.396e-04 	1.785e-14 	6.090e-12 
0.57285 	0.88391 	1.409e-04 	3.611e-07 	1.407e-04 	7.453e-11 	3.396e-04 	1.987e-14 	6.423e-12 
0.59295 	0.91492 	1.409e-04 	3.962e-07 	1.406e-04 	8.202e-11 	3.396e-04 	2.212e-14 	6.775e-12 
0.61305 	0.94594 	1.408e-04 	4.347e-07 	1.406e-04 	9.029e-11 	3.397e-04 	2.463e-14 	7.145e-12 
0.63315 	0.97695 	1.408e-04 	4.769e-07 	1.406e-04 	9.943e-11 	3.397e-04 	2.742e-14 	7.535e-12 
0.65325 	1.00796 	1.408e-04 	5.231e-07 	1.406e-04 	1.095e-10 	3.397e-04 	3.052e-14 	7.947e-12 
0.67335 	1.03898 	1.408e-04 	5.738e-07 	1.405e-04 	1.207e-10 	3.398e-04 	3.397e-14 	8.381e-12 
0.69345 	1.06999 	1.407e-04 	6.294e-07 	1.405e-04 	1.330e-10 	3.398e-04 	3.781e-14 	8.838e-12 
0.71355 	1.10101 	1.407e-04 	6.903e-07 	1.404e-04 	1.466e-10 	3.398e-04 	4.208e-14 	9.321e-12 
0.73365 	1.13202 	1.406e-04 	7.570e-07 	1.404e-04 	1.617e-10 	3.399e-04 	4.684e-14 	9.830e-12 
0.75375 	1.16304 	1.405e-04 	8.301e-07 	1.403e-04 	1.783e-10 	3.399e-04 	5.213e-14 	1.037e-11 
0.77385 	1.19405 	1.405e-04 	9.102e-07 	1.402e-04 	1.968e-10 	3.399e-04 	5.801e-14 	1.093e-11 
0.79395 	1.22506 	1.404e-04 	9.979e-07 	1.402e-04 	2.172e-10 	3.399e-04 	6.456e-14 	1.153e-11 
0.81405 	1.25608 	1.403e-04 	1.094e-06 	1.401e-04 	2.398e-10 	3.400e-04 	7.184e-14 	1.216e-11 
0.83415 	1.28709 	1.402e-04 	1.199e-06 	1.400e-04 	2.648e-10 	3.400e-04 	7.994e-14 	1.282e-11 
0.85425 	1.31811 	1.401e-04 	1.314e-06 	1.399e-04 	2.925e-10 	3.400e-04 	8.895e-14 	1.352e-11 
0.87435 	1.34912 	1.400e-04 	1.440e-06 	1.398e-04 	3.232e-10 	3.401e-04 	9.897e-14 	1.427e-11 
0.89445 	1.38014 	1.399e-04 	1.578e-06 	1.396e-04 	3.572e-10 	3.401e-04 	1.101e-13 	1.505e-11 
0.91455 	1.41115 	1.397e-04 	1.728e-06 	1.395e-04 	3.950e-10 	3.401e-04 	1.225e-13 	1.587e-11 
0.93465 	1.44216 	1.396e-04 	1.893e-06 	1.394e-04 	4.368e-10 	3.401e-04 	1.363e-13 	1.674e-11 
0.95475 	1.47318 	1.394e-04 	2.072e-06 	1.392e-04 	4.832e-10 	3.402e-04 	1.516e-13 	1.766e-11 
0.97485 	1.50419 	1.392e-04 	2.269e-06 	1.390e-04 	5.346e-10 	3.402e-04 	1.686e-13 	1.864e-11 
0.99495 	1.53521 	1.390e-04 	2.483e-06 	1.388e-04 	5.917e-10 	3.402e-04 	1.876e-13 	1.967e-11 
1.01505 	1.56622 	1.388e-04 	2.717e-06 	1.386e-04 	6.550e-10 	3.402e-04 	2.087e-13 	2.076e-11 
1.03515 	1.59724 	1.386e-04 	2.972e-06 	1.383e-04 	7.253e-10 	3.403e-04 	2.321e-13 	2.191e-11 
1.05525 	1.62825 	1.383e-04 	3.250e-06 	1.381e-04 	8.032e-10 	3.403e-04 	2.581e-13 	2.312e-11 
1.07535 	1.65927 	1.380e-04 	3.552e-06 	1.378e-04 	8.898e-10 	3.403e-04 	2.871e-13 	2.441e-11 
1.09545 	1.69028 	1.377e-04 	3.882e-06 	1.375e-04 	9.858e-10 	3.403e-04 	3.193e-13 	2.578e-11 
1.11555 	1.72129 	1.373e-04 	4.240e-06 	1.371e-04 	1.092e-09 	3.404e-04 	3.552e-13 	2.723e-11 
1.13565 	1.75231 	1.370e-04 	4.629e-06 	1.367e-04 	1.211e-09 	3.404e-04 	3.950e-13 	2.876e-11 
1.15575 	1.78332 	1.365e-04 	5.052e-06 	1.363e-04 	1.342e-09 	3.404e-04 	4.393e-13 	3.039e-11 
1.17585 	1.81434 	1.361e-04 	5.511e-06 	1.359e-04 	1.488e-09 	3.405e-04 	4.887e-13 	3.212e-11 
1.19595 	1.84535 	1.356e-04 	6.008e-06 	1.354e-04 	1.650e-09 	3.405e-04 	5.435e-13 	3.396e-11 
1.21605 	1.87637 	1.351e-04 	6.546e-06 	1.349e-04 	1.830e-09 	3.406e-04 	6.046e-13 	3.592e-11 
1.23615 	1.90738 	1.345e-04 	7.128e-06 	1.343e-04 	2.029e-09 	3.406e-04 	6.726e-13 	3.800e-11 
1.25625 	1.93839 	1.339e-04 	7.756e-06 	1.337e-04 	2.251e-09 	3.406e-04 	7.483e-13 	4.021e-11 
1.27635 	1.96941 	1.333e-04 	8.434e-06 	1.330e-04 	2.496e-09 	3.407e-04 	8.326e-13 	4.257e-11 
1.29645 	2.00042 	1.326e-04 	9.164e-06 	1.323e-04 	2.769e-09 	3.407e-04 	9.266e-13 	4.510e-11 
1.31655 	2.03144 	1.318e-04 	9.948e-06 	1.316e-04 	3.071e-09 	3.408e-04 	1.031e-12 	4.779e-11 
1.33665 	2.06245 	1.310e-04 	1.079e-05 	1.307e-04 	3.406e-09 	3.409e-04 	1.148e-12 	5.066e-11 
1.35675 	2.09347 	1.301e-04 	1.169e-05 	1.299e-04 	3.778e-09 	3.409e-04 	1.278e-12 	5.374e-11 
1.37685 	2.12448 	1.292e-04 	1.266e-05 	1.289e-04 	4.189e-09 	3.410e-04 	1.424e-12 	5.704e-11 
1.39695 	2.15549 	1.281e-04 	1.369e-05 	1.279e-04 	4.645e-09 	3.410e-04 	1.586e-12 	6.058e-11 
1.41705 	2.18651 	1.271e-04 	1.479e-05 	1.268e-04 	5.150e-09 	3.411e-04 	1.767e-12 	6.438e-11 
1.43715 	2.21752 	1.259e-04 	1.596e-05 	1.257e-04 	5.709e-09 	3.412e-04 	1.970e-12 	6.846e-11 
1.45725 	2.24854 	1.247e-04 	1.721e-05 	1.245e-04 	6.328e-09 	3.413e-04 	2.197e-12 	7.286e-11 
1.47735 	2.27955 	1.234e-04 	1.852e-05 	1.232e-04 	7.012e-09 	3.414e-04 	2.451e-12 	7.760e-11 
1.49745 	2.31057 	1.221e-04 	1.991e-05 	1.219e-04 	7.768e-09 	3.414e-04 	2.735e-12 	8.270e-11 
1.51755 	2.34158 	1.207e-04 	2.138e-05 	1.204e-04 	8.603e-09 	3.415e-04 	3.054e-12 	8.822e-11 
1.53765 	2.37259 	1.192e-04 	2.292e-05 	1.189e-04 	9.525e-09 	3.416e-04 	3.412e-12 	9.419e-11 
1.55775 	2.40361 	1.176e-04 	2.454e-05 	1.173e-04 	1.054e-08 	3.417e-04 	3.814e-12 	1.006e-10 
1.57785 	2.43462 	1.159e-04 	2.623e-05 	1.157e-04 	1.167e-08 	3.418e-04 	4.267e-12 	1.076e-10 
1.59795 	2.46564 	1.142e-04 	2.800e-05 	1.140e-04 	1.290e-08 	3.420e-04 	4.776e-12 	1.152e-10 
1.61805 	2.49665 	1.124e-04 	2.984e-05 	1.122e-04 	1.427e-08 	3.421e-04 	5.349e-12 	1.235e-10 
1.63815 	2.52767 	1.105e-04 	3.175e-05 	1.103e-04 	1.577e-08 	3.422e-04 	5.996e-12 	1.324e-10 
1.65825 	2.55868 	1.086e-04 	3.373e-05 	1.084e-04 	1.742e-08 	3.423e-04 	6.726e-12 	1.422e-10 
1.67835 	2.58969 	1.066e-04 	3.577e-05 	1.064e-04 	1.924e-08 	3.425e-04 	7.551e-12 	1.528e-10 
1.69845 	2.62071 	1.046e-04 	3.788e-05 	1.043e-04 	2.123e-08 	3.426e-04 	8.484e-12 	1.644e-10 
1.71855 	2.65172 	1.025e-04 	4.004e-05 	1.022e-04 	2.342e-08 	3.427e-04 	9.541e-12 	1.770e-10 
1.73865 	2.68274 	1.003e-04 	4.225e-05 	1.001e-04 	2.583e-08 	3.429e-04 	1.074e-11 	1.908e-10 
1.75875 	2.71375 	9.810e-05 	4.451e-05 	9.785e-05 	2.847e-08 	3.430e-04 	1.210e-11 	2.059e-10 
1.77885 	2.74477 	9.585e-05 	4.682e-05 	9.560e-05 	3.136e-08 	3.431e-04 	1.364e-11 	2.224e-10 
1.79895 	2.77578 	9.356e-05 	4.916e-05 	9.331e-05 	3.453e-08 	3.433e-04 	1.540e-11 	2.404e-10 
1.81905 	2.80679 	9.124e-05 	5.154e-05 	9.099e-05 	3.800e-08 	3.434e-04 	1.740e-11 	2.602e-10 
1.83915 	2.83781 	8.890e-05 	5.395e-05 	8.864e-05 	4.180e-08 	3.436e-04 	1.968e-11 	2.818e-10 
1.85925 	2.86882 	8.653e-05 	5.637e-05 	8.627e-05 	4.595e-08 	3.438e-04 	2.228e-11 	3.056e-10 
1.87935 	2.89984 	8.415e-05 	5.881e-05 	8.389e-05 	5.048e-08 	3.439e-04 	2.524e-11 	3.316e-10 
1.89945 	2.93085 	8.175e-05 	6.127e-05 	8.149e-05 	5.544e-08 	3.441e-04 	2.863e-11 	3.602e-10 
1.91955 	2.96187 	7.935e-05 	6.373e-05 	7.909e-05 	6.085e-08 	3.442e-04 	3.250e-11 	3.916e-10 
1.93965 	2.99288 	7.696e-05 	6.618e-05 	7.669e-05 	6.675e-08 	3.444e-04 	3.694e-11 	4.261e-10 
1.95975 	3.02389 	7.456e-05 	6.863e-05 	7.429e-05 	7.319e-08 	3.445e-04 	4.201e-11 	4.640e-10 
1.97985 	3.05491 	7.218e-05 	7.107e-05 	7.191e-05 	8.021e-08 	3.447e-04 	4.783e-11 	5.056e-10 
1.99995 	3.08592 	6.981e-05 	7.350e-05 	6.954e-05 	8.785e-08 	3.448e-04 	5.450e-11 	5.514e-10 
