n = 1.0e+03, Tgas =  20.0, Tdust =  20.0, Go = 10000.0
pc 	Av 	e- 	C 	C+ 	CO 	O 	O2 	H2O 
0.01005 	0.01551 	1.451e-04 	1.776e-10 	1.421e-04 	3.409e-15 	3.427e-04 	7.517e-20 	3.146e-15 
0.03015 	0.04652 	1.450e-04 	1.949e-10 	1.421e-04 	3.951e-15 	3.425e-04 	8.594e-20 	3.513e-15 
0.05025 	0.07754 	1.449e-04 	2.140e-10 	1.420e-04 	4.578e-15 	3.423e-04 	9.840e-20 	3.920e-15 
0.07035 	0.10855 	1.447e-04 	2.349e-10 	1.419e-04 	5.304e-15 	3.421e-04 	1.128e-19 	4.371e-15 
0.09045 	0.13956 	1.446e-04 	2.578e-10 	1.418e-04 	6.144e-15 	3.419e-04 	1.295e-19 	4.869e-15 
0.11055 	0.17058 	1.445e-04 	2.830e-10 	1.417e-04 	7.115e-15 	3.416e-04 	1.487e-19 	5.420e-15 
0.13065 	0.20159 	1.443e-04 	3.107e-10 	1.416e-04 	8.237e-15 	3.414e-04 	1.710e-19 	6.027e-15 
0.15075 	0.23261 	1.442e-04 	3.411e-10 	1.415e-04 	9.532e-15 	3.411e-04 	1.967e-19 	6.695e-15 
0.17085 	0.26362 	1.440e-04 	3.745e-10 	1.414e-04 	1.103e-14 	3.408e-04 	2.264e-19 	7.428e-15 
0.19095 	0.29464 	1.438e-04 	4.112e-10 	1.412e-04 	1.275e-14 	3.405e-04 	2.607e-19 	8.231e-15 
0.21105 	0.32565 	1.437e-04 	4.516e-10 	1.411e-04 	1.473e-14 	3.403e-04 	3.002e-19 	9.110e-15 
0.23115 	0.35666 	1.435e-04 	4.959e-10 	1.410e-04 	1.701e-14 	3.399e-04 	3.457e-19 	1.007e-14 
0.25125 	0.38768 	1.433e-04 	5.446e-10 	1.409e-04 	1.963e-14 	3.396e-04 	3.981e-19 	1.111e-14 
0.27135 	0.41869 	1.431e-04 	5.981e-10 	1.407e-04 	2.263e-14 	3.393e-04 	4.584e-19 	1.225e-14 
0.29145 	0.44971 	1.429e-04 	6.570e-10 	1.406e-04 	2.607e-14 	3.390e-04 	5.276e-19 	1.348e-14 
0.31155 	0.48072 	1.427e-04 	7.217e-10 	1.404e-04 	3.000e-14 	3.386e-04 	6.070e-19 	1.482e-14 
0.33165 	0.51174 	1.425e-04 	7.928e-10 	1.403e-04 	3.448e-14 	3.383e-04 	6.980e-19 	1.627e-14 
0.35175 	0.54275 	1.423e-04 	8.711e-10 	1.401e-04 	3.959e-14 	3.379e-04 	8.022e-19 	1.783e-14 
0.37185 	0.57376 	1.421e-04 	9.572e-10 	1.400e-04 	4.539e-14 	3.375e-04 	9.213e-19 	1.952e-14 
0.39195 	0.60478 	1.419e-04 	1.052e-09 	1.399e-04 	5.198e-14 	3.372e-04 	1.057e-18 	2.134e-14 
0.41205 	0.63579 	1.417e-04 	1.156e-09 	1.397e-04 	5.944e-14 	3.368e-04 	1.213e-18 	2.330e-14 
0.43215 	0.66681 	1.415e-04 	1.271e-09 	1.396e-04 	6.787e-14 	3.365e-04 	1.389e-18 	2.540e-14 
0.45225 	0.69782 	1.413e-04 	1.397e-09 	1.394e-04 	7.739e-14 	3.361e-04 	1.590e-18 	2.766e-14 
0.47235 	0.72884 	1.411e-04 	1.536e-09 	1.393e-04 	8.810e-14 	3.358e-04 	1.819e-18 	3.008e-14 
0.49245 	0.75985 	1.409e-04 	1.689e-09 	1.391e-04 	1.001e-13 	3.354e-04 	2.079e-18 	3.268e-14 
0.51255 	0.79086 	1.408e-04 	1.857e-09 	1.390e-04 	1.136e-13 	3.351e-04 	2.373e-18 	3.546e-14 
0.53265 	0.82188 	1.406e-04 	2.043e-09 	1.389e-04 	1.287e-13 	3.348e-04 	2.706e-18 	3.843e-14 
0.55275 	0.85289 	1.404e-04 	2.247e-09 	1.387e-04 	1.456e-13 	3.345e-04 	3.084e-18 	4.161e-14 
0.57285 	0.88391 	1.402e-04 	2.471e-09 	1.386e-04 	1.644e-13 	3.342e-04 	3.510e-18 	4.500e-14 
0.59295 	0.91492 	1.401e-04 	2.719e-09 	1.385e-04 	1.853e-13 	3.340e-04 	3.992e-18 	4.862e-14 
0.61305 	0.94594 	1.399e-04 	2.991e-09 	1.384e-04 	2.086e-13 	3.337e-04 	4.535e-18 	5.248e-14 
0.63315 	0.97695 	1.398e-04 	3.291e-09 	1.383e-04 	2.344e-13 	3.335e-04 	5.147e-18 	5.660e-14 
0.65325 	1.00796 	1.397e-04 	3.621e-09 	1.382e-04 	2.630e-13 	3.333e-04 	5.837e-18 	6.099e-14 
0.67335 	1.03898 	1.396e-04 	3.985e-09 	1.382e-04 	2.947e-13 	3.331e-04 	6.614e-18 	6.566e-14 
0.69345 	1.06999 	1.395e-04 	4.385e-09 	1.381e-04 	3.297e-13 	3.330e-04 	7.487e-18 	7.064e-14 
0.71355 	1.10101 	1.394e-04 	4.825e-09 	1.381e-04 	3.683e-13 	3.329e-04 	8.468e-18 	7.593e-14 
0.73365 	1.13202 	1.393e-04 	5.310e-09 	1.380e-04 	4.110e-13 	3.327e-04 	9.570e-18 	8.155e-14 
0.75375 	1.16304 	1.392e-04 	5.843e-09 	1.380e-04 	4.580e-13 	3.327e-04 	1.081e-17 	8.754e-14 
0.77385 	1.19405 	1.391e-04 	6.431e-09 	1.380e-04 	5.098e-13 	3.326e-04 	1.219e-17 	9.389e-14 
0.79395 	1.22506 	1.391e-04 	7.077e-09 	1.379e-04 	5.668e-13 	3.326e-04 	1.375e-17 	1.006e-13 
0.81405 	1.25608 	1.390e-04 	7.788e-09 	1.379e-04 	6.295e-13 	3.326e-04 	1.549e-17 	1.078e-13 
0.83415 	1.28709 	1.390e-04 	8.570e-09 	1.379e-04 	6.984e-13 	3.326e-04 	1.744e-17 	1.154e-13 
0.85425 	1.31811 	1.390e-04 	9.431e-09 	1.379e-04 	7.742e-13 	3.326e-04 	1.963e-17 	1.235e-13 
0.87435 	1.34912 	1.390e-04 	1.038e-08 	1.380e-04 	8.574e-13 	3.326e-04 	2.208e-17 	1.321e-13 
0.89445 	1.38014 	1.390e-04 	1.142e-08 	1.380e-04 	9.488e-13 	3.327e-04 	2.481e-17 	1.411e-13 
0.91455 	1.41115 	1.390e-04 	1.257e-08 	1.380e-04 	1.049e-12 	3.328e-04 	2.787e-17 	1.508e-13 
0.93465 	1.44216 	1.390e-04 	1.383e-08 	1.381e-04 	1.159e-12 	3.329e-04 	3.129e-17 	1.610e-13 
0.95475 	1.47318 	1.390e-04 	1.521e-08 	1.381e-04 	1.280e-12 	3.330e-04 	3.511e-17 	1.718e-13 
0.97485 	1.50419 	1.390e-04 	1.674e-08 	1.382e-04 	1.412e-12 	3.331e-04 	3.938e-17 	1.832e-13 
0.99495 	1.53521 	1.390e-04 	1.841e-08 	1.382e-04 	1.557e-12 	3.333e-04 	4.415e-17 	1.953e-13 
1.01505 	1.56622 	1.391e-04 	2.025e-08 	1.383e-04 	1.716e-12 	3.334e-04 	4.948e-17 	2.082e-13 
1.03515 	1.59724 	1.391e-04 	2.228e-08 	1.383e-04 	1.891e-12 	3.336e-04 	5.543e-17 	2.217e-13 
1.05525 	1.62825 	1.392e-04 	2.451e-08 	1.384e-04 	2.082e-12 	3.337e-04 	6.206e-17 	2.361e-13 
1.07535 	1.65927 	1.392e-04 	2.695e-08 	1.385e-04 	2.291e-12 	3.339e-04 	6.947e-17 	2.513e-13 
1.09545 	1.69028 	1.393e-04 	2.964e-08 	1.386e-04 	2.520e-12 	3.341e-04 	7.774e-17 	2.674e-13 
1.11555 	1.72129 	1.393e-04 	3.260e-08 	1.386e-04 	2.770e-12 	3.343e-04 	8.696e-17 	2.844e-13 
1.13565 	1.75231 	1.394e-04 	3.585e-08 	1.387e-04 	3.045e-12 	3.345e-04 	9.725e-17 	3.024e-13 
1.15575 	1.78332 	1.395e-04 	3.942e-08 	1.388e-04 	3.345e-12 	3.347e-04 	1.087e-16 	3.214e-13 
1.17585 	1.81434 	1.395e-04 	4.335e-08 	1.389e-04 	3.674e-12 	3.349e-04 	1.215e-16 	3.414e-13 
1.19595 	1.84535 	1.396e-04 	4.766e-08 	1.390e-04 	4.033e-12 	3.351e-04 	1.358e-16 	3.627e-13 
1.21605 	1.87637 	1.397e-04 	5.240e-08 	1.390e-04 	4.426e-12 	3.354e-04 	1.517e-16 	3.851e-13 
1.23615 	1.90738 	1.397e-04 	5.760e-08 	1.391e-04 	4.855e-12 	3.356e-04 	1.694e-16 	4.088e-13 
1.25625 	1.93839 	1.398e-04 	6.332e-08 	1.392e-04 	5.325e-12 	3.358e-04 	1.892e-16 	4.338e-13 
1.27635 	1.96941 	1.399e-04 	6.960e-08 	1.393e-04 	5.837e-12 	3.360e-04 	2.112e-16 	4.603e-13 
1.29645 	2.00042 	1.399e-04 	7.650e-08 	1.394e-04 	6.398e-12 	3.362e-04 	2.358e-16 	4.882e-13 
1.31655 	2.03144 	1.400e-04 	8.408e-08 	1.395e-04 	7.009e-12 	3.365e-04 	2.632e-16 	5.177e-13 
1.33665 	2.06245 	1.401e-04 	9.240e-08 	1.396e-04 	7.677e-12 	3.367e-04 	2.937e-16 	5.488e-13 
1.35675 	2.09347 	1.401e-04 	1.015e-07 	1.396e-04 	8.406e-12 	3.369e-04 	3.277e-16 	5.817e-13 
1.37685 	2.12448 	1.402e-04 	1.116e-07 	1.397e-04 	9.202e-12 	3.371e-04 	3.656e-16 	6.164e-13 
1.39695 	2.15549 	1.403e-04 	1.226e-07 	1.398e-04 	1.007e-11 	3.373e-04 	4.079e-16 	6.530e-13 
1.41705 	2.18651 	1.403e-04 	1.347e-07 	1.399e-04 	1.102e-11 	3.375e-04 	4.549e-16 	6.917e-13 
1.43715 	2.21752 	1.404e-04 	1.480e-07 	1.399e-04 	1.205e-11 	3.378e-04 	5.074e-16 	7.326e-13 
1.45725 	2.24854 	1.405e-04 	1.626e-07 	1.400e-04 	1.318e-11 	3.380e-04 	5.658e-16 	7.757e-13 
1.47735 	2.27955 	1.405e-04 	1.786e-07 	1.401e-04 	1.440e-11 	3.382e-04 	6.310e-16 	8.211e-13 
1.49745 	2.31057 	1.406e-04 	1.962e-07 	1.401e-04 	1.574e-11 	3.384e-04 	7.035e-16 	8.691e-13 
1.51755 	2.34158 	1.406e-04 	2.155e-07 	1.402e-04 	1.720e-11 	3.386e-04 	7.844e-16 	9.198e-13 
1.53765 	2.37259 	1.407e-04 	2.367e-07 	1.403e-04 	1.878e-11 	3.388e-04 	8.745e-16 	9.733e-13 
1.55775 	2.40361 	1.407e-04 	2.600e-07 	1.403e-04 	2.051e-11 	3.389e-04 	9.749e-16 	1.030e-12 
1.57785 	2.43462 	1.408e-04 	2.855e-07 	1.404e-04 	2.239e-11 	3.391e-04 	1.087e-15 	1.089e-12 
1.59795 	2.46564 	1.408e-04 	3.135e-07 	1.404e-04 	2.444e-11 	3.393e-04 	1.212e-15 	1.152e-12 
1.61805 	2.49665 	1.408e-04 	3.442e-07 	1.405e-04 	2.667e-11 	3.395e-04 	1.351e-15 	1.218e-12 
1.63815 	2.52767 	1.409e-04 	3.779e-07 	1.405e-04 	2.910e-11 	3.396e-04 	1.505e-15 	1.288e-12 
1.65825 	2.55868 	1.409e-04 	4.149e-07 	1.405e-04 	3.175e-11 	3.398e-04 	1.678e-15 	1.362e-12 
1.67835 	2.58969 	1.409e-04 	4.555e-07 	1.406e-04 	3.462e-11 	3.400e-04 	1.870e-15 	1.440e-12 
1.69845 	2.62071 	1.409e-04 	4.999e-07 	1.406e-04 	3.775e-11 	3.401e-04 	2.085e-15 	1.522e-12 
1.71855 	2.65172 	1.409e-04 	5.487e-07 	1.406e-04 	4.116e-11 	3.403e-04 	2.323e-15 	1.609e-12 
1.73865 	2.68274 	1.409e-04 	6.022e-07 	1.406e-04 	4.487e-11 	3.404e-04 	2.590e-15 	1.701e-12 
1.75875 	2.71375 	1.409e-04 	6.609e-07 	1.406e-04 	4.890e-11 	3.406e-04 	2.887e-15 	1.798e-12 
1.77885 	2.74477 	1.409e-04 	7.251e-07 	1.406e-04 	5.328e-11 	3.407e-04 	3.217e-15 	1.900e-12 
1.79895 	2.77578 	1.409e-04 	7.956e-07 	1.406e-04 	5.805e-11 	3.408e-04 	3.586e-15 	2.008e-12 
1.81905 	2.80679 	1.409e-04 	8.728e-07 	1.405e-04 	6.325e-11 	3.410e-04 	3.997e-15 	2.122e-12 
1.83915 	2.83781 	1.408e-04 	9.574e-07 	1.405e-04 	6.889e-11 	3.411e-04 	4.456e-15 	2.242e-12 
1.85925 	2.86882 	1.408e-04 	1.050e-06 	1.405e-04 	7.503e-11 	3.412e-04 	4.967e-15 	2.369e-12 
1.87935 	2.89984 	1.407e-04 	1.151e-06 	1.404e-04 	8.172e-11 	3.413e-04 	5.537e-15 	2.503e-12 
1.89945 	2.93085 	1.407e-04 	1.262e-06 	1.404e-04 	8.899e-11 	3.414e-04 	6.172e-15 	2.645e-12 
1.91955 	2.96187 	1.406e-04 	1.384e-06 	1.403e-04 	9.690e-11 	3.415e-04 	6.881e-15 	2.795e-12 
1.93965 	2.99288 	1.405e-04 	1.517e-06 	1.402e-04 	1.055e-10 	3.416e-04 	7.671e-15 	2.953e-12 
1.95975 	3.02389 	1.404e-04 	1.662e-06 	1.401e-04 	1.149e-10 	3.417e-04 	8.553e-15 	3.120e-12 
1.97985 	3.05491 	1.403e-04 	1.822e-06 	1.400e-04 	1.251e-10 	3.418e-04 	9.537e-15 	3.298e-12 
1.99995 	3.08592 	1.401e-04 	1.995e-06 	1.398e-04 	1.361e-10 	3.419e-04 	1.064e-14 	3.485e-12 
