n = 1.0e+03, Tgas =  11.0, Tdust =  11.0, Go = 100.0
pc 	Av 	e- 	C 	C+ 	CO 	O 	O2 	H2O 
0.01005 	0.01551 	1.401e-04 	2.779e-08 	1.398e-04 	5.355e-12 	3.370e-04 	8.058e-16 	1.353e-12 
0.03015 	0.04652 	1.402e-04 	3.052e-08 	1.399e-04 	5.872e-12 	3.371e-04 	8.974e-16 	1.430e-12 
0.05025 	0.07754 	1.402e-04 	3.351e-08 	1.399e-04 	6.438e-12 	3.372e-04 	9.995e-16 	1.511e-12 
0.07035 	0.10855 	1.403e-04 	3.680e-08 	1.400e-04 	7.059e-12 	3.373e-04 	1.113e-15 	1.597e-12 
0.09045 	0.13956 	1.403e-04 	4.041e-08 	1.400e-04 	7.739e-12 	3.374e-04 	1.240e-15 	1.687e-12 
0.11055 	0.17058 	1.403e-04 	4.437e-08 	1.401e-04 	8.486e-12 	3.375e-04 	1.380e-15 	1.782e-12 
0.13065 	0.20159 	1.404e-04 	4.871e-08 	1.401e-04 	9.304e-12 	3.376e-04 	1.537e-15 	1.883e-12 
0.15075 	0.23261 	1.404e-04 	5.348e-08 	1.401e-04 	1.020e-11 	3.377e-04 	1.712e-15 	1.988e-12 
0.17085 	0.26362 	1.404e-04 	5.872e-08 	1.402e-04 	1.119e-11 	3.378e-04 	1.906e-15 	2.100e-12 
0.19095 	0.29464 	1.405e-04 	6.446e-08 	1.402e-04 	1.227e-11 	3.379e-04 	2.123e-15 	2.217e-12 
0.21105 	0.32565 	1.405e-04 	7.077e-08 	1.402e-04 	1.346e-11 	3.380e-04 	2.364e-15 	2.341e-12 
0.23115 	0.35666 	1.405e-04 	7.769e-08 	1.403e-04 	1.476e-11 	3.381e-04 	2.632e-15 	2.471e-12 
0.25125 	0.38768 	1.406e-04 	8.529e-08 	1.403e-04 	1.619e-11 	3.381e-04 	2.931e-15 	2.609e-12 
0.27135 	0.41869 	1.406e-04 	9.363e-08 	1.403e-04 	1.776e-11 	3.382e-04 	3.264e-15 	2.754e-12 
0.29145 	0.44971 	1.406e-04 	1.028e-07 	1.403e-04 	1.949e-11 	3.383e-04 	3.635e-15 	2.906e-12 
0.31155 	0.48072 	1.406e-04 	1.128e-07 	1.404e-04 	2.139e-11 	3.384e-04 	4.047e-15 	3.068e-12 
0.33165 	0.51174 	1.406e-04 	1.238e-07 	1.404e-04 	2.348e-11 	3.384e-04 	4.507e-15 	3.237e-12 
0.35175 	0.54275 	1.406e-04 	1.359e-07 	1.404e-04 	2.578e-11 	3.385e-04 	5.018e-15 	3.416e-12 
0.37185 	0.57376 	1.407e-04 	1.492e-07 	1.404e-04 	2.830e-11 	3.386e-04 	5.587e-15 	3.605e-12 
0.39195 	0.60478 	1.407e-04 	1.637e-07 	1.404e-04 	3.109e-11 	3.386e-04 	6.221e-15 	3.803e-12 
0.41205 	0.63579 	1.407e-04 	1.797e-07 	1.404e-04 	3.415e-11 	3.387e-04 	6.927e-15 	4.013e-12 
0.43215 	0.66681 	1.407e-04 	1.972e-07 	1.404e-04 	3.752e-11 	3.387e-04 	7.713e-15 	4.234e-12 
0.45225 	0.69782 	1.407e-04 	2.165e-07 	1.404e-04 	4.123e-11 	3.388e-04 	8.588e-15 	4.466e-12 
0.47235 	0.72884 	1.407e-04 	2.376e-07 	1.404e-04 	4.532e-11 	3.388e-04 	9.561e-15 	4.711e-12 
0.49245 	0.75985 	1.407e-04 	2.607e-07 	1.404e-04 	4.983e-11 	3.389e-04 	1.065e-14 	4.970e-12 
0.51255 	0.79086 	1.407e-04 	2.861e-07 	1.404e-04 	5.480e-11 	3.389e-04 	1.185e-14 	5.242e-12 
0.53265 	0.82188 	1.407e-04 	3.139e-07 	1.404e-04 	6.028e-11 	3.390e-04 	1.320e-14 	5.530e-12 
0.55275 	0.85289 	1.406e-04 	3.444e-07 	1.404e-04 	6.633e-11 	3.390e-04 	1.469e-14 	5.832e-12 
0.57285 	0.88391 	1.406e-04 	3.779e-07 	1.404e-04 	7.300e-11 	3.390e-04 	1.635e-14 	6.151e-12 
0.59295 	0.91492 	1.406e-04 	4.146e-07 	1.404e-04 	8.036e-11 	3.391e-04 	1.821e-14 	6.488e-12 
0.61305 	0.94594 	1.406e-04 	4.549e-07 	1.404e-04 	8.849e-11 	3.391e-04 	2.027e-14 	6.843e-12 
0.63315 	0.97695 	1.406e-04 	4.990e-07 	1.403e-04 	9.748e-11 	3.392e-04 	2.256e-14 	7.216e-12 
0.65325 	1.00796 	1.405e-04 	5.474e-07 	1.403e-04 	1.074e-10 	3.392e-04 	2.511e-14 	7.611e-12 
0.67335 	1.03898 	1.405e-04 	6.004e-07 	1.403e-04 	1.184e-10 	3.392e-04 	2.795e-14 	8.026e-12 
0.69345 	1.06999 	1.404e-04 	6.585e-07 	1.402e-04 	1.305e-10 	3.392e-04 	3.111e-14 	8.465e-12 
0.71355 	1.10101 	1.404e-04 	7.222e-07 	1.402e-04 	1.439e-10 	3.393e-04 	3.463e-14 	8.927e-12 
0.73365 	1.13202 	1.403e-04 	7.920e-07 	1.401e-04 	1.587e-10 	3.393e-04 	3.854e-14 	9.414e-12 
0.75375 	1.16304 	1.403e-04 	8.684e-07 	1.400e-04 	1.751e-10 	3.393e-04 	4.289e-14 	9.928e-12 
0.77385 	1.19405 	1.402e-04 	9.522e-07 	1.400e-04 	1.933e-10 	3.394e-04 	4.773e-14 	1.047e-11 
0.79395 	1.22506 	1.401e-04 	1.044e-06 	1.399e-04 	2.134e-10 	3.394e-04 	5.312e-14 	1.104e-11 
0.81405 	1.25608 	1.400e-04 	1.144e-06 	1.398e-04 	2.357e-10 	3.394e-04 	5.911e-14 	1.165e-11 
0.83415 	1.28709 	1.399e-04 	1.254e-06 	1.397e-04 	2.604e-10 	3.395e-04 	6.577e-14 	1.228e-11 
0.85425 	1.31811 	1.398e-04 	1.374e-06 	1.396e-04 	2.877e-10 	3.395e-04 	7.319e-14 	1.296e-11 
0.87435 	1.34912 	1.397e-04 	1.506e-06 	1.395e-04 	3.180e-10 	3.395e-04 	8.143e-14 	1.367e-11 
0.89445 	1.38014 	1.396e-04 	1.650e-06 	1.393e-04 	3.516e-10 	3.395e-04 	9.060e-14 	1.441e-11 
0.91455 	1.41115 	1.394e-04 	1.807e-06 	1.392e-04 	3.888e-10 	3.396e-04 	1.008e-13 	1.521e-11 
0.93465 	1.44216 	1.393e-04 	1.979e-06 	1.390e-04 	4.301e-10 	3.396e-04 	1.121e-13 	1.604e-11 
0.95475 	1.47318 	1.391e-04 	2.166e-06 	1.389e-04 	4.759e-10 	3.396e-04 	1.247e-13 	1.693e-11 
0.97485 	1.50419 	1.389e-04 	2.371e-06 	1.387e-04 	5.267e-10 	3.396e-04 	1.388e-13 	1.786e-11 
0.99495 	1.53521 	1.387e-04 	2.595e-06 	1.385e-04 	5.831e-10 	3.397e-04 	1.544e-13 	1.885e-11 
1.01505 	1.56622 	1.384e-04 	2.839e-06 	1.382e-04 	6.457e-10 	3.397e-04 	1.717e-13 	1.989e-11 
1.03515 	1.59724 	1.382e-04 	3.105e-06 	1.380e-04 	7.151e-10 	3.397e-04 	1.910e-13 	2.100e-11 
1.05525 	1.62825 	1.379e-04 	3.394e-06 	1.377e-04 	7.922e-10 	3.397e-04 	2.124e-13 	2.217e-11 
1.07535 	1.65927 	1.376e-04 	3.710e-06 	1.374e-04 	8.778e-10 	3.398e-04 	2.363e-13 	2.341e-11 
1.09545 	1.69028 	1.373e-04 	4.053e-06 	1.371e-04 	9.727e-10 	3.398e-04 	2.628e-13 	2.472e-11 
1.11555 	1.72129 	1.369e-04 	4.426e-06 	1.367e-04 	1.078e-09 	3.398e-04 	2.923e-13 	2.611e-11 
1.13565 	1.75231 	1.365e-04 	4.831e-06 	1.363e-04 	1.195e-09 	3.399e-04 	3.251e-13 	2.759e-11 
1.15575 	1.78332 	1.361e-04 	5.271e-06 	1.359e-04 	1.325e-09 	3.399e-04 	3.617e-13 	2.916e-11 
1.17585 	1.81434 	1.356e-04 	5.748e-06 	1.354e-04 	1.470e-09 	3.400e-04 	4.023e-13 	3.082e-11 
1.19595 	1.84535 	1.351e-04 	6.265e-06 	1.349e-04 	1.630e-09 	3.400e-04 	4.475e-13 	3.259e-11 
1.21605 	1.87637 	1.346e-04 	6.824e-06 	1.344e-04 	1.808e-09 	3.400e-04 	4.978e-13 	3.448e-11 
1.23615 	1.90738 	1.340e-04 	7.428e-06 	1.338e-04 	2.005e-09 	3.401e-04 	5.539e-13 	3.648e-11 
1.25625 	1.93839 	1.334e-04 	8.079e-06 	1.332e-04 	2.224e-09 	3.401e-04 	6.163e-13 	3.862e-11 
1.27635 	1.96941 	1.327e-04 	8.782e-06 	1.325e-04 	2.467e-09 	3.402e-04 	6.858e-13 	4.090e-11 
1.29645 	2.00042 	1.320e-04 	9.538e-06 	1.317e-04 	2.737e-09 	3.402e-04 	7.632e-13 	4.333e-11 
1.31655 	2.03144 	1.312e-04 	1.035e-05 	1.309e-04 	3.036e-09 	3.403e-04 	8.495e-13 	4.594e-11 
1.33665 	2.06245 	1.303e-04 	1.122e-05 	1.301e-04 	3.367e-09 	3.404e-04 	9.458e-13 	4.872e-11 
1.35675 	2.09347 	1.294e-04 	1.215e-05 	1.292e-04 	3.735e-09 	3.404e-04 	1.053e-12 	5.170e-11 
1.37685 	2.12448 	1.284e-04 	1.315e-05 	1.282e-04 	4.142e-09 	3.405e-04 	1.173e-12 	5.490e-11 
1.39695 	2.15549 	1.274e-04 	1.422e-05 	1.272e-04 	4.593e-09 	3.406e-04 	1.307e-12 	5.833e-11 
1.41705 	2.18651 	1.263e-04 	1.535e-05 	1.261e-04 	5.093e-09 	3.406e-04 	1.457e-12 	6.201e-11 
1.43715 	2.21752 	1.251e-04 	1.655e-05 	1.249e-04 	5.646e-09 	3.407e-04 	1.624e-12 	6.598e-11 
1.45725 	2.24854 	1.239e-04 	1.783e-05 	1.237e-04 	6.258e-09 	3.408e-04 	1.811e-12 	7.025e-11 
1.47735 	2.27955 	1.226e-04 	1.918e-05 	1.224e-04 	6.934e-09 	3.409e-04 	2.021e-12 	7.486e-11 
1.49745 	2.31057 	1.212e-04 	2.061e-05 	1.210e-04 	7.682e-09 	3.410e-04 	2.256e-12 	7.983e-11 
1.51755 	2.34158 	1.197e-04 	2.211e-05 	1.195e-04 	8.508e-09 	3.411e-04 	2.520e-12 	8.520e-11 
1.53765 	2.37259 	1.182e-04 	2.369e-05 	1.180e-04 	9.420e-09 	3.412e-04 	2.816e-12 	9.102e-11 
1.55775 	2.40361 	1.166e-04 	2.534e-05 	1.164e-04 	1.043e-08 	3.413e-04 	3.149e-12 	9.732e-11 
1.57785 	2.43462 	1.149e-04 	2.707e-05 	1.147e-04 	1.154e-08 	3.414e-04 	3.523e-12 	1.042e-10 
1.59795 	2.46564 	1.131e-04 	2.887e-05 	1.129e-04 	1.276e-08 	3.415e-04 	3.945e-12 	1.116e-10 
1.61805 	2.49665 	1.113e-04 	3.074e-05 	1.111e-04 	1.411e-08 	3.417e-04 	4.420e-12 	1.196e-10 
1.63815 	2.52767 	1.094e-04 	3.268e-05 	1.092e-04 	1.559e-08 	3.418e-04 	4.956e-12 	1.284e-10 
1.65825 	2.55868 	1.075e-04 	3.468e-05 	1.072e-04 	1.722e-08 	3.419e-04 	5.561e-12 	1.380e-10 
1.67835 	2.58969 	1.055e-04 	3.675e-05 	1.052e-04 	1.902e-08 	3.421e-04 	6.245e-12 	1.484e-10 
1.69845 	2.62071 	1.034e-04 	3.888e-05 	1.032e-04 	2.099e-08 	3.422e-04 	7.020e-12 	1.597e-10 
1.71855 	2.65172 	1.013e-04 	4.107e-05 	1.010e-04 	2.315e-08 	3.424e-04 	7.897e-12 	1.721e-10 
1.73865 	2.68274 	9.909e-05 	4.330e-05 	9.885e-05 	2.553e-08 	3.425e-04 	8.893e-12 	1.857e-10 
1.75875 	2.71375 	9.687e-05 	4.558e-05 	9.663e-05 	2.813e-08 	3.427e-04 	1.002e-11 	2.005e-10 
1.77885 	2.74477 	9.461e-05 	4.790e-05 	9.437e-05 	3.099e-08 	3.428e-04 	1.131e-11 	2.167e-10 
1.79895 	2.77578 	9.232e-05 	5.026e-05 	9.207e-05 	3.412e-08 	3.430e-04 	1.277e-11 	2.345e-10 
1.81905 	2.80679 	9.000e-05 	5.264e-05 	8.975e-05 	3.754e-08 	3.431e-04 	1.443e-11 	2.539e-10 
1.83915 	2.83781 	8.765e-05 	5.506e-05 	8.740e-05 	4.129e-08 	3.433e-04 	1.633e-11 	2.753e-10 
1.85925 	2.86882 	8.528e-05 	5.748e-05 	8.503e-05 	4.538e-08 	3.435e-04 	1.849e-11 	2.987e-10 
1.87935 	2.89984 	8.290e-05 	5.993e-05 	8.265e-05 	4.986e-08 	3.436e-04 	2.096e-11 	3.244e-10 
1.89945 	2.93085 	8.052e-05 	6.238e-05 	8.026e-05 	5.475e-08 	3.438e-04 	2.379e-11 	3.526e-10 
1.91955 	2.96187 	7.813e-05 	6.483e-05 	7.786e-05 	6.009e-08 	3.439e-04 	2.702e-11 	3.836e-10 
1.93965 	2.99288 	7.574e-05 	6.728e-05 	7.547e-05 	6.591e-08 	3.441e-04 	3.072e-11 	4.176e-10 
1.95975 	3.02389 	7.336e-05 	6.972e-05 	7.309e-05 	7.227e-08 	3.443e-04 	3.496e-11 	4.551e-10 
1.97985 	3.05491 	7.099e-05 	7.215e-05 	7.072e-05 	7.919e-08 	3.444e-04 	3.983e-11 	4.962e-10 
1.99995 	3.08592 	6.864e-05 	7.456e-05 	6.837e-05 	8.673e-08 	3.446e-04 	4.541e-11 	5.415e-10 
