n = 8.0e+02, Tgas =  10.0, Tdust =  10.0, Go = 100.0
pc 	Av 	e- 	C 	C+ 	CO 	O 	O2 	H2O 
0.01005 	0.01241 	1.396e-04 	2.309e-08 	1.392e-04 	3.825e-12 	3.356e-04 	4.761e-16 	1.264e-12 
0.03015 	0.03722 	1.396e-04 	2.489e-08 	1.393e-04 	4.118e-12 	3.357e-04 	5.191e-16 	1.322e-12 
0.05025 	0.06203 	1.397e-04 	2.683e-08 	1.393e-04 	4.433e-12 	3.358e-04 	5.660e-16 	1.382e-12 
0.07035 	0.08684 	1.397e-04 	2.891e-08 	1.394e-04 	4.772e-12 	3.359e-04 	6.172e-16 	1.445e-12 
0.09045 	0.11165 	1.398e-04 	3.116e-08 	1.394e-04 	5.137e-12 	3.360e-04 	6.729e-16 	1.511e-12 
0.11055 	0.13646 	1.398e-04 	3.358e-08 	1.394e-04 	5.529e-12 	3.361e-04 	7.336e-16 	1.579e-12 
0.13065 	0.16127 	1.398e-04 	3.620e-08 	1.395e-04 	5.951e-12 	3.362e-04 	7.999e-16 	1.651e-12 
0.15075 	0.18609 	1.399e-04 	3.901e-08 	1.395e-04 	6.405e-12 	3.363e-04 	8.721e-16 	1.725e-12 
0.17085 	0.21090 	1.399e-04 	4.204e-08 	1.396e-04 	6.894e-12 	3.364e-04 	9.507e-16 	1.803e-12 
0.19095 	0.23571 	1.399e-04 	4.530e-08 	1.396e-04 	7.420e-12 	3.364e-04 	1.036e-15 	1.885e-12 
0.21105 	0.26052 	1.400e-04 	4.882e-08 	1.396e-04 	7.986e-12 	3.365e-04 	1.130e-15 	1.969e-12 
0.23115 	0.28533 	1.400e-04 	5.261e-08 	1.397e-04 	8.595e-12 	3.366e-04 	1.232e-15 	2.058e-12 
0.25125 	0.31014 	1.400e-04 	5.670e-08 	1.397e-04 	9.251e-12 	3.367e-04 	1.343e-15 	2.150e-12 
0.27135 	0.33495 	1.400e-04 	6.109e-08 	1.397e-04 	9.958e-12 	3.368e-04 	1.464e-15 	2.246e-12 
0.29145 	0.35977 	1.401e-04 	6.583e-08 	1.397e-04 	1.072e-11 	3.369e-04 	1.596e-15 	2.346e-12 
0.31155 	0.38458 	1.401e-04 	7.094e-08 	1.398e-04 	1.154e-11 	3.369e-04 	1.740e-15 	2.451e-12 
0.33165 	0.40939 	1.401e-04 	7.644e-08 	1.398e-04 	1.242e-11 	3.370e-04 	1.896e-15 	2.560e-12 
0.35175 	0.43420 	1.401e-04 	8.237e-08 	1.398e-04 	1.337e-11 	3.371e-04 	2.067e-15 	2.674e-12 
0.37185 	0.45901 	1.402e-04 	8.875e-08 	1.398e-04 	1.440e-11 	3.371e-04 	2.254e-15 	2.792e-12 
0.39195 	0.48382 	1.402e-04 	9.563e-08 	1.399e-04 	1.550e-11 	3.372e-04 	2.457e-15 	2.916e-12 
0.41205 	0.50863 	1.402e-04 	1.030e-07 	1.399e-04 	1.669e-11 	3.373e-04 	2.678e-15 	3.045e-12 
0.43215 	0.53345 	1.402e-04 	1.110e-07 	1.399e-04 	1.797e-11 	3.373e-04 	2.919e-15 	3.180e-12 
0.45225 	0.55826 	1.402e-04 	1.196e-07 	1.399e-04 	1.936e-11 	3.374e-04 	3.182e-15 	3.320e-12 
0.47235 	0.58307 	1.402e-04 	1.289e-07 	1.399e-04 	2.085e-11 	3.375e-04 	3.468e-15 	3.467e-12 
0.49245 	0.60788 	1.403e-04 	1.388e-07 	1.400e-04 	2.246e-11 	3.375e-04 	3.780e-15 	3.620e-12 
0.51255 	0.63269 	1.403e-04 	1.496e-07 	1.400e-04 	2.419e-11 	3.376e-04 	4.120e-15 	3.779e-12 
0.53265 	0.65750 	1.403e-04 	1.611e-07 	1.400e-04 	2.607e-11 	3.376e-04 	4.491e-15 	3.945e-12 
0.55275 	0.68231 	1.403e-04 	1.736e-07 	1.400e-04 	2.809e-11 	3.377e-04 	4.895e-15 	4.119e-12 
0.57285 	0.70713 	1.403e-04 	1.870e-07 	1.400e-04 	3.027e-11 	3.377e-04 	5.336e-15 	4.300e-12 
0.59295 	0.73194 	1.403e-04 	2.015e-07 	1.400e-04 	3.263e-11 	3.378e-04 	5.816e-15 	4.488e-12 
0.61305 	0.75675 	1.403e-04 	2.170e-07 	1.400e-04 	3.517e-11 	3.378e-04 	6.339e-15 	4.685e-12 
0.63315 	0.78156 	1.403e-04 	2.338e-07 	1.400e-04 	3.792e-11 	3.379e-04 	6.909e-15 	4.890e-12 
0.65325 	0.80637 	1.403e-04 	2.519e-07 	1.400e-04 	4.089e-11 	3.379e-04 	7.530e-15 	5.104e-12 
0.67335 	0.83118 	1.403e-04 	2.713e-07 	1.400e-04 	4.409e-11 	3.379e-04 	8.207e-15 	5.327e-12 
0.69345 	0.85599 	1.403e-04 	2.922e-07 	1.400e-04 	4.756e-11 	3.380e-04 	8.944e-15 	5.560e-12 
0.71355 	0.88081 	1.403e-04 	3.148e-07 	1.400e-04 	5.130e-11 	3.380e-04 	9.748e-15 	5.803e-12 
0.73365 	0.90562 	1.403e-04 	3.390e-07 	1.400e-04 	5.535e-11 	3.381e-04 	1.062e-14 	6.057e-12 
0.75375 	0.93043 	1.403e-04 	3.651e-07 	1.400e-04 	5.973e-11 	3.381e-04 	1.158e-14 	6.321e-12 
0.77385 	0.95524 	1.403e-04 	3.933e-07 	1.400e-04 	6.447e-11 	3.381e-04 	1.262e-14 	6.597e-12 
0.79395 	0.98005 	1.402e-04 	4.235e-07 	1.400e-04 	6.959e-11 	3.382e-04 	1.375e-14 	6.884e-12 
0.81405 	1.00486 	1.402e-04 	4.561e-07 	1.399e-04 	7.513e-11 	3.382e-04 	1.499e-14 	7.185e-12 
0.83415 	1.02967 	1.402e-04 	4.912e-07 	1.399e-04 	8.113e-11 	3.382e-04 	1.633e-14 	7.498e-12 
0.85425 	1.05449 	1.402e-04 	5.290e-07 	1.399e-04 	8.762e-11 	3.383e-04 	1.780e-14 	7.824e-12 
0.87435 	1.07930 	1.401e-04 	5.696e-07 	1.399e-04 	9.465e-11 	3.383e-04 	1.939e-14 	8.165e-12 
0.89445 	1.10411 	1.401e-04 	6.133e-07 	1.398e-04 	1.023e-10 	3.383e-04 	2.113e-14 	8.521e-12 
0.91455 	1.12892 	1.401e-04 	6.604e-07 	1.398e-04 	1.105e-10 	3.383e-04 	2.303e-14 	8.892e-12 
0.93465 	1.15373 	1.400e-04 	7.110e-07 	1.398e-04 	1.194e-10 	3.384e-04 	2.509e-14 	9.279e-12 
0.95475 	1.17854 	1.400e-04 	7.655e-07 	1.397e-04 	1.291e-10 	3.384e-04 	2.734e-14 	9.683e-12 
0.97485 	1.20335 	1.399e-04 	8.241e-07 	1.397e-04 	1.396e-10 	3.384e-04 	2.979e-14 	1.010e-11 
0.99495 	1.22817 	1.399e-04 	8.871e-07 	1.396e-04 	1.510e-10 	3.385e-04 	3.246e-14 	1.054e-11 
1.01505 	1.25298 	1.398e-04 	9.548e-07 	1.396e-04 	1.633e-10 	3.385e-04 	3.537e-14 	1.100e-11 
1.03515 	1.27779 	1.398e-04 	1.028e-06 	1.395e-04 	1.767e-10 	3.385e-04 	3.854e-14 	1.148e-11 
1.05525 	1.30260 	1.397e-04 	1.106e-06 	1.394e-04 	1.911e-10 	3.385e-04 	4.199e-14 	1.198e-11 
1.07535 	1.32741 	1.396e-04 	1.190e-06 	1.394e-04 	2.069e-10 	3.386e-04 	4.575e-14 	1.251e-11 
1.09545 	1.35222 	1.395e-04 	1.281e-06 	1.393e-04 	2.239e-10 	3.386e-04 	4.984e-14 	1.305e-11 
1.11555 	1.37703 	1.395e-04 	1.378e-06 	1.392e-04 	2.424e-10 	3.386e-04 	5.430e-14 	1.362e-11 
1.13565 	1.40185 	1.394e-04 	1.483e-06 	1.391e-04 	2.625e-10 	3.386e-04 	5.916e-14 	1.422e-11 
1.15575 	1.42666 	1.393e-04 	1.595e-06 	1.390e-04 	2.843e-10 	3.386e-04 	6.445e-14 	1.484e-11 
1.17585 	1.45147 	1.392e-04 	1.716e-06 	1.389e-04 	3.080e-10 	3.387e-04 	7.021e-14 	1.549e-11 
1.19595 	1.47628 	1.390e-04 	1.845e-06 	1.388e-04 	3.336e-10 	3.387e-04 	7.649e-14 	1.617e-11 
1.21605 	1.50109 	1.389e-04 	1.984e-06 	1.386e-04 	3.615e-10 	3.387e-04 	8.332e-14 	1.688e-11 
1.23615 	1.52590 	1.388e-04 	2.133e-06 	1.385e-04 	3.918e-10 	3.387e-04 	9.077e-14 	1.762e-11 
1.25625 	1.55071 	1.386e-04 	2.293e-06 	1.383e-04 	4.248e-10 	3.388e-04 	9.888e-14 	1.839e-11 
1.27635 	1.57553 	1.384e-04 	2.465e-06 	1.382e-04 	4.605e-10 	3.388e-04 	1.077e-13 	1.920e-11 
1.29645 	1.60034 	1.383e-04 	2.649e-06 	1.380e-04 	4.994e-10 	3.388e-04 	1.173e-13 	2.005e-11 
1.31655 	1.62515 	1.381e-04 	2.846e-06 	1.378e-04 	5.416e-10 	3.388e-04 	1.278e-13 	2.094e-11 
1.33665 	1.64996 	1.379e-04 	3.058e-06 	1.376e-04 	5.874e-10 	3.389e-04 	1.392e-13 	2.187e-11 
1.35675 	1.67477 	1.377e-04 	3.284e-06 	1.374e-04 	6.373e-10 	3.389e-04 	1.517e-13 	2.284e-11 
1.37685 	1.69958 	1.374e-04 	3.527e-06 	1.372e-04 	6.915e-10 	3.389e-04 	1.652e-13 	2.386e-11 
1.39695 	1.72440 	1.372e-04 	3.786e-06 	1.369e-04 	7.503e-10 	3.389e-04 	1.800e-13 	2.492e-11 
1.41705 	1.74921 	1.369e-04 	4.064e-06 	1.367e-04 	8.144e-10 	3.390e-04 	1.961e-13 	2.604e-11 
1.43715 	1.77402 	1.366e-04 	4.360e-06 	1.364e-04 	8.839e-10 	3.390e-04 	2.136e-13 	2.721e-11 
1.45725 	1.79883 	1.363e-04 	4.677e-06 	1.361e-04 	9.596e-10 	3.390e-04 	2.327e-13 	2.844e-11 
1.47735 	1.82364 	1.360e-04 	5.016e-06 	1.357e-04 	1.042e-09 	3.391e-04 	2.535e-13 	2.972e-11 
1.49745 	1.84845 	1.357e-04 	5.377e-06 	1.354e-04 	1.131e-09 	3.391e-04 	2.762e-13 	3.108e-11 
1.51755 	1.87326 	1.353e-04 	5.763e-06 	1.350e-04 	1.228e-09 	3.391e-04 	3.009e-13 	3.249e-11 
1.53765 	1.89808 	1.349e-04 	6.173e-06 	1.346e-04 	1.334e-09 	3.392e-04 	3.278e-13 	3.399e-11 
1.55775 	1.92289 	1.345e-04 	6.611e-06 	1.342e-04 	1.449e-09 	3.392e-04 	3.572e-13 	3.555e-11 
1.57785 	1.94770 	1.340e-04 	7.077e-06 	1.337e-04 	1.574e-09 	3.392e-04 	3.893e-13 	3.720e-11 
1.59795 	1.97251 	1.335e-04 	7.572e-06 	1.333e-04 	1.709e-09 	3.393e-04 	4.242e-13 	3.893e-11 
1.61805 	1.99732 	1.330e-04 	8.098e-06 	1.328e-04 	1.857e-09 	3.393e-04 	4.624e-13 	4.076e-11 
1.63815 	2.02213 	1.325e-04 	8.657e-06 	1.322e-04 	2.017e-09 	3.394e-04 	5.040e-13 	4.268e-11 
1.65825 	2.04694 	1.319e-04 	9.249e-06 	1.316e-04 	2.191e-09 	3.394e-04 	5.494e-13 	4.471e-11 
1.67835 	2.07176 	1.313e-04 	9.877e-06 	1.310e-04 	2.381e-09 	3.394e-04 	5.990e-13 	4.685e-11 
1.69845 	2.09657 	1.307e-04 	1.054e-05 	1.304e-04 	2.586e-09 	3.395e-04 	6.531e-13 	4.910e-11 
1.71855 	2.12138 	1.300e-04 	1.124e-05 	1.297e-04 	2.810e-09 	3.395e-04 	7.123e-13 	5.148e-11 
1.73865 	2.14619 	1.293e-04 	1.199e-05 	1.290e-04 	3.052e-09 	3.396e-04 	7.769e-13 	5.400e-11 
1.75875 	2.17100 	1.285e-04 	1.277e-05 	1.282e-04 	3.316e-09 	3.397e-04 	8.475e-13 	5.667e-11 
1.77885 	2.19581 	1.277e-04 	1.360e-05 	1.274e-04 	3.602e-09 	3.397e-04 	9.248e-13 	5.948e-11 
1.79895 	2.22062 	1.269e-04 	1.446e-05 	1.266e-04 	3.912e-09 	3.398e-04 	1.009e-12 	6.247e-11 
1.81905 	2.24544 	1.260e-04 	1.538e-05 	1.257e-04 	4.249e-09 	3.398e-04 	1.102e-12 	6.563e-11 
1.83915 	2.27025 	1.250e-04 	1.633e-05 	1.248e-04 	4.615e-09 	3.399e-04 	1.203e-12 	6.899e-11 
1.85925 	2.29506 	1.241e-04 	1.734e-05 	1.238e-04 	5.012e-09 	3.400e-04 	1.314e-12 	7.255e-11 
1.87935 	2.31987 	1.230e-04 	1.839e-05 	1.228e-04 	5.442e-09 	3.401e-04 	1.436e-12 	7.634e-11 
1.89945 	2.34468 	1.220e-04 	1.949e-05 	1.217e-04 	5.908e-09 	3.401e-04 	1.569e-12 	8.036e-11 
1.91955 	2.36949 	1.209e-04 	2.064e-05 	1.206e-04 	6.413e-09 	3.402e-04 	1.715e-12 	8.464e-11 
1.93965 	2.39430 	1.197e-04 	2.183e-05 	1.194e-04 	6.961e-09 	3.403e-04 	1.876e-12 	8.920e-11 
1.95975 	2.41912 	1.185e-04 	2.307e-05 	1.182e-04 	7.554e-09 	3.404e-04 	2.052e-12 	9.406e-11 
1.97985 	2.44393 	1.172e-04 	2.437e-05 	1.170e-04 	8.196e-09 	3.405e-04 	2.246e-12 	9.924e-11 
1.99995 	2.46874 	1.159e-04 	2.570e-05 	1.157e-04 	8.892e-09 	3.406e-04 	2.459e-12 	1.048e-10 
