n = 1.0e+02, Tgas =  31.5, Tdust =  31.5, Go = 10000.0
pc 	Av 	e- 	C 	C+ 	CO 	O 	O2 	H2O 
0.01005 	0.00155 	1.783e-04 	1.576e-11 	1.413e-04 	3.346e-17 	3.407e-04 	2.626e-20 	1.656e-14 
0.03015 	0.00465 	1.783e-04 	1.590e-11 	1.413e-04 	3.392e-17 	3.407e-04 	2.655e-20 	1.666e-14 
0.05025 	0.00775 	1.783e-04 	1.605e-11 	1.413e-04 	3.439e-17 	3.407e-04 	2.683e-20 	1.675e-14 
0.07035 	0.01086 	1.783e-04 	1.620e-11 	1.413e-04 	3.486e-17 	3.407e-04 	2.713e-20 	1.685e-14 
0.09045 	0.01396 	1.783e-04 	1.635e-11 	1.413e-04 	3.534e-17 	3.407e-04 	2.742e-20 	1.695e-14 
0.11055 	0.01706 	1.783e-04 	1.651e-11 	1.413e-04 	3.582e-17 	3.407e-04 	2.772e-20 	1.705e-14 
0.13065 	0.02016 	1.783e-04 	1.666e-11 	1.413e-04 	3.631e-17 	3.407e-04 	2.802e-20 	1.714e-14 
0.15075 	0.02326 	1.783e-04 	1.682e-11 	1.413e-04 	3.681e-17 	3.407e-04 	2.833e-20 	1.724e-14 
0.17085 	0.02636 	1.783e-04 	1.697e-11 	1.413e-04 	3.732e-17 	3.407e-04 	2.863e-20 	1.734e-14 
0.19095 	0.02946 	1.783e-04 	1.713e-11 	1.413e-04 	3.784e-17 	3.407e-04 	2.894e-20 	1.744e-14 
0.21105 	0.03257 	1.783e-04 	1.729e-11 	1.413e-04 	3.836e-17 	3.407e-04 	2.926e-20 	1.754e-14 
0.23115 	0.03567 	1.783e-04 	1.745e-11 	1.413e-04 	3.889e-17 	3.407e-04 	2.958e-20 	1.764e-14 
0.25125 	0.03877 	1.783e-04 	1.762e-11 	1.413e-04 	3.942e-17 	3.407e-04 	2.990e-20 	1.774e-14 
0.27135 	0.04187 	1.783e-04 	1.778e-11 	1.413e-04 	3.997e-17 	3.407e-04 	3.022e-20 	1.785e-14 
0.29145 	0.04497 	1.783e-04 	1.795e-11 	1.413e-04 	4.052e-17 	3.407e-04 	3.055e-20 	1.795e-14 
0.31155 	0.04807 	1.783e-04 	1.812e-11 	1.413e-04 	4.108e-17 	3.407e-04 	3.088e-20 	1.805e-14 
0.33165 	0.05117 	1.783e-04 	1.828e-11 	1.413e-04 	4.165e-17 	3.407e-04 	3.122e-20 	1.816e-14 
0.35175 	0.05428 	1.783e-04 	1.846e-11 	1.413e-04 	4.223e-17 	3.407e-04 	3.156e-20 	1.826e-14 
0.37185 	0.05738 	1.783e-04 	1.863e-11 	1.413e-04 	4.281e-17 	3.407e-04 	3.190e-20 	1.836e-14 
0.39195 	0.06048 	1.783e-04 	1.880e-11 	1.413e-04 	4.341e-17 	3.407e-04 	3.225e-20 	1.847e-14 
0.41205 	0.06358 	1.783e-04 	1.898e-11 	1.413e-04 	4.401e-17 	3.407e-04 	3.260e-20 	1.858e-14 
0.43215 	0.06668 	1.783e-04 	1.915e-11 	1.413e-04 	4.462e-17 	3.407e-04 	3.296e-20 	1.868e-14 
0.45225 	0.06978 	1.783e-04 	1.933e-11 	1.413e-04 	4.524e-17 	3.407e-04 	3.331e-20 	1.879e-14 
0.47235 	0.07288 	1.783e-04 	1.951e-11 	1.413e-04 	4.587e-17 	3.406e-04 	3.368e-20 	1.890e-14 
0.49245 	0.07599 	1.783e-04 	1.970e-11 	1.413e-04 	4.650e-17 	3.406e-04 	3.404e-20 	1.901e-14 
0.51255 	0.07909 	1.782e-04 	1.988e-11 	1.413e-04 	4.715e-17 	3.406e-04 	3.441e-20 	1.911e-14 
0.53265 	0.08219 	1.782e-04 	2.007e-11 	1.413e-04 	4.781e-17 	3.406e-04 	3.479e-20 	1.922e-14 
0.55275 	0.08529 	1.782e-04 	2.025e-11 	1.413e-04 	4.847e-17 	3.406e-04 	3.517e-20 	1.933e-14 
0.57285 	0.08839 	1.782e-04 	2.044e-11 	1.413e-04 	4.915e-17 	3.406e-04 	3.555e-20 	1.944e-14 
0.59295 	0.09149 	1.782e-04 	2.063e-11 	1.413e-04 	4.983e-17 	3.406e-04 	3.594e-20 	1.955e-14 
0.61305 	0.09459 	1.782e-04 	2.083e-11 	1.413e-04 	5.053e-17 	3.406e-04 	3.633e-20 	1.967e-14 
0.63315 	0.09770 	1.782e-04 	2.102e-11 	1.413e-04 	5.123e-17 	3.406e-04 	3.672e-20 	1.978e-14 
0.65325 	0.10080 	1.782e-04 	2.122e-11 	1.413e-04 	5.195e-17 	3.406e-04 	3.712e-20 	1.989e-14 
0.67335 	0.10390 	1.782e-04 	2.142e-11 	1.413e-04 	5.267e-17 	3.406e-04 	3.753e-20 	2.000e-14 
0.69345 	0.10700 	1.782e-04 	2.162e-11 	1.413e-04 	5.341e-17 	3.406e-04 	3.793e-20 	2.012e-14 
0.71355 	0.11010 	1.782e-04 	2.182e-11 	1.413e-04 	5.416e-17 	3.406e-04 	3.835e-20 	2.023e-14 
0.73365 	0.11320 	1.782e-04 	2.202e-11 	1.413e-04 	5.491e-17 	3.406e-04 	3.876e-20 	2.035e-14 
0.75375 	0.11630 	1.782e-04 	2.223e-11 	1.413e-04 	5.568e-17 	3.406e-04 	3.919e-20 	2.046e-14 
0.77385 	0.11941 	1.782e-04 	2.243e-11 	1.413e-04 	5.646e-17 	3.406e-04 	3.961e-20 	2.058e-14 
0.79395 	0.12251 	1.782e-04 	2.264e-11 	1.413e-04 	5.725e-17 	3.406e-04 	4.004e-20 	2.070e-14 
0.81405 	0.12561 	1.782e-04 	2.285e-11 	1.413e-04 	5.806e-17 	3.406e-04 	4.048e-20 	2.082e-14 
0.83415 	0.12871 	1.782e-04 	2.307e-11 	1.413e-04 	5.887e-17 	3.406e-04 	4.092e-20 	2.093e-14 
0.85425 	0.13181 	1.782e-04 	2.328e-11 	1.413e-04 	5.970e-17 	3.406e-04 	4.137e-20 	2.105e-14 
0.87435 	0.13491 	1.782e-04 	2.350e-11 	1.413e-04 	6.053e-17 	3.406e-04 	4.182e-20 	2.117e-14 
0.89445 	0.13801 	1.782e-04 	2.372e-11 	1.413e-04 	6.138e-17 	3.406e-04 	4.227e-20 	2.129e-14 
0.91455 	0.14112 	1.782e-04 	2.394e-11 	1.413e-04 	6.225e-17 	3.406e-04 	4.273e-20 	2.141e-14 
0.93465 	0.14422 	1.782e-04 	2.417e-11 	1.413e-04 	6.312e-17 	3.406e-04 	4.320e-20 	2.154e-14 
0.95475 	0.14732 	1.782e-04 	2.439e-11 	1.413e-04 	6.401e-17 	3.406e-04 	4.367e-20 	2.166e-14 
0.97485 	0.15042 	1.782e-04 	2.462e-11 	1.413e-04 	6.491e-17 	3.406e-04 	4.414e-20 	2.178e-14 
0.99495 	0.15352 	1.782e-04 	2.485e-11 	1.413e-04 	6.582e-17 	3.406e-04 	4.462e-20 	2.190e-14 
1.01505 	0.15662 	1.782e-04 	2.508e-11 	1.413e-04 	6.675e-17 	3.406e-04 	4.511e-20 	2.203e-14 
1.03515 	0.15972 	1.782e-04 	2.532e-11 	1.413e-04 	6.769e-17 	3.406e-04 	4.560e-20 	2.215e-14 
1.05525 	0.16283 	1.782e-04 	2.555e-11 	1.413e-04 	6.865e-17 	3.406e-04 	4.610e-20 	2.228e-14 
1.07535 	0.16593 	1.782e-04 	2.579e-11 	1.413e-04 	6.962e-17 	3.406e-04 	4.660e-20 	2.241e-14 
1.09545 	0.16903 	1.782e-04 	2.603e-11 	1.413e-04 	7.060e-17 	3.406e-04 	4.711e-20 	2.253e-14 
1.11555 	0.17213 	1.782e-04 	2.627e-11 	1.413e-04 	7.160e-17 	3.406e-04 	4.762e-20 	2.266e-14 
1.13565 	0.17523 	1.782e-04 	2.652e-11 	1.413e-04 	7.261e-17 	3.406e-04 	4.814e-20 	2.279e-14 
1.15575 	0.17833 	1.781e-04 	2.677e-11 	1.413e-04 	7.363e-17 	3.406e-04 	4.866e-20 	2.292e-14 
1.17585 	0.18143 	1.781e-04 	2.702e-11 	1.413e-04 	7.467e-17 	3.406e-04 	4.919e-20 	2.305e-14 
1.19595 	0.18454 	1.781e-04 	2.727e-11 	1.413e-04 	7.573e-17 	3.406e-04 	4.973e-20 	2.318e-14 
1.21605 	0.18764 	1.781e-04 	2.752e-11 	1.413e-04 	7.680e-17 	3.406e-04 	5.027e-20 	2.331e-14 
1.23615 	0.19074 	1.781e-04 	2.778e-11 	1.413e-04 	7.789e-17 	3.406e-04 	5.082e-20 	2.344e-14 
1.25625 	0.19384 	1.781e-04 	2.804e-11 	1.413e-04 	7.899e-17 	3.406e-04 	5.137e-20 	2.357e-14 
1.27635 	0.19694 	1.781e-04 	2.830e-11 	1.413e-04 	8.011e-17 	3.406e-04 	5.193e-20 	2.370e-14 
1.29645 	0.20004 	1.781e-04 	2.857e-11 	1.412e-04 	8.125e-17 	3.405e-04 	5.249e-20 	2.384e-14 
1.31655 	0.20314 	1.781e-04 	2.883e-11 	1.412e-04 	8.240e-17 	3.405e-04 	5.307e-20 	2.397e-14 
1.33665 	0.20625 	1.781e-04 	2.910e-11 	1.412e-04 	8.357e-17 	3.405e-04 	5.364e-20 	2.411e-14 
1.35675 	0.20935 	1.781e-04 	2.937e-11 	1.412e-04 	8.476e-17 	3.405e-04 	5.423e-20 	2.424e-14 
1.37685 	0.21245 	1.781e-04 	2.965e-11 	1.412e-04 	8.596e-17 	3.405e-04 	5.482e-20 	2.438e-14 
1.39695 	0.21555 	1.781e-04 	2.993e-11 	1.412e-04 	8.718e-17 	3.405e-04 	5.542e-20 	2.452e-14 
1.41705 	0.21865 	1.781e-04 	3.020e-11 	1.412e-04 	8.842e-17 	3.405e-04 	5.602e-20 	2.466e-14 
1.43715 	0.22175 	1.781e-04 	3.049e-11 	1.412e-04 	8.968e-17 	3.405e-04 	5.663e-20 	2.479e-14 
1.45725 	0.22485 	1.781e-04 	3.077e-11 	1.412e-04 	9.096e-17 	3.405e-04 	5.725e-20 	2.493e-14 
1.47735 	0.22796 	1.781e-04 	3.106e-11 	1.412e-04 	9.225e-17 	3.405e-04 	5.787e-20 	2.507e-14 
1.49745 	0.23106 	1.781e-04 	3.135e-11 	1.412e-04 	9.356e-17 	3.405e-04 	5.850e-20 	2.521e-14 
1.51755 	0.23416 	1.781e-04 	3.164e-11 	1.412e-04 	9.490e-17 	3.405e-04 	5.914e-20 	2.536e-14 
1.53765 	0.23726 	1.781e-04 	3.194e-11 	1.412e-04 	9.625e-17 	3.405e-04 	5.978e-20 	2.550e-14 
1.55775 	0.24036 	1.781e-04 	3.223e-11 	1.412e-04 	9.762e-17 	3.405e-04 	6.043e-20 	2.564e-14 
1.57785 	0.24346 	1.781e-04 	3.254e-11 	1.412e-04 	9.901e-17 	3.405e-04 	6.109e-20 	2.579e-14 
1.59795 	0.24656 	1.781e-04 	3.284e-11 	1.412e-04 	1.004e-16 	3.405e-04 	6.176e-20 	2.593e-14 
1.61805 	0.24967 	1.781e-04 	3.315e-11 	1.412e-04 	1.019e-16 	3.405e-04 	6.243e-20 	2.608e-14 
1.63815 	0.25277 	1.781e-04 	3.346e-11 	1.412e-04 	1.033e-16 	3.405e-04 	6.311e-20 	2.622e-14 
1.65825 	0.25587 	1.780e-04 	3.377e-11 	1.412e-04 	1.048e-16 	3.405e-04 	6.380e-20 	2.637e-14 
1.67835 	0.25897 	1.780e-04 	3.408e-11 	1.412e-04 	1.063e-16 	3.405e-04 	6.450e-20 	2.652e-14 
1.69845 	0.26207 	1.780e-04 	3.440e-11 	1.412e-04 	1.078e-16 	3.405e-04 	6.520e-20 	2.667e-14 
1.71855 	0.26517 	1.780e-04 	3.472e-11 	1.412e-04 	1.094e-16 	3.405e-04 	6.591e-20 	2.682e-14 
1.73865 	0.26827 	1.780e-04 	3.505e-11 	1.412e-04 	1.109e-16 	3.405e-04 	6.663e-20 	2.697e-14 
1.75875 	0.27138 	1.780e-04 	3.537e-11 	1.412e-04 	1.125e-16 	3.405e-04 	6.735e-20 	2.712e-14 
1.77885 	0.27448 	1.780e-04 	3.570e-11 	1.412e-04 	1.141e-16 	3.405e-04 	6.809e-20 	2.727e-14 
1.79895 	0.27758 	1.780e-04 	3.604e-11 	1.412e-04 	1.158e-16 	3.405e-04 	6.883e-20 	2.742e-14 
1.81905 	0.28068 	1.780e-04 	3.637e-11 	1.412e-04 	1.174e-16 	3.405e-04 	6.958e-20 	2.758e-14 
1.83915 	0.28378 	1.780e-04 	3.671e-11 	1.412e-04 	1.191e-16 	3.405e-04 	7.034e-20 	2.773e-14 
1.85925 	0.28688 	1.780e-04 	3.706e-11 	1.412e-04 	1.208e-16 	3.405e-04 	7.110e-20 	2.788e-14 
1.87935 	0.28998 	1.780e-04 	3.740e-11 	1.412e-04 	1.225e-16 	3.405e-04 	7.188e-20 	2.804e-14 
1.89945 	0.29309 	1.780e-04 	3.775e-11 	1.412e-04 	1.243e-16 	3.405e-04 	7.266e-20 	2.820e-14 
1.91955 	0.29619 	1.780e-04 	3.810e-11 	1.412e-04 	1.261e-16 	3.405e-04 	7.345e-20 	2.836e-14 
1.93965 	0.29929 	1.780e-04 	3.846e-11 	1.412e-04 	1.279e-16 	3.404e-04 	7.426e-20 	2.851e-14 
1.95975 	0.30239 	1.780e-04 	3.882e-11 	1.412e-04 	1.297e-16 	3.404e-04 	7.507e-20 	2.867e-14 
1.97985 	0.30549 	1.780e-04 	3.918e-11 	1.412e-04 	1.316e-16 	3.404e-04 	7.588e-20 	2.883e-14 
1.99995 	0.30859 	1.780e-04 	3.955e-11 	1.412e-04 	1.335e-16 	3.404e-04 	7.671e-20 	2.899e-14 
