n = 1.0e+04, Tgas =  56.0, Tdust =  56.0, Go = 10000.0
pc 	Av 	e- 	C 	C+ 	CO 	O 	O2 	H2O 
0.01005 	0.15507 	1.414e-04 	1.635e-09 	1.413e-04 	5.381e-13 	3.407e-04 	3.926e-17 	1.553e-13 
0.03015 	0.46521 	1.414e-04 	4.350e-09 	1.413e-04 	1.640e-12 	3.407e-04 	9.010e-17 	1.938e-13 
0.05025 	0.77536 	1.419e-04 	1.140e-08 	1.419e-04 	4.409e-12 	3.420e-04 	2.096e-16 	2.511e-13 
0.07035 	1.08550 	1.426e-04 	2.946e-08 	1.425e-04 	1.100e-11 	3.437e-04 	5.007e-16 	3.421e-13 
0.09045 	1.39564 	1.431e-04 	7.547e-08 	1.431e-04 	2.632e-11 	3.452e-04 	1.246e-15 	4.926e-13 
0.11055 	1.70579 	1.434e-04 	1.923e-07 	1.434e-04 	6.171e-11 	3.462e-04 	3.242e-15 	7.460e-13 
0.13065 	2.01593 	1.434e-04 	4.874e-07 	1.434e-04 	1.438e-10 	3.469e-04 	8.764e-15 	1.176e-12 
0.15075 	2.32607 	1.429e-04 	1.227e-06 	1.428e-04 	3.368e-10 	3.474e-04 	2.436e-14 	1.906e-12 
0.17085 	2.63622 	1.412e-04 	3.046e-06 	1.412e-04 	7.986e-10 	3.477e-04 	6.892e-14 	3.159e-12 
0.19095 	2.94636 	1.370e-04 	7.324e-06 	1.370e-04 	1.925e-09 	3.480e-04 	1.974e-13 	5.355e-12 
0.21105 	3.25650 	1.280e-04 	1.647e-05 	1.280e-04 	4.700e-09 	3.483e-04 	5.742e-13 	9.405e-12 
0.23115 	3.56664 	1.117e-04 	3.295e-05 	1.117e-04 	1.145e-08 	3.488e-04 	1.729e-12 	1.754e-11 
0.25125 	3.87679 	8.861e-05 	5.631e-05 	8.858e-05 	2.723e-08 	3.494e-04 	5.559e-12 	3.563e-11 
0.27135 	4.18693 	6.316e-05 	8.202e-05 	6.313e-05 	6.224e-08 	3.501e-04 	1.953e-11 	7.929e-11 
0.29145 	4.49707 	4.053e-05 	1.048e-04 	4.050e-05 	1.364e-07 	3.506e-04 	7.433e-11 	1.900e-10 
0.31155 	4.80722 	2.346e-05 	1.220e-04 	2.343e-05 	2.878e-07 	3.509e-04 	2.928e-10 	4.724e-10 
0.33165 	5.11736 	1.227e-05 	1.330e-04 	1.224e-05 	5.913e-07 	3.509e-04 	1.103e-09 	1.155e-09 
0.35175 	5.42750 	5.923e-06 	1.388e-04 	5.894e-06 	1.215e-06 	3.505e-04 	3.603e-09 	2.607e-09 
0.37185 	5.73765 	2.812e-06 	1.405e-04 	2.787e-06 	2.637e-06 	3.491e-04 	9.532e-09 	5.246e-09 
0.39195 	6.04779 	1.470e-06 	1.382e-04 	1.451e-06 	6.247e-06 	3.455e-04 	2.028e-08 	9.543e-09 
0.41205 	6.35793 	9.211e-07 	1.297e-04 	9.058e-07 	1.530e-05 	3.364e-04 	3.622e-08 	1.626e-08 
0.43215 	6.66807 	6.636e-07 	1.104e-04 	6.512e-07 	3.484e-05 	3.169e-04 	5.809e-08 	2.655e-08 
0.45225 	6.97822 	4.969e-07 	7.897e-05 	4.857e-07 	6.649e-05 	2.851e-04 	9.148e-08 	4.179e-08 
0.47235 	7.28836 	3.702e-07 	4.505e-05 	3.592e-07 	1.005e-04 	2.509e-04 	1.537e-07 	6.424e-08 
0.49245 	7.59850 	2.817e-07 	2.146e-05 	2.702e-07 	1.242e-04 	2.270e-04 	2.788e-07 	9.862e-08 
0.51255 	7.90865 	2.207e-07 	9.627e-06 	2.081e-07 	1.361e-04 	2.146e-04 	5.143e-07 	1.523e-07 
0.53265 	8.21879 	1.737e-07 	4.500e-06 	1.593e-07 	1.413e-04 	2.085e-04 	9.186e-07 	2.339e-07 
0.55275 	8.52893 	1.359e-07 	2.280e-06 	1.189e-07 	1.436e-04 	2.048e-04 	1.575e-06 	3.518e-07 
0.57285 	8.83908 	1.068e-07 	1.254e-06 	8.648e-08 	1.446e-04 	2.015e-04 	2.614e-06 	5.081e-07 
0.59295 	9.14922 	8.599e-08 	7.379e-07 	6.188e-08 	1.451e-04 	1.976e-04 	4.226e-06 	6.913e-07 
0.61305 	9.45936 	7.187e-08 	4.575e-07 	4.406e-08 	1.454e-04 	1.922e-04 	6.656e-06 	8.741e-07 
0.63315 	9.76950 	6.266e-08 	2.976e-07 	3.159e-08 	1.456e-04 	1.850e-04 	1.013e-05 	1.025e-06 
0.65325 	10.07965 	5.686e-08 	2.046e-07 	2.315e-08 	1.457e-04 	1.757e-04 	1.468e-05 	1.122e-06 
0.67335 	10.38979 	5.338e-08 	1.505e-07 	1.766e-08 	1.458e-04 	1.650e-04 	1.993e-05 	1.164e-06 
0.69345 	10.69993 	5.140e-08 	1.193e-07 	1.425e-08 	1.458e-04 	1.546e-04 	2.513e-05 	1.166e-06 
0.71355 	11.01008 	5.033e-08 	1.015e-07 	1.221e-08 	1.458e-04 	1.458e-04 	2.954e-05 	1.149e-06 
0.73365 	11.32022 	4.977e-08 	9.139e-08 	1.101e-08 	1.458e-04 	1.393e-04 	3.280e-05 	1.129e-06 
0.75375 	11.63036 	4.947e-08 	8.565e-08 	1.032e-08 	1.458e-04 	1.349e-04 	3.500e-05 	1.113e-06 
0.77385 	11.94051 	4.930e-08 	8.238e-08 	9.928e-09 	1.458e-04 	1.321e-04 	3.639e-05 	1.101e-06 
0.79395 	12.25065 	4.921e-08 	8.051e-08 	9.701e-09 	1.458e-04 	1.304e-04 	3.723e-05 	1.094e-06 
0.81405 	12.56079 	4.917e-08 	7.944e-08 	9.571e-09 	1.459e-04 	1.295e-04 	3.772e-05 	1.090e-06 
0.83415 	12.87093 	4.914e-08 	7.883e-08 	9.497e-09 	1.459e-04 	1.289e-04 	3.801e-05 	1.087e-06 
0.85425 	13.18108 	4.912e-08 	7.848e-08 	9.454e-09 	1.459e-04 	1.285e-04 	3.818e-05 	1.086e-06 
0.87435 	13.49122 	4.911e-08 	7.828e-08 	9.429e-09 	1.459e-04 	1.283e-04 	3.828e-05 	1.085e-06 
0.89445 	13.80136 	4.911e-08 	7.816e-08 	9.415e-09 	1.459e-04 	1.282e-04 	3.833e-05 	1.085e-06 
0.91455 	14.11151 	4.910e-08 	7.809e-08 	9.407e-09 	1.459e-04 	1.282e-04 	3.837e-05 	1.084e-06 
0.93465 	14.42165 	4.910e-08 	7.805e-08 	9.403e-09 	1.459e-04 	1.281e-04 	3.839e-05 	1.084e-06 
0.95475 	14.73179 	4.910e-08 	7.803e-08 	9.400e-09 	1.459e-04 	1.281e-04 	3.840e-05 	1.084e-06 
0.97485 	15.04194 	4.910e-08 	7.802e-08 	9.399e-09 	1.459e-04 	1.281e-04 	3.840e-05 	1.084e-06 
0.99495 	15.35208 	4.910e-08 	7.801e-08 	9.398e-09 	1.459e-04 	1.281e-04 	3.841e-05 	1.084e-06 
1.01505 	15.66222 	4.910e-08 	7.801e-08 	9.397e-09 	1.459e-04 	1.281e-04 	3.841e-05 	1.084e-06 
1.03515 	15.97236 	4.910e-08 	7.800e-08 	9.397e-09 	1.459e-04 	1.281e-04 	3.841e-05 	1.084e-06 
1.05525 	16.28251 	4.910e-08 	7.800e-08 	9.397e-09 	1.459e-04 	1.281e-04 	3.841e-05 	1.084e-06 
1.07535 	16.59265 	4.910e-08 	7.800e-08 	9.397e-09 	1.459e-04 	1.281e-04 	3.841e-05 	1.084e-06 
1.09545 	16.90279 	4.910e-08 	7.800e-08 	9.397e-09 	1.459e-04 	1.281e-04 	3.841e-05 	1.084e-06 
1.11555 	17.21294 	4.910e-08 	7.800e-08 	9.397e-09 	1.459e-04 	1.281e-04 	3.841e-05 	1.084e-06 
1.13565 	17.52308 	4.910e-08 	7.800e-08 	9.397e-09 	1.459e-04 	1.281e-04 	3.841e-05 	1.084e-06 
1.15575 	17.83322 	4.910e-08 	7.800e-08 	9.397e-09 	1.459e-04 	1.281e-04 	3.841e-05 	1.084e-06 
1.17585 	18.14337 	4.910e-08 	7.800e-08 	9.397e-09 	1.459e-04 	1.281e-04 	3.841e-05 	1.084e-06 
1.19595 	18.45351 	4.910e-08 	7.800e-08 	9.397e-09 	1.459e-04 	1.281e-04 	3.841e-05 	1.084e-06 
1.21605 	18.76365 	4.910e-08 	7.800e-08 	9.397e-09 	1.459e-04 	1.281e-04 	3.841e-05 	1.084e-06 
1.23615 	19.07379 	4.910e-08 	7.800e-08 	9.397e-09 	1.459e-04 	1.281e-04 	3.841e-05 	1.084e-06 
1.25625 	19.38394 	4.910e-08 	7.800e-08 	9.397e-09 	1.459e-04 	1.281e-04 	3.841e-05 	1.084e-06 
1.27635 	19.69408 	4.910e-08 	7.800e-08 	9.397e-09 	1.459e-04 	1.281e-04 	3.841e-05 	1.084e-06 
1.29645 	20.00422 	4.910e-08 	7.800e-08 	9.397e-09 	1.459e-04 	1.281e-04 	3.841e-05 	1.084e-06 
1.31655 	20.31437 	4.910e-08 	7.800e-08 	9.397e-09 	1.459e-04 	1.281e-04 	3.841e-05 	1.084e-06 
1.33665 	20.62451 	4.910e-08 	7.800e-08 	9.397e-09 	1.459e-04 	1.281e-04 	3.841e-05 	1.084e-06 
1.35675 	20.93465 	4.910e-08 	7.800e-08 	9.397e-09 	1.459e-04 	1.281e-04 	3.841e-05 	1.084e-06 
1.37685 	21.24480 	4.910e-08 	7.800e-08 	9.397e-09 	1.459e-04 	1.281e-04 	3.841e-05 	1.084e-06 
1.39695 	21.55494 	4.910e-08 	7.800e-08 	9.397e-09 	1.459e-04 	1.281e-04 	3.841e-05 	1.084e-06 
1.41705 	21.86508 	4.910e-08 	7.800e-08 	9.397e-09 	1.459e-04 	1.281e-04 	3.841e-05 	1.084e-06 
1.43715 	22.17522 	4.910e-08 	7.800e-08 	9.397e-09 	1.459e-04 	1.281e-04 	3.841e-05 	1.084e-06 
1.45725 	22.48537 	4.910e-08 	7.800e-08 	9.397e-09 	1.459e-04 	1.281e-04 	3.841e-05 	1.084e-06 
1.47735 	22.79551 	4.910e-08 	7.800e-08 	9.397e-09 	1.459e-04 	1.281e-04 	3.841e-05 	1.084e-06 
1.49745 	23.10565 	4.910e-08 	7.800e-08 	9.397e-09 	1.459e-04 	1.281e-04 	3.841e-05 	1.084e-06 
1.51755 	23.41580 	4.910e-08 	7.800e-08 	9.397e-09 	1.459e-04 	1.281e-04 	3.841e-05 	1.084e-06 
1.53765 	23.72594 	4.910e-08 	7.800e-08 	9.397e-09 	1.459e-04 	1.281e-04 	3.841e-05 	1.084e-06 
1.55775 	24.03608 	4.910e-08 	7.800e-08 	9.397e-09 	1.459e-04 	1.281e-04 	3.841e-05 	1.084e-06 
1.57785 	24.34623 	4.910e-08 	7.800e-08 	9.397e-09 	1.459e-04 	1.281e-04 	3.841e-05 	1.084e-06 
1.59795 	24.65637 	4.910e-08 	7.800e-08 	9.397e-09 	1.459e-04 	1.281e-04 	3.841e-05 	1.084e-06 
1.61805 	24.96651 	4.910e-08 	7.800e-08 	9.397e-09 	1.459e-04 	1.281e-04 	3.841e-05 	1.084e-06 
1.63815 	25.27665 	4.910e-08 	7.800e-08 	9.397e-09 	1.459e-04 	1.281e-04 	3.841e-05 	1.084e-06 
1.65825 	25.58680 	4.910e-08 	7.800e-08 	9.397e-09 	1.459e-04 	1.281e-04 	3.841e-05 	1.084e-06 
1.67835 	25.89694 	4.910e-08 	7.800e-08 	9.397e-09 	1.459e-04 	1.281e-04 	3.841e-05 	1.084e-06 
1.69845 	26.20708 	4.910e-08 	7.800e-08 	9.397e-09 	1.459e-04 	1.281e-04 	3.841e-05 	1.084e-06 
1.71855 	26.51723 	4.910e-08 	7.800e-08 	9.397e-09 	1.459e-04 	1.281e-04 	3.841e-05 	1.084e-06 
1.73865 	26.82737 	4.910e-08 	7.800e-08 	9.397e-09 	1.459e-04 	1.281e-04 	3.841e-05 	1.084e-06 
1.75875 	27.13751 	4.910e-08 	7.800e-08 	9.397e-09 	1.459e-04 	1.281e-04 	3.841e-05 	1.084e-06 
1.77885 	27.44766 	4.910e-08 	7.800e-08 	9.397e-09 	1.459e-04 	1.281e-04 	3.841e-05 	1.084e-06 
1.79895 	27.75780 	4.910e-08 	7.800e-08 	9.397e-09 	1.459e-04 	1.281e-04 	3.841e-05 	1.084e-06 
1.81905 	28.06794 	4.910e-08 	7.800e-08 	9.397e-09 	1.459e-04 	1.281e-04 	3.841e-05 	1.084e-06 
1.83915 	28.37808 	4.910e-08 	7.800e-08 	9.397e-09 	1.459e-04 	1.281e-04 	3.841e-05 	1.084e-06 
1.85925 	28.68823 	4.910e-08 	7.800e-08 	9.397e-09 	1.459e-04 	1.281e-04 	3.841e-05 	1.084e-06 
1.87935 	28.99837 	4.910e-08 	7.800e-08 	9.397e-09 	1.459e-04 	1.281e-04 	3.841e-05 	1.084e-06 
1.89945 	29.30851 	4.910e-08 	7.800e-08 	9.397e-09 	1.459e-04 	1.281e-04 	3.841e-05 	1.084e-06 
1.91955 	29.61866 	4.910e-08 	7.800e-08 	9.397e-09 	1.459e-04 	1.281e-04 	3.841e-05 	1.084e-06 
1.93965 	29.92880 	4.910e-08 	7.800e-08 	9.397e-09 	1.459e-04 	1.281e-04 	3.841e-05 	1.084e-06 
1.95975 	30.23894 	4.910e-08 	7.800e-08 	9.397e-09 	1.459e-04 	1.281e-04 	3.841e-05 	1.084e-06 
1.97985 	30.54909 	4.910e-08 	7.800e-08 	9.397e-09 	1.459e-04 	1.281e-04 	3.841e-05 	1.084e-06 
1.99995 	30.85923 	4.910e-08 	7.800e-08 	9.397e-09 	1.459e-04 	1.281e-04 	3.841e-05 	1.084e-06 
