n = 1.0e+02, Tgas =  20.0, Tdust =  20.0, Go = 100.0
pc 	Av 	e- 	C 	C+ 	CO 	O 	O2 	H2O 
0.01005 	0.00155 	1.476e-04 	1.882e-09 	1.367e-04 	2.244e-13 	3.296e-04 	1.237e-16 	1.130e-12 
0.03015 	0.00465 	1.476e-04 	1.900e-09 	1.367e-04 	2.270e-13 	3.296e-04 	1.253e-16 	1.138e-12 
0.05025 	0.00775 	1.476e-04 	1.918e-09 	1.367e-04 	2.297e-13 	3.296e-04 	1.269e-16 	1.146e-12 
0.07035 	0.01086 	1.475e-04 	1.936e-09 	1.367e-04 	2.324e-13 	3.296e-04 	1.285e-16 	1.155e-12 
0.09045 	0.01396 	1.475e-04 	1.954e-09 	1.367e-04 	2.351e-13 	3.296e-04 	1.301e-16 	1.163e-12 
0.11055 	0.01706 	1.475e-04 	1.973e-09 	1.367e-04 	2.379e-13 	3.296e-04 	1.317e-16 	1.171e-12 
0.13065 	0.02016 	1.474e-04 	1.992e-09 	1.367e-04 	2.406e-13 	3.296e-04 	1.334e-16 	1.179e-12 
0.15075 	0.02326 	1.474e-04 	2.010e-09 	1.367e-04 	2.434e-13 	3.296e-04 	1.351e-16 	1.188e-12 
0.17085 	0.02636 	1.474e-04 	2.029e-09 	1.367e-04 	2.463e-13 	3.295e-04 	1.368e-16 	1.196e-12 
0.19095 	0.02946 	1.473e-04 	2.049e-09 	1.367e-04 	2.491e-13 	3.295e-04 	1.385e-16 	1.205e-12 
0.21105 	0.03257 	1.473e-04 	2.068e-09 	1.367e-04 	2.520e-13 	3.295e-04 	1.402e-16 	1.213e-12 
0.23115 	0.03567 	1.473e-04 	2.087e-09 	1.367e-04 	2.550e-13 	3.295e-04 	1.420e-16 	1.222e-12 
0.25125 	0.03877 	1.472e-04 	2.107e-09 	1.367e-04 	2.579e-13 	3.295e-04 	1.438e-16 	1.230e-12 
0.27135 	0.04187 	1.472e-04 	2.127e-09 	1.367e-04 	2.609e-13 	3.295e-04 	1.456e-16 	1.239e-12 
0.29145 	0.04497 	1.472e-04 	2.147e-09 	1.367e-04 	2.639e-13 	3.295e-04 	1.474e-16 	1.247e-12 
0.31155 	0.04807 	1.471e-04 	2.167e-09 	1.367e-04 	2.670e-13 	3.295e-04 	1.493e-16 	1.256e-12 
0.33165 	0.05117 	1.471e-04 	2.188e-09 	1.367e-04 	2.701e-13 	3.295e-04 	1.512e-16 	1.265e-12 
0.35175 	0.05428 	1.471e-04 	2.209e-09 	1.367e-04 	2.732e-13 	3.295e-04 	1.531e-16 	1.274e-12 
0.37185 	0.05738 	1.470e-04 	2.229e-09 	1.367e-04 	2.763e-13 	3.295e-04 	1.550e-16 	1.283e-12 
0.39195 	0.06048 	1.470e-04 	2.251e-09 	1.367e-04 	2.795e-13 	3.295e-04 	1.569e-16 	1.292e-12 
0.41205 	0.06358 	1.470e-04 	2.272e-09 	1.366e-04 	2.827e-13 	3.295e-04 	1.589e-16 	1.301e-12 
0.43215 	0.06668 	1.469e-04 	2.293e-09 	1.366e-04 	2.860e-13 	3.295e-04 	1.609e-16 	1.310e-12 
0.45225 	0.06978 	1.469e-04 	2.315e-09 	1.366e-04 	2.892e-13 	3.294e-04 	1.629e-16 	1.319e-12 
0.47235 	0.07288 	1.469e-04 	2.337e-09 	1.366e-04 	2.926e-13 	3.294e-04 	1.649e-16 	1.328e-12 
0.49245 	0.07599 	1.468e-04 	2.359e-09 	1.366e-04 	2.959e-13 	3.294e-04 	1.670e-16 	1.337e-12 
0.51255 	0.07909 	1.468e-04 	2.381e-09 	1.366e-04 	2.993e-13 	3.294e-04 	1.691e-16 	1.347e-12 
0.53265 	0.08219 	1.468e-04 	2.404e-09 	1.366e-04 	3.027e-13 	3.294e-04 	1.712e-16 	1.356e-12 
0.55275 	0.08529 	1.467e-04 	2.426e-09 	1.366e-04 	3.061e-13 	3.294e-04 	1.733e-16 	1.365e-12 
0.57285 	0.08839 	1.467e-04 	2.449e-09 	1.366e-04 	3.096e-13 	3.294e-04 	1.755e-16 	1.375e-12 
0.59295 	0.09149 	1.467e-04 	2.472e-09 	1.366e-04 	3.131e-13 	3.294e-04 	1.777e-16 	1.384e-12 
0.61305 	0.09459 	1.466e-04 	2.496e-09 	1.366e-04 	3.167e-13 	3.294e-04 	1.799e-16 	1.394e-12 
0.63315 	0.09770 	1.466e-04 	2.519e-09 	1.366e-04 	3.203e-13 	3.294e-04 	1.821e-16 	1.404e-12 
0.65325 	0.10080 	1.466e-04 	2.543e-09 	1.366e-04 	3.239e-13 	3.294e-04 	1.844e-16 	1.413e-12 
0.67335 	0.10390 	1.466e-04 	2.567e-09 	1.366e-04 	3.276e-13 	3.294e-04 	1.867e-16 	1.423e-12 
0.69345 	0.10700 	1.465e-04 	2.592e-09 	1.366e-04 	3.313e-13 	3.294e-04 	1.890e-16 	1.433e-12 
0.71355 	0.11010 	1.465e-04 	2.616e-09 	1.366e-04 	3.350e-13 	3.294e-04 	1.913e-16 	1.443e-12 
0.73365 	0.11320 	1.465e-04 	2.641e-09 	1.366e-04 	3.388e-13 	3.294e-04 	1.937e-16 	1.453e-12 
0.75375 	0.11630 	1.464e-04 	2.666e-09 	1.366e-04 	3.426e-13 	3.294e-04 	1.961e-16 	1.463e-12 
0.77385 	0.11941 	1.464e-04 	2.691e-09 	1.366e-04 	3.465e-13 	3.294e-04 	1.985e-16 	1.473e-12 
0.79395 	0.12251 	1.464e-04 	2.716e-09 	1.366e-04 	3.504e-13 	3.294e-04 	2.010e-16 	1.483e-12 
0.81405 	0.12561 	1.463e-04 	2.742e-09 	1.366e-04 	3.543e-13 	3.294e-04 	2.035e-16 	1.493e-12 
0.83415 	0.12871 	1.463e-04 	2.768e-09 	1.366e-04 	3.583e-13 	3.294e-04 	2.060e-16 	1.503e-12 
0.85425 	0.13181 	1.463e-04 	2.794e-09 	1.366e-04 	3.623e-13 	3.294e-04 	2.086e-16 	1.513e-12 
0.87435 	0.13491 	1.463e-04 	2.821e-09 	1.366e-04 	3.663e-13 	3.294e-04 	2.112e-16 	1.524e-12 
0.89445 	0.13801 	1.462e-04 	2.847e-09 	1.366e-04 	3.704e-13 	3.294e-04 	2.138e-16 	1.534e-12 
0.91455 	0.14112 	1.462e-04 	2.874e-09 	1.366e-04 	3.746e-13 	3.294e-04 	2.164e-16 	1.545e-12 
0.93465 	0.14422 	1.462e-04 	2.901e-09 	1.366e-04 	3.787e-13 	3.294e-04 	2.191e-16 	1.555e-12 
0.95475 	0.14732 	1.461e-04 	2.929e-09 	1.366e-04 	3.830e-13 	3.294e-04 	2.218e-16 	1.566e-12 
0.97485 	0.15042 	1.461e-04 	2.957e-09 	1.366e-04 	3.872e-13 	3.294e-04 	2.245e-16 	1.576e-12 
0.99495 	0.15352 	1.461e-04 	2.984e-09 	1.366e-04 	3.915e-13 	3.294e-04 	2.273e-16 	1.587e-12 
1.01505 	0.15662 	1.461e-04 	3.013e-09 	1.366e-04 	3.959e-13 	3.294e-04 	2.301e-16 	1.598e-12 
1.03515 	0.15972 	1.460e-04 	3.041e-09 	1.366e-04 	4.003e-13 	3.294e-04 	2.329e-16 	1.609e-12 
1.05525 	0.16283 	1.460e-04 	3.070e-09 	1.366e-04 	4.047e-13 	3.294e-04 	2.358e-16 	1.620e-12 
1.07535 	0.16593 	1.460e-04 	3.099e-09 	1.366e-04 	4.092e-13 	3.294e-04 	2.387e-16 	1.631e-12 
1.09545 	0.16903 	1.460e-04 	3.128e-09 	1.366e-04 	4.137e-13 	3.294e-04 	2.417e-16 	1.642e-12 
1.11555 	0.17213 	1.459e-04 	3.158e-09 	1.366e-04 	4.183e-13 	3.294e-04 	2.446e-16 	1.653e-12 
1.13565 	0.17523 	1.459e-04 	3.188e-09 	1.366e-04 	4.229e-13 	3.294e-04 	2.476e-16 	1.664e-12 
1.15575 	0.17833 	1.459e-04 	3.218e-09 	1.366e-04 	4.275e-13 	3.294e-04 	2.507e-16 	1.675e-12 
1.17585 	0.18143 	1.458e-04 	3.248e-09 	1.366e-04 	4.322e-13 	3.294e-04 	2.538e-16 	1.687e-12 
1.19595 	0.18454 	1.458e-04 	3.279e-09 	1.366e-04 	4.370e-13 	3.294e-04 	2.569e-16 	1.698e-12 
1.21605 	0.18764 	1.458e-04 	3.310e-09 	1.366e-04 	4.418e-13 	3.294e-04 	2.600e-16 	1.709e-12 
1.23615 	0.19074 	1.458e-04 	3.341e-09 	1.366e-04 	4.466e-13 	3.294e-04 	2.632e-16 	1.721e-12 
1.25625 	0.19384 	1.457e-04 	3.373e-09 	1.366e-04 	4.515e-13 	3.294e-04 	2.664e-16 	1.732e-12 
1.27635 	0.19694 	1.457e-04 	3.405e-09 	1.366e-04 	4.565e-13 	3.294e-04 	2.697e-16 	1.744e-12 
1.29645 	0.20004 	1.457e-04 	3.437e-09 	1.366e-04 	4.614e-13 	3.294e-04 	2.730e-16 	1.756e-12 
1.31655 	0.20314 	1.457e-04 	3.470e-09 	1.366e-04 	4.665e-13 	3.294e-04 	2.764e-16 	1.767e-12 
1.33665 	0.20625 	1.456e-04 	3.502e-09 	1.366e-04 	4.716e-13 	3.294e-04 	2.797e-16 	1.779e-12 
1.35675 	0.20935 	1.456e-04 	3.535e-09 	1.366e-04 	4.767e-13 	3.294e-04 	2.832e-16 	1.791e-12 
1.37685 	0.21245 	1.456e-04 	3.569e-09 	1.366e-04 	4.819e-13 	3.294e-04 	2.866e-16 	1.803e-12 
1.39695 	0.21555 	1.456e-04 	3.603e-09 	1.366e-04 	4.871e-13 	3.294e-04 	2.901e-16 	1.815e-12 
1.41705 	0.21865 	1.455e-04 	3.637e-09 	1.366e-04 	4.924e-13 	3.294e-04 	2.937e-16 	1.827e-12 
1.43715 	0.22175 	1.455e-04 	3.671e-09 	1.366e-04 	4.978e-13 	3.294e-04 	2.973e-16 	1.840e-12 
1.45725 	0.22485 	1.455e-04 	3.706e-09 	1.366e-04 	5.032e-13 	3.294e-04 	3.009e-16 	1.852e-12 
1.47735 	0.22796 	1.455e-04 	3.741e-09 	1.366e-04 	5.086e-13 	3.294e-04 	3.046e-16 	1.864e-12 
1.49745 	0.23106 	1.454e-04 	3.776e-09 	1.366e-04 	5.141e-13 	3.294e-04 	3.083e-16 	1.877e-12 
1.51755 	0.23416 	1.454e-04 	3.812e-09 	1.366e-04 	5.197e-13 	3.294e-04 	3.120e-16 	1.889e-12 
1.53765 	0.23726 	1.454e-04 	3.848e-09 	1.366e-04 	5.253e-13 	3.294e-04 	3.158e-16 	1.902e-12 
1.55775 	0.24036 	1.454e-04 	3.884e-09 	1.366e-04 	5.310e-13 	3.294e-04 	3.197e-16 	1.914e-12 
1.57785 	0.24346 	1.453e-04 	3.921e-09 	1.366e-04 	5.367e-13 	3.294e-04 	3.236e-16 	1.927e-12 
1.59795 	0.24656 	1.453e-04 	3.958e-09 	1.366e-04 	5.425e-13 	3.294e-04 	3.275e-16 	1.940e-12 
1.61805 	0.24967 	1.453e-04 	3.996e-09 	1.366e-04 	5.483e-13 	3.294e-04 	3.315e-16 	1.953e-12 
1.63815 	0.25277 	1.453e-04 	4.033e-09 	1.366e-04 	5.542e-13 	3.294e-04 	3.355e-16 	1.965e-12 
1.65825 	0.25587 	1.453e-04 	4.072e-09 	1.366e-04 	5.602e-13 	3.294e-04 	3.396e-16 	1.978e-12 
1.67835 	0.25897 	1.452e-04 	4.110e-09 	1.366e-04 	5.662e-13 	3.294e-04 	3.437e-16 	1.992e-12 
1.69845 	0.26207 	1.452e-04 	4.149e-09 	1.366e-04 	5.722e-13 	3.294e-04 	3.479e-16 	2.005e-12 
1.71855 	0.26517 	1.452e-04 	4.188e-09 	1.366e-04 	5.784e-13 	3.294e-04 	3.521e-16 	2.018e-12 
1.73865 	0.26827 	1.452e-04 	4.228e-09 	1.366e-04 	5.845e-13 	3.294e-04 	3.564e-16 	2.031e-12 
1.75875 	0.27138 	1.451e-04 	4.268e-09 	1.366e-04 	5.908e-13 	3.294e-04 	3.607e-16 	2.045e-12 
1.77885 	0.27448 	1.451e-04 	4.308e-09 	1.366e-04 	5.971e-13 	3.294e-04 	3.651e-16 	2.058e-12 
1.79895 	0.27758 	1.451e-04 	4.349e-09 	1.366e-04 	6.035e-13 	3.294e-04 	3.695e-16 	2.072e-12 
1.81905 	0.28068 	1.451e-04 	4.390e-09 	1.366e-04 	6.099e-13 	3.294e-04 	3.740e-16 	2.085e-12 
1.83915 	0.28378 	1.451e-04 	4.431e-09 	1.366e-04 	6.164e-13 	3.295e-04 	3.785e-16 	2.099e-12 
1.85925 	0.28688 	1.450e-04 	4.473e-09 	1.366e-04 	6.229e-13 	3.295e-04 	3.831e-16 	2.113e-12 
1.87935 	0.28998 	1.450e-04 	4.516e-09 	1.366e-04 	6.296e-13 	3.295e-04 	3.878e-16 	2.126e-12 
1.89945 	0.29309 	1.450e-04 	4.558e-09 	1.366e-04 	6.362e-13 	3.295e-04 	3.924e-16 	2.140e-12 
1.91955 	0.29619 	1.450e-04 	4.601e-09 	1.367e-04 	6.430e-13 	3.295e-04 	3.972e-16 	2.154e-12 
1.93965 	0.29929 	1.449e-04 	4.645e-09 	1.367e-04 	6.498e-13 	3.295e-04 	4.020e-16 	2.168e-12 
1.95975 	0.30239 	1.449e-04 	4.689e-09 	1.367e-04 	6.567e-13 	3.295e-04 	4.068e-16 	2.183e-12 
1.97985 	0.30549 	1.449e-04 	4.733e-09 	1.367e-04 	6.636e-13 	3.295e-04 	4.118e-16 	2.197e-12 
1.99995 	0.30859 	1.449e-04 	4.778e-09 	1.367e-04 	6.706e-13 	3.295e-04 	4.167e-16 	2.211e-12 
