n = 1.0e+03, Tgas =  18.0, Tdust =  18.0, Go =   1.0
pc 	Av 	e- 	C 	C+ 	CO 	O 	O2 	H2O 
0.01005 	0.01551 	1.404e-04 	2.115e-06 	1.401e-04 	1.285e-08 	3.432e-04 	1.287e-11 	1.554e-10 
0.03015 	0.04652 	1.402e-04 	2.315e-06 	1.399e-04 	1.436e-08 	3.432e-04 	1.407e-11 	1.627e-10 
0.05025 	0.07754 	1.399e-04 	2.533e-06 	1.397e-04 	1.604e-08 	3.432e-04 	1.538e-11 	1.703e-10 
0.07035 	0.10855 	1.397e-04 	2.772e-06 	1.395e-04 	1.792e-08 	3.432e-04 	1.679e-11 	1.782e-10 
0.09045 	0.13956 	1.395e-04 	3.031e-06 	1.392e-04 	2.002e-08 	3.432e-04 	1.832e-11 	1.865e-10 
0.11055 	0.17058 	1.392e-04 	3.314e-06 	1.389e-04 	2.236e-08 	3.432e-04 	1.998e-11 	1.951e-10 
0.13065 	0.20159 	1.389e-04 	3.623e-06 	1.386e-04 	2.497e-08 	3.433e-04 	2.178e-11 	2.041e-10 
0.15075 	0.23261 	1.385e-04 	3.958e-06 	1.383e-04 	2.788e-08 	3.433e-04 	2.372e-11 	2.134e-10 
0.17085 	0.26362 	1.382e-04 	4.323e-06 	1.379e-04 	3.112e-08 	3.433e-04 	2.581e-11 	2.232e-10 
0.19095 	0.29464 	1.378e-04 	4.719e-06 	1.375e-04 	3.472e-08 	3.433e-04 	2.808e-11 	2.334e-10 
0.21105 	0.32565 	1.373e-04 	5.149e-06 	1.371e-04 	3.874e-08 	3.433e-04 	3.052e-11 	2.440e-10 
0.23115 	0.35666 	1.369e-04 	5.616e-06 	1.366e-04 	4.321e-08 	3.433e-04 	3.316e-11 	2.550e-10 
0.25125 	0.38768 	1.364e-04 	6.121e-06 	1.361e-04 	4.818e-08 	3.434e-04 	3.601e-11 	2.666e-10 
0.27135 	0.41869 	1.358e-04 	6.668e-06 	1.356e-04 	5.371e-08 	3.434e-04 	3.908e-11 	2.787e-10 
0.29145 	0.44971 	1.352e-04 	7.259e-06 	1.350e-04 	5.986e-08 	3.434e-04 	4.239e-11 	2.913e-10 
0.31155 	0.48072 	1.346e-04 	7.898e-06 	1.343e-04 	6.668e-08 	3.434e-04 	4.596e-11 	3.045e-10 
0.33165 	0.51174 	1.339e-04 	8.586e-06 	1.337e-04 	7.425e-08 	3.434e-04 	4.981e-11 	3.183e-10 
0.35175 	0.54275 	1.332e-04 	9.327e-06 	1.329e-04 	8.265e-08 	3.435e-04 	5.396e-11 	3.328e-10 
0.37185 	0.57376 	1.324e-04 	1.012e-05 	1.321e-04 	9.195e-08 	3.435e-04 	5.845e-11 	3.480e-10 
0.39195 	0.60478 	1.315e-04 	1.098e-05 	1.313e-04 	1.023e-07 	3.435e-04 	6.328e-11 	3.640e-10 
0.41205 	0.63579 	1.306e-04 	1.189e-05 	1.304e-04 	1.137e-07 	3.436e-04 	6.851e-11 	3.808e-10 
0.43215 	0.66681 	1.296e-04 	1.287e-05 	1.294e-04 	1.263e-07 	3.436e-04 	7.416e-11 	3.985e-10 
0.45225 	0.69782 	1.286e-04 	1.392e-05 	1.283e-04 	1.402e-07 	3.436e-04 	8.028e-11 	4.172e-10 
0.47235 	0.72884 	1.274e-04 	1.503e-05 	1.272e-04 	1.556e-07 	3.437e-04 	8.690e-11 	4.369e-10 
0.49245 	0.75985 	1.263e-04 	1.621e-05 	1.260e-04 	1.726e-07 	3.437e-04 	9.407e-11 	4.579e-10 
0.51255 	0.79086 	1.250e-04 	1.747e-05 	1.248e-04 	1.913e-07 	3.437e-04 	1.019e-10 	4.801e-10 
0.53265 	0.82188 	1.237e-04 	1.880e-05 	1.234e-04 	2.118e-07 	3.438e-04 	1.103e-10 	5.037e-10 
0.55275 	0.85289 	1.223e-04 	2.020e-05 	1.220e-04 	2.345e-07 	3.438e-04 	1.195e-10 	5.288e-10 
0.57285 	0.88391 	1.208e-04 	2.168e-05 	1.205e-04 	2.593e-07 	3.439e-04 	1.296e-10 	5.555e-10 
0.59295 	0.91492 	1.192e-04 	2.323e-05 	1.190e-04 	2.865e-07 	3.439e-04 	1.405e-10 	5.841e-10 
0.61305 	0.94594 	1.176e-04 	2.485e-05 	1.173e-04 	3.164e-07 	3.439e-04 	1.525e-10 	6.147e-10 
0.63315 	0.97695 	1.159e-04 	2.655e-05 	1.156e-04 	3.491e-07 	3.440e-04 	1.656e-10 	6.475e-10 
0.65325 	1.00796 	1.141e-04 	2.833e-05 	1.138e-04 	3.848e-07 	3.440e-04 	1.799e-10 	6.826e-10 
0.67335 	1.03898 	1.122e-04 	3.017e-05 	1.120e-04 	4.237e-07 	3.441e-04 	1.957e-10 	7.204e-10 
0.69345 	1.06999 	1.103e-04 	3.207e-05 	1.100e-04 	4.662e-07 	3.441e-04 	2.131e-10 	7.611e-10 
0.71355 	1.10101 	1.083e-04 	3.405e-05 	1.080e-04 	5.125e-07 	3.441e-04 	2.322e-10 	8.050e-10 
0.73365 	1.13202 	1.062e-04 	3.608e-05 	1.060e-04 	5.627e-07 	3.442e-04 	2.533e-10 	8.524e-10 
0.75375 	1.16304 	1.041e-04 	3.817e-05 	1.039e-04 	6.173e-07 	3.442e-04 	2.766e-10 	9.036e-10 
0.77385 	1.19405 	1.019e-04 	4.031e-05 	1.017e-04 	6.765e-07 	3.442e-04 	3.025e-10 	9.591e-10 
0.79395 	1.22506 	9.967e-05 	4.250e-05 	9.944e-05 	7.406e-07 	3.443e-04 	3.311e-10 	1.019e-09 
0.81405 	1.25608 	9.738e-05 	4.473e-05 	9.715e-05 	8.099e-07 	3.443e-04 	3.629e-10 	1.084e-09 
0.83415 	1.28709 	9.506e-05 	4.700e-05 	9.482e-05 	8.847e-07 	3.443e-04 	3.983e-10 	1.155e-09 
0.85425 	1.31811 	9.269e-05 	4.930e-05 	9.246e-05 	9.653e-07 	3.443e-04 	4.377e-10 	1.232e-09 
0.87435 	1.34912 	9.029e-05 	5.162e-05 	9.006e-05 	1.052e-06 	3.443e-04 	4.817e-10 	1.316e-09 
0.89445 	1.38014 	8.787e-05 	5.396e-05 	8.764e-05 	1.145e-06 	3.443e-04 	5.307e-10 	1.407e-09 
0.91455 	1.41115 	8.542e-05 	5.631e-05 	8.520e-05 	1.246e-06 	3.443e-04 	5.856e-10 	1.506e-09 
0.93465 	1.44216 	8.296e-05 	5.867e-05 	8.274e-05 	1.353e-06 	3.443e-04 	6.470e-10 	1.614e-09 
0.95475 	1.47318 	8.049e-05 	6.103e-05 	8.027e-05 	1.468e-06 	3.442e-04 	7.158e-10 	1.733e-09 
0.97485 	1.50419 	7.802e-05 	6.337e-05 	7.779e-05 	1.591e-06 	3.442e-04 	7.930e-10 	1.862e-09 
0.99495 	1.53521 	7.554e-05 	6.571e-05 	7.532e-05 	1.723e-06 	3.441e-04 	8.797e-10 	2.003e-09 
1.01505 	1.56622 	7.308e-05 	6.803e-05 	7.286e-05 	1.863e-06 	3.440e-04 	9.771e-10 	2.157e-09 
1.03515 	1.59724 	7.062e-05 	7.032e-05 	7.040e-05 	2.012e-06 	3.439e-04 	1.087e-09 	2.326e-09 
1.05525 	1.62825 	6.818e-05 	7.258e-05 	6.796e-05 	2.171e-06 	3.438e-04 	1.210e-09 	2.511e-09 
1.07535 	1.65927 	6.576e-05 	7.480e-05 	6.555e-05 	2.339e-06 	3.437e-04 	1.349e-09 	2.714e-09 
1.09545 	1.69028 	6.337e-05 	7.699e-05 	6.316e-05 	2.519e-06 	3.436e-04 	1.506e-09 	2.936e-09 
1.11555 	1.72129 	6.101e-05 	7.913e-05 	6.080e-05 	2.709e-06 	3.434e-04 	1.683e-09 	3.179e-09 
1.13565 	1.75231 	5.868e-05 	8.122e-05 	5.847e-05 	2.910e-06 	3.433e-04 	1.883e-09 	3.447e-09 
1.15575 	1.78332 	5.638e-05 	8.325e-05 	5.618e-05 	3.123e-06 	3.431e-04 	2.108e-09 	3.741e-09 
1.17585 	1.81434 	5.413e-05 	8.523e-05 	5.393e-05 	3.348e-06 	3.429e-04 	2.363e-09 	4.063e-09 
1.19595 	1.84535 	5.192e-05 	8.714e-05 	5.172e-05 	3.586e-06 	3.426e-04 	2.652e-09 	4.418e-09 
1.21605 	1.87637 	4.975e-05 	8.899e-05 	4.955e-05 	3.837e-06 	3.424e-04 	2.978e-09 	4.808e-09 
1.23615 	1.90738 	4.763e-05 	9.077e-05 	4.744e-05 	4.101e-06 	3.421e-04 	3.348e-09 	5.237e-09 
1.25625 	1.93839 	4.557e-05 	9.248e-05 	4.537e-05 	4.381e-06 	3.418e-04 	3.766e-09 	5.710e-09 
1.27635 	1.96941 	4.355e-05 	9.411e-05 	4.335e-05 	4.675e-06 	3.414e-04 	4.239e-09 	6.230e-09 
1.29645 	2.00042 	4.158e-05 	9.567e-05 	4.139e-05 	4.985e-06 	3.411e-04 	4.775e-09 	6.804e-09 
1.31655 	2.03144 	3.967e-05 	9.715e-05 	3.948e-05 	5.311e-06 	3.407e-04 	5.382e-09 	7.436e-09 
1.33665 	2.06245 	3.781e-05 	9.855e-05 	3.762e-05 	5.654e-06 	3.403e-04 	6.069e-09 	8.133e-09 
1.35675 	2.09347 	3.601e-05 	9.986e-05 	3.582e-05 	6.016e-06 	3.398e-04 	6.847e-09 	8.902e-09 
1.37685 	2.12448 	3.426e-05 	1.011e-04 	3.408e-05 	6.396e-06 	3.393e-04 	7.727e-09 	9.751e-09 
1.39695 	2.15549 	3.257e-05 	1.022e-04 	3.239e-05 	6.797e-06 	3.388e-04 	8.724e-09 	1.069e-08 
1.41705 	2.18651 	3.093e-05 	1.033e-04 	3.075e-05 	7.219e-06 	3.382e-04 	9.852e-09 	1.172e-08 
1.43715 	2.21752 	2.935e-05 	1.043e-04 	2.918e-05 	7.663e-06 	3.376e-04 	1.113e-08 	1.287e-08 
1.45725 	2.24854 	2.782e-05 	1.051e-04 	2.765e-05 	8.131e-06 	3.370e-04 	1.257e-08 	1.413e-08 
1.47735 	2.27955 	2.635e-05 	1.059e-04 	2.619e-05 	8.625e-06 	3.363e-04 	1.420e-08 	1.553e-08 
1.49745 	2.31057 	2.494e-05 	1.066e-04 	2.477e-05 	9.146e-06 	3.355e-04 	1.604e-08 	1.707e-08 
1.51755 	2.34158 	2.358e-05 	1.072e-04 	2.341e-05 	9.697e-06 	3.347e-04 	1.811e-08 	1.878e-08 
1.53765 	2.37259 	2.227e-05 	1.077e-04 	2.211e-05 	1.028e-05 	3.339e-04 	2.045e-08 	2.067e-08 
1.55775 	2.40361 	2.101e-05 	1.081e-04 	2.085e-05 	1.089e-05 	3.329e-04 	2.309e-08 	2.276e-08 
1.57785 	2.43462 	1.981e-05 	1.083e-04 	1.965e-05 	1.155e-05 	3.319e-04 	2.605e-08 	2.507e-08 
1.59795 	2.46564 	1.865e-05 	1.085e-04 	1.850e-05 	1.224e-05 	3.308e-04 	2.938e-08 	2.763e-08 
1.61805 	2.49665 	1.754e-05 	1.086e-04 	1.740e-05 	1.297e-05 	3.297e-04 	3.312e-08 	3.046e-08 
1.63815 	2.52767 	1.649e-05 	1.085e-04 	1.634e-05 	1.375e-05 	3.284e-04 	3.732e-08 	3.360e-08 
1.65825 	2.55868 	1.548e-05 	1.083e-04 	1.533e-05 	1.459e-05 	3.270e-04 	4.202e-08 	3.707e-08 
1.67835 	2.58969 	1.451e-05 	1.080e-04 	1.437e-05 	1.547e-05 	3.256e-04 	4.727e-08 	4.091e-08 
1.69845 	2.62071 	1.359e-05 	1.075e-04 	1.345e-05 	1.642e-05 	3.240e-04 	5.314e-08 	4.516e-08 
1.71855 	2.65172 	1.271e-05 	1.070e-04 	1.258e-05 	1.742e-05 	3.222e-04 	5.969e-08 	4.987e-08 
1.73865 	2.68274 	1.188e-05 	1.062e-04 	1.175e-05 	1.850e-05 	3.203e-04 	6.698e-08 	5.508e-08 
1.75875 	2.71375 	1.108e-05 	1.054e-04 	1.096e-05 	1.965e-05 	3.182e-04 	7.509e-08 	6.084e-08 
1.77885 	2.74477 	1.033e-05 	1.043e-04 	1.021e-05 	2.087e-05 	3.160e-04 	8.408e-08 	6.722e-08 
1.79895 	2.77578 	9.610e-06 	1.031e-04 	9.493e-06 	2.218e-05 	3.135e-04 	9.405e-08 	7.427e-08 
1.81905 	2.80679 	8.930e-06 	1.018e-04 	8.818e-06 	2.358e-05 	3.108e-04 	1.051e-07 	8.206e-08 
1.83915 	2.83781 	8.288e-06 	1.003e-04 	8.179e-06 	2.507e-05 	3.079e-04 	1.172e-07 	9.066e-08 
1.85925 	2.86882 	7.680e-06 	9.857e-05 	7.576e-06 	2.665e-05 	3.046e-04 	1.306e-07 	1.001e-07 
1.87935 	2.89984 	7.108e-06 	9.670e-05 	7.007e-06 	2.832e-05 	3.011e-04 	1.454e-07 	1.106e-07 
1.89945 	2.93085 	6.569e-06 	9.465e-05 	6.472e-06 	3.010e-05 	2.973e-04 	1.615e-07 	1.220e-07 
1.91955 	2.96187 	6.063e-06 	9.243e-05 	5.970e-06 	3.197e-05 	2.931e-04 	1.791e-07 	1.346e-07 
1.93965 	2.99288 	5.590e-06 	9.003e-05 	5.501e-06 	3.393e-05 	2.886e-04 	1.983e-07 	1.483e-07 
1.95975 	3.02389 	5.148e-06 	8.748e-05 	5.063e-06 	3.598e-05 	2.837e-04 	2.190e-07 	1.632e-07 
1.97985 	3.05491 	4.738e-06 	8.479e-05 	4.656e-06 	3.810e-05 	2.783e-04 	2.413e-07 	1.794e-07 
1.99995 	3.08592 	4.359e-06 	8.196e-05 	4.279e-06 	4.030e-05 	2.726e-04 	2.652e-07 	1.967e-07 
