n = 1.0e+03, Tgas =  45.0, Tdust =  45.0, Go =  10.0
pc 	Av 	e- 	C 	C+ 	CO 	O 	O2 	H2O 
0.01005 	0.01551 	1.439e-04 	1.356e-07 	1.436e-04 	2.062e-10 	3.465e-04 	4.789e-13 	2.996e-11 
0.03015 	0.04652 	1.439e-04 	1.489e-07 	1.436e-04 	2.283e-10 	3.466e-04 	5.315e-13 	3.151e-11 
0.05025 	0.07754 	1.438e-04 	1.634e-07 	1.436e-04 	2.528e-10 	3.466e-04 	5.899e-13 	3.313e-11 
0.07035 	0.10855 	1.438e-04 	1.793e-07 	1.436e-04 	2.801e-10 	3.466e-04 	6.547e-13 	3.484e-11 
0.09045 	0.13956 	1.438e-04 	1.967e-07 	1.436e-04 	3.104e-10 	3.466e-04 	7.265e-13 	3.663e-11 
0.11055 	0.17058 	1.438e-04 	2.159e-07 	1.435e-04 	3.441e-10 	3.466e-04 	8.060e-13 	3.852e-11 
0.13065 	0.20159 	1.438e-04 	2.369e-07 	1.435e-04 	3.815e-10 	3.466e-04 	8.943e-13 	4.051e-11 
0.15075 	0.23261 	1.438e-04 	2.599e-07 	1.435e-04 	4.231e-10 	3.466e-04 	9.920e-13 	4.259e-11 
0.17085 	0.26362 	1.438e-04 	2.852e-07 	1.435e-04 	4.694e-10 	3.467e-04 	1.100e-12 	4.479e-11 
0.19095 	0.29464 	1.437e-04 	3.129e-07 	1.435e-04 	5.209e-10 	3.467e-04 	1.220e-12 	4.710e-11 
0.21105 	0.32565 	1.437e-04 	3.433e-07 	1.434e-04 	5.783e-10 	3.467e-04 	1.353e-12 	4.952e-11 
0.23115 	0.35666 	1.437e-04 	3.766e-07 	1.434e-04 	6.420e-10 	3.467e-04 	1.500e-12 	5.207e-11 
0.25125 	0.38768 	1.436e-04 	4.131e-07 	1.434e-04 	7.130e-10 	3.467e-04 	1.663e-12 	5.474e-11 
0.27135 	0.41869 	1.436e-04 	4.532e-07 	1.433e-04 	7.921e-10 	3.467e-04 	1.843e-12 	5.756e-11 
0.29145 	0.44971 	1.436e-04 	4.972e-07 	1.433e-04 	8.801e-10 	3.467e-04 	2.042e-12 	6.051e-11 
0.31155 	0.48072 	1.435e-04 	5.453e-07 	1.433e-04 	9.782e-10 	3.467e-04 	2.262e-12 	6.361e-11 
0.33165 	0.51174 	1.435e-04 	5.981e-07 	1.432e-04 	1.087e-09 	3.467e-04 	2.505e-12 	6.687e-11 
0.35175 	0.54275 	1.434e-04 	6.560e-07 	1.432e-04 	1.209e-09 	3.468e-04 	2.774e-12 	7.029e-11 
0.37185 	0.57376 	1.434e-04 	7.194e-07 	1.431e-04 	1.345e-09 	3.468e-04 	3.071e-12 	7.388e-11 
0.39195 	0.60478 	1.433e-04 	7.889e-07 	1.430e-04 	1.496e-09 	3.468e-04 	3.398e-12 	7.765e-11 
0.41205 	0.63579 	1.432e-04 	8.650e-07 	1.430e-04 	1.664e-09 	3.468e-04 	3.760e-12 	8.160e-11 
0.43215 	0.66681 	1.431e-04 	9.484e-07 	1.429e-04 	1.852e-09 	3.468e-04 	4.159e-12 	8.575e-11 
0.45225 	0.69782 	1.430e-04 	1.040e-06 	1.428e-04 	2.061e-09 	3.468e-04 	4.599e-12 	9.010e-11 
0.47235 	0.72884 	1.429e-04 	1.140e-06 	1.427e-04 	2.294e-09 	3.468e-04 	5.084e-12 	9.467e-11 
0.49245 	0.75985 	1.428e-04 	1.249e-06 	1.426e-04 	2.554e-09 	3.468e-04 	5.618e-12 	9.946e-11 
0.51255 	0.79086 	1.427e-04 	1.369e-06 	1.425e-04 	2.844e-09 	3.468e-04 	6.206e-12 	1.045e-10 
0.53265 	0.82188 	1.426e-04 	1.500e-06 	1.423e-04 	3.167e-09 	3.468e-04 	6.853e-12 	1.097e-10 
0.55275 	0.85289 	1.424e-04 	1.643e-06 	1.422e-04 	3.527e-09 	3.468e-04 	7.566e-12 	1.153e-10 
0.57285 	0.88391 	1.423e-04 	1.800e-06 	1.420e-04 	3.929e-09 	3.468e-04 	8.349e-12 	1.211e-10 
0.59295 	0.91492 	1.421e-04 	1.971e-06 	1.419e-04 	4.376e-09 	3.469e-04 	9.210e-12 	1.271e-10 
0.61305 	0.94594 	1.419e-04 	2.159e-06 	1.417e-04 	4.875e-09 	3.469e-04 	1.016e-11 	1.335e-10 
0.63315 	0.97695 	1.417e-04 	2.363e-06 	1.415e-04 	5.431e-09 	3.469e-04 	1.120e-11 	1.402e-10 
0.65325 	1.00796 	1.415e-04 	2.586e-06 	1.413e-04 	6.051e-09 	3.469e-04 	1.234e-11 	1.471e-10 
0.67335 	1.03898 	1.413e-04 	2.830e-06 	1.410e-04 	6.742e-09 	3.469e-04 	1.359e-11 	1.545e-10 
0.69345 	1.06999 	1.410e-04 	3.095e-06 	1.408e-04 	7.512e-09 	3.469e-04 	1.496e-11 	1.621e-10 
0.71355 	1.10101 	1.407e-04 	3.385e-06 	1.405e-04 	8.369e-09 	3.469e-04 	1.646e-11 	1.702e-10 
0.73365 	1.13202 	1.404e-04 	3.700e-06 	1.402e-04 	9.324e-09 	3.469e-04 	1.811e-11 	1.786e-10 
0.75375 	1.16304 	1.401e-04 	4.043e-06 	1.398e-04 	1.039e-08 	3.469e-04 	1.992e-11 	1.875e-10 
0.77385 	1.19405 	1.397e-04 	4.416e-06 	1.394e-04 	1.157e-08 	3.469e-04 	2.189e-11 	1.968e-10 
0.79395 	1.22506 	1.393e-04 	4.822e-06 	1.390e-04 	1.289e-08 	3.470e-04 	2.405e-11 	2.065e-10 
0.81405 	1.25608 	1.389e-04 	5.262e-06 	1.386e-04 	1.436e-08 	3.470e-04 	2.642e-11 	2.167e-10 
0.83415 	1.28709 	1.384e-04 	5.740e-06 	1.381e-04 	1.599e-08 	3.470e-04 	2.901e-11 	2.274e-10 
0.85425 	1.31811 	1.379e-04 	6.258e-06 	1.376e-04 	1.780e-08 	3.470e-04 	3.184e-11 	2.387e-10 
0.87435 	1.34912 	1.373e-04 	6.819e-06 	1.371e-04 	1.981e-08 	3.470e-04 	3.493e-11 	2.505e-10 
0.89445 	1.38014 	1.367e-04 	7.425e-06 	1.365e-04 	2.205e-08 	3.470e-04 	3.832e-11 	2.630e-10 
0.91455 	1.41115 	1.361e-04 	8.080e-06 	1.358e-04 	2.454e-08 	3.471e-04 	4.202e-11 	2.760e-10 
0.93465 	1.44216 	1.354e-04 	8.786e-06 	1.351e-04 	2.730e-08 	3.471e-04 	4.606e-11 	2.898e-10 
0.95475 	1.47318 	1.346e-04 	9.547e-06 	1.344e-04 	3.036e-08 	3.471e-04 	5.049e-11 	3.043e-10 
0.97485 	1.50419 	1.338e-04 	1.037e-05 	1.335e-04 	3.375e-08 	3.471e-04 	5.532e-11 	3.196e-10 
0.99495 	1.53521 	1.329e-04 	1.124e-05 	1.327e-04 	3.751e-08 	3.471e-04 	6.061e-11 	3.357e-10 
1.01505 	1.56622 	1.320e-04 	1.219e-05 	1.317e-04 	4.167e-08 	3.472e-04 	6.640e-11 	3.528e-10 
1.03515 	1.59724 	1.310e-04 	1.319e-05 	1.307e-04 	4.628e-08 	3.472e-04 	7.274e-11 	3.708e-10 
1.05525 	1.62825 	1.299e-04 	1.427e-05 	1.297e-04 	5.137e-08 	3.472e-04 	7.968e-11 	3.899e-10 
1.07535 	1.65927 	1.288e-04 	1.542e-05 	1.285e-04 	5.699e-08 	3.472e-04 	8.729e-11 	4.101e-10 
1.09545 	1.69028 	1.276e-04 	1.664e-05 	1.273e-04 	6.320e-08 	3.473e-04 	9.563e-11 	4.315e-10 
1.11555 	1.72129 	1.263e-04 	1.793e-05 	1.260e-04 	7.005e-08 	3.473e-04 	1.048e-10 	4.543e-10 
1.13565 	1.75231 	1.249e-04 	1.931e-05 	1.247e-04 	7.759e-08 	3.473e-04 	1.148e-10 	4.786e-10 
1.15575 	1.78332 	1.235e-04 	2.076e-05 	1.232e-04 	8.589e-08 	3.474e-04 	1.259e-10 	5.044e-10 
1.17585 	1.81434 	1.219e-04 	2.228e-05 	1.217e-04 	9.503e-08 	3.474e-04 	1.381e-10 	5.320e-10 
1.19595 	1.84535 	1.203e-04 	2.389e-05 	1.201e-04 	1.051e-07 	3.474e-04 	1.515e-10 	5.614e-10 
1.21605 	1.87637 	1.187e-04 	2.558e-05 	1.184e-04 	1.161e-07 	3.475e-04 	1.663e-10 	5.929e-10 
1.23615 	1.90738 	1.169e-04 	2.734e-05 	1.167e-04 	1.282e-07 	3.475e-04 	1.826e-10 	6.266e-10 
1.25625 	1.93839 	1.151e-04 	2.919e-05 	1.148e-04 	1.414e-07 	3.476e-04 	2.006e-10 	6.628e-10 
1.27635 	1.96941 	1.132e-04 	3.110e-05 	1.129e-04 	1.559e-07 	3.476e-04 	2.206e-10 	7.017e-10 
1.29645 	2.00042 	1.112e-04 	3.309e-05 	1.109e-04 	1.717e-07 	3.476e-04 	2.427e-10 	7.435e-10 
1.31655 	2.03144 	1.091e-04 	3.515e-05 	1.089e-04 	1.890e-07 	3.477e-04 	2.673e-10 	7.886e-10 
1.33665 	2.06245 	1.070e-04 	3.728e-05 	1.068e-04 	2.078e-07 	3.477e-04 	2.945e-10 	8.371e-10 
1.35675 	2.09347 	1.048e-04 	3.946e-05 	1.046e-04 	2.283e-07 	3.478e-04 	3.249e-10 	8.895e-10 
1.37685 	2.12448 	1.026e-04 	4.171e-05 	1.023e-04 	2.506e-07 	3.478e-04 	3.586e-10 	9.462e-10 
1.39695 	2.15549 	1.003e-04 	4.401e-05 	1.000e-04 	2.749e-07 	3.479e-04 	3.963e-10 	1.007e-09 
1.41705 	2.18651 	9.794e-05 	4.636e-05 	9.768e-05 	3.012e-07 	3.479e-04 	4.383e-10 	1.074e-09 
1.43715 	2.21752 	9.555e-05 	4.875e-05 	9.529e-05 	3.298e-07 	3.479e-04 	4.853e-10 	1.146e-09 
1.45725 	2.24854 	9.312e-05 	5.118e-05 	9.286e-05 	3.607e-07 	3.480e-04 	5.378e-10 	1.224e-09 
1.47735 	2.27955 	9.065e-05 	5.364e-05 	9.040e-05 	3.942e-07 	3.480e-04 	5.967e-10 	1.309e-09 
1.49745 	2.31057 	8.816e-05 	5.612e-05 	8.791e-05 	4.303e-07 	3.481e-04 	6.626e-10 	1.401e-09 
1.51755 	2.34158 	8.565e-05 	5.862e-05 	8.540e-05 	4.694e-07 	3.481e-04 	7.366e-10 	1.502e-09 
1.53765 	2.37259 	8.312e-05 	6.114e-05 	8.287e-05 	5.115e-07 	3.481e-04 	8.198e-10 	1.611e-09 
1.55775 	2.40361 	8.058e-05 	6.366e-05 	8.033e-05 	5.569e-07 	3.481e-04 	9.132e-10 	1.730e-09 
1.57785 	2.43462 	7.804e-05 	6.618e-05 	7.779e-05 	6.057e-07 	3.482e-04 	1.018e-09 	1.860e-09 
1.59795 	2.46564 	7.550e-05 	6.870e-05 	7.525e-05 	6.582e-07 	3.482e-04 	1.137e-09 	2.001e-09 
1.61805 	2.49665 	7.297e-05 	7.120e-05 	7.273e-05 	7.146e-07 	3.482e-04 	1.270e-09 	2.156e-09 
1.63815 	2.52767 	7.045e-05 	7.369e-05 	7.021e-05 	7.752e-07 	3.482e-04 	1.420e-09 	2.325e-09 
1.65825 	2.55868 	6.795e-05 	7.615e-05 	6.771e-05 	8.401e-07 	3.482e-04 	1.589e-09 	2.510e-09 
1.67835 	2.58969 	6.548e-05 	7.859e-05 	6.523e-05 	9.098e-07 	3.482e-04 	1.781e-09 	2.712e-09 
1.69845 	2.62071 	6.303e-05 	8.099e-05 	6.279e-05 	9.843e-07 	3.482e-04 	1.996e-09 	2.933e-09 
1.71855 	2.65172 	6.061e-05 	8.336e-05 	6.037e-05 	1.064e-06 	3.482e-04 	2.240e-09 	3.174e-09 
1.73865 	2.68274 	5.823e-05 	8.568e-05 	5.799e-05 	1.150e-06 	3.482e-04 	2.515e-09 	3.439e-09 
1.75875 	2.71375 	5.589e-05 	8.796e-05 	5.565e-05 	1.241e-06 	3.482e-04 	2.826e-09 	3.729e-09 
1.77885 	2.74477 	5.359e-05 	9.018e-05 	5.336e-05 	1.338e-06 	3.482e-04 	3.177e-09 	4.046e-09 
1.79895 	2.77578 	5.134e-05 	9.236e-05 	5.111e-05 	1.443e-06 	3.481e-04 	3.574e-09 	4.394e-09 
1.81905 	2.80679 	4.913e-05 	9.447e-05 	4.891e-05 	1.554e-06 	3.481e-04 	4.022e-09 	4.775e-09 
1.83915 	2.83781 	4.698e-05 	9.653e-05 	4.676e-05 	1.673e-06 	3.480e-04 	4.528e-09 	5.193e-09 
1.85925 	2.86882 	4.488e-05 	9.852e-05 	4.466e-05 	1.800e-06 	3.479e-04 	5.100e-09 	5.652e-09 
1.87935 	2.89984 	4.284e-05 	1.005e-04 	4.262e-05 	1.936e-06 	3.479e-04 	5.745e-09 	6.154e-09 
1.89945 	2.93085 	4.085e-05 	1.023e-04 	4.064e-05 	2.081e-06 	3.478e-04 	6.473e-09 	6.705e-09 
1.91955 	2.96187 	3.892e-05 	1.041e-04 	3.871e-05 	2.237e-06 	3.477e-04 	7.295e-09 	7.309e-09 
1.93965 	2.99288 	3.705e-05 	1.058e-04 	3.685e-05 	2.403e-06 	3.475e-04 	8.220e-09 	7.971e-09 
1.95975 	3.02389 	3.524e-05 	1.075e-04 	3.504e-05 	2.580e-06 	3.474e-04 	9.262e-09 	8.696e-09 
1.97985 	3.05491 	3.350e-05 	1.091e-04 	3.330e-05 	2.771e-06 	3.473e-04 	1.043e-08 	9.491e-09 
1.99995 	3.08592 	3.181e-05 	1.106e-04 	3.161e-05 	2.974e-06 	3.471e-04 	1.175e-08 	1.036e-08 
