n = 1.0e+02, Tgas =  15.0, Tdust =  15.0, Go = 100.0
pc 	Av 	e- 	C 	C+ 	CO 	O 	O2 	H2O 
0.01005 	0.00155 	1.447e-04 	2.180e-09 	1.356e-04 	2.111e-13 	3.270e-04 	7.825e-17 	9.892e-13 
0.03015 	0.00465 	1.447e-04 	2.201e-09 	1.356e-04 	2.135e-13 	3.270e-04 	7.924e-17 	9.962e-13 
0.05025 	0.00775 	1.447e-04 	2.221e-09 	1.356e-04 	2.159e-13 	3.270e-04 	8.024e-17 	1.003e-12 
0.07035 	0.01086 	1.446e-04 	2.242e-09 	1.356e-04 	2.184e-13 	3.270e-04 	8.125e-17 	1.010e-12 
0.09045 	0.01396 	1.446e-04 	2.264e-09 	1.356e-04 	2.209e-13 	3.270e-04 	8.227e-17 	1.018e-12 
0.11055 	0.01706 	1.446e-04 	2.285e-09 	1.356e-04 	2.234e-13 	3.269e-04 	8.330e-17 	1.025e-12 
0.13065 	0.02016 	1.446e-04 	2.306e-09 	1.356e-04 	2.260e-13 	3.269e-04 	8.435e-17 	1.032e-12 
0.15075 	0.02326 	1.445e-04 	2.328e-09 	1.356e-04 	2.286e-13 	3.269e-04 	8.541e-17 	1.039e-12 
0.17085 	0.02636 	1.445e-04 	2.350e-09 	1.356e-04 	2.311e-13 	3.269e-04 	8.648e-17 	1.047e-12 
0.19095 	0.02946 	1.445e-04 	2.372e-09 	1.356e-04 	2.338e-13 	3.269e-04 	8.757e-17 	1.054e-12 
0.21105 	0.03257 	1.444e-04 	2.395e-09 	1.356e-04 	2.364e-13 	3.269e-04 	8.866e-17 	1.061e-12 
0.23115 	0.03567 	1.444e-04 	2.417e-09 	1.356e-04 	2.391e-13 	3.269e-04 	8.978e-17 	1.069e-12 
0.25125 	0.03877 	1.444e-04 	2.440e-09 	1.356e-04 	2.418e-13 	3.269e-04 	9.090e-17 	1.076e-12 
0.27135 	0.04187 	1.444e-04 	2.463e-09 	1.356e-04 	2.445e-13 	3.269e-04 	9.204e-17 	1.084e-12 
0.29145 	0.04497 	1.443e-04 	2.487e-09 	1.356e-04 	2.473e-13 	3.269e-04 	9.319e-17 	1.091e-12 
0.31155 	0.04807 	1.443e-04 	2.510e-09 	1.356e-04 	2.501e-13 	3.269e-04 	9.436e-17 	1.099e-12 
0.33165 	0.05117 	1.443e-04 	2.534e-09 	1.356e-04 	2.529e-13 	3.269e-04 	9.553e-17 	1.107e-12 
0.35175 	0.05428 	1.443e-04 	2.558e-09 	1.356e-04 	2.558e-13 	3.269e-04 	9.673e-17 	1.115e-12 
0.37185 	0.05738 	1.442e-04 	2.582e-09 	1.356e-04 	2.586e-13 	3.269e-04 	9.794e-17 	1.122e-12 
0.39195 	0.06048 	1.442e-04 	2.606e-09 	1.356e-04 	2.615e-13 	3.269e-04 	9.916e-17 	1.130e-12 
0.41205 	0.06358 	1.442e-04 	2.631e-09 	1.356e-04 	2.645e-13 	3.269e-04 	1.004e-16 	1.138e-12 
0.43215 	0.06668 	1.442e-04 	2.656e-09 	1.356e-04 	2.674e-13 	3.269e-04 	1.016e-16 	1.146e-12 
0.45225 	0.06978 	1.441e-04 	2.681e-09 	1.356e-04 	2.704e-13 	3.269e-04 	1.029e-16 	1.154e-12 
0.47235 	0.07288 	1.441e-04 	2.706e-09 	1.356e-04 	2.735e-13 	3.269e-04 	1.042e-16 	1.162e-12 
0.49245 	0.07599 	1.441e-04 	2.732e-09 	1.356e-04 	2.765e-13 	3.269e-04 	1.055e-16 	1.170e-12 
0.51255 	0.07909 	1.441e-04 	2.757e-09 	1.356e-04 	2.796e-13 	3.269e-04 	1.068e-16 	1.178e-12 
0.53265 	0.08219 	1.440e-04 	2.784e-09 	1.356e-04 	2.827e-13 	3.269e-04 	1.081e-16 	1.186e-12 
0.55275 	0.08529 	1.440e-04 	2.810e-09 	1.356e-04 	2.859e-13 	3.268e-04 	1.095e-16 	1.194e-12 
0.57285 	0.08839 	1.440e-04 	2.836e-09 	1.356e-04 	2.890e-13 	3.268e-04 	1.108e-16 	1.203e-12 
0.59295 	0.09149 	1.440e-04 	2.863e-09 	1.356e-04 	2.922e-13 	3.268e-04 	1.122e-16 	1.211e-12 
0.61305 	0.09459 	1.439e-04 	2.890e-09 	1.356e-04 	2.955e-13 	3.268e-04 	1.136e-16 	1.219e-12 
0.63315 	0.09770 	1.439e-04 	2.918e-09 	1.356e-04 	2.988e-13 	3.268e-04 	1.150e-16 	1.228e-12 
0.65325 	0.10080 	1.439e-04 	2.945e-09 	1.356e-04 	3.021e-13 	3.268e-04 	1.164e-16 	1.236e-12 
0.67335 	0.10390 	1.439e-04 	2.973e-09 	1.356e-04 	3.054e-13 	3.268e-04 	1.179e-16 	1.245e-12 
0.69345 	0.10700 	1.438e-04 	3.001e-09 	1.356e-04 	3.088e-13 	3.268e-04 	1.193e-16 	1.253e-12 
0.71355 	0.11010 	1.438e-04 	3.029e-09 	1.356e-04 	3.122e-13 	3.268e-04 	1.208e-16 	1.262e-12 
0.73365 	0.11320 	1.438e-04 	3.058e-09 	1.356e-04 	3.156e-13 	3.268e-04 	1.223e-16 	1.271e-12 
0.75375 	0.11630 	1.438e-04 	3.087e-09 	1.356e-04 	3.191e-13 	3.268e-04 	1.238e-16 	1.279e-12 
0.77385 	0.11941 	1.437e-04 	3.116e-09 	1.356e-04 	3.226e-13 	3.268e-04 	1.254e-16 	1.288e-12 
0.79395 	0.12251 	1.437e-04 	3.146e-09 	1.356e-04 	3.261e-13 	3.268e-04 	1.269e-16 	1.297e-12 
0.81405 	0.12561 	1.437e-04 	3.175e-09 	1.356e-04 	3.297e-13 	3.268e-04 	1.285e-16 	1.306e-12 
0.83415 	0.12871 	1.437e-04 	3.205e-09 	1.356e-04 	3.333e-13 	3.268e-04 	1.301e-16 	1.315e-12 
0.85425 	0.13181 	1.436e-04 	3.236e-09 	1.356e-04 	3.370e-13 	3.268e-04 	1.317e-16 	1.324e-12 
0.87435 	0.13491 	1.436e-04 	3.266e-09 	1.356e-04 	3.407e-13 	3.268e-04 	1.333e-16 	1.333e-12 
0.89445 	0.13801 	1.436e-04 	3.297e-09 	1.356e-04 	3.444e-13 	3.268e-04 	1.349e-16 	1.342e-12 
0.91455 	0.14112 	1.436e-04 	3.328e-09 	1.356e-04 	3.482e-13 	3.268e-04 	1.366e-16 	1.351e-12 
0.93465 	0.14422 	1.436e-04 	3.360e-09 	1.356e-04 	3.520e-13 	3.268e-04 	1.383e-16 	1.360e-12 
0.95475 	0.14732 	1.435e-04 	3.391e-09 	1.356e-04 	3.558e-13 	3.268e-04 	1.400e-16 	1.369e-12 
0.97485 	0.15042 	1.435e-04 	3.423e-09 	1.356e-04 	3.597e-13 	3.268e-04 	1.417e-16 	1.379e-12 
0.99495 	0.15352 	1.435e-04 	3.456e-09 	1.356e-04 	3.636e-13 	3.268e-04 	1.434e-16 	1.388e-12 
1.01505 	0.15662 	1.435e-04 	3.488e-09 	1.356e-04 	3.675e-13 	3.268e-04 	1.452e-16 	1.397e-12 
1.03515 	0.15972 	1.435e-04 	3.521e-09 	1.356e-04 	3.715e-13 	3.268e-04 	1.470e-16 	1.407e-12 
1.05525 	0.16283 	1.434e-04 	3.555e-09 	1.356e-04 	3.755e-13 	3.268e-04 	1.488e-16 	1.416e-12 
1.07535 	0.16593 	1.434e-04 	3.588e-09 	1.356e-04 	3.796e-13 	3.268e-04 	1.506e-16 	1.426e-12 
1.09545 	0.16903 	1.434e-04 	3.622e-09 	1.356e-04 	3.837e-13 	3.268e-04 	1.525e-16 	1.436e-12 
1.11555 	0.17213 	1.434e-04 	3.656e-09 	1.356e-04 	3.878e-13 	3.268e-04 	1.543e-16 	1.445e-12 
1.13565 	0.17523 	1.433e-04 	3.691e-09 	1.356e-04 	3.920e-13 	3.268e-04 	1.562e-16 	1.455e-12 
1.15575 	0.17833 	1.433e-04 	3.726e-09 	1.356e-04 	3.963e-13 	3.268e-04 	1.581e-16 	1.465e-12 
1.17585 	0.18143 	1.433e-04 	3.761e-09 	1.356e-04 	4.005e-13 	3.268e-04 	1.601e-16 	1.475e-12 
1.19595 	0.18454 	1.433e-04 	3.797e-09 	1.356e-04 	4.048e-13 	3.268e-04 	1.620e-16 	1.485e-12 
1.21605 	0.18764 	1.433e-04 	3.832e-09 	1.356e-04 	4.092e-13 	3.269e-04 	1.640e-16 	1.495e-12 
1.23615 	0.19074 	1.432e-04 	3.869e-09 	1.356e-04 	4.136e-13 	3.269e-04 	1.660e-16 	1.505e-12 
1.25625 	0.19384 	1.432e-04 	3.905e-09 	1.356e-04 	4.180e-13 	3.269e-04 	1.680e-16 	1.515e-12 
1.27635 	0.19694 	1.432e-04 	3.942e-09 	1.356e-04 	4.225e-13 	3.269e-04 	1.701e-16 	1.525e-12 
1.29645 	0.20004 	1.432e-04 	3.979e-09 	1.356e-04 	4.270e-13 	3.269e-04 	1.722e-16 	1.535e-12 
1.31655 	0.20314 	1.432e-04 	4.017e-09 	1.356e-04 	4.316e-13 	3.269e-04 	1.743e-16 	1.545e-12 
1.33665 	0.20625 	1.431e-04 	4.055e-09 	1.356e-04 	4.362e-13 	3.269e-04 	1.764e-16 	1.556e-12 
1.35675 	0.20935 	1.431e-04 	4.093e-09 	1.356e-04 	4.409e-13 	3.269e-04 	1.785e-16 	1.566e-12 
1.37685 	0.21245 	1.431e-04 	4.132e-09 	1.356e-04 	4.456e-13 	3.269e-04 	1.807e-16 	1.577e-12 
1.39695 	0.21555 	1.431e-04 	4.171e-09 	1.356e-04 	4.503e-13 	3.269e-04 	1.829e-16 	1.587e-12 
1.41705 	0.21865 	1.431e-04 	4.210e-09 	1.356e-04 	4.551e-13 	3.269e-04 	1.851e-16 	1.598e-12 
1.43715 	0.22175 	1.431e-04 	4.250e-09 	1.356e-04 	4.600e-13 	3.269e-04 	1.874e-16 	1.608e-12 
1.45725 	0.22485 	1.430e-04 	4.290e-09 	1.356e-04 	4.649e-13 	3.269e-04 	1.897e-16 	1.619e-12 
1.47735 	0.22796 	1.430e-04 	4.331e-09 	1.356e-04 	4.698e-13 	3.269e-04 	1.920e-16 	1.630e-12 
1.49745 	0.23106 	1.430e-04 	4.372e-09 	1.356e-04 	4.748e-13 	3.269e-04 	1.943e-16 	1.641e-12 
1.51755 	0.23416 	1.430e-04 	4.413e-09 	1.356e-04 	4.798e-13 	3.269e-04 	1.967e-16 	1.651e-12 
1.53765 	0.23726 	1.430e-04 	4.455e-09 	1.356e-04 	4.849e-13 	3.269e-04 	1.991e-16 	1.662e-12 
1.55775 	0.24036 	1.429e-04 	4.497e-09 	1.356e-04 	4.900e-13 	3.269e-04 	2.015e-16 	1.673e-12 
1.57785 	0.24346 	1.429e-04 	4.539e-09 	1.356e-04 	4.952e-13 	3.269e-04 	2.039e-16 	1.684e-12 
1.59795 	0.24656 	1.429e-04 	4.582e-09 	1.356e-04 	5.004e-13 	3.269e-04 	2.064e-16 	1.696e-12 
1.61805 	0.24967 	1.429e-04 	4.626e-09 	1.356e-04 	5.057e-13 	3.269e-04 	2.089e-16 	1.707e-12 
1.63815 	0.25277 	1.429e-04 	4.669e-09 	1.356e-04 	5.111e-13 	3.269e-04 	2.114e-16 	1.718e-12 
1.65825 	0.25587 	1.429e-04 	4.714e-09 	1.356e-04 	5.164e-13 	3.269e-04 	2.140e-16 	1.729e-12 
1.67835 	0.25897 	1.428e-04 	4.758e-09 	1.356e-04 	5.219e-13 	3.269e-04 	2.166e-16 	1.741e-12 
1.69845 	0.26207 	1.428e-04 	4.803e-09 	1.356e-04 	5.274e-13 	3.270e-04 	2.192e-16 	1.752e-12 
1.71855 	0.26517 	1.428e-04 	4.848e-09 	1.356e-04 	5.329e-13 	3.270e-04 	2.219e-16 	1.764e-12 
1.73865 	0.26827 	1.428e-04 	4.894e-09 	1.356e-04 	5.385e-13 	3.270e-04 	2.245e-16 	1.775e-12 
1.75875 	0.27138 	1.428e-04 	4.940e-09 	1.356e-04 	5.441e-13 	3.270e-04 	2.273e-16 	1.787e-12 
1.77885 	0.27448 	1.428e-04 	4.987e-09 	1.356e-04 	5.498e-13 	3.270e-04 	2.300e-16 	1.799e-12 
1.79895 	0.27758 	1.427e-04 	5.034e-09 	1.356e-04 	5.556e-13 	3.270e-04 	2.328e-16 	1.811e-12 
1.81905 	0.28068 	1.427e-04 	5.082e-09 	1.356e-04 	5.614e-13 	3.270e-04 	2.356e-16 	1.822e-12 
1.83915 	0.28378 	1.427e-04 	5.130e-09 	1.356e-04 	5.673e-13 	3.270e-04 	2.384e-16 	1.834e-12 
1.85925 	0.28688 	1.427e-04 	5.178e-09 	1.356e-04 	5.732e-13 	3.270e-04 	2.413e-16 	1.846e-12 
1.87935 	0.28998 	1.427e-04 	5.227e-09 	1.356e-04 	5.792e-13 	3.270e-04 	2.442e-16 	1.859e-12 
1.89945 	0.29309 	1.427e-04 	5.277e-09 	1.356e-04 	5.852e-13 	3.270e-04 	2.472e-16 	1.871e-12 
1.91955 	0.29619 	1.426e-04 	5.326e-09 	1.356e-04 	5.913e-13 	3.270e-04 	2.501e-16 	1.883e-12 
1.93965 	0.29929 	1.426e-04 	5.377e-09 	1.356e-04 	5.975e-13 	3.270e-04 	2.531e-16 	1.895e-12 
1.95975 	0.30239 	1.426e-04 	5.428e-09 	1.356e-04 	6.037e-13 	3.270e-04 	2.562e-16 	1.908e-12 
1.97985 	0.30549 	1.426e-04 	5.479e-09 	1.357e-04 	6.100e-13 	3.270e-04 	2.593e-16 	1.920e-12 
1.99995 	0.30859 	1.426e-04 	5.531e-09 	1.357e-04 	6.163e-13 	3.271e-04 	2.624e-16 	1.932e-12 
