n = 1.3e+04, Tgas =  25.0, Tdust =  25.0, Go = 1000.0
pc 	Av 	e- 	C 	C+ 	CO 	O 	O2 	H2O 
0.01005 	0.20159 	1.425e-04 	4.140e-08 	1.424e-04 	1.658e-11 	3.435e-04 	1.643e-15 	2.954e-13 
0.03015 	0.60478 	1.427e-04 	1.392e-07 	1.427e-04 	5.404e-11 	3.444e-04 	6.313e-15 	5.945e-13 
0.05025 	1.00796 	1.426e-04 	4.655e-07 	1.426e-04 	1.820e-10 	3.449e-04 	2.463e-14 	1.185e-12 
0.07035 	1.41115 	1.417e-04 	1.541e-06 	1.416e-04 	6.412e-10 	3.452e-04 	9.599e-14 	2.354e-12 
0.09045 	1.81434 	1.384e-04 	4.945e-06 	1.383e-04 	2.356e-09 	3.455e-04 	3.671e-13 	4.706e-12 
0.11055 	2.21752 	1.289e-04 	1.457e-05 	1.289e-04 	8.790e-09 	3.459e-04 	1.358e-12 	9.756e-12 
0.13065 	2.62071 	1.082e-04 	3.562e-05 	1.082e-04 	3.146e-08 	3.468e-04 	4.965e-12 	2.231e-11 
0.15075 	3.02389 	7.764e-05 	6.669e-05 	7.761e-05 	1.015e-07 	3.481e-04 	1.963e-11 	5.952e-11 
0.17085 	3.42708 	4.717e-05 	9.755e-05 	4.715e-05 	2.868e-07 	3.493e-04 	9.210e-11 	1.834e-10 
0.19095 	3.83027 	2.448e-05 	1.203e-04 	2.446e-05 	7.117e-07 	3.500e-04 	4.960e-10 	6.151e-10 
0.21105 	4.23345 	1.082e-05 	1.333e-04 	1.079e-05 	1.586e-06 	3.497e-04 	2.591e-09 	2.063e-09 
0.23115 	4.63664 	4.145e-06 	1.383e-04 	4.122e-06 	3.451e-06 	3.480e-04 	1.034e-08 	6.143e-09 
0.25125 	5.03982 	1.549e-06 	1.358e-04 	1.532e-06 	8.608e-06 	3.421e-04 	2.711e-08 	1.503e-08 
0.27135 	5.44301 	6.871e-07 	1.209e-04 	6.753e-07 	2.430e-05 	3.226e-04 	5.063e-08 	3.135e-08 
0.29145 	5.84620 	3.839e-07 	8.660e-05 	3.747e-07 	5.896e-05 	2.730e-04 	8.234e-08 	5.732e-08 
0.31155 	6.24938 	2.569e-07 	4.774e-05 	2.487e-07 	9.796e-05 	1.874e-04 	1.248e-07 	8.659e-08 
0.33165 	6.65257 	2.330e-07 	3.623e-05 	2.249e-07 	1.095e-04 	9.211e-05 	1.017e-07 	8.898e-08 
0.35175 	7.05575 	2.792e-07 	5.595e-05 	2.714e-07 	8.973e-05 	3.951e-05 	3.078e-08 	6.095e-08 
0.37185 	7.45894 	3.410e-07 	8.562e-05 	3.331e-07 	5.996e-05 	1.888e-05 	7.769e-09 	3.585e-08 
0.39195 	7.86213 	3.853e-07 	1.085e-04 	3.770e-07 	3.698e-05 	9.867e-06 	2.261e-09 	2.063e-08 
0.41205 	8.26531 	4.049e-07 	1.198e-04 	3.960e-07 	2.551e-05 	5.605e-06 	7.987e-10 	1.258e-08 
0.43215 	8.66850 	4.086e-07 	1.204e-04 	3.999e-07 	2.473e-05 	3.619e-06 	3.738e-10 	8.589e-09 
0.45225 	9.07168 	4.011e-07 	1.124e-04 	3.931e-07 	3.255e-05 	2.648e-06 	2.361e-10 	6.638e-09 
0.47235 	9.47487 	3.820e-07 	9.849e-05 	3.746e-07 	4.618e-05 	2.071e-06 	1.841e-10 	5.612e-09 
0.49245 	9.87805 	3.563e-07 	8.241e-05 	3.492e-07 	6.196e-05 	1.673e-06 	1.629e-10 	4.999e-09 
0.51255 	10.28124 	3.295e-07 	6.672e-05 	3.225e-07 	7.730e-05 	1.383e-06 	1.565e-10 	4.588e-09 
0.53265 	10.68443 	3.049e-07 	5.275e-05 	2.978e-07 	9.089e-05 	1.169e-06 	1.596e-10 	4.292e-09 
0.55275 	11.08761 	2.839e-07 	4.104e-05 	2.767e-07 	1.022e-04 	1.013e-06 	1.704e-10 	4.074e-09 
0.57285 	11.49080 	2.671e-07 	3.171e-05 	2.597e-07 	1.112e-04 	9.002e-07 	1.882e-10 	3.914e-09 
0.59295 	11.89398 	2.542e-07 	2.463e-05 	2.467e-07 	1.179e-04 	8.208e-07 	2.114e-10 	3.799e-09 
0.61305 	12.29717 	2.448e-07 	1.951e-05 	2.372e-07 	1.228e-04 	7.662e-07 	2.376e-10 	3.718e-09 
0.63315 	12.70036 	2.382e-07 	1.594e-05 	2.306e-07 	1.261e-04 	7.294e-07 	2.638e-10 	3.663e-09 
0.65325 	13.10354 	2.338e-07 	1.355e-05 	2.261e-07 	1.284e-04 	7.052e-07 	2.871e-10 	3.627e-09 
0.67335 	13.50673 	2.309e-07 	1.198e-05 	2.232e-07 	1.299e-04 	6.895e-07 	3.058e-10 	3.603e-09 
0.69345 	13.90991 	2.291e-07 	1.098e-05 	2.214e-07 	1.308e-04 	6.796e-07 	3.196e-10 	3.588e-09 
0.71355 	14.31310 	2.279e-07 	1.034e-05 	2.202e-07 	1.314e-04 	6.733e-07 	3.292e-10 	3.578e-09 
0.73365 	14.71629 	2.272e-07 	9.943e-06 	2.194e-07 	1.318e-04 	6.694e-07 	3.357e-10 	3.572e-09 
0.75375 	15.11947 	2.267e-07 	9.696e-06 	2.190e-07 	1.320e-04 	6.670e-07 	3.399e-10 	3.568e-09 
0.77385 	15.52266 	2.264e-07 	9.542e-06 	2.187e-07 	1.321e-04 	6.655e-07 	3.425e-10 	3.566e-09 
0.79395 	15.92584 	2.263e-07 	9.447e-06 	2.185e-07 	1.322e-04 	6.645e-07 	3.442e-10 	3.565e-09 
0.81405 	16.32903 	2.262e-07 	9.388e-06 	2.184e-07 	1.323e-04 	6.640e-07 	3.452e-10 	3.564e-09 
0.83415 	16.73221 	2.261e-07 	9.352e-06 	2.183e-07 	1.323e-04 	6.636e-07 	3.459e-10 	3.563e-09 
0.85425 	17.13540 	2.261e-07 	9.330e-06 	2.183e-07 	1.323e-04 	6.634e-07 	3.463e-10 	3.563e-09 
0.87435 	17.53859 	2.260e-07 	9.316e-06 	2.182e-07 	1.323e-04 	6.632e-07 	3.465e-10 	3.563e-09 
0.89445 	17.94177 	2.260e-07 	9.308e-06 	2.182e-07 	1.323e-04 	6.632e-07 	3.467e-10 	3.563e-09 
0.91455 	18.34496 	2.260e-07 	9.302e-06 	2.182e-07 	1.323e-04 	6.631e-07 	3.468e-10 	3.563e-09 
0.93465 	18.74814 	2.260e-07 	9.299e-06 	2.182e-07 	1.324e-04 	6.631e-07 	3.468e-10 	3.562e-09 
0.95475 	19.15133 	2.260e-07 	9.297e-06 	2.182e-07 	1.324e-04 	6.631e-07 	3.469e-10 	3.562e-09 
0.97485 	19.55452 	2.260e-07 	9.296e-06 	2.182e-07 	1.324e-04 	6.630e-07 	3.469e-10 	3.562e-09 
0.99495 	19.95770 	2.260e-07 	9.295e-06 	2.182e-07 	1.324e-04 	6.630e-07 	3.469e-10 	3.562e-09 
1.01505 	20.36089 	2.260e-07 	9.295e-06 	2.182e-07 	1.324e-04 	6.630e-07 	3.469e-10 	3.562e-09 
1.03515 	20.76407 	2.260e-07 	9.294e-06 	2.182e-07 	1.324e-04 	6.630e-07 	3.469e-10 	3.562e-09 
1.05525 	21.16726 	2.260e-07 	9.294e-06 	2.182e-07 	1.324e-04 	6.630e-07 	3.469e-10 	3.562e-09 
1.07535 	21.57045 	2.260e-07 	9.294e-06 	2.182e-07 	1.324e-04 	6.630e-07 	3.469e-10 	3.562e-09 
1.09545 	21.97363 	2.260e-07 	9.294e-06 	2.182e-07 	1.324e-04 	6.630e-07 	3.469e-10 	3.562e-09 
1.11555 	22.37682 	2.260e-07 	9.294e-06 	2.182e-07 	1.324e-04 	6.630e-07 	3.469e-10 	3.562e-09 
1.13565 	22.78000 	2.260e-07 	9.294e-06 	2.182e-07 	1.324e-04 	6.630e-07 	3.469e-10 	3.562e-09 
1.15575 	23.18319 	2.260e-07 	9.294e-06 	2.182e-07 	1.324e-04 	6.630e-07 	3.469e-10 	3.562e-09 
1.17585 	23.58638 	2.260e-07 	9.294e-06 	2.182e-07 	1.324e-04 	6.630e-07 	3.469e-10 	3.562e-09 
1.19595 	23.98956 	2.260e-07 	9.294e-06 	2.182e-07 	1.324e-04 	6.630e-07 	3.469e-10 	3.562e-09 
1.21605 	24.39275 	2.260e-07 	9.294e-06 	2.182e-07 	1.324e-04 	6.630e-07 	3.469e-10 	3.562e-09 
1.23615 	24.79593 	2.260e-07 	9.294e-06 	2.182e-07 	1.324e-04 	6.630e-07 	3.469e-10 	3.562e-09 
1.25625 	25.19912 	2.260e-07 	9.294e-06 	2.182e-07 	1.324e-04 	6.630e-07 	3.469e-10 	3.562e-09 
1.27635 	25.60230 	2.260e-07 	9.294e-06 	2.182e-07 	1.324e-04 	6.630e-07 	3.469e-10 	3.562e-09 
1.29645 	26.00549 	2.260e-07 	9.294e-06 	2.182e-07 	1.324e-04 	6.630e-07 	3.469e-10 	3.562e-09 
1.31655 	26.40868 	2.260e-07 	9.294e-06 	2.182e-07 	1.324e-04 	6.630e-07 	3.469e-10 	3.562e-09 
1.33665 	26.81186 	2.260e-07 	9.294e-06 	2.182e-07 	1.324e-04 	6.630e-07 	3.469e-10 	3.562e-09 
1.35675 	27.21505 	2.260e-07 	9.294e-06 	2.182e-07 	1.324e-04 	6.630e-07 	3.469e-10 	3.562e-09 
1.37685 	27.61823 	2.260e-07 	9.294e-06 	2.182e-07 	1.324e-04 	6.630e-07 	3.469e-10 	3.562e-09 
1.39695 	28.02142 	2.260e-07 	9.294e-06 	2.182e-07 	1.324e-04 	6.630e-07 	3.469e-10 	3.562e-09 
1.41705 	28.42461 	2.260e-07 	9.294e-06 	2.182e-07 	1.324e-04 	6.630e-07 	3.469e-10 	3.562e-09 
1.43715 	28.82779 	2.260e-07 	9.294e-06 	2.182e-07 	1.324e-04 	6.630e-07 	3.469e-10 	3.562e-09 
1.45725 	29.23098 	2.260e-07 	9.294e-06 	2.182e-07 	1.324e-04 	6.630e-07 	3.469e-10 	3.562e-09 
1.47735 	29.63416 	2.260e-07 	9.294e-06 	2.182e-07 	1.324e-04 	6.630e-07 	3.469e-10 	3.562e-09 
1.49745 	30.03735 	2.260e-07 	9.294e-06 	2.182e-07 	1.324e-04 	6.630e-07 	3.469e-10 	3.562e-09 
1.51755 	30.44054 	2.260e-07 	9.294e-06 	2.182e-07 	1.324e-04 	6.630e-07 	3.469e-10 	3.562e-09 
1.53765 	30.84372 	2.260e-07 	9.294e-06 	2.182e-07 	1.324e-04 	6.630e-07 	3.469e-10 	3.562e-09 
1.55775 	31.24691 	2.260e-07 	9.294e-06 	2.182e-07 	1.324e-04 	6.630e-07 	3.469e-10 	3.562e-09 
1.57785 	31.65009 	2.260e-07 	9.294e-06 	2.182e-07 	1.324e-04 	6.630e-07 	3.469e-10 	3.562e-09 
1.59795 	32.05328 	2.260e-07 	9.294e-06 	2.182e-07 	1.324e-04 	6.630e-07 	3.469e-10 	3.562e-09 
1.61805 	32.45646 	2.260e-07 	9.294e-06 	2.182e-07 	1.324e-04 	6.630e-07 	3.469e-10 	3.562e-09 
1.63815 	32.85965 	2.260e-07 	9.294e-06 	2.182e-07 	1.324e-04 	6.630e-07 	3.469e-10 	3.562e-09 
1.65825 	33.26284 	2.260e-07 	9.294e-06 	2.182e-07 	1.324e-04 	6.630e-07 	3.469e-10 	3.562e-09 
1.67835 	33.66602 	2.260e-07 	9.294e-06 	2.182e-07 	1.324e-04 	6.630e-07 	3.469e-10 	3.562e-09 
1.69845 	34.06921 	2.260e-07 	9.294e-06 	2.182e-07 	1.324e-04 	6.630e-07 	3.469e-10 	3.562e-09 
1.71855 	34.47239 	2.260e-07 	9.294e-06 	2.182e-07 	1.324e-04 	6.630e-07 	3.469e-10 	3.562e-09 
1.73865 	34.87558 	2.260e-07 	9.294e-06 	2.182e-07 	1.324e-04 	6.630e-07 	3.469e-10 	3.562e-09 
1.75875 	35.27877 	2.260e-07 	9.294e-06 	2.182e-07 	1.324e-04 	6.630e-07 	3.469e-10 	3.562e-09 
1.77885 	35.68195 	2.260e-07 	9.294e-06 	2.182e-07 	1.324e-04 	6.630e-07 	3.469e-10 	3.562e-09 
1.79895 	36.08514 	2.260e-07 	9.294e-06 	2.182e-07 	1.324e-04 	6.630e-07 	3.469e-10 	3.562e-09 
1.81905 	36.48832 	2.260e-07 	9.294e-06 	2.182e-07 	1.324e-04 	6.630e-07 	3.469e-10 	3.562e-09 
1.83915 	36.89151 	2.260e-07 	9.294e-06 	2.182e-07 	1.324e-04 	6.630e-07 	3.469e-10 	3.562e-09 
1.85925 	37.29470 	2.260e-07 	9.294e-06 	2.182e-07 	1.324e-04 	6.630e-07 	3.469e-10 	3.562e-09 
1.87935 	37.69788 	2.260e-07 	9.294e-06 	2.182e-07 	1.324e-04 	6.630e-07 	3.469e-10 	3.562e-09 
1.89945 	38.10107 	2.260e-07 	9.294e-06 	2.182e-07 	1.324e-04 	6.630e-07 	3.469e-10 	3.562e-09 
1.91955 	38.50425 	2.260e-07 	9.294e-06 	2.182e-07 	1.324e-04 	6.630e-07 	3.469e-10 	3.562e-09 
1.93965 	38.90744 	2.260e-07 	9.294e-06 	2.182e-07 	1.324e-04 	6.630e-07 	3.469e-10 	3.562e-09 
1.95975 	39.31063 	2.260e-07 	9.294e-06 	2.182e-07 	1.324e-04 	6.630e-07 	3.469e-10 	3.562e-09 
1.97985 	39.71381 	2.260e-07 	9.294e-06 	2.182e-07 	1.324e-04 	6.630e-07 	3.469e-10 	3.562e-09 
1.99995 	40.11700 	2.260e-07 	9.294e-06 	2.182e-07 	1.324e-04 	6.630e-07 	3.469e-10 	3.562e-09 
