n = 1.0e+04, Tgas =  48.0, Tdust =  48.0, Go =   1.0
pc 	Av 	e- 	C 	C+ 	CO 	O 	O2 	H2O 
0.01005 	0.15507 	1.266e-04 	1.589e-05 	1.265e-04 	1.293e-06 	3.468e-04 	8.700e-11 	1.258e-10 
0.03015 	0.46521 	1.094e-04 	3.124e-05 	1.094e-04 	3.172e-06 	3.454e-04 	1.494e-10 	1.800e-10 
0.05025 	0.77536 	8.543e-05 	5.186e-05 	8.542e-05 	6.845e-06 	3.424e-04 	2.942e-10 	2.990e-10 
0.07035 	1.08550 	5.939e-05 	7.240e-05 	5.938e-05 	1.276e-05 	3.373e-04 	7.053e-10 	5.939e-10 
0.09045 	1.39564 	3.676e-05 	8.775e-05 	3.675e-05 	2.050e-05 	3.303e-04 	2.024e-09 	1.390e-09 
0.11055 	1.70579 	2.028e-05 	9.641e-05 	2.027e-05 	2.869e-05 	3.226e-04 	6.348e-09 	3.685e-09 
0.13065 	2.01593 	9.992e-06 	9.963e-05 	9.982e-06 	3.603e-05 	3.155e-04 	1.878e-08 	1.042e-08 
0.15075 	2.32607 	4.430e-06 	9.800e-05 	4.421e-06 	4.338e-05 	3.082e-04 	4.514e-08 	2.910e-08 
0.17085 	2.63622 	1.813e-06 	8.896e-05 	1.805e-06 	5.511e-05 	2.965e-04 	8.513e-08 	7.529e-08 
0.19095 	2.94636 	7.249e-07 	6.886e-05 	7.166e-07 	7.634e-05 	2.750e-04 	1.431e-07 	1.726e-07 
0.21105 	3.25650 	3.213e-07 	4.063e-05 	3.114e-07 	1.050e-04 	2.460e-04 	2.572e-07 	3.300e-07 
0.23115 	3.56664 	1.778e-07 	1.623e-05 	1.647e-07 	1.296e-04 	2.206e-04 	5.807e-07 	5.202e-07 
0.25125 	3.87679 	1.147e-07 	4.465e-06 	9.732e-08 	1.414e-04 	2.065e-04 	1.616e-06 	7.391e-07 
0.27135 	4.18693 	8.268e-08 	1.373e-06 	6.045e-08 	1.445e-04 	1.988e-04 	3.770e-06 	9.643e-07 
0.29145 	4.49707 	6.639e-08 	5.750e-07 	3.998e-08 	1.453e-04 	1.914e-04 	7.012e-06 	1.144e-06 
0.31155 	4.80722 	5.752e-08 	3.059e-07 	2.782e-08 	1.456e-04 	1.823e-04 	1.136e-05 	1.256e-06 
0.33165 	5.11736 	5.252e-08 	1.934e-07 	2.036e-08 	1.457e-04 	1.716e-04 	1.662e-05 	1.303e-06 
0.35175 	5.42750 	4.972e-08 	1.396e-07 	1.580e-08 	1.458e-04 	1.604e-04 	2.218e-05 	1.300e-06 
0.37185 	5.73765 	4.819e-08 	1.117e-07 	1.308e-08 	1.458e-04 	1.503e-04 	2.721e-05 	1.273e-06 
0.39195 	6.04779 	4.738e-08 	9.682e-08 	1.150e-08 	1.458e-04 	1.425e-04 	3.115e-05 	1.240e-06 
0.41205 	6.35793 	4.695e-08 	8.862e-08 	1.058e-08 	1.458e-04 	1.370e-04 	3.390e-05 	1.214e-06 
0.43215 	6.66807 	4.672e-08 	8.406e-08 	1.006e-08 	1.458e-04 	1.334e-04 	3.569e-05 	1.196e-06 
0.45225 	6.97822 	4.660e-08 	8.150e-08 	9.759e-09 	1.458e-04 	1.312e-04 	3.678e-05 	1.184e-06 
0.47235 	7.28836 	4.653e-08 	8.006e-08 	9.588e-09 	1.458e-04 	1.299e-04 	3.743e-05 	1.177e-06 
0.49245 	7.59850 	4.649e-08 	7.924e-08 	9.490e-09 	1.459e-04 	1.292e-04 	3.781e-05 	1.173e-06 
0.51255 	7.90865 	4.647e-08 	7.877e-08 	9.435e-09 	1.459e-04 	1.287e-04 	3.804e-05 	1.170e-06 
0.53265 	8.21879 	4.646e-08 	7.851e-08 	9.403e-09 	1.459e-04 	1.285e-04 	3.816e-05 	1.169e-06 
0.55275 	8.52893 	4.645e-08 	7.835e-08 	9.385e-09 	1.459e-04 	1.283e-04 	3.824e-05 	1.168e-06 
0.57285 	8.83908 	4.645e-08 	7.827e-08 	9.374e-09 	1.459e-04 	1.283e-04 	3.828e-05 	1.168e-06 
0.59295 	9.14922 	4.644e-08 	7.822e-08 	9.368e-09 	1.459e-04 	1.282e-04 	3.830e-05 	1.167e-06 
0.61305 	9.45936 	4.644e-08 	7.819e-08 	9.365e-09 	1.459e-04 	1.282e-04 	3.832e-05 	1.167e-06 
0.63315 	9.76950 	4.644e-08 	7.818e-08 	9.363e-09 	1.459e-04 	1.282e-04 	3.832e-05 	1.167e-06 
0.65325 	10.07965 	4.644e-08 	7.817e-08 	9.362e-09 	1.459e-04 	1.282e-04 	3.833e-05 	1.167e-06 
0.67335 	10.38979 	4.644e-08 	7.816e-08 	9.361e-09 	1.459e-04 	1.282e-04 	3.833e-05 	1.167e-06 
0.69345 	10.69993 	4.644e-08 	7.816e-08 	9.361e-09 	1.459e-04 	1.282e-04 	3.833e-05 	1.167e-06 
0.71355 	11.01008 	4.644e-08 	7.816e-08 	9.361e-09 	1.459e-04 	1.282e-04 	3.833e-05 	1.167e-06 
0.73365 	11.32022 	4.644e-08 	7.815e-08 	9.360e-09 	1.459e-04 	1.282e-04 	3.833e-05 	1.167e-06 
0.75375 	11.63036 	4.644e-08 	7.815e-08 	9.360e-09 	1.459e-04 	1.282e-04 	3.833e-05 	1.167e-06 
0.77385 	11.94051 	4.644e-08 	7.815e-08 	9.360e-09 	1.459e-04 	1.282e-04 	3.833e-05 	1.167e-06 
0.79395 	12.25065 	4.644e-08 	7.815e-08 	9.360e-09 	1.459e-04 	1.282e-04 	3.833e-05 	1.167e-06 
0.81405 	12.56079 	4.644e-08 	7.815e-08 	9.360e-09 	1.459e-04 	1.282e-04 	3.833e-05 	1.167e-06 
0.83415 	12.87093 	4.644e-08 	7.815e-08 	9.360e-09 	1.459e-04 	1.282e-04 	3.833e-05 	1.167e-06 
0.85425 	13.18108 	4.644e-08 	7.815e-08 	9.360e-09 	1.459e-04 	1.282e-04 	3.833e-05 	1.167e-06 
0.87435 	13.49122 	4.644e-08 	7.815e-08 	9.360e-09 	1.459e-04 	1.282e-04 	3.833e-05 	1.167e-06 
0.89445 	13.80136 	4.644e-08 	7.815e-08 	9.360e-09 	1.459e-04 	1.282e-04 	3.833e-05 	1.167e-06 
0.91455 	14.11151 	4.644e-08 	7.815e-08 	9.360e-09 	1.459e-04 	1.282e-04 	3.833e-05 	1.167e-06 
0.93465 	14.42165 	4.644e-08 	7.815e-08 	9.360e-09 	1.459e-04 	1.282e-04 	3.833e-05 	1.167e-06 
0.95475 	14.73179 	4.644e-08 	7.815e-08 	9.360e-09 	1.459e-04 	1.282e-04 	3.833e-05 	1.167e-06 
0.97485 	15.04194 	4.644e-08 	7.815e-08 	9.360e-09 	1.459e-04 	1.282e-04 	3.833e-05 	1.167e-06 
0.99495 	15.35208 	4.644e-08 	7.815e-08 	9.360e-09 	1.459e-04 	1.282e-04 	3.833e-05 	1.167e-06 
1.01505 	15.66222 	4.644e-08 	7.815e-08 	9.360e-09 	1.459e-04 	1.282e-04 	3.833e-05 	1.167e-06 
1.03515 	15.97236 	4.644e-08 	7.815e-08 	9.360e-09 	1.459e-04 	1.282e-04 	3.833e-05 	1.167e-06 
1.05525 	16.28251 	4.644e-08 	7.815e-08 	9.360e-09 	1.459e-04 	1.282e-04 	3.833e-05 	1.167e-06 
1.07535 	16.59265 	4.644e-08 	7.815e-08 	9.360e-09 	1.459e-04 	1.282e-04 	3.833e-05 	1.167e-06 
1.09545 	16.90279 	4.644e-08 	7.815e-08 	9.360e-09 	1.459e-04 	1.282e-04 	3.833e-05 	1.167e-06 
1.11555 	17.21294 	4.644e-08 	7.815e-08 	9.360e-09 	1.459e-04 	1.282e-04 	3.833e-05 	1.167e-06 
1.13565 	17.52308 	4.644e-08 	7.815e-08 	9.360e-09 	1.459e-04 	1.282e-04 	3.833e-05 	1.167e-06 
1.15575 	17.83322 	4.644e-08 	7.815e-08 	9.360e-09 	1.459e-04 	1.282e-04 	3.833e-05 	1.167e-06 
1.17585 	18.14337 	4.644e-08 	7.815e-08 	9.360e-09 	1.459e-04 	1.282e-04 	3.833e-05 	1.167e-06 
1.19595 	18.45351 	4.644e-08 	7.815e-08 	9.360e-09 	1.459e-04 	1.282e-04 	3.833e-05 	1.167e-06 
1.21605 	18.76365 	4.644e-08 	7.815e-08 	9.360e-09 	1.459e-04 	1.282e-04 	3.833e-05 	1.167e-06 
1.23615 	19.07379 	4.644e-08 	7.815e-08 	9.360e-09 	1.459e-04 	1.282e-04 	3.833e-05 	1.167e-06 
1.25625 	19.38394 	4.644e-08 	7.815e-08 	9.360e-09 	1.459e-04 	1.282e-04 	3.833e-05 	1.167e-06 
1.27635 	19.69408 	4.644e-08 	7.815e-08 	9.360e-09 	1.459e-04 	1.282e-04 	3.833e-05 	1.167e-06 
1.29645 	20.00422 	4.644e-08 	7.815e-08 	9.360e-09 	1.459e-04 	1.282e-04 	3.833e-05 	1.167e-06 
1.31655 	20.31437 	4.644e-08 	7.815e-08 	9.360e-09 	1.459e-04 	1.282e-04 	3.833e-05 	1.167e-06 
1.33665 	20.62451 	4.644e-08 	7.815e-08 	9.360e-09 	1.459e-04 	1.282e-04 	3.833e-05 	1.167e-06 
1.35675 	20.93465 	4.644e-08 	7.815e-08 	9.360e-09 	1.459e-04 	1.282e-04 	3.833e-05 	1.167e-06 
1.37685 	21.24480 	4.644e-08 	7.815e-08 	9.360e-09 	1.459e-04 	1.282e-04 	3.833e-05 	1.167e-06 
1.39695 	21.55494 	4.644e-08 	7.815e-08 	9.360e-09 	1.459e-04 	1.282e-04 	3.833e-05 	1.167e-06 
1.41705 	21.86508 	4.644e-08 	7.815e-08 	9.360e-09 	1.459e-04 	1.282e-04 	3.833e-05 	1.167e-06 
1.43715 	22.17522 	4.644e-08 	7.815e-08 	9.360e-09 	1.459e-04 	1.282e-04 	3.833e-05 	1.167e-06 
1.45725 	22.48537 	4.644e-08 	7.815e-08 	9.360e-09 	1.459e-04 	1.282e-04 	3.833e-05 	1.167e-06 
1.47735 	22.79551 	4.644e-08 	7.815e-08 	9.360e-09 	1.459e-04 	1.282e-04 	3.833e-05 	1.167e-06 
1.49745 	23.10565 	4.644e-08 	7.815e-08 	9.360e-09 	1.459e-04 	1.282e-04 	3.833e-05 	1.167e-06 
1.51755 	23.41580 	4.644e-08 	7.815e-08 	9.360e-09 	1.459e-04 	1.282e-04 	3.833e-05 	1.167e-06 
1.53765 	23.72594 	4.644e-08 	7.815e-08 	9.360e-09 	1.459e-04 	1.282e-04 	3.833e-05 	1.167e-06 
1.55775 	24.03608 	4.644e-08 	7.815e-08 	9.360e-09 	1.459e-04 	1.282e-04 	3.833e-05 	1.167e-06 
1.57785 	24.34623 	4.644e-08 	7.815e-08 	9.360e-09 	1.459e-04 	1.282e-04 	3.833e-05 	1.167e-06 
1.59795 	24.65637 	4.644e-08 	7.815e-08 	9.360e-09 	1.459e-04 	1.282e-04 	3.833e-05 	1.167e-06 
1.61805 	24.96651 	4.644e-08 	7.815e-08 	9.360e-09 	1.459e-04 	1.282e-04 	3.833e-05 	1.167e-06 
1.63815 	25.27665 	4.644e-08 	7.815e-08 	9.360e-09 	1.459e-04 	1.282e-04 	3.833e-05 	1.167e-06 
1.65825 	25.58680 	4.644e-08 	7.815e-08 	9.360e-09 	1.459e-04 	1.282e-04 	3.833e-05 	1.167e-06 
1.67835 	25.89694 	4.644e-08 	7.815e-08 	9.360e-09 	1.459e-04 	1.282e-04 	3.833e-05 	1.167e-06 
1.69845 	26.20708 	4.644e-08 	7.815e-08 	9.360e-09 	1.459e-04 	1.282e-04 	3.833e-05 	1.167e-06 
1.71855 	26.51723 	4.644e-08 	7.815e-08 	9.360e-09 	1.459e-04 	1.282e-04 	3.833e-05 	1.167e-06 
1.73865 	26.82737 	4.644e-08 	7.815e-08 	9.360e-09 	1.459e-04 	1.282e-04 	3.833e-05 	1.167e-06 
1.75875 	27.13751 	4.644e-08 	7.815e-08 	9.360e-09 	1.459e-04 	1.282e-04 	3.833e-05 	1.167e-06 
1.77885 	27.44766 	4.644e-08 	7.815e-08 	9.360e-09 	1.459e-04 	1.282e-04 	3.833e-05 	1.167e-06 
1.79895 	27.75780 	4.644e-08 	7.815e-08 	9.360e-09 	1.459e-04 	1.282e-04 	3.833e-05 	1.167e-06 
1.81905 	28.06794 	4.644e-08 	7.815e-08 	9.360e-09 	1.459e-04 	1.282e-04 	3.833e-05 	1.167e-06 
1.83915 	28.37808 	4.644e-08 	7.815e-08 	9.360e-09 	1.459e-04 	1.282e-04 	3.833e-05 	1.167e-06 
1.85925 	28.68823 	4.644e-08 	7.815e-08 	9.360e-09 	1.459e-04 	1.282e-04 	3.833e-05 	1.167e-06 
1.87935 	28.99837 	4.644e-08 	7.815e-08 	9.360e-09 	1.459e-04 	1.282e-04 	3.833e-05 	1.167e-06 
1.89945 	29.30851 	4.644e-08 	7.815e-08 	9.360e-09 	1.459e-04 	1.282e-04 	3.833e-05 	1.167e-06 
1.91955 	29.61866 	4.644e-08 	7.815e-08 	9.360e-09 	1.459e-04 	1.282e-04 	3.833e-05 	1.167e-06 
1.93965 	29.92880 	4.644e-08 	7.815e-08 	9.360e-09 	1.459e-04 	1.282e-04 	3.833e-05 	1.167e-06 
1.95975 	30.23894 	4.644e-08 	7.815e-08 	9.360e-09 	1.459e-04 	1.282e-04 	3.833e-05 	1.167e-06 
1.97985 	30.54909 	4.644e-08 	7.815e-08 	9.360e-09 	1.459e-04 	1.282e-04 	3.833e-05 	1.167e-06 
1.99995 	30.85923 	4.644e-08 	7.815e-08 	9.360e-09 	1.459e-04 	1.282e-04 	3.833e-05 	1.167e-06 
