n = 1.0e+02, Tgas =  19.5, Tdust =  19.5, Go = 1000.0
pc 	Av 	e- 	C 	C+ 	CO 	O 	O2 	H2O 
0.01005 	0.00155 	1.638e-04 	1.951e-10 	1.392e-04 	2.998e-15 	3.356e-04 	3.116e-19 	2.482e-14 
0.03015 	0.00465 	1.638e-04 	1.969e-10 	1.392e-04 	3.042e-15 	3.356e-04 	3.164e-19 	2.509e-14 
0.05025 	0.00775 	1.638e-04 	1.987e-10 	1.392e-04 	3.087e-15 	3.356e-04 	3.213e-19 	2.537e-14 
0.07035 	0.01086 	1.637e-04 	2.005e-10 	1.392e-04 	3.132e-15 	3.355e-04 	3.263e-19 	2.565e-14 
0.09045 	0.01396 	1.637e-04 	2.024e-10 	1.392e-04 	3.178e-15 	3.355e-04 	3.314e-19 	2.593e-14 
0.11055 	0.01706 	1.637e-04 	2.043e-10 	1.392e-04 	3.225e-15 	3.355e-04 	3.366e-19 	2.622e-14 
0.13065 	0.02016 	1.637e-04 	2.062e-10 	1.392e-04 	3.273e-15 	3.355e-04 	3.418e-19 	2.651e-14 
0.15075 	0.02326 	1.636e-04 	2.081e-10 	1.391e-04 	3.321e-15 	3.355e-04 	3.471e-19 	2.680e-14 
0.17085 	0.02636 	1.636e-04 	2.100e-10 	1.391e-04 	3.370e-15 	3.355e-04 	3.526e-19 	2.710e-14 
0.19095 	0.02946 	1.636e-04 	2.119e-10 	1.391e-04 	3.419e-15 	3.354e-04 	3.581e-19 	2.740e-14 
0.21105 	0.03257 	1.635e-04 	2.139e-10 	1.391e-04 	3.470e-15 	3.354e-04 	3.636e-19 	2.770e-14 
0.23115 	0.03567 	1.635e-04 	2.159e-10 	1.391e-04 	3.521e-15 	3.354e-04 	3.693e-19 	2.801e-14 
0.25125 	0.03877 	1.635e-04 	2.178e-10 	1.391e-04 	3.573e-15 	3.354e-04 	3.751e-19 	2.831e-14 
0.27135 	0.04187 	1.634e-04 	2.199e-10 	1.391e-04 	3.625e-15 	3.354e-04 	3.809e-19 	2.863e-14 
0.29145 	0.04497 	1.634e-04 	2.219e-10 	1.391e-04 	3.679e-15 	3.354e-04 	3.869e-19 	2.894e-14 
0.31155 	0.04807 	1.634e-04 	2.239e-10 	1.391e-04 	3.733e-15 	3.353e-04 	3.929e-19 	2.926e-14 
0.33165 	0.05117 	1.633e-04 	2.260e-10 	1.391e-04 	3.788e-15 	3.353e-04 	3.990e-19 	2.958e-14 
0.35175 	0.05428 	1.633e-04 	2.281e-10 	1.391e-04 	3.843e-15 	3.353e-04 	4.053e-19 	2.991e-14 
0.37185 	0.05738 	1.633e-04 	2.302e-10 	1.391e-04 	3.900e-15 	3.353e-04 	4.116e-19 	3.024e-14 
0.39195 	0.06048 	1.632e-04 	2.323e-10 	1.391e-04 	3.957e-15 	3.353e-04 	4.180e-19 	3.057e-14 
0.41205 	0.06358 	1.632e-04 	2.345e-10 	1.391e-04 	4.015e-15 	3.353e-04 	4.246e-19 	3.091e-14 
0.43215 	0.06668 	1.632e-04 	2.366e-10 	1.391e-04 	4.074e-15 	3.352e-04 	4.312e-19 	3.124e-14 
0.45225 	0.06978 	1.631e-04 	2.388e-10 	1.390e-04 	4.134e-15 	3.352e-04 	4.379e-19 	3.159e-14 
0.47235 	0.07288 	1.631e-04 	2.410e-10 	1.390e-04 	4.195e-15 	3.352e-04 	4.448e-19 	3.193e-14 
0.49245 	0.07599 	1.631e-04 	2.432e-10 	1.390e-04 	4.257e-15 	3.352e-04 	4.517e-19 	3.228e-14 
0.51255 	0.07909 	1.630e-04 	2.455e-10 	1.390e-04 	4.319e-15 	3.352e-04 	4.588e-19 	3.264e-14 
0.53265 	0.08219 	1.630e-04 	2.478e-10 	1.390e-04 	4.383e-15 	3.352e-04 	4.659e-19 	3.299e-14 
0.55275 	0.08529 	1.630e-04 	2.500e-10 	1.390e-04 	4.447e-15 	3.351e-04 	4.732e-19 	3.336e-14 
0.57285 	0.08839 	1.629e-04 	2.524e-10 	1.390e-04 	4.513e-15 	3.351e-04 	4.806e-19 	3.372e-14 
0.59295 	0.09149 	1.629e-04 	2.547e-10 	1.390e-04 	4.579e-15 	3.351e-04 	4.881e-19 	3.409e-14 
0.61305 	0.09459 	1.629e-04 	2.570e-10 	1.390e-04 	4.646e-15 	3.351e-04 	4.958e-19 	3.446e-14 
0.63315 	0.09770 	1.628e-04 	2.594e-10 	1.390e-04 	4.714e-15 	3.351e-04 	5.035e-19 	3.484e-14 
0.65325 	0.10080 	1.628e-04 	2.618e-10 	1.390e-04 	4.784e-15 	3.350e-04 	5.114e-19 	3.522e-14 
0.67335 	0.10390 	1.628e-04 	2.642e-10 	1.390e-04 	4.854e-15 	3.350e-04 	5.194e-19 	3.560e-14 
0.69345 	0.10700 	1.627e-04 	2.667e-10 	1.390e-04 	4.925e-15 	3.350e-04 	5.275e-19 	3.599e-14 
0.71355 	0.11010 	1.627e-04 	2.691e-10 	1.389e-04 	4.997e-15 	3.350e-04 	5.357e-19 	3.638e-14 
0.73365 	0.11320 	1.626e-04 	2.716e-10 	1.389e-04 	5.071e-15 	3.350e-04 	5.441e-19 	3.678e-14 
0.75375 	0.11630 	1.626e-04 	2.741e-10 	1.389e-04 	5.145e-15 	3.350e-04 	5.526e-19 	3.718e-14 
0.77385 	0.11941 	1.626e-04 	2.766e-10 	1.389e-04 	5.221e-15 	3.349e-04 	5.612e-19 	3.758e-14 
0.79395 	0.12251 	1.625e-04 	2.792e-10 	1.389e-04 	5.297e-15 	3.349e-04 	5.700e-19 	3.799e-14 
0.81405 	0.12561 	1.625e-04 	2.818e-10 	1.389e-04 	5.375e-15 	3.349e-04 	5.789e-19 	3.840e-14 
0.83415 	0.12871 	1.625e-04 	2.844e-10 	1.389e-04 	5.454e-15 	3.349e-04 	5.879e-19 	3.882e-14 
0.85425 	0.13181 	1.624e-04 	2.870e-10 	1.389e-04 	5.533e-15 	3.349e-04 	5.971e-19 	3.924e-14 
0.87435 	0.13491 	1.624e-04 	2.896e-10 	1.389e-04 	5.615e-15 	3.348e-04 	6.064e-19 	3.966e-14 
0.89445 	0.13801 	1.624e-04 	2.923e-10 	1.389e-04 	5.697e-15 	3.348e-04 	6.159e-19 	4.009e-14 
0.91455 	0.14112 	1.623e-04 	2.950e-10 	1.389e-04 	5.780e-15 	3.348e-04 	6.255e-19 	4.052e-14 
0.93465 	0.14422 	1.623e-04 	2.977e-10 	1.389e-04 	5.865e-15 	3.348e-04 	6.353e-19 	4.096e-14 
0.95475 	0.14732 	1.622e-04 	3.005e-10 	1.389e-04 	5.951e-15 	3.348e-04 	6.452e-19 	4.140e-14 
0.97485 	0.15042 	1.622e-04 	3.032e-10 	1.388e-04 	6.038e-15 	3.347e-04 	6.553e-19 	4.185e-14 
0.99495 	0.15352 	1.622e-04 	3.060e-10 	1.388e-04 	6.126e-15 	3.347e-04 	6.655e-19 	4.230e-14 
1.01505 	0.15662 	1.621e-04 	3.089e-10 	1.388e-04 	6.216e-15 	3.347e-04 	6.759e-19 	4.276e-14 
1.03515 	0.15972 	1.621e-04 	3.117e-10 	1.388e-04 	6.307e-15 	3.347e-04 	6.864e-19 	4.322e-14 
1.05525 	0.16283 	1.620e-04 	3.146e-10 	1.388e-04 	6.399e-15 	3.347e-04 	6.971e-19 	4.368e-14 
1.07535 	0.16593 	1.620e-04 	3.175e-10 	1.388e-04 	6.492e-15 	3.346e-04 	7.080e-19 	4.415e-14 
1.09545 	0.16903 	1.620e-04 	3.204e-10 	1.388e-04 	6.587e-15 	3.346e-04 	7.191e-19 	4.462e-14 
1.11555 	0.17213 	1.619e-04 	3.234e-10 	1.388e-04 	6.684e-15 	3.346e-04 	7.303e-19 	4.510e-14 
1.13565 	0.17523 	1.619e-04 	3.264e-10 	1.388e-04 	6.781e-15 	3.346e-04 	7.416e-19 	4.559e-14 
1.15575 	0.17833 	1.619e-04 	3.294e-10 	1.388e-04 	6.880e-15 	3.346e-04 	7.532e-19 	4.607e-14 
1.17585 	0.18143 	1.618e-04 	3.324e-10 	1.388e-04 	6.981e-15 	3.345e-04 	7.649e-19 	4.657e-14 
1.19595 	0.18454 	1.618e-04 	3.355e-10 	1.387e-04 	7.083e-15 	3.345e-04 	7.769e-19 	4.706e-14 
1.21605 	0.18764 	1.617e-04 	3.386e-10 	1.387e-04 	7.186e-15 	3.345e-04 	7.889e-19 	4.757e-14 
1.23615 	0.19074 	1.617e-04 	3.417e-10 	1.387e-04 	7.291e-15 	3.345e-04 	8.012e-19 	4.807e-14 
1.25625 	0.19384 	1.617e-04 	3.448e-10 	1.387e-04 	7.397e-15 	3.345e-04 	8.137e-19 	4.859e-14 
1.27635 	0.19694 	1.616e-04 	3.480e-10 	1.387e-04 	7.505e-15 	3.344e-04 	8.264e-19 	4.910e-14 
1.29645 	0.20004 	1.616e-04 	3.512e-10 	1.387e-04 	7.614e-15 	3.344e-04 	8.392e-19 	4.962e-14 
1.31655 	0.20314 	1.615e-04 	3.545e-10 	1.387e-04 	7.725e-15 	3.344e-04 	8.523e-19 	5.015e-14 
1.33665 	0.20625 	1.615e-04 	3.577e-10 	1.387e-04 	7.838e-15 	3.344e-04 	8.655e-19 	5.068e-14 
1.35675 	0.20935 	1.615e-04 	3.610e-10 	1.387e-04 	7.952e-15 	3.343e-04 	8.790e-19 	5.122e-14 
1.37685 	0.21245 	1.614e-04 	3.644e-10 	1.387e-04 	8.068e-15 	3.343e-04 	8.926e-19 	5.177e-14 
1.39695 	0.21555 	1.614e-04 	3.677e-10 	1.387e-04 	8.185e-15 	3.343e-04 	9.065e-19 	5.231e-14 
1.41705 	0.21865 	1.613e-04 	3.711e-10 	1.387e-04 	8.304e-15 	3.343e-04 	9.206e-19 	5.287e-14 
1.43715 	0.22175 	1.613e-04 	3.745e-10 	1.386e-04 	8.425e-15 	3.343e-04 	9.349e-19 	5.342e-14 
1.45725 	0.22485 	1.612e-04 	3.780e-10 	1.386e-04 	8.548e-15 	3.342e-04 	9.494e-19 	5.399e-14 
1.47735 	0.22796 	1.612e-04 	3.815e-10 	1.386e-04 	8.672e-15 	3.342e-04 	9.641e-19 	5.456e-14 
1.49745 	0.23106 	1.612e-04 	3.850e-10 	1.386e-04 	8.798e-15 	3.342e-04 	9.791e-19 	5.513e-14 
1.51755 	0.23416 	1.611e-04 	3.885e-10 	1.386e-04 	8.926e-15 	3.342e-04 	9.942e-19 	5.571e-14 
1.53765 	0.23726 	1.611e-04 	3.921e-10 	1.386e-04 	9.055e-15 	3.342e-04 	1.010e-18 	5.630e-14 
1.55775 	0.24036 	1.610e-04 	3.957e-10 	1.386e-04 	9.187e-15 	3.341e-04 	1.025e-18 	5.689e-14 
1.57785 	0.24346 	1.610e-04 	3.994e-10 	1.386e-04 	9.320e-15 	3.341e-04 	1.041e-18 	5.749e-14 
1.59795 	0.24656 	1.610e-04 	4.031e-10 	1.386e-04 	9.455e-15 	3.341e-04 	1.057e-18 	5.809e-14 
1.61805 	0.24967 	1.609e-04 	4.068e-10 	1.386e-04 	9.592e-15 	3.341e-04 	1.074e-18 	5.870e-14 
1.63815 	0.25277 	1.609e-04 	4.105e-10 	1.385e-04 	9.731e-15 	3.340e-04 	1.090e-18 	5.931e-14 
1.65825 	0.25587 	1.608e-04 	4.143e-10 	1.385e-04 	9.872e-15 	3.340e-04 	1.107e-18 	5.993e-14 
1.67835 	0.25897 	1.608e-04 	4.181e-10 	1.385e-04 	1.002e-14 	3.340e-04 	1.124e-18 	6.056e-14 
1.69845 	0.26207 	1.607e-04 	4.220e-10 	1.385e-04 	1.016e-14 	3.340e-04 	1.142e-18 	6.119e-14 
1.71855 	0.26517 	1.607e-04 	4.259e-10 	1.385e-04 	1.031e-14 	3.339e-04 	1.159e-18 	6.183e-14 
1.73865 	0.26827 	1.607e-04 	4.298e-10 	1.385e-04 	1.046e-14 	3.339e-04 	1.177e-18 	6.247e-14 
1.75875 	0.27138 	1.606e-04 	4.338e-10 	1.385e-04 	1.061e-14 	3.339e-04 	1.195e-18 	6.312e-14 
1.77885 	0.27448 	1.606e-04 	4.378e-10 	1.385e-04 	1.076e-14 	3.339e-04 	1.214e-18 	6.378e-14 
1.79895 	0.27758 	1.605e-04 	4.418e-10 	1.385e-04 	1.092e-14 	3.339e-04 	1.233e-18 	6.444e-14 
1.81905 	0.28068 	1.605e-04 	4.459e-10 	1.385e-04 	1.107e-14 	3.338e-04 	1.252e-18 	6.511e-14 
1.83915 	0.28378 	1.604e-04 	4.500e-10 	1.385e-04 	1.123e-14 	3.338e-04 	1.271e-18 	6.578e-14 
1.85925 	0.28688 	1.604e-04 	4.541e-10 	1.384e-04 	1.140e-14 	3.338e-04 	1.290e-18 	6.646e-14 
1.87935 	0.28998 	1.603e-04 	4.583e-10 	1.384e-04 	1.156e-14 	3.338e-04 	1.310e-18 	6.715e-14 
1.89945 	0.29309 	1.603e-04 	4.625e-10 	1.384e-04 	1.173e-14 	3.337e-04 	1.330e-18 	6.784e-14 
1.91955 	0.29619 	1.603e-04 	4.668e-10 	1.384e-04 	1.190e-14 	3.337e-04 	1.351e-18 	6.854e-14 
1.93965 	0.29929 	1.602e-04 	4.711e-10 	1.384e-04 	1.207e-14 	3.337e-04 	1.372e-18 	6.924e-14 
1.95975 	0.30239 	1.602e-04 	4.755e-10 	1.384e-04 	1.224e-14 	3.337e-04 	1.393e-18 	6.996e-14 
1.97985 	0.30549 	1.601e-04 	4.798e-10 	1.384e-04 	1.242e-14 	3.336e-04 	1.414e-18 	7.067e-14 
1.99995 	0.30859 	1.601e-04 	4.843e-10 	1.384e-04 	1.260e-14 	3.336e-04 	1.436e-18 	7.140e-14 
