n = 1.5e+02, Tgas =  30.0, Tdust =  30.0, Go = 1000.0
pc 	Av 	e- 	C 	C+ 	CO 	O 	O2 	H2O 
0.01005 	0.00233 	1.621e-04 	2.255e-10 	1.410e-04 	6.707e-15 	3.400e-04 	3.168e-18 	1.469e-13 
0.03015 	0.00698 	1.621e-04 	2.286e-10 	1.410e-04 	6.857e-15 	3.399e-04 	3.223e-18 	1.482e-13 
0.05025 	0.01163 	1.620e-04 	2.318e-10 	1.410e-04 	7.011e-15 	3.399e-04 	3.278e-18 	1.495e-13 
0.07035 	0.01628 	1.619e-04 	2.350e-10 	1.410e-04 	7.167e-15 	3.399e-04 	3.335e-18 	1.508e-13 
0.09045 	0.02093 	1.619e-04 	2.383e-10 	1.410e-04 	7.327e-15 	3.399e-04 	3.393e-18 	1.521e-13 
0.11055 	0.02559 	1.618e-04 	2.416e-10 	1.410e-04 	7.491e-15 	3.398e-04 	3.452e-18 	1.535e-13 
0.13065 	0.03024 	1.618e-04 	2.450e-10 	1.409e-04 	7.658e-15 	3.398e-04 	3.511e-18 	1.549e-13 
0.15075 	0.03489 	1.617e-04 	2.484e-10 	1.409e-04 	7.829e-15 	3.398e-04 	3.572e-18 	1.562e-13 
0.17085 	0.03954 	1.616e-04 	2.518e-10 	1.409e-04 	8.004e-15 	3.398e-04 	3.634e-18 	1.576e-13 
0.19095 	0.04420 	1.616e-04 	2.553e-10 	1.409e-04 	8.182e-15 	3.397e-04 	3.697e-18 	1.590e-13 
0.21105 	0.04885 	1.615e-04 	2.589e-10 	1.409e-04 	8.365e-15 	3.397e-04 	3.761e-18 	1.604e-13 
0.23115 	0.05350 	1.615e-04 	2.625e-10 	1.409e-04 	8.552e-15 	3.397e-04 	3.826e-18 	1.619e-13 
0.25125 	0.05815 	1.614e-04 	2.661e-10 	1.409e-04 	8.742e-15 	3.396e-04 	3.893e-18 	1.633e-13 
0.27135 	0.06280 	1.613e-04 	2.698e-10 	1.409e-04 	8.937e-15 	3.396e-04 	3.960e-18 	1.648e-13 
0.29145 	0.06746 	1.613e-04 	2.736e-10 	1.408e-04 	9.136e-15 	3.396e-04 	4.029e-18 	1.662e-13 
0.31155 	0.07211 	1.612e-04 	2.774e-10 	1.408e-04 	9.340e-15 	3.395e-04 	4.099e-18 	1.677e-13 
0.33165 	0.07676 	1.612e-04 	2.812e-10 	1.408e-04 	9.548e-15 	3.395e-04 	4.170e-18 	1.692e-13 
0.35175 	0.08141 	1.611e-04 	2.851e-10 	1.408e-04 	9.760e-15 	3.395e-04 	4.242e-18 	1.707e-13 
0.37185 	0.08606 	1.610e-04 	2.891e-10 	1.408e-04 	9.977e-15 	3.395e-04 	4.316e-18 	1.723e-13 
0.39195 	0.09072 	1.610e-04 	2.931e-10 	1.408e-04 	1.020e-14 	3.394e-04 	4.391e-18 	1.738e-13 
0.41205 	0.09537 	1.609e-04 	2.972e-10 	1.408e-04 	1.043e-14 	3.394e-04 	4.467e-18 	1.753e-13 
0.43215 	0.10002 	1.608e-04 	3.013e-10 	1.408e-04 	1.066e-14 	3.394e-04 	4.545e-18 	1.769e-13 
0.45225 	0.10467 	1.608e-04 	3.055e-10 	1.407e-04 	1.089e-14 	3.393e-04 	4.624e-18 	1.785e-13 
0.47235 	0.10933 	1.607e-04 	3.097e-10 	1.407e-04 	1.114e-14 	3.393e-04 	4.704e-18 	1.801e-13 
0.49245 	0.11398 	1.607e-04 	3.140e-10 	1.407e-04 	1.138e-14 	3.393e-04 	4.786e-18 	1.817e-13 
0.51255 	0.11863 	1.606e-04 	3.184e-10 	1.407e-04 	1.164e-14 	3.392e-04 	4.869e-18 	1.833e-13 
0.53265 	0.12328 	1.605e-04 	3.228e-10 	1.407e-04 	1.189e-14 	3.392e-04 	4.954e-18 	1.850e-13 
0.55275 	0.12793 	1.605e-04 	3.273e-10 	1.407e-04 	1.216e-14 	3.392e-04 	5.040e-18 	1.866e-13 
0.57285 	0.13259 	1.604e-04 	3.319e-10 	1.407e-04 	1.243e-14 	3.391e-04 	5.128e-18 	1.883e-13 
0.59295 	0.13724 	1.603e-04 	3.365e-10 	1.407e-04 	1.270e-14 	3.391e-04 	5.217e-18 	1.900e-13 
0.61305 	0.14189 	1.603e-04 	3.411e-10 	1.406e-04 	1.298e-14 	3.391e-04 	5.308e-18 	1.917e-13 
0.63315 	0.14654 	1.602e-04 	3.459e-10 	1.406e-04 	1.327e-14 	3.390e-04 	5.400e-18 	1.934e-13 
0.65325 	0.15119 	1.601e-04 	3.507e-10 	1.406e-04 	1.357e-14 	3.390e-04 	5.494e-18 	1.951e-13 
0.67335 	0.15585 	1.601e-04 	3.556e-10 	1.406e-04 	1.387e-14 	3.390e-04 	5.590e-18 	1.969e-13 
0.69345 	0.16050 	1.600e-04 	3.605e-10 	1.406e-04 	1.417e-14 	3.389e-04 	5.687e-18 	1.986e-13 
0.71355 	0.16515 	1.599e-04 	3.655e-10 	1.406e-04 	1.448e-14 	3.389e-04 	5.786e-18 	2.004e-13 
0.73365 	0.16980 	1.599e-04 	3.706e-10 	1.406e-04 	1.480e-14 	3.389e-04 	5.887e-18 	2.022e-13 
0.75375 	0.17446 	1.598e-04 	3.758e-10 	1.405e-04 	1.513e-14 	3.388e-04 	5.990e-18 	2.040e-13 
0.77385 	0.17911 	1.597e-04 	3.810e-10 	1.405e-04 	1.546e-14 	3.388e-04 	6.094e-18 	2.059e-13 
0.79395 	0.18376 	1.597e-04 	3.863e-10 	1.405e-04 	1.581e-14 	3.388e-04 	6.200e-18 	2.077e-13 
0.81405 	0.18841 	1.596e-04 	3.917e-10 	1.405e-04 	1.615e-14 	3.387e-04 	6.308e-18 	2.096e-13 
0.83415 	0.19306 	1.595e-04 	3.971e-10 	1.405e-04 	1.651e-14 	3.387e-04 	6.418e-18 	2.115e-13 
0.85425 	0.19772 	1.595e-04 	4.026e-10 	1.405e-04 	1.687e-14 	3.387e-04 	6.530e-18 	2.134e-13 
0.87435 	0.20237 	1.594e-04 	4.082e-10 	1.405e-04 	1.724e-14 	3.386e-04 	6.644e-18 	2.153e-13 
0.89445 	0.20702 	1.593e-04 	4.139e-10 	1.404e-04 	1.762e-14 	3.386e-04 	6.760e-18 	2.172e-13 
0.91455 	0.21167 	1.592e-04 	4.197e-10 	1.404e-04 	1.801e-14 	3.386e-04 	6.878e-18 	2.192e-13 
0.93465 	0.21632 	1.592e-04 	4.255e-10 	1.404e-04 	1.840e-14 	3.385e-04 	6.998e-18 	2.211e-13 
0.95475 	0.22098 	1.591e-04 	4.314e-10 	1.404e-04 	1.881e-14 	3.385e-04 	7.120e-18 	2.231e-13 
0.97485 	0.22563 	1.590e-04 	4.374e-10 	1.404e-04 	1.922e-14 	3.385e-04 	7.244e-18 	2.251e-13 
0.99495 	0.23028 	1.590e-04 	4.435e-10 	1.404e-04 	1.964e-14 	3.384e-04 	7.371e-18 	2.271e-13 
1.01505 	0.23493 	1.589e-04 	4.497e-10 	1.403e-04 	2.007e-14 	3.384e-04 	7.499e-18 	2.292e-13 
1.03515 	0.23959 	1.588e-04 	4.560e-10 	1.403e-04 	2.051e-14 	3.383e-04 	7.630e-18 	2.312e-13 
1.05525 	0.24424 	1.588e-04 	4.623e-10 	1.403e-04 	2.096e-14 	3.383e-04 	7.763e-18 	2.333e-13 
1.07535 	0.24889 	1.587e-04 	4.687e-10 	1.403e-04 	2.141e-14 	3.383e-04 	7.899e-18 	2.354e-13 
1.09545 	0.25354 	1.586e-04 	4.753e-10 	1.403e-04 	2.188e-14 	3.382e-04 	8.037e-18 	2.375e-13 
1.11555 	0.25819 	1.585e-04 	4.819e-10 	1.403e-04 	2.236e-14 	3.382e-04 	8.177e-18 	2.397e-13 
1.13565 	0.26285 	1.585e-04 	4.886e-10 	1.403e-04 	2.285e-14 	3.382e-04 	8.320e-18 	2.418e-13 
1.15575 	0.26750 	1.584e-04 	4.954e-10 	1.402e-04 	2.334e-14 	3.381e-04 	8.465e-18 	2.440e-13 
1.17585 	0.27215 	1.583e-04 	5.023e-10 	1.402e-04 	2.385e-14 	3.381e-04 	8.613e-18 	2.462e-13 
1.19595 	0.27680 	1.582e-04 	5.093e-10 	1.402e-04 	2.437e-14 	3.380e-04 	8.764e-18 	2.484e-13 
1.21605 	0.28145 	1.582e-04 	5.164e-10 	1.402e-04 	2.490e-14 	3.380e-04 	8.917e-18 	2.507e-13 
1.23615 	0.28611 	1.581e-04 	5.236e-10 	1.402e-04 	2.544e-14 	3.380e-04 	9.073e-18 	2.529e-13 
1.25625 	0.29076 	1.580e-04 	5.309e-10 	1.402e-04 	2.599e-14 	3.379e-04 	9.231e-18 	2.552e-13 
1.27635 	0.29541 	1.580e-04 	5.383e-10 	1.401e-04 	2.655e-14 	3.379e-04 	9.392e-18 	2.575e-13 
1.29645 	0.30006 	1.579e-04 	5.458e-10 	1.401e-04 	2.713e-14 	3.378e-04 	9.556e-18 	2.598e-13 
1.31655 	0.30472 	1.578e-04 	5.534e-10 	1.401e-04 	2.771e-14 	3.378e-04 	9.724e-18 	2.621e-13 
1.33665 	0.30937 	1.577e-04 	5.611e-10 	1.401e-04 	2.831e-14 	3.378e-04 	9.893e-18 	2.645e-13 
1.35675 	0.31402 	1.577e-04 	5.690e-10 	1.401e-04 	2.892e-14 	3.377e-04 	1.007e-17 	2.669e-13 
1.37685 	0.31867 	1.576e-04 	5.769e-10 	1.401e-04 	2.954e-14 	3.377e-04 	1.024e-17 	2.693e-13 
1.39695 	0.32332 	1.575e-04 	5.849e-10 	1.400e-04 	3.018e-14 	3.376e-04 	1.042e-17 	2.717e-13 
1.41705 	0.32798 	1.574e-04 	5.931e-10 	1.400e-04 	3.083e-14 	3.376e-04 	1.060e-17 	2.741e-13 
1.43715 	0.33263 	1.574e-04 	6.014e-10 	1.400e-04 	3.149e-14 	3.376e-04 	1.079e-17 	2.766e-13 
1.45725 	0.33728 	1.573e-04 	6.098e-10 	1.400e-04 	3.217e-14 	3.375e-04 	1.098e-17 	2.791e-13 
1.47735 	0.34193 	1.572e-04 	6.183e-10 	1.400e-04 	3.286e-14 	3.375e-04 	1.117e-17 	2.816e-13 
1.49745 	0.34658 	1.571e-04 	6.269e-10 	1.400e-04 	3.356e-14 	3.374e-04 	1.136e-17 	2.842e-13 
1.51755 	0.35124 	1.571e-04 	6.357e-10 	1.399e-04 	3.428e-14 	3.374e-04 	1.156e-17 	2.867e-13 
1.53765 	0.35589 	1.570e-04 	6.445e-10 	1.399e-04 	3.501e-14 	3.374e-04 	1.177e-17 	2.893e-13 
1.55775 	0.36054 	1.569e-04 	6.536e-10 	1.399e-04 	3.576e-14 	3.373e-04 	1.197e-17 	2.919e-13 
1.57785 	0.36519 	1.568e-04 	6.627e-10 	1.399e-04 	3.652e-14 	3.373e-04 	1.218e-17 	2.945e-13 
1.59795 	0.36985 	1.568e-04 	6.719e-10 	1.399e-04 	3.730e-14 	3.372e-04 	1.239e-17 	2.972e-13 
1.61805 	0.37450 	1.567e-04 	6.813e-10 	1.399e-04 	3.809e-14 	3.372e-04 	1.261e-17 	2.998e-13 
1.63815 	0.37915 	1.566e-04 	6.909e-10 	1.398e-04 	3.890e-14 	3.372e-04 	1.283e-17 	3.025e-13 
1.65825 	0.38380 	1.565e-04 	7.005e-10 	1.398e-04 	3.973e-14 	3.371e-04 	1.306e-17 	3.053e-13 
1.67835 	0.38845 	1.565e-04 	7.103e-10 	1.398e-04 	4.057e-14 	3.371e-04 	1.328e-17 	3.080e-13 
1.69845 	0.39311 	1.564e-04 	7.202e-10 	1.398e-04 	4.143e-14 	3.370e-04 	1.352e-17 	3.108e-13 
1.71855 	0.39776 	1.563e-04 	7.303e-10 	1.398e-04 	4.231e-14 	3.370e-04 	1.375e-17 	3.136e-13 
1.73865 	0.40241 	1.562e-04 	7.405e-10 	1.398e-04 	4.320e-14 	3.369e-04 	1.399e-17 	3.164e-13 
1.75875 	0.40706 	1.562e-04 	7.509e-10 	1.397e-04 	4.411e-14 	3.369e-04 	1.424e-17 	3.193e-13 
1.77885 	0.41171 	1.561e-04 	7.614e-10 	1.397e-04 	4.504e-14 	3.369e-04 	1.449e-17 	3.221e-13 
1.79895 	0.41637 	1.560e-04 	7.721e-10 	1.397e-04 	4.599e-14 	3.368e-04 	1.474e-17 	3.250e-13 
1.81905 	0.42102 	1.559e-04 	7.829e-10 	1.397e-04 	4.696e-14 	3.368e-04 	1.500e-17 	3.280e-13 
1.83915 	0.42567 	1.559e-04 	7.938e-10 	1.397e-04 	4.794e-14 	3.367e-04 	1.526e-17 	3.309e-13 
1.85925 	0.43032 	1.558e-04 	8.049e-10 	1.396e-04 	4.895e-14 	3.367e-04 	1.553e-17 	3.339e-13 
1.87935 	0.43498 	1.557e-04 	8.162e-10 	1.396e-04 	4.997e-14 	3.366e-04 	1.580e-17 	3.369e-13 
1.89945 	0.43963 	1.556e-04 	8.277e-10 	1.396e-04 	5.102e-14 	3.366e-04 	1.607e-17 	3.399e-13 
1.91955 	0.44428 	1.556e-04 	8.392e-10 	1.396e-04 	5.208e-14 	3.366e-04 	1.636e-17 	3.430e-13 
1.93965 	0.44893 	1.555e-04 	8.510e-10 	1.396e-04 	5.317e-14 	3.365e-04 	1.664e-17 	3.461e-13 
1.95975 	0.45358 	1.554e-04 	8.629e-10 	1.396e-04 	5.428e-14 	3.365e-04 	1.693e-17 	3.492e-13 
1.97985 	0.45824 	1.553e-04 	8.750e-10 	1.395e-04 	5.541e-14 	3.364e-04 	1.723e-17 	3.523e-13 
1.99995 	0.46289 	1.552e-04 	8.873e-10 	1.395e-04 	5.656e-14 	3.364e-04 	1.753e-17 	3.555e-13 
