n = 1.2e+04, Tgas =  25.0, Tdust =  25.0, Go =  10.0
pc 	Av 	e- 	C 	C+ 	CO 	O 	O2 	H2O 
0.01005 	0.18609 	1.397e-04 	3.511e-06 	1.396e-04 	3.233e-08 	3.455e-04 	6.525e-12 	2.340e-11 
0.03015 	0.55826 	1.333e-04 	9.848e-06 	1.333e-04 	1.189e-07 	3.457e-04 	1.642e-11 	3.887e-11 
0.05025 	0.93043 	1.187e-04 	2.436e-05 	1.187e-04 	4.086e-07 	3.460e-04 	3.806e-11 	6.624e-11 
0.07035 	1.30260 	9.374e-05 	4.887e-05 	9.372e-05 	1.243e-06 	3.463e-04 	9.095e-11 	1.276e-10 
0.09045 	1.67477 	6.392e-05 	7.727e-05 	6.390e-05 	3.212e-06 	3.456e-04 	2.563e-10 	2.947e-10 
0.11055 	2.04694 	3.765e-05 	1.004e-04 	3.763e-05 	6.930e-06 	3.431e-04 	8.966e-10 	8.097e-10 
0.13065 	2.41912 	1.916e-05 	1.138e-04 	1.915e-05 	1.244e-05 	3.384e-04 	3.580e-09 	2.536e-09 
0.15075 	2.79129 	8.375e-06 	1.183e-04 	8.361e-06 	1.900e-05 	3.318e-04 	1.332e-08 	8.388e-09 
0.17085 	3.16346 	3.203e-06 	1.154e-04 	3.191e-06 	2.721e-05 	3.205e-04 	3.641e-08 	2.581e-08 
0.19095 	3.53563 	1.170e-06 	1.024e-04 	1.161e-06 	4.230e-05 	2.889e-04 	6.823e-08 	6.528e-08 
0.21105 	3.90780 	4.912e-07 	7.664e-05 	4.834e-07 	6.880e-05 	2.056e-04 	9.423e-08 	1.181e-07 
0.23115 	4.27997 	3.119e-07 	5.298e-05 	3.038e-07 	9.264e-05 	9.602e-05 	8.052e-08 	1.200e-07 
0.25125 	4.65214 	2.871e-07 	4.462e-05 	2.788e-07 	1.010e-04 	3.773e-05 	3.870e-08 	7.652e-08 
0.27135 	5.02432 	2.979e-07 	4.594e-05 	2.897e-07 	9.958e-05 	1.617e-05 	1.372e-08 	4.247e-08 
0.29145 	5.39649 	3.152e-07 	5.102e-05 	3.073e-07 	9.433e-05 	7.907e-06 	4.477e-09 	2.364e-08 
0.31155 	5.76866 	3.288e-07 	5.546e-05 	3.211e-07 	8.963e-05 	4.377e-06 	1.588e-09 	1.399e-08 
0.33165 	6.14083 	3.337e-07 	5.638e-05 	3.261e-07 	8.834e-05 	2.723e-06 	6.915e-10 	9.136e-09 
0.35175 	6.51300 	3.287e-07 	5.300e-05 	3.212e-07 	9.130e-05 	1.892e-06 	3.920e-10 	6.702e-09 
0.37185 	6.88517 	3.169e-07 	4.647e-05 	3.093e-07 	9.737e-05 	1.443e-06 	2.845e-10 	5.460e-09 
0.39195 	7.25735 	3.022e-07 	3.876e-05 	2.946e-07 	1.046e-04 	1.183e-06 	2.483e-10 	4.801e-09 
0.41205 	7.62952 	2.879e-07 	3.141e-05 	2.802e-07 	1.116e-04 	1.022e-06 	2.439e-10 	4.433e-09 
0.43215 	8.00169 	2.757e-07 	2.522e-05 	2.680e-07 	1.174e-04 	9.185e-07 	2.561e-10 	4.217e-09 
0.45225 	8.37386 	2.662e-07 	2.039e-05 	2.583e-07 	1.220e-04 	8.501e-07 	2.772e-10 	4.085e-09 
0.47235 	8.74603 	2.592e-07 	1.685e-05 	2.512e-07 	1.253e-04 	8.046e-07 	3.016e-10 	4.003e-09 
0.49245 	9.11820 	2.542e-07 	1.434e-05 	2.462e-07 	1.276e-04 	7.746e-07 	3.255e-10 	3.951e-09 
0.51255 	9.49038 	2.508e-07 	1.263e-05 	2.428e-07 	1.292e-04 	7.548e-07 	3.461e-10 	3.917e-09 
0.53265 	9.86255 	2.485e-07 	1.148e-05 	2.404e-07 	1.303e-04 	7.419e-07 	3.625e-10 	3.896e-09 
0.55275 	10.23472 	2.470e-07 	1.072e-05 	2.389e-07 	1.310e-04 	7.335e-07 	3.746e-10 	3.883e-09 
0.57285 	10.60689 	2.460e-07 	1.023e-05 	2.379e-07 	1.315e-04 	7.281e-07 	3.832e-10 	3.874e-09 
0.59295 	10.97906 	2.454e-07 	9.907e-06 	2.373e-07 	1.318e-04 	7.247e-07 	3.891e-10 	3.869e-09 
0.61305 	11.35123 	2.450e-07 	9.700e-06 	2.368e-07 	1.320e-04 	7.224e-07 	3.930e-10 	3.865e-09 
0.63315 	11.72341 	2.447e-07 	9.567e-06 	2.366e-07 	1.321e-04 	7.210e-07 	3.956e-10 	3.863e-09 
0.65325 	12.09558 	2.445e-07 	9.482e-06 	2.364e-07 	1.322e-04 	7.201e-07 	3.973e-10 	3.862e-09 
0.67335 	12.46775 	2.444e-07 	9.427e-06 	2.363e-07 	1.322e-04 	7.195e-07 	3.984e-10 	3.861e-09 
0.69345 	12.83992 	2.443e-07 	9.392e-06 	2.362e-07 	1.322e-04 	7.191e-07 	3.991e-10 	3.860e-09 
0.71355 	13.21209 	2.443e-07 	9.369e-06 	2.362e-07 	1.323e-04 	7.189e-07 	3.996e-10 	3.860e-09 
0.73365 	13.58426 	2.443e-07 	9.355e-06 	2.362e-07 	1.323e-04 	7.187e-07 	3.999e-10 	3.859e-09 
0.75375 	13.95643 	2.442e-07 	9.346e-06 	2.361e-07 	1.323e-04 	7.186e-07 	4.000e-10 	3.859e-09 
0.77385 	14.32861 	2.442e-07 	9.340e-06 	2.361e-07 	1.323e-04 	7.186e-07 	4.002e-10 	3.859e-09 
0.79395 	14.70078 	2.442e-07 	9.336e-06 	2.361e-07 	1.323e-04 	7.185e-07 	4.002e-10 	3.859e-09 
0.81405 	15.07295 	2.442e-07 	9.333e-06 	2.361e-07 	1.323e-04 	7.185e-07 	4.003e-10 	3.859e-09 
0.83415 	15.44512 	2.442e-07 	9.332e-06 	2.361e-07 	1.323e-04 	7.185e-07 	4.003e-10 	3.859e-09 
0.85425 	15.81729 	2.442e-07 	9.331e-06 	2.361e-07 	1.323e-04 	7.185e-07 	4.003e-10 	3.859e-09 
0.87435 	16.18946 	2.442e-07 	9.330e-06 	2.361e-07 	1.323e-04 	7.185e-07 	4.003e-10 	3.859e-09 
0.89445 	16.56164 	2.442e-07 	9.330e-06 	2.361e-07 	1.323e-04 	7.185e-07 	4.004e-10 	3.859e-09 
0.91455 	16.93381 	2.442e-07 	9.330e-06 	2.361e-07 	1.323e-04 	7.185e-07 	4.004e-10 	3.859e-09 
0.93465 	17.30598 	2.442e-07 	9.329e-06 	2.361e-07 	1.323e-04 	7.185e-07 	4.004e-10 	3.859e-09 
0.95475 	17.67815 	2.442e-07 	9.329e-06 	2.361e-07 	1.323e-04 	7.185e-07 	4.004e-10 	3.859e-09 
0.97485 	18.05032 	2.442e-07 	9.329e-06 	2.361e-07 	1.323e-04 	7.185e-07 	4.004e-10 	3.859e-09 
0.99495 	18.42249 	2.442e-07 	9.329e-06 	2.361e-07 	1.323e-04 	7.185e-07 	4.004e-10 	3.859e-09 
1.01505 	18.79467 	2.442e-07 	9.329e-06 	2.361e-07 	1.323e-04 	7.185e-07 	4.004e-10 	3.859e-09 
1.03515 	19.16684 	2.442e-07 	9.329e-06 	2.361e-07 	1.323e-04 	7.185e-07 	4.004e-10 	3.859e-09 
1.05525 	19.53901 	2.442e-07 	9.329e-06 	2.361e-07 	1.323e-04 	7.185e-07 	4.004e-10 	3.859e-09 
1.07535 	19.91118 	2.442e-07 	9.329e-06 	2.361e-07 	1.323e-04 	7.185e-07 	4.004e-10 	3.859e-09 
1.09545 	20.28335 	2.442e-07 	9.329e-06 	2.361e-07 	1.323e-04 	7.185e-07 	4.004e-10 	3.859e-09 
1.11555 	20.65552 	2.442e-07 	9.329e-06 	2.361e-07 	1.323e-04 	7.185e-07 	4.004e-10 	3.859e-09 
1.13565 	21.02770 	2.442e-07 	9.329e-06 	2.361e-07 	1.323e-04 	7.185e-07 	4.004e-10 	3.859e-09 
1.15575 	21.39987 	2.442e-07 	9.329e-06 	2.361e-07 	1.323e-04 	7.185e-07 	4.004e-10 	3.859e-09 
1.17585 	21.77204 	2.442e-07 	9.329e-06 	2.361e-07 	1.323e-04 	7.185e-07 	4.004e-10 	3.859e-09 
1.19595 	22.14421 	2.442e-07 	9.329e-06 	2.361e-07 	1.323e-04 	7.185e-07 	4.004e-10 	3.859e-09 
1.21605 	22.51638 	2.442e-07 	9.329e-06 	2.361e-07 	1.323e-04 	7.185e-07 	4.004e-10 	3.859e-09 
1.23615 	22.88855 	2.442e-07 	9.329e-06 	2.361e-07 	1.323e-04 	7.185e-07 	4.004e-10 	3.859e-09 
1.25625 	23.26072 	2.442e-07 	9.329e-06 	2.361e-07 	1.323e-04 	7.185e-07 	4.004e-10 	3.859e-09 
1.27635 	23.63290 	2.442e-07 	9.329e-06 	2.361e-07 	1.323e-04 	7.185e-07 	4.004e-10 	3.859e-09 
1.29645 	24.00507 	2.442e-07 	9.329e-06 	2.361e-07 	1.323e-04 	7.185e-07 	4.004e-10 	3.859e-09 
1.31655 	24.37724 	2.442e-07 	9.329e-06 	2.361e-07 	1.323e-04 	7.185e-07 	4.004e-10 	3.859e-09 
1.33665 	24.74941 	2.442e-07 	9.329e-06 	2.361e-07 	1.323e-04 	7.185e-07 	4.004e-10 	3.859e-09 
1.35675 	25.12158 	2.442e-07 	9.329e-06 	2.361e-07 	1.323e-04 	7.185e-07 	4.004e-10 	3.859e-09 
1.37685 	25.49375 	2.442e-07 	9.329e-06 	2.361e-07 	1.323e-04 	7.185e-07 	4.004e-10 	3.859e-09 
1.39695 	25.86593 	2.442e-07 	9.329e-06 	2.361e-07 	1.323e-04 	7.185e-07 	4.004e-10 	3.859e-09 
1.41705 	26.23810 	2.442e-07 	9.329e-06 	2.361e-07 	1.323e-04 	7.185e-07 	4.004e-10 	3.859e-09 
1.43715 	26.61027 	2.442e-07 	9.329e-06 	2.361e-07 	1.323e-04 	7.185e-07 	4.004e-10 	3.859e-09 
1.45725 	26.98244 	2.442e-07 	9.329e-06 	2.361e-07 	1.323e-04 	7.185e-07 	4.004e-10 	3.859e-09 
1.47735 	27.35461 	2.442e-07 	9.329e-06 	2.361e-07 	1.323e-04 	7.185e-07 	4.004e-10 	3.859e-09 
1.49745 	27.72678 	2.442e-07 	9.329e-06 	2.361e-07 	1.323e-04 	7.185e-07 	4.004e-10 	3.859e-09 
1.51755 	28.09896 	2.442e-07 	9.329e-06 	2.361e-07 	1.323e-04 	7.185e-07 	4.004e-10 	3.859e-09 
1.53765 	28.47113 	2.442e-07 	9.329e-06 	2.361e-07 	1.323e-04 	7.185e-07 	4.004e-10 	3.859e-09 
1.55775 	28.84330 	2.442e-07 	9.329e-06 	2.361e-07 	1.323e-04 	7.185e-07 	4.004e-10 	3.859e-09 
1.57785 	29.21547 	2.442e-07 	9.329e-06 	2.361e-07 	1.323e-04 	7.185e-07 	4.004e-10 	3.859e-09 
1.59795 	29.58764 	2.442e-07 	9.329e-06 	2.361e-07 	1.323e-04 	7.185e-07 	4.004e-10 	3.859e-09 
1.61805 	29.95981 	2.442e-07 	9.329e-06 	2.361e-07 	1.323e-04 	7.185e-07 	4.004e-10 	3.859e-09 
1.63815 	30.33199 	2.442e-07 	9.329e-06 	2.361e-07 	1.323e-04 	7.185e-07 	4.004e-10 	3.859e-09 
1.65825 	30.70416 	2.442e-07 	9.329e-06 	2.361e-07 	1.323e-04 	7.185e-07 	4.004e-10 	3.859e-09 
1.67835 	31.07633 	2.442e-07 	9.329e-06 	2.361e-07 	1.323e-04 	7.185e-07 	4.004e-10 	3.859e-09 
1.69845 	31.44850 	2.442e-07 	9.329e-06 	2.361e-07 	1.323e-04 	7.185e-07 	4.004e-10 	3.859e-09 
1.71855 	31.82067 	2.442e-07 	9.329e-06 	2.361e-07 	1.323e-04 	7.185e-07 	4.004e-10 	3.859e-09 
1.73865 	32.19284 	2.442e-07 	9.329e-06 	2.361e-07 	1.323e-04 	7.185e-07 	4.004e-10 	3.859e-09 
1.75875 	32.56501 	2.442e-07 	9.329e-06 	2.361e-07 	1.323e-04 	7.185e-07 	4.004e-10 	3.859e-09 
1.77885 	32.93719 	2.442e-07 	9.329e-06 	2.361e-07 	1.323e-04 	7.185e-07 	4.004e-10 	3.859e-09 
1.79895 	33.30936 	2.442e-07 	9.329e-06 	2.361e-07 	1.323e-04 	7.185e-07 	4.004e-10 	3.859e-09 
1.81905 	33.68153 	2.442e-07 	9.329e-06 	2.361e-07 	1.323e-04 	7.185e-07 	4.004e-10 	3.859e-09 
1.83915 	34.05370 	2.442e-07 	9.329e-06 	2.361e-07 	1.323e-04 	7.185e-07 	4.004e-10 	3.859e-09 
1.85925 	34.42587 	2.442e-07 	9.329e-06 	2.361e-07 	1.323e-04 	7.185e-07 	4.004e-10 	3.859e-09 
1.87935 	34.79804 	2.442e-07 	9.329e-06 	2.361e-07 	1.323e-04 	7.185e-07 	4.004e-10 	3.859e-09 
1.89945 	35.17022 	2.442e-07 	9.329e-06 	2.361e-07 	1.323e-04 	7.185e-07 	4.004e-10 	3.859e-09 
1.91955 	35.54239 	2.442e-07 	9.329e-06 	2.361e-07 	1.323e-04 	7.185e-07 	4.004e-10 	3.859e-09 
1.93965 	35.91456 	2.442e-07 	9.329e-06 	2.361e-07 	1.323e-04 	7.185e-07 	4.004e-10 	3.859e-09 
1.95975 	36.28673 	2.442e-07 	9.329e-06 	2.361e-07 	1.323e-04 	7.185e-07 	4.004e-10 	3.859e-09 
1.97985 	36.65890 	2.442e-07 	9.329e-06 	2.361e-07 	1.323e-04 	7.185e-07 	4.004e-10 	3.859e-09 
1.99995 	37.03107 	2.442e-07 	9.329e-06 	2.361e-07 	1.323e-04 	7.185e-07 	4.004e-10 	3.859e-09 
