n = 1.0e+02, Tgas =  18.0, Tdust =  18.0, Go = 10000.0
pc 	Av 	e- 	C 	C+ 	CO 	O 	O2 	H2O 
0.01005 	0.00155 	1.663e-04 	2.056e-11 	1.399e-04 	3.502e-17 	3.374e-04 	1.872e-21 	5.009e-16 
0.03015 	0.00465 	1.663e-04 	2.075e-11 	1.399e-04 	3.551e-17 	3.374e-04 	1.887e-21 	5.043e-16 
0.05025 	0.00775 	1.663e-04 	2.095e-11 	1.399e-04 	3.600e-17 	3.374e-04 	1.903e-21 	5.077e-16 
0.07035 	0.01086 	1.663e-04 	2.114e-11 	1.399e-04 	3.649e-17 	3.374e-04 	1.920e-21 	5.111e-16 
0.09045 	0.01396 	1.663e-04 	2.134e-11 	1.399e-04 	3.700e-17 	3.374e-04 	1.936e-21 	5.146e-16 
0.11055 	0.01706 	1.663e-04 	2.154e-11 	1.399e-04 	3.751e-17 	3.374e-04 	1.953e-21 	5.181e-16 
0.13065 	0.02016 	1.663e-04 	2.174e-11 	1.399e-04 	3.803e-17 	3.374e-04 	1.969e-21 	5.216e-16 
0.15075 	0.02326 	1.663e-04 	2.195e-11 	1.399e-04 	3.856e-17 	3.374e-04 	1.986e-21 	5.251e-16 
0.17085 	0.02636 	1.663e-04 	2.215e-11 	1.399e-04 	3.909e-17 	3.374e-04 	2.003e-21 	5.287e-16 
0.19095 	0.02946 	1.663e-04 	2.236e-11 	1.399e-04 	3.963e-17 	3.374e-04 	2.020e-21 	5.322e-16 
0.21105 	0.03257 	1.663e-04 	2.257e-11 	1.399e-04 	4.018e-17 	3.374e-04 	2.038e-21 	5.359e-16 
0.23115 	0.03567 	1.663e-04 	2.278e-11 	1.399e-04 	4.074e-17 	3.374e-04 	2.055e-21 	5.395e-16 
0.25125 	0.03877 	1.663e-04 	2.299e-11 	1.399e-04 	4.131e-17 	3.374e-04 	2.073e-21 	5.432e-16 
0.27135 	0.04187 	1.663e-04 	2.320e-11 	1.399e-04 	4.188e-17 	3.374e-04 	2.091e-21 	5.469e-16 
0.29145 	0.04497 	1.663e-04 	2.342e-11 	1.399e-04 	4.246e-17 	3.373e-04 	2.109e-21 	5.506e-16 
0.31155 	0.04807 	1.663e-04 	2.364e-11 	1.399e-04 	4.305e-17 	3.373e-04 	2.127e-21 	5.544e-16 
0.33165 	0.05117 	1.663e-04 	2.386e-11 	1.399e-04 	4.365e-17 	3.373e-04 	2.146e-21 	5.582e-16 
0.35175 	0.05428 	1.663e-04 	2.408e-11 	1.399e-04 	4.426e-17 	3.373e-04 	2.164e-21 	5.620e-16 
0.37185 	0.05738 	1.663e-04 	2.431e-11 	1.399e-04 	4.488e-17 	3.373e-04 	2.183e-21 	5.659e-16 
0.39195 	0.06048 	1.663e-04 	2.454e-11 	1.399e-04 	4.550e-17 	3.373e-04 	2.202e-21 	5.697e-16 
0.41205 	0.06358 	1.663e-04 	2.476e-11 	1.399e-04 	4.614e-17 	3.373e-04 	2.221e-21 	5.737e-16 
0.43215 	0.06668 	1.663e-04 	2.500e-11 	1.399e-04 	4.678e-17 	3.373e-04 	2.241e-21 	5.776e-16 
0.45225 	0.06978 	1.663e-04 	2.523e-11 	1.399e-04 	4.744e-17 	3.373e-04 	2.260e-21 	5.816e-16 
0.47235 	0.07288 	1.663e-04 	2.547e-11 	1.399e-04 	4.810e-17 	3.373e-04 	2.280e-21 	5.856e-16 
0.49245 	0.07599 	1.663e-04 	2.570e-11 	1.399e-04 	4.877e-17 	3.373e-04 	2.300e-21 	5.896e-16 
0.51255 	0.07909 	1.663e-04 	2.594e-11 	1.399e-04 	4.945e-17 	3.373e-04 	2.320e-21 	5.937e-16 
0.53265 	0.08219 	1.663e-04 	2.619e-11 	1.399e-04 	5.015e-17 	3.373e-04 	2.341e-21 	5.978e-16 
0.55275 	0.08529 	1.663e-04 	2.643e-11 	1.399e-04 	5.085e-17 	3.373e-04 	2.361e-21 	6.020e-16 
0.57285 	0.08839 	1.663e-04 	2.668e-11 	1.399e-04 	5.156e-17 	3.373e-04 	2.382e-21 	6.062e-16 
0.59295 	0.09149 	1.663e-04 	2.693e-11 	1.399e-04 	5.228e-17 	3.373e-04 	2.403e-21 	6.104e-16 
0.61305 	0.09459 	1.662e-04 	2.718e-11 	1.399e-04 	5.302e-17 	3.373e-04 	2.424e-21 	6.146e-16 
0.63315 	0.09770 	1.662e-04 	2.743e-11 	1.399e-04 	5.376e-17 	3.373e-04 	2.446e-21 	6.189e-16 
0.65325 	0.10080 	1.662e-04 	2.769e-11 	1.399e-04 	5.452e-17 	3.373e-04 	2.468e-21 	6.232e-16 
0.67335 	0.10390 	1.662e-04 	2.795e-11 	1.399e-04 	5.528e-17 	3.373e-04 	2.489e-21 	6.276e-16 
0.69345 	0.10700 	1.662e-04 	2.821e-11 	1.399e-04 	5.606e-17 	3.373e-04 	2.512e-21 	6.320e-16 
0.71355 	0.11010 	1.662e-04 	2.847e-11 	1.399e-04 	5.685e-17 	3.373e-04 	2.534e-21 	6.364e-16 
0.73365 	0.11320 	1.662e-04 	2.874e-11 	1.399e-04 	5.765e-17 	3.373e-04 	2.557e-21 	6.409e-16 
0.75375 	0.11630 	1.662e-04 	2.901e-11 	1.399e-04 	5.846e-17 	3.373e-04 	2.579e-21 	6.454e-16 
0.77385 	0.11941 	1.662e-04 	2.928e-11 	1.399e-04 	5.928e-17 	3.373e-04 	2.603e-21 	6.499e-16 
0.79395 	0.12251 	1.662e-04 	2.955e-11 	1.399e-04 	6.011e-17 	3.373e-04 	2.626e-21 	6.545e-16 
0.81405 	0.12561 	1.662e-04 	2.983e-11 	1.399e-04 	6.096e-17 	3.373e-04 	2.649e-21 	6.592e-16 
0.83415 	0.12871 	1.662e-04 	3.010e-11 	1.399e-04 	6.182e-17 	3.373e-04 	2.673e-21 	6.638e-16 
0.85425 	0.13181 	1.662e-04 	3.039e-11 	1.399e-04 	6.269e-17 	3.373e-04 	2.697e-21 	6.685e-16 
0.87435 	0.13491 	1.662e-04 	3.067e-11 	1.399e-04 	6.358e-17 	3.373e-04 	2.722e-21 	6.733e-16 
0.89445 	0.13801 	1.662e-04 	3.096e-11 	1.399e-04 	6.447e-17 	3.373e-04 	2.746e-21 	6.780e-16 
0.91455 	0.14112 	1.662e-04 	3.125e-11 	1.399e-04 	6.539e-17 	3.373e-04 	2.771e-21 	6.829e-16 
0.93465 	0.14422 	1.662e-04 	3.154e-11 	1.399e-04 	6.631e-17 	3.373e-04 	2.796e-21 	6.877e-16 
0.95475 	0.14732 	1.662e-04 	3.183e-11 	1.399e-04 	6.725e-17 	3.373e-04 	2.822e-21 	6.926e-16 
0.97485 	0.15042 	1.662e-04 	3.213e-11 	1.399e-04 	6.820e-17 	3.372e-04 	2.847e-21 	6.976e-16 
0.99495 	0.15352 	1.662e-04 	3.243e-11 	1.399e-04 	6.916e-17 	3.372e-04 	2.873e-21 	7.026e-16 
1.01505 	0.15662 	1.662e-04 	3.273e-11 	1.399e-04 	7.014e-17 	3.372e-04 	2.899e-21 	7.076e-16 
1.03515 	0.15972 	1.662e-04 	3.304e-11 	1.399e-04 	7.113e-17 	3.372e-04 	2.926e-21 	7.127e-16 
1.05525 	0.16283 	1.662e-04 	3.335e-11 	1.399e-04 	7.214e-17 	3.372e-04 	2.953e-21 	7.178e-16 
1.07535 	0.16593 	1.662e-04 	3.366e-11 	1.399e-04 	7.317e-17 	3.372e-04 	2.980e-21 	7.230e-16 
1.09545 	0.16903 	1.662e-04 	3.397e-11 	1.399e-04 	7.420e-17 	3.372e-04 	3.007e-21 	7.282e-16 
1.11555 	0.17213 	1.662e-04 	3.429e-11 	1.399e-04 	7.526e-17 	3.372e-04 	3.035e-21 	7.335e-16 
1.13565 	0.17523 	1.662e-04 	3.461e-11 	1.399e-04 	7.632e-17 	3.372e-04 	3.063e-21 	7.388e-16 
1.15575 	0.17833 	1.662e-04 	3.493e-11 	1.399e-04 	7.741e-17 	3.372e-04 	3.091e-21 	7.442e-16 
1.17585 	0.18143 	1.662e-04 	3.526e-11 	1.399e-04 	7.851e-17 	3.372e-04 	3.119e-21 	7.496e-16 
1.19595 	0.18454 	1.662e-04 	3.559e-11 	1.399e-04 	7.962e-17 	3.372e-04 	3.148e-21 	7.550e-16 
1.21605 	0.18764 	1.662e-04 	3.592e-11 	1.399e-04 	8.075e-17 	3.372e-04 	3.177e-21 	7.605e-16 
1.23615 	0.19074 	1.662e-04 	3.626e-11 	1.399e-04 	8.190e-17 	3.372e-04 	3.207e-21 	7.661e-16 
1.25625 	0.19384 	1.662e-04 	3.659e-11 	1.399e-04 	8.307e-17 	3.372e-04 	3.237e-21 	7.717e-16 
1.27635 	0.19694 	1.662e-04 	3.694e-11 	1.399e-04 	8.425e-17 	3.372e-04 	3.267e-21 	7.773e-16 
1.29645 	0.20004 	1.661e-04 	3.728e-11 	1.399e-04 	8.545e-17 	3.372e-04 	3.297e-21 	7.831e-16 
1.31655 	0.20314 	1.661e-04 	3.763e-11 	1.399e-04 	8.667e-17 	3.372e-04 	3.328e-21 	7.888e-16 
1.33665 	0.20625 	1.661e-04 	3.798e-11 	1.399e-04 	8.790e-17 	3.372e-04 	3.359e-21 	7.946e-16 
1.35675 	0.20935 	1.661e-04 	3.834e-11 	1.399e-04 	8.916e-17 	3.372e-04 	3.391e-21 	8.005e-16 
1.37685 	0.21245 	1.661e-04 	3.869e-11 	1.399e-04 	9.043e-17 	3.372e-04 	3.423e-21 	8.064e-16 
1.39695 	0.21555 	1.661e-04 	3.905e-11 	1.399e-04 	9.172e-17 	3.372e-04 	3.455e-21 	8.124e-16 
1.41705 	0.21865 	1.661e-04 	3.942e-11 	1.398e-04 	9.303e-17 	3.372e-04 	3.487e-21 	8.184e-16 
1.43715 	0.22175 	1.661e-04 	3.979e-11 	1.398e-04 	9.436e-17 	3.372e-04 	3.520e-21 	8.245e-16 
1.45725 	0.22485 	1.661e-04 	4.016e-11 	1.398e-04 	9.570e-17 	3.372e-04 	3.554e-21 	8.306e-16 
1.47735 	0.22796 	1.661e-04 	4.053e-11 	1.398e-04 	9.707e-17 	3.372e-04 	3.587e-21 	8.368e-16 
1.49745 	0.23106 	1.661e-04 	4.091e-11 	1.398e-04 	9.846e-17 	3.372e-04 	3.621e-21 	8.431e-16 
1.51755 	0.23416 	1.661e-04 	4.129e-11 	1.398e-04 	9.987e-17 	3.372e-04 	3.656e-21 	8.494e-16 
1.53765 	0.23726 	1.661e-04 	4.168e-11 	1.398e-04 	1.013e-16 	3.371e-04 	3.691e-21 	8.557e-16 
1.55775 	0.24036 	1.661e-04 	4.207e-11 	1.398e-04 	1.027e-16 	3.371e-04 	3.726e-21 	8.622e-16 
1.57785 	0.24346 	1.661e-04 	4.246e-11 	1.398e-04 	1.042e-16 	3.371e-04 	3.761e-21 	8.687e-16 
1.59795 	0.24656 	1.661e-04 	4.286e-11 	1.398e-04 	1.057e-16 	3.371e-04 	3.797e-21 	8.752e-16 
1.61805 	0.24967 	1.661e-04 	4.326e-11 	1.398e-04 	1.072e-16 	3.371e-04 	3.834e-21 	8.818e-16 
1.63815 	0.25277 	1.661e-04 	4.366e-11 	1.398e-04 	1.088e-16 	3.371e-04 	3.870e-21 	8.885e-16 
1.65825 	0.25587 	1.661e-04 	4.407e-11 	1.398e-04 	1.103e-16 	3.371e-04 	3.908e-21 	8.952e-16 
1.67835 	0.25897 	1.661e-04 	4.448e-11 	1.398e-04 	1.119e-16 	3.371e-04 	3.945e-21 	9.020e-16 
1.69845 	0.26207 	1.661e-04 	4.490e-11 	1.398e-04 	1.135e-16 	3.371e-04 	3.983e-21 	9.089e-16 
1.71855 	0.26517 	1.661e-04 	4.532e-11 	1.398e-04 	1.151e-16 	3.371e-04 	4.022e-21 	9.158e-16 
1.73865 	0.26827 	1.661e-04 	4.574e-11 	1.398e-04 	1.168e-16 	3.371e-04 	4.061e-21 	9.228e-16 
1.75875 	0.27138 	1.661e-04 	4.617e-11 	1.398e-04 	1.185e-16 	3.371e-04 	4.100e-21 	9.299e-16 
1.77885 	0.27448 	1.661e-04 	4.660e-11 	1.398e-04 	1.202e-16 	3.371e-04 	4.140e-21 	9.370e-16 
1.79895 	0.27758 	1.661e-04 	4.703e-11 	1.398e-04 	1.219e-16 	3.371e-04 	4.180e-21 	9.443e-16 
1.81905 	0.28068 	1.660e-04 	4.747e-11 	1.398e-04 	1.237e-16 	3.371e-04 	4.221e-21 	9.515e-16 
1.83915 	0.28378 	1.660e-04 	4.791e-11 	1.398e-04 	1.254e-16 	3.371e-04 	4.262e-21 	9.589e-16 
1.85925 	0.28688 	1.660e-04 	4.836e-11 	1.398e-04 	1.272e-16 	3.371e-04 	4.304e-21 	9.663e-16 
1.87935 	0.28998 	1.660e-04 	4.881e-11 	1.398e-04 	1.291e-16 	3.371e-04 	4.346e-21 	9.738e-16 
1.89945 	0.29309 	1.660e-04 	4.927e-11 	1.398e-04 	1.309e-16 	3.371e-04 	4.389e-21 	9.813e-16 
1.91955 	0.29619 	1.660e-04 	4.973e-11 	1.398e-04 	1.328e-16 	3.371e-04 	4.432e-21 	9.890e-16 
1.93965 	0.29929 	1.660e-04 	5.019e-11 	1.398e-04 	1.347e-16 	3.371e-04 	4.476e-21 	9.967e-16 
1.95975 	0.30239 	1.660e-04 	5.066e-11 	1.398e-04 	1.367e-16 	3.371e-04 	4.520e-21 	1.004e-15 
1.97985 	0.30549 	1.660e-04 	5.113e-11 	1.398e-04 	1.386e-16 	3.371e-04 	4.565e-21 	1.012e-15 
1.99995 	0.30859 	1.660e-04 	5.161e-11 	1.398e-04 	1.406e-16 	3.370e-04 	4.610e-21 	1.020e-15 
