n = 9.0e+01, Tgas =  20.0, Tdust =  20.0, Go = 10000.0
pc 	Av 	e- 	C 	C+ 	CO 	O 	O2 	H2O 
0.01005 	0.00140 	1.708e-04 	1.783e-11 	1.399e-04 	2.841e-17 	3.374e-04 	1.988e-21 	6.120e-16 
0.03015 	0.00419 	1.708e-04 	1.798e-11 	1.399e-04 	2.876e-17 	3.374e-04 	2.003e-21 	6.156e-16 
0.05025 	0.00698 	1.708e-04 	1.813e-11 	1.399e-04 	2.911e-17 	3.374e-04 	2.018e-21 	6.192e-16 
0.07035 	0.00977 	1.708e-04 	1.829e-11 	1.399e-04 	2.947e-17 	3.374e-04 	2.033e-21 	6.228e-16 
0.09045 	0.01256 	1.708e-04 	1.844e-11 	1.399e-04 	2.983e-17 	3.374e-04 	2.049e-21 	6.264e-16 
0.11055 	0.01535 	1.708e-04 	1.859e-11 	1.399e-04 	3.020e-17 	3.374e-04 	2.065e-21 	6.301e-16 
0.13065 	0.01814 	1.708e-04 	1.875e-11 	1.399e-04 	3.057e-17 	3.374e-04 	2.080e-21 	6.338e-16 
0.15075 	0.02093 	1.708e-04 	1.891e-11 	1.399e-04 	3.095e-17 	3.374e-04 	2.096e-21 	6.375e-16 
0.17085 	0.02373 	1.708e-04 	1.907e-11 	1.399e-04 	3.133e-17 	3.374e-04 	2.112e-21 	6.412e-16 
0.19095 	0.02652 	1.708e-04 	1.923e-11 	1.399e-04 	3.172e-17 	3.374e-04 	2.129e-21 	6.450e-16 
0.21105 	0.02931 	1.708e-04 	1.939e-11 	1.399e-04 	3.211e-17 	3.374e-04 	2.145e-21 	6.487e-16 
0.23115 	0.03210 	1.708e-04 	1.955e-11 	1.399e-04 	3.251e-17 	3.374e-04 	2.162e-21 	6.525e-16 
0.25125 	0.03489 	1.708e-04 	1.972e-11 	1.399e-04 	3.291e-17 	3.374e-04 	2.178e-21 	6.564e-16 
0.27135 	0.03768 	1.708e-04 	1.988e-11 	1.399e-04 	3.332e-17 	3.374e-04 	2.195e-21 	6.602e-16 
0.29145 	0.04047 	1.708e-04 	2.005e-11 	1.399e-04 	3.373e-17 	3.374e-04 	2.212e-21 	6.641e-16 
0.31155 	0.04326 	1.708e-04 	2.022e-11 	1.399e-04 	3.415e-17 	3.374e-04 	2.229e-21 	6.680e-16 
0.33165 	0.04606 	1.708e-04 	2.039e-11 	1.399e-04 	3.457e-17 	3.374e-04 	2.246e-21 	6.719e-16 
0.35175 	0.04885 	1.708e-04 	2.056e-11 	1.399e-04 	3.500e-17 	3.374e-04 	2.264e-21 	6.759e-16 
0.37185 	0.05164 	1.708e-04 	2.073e-11 	1.399e-04 	3.544e-17 	3.374e-04 	2.281e-21 	6.798e-16 
0.39195 	0.05443 	1.708e-04 	2.091e-11 	1.399e-04 	3.588e-17 	3.374e-04 	2.299e-21 	6.838e-16 
0.41205 	0.05722 	1.708e-04 	2.108e-11 	1.399e-04 	3.632e-17 	3.374e-04 	2.317e-21 	6.879e-16 
0.43215 	0.06001 	1.708e-04 	2.126e-11 	1.399e-04 	3.678e-17 	3.373e-04 	2.335e-21 	6.919e-16 
0.45225 	0.06280 	1.708e-04 	2.144e-11 	1.399e-04 	3.723e-17 	3.373e-04 	2.353e-21 	6.960e-16 
0.47235 	0.06560 	1.708e-04 	2.162e-11 	1.399e-04 	3.770e-17 	3.373e-04 	2.372e-21 	7.001e-16 
0.49245 	0.06839 	1.708e-04 	2.180e-11 	1.399e-04 	3.817e-17 	3.373e-04 	2.390e-21 	7.042e-16 
0.51255 	0.07118 	1.708e-04 	2.198e-11 	1.399e-04 	3.864e-17 	3.373e-04 	2.409e-21 	7.084e-16 
0.53265 	0.07397 	1.708e-04 	2.217e-11 	1.399e-04 	3.912e-17 	3.373e-04 	2.428e-21 	7.126e-16 
0.55275 	0.07676 	1.708e-04 	2.235e-11 	1.399e-04 	3.961e-17 	3.373e-04 	2.447e-21 	7.168e-16 
0.57285 	0.07955 	1.708e-04 	2.254e-11 	1.399e-04 	4.011e-17 	3.373e-04 	2.466e-21 	7.211e-16 
0.59295 	0.08234 	1.708e-04 	2.273e-11 	1.399e-04 	4.061e-17 	3.373e-04 	2.485e-21 	7.253e-16 
0.61305 	0.08513 	1.708e-04 	2.292e-11 	1.399e-04 	4.111e-17 	3.373e-04 	2.505e-21 	7.296e-16 
0.63315 	0.08793 	1.708e-04 	2.311e-11 	1.399e-04 	4.163e-17 	3.373e-04 	2.525e-21 	7.340e-16 
0.65325 	0.09072 	1.708e-04 	2.331e-11 	1.399e-04 	4.215e-17 	3.373e-04 	2.545e-21 	7.383e-16 
0.67335 	0.09351 	1.708e-04 	2.350e-11 	1.399e-04 	4.267e-17 	3.373e-04 	2.565e-21 	7.427e-16 
0.69345 	0.09630 	1.708e-04 	2.370e-11 	1.399e-04 	4.321e-17 	3.373e-04 	2.585e-21 	7.471e-16 
0.71355 	0.09909 	1.707e-04 	2.390e-11 	1.399e-04 	4.375e-17 	3.373e-04 	2.605e-21 	7.516e-16 
0.73365 	0.10188 	1.707e-04 	2.410e-11 	1.399e-04 	4.430e-17 	3.373e-04 	2.626e-21 	7.561e-16 
0.75375 	0.10467 	1.707e-04 	2.430e-11 	1.399e-04 	4.485e-17 	3.373e-04 	2.647e-21 	7.606e-16 
0.77385 	0.10746 	1.707e-04 	2.451e-11 	1.399e-04 	4.542e-17 	3.373e-04 	2.668e-21 	7.651e-16 
0.79395 	0.11026 	1.707e-04 	2.471e-11 	1.399e-04 	4.599e-17 	3.373e-04 	2.689e-21 	7.697e-16 
0.81405 	0.11305 	1.707e-04 	2.492e-11 	1.399e-04 	4.656e-17 	3.373e-04 	2.711e-21 	7.743e-16 
0.83415 	0.11584 	1.707e-04 	2.513e-11 	1.399e-04 	4.715e-17 	3.373e-04 	2.732e-21 	7.789e-16 
0.85425 	0.11863 	1.707e-04 	2.534e-11 	1.399e-04 	4.774e-17 	3.373e-04 	2.754e-21 	7.836e-16 
0.87435 	0.12142 	1.707e-04 	2.556e-11 	1.399e-04 	4.834e-17 	3.373e-04 	2.776e-21 	7.883e-16 
0.89445 	0.12421 	1.707e-04 	2.577e-11 	1.399e-04 	4.895e-17 	3.373e-04 	2.798e-21 	7.930e-16 
0.91455 	0.12700 	1.707e-04 	2.599e-11 	1.399e-04 	4.956e-17 	3.373e-04 	2.821e-21 	7.978e-16 
0.93465 	0.12979 	1.707e-04 	2.621e-11 	1.399e-04 	5.019e-17 	3.373e-04 	2.843e-21 	8.026e-16 
0.95475 	0.13259 	1.707e-04 	2.643e-11 	1.399e-04 	5.082e-17 	3.373e-04 	2.866e-21 	8.074e-16 
0.97485 	0.13538 	1.707e-04 	2.665e-11 	1.399e-04 	5.146e-17 	3.373e-04 	2.889e-21 	8.123e-16 
0.99495 	0.13817 	1.707e-04 	2.687e-11 	1.399e-04 	5.211e-17 	3.373e-04 	2.913e-21 	8.172e-16 
1.01505 	0.14096 	1.707e-04 	2.710e-11 	1.399e-04 	5.276e-17 	3.373e-04 	2.936e-21 	8.221e-16 
1.03515 	0.14375 	1.707e-04 	2.732e-11 	1.399e-04 	5.343e-17 	3.373e-04 	2.960e-21 	8.271e-16 
1.05525 	0.14654 	1.707e-04 	2.755e-11 	1.399e-04 	5.410e-17 	3.373e-04 	2.984e-21 	8.321e-16 
1.07535 	0.14933 	1.707e-04 	2.779e-11 	1.399e-04 	5.479e-17 	3.373e-04 	3.008e-21 	8.371e-16 
1.09545 	0.15213 	1.707e-04 	2.802e-11 	1.399e-04 	5.548e-17 	3.373e-04 	3.032e-21 	8.422e-16 
1.11555 	0.15492 	1.707e-04 	2.825e-11 	1.399e-04 	5.618e-17 	3.373e-04 	3.057e-21 	8.473e-16 
1.13565 	0.15771 	1.707e-04 	2.849e-11 	1.399e-04 	5.689e-17 	3.373e-04 	3.082e-21 	8.524e-16 
1.15575 	0.16050 	1.707e-04 	2.873e-11 	1.399e-04 	5.761e-17 	3.373e-04 	3.107e-21 	8.576e-16 
1.17585 	0.16329 	1.707e-04 	2.897e-11 	1.399e-04 	5.834e-17 	3.373e-04 	3.132e-21 	8.628e-16 
1.19595 	0.16608 	1.707e-04 	2.922e-11 	1.399e-04 	5.908e-17 	3.373e-04 	3.158e-21 	8.681e-16 
1.21605 	0.16887 	1.707e-04 	2.946e-11 	1.399e-04 	5.983e-17 	3.373e-04 	3.183e-21 	8.734e-16 
1.23615 	0.17166 	1.707e-04 	2.971e-11 	1.399e-04 	6.059e-17 	3.373e-04 	3.209e-21 	8.787e-16 
1.25625 	0.17446 	1.707e-04 	2.996e-11 	1.399e-04 	6.135e-17 	3.372e-04 	3.236e-21 	8.841e-16 
1.27635 	0.17725 	1.707e-04 	3.021e-11 	1.399e-04 	6.213e-17 	3.372e-04 	3.262e-21 	8.895e-16 
1.29645 	0.18004 	1.707e-04 	3.046e-11 	1.399e-04 	6.292e-17 	3.372e-04 	3.289e-21 	8.949e-16 
1.31655 	0.18283 	1.707e-04 	3.072e-11 	1.399e-04 	6.372e-17 	3.372e-04 	3.316e-21 	9.004e-16 
1.33665 	0.18562 	1.707e-04 	3.098e-11 	1.399e-04 	6.453e-17 	3.372e-04 	3.343e-21 	9.060e-16 
1.35675 	0.18841 	1.707e-04 	3.124e-11 	1.399e-04 	6.535e-17 	3.372e-04 	3.371e-21 	9.115e-16 
1.37685 	0.19120 	1.707e-04 	3.150e-11 	1.399e-04 	6.618e-17 	3.372e-04 	3.399e-21 	9.171e-16 
1.39695 	0.19399 	1.707e-04 	3.177e-11 	1.399e-04 	6.702e-17 	3.372e-04 	3.427e-21 	9.228e-16 
1.41705 	0.19679 	1.707e-04 	3.203e-11 	1.399e-04 	6.787e-17 	3.372e-04 	3.455e-21 	9.285e-16 
1.43715 	0.19958 	1.707e-04 	3.230e-11 	1.399e-04 	6.874e-17 	3.372e-04 	3.484e-21 	9.342e-16 
1.45725 	0.20237 	1.707e-04 	3.257e-11 	1.399e-04 	6.961e-17 	3.372e-04 	3.513e-21 	9.400e-16 
1.47735 	0.20516 	1.707e-04 	3.285e-11 	1.399e-04 	7.050e-17 	3.372e-04 	3.542e-21 	9.458e-16 
1.49745 	0.20795 	1.707e-04 	3.312e-11 	1.399e-04 	7.139e-17 	3.372e-04 	3.572e-21 	9.516e-16 
1.51755 	0.21074 	1.706e-04 	3.340e-11 	1.399e-04 	7.230e-17 	3.372e-04 	3.601e-21 	9.575e-16 
1.53765 	0.21353 	1.706e-04 	3.368e-11 	1.399e-04 	7.323e-17 	3.372e-04 	3.631e-21 	9.635e-16 
1.55775 	0.21632 	1.706e-04 	3.396e-11 	1.399e-04 	7.416e-17 	3.372e-04 	3.662e-21 	9.695e-16 
1.57785 	0.21912 	1.706e-04 	3.425e-11 	1.399e-04 	7.511e-17 	3.372e-04 	3.692e-21 	9.755e-16 
1.59795 	0.22191 	1.706e-04 	3.454e-11 	1.399e-04 	7.607e-17 	3.372e-04 	3.723e-21 	9.816e-16 
1.61805 	0.22470 	1.706e-04 	3.483e-11 	1.399e-04 	7.704e-17 	3.372e-04 	3.755e-21 	9.877e-16 
1.63815 	0.22749 	1.706e-04 	3.512e-11 	1.399e-04 	7.802e-17 	3.372e-04 	3.786e-21 	9.939e-16 
1.65825 	0.23028 	1.706e-04 	3.542e-11 	1.399e-04 	7.902e-17 	3.372e-04 	3.818e-21 	1.000e-15 
1.67835 	0.23307 	1.706e-04 	3.571e-11 	1.399e-04 	8.003e-17 	3.372e-04 	3.850e-21 	1.006e-15 
1.69845 	0.23586 	1.706e-04 	3.601e-11 	1.399e-04 	8.105e-17 	3.372e-04 	3.883e-21 	1.013e-15 
1.71855 	0.23866 	1.706e-04 	3.632e-11 	1.399e-04 	8.209e-17 	3.372e-04 	3.915e-21 	1.019e-15 
1.73865 	0.24145 	1.706e-04 	3.662e-11 	1.399e-04 	8.314e-17 	3.372e-04 	3.949e-21 	1.025e-15 
1.75875 	0.24424 	1.706e-04 	3.693e-11 	1.399e-04 	8.420e-17 	3.372e-04 	3.982e-21 	1.032e-15 
1.77885 	0.24703 	1.706e-04 	3.724e-11 	1.399e-04 	8.528e-17 	3.372e-04 	4.016e-21 	1.038e-15 
1.79895 	0.24982 	1.706e-04 	3.755e-11 	1.398e-04 	8.638e-17 	3.372e-04 	4.050e-21 	1.045e-15 
1.81905 	0.25261 	1.706e-04 	3.787e-11 	1.398e-04 	8.748e-17 	3.372e-04 	4.084e-21 	1.052e-15 
1.83915 	0.25540 	1.706e-04 	3.818e-11 	1.398e-04 	8.861e-17 	3.372e-04 	4.119e-21 	1.058e-15 
1.85925 	0.25819 	1.706e-04 	3.851e-11 	1.398e-04 	8.974e-17 	3.372e-04 	4.154e-21 	1.065e-15 
1.87935 	0.26099 	1.706e-04 	3.883e-11 	1.398e-04 	9.089e-17 	3.372e-04 	4.190e-21 	1.072e-15 
1.89945 	0.26378 	1.706e-04 	3.916e-11 	1.398e-04 	9.206e-17 	3.372e-04 	4.226e-21 	1.078e-15 
1.91955 	0.26657 	1.706e-04 	3.948e-11 	1.398e-04 	9.324e-17 	3.372e-04 	4.262e-21 	1.085e-15 
1.93965 	0.26936 	1.706e-04 	3.982e-11 	1.398e-04 	9.444e-17 	3.371e-04 	4.298e-21 	1.092e-15 
1.95975 	0.27215 	1.706e-04 	4.015e-11 	1.398e-04 	9.565e-17 	3.371e-04 	4.335e-21 	1.099e-15 
1.97985 	0.27494 	1.706e-04 	4.049e-11 	1.398e-04 	9.688e-17 	3.371e-04 	4.373e-21 	1.106e-15 
1.99995 	0.27773 	1.706e-04 	4.083e-11 	1.398e-04 	9.813e-17 	3.371e-04 	4.410e-21 	1.113e-15 
