n = 7.0e+01, Tgas =  20.0, Tdust =  20.0, Go = 10000.0
pc 	Av 	e- 	C 	C+ 	CO 	O 	O2 	H2O 
0.01005 	0.00109 	1.769e-04 	1.435e-11 	1.390e-04 	1.778e-17 	3.352e-04 	1.475e-21 	5.616e-16 
0.03015 	0.00326 	1.769e-04 	1.444e-11 	1.390e-04 	1.795e-17 	3.352e-04 	1.484e-21 	5.641e-16 
0.05025 	0.00543 	1.769e-04 	1.453e-11 	1.390e-04 	1.812e-17 	3.352e-04 	1.492e-21 	5.666e-16 
0.07035 	0.00760 	1.769e-04 	1.463e-11 	1.390e-04 	1.829e-17 	3.352e-04 	1.501e-21 	5.692e-16 
0.09045 	0.00977 	1.769e-04 	1.472e-11 	1.390e-04 	1.846e-17 	3.352e-04 	1.510e-21 	5.717e-16 
0.11055 	0.01194 	1.769e-04 	1.482e-11 	1.390e-04 	1.863e-17 	3.352e-04 	1.518e-21 	5.743e-16 
0.13065 	0.01411 	1.769e-04 	1.492e-11 	1.390e-04 	1.881e-17 	3.352e-04 	1.527e-21 	5.768e-16 
0.15075 	0.01628 	1.769e-04 	1.502e-11 	1.390e-04 	1.898e-17 	3.352e-04 	1.536e-21 	5.794e-16 
0.17085 	0.01845 	1.769e-04 	1.511e-11 	1.390e-04 	1.916e-17 	3.352e-04 	1.545e-21 	5.820e-16 
0.19095 	0.02062 	1.769e-04 	1.521e-11 	1.390e-04 	1.934e-17 	3.352e-04 	1.554e-21 	5.846e-16 
0.21105 	0.02280 	1.769e-04 	1.531e-11 	1.390e-04 	1.952e-17 	3.352e-04 	1.563e-21 	5.872e-16 
0.23115 	0.02497 	1.769e-04 	1.541e-11 	1.390e-04 	1.970e-17 	3.352e-04 	1.572e-21 	5.899e-16 
0.25125 	0.02714 	1.769e-04 	1.551e-11 	1.390e-04 	1.989e-17 	3.352e-04 	1.581e-21 	5.925e-16 
0.27135 	0.02931 	1.769e-04 	1.561e-11 	1.390e-04 	2.008e-17 	3.352e-04 	1.591e-21 	5.951e-16 
0.29145 	0.03148 	1.769e-04 	1.572e-11 	1.390e-04 	2.027e-17 	3.352e-04 	1.600e-21 	5.978e-16 
0.31155 	0.03365 	1.769e-04 	1.582e-11 	1.390e-04 	2.046e-17 	3.352e-04 	1.609e-21 	6.005e-16 
0.33165 	0.03582 	1.769e-04 	1.592e-11 	1.390e-04 	2.065e-17 	3.352e-04 	1.619e-21 	6.032e-16 
0.35175 	0.03799 	1.769e-04 	1.603e-11 	1.390e-04 	2.084e-17 	3.352e-04 	1.628e-21 	6.059e-16 
0.37185 	0.04016 	1.769e-04 	1.613e-11 	1.390e-04 	2.104e-17 	3.352e-04 	1.638e-21 	6.086e-16 
0.39195 	0.04233 	1.769e-04 	1.624e-11 	1.390e-04 	2.124e-17 	3.352e-04 	1.648e-21 	6.113e-16 
0.41205 	0.04451 	1.769e-04 	1.634e-11 	1.390e-04 	2.144e-17 	3.352e-04 	1.657e-21 	6.141e-16 
0.43215 	0.04668 	1.769e-04 	1.645e-11 	1.390e-04 	2.164e-17 	3.352e-04 	1.667e-21 	6.168e-16 
0.45225 	0.04885 	1.769e-04 	1.656e-11 	1.390e-04 	2.184e-17 	3.352e-04 	1.677e-21 	6.196e-16 
0.47235 	0.05102 	1.769e-04 	1.666e-11 	1.390e-04 	2.205e-17 	3.352e-04 	1.687e-21 	6.224e-16 
0.49245 	0.05319 	1.769e-04 	1.677e-11 	1.390e-04 	2.226e-17 	3.352e-04 	1.697e-21 	6.252e-16 
0.51255 	0.05536 	1.769e-04 	1.688e-11 	1.390e-04 	2.247e-17 	3.352e-04 	1.707e-21 	6.280e-16 
0.53265 	0.05753 	1.769e-04 	1.699e-11 	1.390e-04 	2.268e-17 	3.352e-04 	1.717e-21 	6.308e-16 
0.55275 	0.05970 	1.769e-04 	1.710e-11 	1.390e-04 	2.290e-17 	3.352e-04 	1.727e-21 	6.336e-16 
0.57285 	0.06187 	1.769e-04 	1.721e-11 	1.390e-04 	2.311e-17 	3.351e-04 	1.737e-21 	6.365e-16 
0.59295 	0.06404 	1.769e-04 	1.733e-11 	1.390e-04 	2.333e-17 	3.351e-04 	1.748e-21 	6.393e-16 
0.61305 	0.06622 	1.769e-04 	1.744e-11 	1.390e-04 	2.355e-17 	3.351e-04 	1.758e-21 	6.422e-16 
0.63315 	0.06839 	1.769e-04 	1.755e-11 	1.390e-04 	2.378e-17 	3.351e-04 	1.769e-21 	6.451e-16 
0.65325 	0.07056 	1.769e-04 	1.767e-11 	1.390e-04 	2.400e-17 	3.351e-04 	1.779e-21 	6.480e-16 
0.67335 	0.07273 	1.769e-04 	1.778e-11 	1.390e-04 	2.423e-17 	3.351e-04 	1.790e-21 	6.509e-16 
0.69345 	0.07490 	1.769e-04 	1.790e-11 	1.390e-04 	2.446e-17 	3.351e-04 	1.800e-21 	6.538e-16 
0.71355 	0.07707 	1.769e-04 	1.802e-11 	1.390e-04 	2.469e-17 	3.351e-04 	1.811e-21 	6.568e-16 
0.73365 	0.07924 	1.768e-04 	1.814e-11 	1.390e-04 	2.493e-17 	3.351e-04 	1.822e-21 	6.597e-16 
0.75375 	0.08141 	1.768e-04 	1.825e-11 	1.390e-04 	2.516e-17 	3.351e-04 	1.833e-21 	6.627e-16 
0.77385 	0.08358 	1.768e-04 	1.837e-11 	1.390e-04 	2.540e-17 	3.351e-04 	1.844e-21 	6.657e-16 
0.79395 	0.08575 	1.768e-04 	1.849e-11 	1.390e-04 	2.564e-17 	3.351e-04 	1.855e-21 	6.687e-16 
0.81405 	0.08793 	1.768e-04 	1.861e-11 	1.390e-04 	2.589e-17 	3.351e-04 	1.866e-21 	6.717e-16 
0.83415 	0.09010 	1.768e-04 	1.873e-11 	1.390e-04 	2.613e-17 	3.351e-04 	1.877e-21 	6.747e-16 
0.85425 	0.09227 	1.768e-04 	1.886e-11 	1.390e-04 	2.638e-17 	3.351e-04 	1.888e-21 	6.777e-16 
0.87435 	0.09444 	1.768e-04 	1.898e-11 	1.390e-04 	2.663e-17 	3.351e-04 	1.900e-21 	6.808e-16 
0.89445 	0.09661 	1.768e-04 	1.910e-11 	1.390e-04 	2.689e-17 	3.351e-04 	1.911e-21 	6.839e-16 
0.91455 	0.09878 	1.768e-04 	1.923e-11 	1.390e-04 	2.715e-17 	3.351e-04 	1.923e-21 	6.870e-16 
0.93465 	0.10095 	1.768e-04 	1.935e-11 	1.390e-04 	2.740e-17 	3.351e-04 	1.934e-21 	6.901e-16 
0.95475 	0.10312 	1.768e-04 	1.948e-11 	1.390e-04 	2.767e-17 	3.351e-04 	1.946e-21 	6.932e-16 
0.97485 	0.10529 	1.768e-04 	1.961e-11 	1.390e-04 	2.793e-17 	3.351e-04 	1.958e-21 	6.963e-16 
0.99495 	0.10746 	1.768e-04 	1.974e-11 	1.390e-04 	2.820e-17 	3.351e-04 	1.969e-21 	6.994e-16 
1.01505 	0.10964 	1.768e-04 	1.987e-11 	1.390e-04 	2.847e-17 	3.351e-04 	1.981e-21 	7.026e-16 
1.03515 	0.11181 	1.768e-04 	2.000e-11 	1.390e-04 	2.874e-17 	3.351e-04 	1.993e-21 	7.058e-16 
1.05525 	0.11398 	1.768e-04 	2.013e-11 	1.390e-04 	2.901e-17 	3.351e-04 	2.005e-21 	7.090e-16 
1.07535 	0.11615 	1.768e-04 	2.026e-11 	1.390e-04 	2.929e-17 	3.351e-04 	2.018e-21 	7.122e-16 
1.09545 	0.11832 	1.768e-04 	2.039e-11 	1.390e-04 	2.957e-17 	3.351e-04 	2.030e-21 	7.154e-16 
1.11555 	0.12049 	1.768e-04 	2.052e-11 	1.390e-04 	2.986e-17 	3.351e-04 	2.042e-21 	7.186e-16 
1.13565 	0.12266 	1.768e-04 	2.066e-11 	1.390e-04 	3.014e-17 	3.351e-04 	2.054e-21 	7.219e-16 
1.15575 	0.12483 	1.768e-04 	2.079e-11 	1.390e-04 	3.043e-17 	3.351e-04 	2.067e-21 	7.252e-16 
1.17585 	0.12700 	1.768e-04 	2.093e-11 	1.390e-04 	3.072e-17 	3.351e-04 	2.080e-21 	7.284e-16 
1.19595 	0.12917 	1.768e-04 	2.106e-11 	1.390e-04 	3.102e-17 	3.351e-04 	2.092e-21 	7.317e-16 
1.21605 	0.13135 	1.768e-04 	2.120e-11 	1.390e-04 	3.132e-17 	3.351e-04 	2.105e-21 	7.351e-16 
1.23615 	0.13352 	1.768e-04 	2.134e-11 	1.390e-04 	3.162e-17 	3.351e-04 	2.118e-21 	7.384e-16 
1.25625 	0.13569 	1.768e-04 	2.148e-11 	1.390e-04 	3.192e-17 	3.351e-04 	2.131e-21 	7.417e-16 
1.27635 	0.13786 	1.768e-04 	2.162e-11 	1.390e-04 	3.223e-17 	3.351e-04 	2.144e-21 	7.451e-16 
1.29645 	0.14003 	1.768e-04 	2.176e-11 	1.390e-04 	3.254e-17 	3.351e-04 	2.157e-21 	7.485e-16 
1.31655 	0.14220 	1.768e-04 	2.190e-11 	1.390e-04 	3.285e-17 	3.351e-04 	2.170e-21 	7.519e-16 
1.33665 	0.14437 	1.768e-04 	2.205e-11 	1.390e-04 	3.317e-17 	3.351e-04 	2.183e-21 	7.553e-16 
1.35675 	0.14654 	1.768e-04 	2.219e-11 	1.390e-04 	3.349e-17 	3.351e-04 	2.197e-21 	7.587e-16 
1.37685 	0.14871 	1.768e-04 	2.233e-11 	1.390e-04 	3.381e-17 	3.351e-04 	2.210e-21 	7.622e-16 
1.39695 	0.15088 	1.768e-04 	2.248e-11 	1.390e-04 	3.413e-17 	3.351e-04 	2.224e-21 	7.657e-16 
1.41705 	0.15306 	1.768e-04 	2.263e-11 	1.390e-04 	3.446e-17 	3.351e-04 	2.237e-21 	7.691e-16 
1.43715 	0.15523 	1.768e-04 	2.278e-11 	1.390e-04 	3.480e-17 	3.351e-04 	2.251e-21 	7.726e-16 
1.45725 	0.15740 	1.768e-04 	2.292e-11 	1.390e-04 	3.513e-17 	3.351e-04 	2.265e-21 	7.762e-16 
1.47735 	0.15957 	1.768e-04 	2.307e-11 	1.390e-04 	3.547e-17 	3.351e-04 	2.279e-21 	7.797e-16 
1.49745 	0.16174 	1.768e-04 	2.322e-11 	1.390e-04 	3.581e-17 	3.351e-04 	2.293e-21 	7.833e-16 
1.51755 	0.16391 	1.768e-04 	2.338e-11 	1.390e-04 	3.616e-17 	3.351e-04 	2.307e-21 	7.868e-16 
1.53765 	0.16608 	1.768e-04 	2.353e-11 	1.390e-04 	3.651e-17 	3.351e-04 	2.321e-21 	7.904e-16 
1.55775 	0.16825 	1.768e-04 	2.368e-11 	1.390e-04 	3.686e-17 	3.351e-04 	2.336e-21 	7.940e-16 
1.57785 	0.17042 	1.768e-04 	2.384e-11 	1.390e-04 	3.722e-17 	3.351e-04 	2.350e-21 	7.977e-16 
1.59795 	0.17259 	1.768e-04 	2.399e-11 	1.390e-04 	3.758e-17 	3.351e-04 	2.365e-21 	8.013e-16 
1.61805 	0.17477 	1.768e-04 	2.415e-11 	1.390e-04 	3.794e-17 	3.351e-04 	2.379e-21 	8.050e-16 
1.63815 	0.17694 	1.768e-04 	2.431e-11 	1.390e-04 	3.831e-17 	3.351e-04 	2.394e-21 	8.086e-16 
1.65825 	0.17911 	1.768e-04 	2.447e-11 	1.390e-04 	3.868e-17 	3.351e-04 	2.409e-21 	8.123e-16 
1.67835 	0.18128 	1.768e-04 	2.463e-11 	1.390e-04 	3.905e-17 	3.351e-04 	2.424e-21 	8.161e-16 
1.69845 	0.18345 	1.768e-04 	2.479e-11 	1.390e-04 	3.943e-17 	3.351e-04 	2.439e-21 	8.198e-16 
1.71855 	0.18562 	1.768e-04 	2.495e-11 	1.390e-04 	3.982e-17 	3.351e-04 	2.454e-21 	8.236e-16 
1.73865 	0.18779 	1.768e-04 	2.511e-11 	1.390e-04 	4.020e-17 	3.351e-04 	2.470e-21 	8.273e-16 
1.75875 	0.18996 	1.768e-04 	2.527e-11 	1.390e-04 	4.059e-17 	3.351e-04 	2.485e-21 	8.311e-16 
1.77885 	0.19213 	1.768e-04 	2.544e-11 	1.390e-04 	4.099e-17 	3.351e-04 	2.501e-21 	8.349e-16 
1.79895 	0.19430 	1.768e-04 	2.561e-11 	1.390e-04 	4.138e-17 	3.351e-04 	2.516e-21 	8.388e-16 
1.81905 	0.19648 	1.768e-04 	2.577e-11 	1.390e-04 	4.179e-17 	3.351e-04 	2.532e-21 	8.426e-16 
1.83915 	0.19865 	1.768e-04 	2.594e-11 	1.390e-04 	4.219e-17 	3.351e-04 	2.548e-21 	8.465e-16 
1.85925 	0.20082 	1.768e-04 	2.611e-11 	1.390e-04 	4.260e-17 	3.350e-04 	2.564e-21 	8.504e-16 
1.87935 	0.20299 	1.768e-04 	2.628e-11 	1.390e-04 	4.302e-17 	3.350e-04 	2.580e-21 	8.543e-16 
1.89945 	0.20516 	1.768e-04 	2.645e-11 	1.390e-04 	4.344e-17 	3.350e-04 	2.596e-21 	8.583e-16 
1.91955 	0.20733 	1.768e-04 	2.663e-11 	1.390e-04 	4.386e-17 	3.350e-04 	2.612e-21 	8.622e-16 
1.93965 	0.20950 	1.768e-04 	2.680e-11 	1.390e-04 	4.429e-17 	3.350e-04 	2.629e-21 	8.662e-16 
1.95975 	0.21167 	1.768e-04 	2.697e-11 	1.390e-04 	4.472e-17 	3.350e-04 	2.645e-21 	8.702e-16 
1.97985 	0.21384 	1.768e-04 	2.715e-11 	1.390e-04 	4.515e-17 	3.350e-04 	2.662e-21 	8.742e-16 
1.99995 	0.21601 	1.768e-04 	2.733e-11 	1.390e-04 	4.559e-17 	3.350e-04 	2.679e-21 	8.782e-16 
