n = 1.1e+03, Tgas =  35.0, Tdust =  35.0, Go = 1000.0
pc 	Av 	e- 	C 	C+ 	CO 	O 	O2 	H2O 
0.01005 	0.01706 	1.417e-04 	1.533e-09 	1.404e-04 	3.395e-13 	3.384e-04 	5.868e-17 	3.169e-13 
0.03015 	0.05117 	1.416e-04 	1.706e-09 	1.403e-04 	3.870e-13 	3.383e-04 	6.552e-17 	3.321e-13 
0.05025 	0.08529 	1.415e-04 	1.898e-09 	1.403e-04 	4.402e-13 	3.382e-04 	7.317e-17 	3.482e-13 
0.07035 	0.11941 	1.414e-04 	2.112e-09 	1.402e-04 	4.997e-13 	3.381e-04 	8.173e-17 	3.653e-13 
0.09045 	0.15352 	1.414e-04 	2.350e-09 	1.402e-04 	5.663e-13 	3.381e-04 	9.130e-17 	3.833e-13 
0.11055 	0.18764 	1.413e-04 	2.614e-09 	1.402e-04 	6.405e-13 	3.380e-04 	1.020e-16 	4.024e-13 
0.13065 	0.22175 	1.413e-04 	2.907e-09 	1.402e-04 	7.231e-13 	3.381e-04 	1.140e-16 	4.225e-13 
0.15075 	0.25587 	1.412e-04 	3.234e-09 	1.402e-04 	8.150e-13 	3.381e-04 	1.274e-16 	4.439e-13 
0.17085 	0.28998 	1.412e-04 	3.596e-09 	1.402e-04 	9.171e-13 	3.381e-04 	1.424e-16 	4.665e-13 
0.19095 	0.32410 	1.412e-04 	3.998e-09 	1.403e-04 	1.030e-12 	3.382e-04 	1.592e-16 	4.904e-13 
0.21105 	0.35822 	1.412e-04 	4.445e-09 	1.403e-04 	1.156e-12 	3.383e-04 	1.780e-16 	5.158e-13 
0.23115 	0.39233 	1.412e-04 	4.941e-09 	1.403e-04 	1.295e-12 	3.384e-04 	1.991e-16 	5.426e-13 
0.25125 	0.42645 	1.412e-04 	5.492e-09 	1.404e-04 	1.449e-12 	3.385e-04 	2.227e-16 	5.710e-13 
0.27135 	0.46056 	1.413e-04 	6.103e-09 	1.404e-04 	1.619e-12 	3.386e-04 	2.492e-16 	6.011e-13 
0.29145 	0.49468 	1.413e-04 	6.781e-09 	1.405e-04 	1.807e-12 	3.388e-04 	2.788e-16 	6.330e-13 
0.31155 	0.52879 	1.413e-04 	7.534e-09 	1.406e-04 	2.015e-12 	3.389e-04 	3.120e-16 	6.667e-13 
0.33165 	0.56291 	1.414e-04 	8.369e-09 	1.406e-04 	2.245e-12 	3.391e-04 	3.492e-16 	7.025e-13 
0.35175 	0.59703 	1.414e-04 	9.295e-09 	1.407e-04 	2.498e-12 	3.393e-04 	3.909e-16 	7.404e-13 
0.37185 	0.63114 	1.415e-04 	1.032e-08 	1.408e-04 	2.777e-12 	3.395e-04 	4.376e-16 	7.805e-13 
0.39195 	0.66526 	1.415e-04 	1.146e-08 	1.409e-04 	3.084e-12 	3.396e-04 	4.901e-16 	8.231e-13 
0.41205 	0.69937 	1.416e-04 	1.273e-08 	1.409e-04 	3.423e-12 	3.398e-04 	5.489e-16 	8.681e-13 
0.43215 	0.73349 	1.416e-04 	1.413e-08 	1.410e-04 	3.796e-12 	3.400e-04 	6.148e-16 	9.159e-13 
0.45225 	0.76760 	1.417e-04 	1.568e-08 	1.411e-04 	4.207e-12 	3.402e-04 	6.888e-16 	9.665e-13 
0.47235 	0.80172 	1.418e-04 	1.740e-08 	1.412e-04 	4.659e-12 	3.404e-04 	7.719e-16 	1.020e-12 
0.49245 	0.83584 	1.418e-04 	1.931e-08 	1.413e-04 	5.157e-12 	3.406e-04 	8.651e-16 	1.077e-12 
0.51255 	0.86995 	1.419e-04 	2.143e-08 	1.413e-04 	5.704e-12 	3.408e-04 	9.697e-16 	1.137e-12 
0.53265 	0.90407 	1.419e-04 	2.378e-08 	1.414e-04 	6.306e-12 	3.410e-04 	1.087e-15 	1.201e-12 
0.55275 	0.93818 	1.420e-04 	2.638e-08 	1.415e-04 	6.968e-12 	3.412e-04 	1.219e-15 	1.269e-12 
0.57285 	0.97230 	1.421e-04 	2.926e-08 	1.416e-04 	7.695e-12 	3.414e-04 	1.367e-15 	1.340e-12 
0.59295 	1.00641 	1.421e-04 	3.246e-08 	1.416e-04 	8.495e-12 	3.416e-04 	1.534e-15 	1.416e-12 
0.61305 	1.04053 	1.422e-04 	3.600e-08 	1.417e-04 	9.374e-12 	3.418e-04 	1.720e-15 	1.497e-12 
0.63315 	1.07465 	1.422e-04 	3.993e-08 	1.418e-04 	1.034e-11 	3.419e-04 	1.930e-15 	1.582e-12 
0.65325 	1.10876 	1.423e-04 	4.428e-08 	1.419e-04 	1.140e-11 	3.421e-04 	2.166e-15 	1.672e-12 
0.67335 	1.14288 	1.424e-04 	4.910e-08 	1.419e-04 	1.257e-11 	3.423e-04 	2.431e-15 	1.768e-12 
0.69345 	1.17699 	1.424e-04 	5.445e-08 	1.420e-04 	1.385e-11 	3.425e-04 	2.729e-15 	1.869e-12 
0.71355 	1.21111 	1.425e-04 	6.037e-08 	1.420e-04 	1.525e-11 	3.426e-04 	3.064e-15 	1.977e-12 
0.73365 	1.24522 	1.425e-04 	6.693e-08 	1.421e-04 	1.680e-11 	3.428e-04 	3.441e-15 	2.091e-12 
0.75375 	1.27934 	1.426e-04 	7.420e-08 	1.422e-04 	1.850e-11 	3.429e-04 	3.864e-15 	2.212e-12 
0.77385 	1.31346 	1.426e-04 	8.225e-08 	1.422e-04 	2.036e-11 	3.431e-04 	4.340e-15 	2.340e-12 
0.79395 	1.34757 	1.426e-04 	9.118e-08 	1.423e-04 	2.241e-11 	3.432e-04 	4.875e-15 	2.475e-12 
0.81405 	1.38169 	1.427e-04 	1.011e-07 	1.423e-04 	2.466e-11 	3.433e-04 	5.476e-15 	2.619e-12 
0.83415 	1.41580 	1.427e-04 	1.120e-07 	1.424e-04 	2.713e-11 	3.435e-04 	6.153e-15 	2.771e-12 
0.85425 	1.44992 	1.427e-04 	1.241e-07 	1.424e-04 	2.984e-11 	3.436e-04 	6.914e-15 	2.933e-12 
0.87435 	1.48403 	1.428e-04 	1.376e-07 	1.424e-04 	3.283e-11 	3.437e-04 	7.769e-15 	3.104e-12 
0.89445 	1.51815 	1.428e-04 	1.525e-07 	1.425e-04 	3.610e-11 	3.438e-04 	8.732e-15 	3.285e-12 
0.91455 	1.55227 	1.428e-04 	1.690e-07 	1.425e-04 	3.970e-11 	3.440e-04 	9.814e-15 	3.477e-12 
0.93465 	1.58638 	1.429e-04 	1.872e-07 	1.425e-04 	4.366e-11 	3.441e-04 	1.103e-14 	3.681e-12 
0.95475 	1.62050 	1.429e-04 	2.075e-07 	1.425e-04 	4.801e-11 	3.442e-04 	1.240e-14 	3.896e-12 
0.97485 	1.65461 	1.429e-04 	2.299e-07 	1.426e-04 	5.279e-11 	3.443e-04 	1.394e-14 	4.125e-12 
0.99495 	1.68873 	1.429e-04 	2.547e-07 	1.426e-04 	5.805e-11 	3.444e-04 	1.568e-14 	4.368e-12 
1.01505 	1.72284 	1.429e-04 	2.821e-07 	1.426e-04 	6.383e-11 	3.445e-04 	1.763e-14 	4.624e-12 
1.03515 	1.75696 	1.429e-04 	3.125e-07 	1.426e-04 	7.019e-11 	3.445e-04 	1.982e-14 	4.897e-12 
1.05525 	1.79108 	1.429e-04 	3.462e-07 	1.426e-04 	7.719e-11 	3.446e-04 	2.229e-14 	5.185e-12 
1.07535 	1.82519 	1.429e-04 	3.834e-07 	1.426e-04 	8.489e-11 	3.447e-04 	2.507e-14 	5.491e-12 
1.09545 	1.85931 	1.429e-04 	4.247e-07 	1.426e-04 	9.337e-11 	3.448e-04 	2.820e-14 	5.816e-12 
1.11555 	1.89342 	1.429e-04 	4.703e-07 	1.426e-04 	1.027e-10 	3.448e-04 	3.172e-14 	6.159e-12 
1.13565 	1.92754 	1.428e-04 	5.208e-07 	1.425e-04 	1.130e-10 	3.449e-04 	3.568e-14 	6.524e-12 
1.15575 	1.96165 	1.428e-04 	5.767e-07 	1.425e-04 	1.243e-10 	3.450e-04 	4.014e-14 	6.910e-12 
1.17585 	1.99577 	1.428e-04 	6.385e-07 	1.425e-04 	1.368e-10 	3.450e-04 	4.515e-14 	7.320e-12 
1.19595 	2.02989 	1.427e-04 	7.069e-07 	1.424e-04 	1.505e-10 	3.451e-04 	5.080e-14 	7.754e-12 
1.21605 	2.06400 	1.427e-04 	7.825e-07 	1.424e-04 	1.657e-10 	3.452e-04 	5.715e-14 	8.215e-12 
1.23615 	2.09812 	1.426e-04 	8.662e-07 	1.423e-04 	1.824e-10 	3.452e-04 	6.430e-14 	8.704e-12 
1.25625 	2.13223 	1.425e-04 	9.586e-07 	1.422e-04 	2.008e-10 	3.453e-04 	7.234e-14 	9.222e-12 
1.27635 	2.16635 	1.424e-04 	1.061e-06 	1.422e-04 	2.212e-10 	3.453e-04 	8.140e-14 	9.772e-12 
1.29645 	2.20046 	1.423e-04 	1.174e-06 	1.421e-04 	2.436e-10 	3.454e-04 	9.159e-14 	1.036e-11 
1.31655 	2.23458 	1.422e-04 	1.298e-06 	1.420e-04 	2.684e-10 	3.454e-04 	1.031e-13 	1.097e-11 
1.33665 	2.26870 	1.421e-04 	1.436e-06 	1.418e-04 	2.958e-10 	3.455e-04 	1.160e-13 	1.163e-11 
1.35675 	2.30281 	1.420e-04 	1.588e-06 	1.417e-04 	3.261e-10 	3.455e-04 	1.305e-13 	1.233e-11 
1.37685 	2.33693 	1.418e-04 	1.756e-06 	1.416e-04 	3.595e-10 	3.455e-04 	1.469e-13 	1.307e-11 
1.39695 	2.37104 	1.417e-04 	1.940e-06 	1.414e-04 	3.965e-10 	3.456e-04 	1.653e-13 	1.386e-11 
1.41705 	2.40516 	1.415e-04 	2.144e-06 	1.412e-04 	4.375e-10 	3.456e-04 	1.861e-13 	1.469e-11 
1.43715 	2.43927 	1.413e-04 	2.369e-06 	1.410e-04 	4.827e-10 	3.457e-04 	2.095e-13 	1.558e-11 
1.45725 	2.47339 	1.410e-04 	2.616e-06 	1.408e-04 	5.329e-10 	3.457e-04 	2.358e-13 	1.653e-11 
1.47735 	2.50751 	1.408e-04 	2.889e-06 	1.405e-04 	5.884e-10 	3.457e-04 	2.655e-13 	1.754e-11 
1.49745 	2.54162 	1.405e-04 	3.188e-06 	1.402e-04 	6.499e-10 	3.458e-04 	2.989e-13 	1.861e-11 
1.51755 	2.57574 	1.402e-04 	3.517e-06 	1.399e-04 	7.180e-10 	3.458e-04 	3.366e-13 	1.975e-11 
1.53765 	2.60985 	1.398e-04 	3.879e-06 	1.396e-04 	7.935e-10 	3.458e-04 	3.791e-13 	2.096e-11 
1.55775 	2.64397 	1.394e-04 	4.275e-06 	1.392e-04 	8.772e-10 	3.459e-04 	4.270e-13 	2.225e-11 
1.57785 	2.67808 	1.390e-04 	4.710e-06 	1.388e-04 	9.700e-10 	3.459e-04 	4.810e-13 	2.363e-11 
1.59795 	2.71220 	1.386e-04 	5.186e-06 	1.383e-04 	1.073e-09 	3.459e-04 	5.419e-13 	2.511e-11 
1.61805 	2.74632 	1.380e-04 	5.707e-06 	1.378e-04 	1.187e-09 	3.460e-04 	6.107e-13 	2.668e-11 
1.63815 	2.78043 	1.375e-04 	6.276e-06 	1.372e-04 	1.314e-09 	3.460e-04 	6.883e-13 	2.836e-11 
1.65825 	2.81455 	1.369e-04 	6.897e-06 	1.366e-04 	1.455e-09 	3.460e-04 	7.760e-13 	3.016e-11 
1.67835 	2.84866 	1.362e-04 	7.573e-06 	1.360e-04 	1.611e-09 	3.461e-04 	8.750e-13 	3.209e-11 
1.69845 	2.88278 	1.355e-04 	8.309e-06 	1.352e-04 	1.785e-09 	3.461e-04 	9.870e-13 	3.415e-11 
1.71855 	2.91689 	1.347e-04 	9.108e-06 	1.345e-04 	1.977e-09 	3.462e-04 	1.114e-12 	3.637e-11 
1.73865 	2.95101 	1.339e-04 	9.975e-06 	1.336e-04 	2.191e-09 	3.462e-04 	1.257e-12 	3.874e-11 
1.75875 	2.98513 	1.329e-04 	1.091e-05 	1.327e-04 	2.429e-09 	3.462e-04 	1.420e-12 	4.130e-11 
1.77885 	3.01924 	1.320e-04 	1.193e-05 	1.317e-04 	2.693e-09 	3.463e-04 	1.604e-12 	4.406e-11 
1.79895 	3.05336 	1.309e-04 	1.302e-05 	1.306e-04 	2.987e-09 	3.463e-04 	1.812e-12 	4.702e-11 
1.81905 	3.08747 	1.297e-04 	1.419e-05 	1.295e-04 	3.312e-09 	3.464e-04 	2.049e-12 	5.022e-11 
1.83915 	3.12159 	1.285e-04 	1.545e-05 	1.282e-04 	3.675e-09 	3.464e-04 	2.318e-12 	5.368e-11 
1.85925 	3.15571 	1.272e-04 	1.680e-05 	1.269e-04 	4.077e-09 	3.465e-04 	2.624e-12 	5.742e-11 
1.87935 	3.18982 	1.257e-04 	1.824e-05 	1.255e-04 	4.523e-09 	3.465e-04 	2.973e-12 	6.148e-11 
1.89945 	3.22394 	1.242e-04 	1.977e-05 	1.240e-04 	5.019e-09 	3.466e-04 	3.370e-12 	6.587e-11 
1.91955 	3.25805 	1.226e-04 	2.140e-05 	1.224e-04 	5.570e-09 	3.467e-04 	3.822e-12 	7.065e-11 
1.93965 	3.29217 	1.209e-04 	2.312e-05 	1.207e-04 	6.181e-09 	3.467e-04 	4.339e-12 	7.584e-11 
1.95975 	3.32628 	1.192e-04 	2.494e-05 	1.189e-04 	6.859e-09 	3.468e-04 	4.929e-12 	8.149e-11 
1.97985 	3.36040 	1.173e-04 	2.685e-05 	1.170e-04 	7.612e-09 	3.469e-04 	5.604e-12 	8.766e-11 
1.99995 	3.39452 	1.153e-04 	2.886e-05 	1.150e-04 	8.447e-09 	3.469e-04 	6.378e-12 	9.438e-11 
