n = 1.0e+02, Tgas =  19.5, Tdust =  19.5, Go = 10000.0
pc 	Av 	e- 	C 	C+ 	CO 	O 	O2 	H2O 
0.01005 	0.00155 	1.680e-04 	1.980e-11 	1.402e-04 	3.474e-17 	3.380e-04 	2.143e-21 	5.867e-16 
0.03015 	0.00465 	1.680e-04 	1.998e-11 	1.402e-04 	3.522e-17 	3.380e-04 	2.161e-21 	5.906e-16 
0.05025 	0.00775 	1.680e-04 	2.017e-11 	1.402e-04 	3.571e-17 	3.380e-04 	2.179e-21 	5.945e-16 
0.07035 	0.01086 	1.680e-04 	2.036e-11 	1.402e-04 	3.620e-17 	3.380e-04 	2.198e-21 	5.984e-16 
0.09045 	0.01396 	1.680e-04 	2.055e-11 	1.402e-04 	3.670e-17 	3.380e-04 	2.217e-21 	6.024e-16 
0.11055 	0.01706 	1.680e-04 	2.074e-11 	1.402e-04 	3.721e-17 	3.380e-04 	2.236e-21 	6.064e-16 
0.13065 	0.02016 	1.680e-04 	2.093e-11 	1.402e-04 	3.772e-17 	3.380e-04 	2.255e-21 	6.104e-16 
0.15075 	0.02326 	1.680e-04 	2.113e-11 	1.402e-04 	3.824e-17 	3.380e-04 	2.274e-21 	6.144e-16 
0.17085 	0.02636 	1.680e-04 	2.133e-11 	1.402e-04 	3.877e-17 	3.380e-04 	2.294e-21 	6.185e-16 
0.19095 	0.02946 	1.680e-04 	2.152e-11 	1.402e-04 	3.931e-17 	3.380e-04 	2.313e-21 	6.226e-16 
0.21105 	0.03257 	1.680e-04 	2.173e-11 	1.402e-04 	3.986e-17 	3.380e-04 	2.333e-21 	6.268e-16 
0.23115 	0.03567 	1.680e-04 	2.193e-11 	1.402e-04 	4.041e-17 	3.380e-04 	2.353e-21 	6.309e-16 
0.25125 	0.03877 	1.680e-04 	2.213e-11 	1.402e-04 	4.097e-17 	3.380e-04 	2.374e-21 	6.352e-16 
0.27135 	0.04187 	1.680e-04 	2.234e-11 	1.402e-04 	4.154e-17 	3.380e-04 	2.394e-21 	6.394e-16 
0.29145 	0.04497 	1.680e-04 	2.255e-11 	1.402e-04 	4.212e-17 	3.380e-04 	2.415e-21 	6.437e-16 
0.31155 	0.04807 	1.680e-04 	2.276e-11 	1.402e-04 	4.270e-17 	3.379e-04 	2.436e-21 	6.480e-16 
0.33165 	0.05117 	1.680e-04 	2.297e-11 	1.402e-04 	4.330e-17 	3.379e-04 	2.457e-21 	6.523e-16 
0.35175 	0.05428 	1.680e-04 	2.319e-11 	1.402e-04 	4.390e-17 	3.379e-04 	2.478e-21 	6.567e-16 
0.37185 	0.05738 	1.680e-04 	2.340e-11 	1.402e-04 	4.451e-17 	3.379e-04 	2.500e-21 	6.611e-16 
0.39195 	0.06048 	1.680e-04 	2.362e-11 	1.402e-04 	4.513e-17 	3.379e-04 	2.522e-21 	6.655e-16 
0.41205 	0.06358 	1.680e-04 	2.384e-11 	1.402e-04 	4.576e-17 	3.379e-04 	2.544e-21 	6.700e-16 
0.43215 	0.06668 	1.680e-04 	2.407e-11 	1.402e-04 	4.640e-17 	3.379e-04 	2.566e-21 	6.745e-16 
0.45225 	0.06978 	1.680e-04 	2.429e-11 	1.402e-04 	4.705e-17 	3.379e-04 	2.589e-21 	6.791e-16 
0.47235 	0.07288 	1.679e-04 	2.452e-11 	1.402e-04 	4.770e-17 	3.379e-04 	2.611e-21 	6.836e-16 
0.49245 	0.07599 	1.679e-04 	2.475e-11 	1.402e-04 	4.837e-17 	3.379e-04 	2.634e-21 	6.883e-16 
0.51255 	0.07909 	1.679e-04 	2.498e-11 	1.402e-04 	4.905e-17 	3.379e-04 	2.657e-21 	6.929e-16 
0.53265 	0.08219 	1.679e-04 	2.521e-11 	1.402e-04 	4.973e-17 	3.379e-04 	2.681e-21 	6.976e-16 
0.55275 	0.08529 	1.679e-04 	2.545e-11 	1.402e-04 	5.043e-17 	3.379e-04 	2.705e-21 	7.023e-16 
0.57285 	0.08839 	1.679e-04 	2.568e-11 	1.402e-04 	5.113e-17 	3.379e-04 	2.728e-21 	7.071e-16 
0.59295 	0.09149 	1.679e-04 	2.592e-11 	1.402e-04 	5.185e-17 	3.379e-04 	2.753e-21 	7.119e-16 
0.61305 	0.09459 	1.679e-04 	2.617e-11 	1.402e-04 	5.258e-17 	3.379e-04 	2.777e-21 	7.167e-16 
0.63315 	0.09770 	1.679e-04 	2.641e-11 	1.402e-04 	5.331e-17 	3.379e-04 	2.802e-21 	7.216e-16 
0.65325 	0.10080 	1.679e-04 	2.666e-11 	1.402e-04 	5.406e-17 	3.379e-04 	2.826e-21 	7.265e-16 
0.67335 	0.10390 	1.679e-04 	2.691e-11 	1.402e-04 	5.482e-17 	3.379e-04 	2.852e-21 	7.315e-16 
0.69345 	0.10700 	1.679e-04 	2.716e-11 	1.402e-04 	5.559e-17 	3.379e-04 	2.877e-21 	7.365e-16 
0.71355 	0.11010 	1.679e-04 	2.741e-11 	1.401e-04 	5.637e-17 	3.379e-04 	2.903e-21 	7.415e-16 
0.73365 	0.11320 	1.679e-04 	2.767e-11 	1.401e-04 	5.716e-17 	3.379e-04 	2.929e-21 	7.466e-16 
0.75375 	0.11630 	1.679e-04 	2.793e-11 	1.401e-04 	5.797e-17 	3.379e-04 	2.955e-21 	7.517e-16 
0.77385 	0.11941 	1.679e-04 	2.819e-11 	1.401e-04 	5.878e-17 	3.379e-04 	2.981e-21 	7.569e-16 
0.79395 	0.12251 	1.679e-04 	2.845e-11 	1.401e-04 	5.961e-17 	3.379e-04 	3.008e-21 	7.621e-16 
0.81405 	0.12561 	1.679e-04 	2.872e-11 	1.401e-04 	6.045e-17 	3.379e-04 	3.035e-21 	7.674e-16 
0.83415 	0.12871 	1.679e-04 	2.898e-11 	1.401e-04 	6.130e-17 	3.379e-04 	3.063e-21 	7.727e-16 
0.85425 	0.13181 	1.679e-04 	2.925e-11 	1.401e-04 	6.217e-17 	3.379e-04 	3.090e-21 	7.780e-16 
0.87435 	0.13491 	1.679e-04 	2.953e-11 	1.401e-04 	6.304e-17 	3.379e-04 	3.118e-21 	7.834e-16 
0.89445 	0.13801 	1.679e-04 	2.980e-11 	1.401e-04 	6.393e-17 	3.379e-04 	3.146e-21 	7.888e-16 
0.91455 	0.14112 	1.679e-04 	3.008e-11 	1.401e-04 	6.483e-17 	3.379e-04 	3.175e-21 	7.943e-16 
0.93465 	0.14422 	1.679e-04 	3.036e-11 	1.401e-04 	6.575e-17 	3.379e-04 	3.204e-21 	7.998e-16 
0.95475 	0.14732 	1.679e-04 	3.065e-11 	1.401e-04 	6.668e-17 	3.379e-04 	3.233e-21 	8.053e-16 
0.97485 	0.15042 	1.679e-04 	3.093e-11 	1.401e-04 	6.762e-17 	3.379e-04 	3.262e-21 	8.109e-16 
0.99495 	0.15352 	1.679e-04 	3.122e-11 	1.401e-04 	6.858e-17 	3.379e-04 	3.292e-21 	8.166e-16 
1.01505 	0.15662 	1.679e-04 	3.151e-11 	1.401e-04 	6.955e-17 	3.378e-04 	3.322e-21 	8.223e-16 
1.03515 	0.15972 	1.679e-04 	3.181e-11 	1.401e-04 	7.053e-17 	3.378e-04 	3.352e-21 	8.280e-16 
1.05525 	0.16283 	1.679e-04 	3.210e-11 	1.401e-04 	7.153e-17 	3.378e-04 	3.383e-21 	8.338e-16 
1.07535 	0.16593 	1.679e-04 	3.240e-11 	1.401e-04 	7.254e-17 	3.378e-04 	3.414e-21 	8.397e-16 
1.09545 	0.16903 	1.679e-04 	3.271e-11 	1.401e-04 	7.357e-17 	3.378e-04 	3.445e-21 	8.456e-16 
1.11555 	0.17213 	1.679e-04 	3.301e-11 	1.401e-04 	7.462e-17 	3.378e-04 	3.477e-21 	8.515e-16 
1.13565 	0.17523 	1.679e-04 	3.332e-11 	1.401e-04 	7.567e-17 	3.378e-04 	3.509e-21 	8.575e-16 
1.15575 	0.17833 	1.679e-04 	3.363e-11 	1.401e-04 	7.675e-17 	3.378e-04 	3.541e-21 	8.636e-16 
1.17585 	0.18143 	1.679e-04 	3.395e-11 	1.401e-04 	7.784e-17 	3.378e-04 	3.574e-21 	8.697e-16 
1.19595 	0.18454 	1.678e-04 	3.426e-11 	1.401e-04 	7.894e-17 	3.378e-04 	3.607e-21 	8.758e-16 
1.21605 	0.18764 	1.678e-04 	3.458e-11 	1.401e-04 	8.007e-17 	3.378e-04 	3.641e-21 	8.820e-16 
1.23615 	0.19074 	1.678e-04 	3.491e-11 	1.401e-04 	8.120e-17 	3.378e-04 	3.675e-21 	8.883e-16 
1.25625 	0.19384 	1.678e-04 	3.523e-11 	1.401e-04 	8.236e-17 	3.378e-04 	3.709e-21 	8.946e-16 
1.27635 	0.19694 	1.678e-04 	3.556e-11 	1.401e-04 	8.353e-17 	3.378e-04 	3.743e-21 	9.010e-16 
1.29645 	0.20004 	1.678e-04 	3.589e-11 	1.401e-04 	8.472e-17 	3.378e-04 	3.778e-21 	9.074e-16 
1.31655 	0.20314 	1.678e-04 	3.623e-11 	1.401e-04 	8.593e-17 	3.378e-04 	3.814e-21 	9.139e-16 
1.33665 	0.20625 	1.678e-04 	3.657e-11 	1.401e-04 	8.715e-17 	3.378e-04 	3.849e-21 	9.204e-16 
1.35675 	0.20935 	1.678e-04 	3.691e-11 	1.401e-04 	8.839e-17 	3.378e-04 	3.885e-21 	9.270e-16 
1.37685 	0.21245 	1.678e-04 	3.725e-11 	1.401e-04 	8.965e-17 	3.378e-04 	3.922e-21 	9.336e-16 
1.39695 	0.21555 	1.678e-04 	3.760e-11 	1.401e-04 	9.093e-17 	3.378e-04 	3.959e-21 	9.403e-16 
1.41705 	0.21865 	1.678e-04 	3.795e-11 	1.401e-04 	9.223e-17 	3.378e-04 	3.996e-21 	9.471e-16 
1.43715 	0.22175 	1.678e-04 	3.831e-11 	1.401e-04 	9.355e-17 	3.378e-04 	4.034e-21 	9.539e-16 
1.45725 	0.22485 	1.678e-04 	3.866e-11 	1.401e-04 	9.488e-17 	3.378e-04 	4.072e-21 	9.608e-16 
1.47735 	0.22796 	1.678e-04 	3.902e-11 	1.401e-04 	9.624e-17 	3.378e-04 	4.110e-21 	9.678e-16 
1.49745 	0.23106 	1.678e-04 	3.939e-11 	1.401e-04 	9.761e-17 	3.378e-04 	4.149e-21 	9.748e-16 
1.51755 	0.23416 	1.678e-04 	3.976e-11 	1.401e-04 	9.901e-17 	3.378e-04 	4.189e-21 	9.819e-16 
1.53765 	0.23726 	1.678e-04 	4.013e-11 	1.401e-04 	1.004e-16 	3.378e-04 	4.229e-21 	9.890e-16 
1.55775 	0.24036 	1.678e-04 	4.050e-11 	1.401e-04 	1.019e-16 	3.378e-04 	4.269e-21 	9.962e-16 
1.57785 	0.24346 	1.678e-04 	4.088e-11 	1.401e-04 	1.033e-16 	3.377e-04 	4.310e-21 	1.003e-15 
1.59795 	0.24656 	1.678e-04 	4.126e-11 	1.401e-04 	1.048e-16 	3.377e-04 	4.351e-21 	1.011e-15 
1.61805 	0.24967 	1.678e-04 	4.165e-11 	1.401e-04 	1.063e-16 	3.377e-04 	4.393e-21 	1.018e-15 
1.63815 	0.25277 	1.678e-04 	4.204e-11 	1.401e-04 	1.078e-16 	3.377e-04 	4.435e-21 	1.026e-15 
1.65825 	0.25587 	1.678e-04 	4.243e-11 	1.401e-04 	1.094e-16 	3.377e-04 	4.477e-21 	1.033e-15 
1.67835 	0.25897 	1.678e-04 	4.282e-11 	1.401e-04 	1.109e-16 	3.377e-04 	4.521e-21 	1.041e-15 
1.69845 	0.26207 	1.678e-04 	4.322e-11 	1.401e-04 	1.125e-16 	3.377e-04 	4.564e-21 	1.048e-15 
1.71855 	0.26517 	1.678e-04 	4.363e-11 	1.401e-04 	1.141e-16 	3.377e-04 	4.608e-21 	1.056e-15 
1.73865 	0.26827 	1.677e-04 	4.404e-11 	1.401e-04 	1.158e-16 	3.377e-04 	4.653e-21 	1.064e-15 
1.75875 	0.27138 	1.677e-04 	4.445e-11 	1.401e-04 	1.174e-16 	3.377e-04 	4.698e-21 	1.072e-15 
1.77885 	0.27448 	1.677e-04 	4.486e-11 	1.401e-04 	1.191e-16 	3.377e-04 	4.744e-21 	1.080e-15 
1.79895 	0.27758 	1.677e-04 	4.528e-11 	1.401e-04 	1.208e-16 	3.377e-04 	4.790e-21 	1.088e-15 
1.81905 	0.28068 	1.677e-04 	4.570e-11 	1.401e-04 	1.226e-16 	3.377e-04 	4.836e-21 	1.096e-15 
1.83915 	0.28378 	1.677e-04 	4.613e-11 	1.401e-04 	1.243e-16 	3.377e-04 	4.884e-21 	1.104e-15 
1.85925 	0.28688 	1.677e-04 	4.656e-11 	1.401e-04 	1.261e-16 	3.377e-04 	4.931e-21 	1.112e-15 
1.87935 	0.28998 	1.677e-04 	4.699e-11 	1.401e-04 	1.280e-16 	3.377e-04 	4.980e-21 	1.121e-15 
1.89945 	0.29309 	1.677e-04 	4.743e-11 	1.401e-04 	1.298e-16 	3.377e-04 	5.029e-21 	1.129e-15 
1.91955 	0.29619 	1.677e-04 	4.788e-11 	1.401e-04 	1.317e-16 	3.377e-04 	5.078e-21 	1.138e-15 
1.93965 	0.29929 	1.677e-04 	4.832e-11 	1.401e-04 	1.336e-16 	3.377e-04 	5.128e-21 	1.146e-15 
1.95975 	0.30239 	1.677e-04 	4.877e-11 	1.401e-04 	1.355e-16 	3.377e-04 	5.179e-21 	1.155e-15 
1.97985 	0.30549 	1.677e-04 	4.923e-11 	1.401e-04 	1.374e-16 	3.377e-04 	5.230e-21 	1.164e-15 
1.99995 	0.30859 	1.677e-04 	4.969e-11 	1.401e-04 	1.394e-16 	3.377e-04 	5.282e-21 	1.173e-15 
