n = 1.0e+02, Tgas =   9.0, Tdust =   9.0, Go = 10000.0
pc 	Av 	e- 	C 	C+ 	CO 	O 	O2 	H2O 
0.01005 	0.00155 	1.537e-04 	2.881e-11 	1.373e-04 	3.723e-17 	3.311e-04 	6.333e-22 	3.994e-16 
0.03015 	0.00465 	1.537e-04 	2.908e-11 	1.373e-04 	3.774e-17 	3.311e-04 	6.386e-22 	4.021e-16 
0.05025 	0.00775 	1.537e-04 	2.935e-11 	1.373e-04 	3.827e-17 	3.311e-04 	6.441e-22 	4.049e-16 
0.07035 	0.01086 	1.537e-04 	2.963e-11 	1.373e-04 	3.880e-17 	3.310e-04 	6.495e-22 	4.076e-16 
0.09045 	0.01396 	1.537e-04 	2.990e-11 	1.373e-04 	3.934e-17 	3.310e-04 	6.550e-22 	4.104e-16 
0.11055 	0.01706 	1.537e-04 	3.018e-11 	1.373e-04 	3.989e-17 	3.310e-04 	6.606e-22 	4.132e-16 
0.13065 	0.02016 	1.537e-04 	3.046e-11 	1.373e-04 	4.044e-17 	3.310e-04 	6.662e-22 	4.160e-16 
0.15075 	0.02326 	1.537e-04 	3.075e-11 	1.373e-04 	4.101e-17 	3.310e-04 	6.719e-22 	4.188e-16 
0.17085 	0.02636 	1.537e-04 	3.104e-11 	1.373e-04 	4.158e-17 	3.310e-04 	6.777e-22 	4.217e-16 
0.19095 	0.02946 	1.537e-04 	3.133e-11 	1.373e-04 	4.216e-17 	3.310e-04 	6.834e-22 	4.245e-16 
0.21105 	0.03257 	1.537e-04 	3.162e-11 	1.373e-04 	4.275e-17 	3.310e-04 	6.893e-22 	4.274e-16 
0.23115 	0.03567 	1.537e-04 	3.191e-11 	1.373e-04 	4.334e-17 	3.310e-04 	6.952e-22 	4.304e-16 
0.25125 	0.03877 	1.537e-04 	3.221e-11 	1.373e-04 	4.395e-17 	3.310e-04 	7.012e-22 	4.333e-16 
0.27135 	0.04187 	1.537e-04 	3.251e-11 	1.373e-04 	4.456e-17 	3.310e-04 	7.072e-22 	4.363e-16 
0.29145 	0.04497 	1.537e-04 	3.282e-11 	1.373e-04 	4.518e-17 	3.310e-04 	7.133e-22 	4.393e-16 
0.31155 	0.04807 	1.537e-04 	3.312e-11 	1.373e-04 	4.582e-17 	3.310e-04 	7.194e-22 	4.423e-16 
0.33165 	0.05117 	1.537e-04 	3.343e-11 	1.373e-04 	4.646e-17 	3.310e-04 	7.256e-22 	4.453e-16 
0.35175 	0.05428 	1.537e-04 	3.374e-11 	1.373e-04 	4.711e-17 	3.310e-04 	7.319e-22 	4.484e-16 
0.37185 	0.05738 	1.537e-04 	3.406e-11 	1.373e-04 	4.777e-17 	3.310e-04 	7.382e-22 	4.515e-16 
0.39195 	0.06048 	1.537e-04 	3.438e-11 	1.373e-04 	4.844e-17 	3.310e-04 	7.446e-22 	4.546e-16 
0.41205 	0.06358 	1.537e-04 	3.470e-11 	1.373e-04 	4.912e-17 	3.310e-04 	7.511e-22 	4.577e-16 
0.43215 	0.06668 	1.537e-04 	3.502e-11 	1.373e-04 	4.980e-17 	3.310e-04 	7.576e-22 	4.609e-16 
0.45225 	0.06978 	1.537e-04 	3.535e-11 	1.373e-04 	5.050e-17 	3.310e-04 	7.642e-22 	4.641e-16 
0.47235 	0.07288 	1.537e-04 	3.568e-11 	1.373e-04 	5.121e-17 	3.310e-04 	7.708e-22 	4.673e-16 
0.49245 	0.07599 	1.537e-04 	3.601e-11 	1.373e-04 	5.193e-17 	3.310e-04 	7.775e-22 	4.705e-16 
0.51255 	0.07909 	1.537e-04 	3.635e-11 	1.373e-04 	5.266e-17 	3.310e-04 	7.843e-22 	4.738e-16 
0.53265 	0.08219 	1.537e-04 	3.669e-11 	1.373e-04 	5.340e-17 	3.310e-04 	7.912e-22 	4.771e-16 
0.55275 	0.08529 	1.537e-04 	3.703e-11 	1.373e-04 	5.415e-17 	3.310e-04 	7.981e-22 	4.804e-16 
0.57285 	0.08839 	1.537e-04 	3.738e-11 	1.373e-04 	5.491e-17 	3.310e-04 	8.051e-22 	4.838e-16 
0.59295 	0.09149 	1.537e-04 	3.773e-11 	1.373e-04 	5.569e-17 	3.310e-04 	8.121e-22 	4.872e-16 
0.61305 	0.09459 	1.537e-04 	3.808e-11 	1.373e-04 	5.647e-17 	3.309e-04 	8.192e-22 	4.906e-16 
0.63315 	0.09770 	1.537e-04 	3.844e-11 	1.373e-04 	5.727e-17 	3.309e-04 	8.264e-22 	4.940e-16 
0.65325 	0.10080 	1.537e-04 	3.879e-11 	1.373e-04 	5.807e-17 	3.309e-04 	8.337e-22 	4.975e-16 
0.67335 	0.10390 	1.537e-04 	3.916e-11 	1.373e-04 	5.889e-17 	3.309e-04 	8.411e-22 	5.010e-16 
0.69345 	0.10700 	1.537e-04 	3.952e-11 	1.373e-04 	5.972e-17 	3.309e-04 	8.485e-22 	5.045e-16 
0.71355 	0.11010 	1.537e-04 	3.989e-11 	1.373e-04 	6.057e-17 	3.309e-04 	8.560e-22 	5.081e-16 
0.73365 	0.11320 	1.537e-04 	4.026e-11 	1.373e-04 	6.142e-17 	3.309e-04 	8.636e-22 	5.117e-16 
0.75375 	0.11630 	1.536e-04 	4.064e-11 	1.373e-04 	6.229e-17 	3.309e-04 	8.712e-22 	5.153e-16 
0.77385 	0.11941 	1.536e-04 	4.102e-11 	1.373e-04 	6.317e-17 	3.309e-04 	8.789e-22 	5.189e-16 
0.79395 	0.12251 	1.536e-04 	4.140e-11 	1.373e-04 	6.406e-17 	3.309e-04 	8.867e-22 	5.226e-16 
0.81405 	0.12561 	1.536e-04 	4.179e-11 	1.373e-04 	6.497e-17 	3.309e-04 	8.946e-22 	5.263e-16 
0.83415 	0.12871 	1.536e-04 	4.218e-11 	1.372e-04 	6.589e-17 	3.309e-04 	9.026e-22 	5.300e-16 
0.85425 	0.13181 	1.536e-04 	4.257e-11 	1.372e-04 	6.682e-17 	3.309e-04 	9.107e-22 	5.338e-16 
0.87435 	0.13491 	1.536e-04 	4.297e-11 	1.372e-04 	6.777e-17 	3.309e-04 	9.188e-22 	5.376e-16 
0.89445 	0.13801 	1.536e-04 	4.337e-11 	1.372e-04 	6.873e-17 	3.309e-04 	9.270e-22 	5.415e-16 
0.91455 	0.14112 	1.536e-04 	4.378e-11 	1.372e-04 	6.970e-17 	3.309e-04 	9.353e-22 	5.453e-16 
0.93465 	0.14422 	1.536e-04 	4.419e-11 	1.372e-04 	7.069e-17 	3.309e-04 	9.437e-22 	5.492e-16 
0.95475 	0.14732 	1.536e-04 	4.460e-11 	1.372e-04 	7.169e-17 	3.309e-04 	9.522e-22 	5.532e-16 
0.97485 	0.15042 	1.536e-04 	4.501e-11 	1.372e-04 	7.271e-17 	3.309e-04 	9.607e-22 	5.571e-16 
0.99495 	0.15352 	1.536e-04 	4.544e-11 	1.372e-04 	7.374e-17 	3.309e-04 	9.694e-22 	5.612e-16 
1.01505 	0.15662 	1.536e-04 	4.586e-11 	1.372e-04 	7.479e-17 	3.309e-04 	9.781e-22 	5.652e-16 
1.03515 	0.15972 	1.536e-04 	4.629e-11 	1.372e-04 	7.585e-17 	3.309e-04 	9.869e-22 	5.693e-16 
1.05525 	0.16283 	1.536e-04 	4.672e-11 	1.372e-04 	7.693e-17 	3.309e-04 	9.959e-22 	5.734e-16 
1.07535 	0.16593 	1.536e-04 	4.716e-11 	1.372e-04 	7.802e-17 	3.308e-04 	1.005e-21 	5.775e-16 
1.09545 	0.16903 	1.536e-04 	4.760e-11 	1.372e-04 	7.913e-17 	3.308e-04 	1.014e-21 	5.817e-16 
1.11555 	0.17213 	1.536e-04 	4.804e-11 	1.372e-04 	8.026e-17 	3.308e-04 	1.023e-21 	5.860e-16 
1.13565 	0.17523 	1.536e-04 	4.849e-11 	1.372e-04 	8.140e-17 	3.308e-04 	1.032e-21 	5.902e-16 
1.15575 	0.17833 	1.536e-04 	4.894e-11 	1.372e-04 	8.256e-17 	3.308e-04 	1.042e-21 	5.945e-16 
1.17585 	0.18143 	1.536e-04 	4.940e-11 	1.372e-04 	8.373e-17 	3.308e-04 	1.051e-21 	5.989e-16 
1.19595 	0.18454 	1.536e-04 	4.986e-11 	1.372e-04 	8.493e-17 	3.308e-04 	1.061e-21 	6.032e-16 
1.21605 	0.18764 	1.536e-04 	5.033e-11 	1.372e-04 	8.614e-17 	3.308e-04 	1.071e-21 	6.077e-16 
1.23615 	0.19074 	1.536e-04 	5.080e-11 	1.372e-04 	8.736e-17 	3.308e-04 	1.080e-21 	6.121e-16 
1.25625 	0.19384 	1.536e-04 	5.127e-11 	1.372e-04 	8.861e-17 	3.308e-04 	1.090e-21 	6.166e-16 
1.27635 	0.19694 	1.536e-04 	5.175e-11 	1.372e-04 	8.987e-17 	3.308e-04 	1.100e-21 	6.212e-16 
1.29645 	0.20004 	1.536e-04 	5.223e-11 	1.372e-04 	9.116e-17 	3.308e-04 	1.110e-21 	6.257e-16 
1.31655 	0.20314 	1.536e-04 	5.272e-11 	1.372e-04 	9.246e-17 	3.308e-04 	1.121e-21 	6.304e-16 
1.33665 	0.20625 	1.536e-04 	5.321e-11 	1.372e-04 	9.378e-17 	3.308e-04 	1.131e-21 	6.350e-16 
1.35675 	0.20935 	1.536e-04 	5.371e-11 	1.372e-04 	9.512e-17 	3.308e-04 	1.141e-21 	6.397e-16 
1.37685 	0.21245 	1.536e-04 	5.421e-11 	1.372e-04 	9.648e-17 	3.308e-04 	1.152e-21 	6.445e-16 
1.39695 	0.21555 	1.535e-04 	5.472e-11 	1.372e-04 	9.786e-17 	3.308e-04 	1.163e-21 	6.493e-16 
1.41705 	0.21865 	1.535e-04 	5.523e-11 	1.372e-04 	9.926e-17 	3.308e-04 	1.173e-21 	6.541e-16 
1.43715 	0.22175 	1.535e-04 	5.574e-11 	1.372e-04 	1.007e-16 	3.308e-04 	1.184e-21 	6.590e-16 
1.45725 	0.22485 	1.535e-04 	5.626e-11 	1.372e-04 	1.021e-16 	3.308e-04 	1.195e-21 	6.639e-16 
1.47735 	0.22796 	1.535e-04 	5.679e-11 	1.372e-04 	1.036e-16 	3.307e-04 	1.207e-21 	6.689e-16 
1.49745 	0.23106 	1.535e-04 	5.732e-11 	1.372e-04 	1.051e-16 	3.307e-04 	1.218e-21 	6.739e-16 
1.51755 	0.23416 	1.535e-04 	5.785e-11 	1.372e-04 	1.066e-16 	3.307e-04 	1.229e-21 	6.790e-16 
1.53765 	0.23726 	1.535e-04 	5.839e-11 	1.372e-04 	1.081e-16 	3.307e-04 	1.241e-21 	6.841e-16 
1.55775 	0.24036 	1.535e-04 	5.894e-11 	1.372e-04 	1.096e-16 	3.307e-04 	1.252e-21 	6.892e-16 
1.57785 	0.24346 	1.535e-04 	5.949e-11 	1.372e-04 	1.112e-16 	3.307e-04 	1.264e-21 	6.945e-16 
1.59795 	0.24656 	1.535e-04 	6.004e-11 	1.372e-04 	1.128e-16 	3.307e-04 	1.276e-21 	6.997e-16 
1.61805 	0.24967 	1.535e-04 	6.060e-11 	1.372e-04 	1.144e-16 	3.307e-04 	1.288e-21 	7.050e-16 
1.63815 	0.25277 	1.535e-04 	6.117e-11 	1.372e-04 	1.161e-16 	3.307e-04 	1.300e-21 	7.104e-16 
1.65825 	0.25587 	1.535e-04 	6.174e-11 	1.372e-04 	1.177e-16 	3.307e-04 	1.312e-21 	7.158e-16 
1.67835 	0.25897 	1.535e-04 	6.232e-11 	1.372e-04 	1.194e-16 	3.307e-04 	1.325e-21 	7.212e-16 
1.69845 	0.26207 	1.535e-04 	6.290e-11 	1.372e-04 	1.211e-16 	3.307e-04 	1.337e-21 	7.268e-16 
1.71855 	0.26517 	1.535e-04 	6.349e-11 	1.372e-04 	1.229e-16 	3.307e-04 	1.350e-21 	7.323e-16 
1.73865 	0.26827 	1.535e-04 	6.408e-11 	1.372e-04 	1.247e-16 	3.307e-04 	1.363e-21 	7.379e-16 
1.75875 	0.27138 	1.535e-04 	6.468e-11 	1.372e-04 	1.264e-16 	3.307e-04 	1.376e-21 	7.436e-16 
1.77885 	0.27448 	1.535e-04 	6.528e-11 	1.371e-04 	1.283e-16 	3.307e-04 	1.389e-21 	7.493e-16 
1.79895 	0.27758 	1.535e-04 	6.589e-11 	1.371e-04 	1.301e-16 	3.307e-04 	1.402e-21 	7.551e-16 
1.81905 	0.28068 	1.535e-04 	6.651e-11 	1.371e-04 	1.320e-16 	3.307e-04 	1.415e-21 	7.610e-16 
1.83915 	0.28378 	1.535e-04 	6.713e-11 	1.371e-04 	1.339e-16 	3.306e-04 	1.429e-21 	7.669e-16 
1.85925 	0.28688 	1.535e-04 	6.775e-11 	1.371e-04 	1.358e-16 	3.306e-04 	1.442e-21 	7.728e-16 
1.87935 	0.28998 	1.535e-04 	6.839e-11 	1.371e-04 	1.378e-16 	3.306e-04 	1.456e-21 	7.788e-16 
1.89945 	0.29309 	1.535e-04 	6.902e-11 	1.371e-04 	1.398e-16 	3.306e-04 	1.470e-21 	7.849e-16 
1.91955 	0.29619 	1.534e-04 	6.967e-11 	1.371e-04 	1.418e-16 	3.306e-04 	1.484e-21 	7.910e-16 
1.93965 	0.29929 	1.534e-04 	7.032e-11 	1.371e-04 	1.438e-16 	3.306e-04 	1.499e-21 	7.972e-16 
1.95975 	0.30239 	1.534e-04 	7.097e-11 	1.371e-04 	1.459e-16 	3.306e-04 	1.513e-21 	8.034e-16 
1.97985 	0.30549 	1.534e-04 	7.164e-11 	1.371e-04 	1.480e-16 	3.306e-04 	1.528e-21 	8.098e-16 
1.99995 	0.30859 	1.534e-04 	7.231e-11 	1.371e-04 	1.501e-16 	3.306e-04 	1.543e-21 	8.161e-16 
