n = 5.0e+02, Tgas =  40.0, Tdust =  40.0, Go =   1.0
pc 	Av 	e- 	C 	C+ 	CO 	O 	O2 	H2O 
0.01005 	0.00775 	1.432e-04 	6.986e-07 	1.427e-04 	3.586e-09 	3.458e-04 	1.668e-11 	2.454e-10 
0.03015 	0.02326 	1.432e-04 	7.316e-07 	1.427e-04 	3.790e-09 	3.458e-04 	1.751e-11 	2.513e-10 
0.05025 	0.03877 	1.432e-04 	7.661e-07 	1.426e-04 	4.006e-09 	3.458e-04 	1.837e-11 	2.574e-10 
0.07035 	0.05428 	1.431e-04 	8.022e-07 	1.426e-04 	4.235e-09 	3.458e-04 	1.927e-11 	2.636e-10 
0.09045 	0.06978 	1.431e-04 	8.400e-07 	1.426e-04 	4.476e-09 	3.458e-04 	2.022e-11 	2.699e-10 
0.11055 	0.08529 	1.430e-04 	8.796e-07 	1.425e-04 	4.732e-09 	3.458e-04 	2.121e-11 	2.764e-10 
0.13065 	0.10080 	1.430e-04 	9.210e-07 	1.425e-04 	5.001e-09 	3.458e-04 	2.224e-11 	2.830e-10 
0.15075 	0.11630 	1.430e-04 	9.643e-07 	1.424e-04 	5.287e-09 	3.458e-04 	2.332e-11 	2.897e-10 
0.17085 	0.13181 	1.429e-04 	1.010e-06 	1.424e-04 	5.588e-09 	3.458e-04 	2.445e-11 	2.966e-10 
0.19095 	0.14732 	1.429e-04 	1.057e-06 	1.423e-04 	5.907e-09 	3.458e-04 	2.564e-11 	3.037e-10 
0.21105 	0.16283 	1.428e-04 	1.107e-06 	1.423e-04 	6.244e-09 	3.459e-04 	2.687e-11 	3.109e-10 
0.23115 	0.17833 	1.428e-04 	1.159e-06 	1.422e-04 	6.600e-09 	3.459e-04 	2.816e-11 	3.182e-10 
0.25125 	0.19384 	1.427e-04 	1.213e-06 	1.422e-04 	6.976e-09 	3.459e-04 	2.951e-11 	3.257e-10 
0.27135 	0.20935 	1.427e-04 	1.270e-06 	1.421e-04 	7.374e-09 	3.459e-04 	3.092e-11 	3.334e-10 
0.29145 	0.22485 	1.426e-04 	1.329e-06 	1.421e-04 	7.794e-09 	3.459e-04 	3.239e-11 	3.412e-10 
0.31155 	0.24036 	1.425e-04 	1.392e-06 	1.420e-04 	8.238e-09 	3.459e-04 	3.392e-11 	3.492e-10 
0.33165 	0.25587 	1.425e-04 	1.457e-06 	1.419e-04 	8.707e-09 	3.459e-04 	3.553e-11 	3.574e-10 
0.35175 	0.27138 	1.424e-04 	1.525e-06 	1.419e-04 	9.203e-09 	3.459e-04 	3.720e-11 	3.657e-10 
0.37185 	0.28688 	1.423e-04 	1.596e-06 	1.418e-04 	9.727e-09 	3.459e-04 	3.895e-11 	3.742e-10 
0.39195 	0.30239 	1.423e-04 	1.670e-06 	1.417e-04 	1.028e-08 	3.459e-04 	4.077e-11 	3.828e-10 
0.41205 	0.31790 	1.422e-04 	1.748e-06 	1.416e-04 	1.087e-08 	3.459e-04 	4.267e-11 	3.917e-10 
0.43215 	0.33340 	1.421e-04 	1.829e-06 	1.416e-04 	1.148e-08 	3.459e-04 	4.465e-11 	4.007e-10 
0.45225 	0.34891 	1.420e-04 	1.914e-06 	1.415e-04 	1.214e-08 	3.459e-04 	4.671e-11 	4.099e-10 
0.47235 	0.36442 	1.419e-04 	2.003e-06 	1.414e-04 	1.283e-08 	3.459e-04 	4.887e-11 	4.194e-10 
0.49245 	0.37993 	1.418e-04 	2.096e-06 	1.413e-04 	1.355e-08 	3.459e-04 	5.111e-11 	4.290e-10 
0.51255 	0.39543 	1.417e-04 	2.193e-06 	1.412e-04 	1.432e-08 	3.459e-04 	5.345e-11 	4.387e-10 
0.53265 	0.41094 	1.416e-04 	2.295e-06 	1.411e-04 	1.514e-08 	3.459e-04 	5.589e-11 	4.487e-10 
0.55275 	0.42645 	1.415e-04 	2.401e-06 	1.410e-04 	1.599e-08 	3.459e-04 	5.842e-11 	4.589e-10 
0.57285 	0.44195 	1.414e-04 	2.512e-06 	1.409e-04 	1.690e-08 	3.459e-04 	6.107e-11 	4.693e-10 
0.59295 	0.45746 	1.413e-04 	2.627e-06 	1.408e-04 	1.786e-08 	3.459e-04 	6.382e-11 	4.799e-10 
0.61305 	0.47297 	1.412e-04 	2.748e-06 	1.406e-04 	1.887e-08 	3.459e-04 	6.669e-11 	4.907e-10 
0.63315 	0.48848 	1.410e-04 	2.874e-06 	1.405e-04 	1.993e-08 	3.459e-04 	6.967e-11 	5.018e-10 
0.65325 	0.50398 	1.409e-04 	3.006e-06 	1.404e-04 	2.106e-08 	3.459e-04 	7.277e-11 	5.130e-10 
0.67335 	0.51949 	1.408e-04 	3.144e-06 	1.402e-04 	2.225e-08 	3.459e-04 	7.600e-11 	5.245e-10 
0.69345 	0.53500 	1.406e-04 	3.287e-06 	1.401e-04 	2.350e-08 	3.459e-04 	7.936e-11 	5.362e-10 
0.71355 	0.55050 	1.405e-04 	3.437e-06 	1.400e-04 	2.483e-08 	3.459e-04 	8.286e-11 	5.482e-10 
0.73365 	0.56601 	1.403e-04 	3.594e-06 	1.398e-04 	2.622e-08 	3.459e-04 	8.650e-11 	5.603e-10 
0.75375 	0.58152 	1.402e-04 	3.757e-06 	1.396e-04 	2.770e-08 	3.459e-04 	9.028e-11 	5.728e-10 
0.77385 	0.59703 	1.400e-04 	3.927e-06 	1.395e-04 	2.925e-08 	3.459e-04 	9.421e-11 	5.854e-10 
0.79395 	0.61253 	1.398e-04 	4.105e-06 	1.393e-04 	3.090e-08 	3.459e-04 	9.829e-11 	5.984e-10 
0.81405 	0.62804 	1.396e-04 	4.290e-06 	1.391e-04 	3.263e-08 	3.459e-04 	1.025e-10 	6.115e-10 
0.83415 	0.64355 	1.394e-04 	4.483e-06 	1.389e-04 	3.445e-08 	3.460e-04 	1.070e-10 	6.250e-10 
0.85425 	0.65905 	1.392e-04 	4.684e-06 	1.387e-04 	3.638e-08 	3.460e-04 	1.115e-10 	6.387e-10 
0.87435 	0.67456 	1.390e-04 	4.894e-06 	1.385e-04 	3.841e-08 	3.460e-04 	1.163e-10 	6.527e-10 
0.89445 	0.69007 	1.388e-04 	5.112e-06 	1.383e-04 	4.055e-08 	3.460e-04 	1.213e-10 	6.670e-10 
0.91455 	0.70558 	1.386e-04 	5.340e-06 	1.380e-04 	4.281e-08 	3.460e-04 	1.264e-10 	6.816e-10 
0.93465 	0.72108 	1.383e-04 	5.577e-06 	1.378e-04 	4.519e-08 	3.460e-04 	1.318e-10 	6.965e-10 
0.95475 	0.73659 	1.381e-04 	5.824e-06 	1.376e-04 	4.770e-08 	3.460e-04 	1.373e-10 	7.117e-10 
0.97485 	0.75210 	1.378e-04 	6.080e-06 	1.373e-04 	5.035e-08 	3.460e-04 	1.431e-10 	7.272e-10 
0.99495 	0.76760 	1.376e-04 	6.348e-06 	1.370e-04 	5.313e-08 	3.460e-04 	1.491e-10 	7.430e-10 
1.01505 	0.78311 	1.373e-04 	6.626e-06 	1.368e-04 	5.607e-08 	3.460e-04 	1.553e-10 	7.592e-10 
1.03515 	0.79862 	1.370e-04 	6.915e-06 	1.365e-04 	5.916e-08 	3.460e-04 	1.618e-10 	7.757e-10 
1.05525 	0.81413 	1.367e-04 	7.215e-06 	1.362e-04 	6.242e-08 	3.460e-04 	1.685e-10 	7.926e-10 
1.07535 	0.82963 	1.364e-04 	7.528e-06 	1.358e-04 	6.585e-08 	3.460e-04 	1.754e-10 	8.098e-10 
1.09545 	0.84514 	1.360e-04 	7.852e-06 	1.355e-04 	6.947e-08 	3.460e-04 	1.827e-10 	8.274e-10 
1.11555 	0.86065 	1.357e-04 	8.189e-06 	1.352e-04 	7.327e-08 	3.460e-04 	1.902e-10 	8.454e-10 
1.13565 	0.87615 	1.354e-04 	8.539e-06 	1.348e-04 	7.727e-08 	3.460e-04 	1.980e-10 	8.638e-10 
1.15575 	0.89166 	1.350e-04 	8.902e-06 	1.345e-04 	8.148e-08 	3.460e-04 	2.061e-10 	8.826e-10 
1.17585 	0.90717 	1.346e-04 	9.279e-06 	1.341e-04 	8.592e-08 	3.460e-04 	2.145e-10 	9.019e-10 
1.19595 	0.92268 	1.342e-04 	9.670e-06 	1.337e-04 	9.058e-08 	3.461e-04 	2.233e-10 	9.216e-10 
1.21605 	0.93818 	1.338e-04 	1.008e-05 	1.333e-04 	9.548e-08 	3.461e-04 	2.324e-10 	9.417e-10 
1.23615 	0.95369 	1.334e-04 	1.050e-05 	1.329e-04 	1.006e-07 	3.461e-04 	2.418e-10 	9.624e-10 
1.25625 	0.96920 	1.330e-04 	1.093e-05 	1.324e-04 	1.061e-07 	3.461e-04 	2.517e-10 	9.835e-10 
1.27635 	0.98470 	1.325e-04 	1.138e-05 	1.320e-04 	1.118e-07 	3.461e-04 	2.619e-10 	1.005e-09 
1.29645 	1.00021 	1.320e-04 	1.185e-05 	1.315e-04 	1.178e-07 	3.461e-04 	2.725e-10 	1.027e-09 
1.31655 	1.01572 	1.315e-04 	1.233e-05 	1.310e-04 	1.241e-07 	3.461e-04 	2.835e-10 	1.050e-09 
1.33665 	1.03123 	1.310e-04 	1.283e-05 	1.305e-04 	1.307e-07 	3.461e-04 	2.950e-10 	1.073e-09 
1.35675 	1.04673 	1.305e-04 	1.334e-05 	1.300e-04 	1.376e-07 	3.461e-04 	3.069e-10 	1.097e-09 
1.37685 	1.06224 	1.300e-04 	1.388e-05 	1.295e-04 	1.449e-07 	3.461e-04 	3.193e-10 	1.122e-09 
1.39695 	1.07775 	1.294e-04 	1.443e-05 	1.289e-04 	1.526e-07 	3.461e-04 	3.322e-10 	1.147e-09 
1.41705 	1.09325 	1.289e-04 	1.499e-05 	1.284e-04 	1.606e-07 	3.461e-04 	3.457e-10 	1.173e-09 
1.43715 	1.10876 	1.283e-04 	1.558e-05 	1.278e-04 	1.690e-07 	3.462e-04 	3.597e-10 	1.200e-09 
1.45725 	1.12427 	1.277e-04 	1.618e-05 	1.272e-04 	1.779e-07 	3.462e-04 	3.743e-10 	1.227e-09 
1.47735 	1.13978 	1.270e-04 	1.680e-05 	1.265e-04 	1.871e-07 	3.462e-04 	3.895e-10 	1.255e-09 
1.49745 	1.15528 	1.264e-04 	1.744e-05 	1.259e-04 	1.968e-07 	3.462e-04 	4.053e-10 	1.284e-09 
1.51755 	1.17079 	1.257e-04 	1.810e-05 	1.252e-04 	2.070e-07 	3.462e-04 	4.218e-10 	1.314e-09 
1.53765 	1.18630 	1.251e-04 	1.878e-05 	1.245e-04 	2.177e-07 	3.462e-04 	4.390e-10 	1.344e-09 
1.55775 	1.20180 	1.244e-04 	1.948e-05 	1.238e-04 	2.289e-07 	3.462e-04 	4.569e-10 	1.376e-09 
1.57785 	1.21731 	1.236e-04 	2.019e-05 	1.231e-04 	2.406e-07 	3.462e-04 	4.757e-10 	1.409e-09 
1.59795 	1.23282 	1.229e-04 	2.093e-05 	1.224e-04 	2.529e-07 	3.462e-04 	4.952e-10 	1.442e-09 
1.61805 	1.24833 	1.221e-04 	2.168e-05 	1.216e-04 	2.657e-07 	3.462e-04 	5.156e-10 	1.477e-09 
1.63815 	1.26383 	1.214e-04 	2.246e-05 	1.208e-04 	2.791e-07 	3.463e-04 	5.369e-10 	1.512e-09 
1.65825 	1.27934 	1.206e-04 	2.325e-05 	1.200e-04 	2.932e-07 	3.463e-04 	5.592e-10 	1.549e-09 
1.67835 	1.29485 	1.197e-04 	2.406e-05 	1.192e-04 	3.079e-07 	3.463e-04 	5.824e-10 	1.587e-09 
1.69845 	1.31035 	1.189e-04 	2.489e-05 	1.184e-04 	3.232e-07 	3.463e-04 	6.068e-10 	1.627e-09 
1.71855 	1.32586 	1.180e-04 	2.574e-05 	1.175e-04 	3.393e-07 	3.463e-04 	6.322e-10 	1.667e-09 
1.73865 	1.34137 	1.172e-04 	2.661e-05 	1.167e-04 	3.560e-07 	3.463e-04 	6.588e-10 	1.709e-09 
1.75875 	1.35688 	1.163e-04 	2.750e-05 	1.158e-04 	3.735e-07 	3.463e-04 	6.867e-10 	1.753e-09 
1.77885 	1.37238 	1.154e-04 	2.841e-05 	1.148e-04 	3.918e-07 	3.463e-04 	7.159e-10 	1.798e-09 
1.79895 	1.38789 	1.144e-04 	2.933e-05 	1.139e-04 	4.109e-07 	3.463e-04 	7.465e-10 	1.844e-09 
1.81905 	1.40340 	1.135e-04 	3.027e-05 	1.130e-04 	4.308e-07 	3.463e-04 	7.785e-10 	1.893e-09 
1.83915 	1.41890 	1.125e-04 	3.123e-05 	1.120e-04 	4.515e-07 	3.464e-04 	8.121e-10 	1.943e-09 
1.85925 	1.43441 	1.115e-04 	3.221e-05 	1.110e-04 	4.732e-07 	3.464e-04 	8.474e-10 	1.994e-09 
1.87935 	1.44992 	1.105e-04 	3.321e-05 	1.100e-04 	4.957e-07 	3.464e-04 	8.843e-10 	2.048e-09 
1.89945 	1.46543 	1.095e-04 	3.422e-05 	1.090e-04 	5.192e-07 	3.464e-04 	9.231e-10 	2.104e-09 
1.91955 	1.48093 	1.084e-04 	3.524e-05 	1.079e-04 	5.437e-07 	3.464e-04 	9.639e-10 	2.162e-09 
1.93965 	1.49644 	1.074e-04 	3.629e-05 	1.069e-04 	5.692e-07 	3.464e-04 	1.007e-09 	2.222e-09 
1.95975 	1.51195 	1.063e-04 	3.734e-05 	1.058e-04 	5.958e-07 	3.464e-04 	1.052e-09 	2.284e-09 
1.97985 	1.52745 	1.052e-04 	3.842e-05 	1.047e-04 	6.234e-07 	3.464e-04 	1.099e-09 	2.348e-09 
1.99995 	1.54296 	1.041e-04 	3.950e-05 	1.036e-04 	6.521e-07 	3.464e-04 	1.149e-09 	2.416e-09 
