n = 1.0e+03, Tgas =  40.0, Tdust =  40.0, Go =  10.0
pc 	Av 	e- 	C 	C+ 	CO 	O 	O2 	H2O 
0.01005 	0.01551 	1.437e-04 	1.440e-07 	1.434e-04 	2.030e-10 	3.462e-04 	4.295e-13 	2.723e-11 
0.03015 	0.04652 	1.437e-04 	1.580e-07 	1.434e-04 	2.248e-10 	3.462e-04 	4.770e-13 	2.866e-11 
0.05025 	0.07754 	1.437e-04 	1.734e-07 	1.434e-04 	2.490e-10 	3.462e-04 	5.297e-13 	3.015e-11 
0.07035 	0.10855 	1.437e-04 	1.902e-07 	1.434e-04 	2.760e-10 	3.462e-04 	5.882e-13 	3.172e-11 
0.09045 	0.13956 	1.437e-04 	2.088e-07 	1.434e-04 	3.059e-10 	3.462e-04 	6.531e-13 	3.338e-11 
0.11055 	0.17058 	1.436e-04 	2.291e-07 	1.434e-04 	3.392e-10 	3.462e-04 	7.250e-13 	3.512e-11 
0.13065 	0.20159 	1.436e-04 	2.513e-07 	1.434e-04 	3.763e-10 	3.463e-04 	8.047e-13 	3.695e-11 
0.15075 	0.23261 	1.436e-04 	2.758e-07 	1.433e-04 	4.174e-10 	3.463e-04 	8.931e-13 	3.887e-11 
0.17085 	0.26362 	1.436e-04 	3.026e-07 	1.433e-04 	4.632e-10 	3.463e-04 	9.910e-13 	4.089e-11 
0.19095 	0.29464 	1.436e-04 	3.320e-07 	1.433e-04 	5.142e-10 	3.463e-04 	1.100e-12 	4.302e-11 
0.21105 	0.32565 	1.435e-04 	3.642e-07 	1.433e-04 	5.710e-10 	3.463e-04 	1.220e-12 	4.525e-11 
0.23115 	0.35666 	1.435e-04 	3.996e-07 	1.432e-04 	6.341e-10 	3.463e-04 	1.353e-12 	4.760e-11 
0.25125 	0.38768 	1.435e-04 	4.383e-07 	1.432e-04 	7.044e-10 	3.463e-04 	1.500e-12 	5.007e-11 
0.27135 	0.41869 	1.434e-04 	4.809e-07 	1.432e-04 	7.827e-10 	3.463e-04 	1.663e-12 	5.266e-11 
0.29145 	0.44971 	1.434e-04 	5.275e-07 	1.431e-04 	8.699e-10 	3.463e-04 	1.843e-12 	5.538e-11 
0.31155 	0.48072 	1.433e-04 	5.785e-07 	1.431e-04 	9.670e-10 	3.464e-04 	2.043e-12 	5.824e-11 
0.33165 	0.51174 	1.433e-04 	6.345e-07 	1.430e-04 	1.075e-09 	3.464e-04 	2.263e-12 	6.125e-11 
0.35175 	0.54275 	1.432e-04 	6.959e-07 	1.430e-04 	1.196e-09 	3.464e-04 	2.507e-12 	6.440e-11 
0.37185 	0.57376 	1.432e-04 	7.631e-07 	1.429e-04 	1.330e-09 	3.464e-04 	2.776e-12 	6.771e-11 
0.39195 	0.60478 	1.431e-04 	8.368e-07 	1.428e-04 	1.480e-09 	3.464e-04 	3.073e-12 	7.119e-11 
0.41205 	0.63579 	1.430e-04 	9.175e-07 	1.427e-04 	1.647e-09 	3.464e-04 	3.401e-12 	7.484e-11 
0.43215 	0.66681 	1.429e-04 	1.006e-06 	1.427e-04 	1.833e-09 	3.464e-04 	3.763e-12 	7.867e-11 
0.45225 	0.69782 	1.428e-04 	1.103e-06 	1.426e-04 	2.040e-09 	3.464e-04 	4.162e-12 	8.269e-11 
0.47235 	0.72884 	1.427e-04 	1.209e-06 	1.425e-04 	2.272e-09 	3.464e-04 	4.602e-12 	8.691e-11 
0.49245 	0.75985 	1.426e-04 	1.324e-06 	1.423e-04 	2.529e-09 	3.464e-04 	5.087e-12 	9.133e-11 
0.51255 	0.79086 	1.425e-04 	1.451e-06 	1.422e-04 	2.817e-09 	3.464e-04 	5.621e-12 	9.598e-11 
0.53265 	0.82188 	1.424e-04 	1.590e-06 	1.421e-04 	3.137e-09 	3.465e-04 	6.210e-12 	1.008e-10 
0.55275 	0.85289 	1.422e-04 	1.742e-06 	1.419e-04 	3.495e-09 	3.465e-04 	6.857e-12 	1.060e-10 
0.57285 	0.88391 	1.420e-04 	1.908e-06 	1.418e-04 	3.893e-09 	3.465e-04 	7.569e-12 	1.113e-10 
0.59295 	0.91492 	1.419e-04 	2.089e-06 	1.416e-04 	4.337e-09 	3.465e-04 	8.353e-12 	1.169e-10 
0.61305 	0.94594 	1.417e-04 	2.287e-06 	1.414e-04 	4.832e-09 	3.465e-04 	9.214e-12 	1.228e-10 
0.63315 	0.97695 	1.415e-04 	2.503e-06 	1.412e-04 	5.384e-09 	3.465e-04 	1.016e-11 	1.290e-10 
0.65325 	1.00796 	1.412e-04 	2.739e-06 	1.410e-04 	5.999e-09 	3.465e-04 	1.120e-11 	1.355e-10 
0.67335 	1.03898 	1.410e-04 	2.996e-06 	1.407e-04 	6.684e-09 	3.465e-04 	1.234e-11 	1.423e-10 
0.69345 	1.06999 	1.407e-04 	3.277e-06 	1.404e-04 	7.448e-09 	3.465e-04 	1.359e-11 	1.494e-10 
0.71355 	1.10101 	1.404e-04 	3.583e-06 	1.401e-04 	8.298e-09 	3.465e-04 	1.496e-11 	1.569e-10 
0.73365 	1.13202 	1.401e-04 	3.915e-06 	1.398e-04 	9.246e-09 	3.466e-04 	1.646e-11 	1.647e-10 
0.75375 	1.16304 	1.397e-04 	4.277e-06 	1.394e-04 	1.030e-08 	3.466e-04 	1.811e-11 	1.730e-10 
0.77385 	1.19405 	1.393e-04 	4.671e-06 	1.390e-04 	1.148e-08 	3.466e-04 	1.992e-11 	1.816e-10 
0.79395 	1.22506 	1.389e-04 	5.098e-06 	1.386e-04 	1.278e-08 	3.466e-04 	2.190e-11 	1.907e-10 
0.81405 	1.25608 	1.384e-04 	5.562e-06 	1.382e-04 	1.424e-08 	3.466e-04 	2.406e-11 	2.003e-10 
0.83415 	1.28709 	1.379e-04 	6.065e-06 	1.377e-04 	1.586e-08 	3.466e-04 	2.643e-11 	2.103e-10 
0.85425 	1.31811 	1.374e-04 	6.609e-06 	1.371e-04 	1.765e-08 	3.466e-04 	2.903e-11 	2.208e-10 
0.87435 	1.34912 	1.368e-04 	7.198e-06 	1.365e-04 	1.965e-08 	3.467e-04 	3.187e-11 	2.319e-10 
0.89445 	1.38014 	1.362e-04 	7.835e-06 	1.359e-04 	2.187e-08 	3.467e-04 	3.498e-11 	2.436e-10 
0.91455 	1.41115 	1.355e-04 	8.521e-06 	1.352e-04 	2.434e-08 	3.467e-04 	3.838e-11 	2.559e-10 
0.93465 	1.44216 	1.348e-04 	9.262e-06 	1.345e-04 	2.707e-08 	3.467e-04 	4.211e-11 	2.689e-10 
0.95475 	1.47318 	1.340e-04 	1.006e-05 	1.337e-04 	3.011e-08 	3.467e-04 	4.619e-11 	2.825e-10 
0.97485 	1.50419 	1.331e-04 	1.091e-05 	1.329e-04 	3.347e-08 	3.468e-04 	5.066e-11 	2.970e-10 
0.99495 	1.53521 	1.322e-04 	1.183e-05 	1.319e-04 	3.720e-08 	3.468e-04 	5.555e-11 	3.123e-10 
1.01505 	1.56622 	1.312e-04 	1.281e-05 	1.310e-04 	4.132e-08 	3.468e-04 	6.091e-11 	3.284e-10 
1.03515 	1.59724 	1.302e-04 	1.386e-05 	1.299e-04 	4.588e-08 	3.469e-04 	6.679e-11 	3.455e-10 
1.05525 	1.62825 	1.291e-04 	1.498e-05 	1.288e-04 	5.092e-08 	3.469e-04 	7.324e-11 	3.637e-10 
1.07535 	1.65927 	1.279e-04 	1.618e-05 	1.276e-04 	5.649e-08 	3.469e-04 	8.032e-11 	3.830e-10 
1.09545 	1.69028 	1.266e-04 	1.744e-05 	1.264e-04 	6.264e-08 	3.469e-04 	8.809e-11 	4.035e-10 
1.11555 	1.72129 	1.253e-04 	1.878e-05 	1.250e-04 	6.941e-08 	3.470e-04 	9.665e-11 	4.253e-10 
1.13565 	1.75231 	1.239e-04 	2.020e-05 	1.236e-04 	7.688e-08 	3.470e-04 	1.061e-10 	4.486e-10 
1.15575 	1.78332 	1.224e-04 	2.170e-05 	1.221e-04 	8.509e-08 	3.471e-04 	1.164e-10 	4.735e-10 
1.17585 	1.81434 	1.208e-04 	2.328e-05 	1.206e-04 	9.412e-08 	3.471e-04 	1.279e-10 	5.001e-10 
1.19595 	1.84535 	1.192e-04 	2.493e-05 	1.189e-04 	1.040e-07 	3.471e-04 	1.405e-10 	5.285e-10 
1.21605 	1.87637 	1.175e-04 	2.667e-05 	1.172e-04 	1.149e-07 	3.472e-04 	1.544e-10 	5.590e-10 
1.23615 	1.90738 	1.157e-04 	2.848e-05 	1.154e-04 	1.269e-07 	3.472e-04 	1.698e-10 	5.918e-10 
1.25625 	1.93839 	1.138e-04 	3.036e-05 	1.135e-04 	1.399e-07 	3.473e-04 	1.869e-10 	6.269e-10 
1.27635 	1.96941 	1.118e-04 	3.232e-05 	1.116e-04 	1.542e-07 	3.473e-04 	2.059e-10 	6.648e-10 
1.29645 	2.00042 	1.098e-04 	3.435e-05 	1.096e-04 	1.698e-07 	3.474e-04 	2.269e-10 	7.056e-10 
1.31655 	2.03144 	1.077e-04 	3.645e-05 	1.075e-04 	1.869e-07 	3.474e-04 	2.503e-10 	7.497e-10 
1.33665 	2.06245 	1.056e-04 	3.861e-05 	1.053e-04 	2.055e-07 	3.475e-04 	2.764e-10 	7.973e-10 
1.35675 	2.09347 	1.034e-04 	4.083e-05 	1.031e-04 	2.257e-07 	3.475e-04 	3.054e-10 	8.487e-10 
1.37685 	2.12448 	1.011e-04 	4.310e-05 	1.008e-04 	2.477e-07 	3.476e-04 	3.378e-10 	9.044e-10 
1.39695 	2.15549 	9.878e-05 	4.543e-05 	9.852e-05 	2.717e-07 	3.476e-04 	3.740e-10 	9.648e-10 
1.41705 	2.18651 	9.642e-05 	4.780e-05 	9.615e-05 	2.976e-07 	3.477e-04 	4.144e-10 	1.030e-09 
1.43715 	2.21752 	9.401e-05 	5.020e-05 	9.375e-05 	3.258e-07 	3.477e-04 	4.597e-10 	1.101e-09 
1.45725 	2.24854 	9.157e-05 	5.265e-05 	9.131e-05 	3.562e-07 	3.478e-04 	5.105e-10 	1.179e-09 
1.47735 	2.27955 	8.910e-05 	5.511e-05 	8.884e-05 	3.892e-07 	3.478e-04 	5.674e-10 	1.263e-09 
1.49745 	2.31057 	8.661e-05 	5.760e-05 	8.634e-05 	4.248e-07 	3.478e-04 	6.314e-10 	1.354e-09 
1.51755 	2.34158 	8.410e-05 	6.011e-05 	8.383e-05 	4.633e-07 	3.479e-04 	7.032e-10 	1.454e-09 
1.53765 	2.37259 	8.157e-05 	6.262e-05 	8.131e-05 	5.048e-07 	3.479e-04 	7.840e-10 	1.563e-09 
1.55775 	2.40361 	7.905e-05 	6.514e-05 	7.878e-05 	5.495e-07 	3.480e-04 	8.750e-10 	1.681e-09 
1.57785 	2.43462 	7.652e-05 	6.765e-05 	7.626e-05 	5.975e-07 	3.480e-04 	9.776e-10 	1.811e-09 
1.59795 	2.46564 	7.400e-05 	7.015e-05 	7.374e-05 	6.492e-07 	3.480e-04 	1.093e-09 	1.952e-09 
1.61805 	2.49665 	7.148e-05 	7.264e-05 	7.122e-05 	7.048e-07 	3.480e-04 	1.223e-09 	2.106e-09 
1.63815 	2.52767 	6.899e-05 	7.511e-05 	6.873e-05 	7.644e-07 	3.481e-04 	1.371e-09 	2.275e-09 
1.65825 	2.55868 	6.651e-05 	7.755e-05 	6.626e-05 	8.283e-07 	3.481e-04 	1.537e-09 	2.460e-09 
1.67835 	2.58969 	6.407e-05 	7.996e-05 	6.381e-05 	8.968e-07 	3.481e-04 	1.724e-09 	2.662e-09 
1.69845 	2.62071 	6.165e-05 	8.233e-05 	6.139e-05 	9.702e-07 	3.481e-04 	1.937e-09 	2.883e-09 
1.71855 	2.65172 	5.926e-05 	8.467e-05 	5.901e-05 	1.049e-06 	3.481e-04 	2.176e-09 	3.125e-09 
1.73865 	2.68274 	5.692e-05 	8.696e-05 	5.667e-05 	1.133e-06 	3.481e-04 	2.447e-09 	3.391e-09 
1.75875 	2.71375 	5.461e-05 	8.920e-05 	5.437e-05 	1.223e-06 	3.481e-04 	2.754e-09 	3.681e-09 
1.77885 	2.74477 	5.235e-05 	9.140e-05 	5.211e-05 	1.319e-06 	3.480e-04 	3.100e-09 	4.000e-09 
1.79895 	2.77578 	5.014e-05 	9.353e-05 	4.990e-05 	1.421e-06 	3.480e-04 	3.492e-09 	4.349e-09 
1.81905 	2.80679 	4.798e-05 	9.561e-05 	4.774e-05 	1.531e-06 	3.480e-04 	3.935e-09 	4.732e-09 
1.83915 	2.83781 	4.587e-05 	9.763e-05 	4.563e-05 	1.648e-06 	3.479e-04 	4.436e-09 	5.152e-09 
1.85925 	2.86882 	4.381e-05 	9.959e-05 	4.357e-05 	1.773e-06 	3.478e-04 	5.001e-09 	5.613e-09 
1.87935 	2.89984 	4.181e-05 	1.015e-04 	4.158e-05 	1.907e-06 	3.478e-04 	5.640e-09 	6.118e-09 
1.89945 	2.93085 	3.986e-05 	1.033e-04 	3.963e-05 	2.050e-06 	3.477e-04 	6.361e-09 	6.671e-09 
1.91955 	2.96187 	3.798e-05 	1.051e-04 	3.775e-05 	2.203e-06 	3.476e-04 	7.175e-09 	7.279e-09 
1.93965 	2.99288 	3.615e-05 	1.067e-04 	3.593e-05 	2.366e-06 	3.475e-04 	8.093e-09 	7.944e-09 
1.95975 	3.02389 	3.438e-05 	1.084e-04 	3.416e-05 	2.541e-06 	3.473e-04 	9.126e-09 	8.674e-09 
1.97985 	3.05491 	3.267e-05 	1.099e-04 	3.246e-05 	2.728e-06 	3.472e-04 	1.029e-08 	9.474e-09 
1.99995 	3.08592 	3.103e-05 	1.114e-04 	3.081e-05 	2.928e-06 	3.470e-04 	1.160e-08 	1.035e-08 
