n = 1.0e+04, Tgas =  18.0, Tdust =  18.0, Go = 100.0
pc 	Av 	e- 	C 	C+ 	CO 	O 	O2 	H2O 
0.01005 	0.15507 	1.422e-04 	3.294e-07 	1.422e-04 	2.881e-10 	3.436e-04 	6.543e-14 	2.348e-12 
0.03015 	0.46521 	1.418e-04 	8.303e-07 	1.417e-04 	8.295e-10 	3.438e-04 	1.847e-13 	3.954e-12 
0.05025 	0.77536 	1.406e-04 	2.072e-06 	1.405e-04 	2.429e-09 	3.439e-04 	5.100e-13 	6.636e-12 
0.07035 	1.08550 	1.377e-04 	5.054e-06 	1.376e-04 	7.162e-09 	3.441e-04 	1.360e-12 	1.114e-11 
0.09045 	1.39564 	1.311e-04 	1.171e-05 	1.311e-04 	2.092e-08 	3.444e-04 	3.468e-12 	1.895e-11 
0.11055 	1.70579 	1.184e-04 	2.463e-05 	1.184e-04 	5.898e-08 	3.450e-04 	8.521e-12 	3.351e-11 
0.13065 	2.01593 	9.852e-05 	4.475e-05 	9.849e-05 	1.559e-07 	3.459e-04 	2.100e-11 	6.393e-11 
0.15075 	2.32607 	7.432e-05 	6.893e-05 	7.429e-05 	3.772e-07 	3.467e-04 	5.554e-11 	1.347e-10 
0.17085 	2.63622 	5.079e-05 	9.153e-05 	5.076e-05 	8.261e-07 	3.465e-04 	1.659e-10 	3.124e-10 
0.19095 	2.94636 	3.146e-05 	1.079e-04 	3.143e-05 	1.626e-06 	3.442e-04 	5.596e-10 	7.813e-10 
0.21105 	3.25650 	1.753e-05 	1.159e-04 	1.750e-05 	2.869e-06 	3.387e-04 	2.019e-09 	2.059e-09 
0.23115 	3.56664 	8.656e-06 	1.154e-04 	8.630e-06 	4.591e-06 	3.293e-04 	7.113e-09 	5.524e-09 
0.25125 	3.87679 	3.757e-06 	1.062e-04 	3.735e-06 	7.030e-06 	3.147e-04 	2.181e-08 	1.423e-08 
0.27135 	4.18693 	1.435e-06 	8.492e-05 	1.417e-06 	1.117e-05 	2.884e-04 	5.610e-08 	3.381e-08 
0.29145 	4.49707 	4.903e-07 	4.768e-05 	4.746e-07 	1.789e-05 	2.403e-04 	1.411e-07 	7.548e-08 
0.31155 	4.80722 	2.145e-07 	1.739e-05 	1.979e-07 	2.316e-05 	1.777e-04 	3.420e-07 	1.454e-07 
0.33165 	5.11736 	1.569e-07 	7.322e-06 	1.377e-07 	2.480e-05 	9.817e-05 	5.378e-07 	2.072e-07 
0.35175 	5.42750 	1.658e-07 	7.605e-06 	1.434e-07 	2.464e-05 	3.593e-05 	3.505e-07 	1.800e-07 
0.37185 	5.73765 	2.076e-07 	1.687e-05 	1.861e-07 	2.293e-05 	1.631e-05 	9.946e-08 	1.174e-07 
0.39195 	6.04779 	2.601e-07 	3.432e-05 	2.413e-07 	1.978e-05 	1.012e-05 	2.296e-08 	7.360e-08 
0.41205 	6.35793 	3.059e-07 	5.151e-05 	2.887e-07 	1.668e-05 	6.777e-06 	6.470e-09 	4.613e-08 
0.43215 	6.66807 	3.390e-07 	6.450e-05 	3.225e-07 	1.434e-05 	4.574e-06 	2.198e-09 	2.940e-08 
0.45225 	6.97822 	3.587e-07 	7.229e-05 	3.426e-07 	1.292e-05 	3.113e-06 	8.798e-10 	1.954e-08 
0.47235 	7.28836 	3.666e-07 	7.472e-05 	3.507e-07 	1.244e-05 	2.166e-06 	4.183e-10 	1.386e-08 
0.49245 	7.59850 	3.646e-07 	7.225e-05 	3.490e-07 	1.282e-05 	1.554e-06 	2.374e-10 	1.061e-08 
0.51255 	7.90865 	3.550e-07 	6.597e-05 	3.395e-07 	1.386e-05 	1.146e-06 	1.581e-10 	8.728e-09 
0.53265 	8.21879 	3.401e-07 	5.741e-05 	3.245e-07 	1.528e-05 	8.633e-07 	1.196e-10 	7.606e-09 
0.55275 	8.52893 	3.227e-07 	4.800e-05 	3.068e-07 	1.684e-05 	6.616e-07 	9.954e-11 	6.901e-09 
0.57285 	8.83908 	3.050e-07 	3.878e-05 	2.884e-07 	1.833e-05 	5.163e-07 	8.931e-11 	6.436e-09 
0.59295 	9.14922 	2.885e-07 	3.042e-05 	2.710e-07 	1.966e-05 	4.121e-07 	8.520e-11 	6.116e-09 
0.61305 	9.45936 	2.741e-07 	2.326e-05 	2.557e-07 	2.076e-05 	3.383e-07 	8.549e-11 	5.893e-09 
0.63315 	9.76950 	2.623e-07 	1.744e-05 	2.428e-07 	2.163e-05 	2.868e-07 	8.910e-11 	5.735e-09 
0.65325 	10.07965 	2.530e-07 	1.291e-05 	2.326e-07 	2.229e-05 	2.514e-07 	9.507e-11 	5.625e-09 
0.67335 	10.38979 	2.461e-07 	9.500e-06 	2.248e-07 	2.277e-05 	2.273e-07 	1.024e-10 	5.549e-09 
0.69345 	10.69993 	2.410e-07 	7.013e-06 	2.191e-07 	2.311e-05 	2.110e-07 	1.100e-10 	5.496e-09 
0.71355 	11.01008 	2.374e-07 	5.233e-06 	2.149e-07 	2.335e-05 	2.000e-07 	1.172e-10 	5.460e-09 
0.73365 	11.32022 	2.349e-07 	3.976e-06 	2.120e-07 	2.352e-05 	1.925e-07 	1.234e-10 	5.435e-09 
0.75375 	11.63036 	2.331e-07 	3.096e-06 	2.099e-07 	2.364e-05 	1.874e-07 	1.285e-10 	5.418e-09 
0.77385 	11.94051 	2.319e-07 	2.483e-06 	2.085e-07 	2.372e-05 	1.840e-07 	1.324e-10 	5.406e-09 
0.79395 	12.25065 	2.310e-07 	2.058e-06 	2.075e-07 	2.377e-05 	1.816e-07 	1.353e-10 	5.398e-09 
0.81405 	12.56079 	2.304e-07 	1.764e-06 	2.068e-07 	2.381e-05 	1.800e-07 	1.374e-10 	5.393e-09 
0.83415 	12.87093 	2.300e-07 	1.560e-06 	2.063e-07 	2.384e-05 	1.789e-07 	1.390e-10 	5.389e-09 
0.85425 	13.18108 	2.297e-07 	1.420e-06 	2.060e-07 	2.386e-05 	1.781e-07 	1.401e-10 	5.386e-09 
0.87435 	13.49122 	2.295e-07 	1.323e-06 	2.057e-07 	2.387e-05 	1.776e-07 	1.408e-10 	5.385e-09 
0.89445 	13.80136 	2.294e-07 	1.256e-06 	2.056e-07 	2.388e-05 	1.772e-07 	1.414e-10 	5.383e-09 
0.91455 	14.11151 	2.293e-07 	1.210e-06 	2.055e-07 	2.389e-05 	1.770e-07 	1.417e-10 	5.383e-09 
0.93465 	14.42165 	2.292e-07 	1.178e-06 	2.054e-07 	2.389e-05 	1.768e-07 	1.420e-10 	5.382e-09 
0.95475 	14.73179 	2.292e-07 	1.156e-06 	2.053e-07 	2.389e-05 	1.767e-07 	1.422e-10 	5.382e-09 
0.97485 	15.04194 	2.292e-07 	1.141e-06 	2.053e-07 	2.389e-05 	1.766e-07 	1.423e-10 	5.381e-09 
0.99495 	15.35208 	2.291e-07 	1.131e-06 	2.053e-07 	2.390e-05 	1.766e-07 	1.424e-10 	5.381e-09 
1.01505 	15.66222 	2.291e-07 	1.123e-06 	2.053e-07 	2.390e-05 	1.765e-07 	1.425e-10 	5.381e-09 
1.03515 	15.97236 	2.291e-07 	1.119e-06 	2.052e-07 	2.390e-05 	1.765e-07 	1.425e-10 	5.381e-09 
1.05525 	16.28251 	2.291e-07 	1.115e-06 	2.052e-07 	2.390e-05 	1.765e-07 	1.425e-10 	5.381e-09 
1.07535 	16.59265 	2.291e-07 	1.113e-06 	2.052e-07 	2.390e-05 	1.765e-07 	1.425e-10 	5.381e-09 
1.09545 	16.90279 	2.291e-07 	1.111e-06 	2.052e-07 	2.390e-05 	1.765e-07 	1.426e-10 	5.381e-09 
1.11555 	17.21294 	2.291e-07 	1.110e-06 	2.052e-07 	2.390e-05 	1.765e-07 	1.426e-10 	5.381e-09 
1.13565 	17.52308 	2.291e-07 	1.109e-06 	2.052e-07 	2.390e-05 	1.765e-07 	1.426e-10 	5.381e-09 
1.15575 	17.83322 	2.291e-07 	1.109e-06 	2.052e-07 	2.390e-05 	1.764e-07 	1.426e-10 	5.381e-09 
1.17585 	18.14337 	2.291e-07 	1.108e-06 	2.052e-07 	2.390e-05 	1.764e-07 	1.426e-10 	5.381e-09 
1.19595 	18.45351 	2.291e-07 	1.108e-06 	2.052e-07 	2.390e-05 	1.764e-07 	1.426e-10 	5.381e-09 
1.21605 	18.76365 	2.291e-07 	1.108e-06 	2.052e-07 	2.390e-05 	1.764e-07 	1.426e-10 	5.381e-09 
1.23615 	19.07379 	2.291e-07 	1.108e-06 	2.052e-07 	2.390e-05 	1.764e-07 	1.426e-10 	5.381e-09 
1.25625 	19.38394 	2.291e-07 	1.108e-06 	2.052e-07 	2.390e-05 	1.764e-07 	1.426e-10 	5.381e-09 
1.27635 	19.69408 	2.291e-07 	1.108e-06 	2.052e-07 	2.390e-05 	1.764e-07 	1.426e-10 	5.381e-09 
1.29645 	20.00422 	2.291e-07 	1.108e-06 	2.052e-07 	2.390e-05 	1.764e-07 	1.426e-10 	5.381e-09 
1.31655 	20.31437 	2.291e-07 	1.108e-06 	2.052e-07 	2.390e-05 	1.764e-07 	1.426e-10 	5.381e-09 
1.33665 	20.62451 	2.291e-07 	1.108e-06 	2.052e-07 	2.390e-05 	1.764e-07 	1.426e-10 	5.381e-09 
1.35675 	20.93465 	2.291e-07 	1.108e-06 	2.052e-07 	2.390e-05 	1.764e-07 	1.426e-10 	5.381e-09 
1.37685 	21.24480 	2.291e-07 	1.108e-06 	2.052e-07 	2.390e-05 	1.764e-07 	1.426e-10 	5.381e-09 
1.39695 	21.55494 	2.291e-07 	1.108e-06 	2.052e-07 	2.390e-05 	1.764e-07 	1.426e-10 	5.381e-09 
1.41705 	21.86508 	2.291e-07 	1.108e-06 	2.052e-07 	2.390e-05 	1.764e-07 	1.426e-10 	5.381e-09 
1.43715 	22.17522 	2.291e-07 	1.108e-06 	2.052e-07 	2.390e-05 	1.764e-07 	1.426e-10 	5.381e-09 
1.45725 	22.48537 	2.291e-07 	1.108e-06 	2.052e-07 	2.390e-05 	1.764e-07 	1.426e-10 	5.381e-09 
1.47735 	22.79551 	2.291e-07 	1.108e-06 	2.052e-07 	2.390e-05 	1.764e-07 	1.426e-10 	5.381e-09 
1.49745 	23.10565 	2.291e-07 	1.108e-06 	2.052e-07 	2.390e-05 	1.764e-07 	1.426e-10 	5.381e-09 
1.51755 	23.41580 	2.291e-07 	1.108e-06 	2.052e-07 	2.390e-05 	1.764e-07 	1.426e-10 	5.381e-09 
1.53765 	23.72594 	2.291e-07 	1.108e-06 	2.052e-07 	2.390e-05 	1.764e-07 	1.426e-10 	5.381e-09 
1.55775 	24.03608 	2.291e-07 	1.108e-06 	2.052e-07 	2.390e-05 	1.764e-07 	1.426e-10 	5.381e-09 
1.57785 	24.34623 	2.291e-07 	1.108e-06 	2.052e-07 	2.390e-05 	1.764e-07 	1.426e-10 	5.381e-09 
1.59795 	24.65637 	2.291e-07 	1.108e-06 	2.052e-07 	2.390e-05 	1.764e-07 	1.426e-10 	5.381e-09 
1.61805 	24.96651 	2.291e-07 	1.108e-06 	2.052e-07 	2.390e-05 	1.764e-07 	1.426e-10 	5.381e-09 
1.63815 	25.27665 	2.291e-07 	1.108e-06 	2.052e-07 	2.390e-05 	1.764e-07 	1.426e-10 	5.381e-09 
1.65825 	25.58680 	2.291e-07 	1.108e-06 	2.052e-07 	2.390e-05 	1.764e-07 	1.426e-10 	5.381e-09 
1.67835 	25.89694 	2.291e-07 	1.108e-06 	2.052e-07 	2.390e-05 	1.764e-07 	1.426e-10 	5.381e-09 
1.69845 	26.20708 	2.291e-07 	1.108e-06 	2.052e-07 	2.390e-05 	1.764e-07 	1.426e-10 	5.381e-09 
1.71855 	26.51723 	2.291e-07 	1.108e-06 	2.052e-07 	2.390e-05 	1.764e-07 	1.426e-10 	5.381e-09 
1.73865 	26.82737 	2.291e-07 	1.108e-06 	2.052e-07 	2.390e-05 	1.764e-07 	1.426e-10 	5.381e-09 
1.75875 	27.13751 	2.291e-07 	1.108e-06 	2.052e-07 	2.390e-05 	1.764e-07 	1.426e-10 	5.381e-09 
1.77885 	27.44766 	2.291e-07 	1.108e-06 	2.052e-07 	2.390e-05 	1.764e-07 	1.426e-10 	5.381e-09 
1.79895 	27.75780 	2.291e-07 	1.108e-06 	2.052e-07 	2.390e-05 	1.764e-07 	1.426e-10 	5.381e-09 
1.81905 	28.06794 	2.291e-07 	1.108e-06 	2.052e-07 	2.390e-05 	1.764e-07 	1.426e-10 	5.381e-09 
1.83915 	28.37808 	2.291e-07 	1.108e-06 	2.052e-07 	2.390e-05 	1.764e-07 	1.426e-10 	5.381e-09 
1.85925 	28.68823 	2.291e-07 	1.108e-06 	2.052e-07 	2.390e-05 	1.764e-07 	1.426e-10 	5.381e-09 
1.87935 	28.99837 	2.291e-07 	1.108e-06 	2.052e-07 	2.390e-05 	1.764e-07 	1.426e-10 	5.381e-09 
1.89945 	29.30851 	2.291e-07 	1.108e-06 	2.052e-07 	2.390e-05 	1.764e-07 	1.426e-10 	5.381e-09 
1.91955 	29.61866 	2.291e-07 	1.108e-06 	2.052e-07 	2.390e-05 	1.764e-07 	1.426e-10 	5.381e-09 
1.93965 	29.92880 	2.291e-07 	1.108e-06 	2.052e-07 	2.390e-05 	1.764e-07 	1.426e-10 	5.381e-09 
1.95975 	30.23894 	2.291e-07 	1.108e-06 	2.052e-07 	2.390e-05 	1.764e-07 	1.426e-10 	5.381e-09 
1.97985 	30.54909 	2.291e-07 	1.108e-06 	2.052e-07 	2.390e-05 	1.764e-07 	1.426e-10 	5.381e-09 
1.99995 	30.85923 	2.291e-07 	1.108e-06 	2.052e-07 	2.390e-05 	1.764e-07 	1.426e-10 	5.381e-09 
