n = 1.0e+03, Tgas =  40.0, Tdust =  40.0, Go =   1.0
pc 	Av 	e- 	C 	C+ 	CO 	O 	O2 	H2O 
0.01005 	0.01551 	1.425e-04 	1.417e-06 	1.422e-04 	1.287e-08 	3.465e-04 	2.824e-11 	2.265e-10 
0.03015 	0.04652 	1.423e-04 	1.553e-06 	1.421e-04 	1.437e-08 	3.465e-04 	3.083e-11 	2.367e-10 
0.05025 	0.07754 	1.422e-04 	1.701e-06 	1.419e-04 	1.605e-08 	3.465e-04 	3.363e-11 	2.472e-10 
0.07035 	0.10855 	1.420e-04 	1.863e-06 	1.418e-04 	1.793e-08 	3.465e-04 	3.666e-11 	2.582e-10 
0.09045 	0.13956 	1.418e-04 	2.040e-06 	1.416e-04 	2.003e-08 	3.465e-04 	3.992e-11 	2.695e-10 
0.11055 	0.17058 	1.416e-04 	2.234e-06 	1.414e-04 	2.236e-08 	3.465e-04 	4.345e-11 	2.812e-10 
0.13065 	0.20159 	1.414e-04 	2.445e-06 	1.412e-04 	2.497e-08 	3.465e-04 	4.725e-11 	2.934e-10 
0.15075 	0.23261 	1.412e-04 	2.675e-06 	1.409e-04 	2.787e-08 	3.465e-04 	5.134e-11 	3.060e-10 
0.17085 	0.26362 	1.409e-04 	2.926e-06 	1.407e-04 	3.111e-08 	3.465e-04 	5.574e-11 	3.191e-10 
0.19095 	0.29464 	1.407e-04 	3.200e-06 	1.404e-04 	3.472e-08 	3.465e-04 	6.048e-11 	3.326e-10 
0.21105 	0.32565 	1.404e-04 	3.499e-06 	1.401e-04 	3.874e-08 	3.465e-04 	6.557e-11 	3.466e-10 
0.23115 	0.35666 	1.400e-04 	3.824e-06 	1.398e-04 	4.322e-08 	3.466e-04 	7.103e-11 	3.612e-10 
0.25125 	0.38768 	1.397e-04 	4.177e-06 	1.394e-04 	4.820e-08 	3.466e-04 	7.689e-11 	3.762e-10 
0.27135 	0.41869 	1.393e-04 	4.562e-06 	1.390e-04 	5.374e-08 	3.466e-04 	8.317e-11 	3.917e-10 
0.29145 	0.44971 	1.389e-04 	4.979e-06 	1.386e-04 	5.990e-08 	3.466e-04 	8.991e-11 	4.079e-10 
0.31155 	0.48072 	1.384e-04 	5.432e-06 	1.381e-04 	6.675e-08 	3.466e-04 	9.713e-11 	4.246e-10 
0.33165 	0.51174 	1.379e-04 	5.924e-06 	1.376e-04 	7.436e-08 	3.466e-04 	1.049e-10 	4.419e-10 
0.35175 	0.54275 	1.374e-04 	6.456e-06 	1.371e-04 	8.282e-08 	3.466e-04 	1.131e-10 	4.599e-10 
0.37185 	0.57376 	1.368e-04 	7.031e-06 	1.365e-04 	9.219e-08 	3.466e-04 	1.220e-10 	4.786e-10 
0.39195 	0.60478 	1.361e-04 	7.653e-06 	1.359e-04 	1.026e-07 	3.466e-04 	1.315e-10 	4.980e-10 
0.41205 	0.63579 	1.355e-04 	8.324e-06 	1.352e-04 	1.141e-07 	3.466e-04 	1.417e-10 	5.182e-10 
0.43215 	0.66681 	1.347e-04 	9.047e-06 	1.345e-04 	1.269e-07 	3.466e-04 	1.526e-10 	5.392e-10 
0.45225 	0.69782 	1.340e-04 	9.826e-06 	1.337e-04 	1.410e-07 	3.467e-04 	1.642e-10 	5.612e-10 
0.47235 	0.72884 	1.331e-04 	1.066e-05 	1.329e-04 	1.566e-07 	3.467e-04 	1.768e-10 	5.841e-10 
0.49245 	0.75985 	1.322e-04 	1.156e-05 	1.319e-04 	1.739e-07 	3.467e-04 	1.902e-10 	6.081e-10 
0.51255 	0.79086 	1.312e-04 	1.252e-05 	1.310e-04 	1.930e-07 	3.467e-04 	2.046e-10 	6.332e-10 
0.53265 	0.82188 	1.302e-04 	1.354e-05 	1.299e-04 	2.140e-07 	3.467e-04 	2.201e-10 	6.595e-10 
0.55275 	0.85289 	1.291e-04 	1.464e-05 	1.288e-04 	2.371e-07 	3.467e-04 	2.368e-10 	6.872e-10 
0.57285 	0.88391 	1.279e-04 	1.580e-05 	1.276e-04 	2.626e-07 	3.467e-04 	2.548e-10 	7.164e-10 
0.59295 	0.91492 	1.266e-04 	1.704e-05 	1.264e-04 	2.906e-07 	3.467e-04 	2.742e-10 	7.471e-10 
0.61305 	0.94594 	1.253e-04 	1.835e-05 	1.251e-04 	3.214e-07 	3.467e-04 	2.952e-10 	7.797e-10 
0.63315 	0.97695 	1.239e-04 	1.974e-05 	1.237e-04 	3.551e-07 	3.468e-04 	3.178e-10 	8.141e-10 
0.65325 	1.00796 	1.224e-04 	2.121e-05 	1.222e-04 	3.921e-07 	3.468e-04 	3.424e-10 	8.507e-10 
0.67335 	1.03898 	1.208e-04 	2.275e-05 	1.206e-04 	4.326e-07 	3.468e-04 	3.691e-10 	8.896e-10 
0.69345 	1.06999 	1.192e-04 	2.436e-05 	1.190e-04 	4.768e-07 	3.468e-04 	3.981e-10 	9.310e-10 
0.71355 	1.10101 	1.175e-04 	2.605e-05 	1.172e-04 	5.251e-07 	3.468e-04 	4.296e-10 	9.752e-10 
0.73365 	1.13202 	1.157e-04 	2.782e-05 	1.154e-04 	5.777e-07 	3.468e-04 	4.641e-10 	1.022e-09 
0.75375 	1.16304 	1.138e-04 	2.966e-05 	1.136e-04 	6.350e-07 	3.468e-04 	5.018e-10 	1.073e-09 
0.77385 	1.19405 	1.118e-04 	3.157e-05 	1.116e-04 	6.972e-07 	3.468e-04 	5.430e-10 	1.127e-09 
0.79395 	1.22506 	1.098e-04 	3.355e-05 	1.096e-04 	7.648e-07 	3.468e-04 	5.882e-10 	1.186e-09 
0.81405 	1.25608 	1.077e-04 	3.559e-05 	1.075e-04 	8.380e-07 	3.468e-04 	6.379e-10 	1.249e-09 
0.83415 	1.28709 	1.056e-04 	3.770e-05 	1.053e-04 	9.173e-07 	3.468e-04 	6.925e-10 	1.316e-09 
0.85425 	1.31811 	1.033e-04 	3.986e-05 	1.031e-04 	1.003e-06 	3.468e-04 	7.528e-10 	1.389e-09 
0.87435 	1.34912 	1.011e-04 	4.207e-05 	1.008e-04 	1.095e-06 	3.467e-04 	8.193e-10 	1.468e-09 
0.89445 	1.38014 	9.873e-05 	4.433e-05 	9.850e-05 	1.195e-06 	3.467e-04 	8.928e-10 	1.554e-09 
0.91455 	1.41115 	9.635e-05 	4.662e-05 	9.613e-05 	1.302e-06 	3.467e-04 	9.742e-10 	1.646e-09 
0.93465 	1.44216 	9.393e-05 	4.896e-05 	9.371e-05 	1.417e-06 	3.466e-04 	1.064e-09 	1.747e-09 
0.95475 	1.47318 	9.147e-05 	5.132e-05 	9.125e-05 	1.541e-06 	3.466e-04 	1.165e-09 	1.855e-09 
0.97485 	1.50419 	8.898e-05 	5.370e-05 	8.877e-05 	1.673e-06 	3.465e-04 	1.276e-09 	1.974e-09 
0.99495 	1.53521 	8.647e-05 	5.610e-05 	8.626e-05 	1.815e-06 	3.465e-04 	1.400e-09 	2.102e-09 
1.01505 	1.56622 	8.394e-05 	5.851e-05 	8.373e-05 	1.966e-06 	3.464e-04 	1.538e-09 	2.242e-09 
1.03515 	1.59724 	8.140e-05 	6.092e-05 	8.120e-05 	2.128e-06 	3.463e-04 	1.692e-09 	2.395e-09 
1.05525 	1.62825 	7.885e-05 	6.332e-05 	7.865e-05 	2.300e-06 	3.462e-04 	1.864e-09 	2.561e-09 
1.07535 	1.65927 	7.630e-05 	6.572e-05 	7.610e-05 	2.484e-06 	3.461e-04 	2.056e-09 	2.743e-09 
1.09545 	1.69028 	7.376e-05 	6.810e-05 	7.356e-05 	2.678e-06 	3.460e-04 	2.272e-09 	2.941e-09 
1.11555 	1.72129 	7.123e-05 	7.046e-05 	7.103e-05 	2.885e-06 	3.459e-04 	2.512e-09 	3.157e-09 
1.13565 	1.75231 	6.871e-05 	7.279e-05 	6.852e-05 	3.105e-06 	3.457e-04 	2.782e-09 	3.394e-09 
1.15575 	1.78332 	6.621e-05 	7.508e-05 	6.602e-05 	3.338e-06 	3.456e-04 	3.085e-09 	3.653e-09 
1.17585 	1.81434 	6.374e-05 	7.734e-05 	6.356e-05 	3.584e-06 	3.454e-04 	3.424e-09 	3.937e-09 
1.19595 	1.84535 	6.130e-05 	7.955e-05 	6.112e-05 	3.845e-06 	3.452e-04 	3.805e-09 	4.247e-09 
1.21605 	1.87637 	5.889e-05 	8.171e-05 	5.871e-05 	4.121e-06 	3.450e-04 	4.233e-09 	4.588e-09 
1.23615 	1.90738 	5.652e-05 	8.382e-05 	5.635e-05 	4.412e-06 	3.448e-04 	4.714e-09 	4.962e-09 
1.25625 	1.93839 	5.419e-05 	8.587e-05 	5.402e-05 	4.719e-06 	3.446e-04 	5.254e-09 	5.372e-09 
1.27635 	1.96941 	5.191e-05 	8.786e-05 	5.174e-05 	5.044e-06 	3.443e-04 	5.862e-09 	5.823e-09 
1.29645 	2.00042 	4.967e-05 	8.978e-05 	4.951e-05 	5.386e-06 	3.441e-04 	6.545e-09 	6.318e-09 
1.31655 	2.03144 	4.749e-05 	9.164e-05 	4.733e-05 	5.746e-06 	3.438e-04 	7.314e-09 	6.862e-09 
1.33665 	2.06245 	4.535e-05 	9.342e-05 	4.520e-05 	6.126e-06 	3.435e-04 	8.178e-09 	7.461e-09 
1.35675 	2.09347 	4.327e-05 	9.513e-05 	4.312e-05 	6.526e-06 	3.431e-04 	9.151e-09 	8.119e-09 
1.37685 	2.12448 	4.125e-05 	9.676e-05 	4.110e-05 	6.948e-06 	3.427e-04 	1.024e-08 	8.844e-09 
1.39695 	2.15549 	3.928e-05 	9.831e-05 	3.913e-05 	7.393e-06 	3.424e-04 	1.147e-08 	9.642e-09 
1.41705 	2.18651 	3.737e-05 	9.977e-05 	3.723e-05 	7.862e-06 	3.419e-04 	1.285e-08 	1.052e-08 
1.43715 	2.21752 	3.552e-05 	1.012e-04 	3.538e-05 	8.356e-06 	3.415e-04 	1.441e-08 	1.149e-08 
1.45725 	2.24854 	3.372e-05 	1.025e-04 	3.359e-05 	8.878e-06 	3.410e-04 	1.615e-08 	1.256e-08 
1.47735 	2.27955 	3.199e-05 	1.037e-04 	3.186e-05 	9.429e-06 	3.405e-04 	1.810e-08 	1.373e-08 
1.49745 	2.31057 	3.032e-05 	1.048e-04 	3.019e-05 	1.001e-05 	3.400e-04 	2.030e-08 	1.503e-08 
1.51755 	2.34158 	2.870e-05 	1.058e-04 	2.858e-05 	1.063e-05 	3.394e-04 	2.275e-08 	1.646e-08 
1.53765 	2.37259 	2.715e-05 	1.067e-04 	2.703e-05 	1.128e-05 	3.388e-04 	2.550e-08 	1.804e-08 
1.55775 	2.40361 	2.566e-05 	1.075e-04 	2.553e-05 	1.197e-05 	3.381e-04 	2.858e-08 	1.978e-08 
1.57785 	2.43462 	2.422e-05 	1.083e-04 	2.410e-05 	1.270e-05 	3.374e-04 	3.201e-08 	2.169e-08 
1.59795 	2.46564 	2.284e-05 	1.089e-04 	2.272e-05 	1.348e-05 	3.367e-04 	3.584e-08 	2.381e-08 
1.61805 	2.49665 	2.152e-05 	1.094e-04 	2.141e-05 	1.431e-05 	3.359e-04 	4.010e-08 	2.613e-08 
1.63815 	2.52767 	2.025e-05 	1.098e-04 	2.014e-05 	1.519e-05 	3.350e-04 	4.485e-08 	2.870e-08 
1.65825 	2.55868 	1.904e-05 	1.101e-04 	1.894e-05 	1.614e-05 	3.341e-04 	5.012e-08 	3.153e-08 
1.67835 	2.58969 	1.789e-05 	1.102e-04 	1.778e-05 	1.714e-05 	3.331e-04 	5.596e-08 	3.464e-08 
1.69845 	2.62071 	1.678e-05 	1.103e-04 	1.668e-05 	1.822e-05 	3.320e-04 	6.242e-08 	3.807e-08 
1.71855 	2.65172 	1.573e-05 	1.102e-04 	1.563e-05 	1.937e-05 	3.309e-04 	6.957e-08 	4.184e-08 
1.73865 	2.68274 	1.473e-05 	1.100e-04 	1.464e-05 	2.060e-05 	3.296e-04 	7.745e-08 	4.599e-08 
1.75875 	2.71375 	1.378e-05 	1.096e-04 	1.369e-05 	2.193e-05 	3.283e-04 	8.612e-08 	5.054e-08 
1.77885 	2.74477 	1.288e-05 	1.091e-04 	1.279e-05 	2.334e-05 	3.269e-04 	9.565e-08 	5.555e-08 
1.79895 	2.77578 	1.202e-05 	1.084e-04 	1.194e-05 	2.487e-05 	3.254e-04 	1.061e-07 	6.103e-08 
1.81905 	2.80679 	1.121e-05 	1.076e-04 	1.113e-05 	2.650e-05 	3.237e-04 	1.175e-07 	6.704e-08 
1.83915 	2.83781 	1.045e-05 	1.067e-04 	1.036e-05 	2.824e-05 	3.219e-04 	1.300e-07 	7.362e-08 
1.85925 	2.86882 	9.723e-06 	1.055e-04 	9.642e-06 	3.012e-05 	3.200e-04 	1.436e-07 	8.081e-08 
1.87935 	2.89984 	9.041e-06 	1.042e-04 	8.963e-06 	3.212e-05 	3.180e-04 	1.584e-07 	8.866e-08 
1.89945 	2.93085 	8.399e-06 	1.027e-04 	8.323e-06 	3.425e-05 	3.159e-04 	1.745e-07 	9.722e-08 
1.91955 	2.96187 	7.796e-06 	1.010e-04 	7.722e-06 	3.653e-05 	3.135e-04 	1.919e-07 	1.065e-07 
1.93965 	2.99288 	7.230e-06 	9.920e-05 	7.158e-06 	3.894e-05 	3.111e-04 	2.108e-07 	1.166e-07 
1.95975 	3.02389 	6.700e-06 	9.718e-05 	6.630e-06 	4.150e-05 	3.085e-04 	2.311e-07 	1.276e-07 
1.97985 	3.05491 	6.204e-06 	9.498e-05 	6.136e-06 	4.420e-05 	3.057e-04 	2.531e-07 	1.395e-07 
1.99995 	3.08592 	5.742e-06 	9.261e-05 	5.676e-06 	4.704e-05 	3.028e-04 	2.768e-07 	1.523e-07 
