n = 7.0e+03, Tgas =  30.0, Tdust =  30.0, Go = 100.0
pc 	Av 	e- 	C 	C+ 	CO 	O 	O2 	H2O 
0.01005 	0.10855 	1.432e-04 	1.543e-07 	1.432e-04 	1.444e-10 	3.456e-04 	4.622e-14 	2.728e-12 
0.03015 	0.32565 	1.432e-04 	2.955e-07 	1.431e-04 	2.927e-10 	3.458e-04 	9.645e-14 	3.926e-12 
0.05025 	0.54275 	1.429e-04 	5.651e-07 	1.429e-04 	6.011e-10 	3.459e-04 	2.001e-13 	5.635e-12 
0.07035 	0.75985 	1.424e-04 	1.077e-06 	1.424e-04 	1.249e-09 	3.460e-04 	4.117e-13 	8.065e-12 
0.09045 	0.97695 	1.415e-04 	2.041e-06 	1.415e-04 	2.620e-09 	3.460e-04 	8.365e-13 	1.151e-11 
0.11055 	1.19405 	1.397e-04 	3.827e-06 	1.397e-04 	5.524e-09 	3.461e-04 	1.673e-12 	1.641e-11 
0.13065 	1.41115 	1.366e-04 	7.041e-06 	1.365e-04 	1.165e-08 	3.463e-04 	3.290e-12 	2.343e-11 
0.15075 	1.62825 	1.311e-04 	1.255e-05 	1.311e-04 	2.439e-08 	3.465e-04 	6.366e-12 	3.375e-11 
0.17085 	1.84535 	1.225e-04 	2.129e-05 	1.225e-04 	5.018e-08 	3.468e-04 	1.223e-11 	4.963e-11 
0.19095 	2.06245 	1.102e-04 	3.377e-05 	1.101e-04 	1.003e-07 	3.472e-04 	2.371e-11 	7.556e-11 
0.21105 	2.27955 	9.458e-05 	4.951e-05 	9.454e-05 	1.929e-07 	3.477e-04 	4.736e-11 	1.205e-10 
0.23115 	2.49665 	7.725e-05 	6.697e-05 	7.720e-05 	3.550e-07 	3.482e-04 	9.918e-11 	2.023e-10 
0.25125 	2.71375 	6.004e-05 	8.419e-05 	5.999e-05 	6.231e-07 	3.487e-04 	2.191e-10 	3.563e-10 
0.27135 	2.93085 	4.449e-05 	9.959e-05 	4.444e-05 	1.044e-06 	3.489e-04 	5.072e-10 	6.533e-10 
0.29145 	3.14795 	3.145e-05 	1.122e-04 	3.141e-05 	1.671e-06 	3.488e-04 	1.208e-09 	1.234e-09 
0.31155 	3.36505 	2.121e-05 	1.218e-04 	2.117e-05 	2.570e-06 	3.483e-04 	2.883e-09 	2.375e-09 
0.33165 	3.58215 	1.363e-05 	1.282e-04 	1.360e-05 	3.828e-06 	3.473e-04 	6.662e-09 	4.581e-09 
0.35175 	3.79925 	8.378e-06 	1.318e-04 	8.346e-06 	5.629e-06 	3.456e-04 	1.431e-08 	8.669e-09 
0.37185 	4.01635 	4.984e-06 	1.324e-04 	4.958e-06 	8.412e-06 	3.428e-04 	2.749e-08 	1.571e-08 
0.39195 	4.23345 	2.946e-06 	1.298e-04 	2.924e-06 	1.313e-05 	3.378e-04 	4.646e-08 	2.681e-08 
0.41205 	4.45055 	1.787e-06 	1.227e-04 	1.769e-06 	2.143e-05 	3.291e-04 	7.005e-08 	4.299e-08 
0.43215 	4.66765 	1.140e-06 	1.094e-04 	1.126e-06 	3.531e-05 	3.145e-04 	9.819e-08 	6.523e-08 
0.45225 	4.88475 	7.688e-07 	8.940e-05 	7.559e-07 	5.573e-05 	2.932e-04 	1.347e-07 	9.450e-08 
0.47235 	5.10185 	5.425e-07 	6.480e-05 	5.305e-07 	8.057e-05 	2.672e-04 	1.898e-07 	1.318e-07 
0.49245 	5.31895 	3.976e-07 	4.092e-05 	3.858e-07 	1.046e-04 	2.416e-04 	2.840e-07 	1.790e-07 
0.51255 	5.53605 	3.023e-07 	2.278e-05 	2.902e-07 	1.228e-04 	2.212e-04 	4.520e-07 	2.395e-07 
0.53265 	5.75315 	2.372e-07 	1.180e-05 	2.243e-07 	1.339e-04 	2.073e-04 	7.372e-07 	3.182e-07 
0.55275 	5.97025 	1.903e-07 	6.152e-06 	1.762e-07 	1.396e-04 	1.978e-04 	1.173e-06 	4.193e-07 
0.57285 	6.18735 	1.552e-07 	3.424e-06 	1.396e-07 	1.424e-04 	1.902e-04 	1.778e-06 	5.439e-07 
0.59295 	6.40445 	1.288e-07 	2.074e-06 	1.113e-07 	1.437e-04 	1.830e-04 	2.572e-06 	6.886e-07 
0.61305 	6.62155 	1.091e-07 	1.359e-06 	8.954e-08 	1.445e-04 	1.757e-04 	3.577e-06 	8.449e-07 
0.63315 	6.83865 	9.440e-08 	9.504e-07 	7.277e-08 	1.449e-04 	1.682e-04 	4.823e-06 	1.001e-06 
0.65325 	7.05575 	8.353e-08 	6.987e-07 	5.984e-08 	1.452e-04 	1.608e-04 	6.331e-06 	1.143e-06 
0.67335 	7.27285 	7.545e-08 	5.346e-07 	4.982e-08 	1.453e-04 	1.536e-04 	8.107e-06 	1.262e-06 
0.69345 	7.48995 	6.944e-08 	4.233e-07 	4.207e-08 	1.455e-04 	1.468e-04 	1.013e-05 	1.353e-06 
0.71355 	7.70705 	6.499e-08 	3.461e-07 	3.610e-08 	1.455e-04 	1.405e-04 	1.231e-05 	1.416e-06 
0.73365 	7.92415 	6.173e-08 	2.922e-07 	3.156e-08 	1.456e-04 	1.349e-04 	1.454e-05 	1.454e-06 
0.75375 	8.14125 	5.937e-08 	2.545e-07 	2.818e-08 	1.456e-04 	1.300e-04 	1.668e-05 	1.473e-06 
0.77385 	8.35835 	5.770e-08 	2.282e-07 	2.571e-08 	1.457e-04 	1.260e-04 	1.859e-05 	1.481e-06 
0.79395 	8.57545 	5.653e-08 	2.101e-07 	2.394e-08 	1.457e-04 	1.227e-04 	2.019e-05 	1.482e-06 
0.81405 	8.79255 	5.572e-08 	1.976e-07 	2.269e-08 	1.457e-04 	1.202e-04 	2.146e-05 	1.480e-06 
0.83415 	9.00965 	5.516e-08 	1.891e-07 	2.183e-08 	1.457e-04 	1.183e-04 	2.242e-05 	1.477e-06 
0.85425 	9.22675 	5.478e-08 	1.833e-07 	2.123e-08 	1.457e-04 	1.170e-04 	2.314e-05 	1.474e-06 
0.87435 	9.44385 	5.452e-08 	1.794e-07 	2.082e-08 	1.457e-04 	1.160e-04 	2.364e-05 	1.472e-06 
0.89445 	9.66095 	5.434e-08 	1.767e-07 	2.054e-08 	1.457e-04 	1.154e-04 	2.400e-05 	1.470e-06 
0.91455 	9.87805 	5.423e-08 	1.749e-07 	2.035e-08 	1.457e-04 	1.149e-04 	2.425e-05 	1.469e-06 
0.93465 	10.09515 	5.415e-08 	1.737e-07 	2.022e-08 	1.457e-04 	1.146e-04 	2.442e-05 	1.468e-06 
0.95475 	10.31225 	5.409e-08 	1.728e-07 	2.013e-08 	1.457e-04 	1.144e-04 	2.454e-05 	1.468e-06 
0.97485 	10.52935 	5.405e-08 	1.723e-07 	2.007e-08 	1.457e-04 	1.142e-04 	2.462e-05 	1.467e-06 
0.99495 	10.74645 	5.403e-08 	1.719e-07 	2.003e-08 	1.457e-04 	1.141e-04 	2.468e-05 	1.467e-06 
1.01505 	10.96356 	5.401e-08 	1.716e-07 	2.000e-08 	1.457e-04 	1.140e-04 	2.471e-05 	1.467e-06 
1.03515 	11.18066 	5.400e-08 	1.714e-07 	1.998e-08 	1.457e-04 	1.140e-04 	2.474e-05 	1.467e-06 
1.05525 	11.39776 	5.399e-08 	1.713e-07 	1.997e-08 	1.457e-04 	1.140e-04 	2.475e-05 	1.467e-06 
1.07535 	11.61486 	5.399e-08 	1.712e-07 	1.996e-08 	1.457e-04 	1.139e-04 	2.477e-05 	1.467e-06 
1.09545 	11.83196 	5.398e-08 	1.712e-07 	1.996e-08 	1.457e-04 	1.139e-04 	2.477e-05 	1.466e-06 
1.11555 	12.04906 	5.398e-08 	1.712e-07 	1.995e-08 	1.457e-04 	1.139e-04 	2.478e-05 	1.466e-06 
1.13565 	12.26616 	5.398e-08 	1.711e-07 	1.995e-08 	1.457e-04 	1.139e-04 	2.478e-05 	1.466e-06 
1.15575 	12.48326 	5.398e-08 	1.711e-07 	1.995e-08 	1.457e-04 	1.139e-04 	2.478e-05 	1.466e-06 
1.17585 	12.70036 	5.398e-08 	1.711e-07 	1.995e-08 	1.457e-04 	1.139e-04 	2.479e-05 	1.466e-06 
1.19595 	12.91746 	5.398e-08 	1.711e-07 	1.995e-08 	1.457e-04 	1.139e-04 	2.479e-05 	1.466e-06 
1.21605 	13.13456 	5.398e-08 	1.711e-07 	1.995e-08 	1.457e-04 	1.139e-04 	2.479e-05 	1.466e-06 
1.23615 	13.35166 	5.398e-08 	1.711e-07 	1.995e-08 	1.457e-04 	1.139e-04 	2.479e-05 	1.466e-06 
1.25625 	13.56876 	5.398e-08 	1.711e-07 	1.995e-08 	1.457e-04 	1.139e-04 	2.479e-05 	1.466e-06 
1.27635 	13.78586 	5.398e-08 	1.711e-07 	1.995e-08 	1.457e-04 	1.139e-04 	2.479e-05 	1.466e-06 
1.29645 	14.00296 	5.398e-08 	1.711e-07 	1.994e-08 	1.457e-04 	1.139e-04 	2.479e-05 	1.466e-06 
1.31655 	14.22006 	5.398e-08 	1.711e-07 	1.994e-08 	1.457e-04 	1.139e-04 	2.479e-05 	1.466e-06 
1.33665 	14.43716 	5.398e-08 	1.711e-07 	1.994e-08 	1.457e-04 	1.139e-04 	2.479e-05 	1.466e-06 
1.35675 	14.65426 	5.398e-08 	1.711e-07 	1.994e-08 	1.457e-04 	1.139e-04 	2.479e-05 	1.466e-06 
1.37685 	14.87136 	5.398e-08 	1.711e-07 	1.994e-08 	1.457e-04 	1.139e-04 	2.479e-05 	1.466e-06 
1.39695 	15.08846 	5.398e-08 	1.711e-07 	1.994e-08 	1.457e-04 	1.139e-04 	2.479e-05 	1.466e-06 
1.41705 	15.30556 	5.398e-08 	1.711e-07 	1.994e-08 	1.457e-04 	1.139e-04 	2.479e-05 	1.466e-06 
1.43715 	15.52266 	5.398e-08 	1.711e-07 	1.994e-08 	1.457e-04 	1.139e-04 	2.479e-05 	1.466e-06 
1.45725 	15.73976 	5.398e-08 	1.711e-07 	1.994e-08 	1.457e-04 	1.139e-04 	2.479e-05 	1.466e-06 
1.47735 	15.95686 	5.398e-08 	1.711e-07 	1.994e-08 	1.457e-04 	1.139e-04 	2.479e-05 	1.466e-06 
1.49745 	16.17396 	5.398e-08 	1.711e-07 	1.994e-08 	1.457e-04 	1.139e-04 	2.479e-05 	1.466e-06 
1.51755 	16.39106 	5.398e-08 	1.711e-07 	1.994e-08 	1.457e-04 	1.139e-04 	2.479e-05 	1.466e-06 
1.53765 	16.60816 	5.398e-08 	1.711e-07 	1.994e-08 	1.457e-04 	1.139e-04 	2.479e-05 	1.466e-06 
1.55775 	16.82526 	5.398e-08 	1.711e-07 	1.994e-08 	1.457e-04 	1.139e-04 	2.479e-05 	1.466e-06 
1.57785 	17.04236 	5.398e-08 	1.711e-07 	1.994e-08 	1.457e-04 	1.139e-04 	2.479e-05 	1.466e-06 
1.59795 	17.25946 	5.398e-08 	1.711e-07 	1.994e-08 	1.457e-04 	1.139e-04 	2.479e-05 	1.466e-06 
1.61805 	17.47656 	5.398e-08 	1.711e-07 	1.994e-08 	1.457e-04 	1.139e-04 	2.479e-05 	1.466e-06 
1.63815 	17.69366 	5.398e-08 	1.711e-07 	1.994e-08 	1.457e-04 	1.139e-04 	2.479e-05 	1.466e-06 
1.65825 	17.91076 	5.398e-08 	1.711e-07 	1.994e-08 	1.457e-04 	1.139e-04 	2.479e-05 	1.466e-06 
1.67835 	18.12786 	5.398e-08 	1.711e-07 	1.994e-08 	1.457e-04 	1.139e-04 	2.479e-05 	1.466e-06 
1.69845 	18.34496 	5.398e-08 	1.711e-07 	1.994e-08 	1.457e-04 	1.139e-04 	2.479e-05 	1.466e-06 
1.71855 	18.56206 	5.398e-08 	1.711e-07 	1.994e-08 	1.457e-04 	1.139e-04 	2.479e-05 	1.466e-06 
1.73865 	18.77916 	5.398e-08 	1.711e-07 	1.994e-08 	1.457e-04 	1.139e-04 	2.479e-05 	1.466e-06 
1.75875 	18.99626 	5.398e-08 	1.711e-07 	1.994e-08 	1.457e-04 	1.139e-04 	2.479e-05 	1.466e-06 
1.77885 	19.21336 	5.398e-08 	1.711e-07 	1.994e-08 	1.457e-04 	1.139e-04 	2.479e-05 	1.466e-06 
1.79895 	19.43046 	5.398e-08 	1.711e-07 	1.994e-08 	1.457e-04 	1.139e-04 	2.479e-05 	1.466e-06 
1.81905 	19.64756 	5.398e-08 	1.711e-07 	1.994e-08 	1.457e-04 	1.139e-04 	2.479e-05 	1.466e-06 
1.83915 	19.86466 	5.398e-08 	1.711e-07 	1.994e-08 	1.457e-04 	1.139e-04 	2.479e-05 	1.466e-06 
1.85925 	20.08176 	5.398e-08 	1.711e-07 	1.994e-08 	1.457e-04 	1.139e-04 	2.479e-05 	1.466e-06 
1.87935 	20.29886 	5.398e-08 	1.711e-07 	1.994e-08 	1.457e-04 	1.139e-04 	2.479e-05 	1.466e-06 
1.89945 	20.51596 	5.398e-08 	1.711e-07 	1.994e-08 	1.457e-04 	1.139e-04 	2.479e-05 	1.466e-06 
1.91955 	20.73306 	5.398e-08 	1.711e-07 	1.994e-08 	1.457e-04 	1.139e-04 	2.479e-05 	1.466e-06 
1.93965 	20.95016 	5.398e-08 	1.711e-07 	1.994e-08 	1.457e-04 	1.139e-04 	2.479e-05 	1.466e-06 
1.95975 	21.16726 	5.398e-08 	1.711e-07 	1.994e-08 	1.457e-04 	1.139e-04 	2.479e-05 	1.466e-06 
1.97985 	21.38436 	5.398e-08 	1.711e-07 	1.994e-08 	1.457e-04 	1.139e-04 	2.479e-05 	1.466e-06 
1.99995 	21.60146 	5.398e-08 	1.711e-07 	1.994e-08 	1.457e-04 	1.139e-04 	2.479e-05 	1.466e-06 
