n = 1.0e+04, Tgas =  39.0, Tdust =  39.0, Go = 100.0
pc 	Av 	e- 	C 	C+ 	CO 	O 	O2 	H2O 
0.01005 	0.15507 	1.436e-04 	2.216e-07 	1.436e-04 	3.074e-10 	3.467e-04 	9.665e-14 	3.501e-12 
0.03015 	0.46521 	1.433e-04 	5.598e-07 	1.433e-04 	8.651e-10 	3.468e-04 	2.716e-13 	5.816e-12 
0.05025 	0.77536 	1.425e-04 	1.405e-06 	1.425e-04 	2.489e-09 	3.469e-04 	7.467e-13 	9.598e-12 
0.07035 	1.08550 	1.405e-04 	3.471e-06 	1.404e-04 	7.257e-09 	3.470e-04 	1.983e-12 	1.572e-11 
0.09045 	1.39564 	1.357e-04 	8.273e-06 	1.357e-04 	2.114e-08 	3.472e-04 	5.040e-12 	2.568e-11 
0.11055 	1.70579 	1.258e-04 	1.831e-05 	1.257e-04 	6.010e-08 	3.475e-04 	1.237e-11 	4.274e-11 
0.13065 	2.01593 	1.084e-04 	3.574e-05 	1.084e-04 	1.616e-07 	3.480e-04 	3.045e-11 	7.540e-11 
0.15075 	2.32607 	8.489e-05 	5.937e-05 	8.486e-05 	3.989e-07 	3.485e-04 	8.006e-11 	1.465e-10 
0.17085 	2.63622 	5.986e-05 	8.427e-05 	5.983e-05 	8.908e-07 	3.489e-04 	2.346e-10 	3.168e-10 
0.19095 	2.94636 	3.811e-05 	1.054e-04 	3.809e-05 	1.794e-06 	3.487e-04 	7.580e-10 	7.500e-10 
0.21105 	3.25650 	2.193e-05 	1.204e-04 	2.190e-05 	3.276e-06 	3.478e-04 	2.544e-09 	1.888e-09 
0.23115 	3.56664 	1.137e-05 	1.289e-04 	1.135e-05 	5.525e-06 	3.459e-04 	8.035e-09 	4.831e-09 
0.25125 	3.87679 	5.384e-06 	1.314e-04 	5.367e-06 	9.098e-06 	3.425e-04 	2.115e-08 	1.174e-08 
0.27135 	4.18693 	2.452e-06 	1.275e-04 	2.437e-06 	1.594e-05 	3.357e-04 	4.323e-08 	2.557e-08 
0.29145 	4.49707 	1.168e-06 	1.144e-04 	1.157e-06 	3.039e-05 	3.212e-04 	7.184e-08 	4.935e-08 
0.31155 	4.80722 	6.207e-07 	8.840e-05 	6.106e-07 	5.692e-05 	2.946e-04 	1.105e-07 	8.584e-08 
0.33165 	5.11736 	3.698e-07 	5.370e-05 	3.600e-07 	9.188e-05 	2.595e-04 	1.813e-07 	1.373e-07 
0.35175 	5.42750 	2.429e-07 	2.422e-05 	2.324e-07 	1.215e-04 	2.294e-04 	3.483e-07 	2.092e-07 
0.37185 	5.73765 	1.715e-07 	8.771e-06 	1.594e-07 	1.370e-04 	2.130e-04 	7.431e-07 	3.145e-07 
0.39195 	6.04779 	1.260e-07 	3.261e-06 	1.115e-07 	1.426e-04 	2.058e-04 	1.494e-06 	4.663e-07 
0.41205 	6.35793 	9.572e-08 	1.439e-06 	7.826e-08 	1.444e-04 	2.014e-04 	2.702e-06 	6.636e-07 
0.43215 	6.66807 	7.589e-08 	7.477e-07 	5.515e-08 	1.451e-04 	1.967e-04 	4.543e-06 	8.855e-07 
0.45225 	6.97822 	6.313e-08 	4.368e-07 	3.920e-08 	1.455e-04 	1.908e-04 	7.256e-06 	1.096e-06 
0.47235 	7.28836 	5.503e-08 	2.781e-07 	2.830e-08 	1.456e-04 	1.829e-04 	1.103e-05 	1.259e-06 
0.49245 	7.59850 	5.000e-08 	1.912e-07 	2.102e-08 	1.457e-04 	1.731e-04 	1.582e-05 	1.356e-06 
0.51255 	7.90865 	4.700e-08 	1.423e-07 	1.632e-08 	1.458e-04 	1.624e-04 	2.113e-05 	1.391e-06 
0.53265 	8.21879 	4.528e-08 	1.146e-07 	1.342e-08 	1.458e-04 	1.523e-04 	2.618e-05 	1.384e-06 
0.55275 	8.52893 	4.433e-08 	9.891e-08 	1.169e-08 	1.458e-04 	1.440e-04 	3.030e-05 	1.361e-06 
0.57285 	8.83908 	4.381e-08 	9.004e-08 	1.068e-08 	1.458e-04 	1.381e-04 	3.328e-05 	1.338e-06 
0.59295 	9.14922 	4.353e-08 	8.502e-08 	1.009e-08 	1.458e-04 	1.342e-04 	3.524e-05 	1.319e-06 
0.61305 	9.45936 	4.337e-08 	8.217e-08 	9.757e-09 	1.458e-04 	1.318e-04 	3.646e-05 	1.307e-06 
0.63315 	9.76950 	4.328e-08 	8.055e-08 	9.565e-09 	1.458e-04 	1.303e-04 	3.719e-05 	1.300e-06 
0.65325 	10.07965 	4.324e-08 	7.962e-08 	9.455e-09 	1.458e-04 	1.294e-04 	3.763e-05 	1.295e-06 
0.67335 	10.38979 	4.321e-08 	7.909e-08 	9.392e-09 	1.459e-04 	1.289e-04 	3.788e-05 	1.293e-06 
0.69345 	10.69993 	4.319e-08 	7.879e-08 	9.356e-09 	1.459e-04 	1.286e-04 	3.802e-05 	1.291e-06 
0.71355 	11.01008 	4.318e-08 	7.861e-08 	9.335e-09 	1.459e-04 	1.285e-04 	3.811e-05 	1.290e-06 
0.73365 	11.32022 	4.318e-08 	7.852e-08 	9.324e-09 	1.459e-04 	1.284e-04 	3.816e-05 	1.290e-06 
0.75375 	11.63036 	4.317e-08 	7.846e-08 	9.317e-09 	1.459e-04 	1.283e-04 	3.818e-05 	1.290e-06 
0.77385 	11.94051 	4.317e-08 	7.843e-08 	9.313e-09 	1.459e-04 	1.283e-04 	3.820e-05 	1.289e-06 
0.79395 	12.25065 	4.317e-08 	7.841e-08 	9.311e-09 	1.459e-04 	1.283e-04 	3.821e-05 	1.289e-06 
0.81405 	12.56079 	4.317e-08 	7.840e-08 	9.309e-09 	1.459e-04 	1.283e-04 	3.821e-05 	1.289e-06 
0.83415 	12.87093 	4.317e-08 	7.839e-08 	9.309e-09 	1.459e-04 	1.283e-04 	3.822e-05 	1.289e-06 
0.85425 	13.18108 	4.317e-08 	7.839e-08 	9.308e-09 	1.459e-04 	1.283e-04 	3.822e-05 	1.289e-06 
0.87435 	13.49122 	4.317e-08 	7.838e-08 	9.308e-09 	1.459e-04 	1.283e-04 	3.822e-05 	1.289e-06 
0.89445 	13.80136 	4.317e-08 	7.838e-08 	9.308e-09 	1.459e-04 	1.282e-04 	3.822e-05 	1.289e-06 
0.91455 	14.11151 	4.317e-08 	7.838e-08 	9.308e-09 	1.459e-04 	1.282e-04 	3.822e-05 	1.289e-06 
0.93465 	14.42165 	4.317e-08 	7.838e-08 	9.308e-09 	1.459e-04 	1.282e-04 	3.822e-05 	1.289e-06 
0.95475 	14.73179 	4.317e-08 	7.838e-08 	9.308e-09 	1.459e-04 	1.282e-04 	3.822e-05 	1.289e-06 
0.97485 	15.04194 	4.317e-08 	7.838e-08 	9.308e-09 	1.459e-04 	1.282e-04 	3.822e-05 	1.289e-06 
0.99495 	15.35208 	4.317e-08 	7.838e-08 	9.308e-09 	1.459e-04 	1.282e-04 	3.822e-05 	1.289e-06 
1.01505 	15.66222 	4.317e-08 	7.838e-08 	9.308e-09 	1.459e-04 	1.282e-04 	3.822e-05 	1.289e-06 
1.03515 	15.97236 	4.317e-08 	7.838e-08 	9.308e-09 	1.459e-04 	1.282e-04 	3.822e-05 	1.289e-06 
1.05525 	16.28251 	4.317e-08 	7.838e-08 	9.308e-09 	1.459e-04 	1.282e-04 	3.822e-05 	1.289e-06 
1.07535 	16.59265 	4.317e-08 	7.838e-08 	9.308e-09 	1.459e-04 	1.282e-04 	3.822e-05 	1.289e-06 
1.09545 	16.90279 	4.317e-08 	7.838e-08 	9.308e-09 	1.459e-04 	1.282e-04 	3.822e-05 	1.289e-06 
1.11555 	17.21294 	4.317e-08 	7.838e-08 	9.308e-09 	1.459e-04 	1.282e-04 	3.822e-05 	1.289e-06 
1.13565 	17.52308 	4.317e-08 	7.838e-08 	9.308e-09 	1.459e-04 	1.282e-04 	3.822e-05 	1.289e-06 
1.15575 	17.83322 	4.317e-08 	7.838e-08 	9.308e-09 	1.459e-04 	1.282e-04 	3.822e-05 	1.289e-06 
1.17585 	18.14337 	4.317e-08 	7.838e-08 	9.308e-09 	1.459e-04 	1.282e-04 	3.822e-05 	1.289e-06 
1.19595 	18.45351 	4.317e-08 	7.838e-08 	9.308e-09 	1.459e-04 	1.282e-04 	3.822e-05 	1.289e-06 
1.21605 	18.76365 	4.317e-08 	7.838e-08 	9.308e-09 	1.459e-04 	1.282e-04 	3.822e-05 	1.289e-06 
1.23615 	19.07379 	4.317e-08 	7.838e-08 	9.308e-09 	1.459e-04 	1.282e-04 	3.822e-05 	1.289e-06 
1.25625 	19.38394 	4.317e-08 	7.838e-08 	9.308e-09 	1.459e-04 	1.282e-04 	3.822e-05 	1.289e-06 
1.27635 	19.69408 	4.317e-08 	7.838e-08 	9.308e-09 	1.459e-04 	1.282e-04 	3.822e-05 	1.289e-06 
1.29645 	20.00422 	4.317e-08 	7.838e-08 	9.308e-09 	1.459e-04 	1.282e-04 	3.822e-05 	1.289e-06 
1.31655 	20.31437 	4.317e-08 	7.838e-08 	9.308e-09 	1.459e-04 	1.282e-04 	3.822e-05 	1.289e-06 
1.33665 	20.62451 	4.317e-08 	7.838e-08 	9.308e-09 	1.459e-04 	1.282e-04 	3.822e-05 	1.289e-06 
1.35675 	20.93465 	4.317e-08 	7.838e-08 	9.308e-09 	1.459e-04 	1.282e-04 	3.822e-05 	1.289e-06 
1.37685 	21.24480 	4.317e-08 	7.838e-08 	9.308e-09 	1.459e-04 	1.282e-04 	3.822e-05 	1.289e-06 
1.39695 	21.55494 	4.317e-08 	7.838e-08 	9.308e-09 	1.459e-04 	1.282e-04 	3.822e-05 	1.289e-06 
1.41705 	21.86508 	4.317e-08 	7.838e-08 	9.308e-09 	1.459e-04 	1.282e-04 	3.822e-05 	1.289e-06 
1.43715 	22.17522 	4.317e-08 	7.838e-08 	9.308e-09 	1.459e-04 	1.282e-04 	3.822e-05 	1.289e-06 
1.45725 	22.48537 	4.317e-08 	7.838e-08 	9.308e-09 	1.459e-04 	1.282e-04 	3.822e-05 	1.289e-06 
1.47735 	22.79551 	4.317e-08 	7.838e-08 	9.308e-09 	1.459e-04 	1.282e-04 	3.822e-05 	1.289e-06 
1.49745 	23.10565 	4.317e-08 	7.838e-08 	9.308e-09 	1.459e-04 	1.282e-04 	3.822e-05 	1.289e-06 
1.51755 	23.41580 	4.317e-08 	7.838e-08 	9.308e-09 	1.459e-04 	1.282e-04 	3.822e-05 	1.289e-06 
1.53765 	23.72594 	4.317e-08 	7.838e-08 	9.308e-09 	1.459e-04 	1.282e-04 	3.822e-05 	1.289e-06 
1.55775 	24.03608 	4.317e-08 	7.838e-08 	9.308e-09 	1.459e-04 	1.282e-04 	3.822e-05 	1.289e-06 
1.57785 	24.34623 	4.317e-08 	7.838e-08 	9.308e-09 	1.459e-04 	1.282e-04 	3.822e-05 	1.289e-06 
1.59795 	24.65637 	4.317e-08 	7.838e-08 	9.308e-09 	1.459e-04 	1.282e-04 	3.822e-05 	1.289e-06 
1.61805 	24.96651 	4.317e-08 	7.838e-08 	9.308e-09 	1.459e-04 	1.282e-04 	3.822e-05 	1.289e-06 
1.63815 	25.27665 	4.317e-08 	7.838e-08 	9.308e-09 	1.459e-04 	1.282e-04 	3.822e-05 	1.289e-06 
1.65825 	25.58680 	4.317e-08 	7.838e-08 	9.308e-09 	1.459e-04 	1.282e-04 	3.822e-05 	1.289e-06 
1.67835 	25.89694 	4.317e-08 	7.838e-08 	9.308e-09 	1.459e-04 	1.282e-04 	3.822e-05 	1.289e-06 
1.69845 	26.20708 	4.317e-08 	7.838e-08 	9.308e-09 	1.459e-04 	1.282e-04 	3.822e-05 	1.289e-06 
1.71855 	26.51723 	4.317e-08 	7.838e-08 	9.308e-09 	1.459e-04 	1.282e-04 	3.822e-05 	1.289e-06 
1.73865 	26.82737 	4.317e-08 	7.838e-08 	9.308e-09 	1.459e-04 	1.282e-04 	3.822e-05 	1.289e-06 
1.75875 	27.13751 	4.317e-08 	7.838e-08 	9.308e-09 	1.459e-04 	1.282e-04 	3.822e-05 	1.289e-06 
1.77885 	27.44766 	4.317e-08 	7.838e-08 	9.308e-09 	1.459e-04 	1.282e-04 	3.822e-05 	1.289e-06 
1.79895 	27.75780 	4.317e-08 	7.838e-08 	9.308e-09 	1.459e-04 	1.282e-04 	3.822e-05 	1.289e-06 
1.81905 	28.06794 	4.317e-08 	7.838e-08 	9.308e-09 	1.459e-04 	1.282e-04 	3.822e-05 	1.289e-06 
1.83915 	28.37808 	4.317e-08 	7.838e-08 	9.308e-09 	1.459e-04 	1.282e-04 	3.822e-05 	1.289e-06 
1.85925 	28.68823 	4.317e-08 	7.838e-08 	9.308e-09 	1.459e-04 	1.282e-04 	3.822e-05 	1.289e-06 
1.87935 	28.99837 	4.317e-08 	7.838e-08 	9.308e-09 	1.459e-04 	1.282e-04 	3.822e-05 	1.289e-06 
1.89945 	29.30851 	4.317e-08 	7.838e-08 	9.308e-09 	1.459e-04 	1.282e-04 	3.822e-05 	1.289e-06 
1.91955 	29.61866 	4.317e-08 	7.838e-08 	9.308e-09 	1.459e-04 	1.282e-04 	3.822e-05 	1.289e-06 
1.93965 	29.92880 	4.317e-08 	7.838e-08 	9.308e-09 	1.459e-04 	1.282e-04 	3.822e-05 	1.289e-06 
1.95975 	30.23894 	4.317e-08 	7.838e-08 	9.308e-09 	1.459e-04 	1.282e-04 	3.822e-05 	1.289e-06 
1.97985 	30.54909 	4.317e-08 	7.838e-08 	9.308e-09 	1.459e-04 	1.282e-04 	3.822e-05 	1.289e-06 
1.99995 	30.85923 	4.317e-08 	7.838e-08 	9.308e-09 	1.459e-04 	1.282e-04 	3.822e-05 	1.289e-06 
