n = 1.5e+03, Tgas =  20.0, Tdust =  20.0, Go =  10.0
pc 	Av 	e- 	C 	C+ 	CO 	O 	O2 	H2O 
0.01005 	0.02326 	1.424e-04 	3.149e-07 	1.422e-04 	3.831e-10 	3.437e-04 	3.436e-13 	1.880e-11 
0.03015 	0.06978 	1.424e-04 	3.619e-07 	1.422e-04 	4.496e-10 	3.437e-04 	4.020e-13 	2.032e-11 
0.05025 	0.11630 	1.423e-04 	4.158e-07 	1.421e-04 	5.278e-10 	3.438e-04 	4.700e-13 	2.195e-11 
0.07035 	0.16283 	1.423e-04 	4.777e-07 	1.421e-04 	6.199e-10 	3.438e-04 	5.494e-13 	2.371e-11 
0.09045 	0.20935 	1.422e-04 	5.488e-07 	1.420e-04 	7.284e-10 	3.438e-04 	6.418e-13 	2.561e-11 
0.11055 	0.25587 	1.421e-04 	6.303e-07 	1.420e-04 	8.562e-10 	3.438e-04 	7.494e-13 	2.766e-11 
0.13065 	0.30239 	1.420e-04 	7.239e-07 	1.419e-04 	1.007e-09 	3.438e-04 	8.745e-13 	2.986e-11 
0.15075 	0.34891 	1.419e-04 	8.312e-07 	1.418e-04 	1.184e-09 	3.438e-04 	1.020e-12 	3.224e-11 
0.17085 	0.39543 	1.418e-04 	9.542e-07 	1.416e-04 	1.393e-09 	3.439e-04 	1.189e-12 	3.480e-11 
0.19095 	0.44195 	1.417e-04 	1.095e-06 	1.415e-04 	1.640e-09 	3.439e-04 	1.385e-12 	3.755e-11 
0.21105 	0.48848 	1.415e-04 	1.257e-06 	1.414e-04 	1.931e-09 	3.439e-04 	1.612e-12 	4.052e-11 
0.23115 	0.53500 	1.413e-04 	1.441e-06 	1.412e-04 	2.274e-09 	3.439e-04 	1.875e-12 	4.372e-11 
0.25125 	0.58152 	1.411e-04 	1.653e-06 	1.410e-04 	2.678e-09 	3.439e-04 	2.179e-12 	4.716e-11 
0.27135 	0.62804 	1.409e-04 	1.894e-06 	1.407e-04 	3.154e-09 	3.439e-04 	2.531e-12 	5.087e-11 
0.29145 	0.67456 	1.406e-04 	2.170e-06 	1.405e-04 	3.716e-09 	3.440e-04 	2.937e-12 	5.486e-11 
0.31155 	0.72108 	1.403e-04 	2.485e-06 	1.402e-04 	4.377e-09 	3.440e-04 	3.406e-12 	5.915e-11 
0.33165 	0.76760 	1.400e-04 	2.844e-06 	1.398e-04 	5.157e-09 	3.440e-04 	3.946e-12 	6.378e-11 
0.35175 	0.81413 	1.396e-04 	3.253e-06 	1.394e-04 	6.076e-09 	3.440e-04 	4.568e-12 	6.877e-11 
0.37185 	0.86065 	1.391e-04 	3.718e-06 	1.389e-04 	7.157e-09 	3.440e-04 	5.283e-12 	7.414e-11 
0.39195 	0.90717 	1.386e-04 	4.245e-06 	1.384e-04 	8.430e-09 	3.441e-04 	6.106e-12 	7.994e-11 
0.41205 	0.95369 	1.380e-04 	4.843e-06 	1.378e-04 	9.927e-09 	3.441e-04 	7.051e-12 	8.620e-11 
0.43215 	1.00021 	1.373e-04 	5.518e-06 	1.372e-04 	1.169e-08 	3.441e-04 	8.136e-12 	9.296e-11 
0.45225 	1.04673 	1.366e-04 	6.281e-06 	1.364e-04 	1.375e-08 	3.442e-04 	9.380e-12 	1.003e-10 
0.47235 	1.09325 	1.357e-04 	7.139e-06 	1.356e-04 	1.618e-08 	3.442e-04 	1.081e-11 	1.082e-10 
0.49245 	1.13978 	1.348e-04 	8.103e-06 	1.346e-04 	1.902e-08 	3.443e-04 	1.244e-11 	1.168e-10 
0.51255 	1.18630 	1.337e-04 	9.181e-06 	1.336e-04 	2.235e-08 	3.443e-04 	1.432e-11 	1.261e-10 
0.53265 	1.23282 	1.325e-04 	1.038e-05 	1.324e-04 	2.625e-08 	3.444e-04 	1.647e-11 	1.363e-10 
0.55275 	1.27934 	1.312e-04 	1.172e-05 	1.311e-04 	3.080e-08 	3.444e-04 	1.894e-11 	1.473e-10 
0.57285 	1.32586 	1.298e-04 	1.320e-05 	1.296e-04 	3.611e-08 	3.445e-04 	2.178e-11 	1.595e-10 
0.59295 	1.37238 	1.281e-04 	1.484e-05 	1.280e-04 	4.229e-08 	3.446e-04 	2.505e-11 	1.727e-10 
0.61305 	1.41890 	1.264e-04 	1.663e-05 	1.262e-04 	4.948e-08 	3.446e-04 	2.880e-11 	1.873e-10 
0.63315 	1.46543 	1.244e-04 	1.859e-05 	1.243e-04 	5.783e-08 	3.447e-04 	3.313e-11 	2.034e-10 
0.65325 	1.51195 	1.223e-04 	2.071e-05 	1.222e-04 	6.749e-08 	3.448e-04 	3.814e-11 	2.213e-10 
0.67335 	1.55847 	1.201e-04 	2.301e-05 	1.199e-04 	7.867e-08 	3.449e-04 	4.394e-11 	2.410e-10 
0.69345 	1.60499 	1.176e-04 	2.549e-05 	1.175e-04 	9.155e-08 	3.450e-04 	5.067e-11 	2.630e-10 
0.71355 	1.65151 	1.150e-04 	2.813e-05 	1.149e-04 	1.064e-07 	3.451e-04 	5.850e-11 	2.875e-10 
0.73365 	1.69803 	1.122e-04 	3.094e-05 	1.121e-04 	1.234e-07 	3.452e-04 	6.763e-11 	3.150e-10 
0.75375 	1.74455 	1.093e-04 	3.390e-05 	1.091e-04 	1.429e-07 	3.453e-04 	7.833e-11 	3.458e-10 
0.77385 	1.79108 	1.062e-04 	3.701e-05 	1.061e-04 	1.652e-07 	3.454e-04 	9.088e-11 	3.805e-10 
0.79395 	1.83760 	1.030e-04 	4.026e-05 	1.028e-04 	1.906e-07 	3.456e-04 	1.056e-10 	4.196e-10 
0.81405 	1.88412 	9.967e-05 	4.362e-05 	9.950e-05 	2.195e-07 	3.457e-04 	1.231e-10 	4.638e-10 
0.83415 	1.93064 	9.623e-05 	4.709e-05 	9.605e-05 	2.522e-07 	3.458e-04 	1.437e-10 	5.140e-10 
0.85425 	1.97716 	9.269e-05 	5.065e-05 	9.252e-05 	2.892e-07 	3.459e-04 	1.682e-10 	5.709e-10 
0.87435 	2.02368 	8.909e-05 	5.426e-05 	8.891e-05 	3.310e-07 	3.461e-04 	1.974e-10 	6.357e-10 
0.89445 	2.07020 	8.543e-05 	5.793e-05 	8.526e-05 	3.780e-07 	3.462e-04 	2.322e-10 	7.096e-10 
0.91455 	2.11673 	8.175e-05 	6.161e-05 	8.157e-05 	4.307e-07 	3.463e-04 	2.737e-10 	7.939e-10 
0.93465 	2.16325 	7.804e-05 	6.531e-05 	7.787e-05 	4.897e-07 	3.464e-04 	3.236e-10 	8.902e-10 
0.95475 	2.20977 	7.435e-05 	6.899e-05 	7.417e-05 	5.557e-07 	3.465e-04 	3.834e-10 	1.000e-09 
0.97485 	2.25629 	7.067e-05 	7.263e-05 	7.050e-05 	6.291e-07 	3.465e-04 	4.554e-10 	1.127e-09 
0.99495 	2.30281 	6.704e-05 	7.623e-05 	6.686e-05 	7.107e-07 	3.466e-04 	5.422e-10 	1.272e-09 
1.01505 	2.34933 	6.345e-05 	7.975e-05 	6.327e-05 	8.012e-07 	3.467e-04 	6.468e-10 	1.438e-09 
1.03515 	2.39585 	5.994e-05 	8.320e-05 	5.976e-05 	9.013e-07 	3.467e-04 	7.733e-10 	1.630e-09 
1.05525 	2.44238 	5.650e-05 	8.655e-05 	5.632e-05 	1.012e-06 	3.467e-04 	9.262e-10 	1.850e-09 
1.07535 	2.48890 	5.315e-05 	8.979e-05 	5.297e-05 	1.134e-06 	3.467e-04 	1.111e-09 	2.103e-09 
1.09545 	2.53542 	4.990e-05 	9.291e-05 	4.972e-05 	1.268e-06 	3.467e-04 	1.335e-09 	2.395e-09 
1.11555 	2.58194 	4.675e-05 	9.591e-05 	4.658e-05 	1.415e-06 	3.466e-04 	1.607e-09 	2.732e-09 
1.13565 	2.62846 	4.372e-05 	9.877e-05 	4.355e-05 	1.577e-06 	3.465e-04 	1.936e-09 	3.120e-09 
1.15575 	2.67498 	4.081e-05 	1.015e-04 	4.063e-05 	1.754e-06 	3.464e-04 	2.334e-09 	3.567e-09 
1.17585 	2.72150 	3.801e-05 	1.041e-04 	3.784e-05 	1.948e-06 	3.462e-04 	2.817e-09 	4.084e-09 
1.19595 	2.76803 	3.534e-05 	1.065e-04 	3.517e-05 	2.160e-06 	3.461e-04 	3.401e-09 	4.681e-09 
1.21605 	2.81455 	3.280e-05 	1.087e-04 	3.263e-05 	2.392e-06 	3.458e-04 	4.108e-09 	5.370e-09 
1.23615 	2.86107 	3.038e-05 	1.108e-04 	3.021e-05 	2.646e-06 	3.456e-04 	4.961e-09 	6.165e-09 
1.25625 	2.90759 	2.808e-05 	1.128e-04 	2.792e-05 	2.923e-06 	3.452e-04 	5.990e-09 	7.083e-09 
1.27635 	2.95411 	2.592e-05 	1.145e-04 	2.576e-05 	3.228e-06 	3.449e-04 	7.229e-09 	8.143e-09 
1.29645 	3.00063 	2.387e-05 	1.161e-04 	2.371e-05 	3.562e-06 	3.444e-04 	8.716e-09 	9.365e-09 
1.31655 	3.04715 	2.195e-05 	1.175e-04 	2.179e-05 	3.929e-06 	3.440e-04 	1.050e-08 	1.077e-08 
1.33665 	3.09368 	2.014e-05 	1.188e-04 	1.999e-05 	4.332e-06 	3.434e-04 	1.262e-08 	1.240e-08 
1.35675 	3.14020 	1.845e-05 	1.198e-04 	1.830e-05 	4.778e-06 	3.428e-04 	1.515e-08 	1.426e-08 
1.37685 	3.18672 	1.687e-05 	1.207e-04 	1.673e-05 	5.271e-06 	3.420e-04 	1.814e-08 	1.640e-08 
1.39695 	3.23324 	1.540e-05 	1.214e-04 	1.526e-05 	5.817e-06 	3.412e-04 	2.167e-08 	1.886e-08 
1.41705 	3.27976 	1.404e-05 	1.219e-04 	1.390e-05 	6.425e-06 	3.402e-04 	2.581e-08 	2.167e-08 
1.43715 	3.32628 	1.278e-05 	1.222e-04 	1.265e-05 	7.104e-06 	3.391e-04 	3.064e-08 	2.488e-08 
1.45725 	3.37281 	1.161e-05 	1.223e-04 	1.148e-05 	7.864e-06 	3.379e-04 	3.623e-08 	2.853e-08 
1.47735 	3.41933 	1.054e-05 	1.221e-04 	1.042e-05 	8.716e-06 	3.365e-04 	4.268e-08 	3.267e-08 
1.49745 	3.46585 	9.552e-06 	1.217e-04 	9.438e-06 	9.674e-06 	3.348e-04 	5.005e-08 	3.735e-08 
1.51755 	3.51237 	8.651e-06 	1.210e-04 	8.542e-06 	1.075e-05 	3.329e-04 	5.843e-08 	4.263e-08 
1.53765 	3.55889 	7.828e-06 	1.200e-04 	7.726e-06 	1.197e-05 	3.308e-04 	6.788e-08 	4.855e-08 
1.55775 	3.60541 	7.080e-06 	1.188e-04 	6.983e-06 	1.334e-05 	3.283e-04 	7.848e-08 	5.518e-08 
1.57785 	3.65193 	6.400e-06 	1.172e-04 	6.309e-06 	1.488e-05 	3.254e-04 	9.028e-08 	6.256e-08 
1.59795 	3.69846 	5.784e-06 	1.152e-04 	5.698e-06 	1.662e-05 	3.222e-04 	1.033e-07 	7.074e-08 
1.61805 	3.74498 	5.228e-06 	1.129e-04 	5.147e-06 	1.855e-05 	3.185e-04 	1.177e-07 	7.978e-08 
1.63815 	3.79150 	4.725e-06 	1.103e-04 	4.649e-06 	2.071e-05 	3.142e-04 	1.335e-07 	8.972e-08 
1.65825 	3.83802 	4.273e-06 	1.072e-04 	4.201e-06 	2.311e-05 	3.094e-04 	1.507e-07 	1.006e-07 
1.67835 	3.88454 	3.865e-06 	1.037e-04 	3.797e-06 	2.573e-05 	3.041e-04 	1.694e-07 	1.125e-07 
1.69845 	3.93106 	3.498e-06 	9.988e-05 	3.434e-06 	2.859e-05 	2.980e-04 	1.897e-07 	1.254e-07 
1.71855 	3.97758 	3.168e-06 	9.567e-05 	3.108e-06 	3.166e-05 	2.913e-04 	2.117e-07 	1.394e-07 
1.73865 	4.02411 	2.873e-06 	9.114e-05 	2.815e-06 	3.494e-05 	2.839e-04 	2.355e-07 	1.544e-07 
1.75875 	4.07063 	2.608e-06 	8.634e-05 	2.553e-06 	3.837e-05 	2.757e-04 	2.610e-07 	1.704e-07 
1.77885 	4.11715 	2.371e-06 	8.135e-05 	2.319e-06 	4.192e-05 	2.669e-04 	2.884e-07 	1.873e-07 
1.79895 	4.16367 	2.161e-06 	7.623e-05 	2.110e-06 	4.553e-05 	2.573e-04 	3.173e-07 	2.051e-07 
1.81905 	4.21019 	1.976e-06 	7.111e-05 	1.926e-06 	4.913e-05 	2.471e-04 	3.476e-07 	2.235e-07 
1.83915 	4.25671 	1.813e-06 	6.606e-05 	1.765e-06 	5.266e-05 	2.362e-04 	3.787e-07 	2.421e-07 
1.85925 	4.30323 	1.672e-06 	6.121e-05 	1.625e-06 	5.605e-05 	2.248e-04 	4.099e-07 	2.607e-07 
1.87935 	4.34976 	1.550e-06 	5.663e-05 	1.504e-06 	5.923e-05 	2.129e-04 	4.402e-07 	2.788e-07 
1.89945 	4.39628 	1.448e-06 	5.242e-05 	1.402e-06 	6.216e-05 	2.007e-04 	4.684e-07 	2.958e-07 
1.91955 	4.44280 	1.363e-06 	4.862e-05 	1.317e-06 	6.479e-05 	1.882e-04 	4.930e-07 	3.112e-07 
1.93965 	4.48932 	1.294e-06 	4.529e-05 	1.248e-06 	6.710e-05 	1.756e-04 	5.125e-07 	3.244e-07 
1.95975 	4.53584 	1.239e-06 	4.243e-05 	1.194e-06 	6.907e-05 	1.631e-04 	5.256e-07 	3.349e-07 
1.97985 	4.58236 	1.198e-06 	4.006e-05 	1.153e-06 	7.071e-05 	1.508e-04 	5.312e-07 	3.424e-07 
1.99995 	4.62888 	1.170e-06 	3.816e-05 	1.124e-06 	7.202e-05 	1.390e-04 	5.288e-07 	3.465e-07 
