n = 1.2e+04, Tgas =  20.0, Tdust =  20.0, Go =  10.0
pc 	Av 	e- 	C 	C+ 	CO 	O 	O2 	H2O 
0.01005 	0.18609 	1.389e-04 	3.918e-06 	1.388e-04 	3.247e-08 	3.446e-04 	5.894e-12 	2.185e-11 
0.03015 	0.55826 	1.319e-04 	1.088e-05 	1.318e-04 	1.191e-07 	3.448e-04 	1.489e-11 	3.695e-11 
0.05025 	0.93043 	1.161e-04 	2.631e-05 	1.160e-04 	4.065e-07 	3.449e-04 	3.461e-11 	6.451e-11 
0.07035 	1.30260 	8.981e-05 	5.075e-05 	8.979e-05 	1.216e-06 	3.439e-04 	8.303e-11 	1.285e-10 
0.09045 	1.67477 	5.914e-05 	7.536e-05 	5.912e-05 	3.025e-06 	3.388e-04 	2.391e-10 	3.117e-10 
0.11055 	2.04694 	3.274e-05 	8.883e-05 	3.272e-05 	6.058e-06 	3.266e-04 	9.055e-10 	9.263e-10 
0.13065 	2.41912 	1.507e-05 	8.866e-05 	1.505e-05 	9.726e-06 	3.091e-04 	4.263e-09 	3.263e-09 
0.15075 	2.79129 	5.707e-06 	8.025e-05 	5.692e-06 	1.316e-05 	2.906e-04 	1.973e-08 	1.235e-08 
0.17085 	3.16346 	1.750e-06 	6.432e-05 	1.737e-06 	1.706e-05 	2.651e-04 	6.996e-08 	4.322e-08 
0.19095 	3.53563 	4.273e-07 	3.469e-05 	4.150e-07 	2.335e-05 	2.032e-04 	2.066e-07 	1.256e-07 
0.21105 	3.90780 	1.695e-07 	1.279e-05 	1.539e-07 	2.783e-05 	9.137e-05 	4.014e-07 	2.091e-07 
0.23115 	4.27997 	1.670e-07 	1.103e-05 	1.487e-07 	2.811e-05 	2.670e-05 	2.141e-07 	1.536e-07 
0.25125 	4.65214 	2.002e-07 	1.844e-05 	1.828e-07 	2.649e-05 	1.030e-05 	4.921e-08 	8.537e-08 
0.27135 	5.02432 	2.333e-07 	2.944e-05 	2.175e-07 	2.414e-05 	5.093e-06 	9.863e-09 	4.623e-08 
0.29145 	5.39649 	2.583e-07 	3.927e-05 	2.437e-07 	2.203e-05 	2.845e-06 	2.366e-09 	2.568e-08 
0.31155 	5.76866 	2.732e-07 	4.546e-05 	2.593e-07 	2.065e-05 	1.703e-06 	7.218e-10 	1.518e-08 
0.33165 	6.14083 	2.776e-07 	4.678e-05 	2.640e-07 	2.025e-05 	1.078e-06 	2.877e-10 	9.892e-09 
0.35175 	6.51300 	2.728e-07 	4.331e-05 	2.591e-07 	2.081e-05 	7.209e-07 	1.515e-10 	7.241e-09 
0.37185 	6.88517 	2.617e-07 	3.661e-05 	2.476e-07 	2.201e-05 	5.095e-07 	1.024e-10 	5.892e-09 
0.39195 	7.25735 	2.482e-07 	2.877e-05 	2.334e-07 	2.341e-05 	3.797e-07 	8.403e-11 	5.183e-09 
0.41205 	7.62952 	2.352e-07 	2.143e-05 	2.197e-07 	2.470e-05 	2.983e-07 	7.895e-11 	4.794e-09 
0.43215 	8.00169 	2.245e-07 	1.538e-05 	2.081e-07 	2.574e-05 	2.472e-07 	8.083e-11 	4.574e-09 
0.45225 	8.37386 	2.164e-07 	1.083e-05 	1.992e-07 	2.650e-05 	2.151e-07 	8.647e-11 	4.446e-09 
0.47235 	8.74603 	2.106e-07 	7.605e-06 	1.928e-07 	2.702e-05 	1.951e-07 	9.369e-11 	4.370e-09 
0.49245 	9.11820 	2.067e-07 	5.406e-06 	1.884e-07 	2.737e-05 	1.826e-07 	1.009e-10 	4.325e-09 
0.51255 	9.49038 	2.041e-07 	3.944e-06 	1.854e-07 	2.760e-05 	1.747e-07 	1.071e-10 	4.298e-09 
0.53265 	9.86255 	2.024e-07 	2.988e-06 	1.835e-07 	2.775e-05 	1.698e-07 	1.120e-10 	4.281e-09 
0.55275 	10.23472 	2.013e-07 	2.367e-06 	1.822e-07 	2.785e-05 	1.667e-07 	1.155e-10 	4.271e-09 
0.57285 	10.60689 	2.006e-07 	1.966e-06 	1.814e-07 	2.791e-05 	1.647e-07 	1.180e-10 	4.264e-09 
0.59295 	10.97906 	2.002e-07 	1.709e-06 	1.809e-07 	2.795e-05 	1.634e-07 	1.197e-10 	4.260e-09 
0.61305 	11.35123 	1.999e-07 	1.543e-06 	1.806e-07 	2.797e-05 	1.626e-07 	1.208e-10 	4.258e-09 
0.63315 	11.72341 	1.997e-07 	1.437e-06 	1.803e-07 	2.799e-05 	1.621e-07 	1.216e-10 	4.256e-09 
0.65325 	12.09558 	1.996e-07 	1.370e-06 	1.802e-07 	2.800e-05 	1.618e-07 	1.221e-10 	4.255e-09 
0.67335 	12.46775 	1.995e-07 	1.326e-06 	1.801e-07 	2.801e-05 	1.616e-07 	1.224e-10 	4.255e-09 
0.69345 	12.83992 	1.994e-07 	1.298e-06 	1.801e-07 	2.801e-05 	1.615e-07 	1.226e-10 	4.254e-09 
0.71355 	13.21209 	1.994e-07 	1.280e-06 	1.800e-07 	2.801e-05 	1.614e-07 	1.227e-10 	4.254e-09 
0.73365 	13.58426 	1.994e-07 	1.269e-06 	1.800e-07 	2.802e-05 	1.613e-07 	1.228e-10 	4.254e-09 
0.75375 	13.95643 	1.994e-07 	1.262e-06 	1.800e-07 	2.802e-05 	1.613e-07 	1.228e-10 	4.254e-09 
0.77385 	14.32861 	1.994e-07 	1.257e-06 	1.800e-07 	2.802e-05 	1.613e-07 	1.229e-10 	4.254e-09 
0.79395 	14.70078 	1.994e-07 	1.254e-06 	1.800e-07 	2.802e-05 	1.613e-07 	1.229e-10 	4.254e-09 
0.81405 	15.07295 	1.994e-07 	1.252e-06 	1.800e-07 	2.802e-05 	1.612e-07 	1.229e-10 	4.253e-09 
0.83415 	15.44512 	1.994e-07 	1.251e-06 	1.800e-07 	2.802e-05 	1.612e-07 	1.229e-10 	4.253e-09 
0.85425 	15.81729 	1.994e-07 	1.250e-06 	1.800e-07 	2.802e-05 	1.612e-07 	1.229e-10 	4.253e-09 
0.87435 	16.18946 	1.994e-07 	1.250e-06 	1.800e-07 	2.802e-05 	1.612e-07 	1.229e-10 	4.253e-09 
0.89445 	16.56164 	1.994e-07 	1.249e-06 	1.800e-07 	2.802e-05 	1.612e-07 	1.229e-10 	4.253e-09 
0.91455 	16.93381 	1.994e-07 	1.249e-06 	1.800e-07 	2.802e-05 	1.612e-07 	1.229e-10 	4.253e-09 
0.93465 	17.30598 	1.994e-07 	1.249e-06 	1.800e-07 	2.802e-05 	1.612e-07 	1.229e-10 	4.253e-09 
0.95475 	17.67815 	1.994e-07 	1.249e-06 	1.800e-07 	2.802e-05 	1.612e-07 	1.229e-10 	4.253e-09 
0.97485 	18.05032 	1.994e-07 	1.249e-06 	1.800e-07 	2.802e-05 	1.612e-07 	1.229e-10 	4.253e-09 
0.99495 	18.42249 	1.994e-07 	1.249e-06 	1.800e-07 	2.802e-05 	1.612e-07 	1.229e-10 	4.253e-09 
1.01505 	18.79467 	1.994e-07 	1.249e-06 	1.800e-07 	2.802e-05 	1.612e-07 	1.229e-10 	4.253e-09 
1.03515 	19.16684 	1.994e-07 	1.249e-06 	1.800e-07 	2.802e-05 	1.612e-07 	1.229e-10 	4.253e-09 
1.05525 	19.53901 	1.994e-07 	1.249e-06 	1.800e-07 	2.802e-05 	1.612e-07 	1.229e-10 	4.253e-09 
1.07535 	19.91118 	1.994e-07 	1.249e-06 	1.800e-07 	2.802e-05 	1.612e-07 	1.229e-10 	4.253e-09 
1.09545 	20.28335 	1.994e-07 	1.249e-06 	1.800e-07 	2.802e-05 	1.612e-07 	1.229e-10 	4.253e-09 
1.11555 	20.65552 	1.994e-07 	1.249e-06 	1.800e-07 	2.802e-05 	1.612e-07 	1.229e-10 	4.253e-09 
1.13565 	21.02770 	1.994e-07 	1.249e-06 	1.800e-07 	2.802e-05 	1.612e-07 	1.229e-10 	4.253e-09 
1.15575 	21.39987 	1.994e-07 	1.249e-06 	1.800e-07 	2.802e-05 	1.612e-07 	1.229e-10 	4.253e-09 
1.17585 	21.77204 	1.994e-07 	1.249e-06 	1.800e-07 	2.802e-05 	1.612e-07 	1.229e-10 	4.253e-09 
1.19595 	22.14421 	1.994e-07 	1.249e-06 	1.800e-07 	2.802e-05 	1.612e-07 	1.229e-10 	4.253e-09 
1.21605 	22.51638 	1.994e-07 	1.249e-06 	1.800e-07 	2.802e-05 	1.612e-07 	1.229e-10 	4.253e-09 
1.23615 	22.88855 	1.994e-07 	1.249e-06 	1.800e-07 	2.802e-05 	1.612e-07 	1.229e-10 	4.253e-09 
1.25625 	23.26072 	1.994e-07 	1.249e-06 	1.800e-07 	2.802e-05 	1.612e-07 	1.229e-10 	4.253e-09 
1.27635 	23.63290 	1.994e-07 	1.249e-06 	1.800e-07 	2.802e-05 	1.612e-07 	1.229e-10 	4.253e-09 
1.29645 	24.00507 	1.994e-07 	1.249e-06 	1.800e-07 	2.802e-05 	1.612e-07 	1.229e-10 	4.253e-09 
1.31655 	24.37724 	1.994e-07 	1.249e-06 	1.800e-07 	2.802e-05 	1.612e-07 	1.229e-10 	4.253e-09 
1.33665 	24.74941 	1.994e-07 	1.249e-06 	1.800e-07 	2.802e-05 	1.612e-07 	1.229e-10 	4.253e-09 
1.35675 	25.12158 	1.994e-07 	1.249e-06 	1.800e-07 	2.802e-05 	1.612e-07 	1.229e-10 	4.253e-09 
1.37685 	25.49375 	1.994e-07 	1.249e-06 	1.800e-07 	2.802e-05 	1.612e-07 	1.229e-10 	4.253e-09 
1.39695 	25.86593 	1.994e-07 	1.249e-06 	1.800e-07 	2.802e-05 	1.612e-07 	1.229e-10 	4.253e-09 
1.41705 	26.23810 	1.994e-07 	1.249e-06 	1.800e-07 	2.802e-05 	1.612e-07 	1.229e-10 	4.253e-09 
1.43715 	26.61027 	1.994e-07 	1.249e-06 	1.800e-07 	2.802e-05 	1.612e-07 	1.229e-10 	4.253e-09 
1.45725 	26.98244 	1.994e-07 	1.249e-06 	1.800e-07 	2.802e-05 	1.612e-07 	1.229e-10 	4.253e-09 
1.47735 	27.35461 	1.994e-07 	1.249e-06 	1.800e-07 	2.802e-05 	1.612e-07 	1.229e-10 	4.253e-09 
1.49745 	27.72678 	1.994e-07 	1.249e-06 	1.800e-07 	2.802e-05 	1.612e-07 	1.229e-10 	4.253e-09 
1.51755 	28.09896 	1.994e-07 	1.249e-06 	1.800e-07 	2.802e-05 	1.612e-07 	1.229e-10 	4.253e-09 
1.53765 	28.47113 	1.994e-07 	1.249e-06 	1.800e-07 	2.802e-05 	1.612e-07 	1.229e-10 	4.253e-09 
1.55775 	28.84330 	1.994e-07 	1.249e-06 	1.800e-07 	2.802e-05 	1.612e-07 	1.229e-10 	4.253e-09 
1.57785 	29.21547 	1.994e-07 	1.249e-06 	1.800e-07 	2.802e-05 	1.612e-07 	1.229e-10 	4.253e-09 
1.59795 	29.58764 	1.994e-07 	1.249e-06 	1.800e-07 	2.802e-05 	1.612e-07 	1.229e-10 	4.253e-09 
1.61805 	29.95981 	1.994e-07 	1.249e-06 	1.800e-07 	2.802e-05 	1.612e-07 	1.229e-10 	4.253e-09 
1.63815 	30.33199 	1.994e-07 	1.249e-06 	1.800e-07 	2.802e-05 	1.612e-07 	1.229e-10 	4.253e-09 
1.65825 	30.70416 	1.994e-07 	1.249e-06 	1.800e-07 	2.802e-05 	1.612e-07 	1.229e-10 	4.253e-09 
1.67835 	31.07633 	1.994e-07 	1.249e-06 	1.800e-07 	2.802e-05 	1.612e-07 	1.229e-10 	4.253e-09 
1.69845 	31.44850 	1.994e-07 	1.249e-06 	1.800e-07 	2.802e-05 	1.612e-07 	1.229e-10 	4.253e-09 
1.71855 	31.82067 	1.994e-07 	1.249e-06 	1.800e-07 	2.802e-05 	1.612e-07 	1.229e-10 	4.253e-09 
1.73865 	32.19284 	1.994e-07 	1.249e-06 	1.800e-07 	2.802e-05 	1.612e-07 	1.229e-10 	4.253e-09 
1.75875 	32.56501 	1.994e-07 	1.249e-06 	1.800e-07 	2.802e-05 	1.612e-07 	1.229e-10 	4.253e-09 
1.77885 	32.93719 	1.994e-07 	1.249e-06 	1.800e-07 	2.802e-05 	1.612e-07 	1.229e-10 	4.253e-09 
1.79895 	33.30936 	1.994e-07 	1.249e-06 	1.800e-07 	2.802e-05 	1.612e-07 	1.229e-10 	4.253e-09 
1.81905 	33.68153 	1.994e-07 	1.249e-06 	1.800e-07 	2.802e-05 	1.612e-07 	1.229e-10 	4.253e-09 
1.83915 	34.05370 	1.994e-07 	1.249e-06 	1.800e-07 	2.802e-05 	1.612e-07 	1.229e-10 	4.253e-09 
1.85925 	34.42587 	1.994e-07 	1.249e-06 	1.800e-07 	2.802e-05 	1.612e-07 	1.229e-10 	4.253e-09 
1.87935 	34.79804 	1.994e-07 	1.249e-06 	1.800e-07 	2.802e-05 	1.612e-07 	1.229e-10 	4.253e-09 
1.89945 	35.17022 	1.994e-07 	1.249e-06 	1.800e-07 	2.802e-05 	1.612e-07 	1.229e-10 	4.253e-09 
1.91955 	35.54239 	1.994e-07 	1.249e-06 	1.800e-07 	2.802e-05 	1.612e-07 	1.229e-10 	4.253e-09 
1.93965 	35.91456 	1.994e-07 	1.249e-06 	1.800e-07 	2.802e-05 	1.612e-07 	1.229e-10 	4.253e-09 
1.95975 	36.28673 	1.994e-07 	1.249e-06 	1.800e-07 	2.802e-05 	1.612e-07 	1.229e-10 	4.253e-09 
1.97985 	36.65890 	1.994e-07 	1.249e-06 	1.800e-07 	2.802e-05 	1.612e-07 	1.229e-10 	4.253e-09 
1.99995 	37.03107 	1.994e-07 	1.249e-06 	1.800e-07 	2.802e-05 	1.612e-07 	1.229e-10 	4.253e-09 
