n = 6.0e+02, Tgas =  10.0, Tdust =  10.0, Go = 1000.0
pc 	Av 	e- 	C 	C+ 	CO 	O 	O2 	H2O 
0.01005 	0.00930 	1.384e-04 	1.596e-09 	1.369e-04 	9.590e-14 	3.301e-04 	2.608e-18 	7.774e-14 
0.03015 	0.02791 	1.384e-04 	1.689e-09 	1.369e-04 	1.030e-13 	3.299e-04 	2.812e-18 	8.132e-14 
0.05025 	0.04652 	1.383e-04 	1.788e-09 	1.368e-04 	1.106e-13 	3.298e-04 	3.031e-18 	8.504e-14 
0.07035 	0.06513 	1.382e-04 	1.893e-09 	1.368e-04 	1.186e-13 	3.297e-04 	3.266e-18 	8.890e-14 
0.09045 	0.08374 	1.381e-04 	2.004e-09 	1.367e-04 	1.272e-13 	3.296e-04 	3.518e-18 	9.291e-14 
0.11055 	0.10235 	1.381e-04 	2.122e-09 	1.367e-04 	1.363e-13 	3.295e-04 	3.788e-18 	9.707e-14 
0.13065 	0.12096 	1.380e-04 	2.246e-09 	1.366e-04 	1.460e-13 	3.294e-04 	4.078e-18 	1.014e-13 
0.15075 	0.13956 	1.380e-04 	2.378e-09 	1.366e-04 	1.563e-13 	3.293e-04 	4.389e-18 	1.059e-13 
0.17085 	0.15817 	1.379e-04 	2.517e-09 	1.366e-04 	1.672e-13 	3.292e-04 	4.722e-18 	1.105e-13 
0.19095 	0.17678 	1.379e-04 	2.665e-09 	1.365e-04 	1.789e-13 	3.292e-04 	5.079e-18 	1.153e-13 
0.21105 	0.19539 	1.378e-04 	2.822e-09 	1.365e-04 	1.912e-13 	3.291e-04 	5.461e-18 	1.203e-13 
0.23115 	0.21400 	1.378e-04 	2.987e-09 	1.365e-04 	2.043e-13 	3.291e-04 	5.871e-18 	1.255e-13 
0.25125 	0.23261 	1.377e-04 	3.163e-09 	1.365e-04 	2.181e-13 	3.290e-04 	6.310e-18 	1.309e-13 
0.27135 	0.25122 	1.377e-04 	3.348e-09 	1.365e-04 	2.329e-13 	3.290e-04 	6.780e-18 	1.365e-13 
0.29145 	0.26982 	1.377e-04 	3.545e-09 	1.365e-04 	2.484e-13 	3.290e-04 	7.282e-18 	1.423e-13 
0.31155 	0.28843 	1.376e-04 	3.753e-09 	1.364e-04 	2.650e-13 	3.289e-04 	7.821e-18 	1.483e-13 
0.33165 	0.30704 	1.376e-04 	3.973e-09 	1.364e-04 	2.825e-13 	3.289e-04 	8.397e-18 	1.545e-13 
0.35175 	0.32565 	1.376e-04 	4.207e-09 	1.364e-04 	3.010e-13 	3.289e-04 	9.013e-18 	1.609e-13 
0.37185 	0.34426 	1.376e-04 	4.453e-09 	1.364e-04 	3.206e-13 	3.289e-04 	9.673e-18 	1.676e-13 
0.39195 	0.36287 	1.375e-04 	4.715e-09 	1.365e-04 	3.414e-13 	3.289e-04 	1.038e-17 	1.745e-13 
0.41205 	0.38148 	1.375e-04 	4.992e-09 	1.365e-04 	3.633e-13 	3.290e-04 	1.113e-17 	1.816e-13 
0.43215 	0.40008 	1.375e-04 	5.285e-09 	1.365e-04 	3.866e-13 	3.290e-04 	1.194e-17 	1.891e-13 
0.45225 	0.41869 	1.375e-04 	5.595e-09 	1.365e-04 	4.112e-13 	3.290e-04 	1.280e-17 	1.967e-13 
0.47235 	0.43730 	1.375e-04 	5.923e-09 	1.365e-04 	4.372e-13 	3.291e-04 	1.373e-17 	2.047e-13 
0.49245 	0.45591 	1.375e-04 	6.270e-09 	1.365e-04 	4.647e-13 	3.291e-04 	1.471e-17 	2.129e-13 
0.51255 	0.47452 	1.375e-04 	6.638e-09 	1.365e-04 	4.937e-13 	3.292e-04 	1.577e-17 	2.215e-13 
0.53265 	0.49313 	1.375e-04 	7.027e-09 	1.366e-04 	5.245e-13 	3.292e-04 	1.689e-17 	2.303e-13 
0.55275 	0.51174 	1.375e-04 	7.439e-09 	1.366e-04 	5.570e-13 	3.293e-04 	1.810e-17 	2.394e-13 
0.57285 	0.53034 	1.376e-04 	7.875e-09 	1.366e-04 	5.913e-13 	3.293e-04 	1.938e-17 	2.489e-13 
0.59295 	0.54895 	1.376e-04 	8.336e-09 	1.366e-04 	6.276e-13 	3.294e-04 	2.076e-17 	2.587e-13 
0.61305 	0.56756 	1.376e-04 	8.824e-09 	1.367e-04 	6.660e-13 	3.295e-04 	2.223e-17 	2.688e-13 
0.63315 	0.58617 	1.376e-04 	9.341e-09 	1.367e-04 	7.065e-13 	3.296e-04 	2.380e-17 	2.793e-13 
0.65325 	0.60478 	1.376e-04 	9.888e-09 	1.367e-04 	7.493e-13 	3.296e-04 	2.547e-17 	2.902e-13 
0.67335 	0.62339 	1.376e-04 	1.047e-08 	1.368e-04 	7.945e-13 	3.297e-04 	2.727e-17 	3.014e-13 
0.69345 	0.64200 	1.377e-04 	1.108e-08 	1.368e-04 	8.423e-13 	3.298e-04 	2.918e-17 	3.130e-13 
0.71355 	0.66060 	1.377e-04 	1.173e-08 	1.369e-04 	8.928e-13 	3.299e-04 	3.122e-17 	3.250e-13 
0.73365 	0.67921 	1.377e-04 	1.241e-08 	1.369e-04 	9.461e-13 	3.300e-04 	3.340e-17 	3.374e-13 
0.75375 	0.69782 	1.378e-04 	1.314e-08 	1.369e-04 	1.002e-12 	3.301e-04 	3.573e-17 	3.503e-13 
0.77385 	0.71643 	1.378e-04 	1.391e-08 	1.370e-04 	1.062e-12 	3.302e-04 	3.822e-17 	3.636e-13 
0.79395 	0.73504 	1.378e-04 	1.472e-08 	1.370e-04 	1.125e-12 	3.303e-04 	4.088e-17 	3.773e-13 
0.81405 	0.75365 	1.379e-04 	1.558e-08 	1.371e-04 	1.191e-12 	3.304e-04 	4.372e-17 	3.915e-13 
0.83415 	0.77226 	1.379e-04 	1.649e-08 	1.371e-04 	1.261e-12 	3.306e-04 	4.675e-17 	4.062e-13 
0.85425 	0.79086 	1.379e-04 	1.745e-08 	1.372e-04 	1.335e-12 	3.307e-04 	4.998e-17 	4.214e-13 
0.87435 	0.80947 	1.380e-04 	1.847e-08 	1.372e-04 	1.412e-12 	3.308e-04 	5.344e-17 	4.371e-13 
0.89445 	0.82808 	1.380e-04 	1.954e-08 	1.373e-04 	1.495e-12 	3.309e-04 	5.712e-17 	4.534e-13 
0.91455 	0.84669 	1.380e-04 	2.068e-08 	1.373e-04 	1.582e-12 	3.310e-04 	6.106e-17 	4.701e-13 
0.93465 	0.86530 	1.381e-04 	2.189e-08 	1.374e-04 	1.673e-12 	3.311e-04 	6.526e-17 	4.875e-13 
0.95475 	0.88391 	1.381e-04 	2.317e-08 	1.374e-04 	1.770e-12 	3.312e-04 	6.974e-17 	5.054e-13 
0.97485 	0.90252 	1.381e-04 	2.452e-08 	1.375e-04 	1.872e-12 	3.314e-04 	7.453e-17 	5.240e-13 
0.99495 	0.92112 	1.382e-04 	2.594e-08 	1.375e-04 	1.980e-12 	3.315e-04 	7.964e-17 	5.431e-13 
1.01505 	0.93973 	1.382e-04 	2.745e-08 	1.376e-04 	2.093e-12 	3.316e-04 	8.510e-17 	5.629e-13 
1.03515 	0.95834 	1.383e-04 	2.905e-08 	1.376e-04 	2.213e-12 	3.317e-04 	9.092e-17 	5.833e-13 
1.05525 	0.97695 	1.383e-04 	3.074e-08 	1.377e-04 	2.340e-12 	3.318e-04 	9.713e-17 	6.045e-13 
1.07535 	0.99556 	1.383e-04 	3.253e-08 	1.377e-04 	2.473e-12 	3.320e-04 	1.038e-16 	6.263e-13 
1.09545 	1.01417 	1.384e-04 	3.442e-08 	1.378e-04 	2.614e-12 	3.321e-04 	1.108e-16 	6.489e-13 
1.11555 	1.03278 	1.384e-04 	3.643e-08 	1.378e-04 	2.762e-12 	3.322e-04 	1.184e-16 	6.722e-13 
1.13565 	1.05138 	1.385e-04 	3.854e-08 	1.379e-04 	2.919e-12 	3.323e-04 	1.265e-16 	6.962e-13 
1.15575 	1.06999 	1.385e-04 	4.078e-08 	1.379e-04 	3.084e-12 	3.324e-04 	1.351e-16 	7.211e-13 
1.17585 	1.08860 	1.385e-04 	4.315e-08 	1.379e-04 	3.258e-12 	3.326e-04 	1.442e-16 	7.468e-13 
1.19595 	1.10721 	1.386e-04 	4.566e-08 	1.380e-04 	3.441e-12 	3.327e-04 	1.540e-16 	7.734e-13 
1.21605 	1.12582 	1.386e-04 	4.831e-08 	1.380e-04 	3.635e-12 	3.328e-04 	1.645e-16 	8.008e-13 
1.23615 	1.14443 	1.387e-04 	5.111e-08 	1.381e-04 	3.839e-12 	3.329e-04 	1.757e-16 	8.291e-13 
1.25625 	1.16304 	1.387e-04 	5.408e-08 	1.381e-04 	4.054e-12 	3.330e-04 	1.876e-16 	8.583e-13 
1.27635 	1.18164 	1.387e-04 	5.721e-08 	1.382e-04 	4.281e-12 	3.331e-04 	2.003e-16 	8.886e-13 
1.29645 	1.20025 	1.388e-04 	6.053e-08 	1.382e-04 	4.521e-12 	3.333e-04 	2.139e-16 	9.198e-13 
1.31655 	1.21886 	1.388e-04 	6.404e-08 	1.383e-04 	4.773e-12 	3.334e-04 	2.283e-16 	9.520e-13 
1.33665 	1.23747 	1.389e-04 	6.775e-08 	1.383e-04 	5.039e-12 	3.335e-04 	2.438e-16 	9.853e-13 
1.35675 	1.25608 	1.389e-04 	7.168e-08 	1.384e-04 	5.319e-12 	3.336e-04 	2.603e-16 	1.020e-12 
1.37685 	1.27469 	1.389e-04 	7.583e-08 	1.384e-04 	5.614e-12 	3.337e-04 	2.778e-16 	1.055e-12 
1.39695 	1.29330 	1.390e-04 	8.022e-08 	1.384e-04 	5.926e-12 	3.338e-04 	2.966e-16 	1.092e-12 
1.41705 	1.31190 	1.390e-04 	8.487e-08 	1.385e-04 	6.254e-12 	3.339e-04 	3.166e-16 	1.130e-12 
1.43715 	1.33051 	1.390e-04 	8.978e-08 	1.385e-04 	6.600e-12 	3.340e-04 	3.380e-16 	1.169e-12 
1.45725 	1.34912 	1.391e-04 	9.498e-08 	1.386e-04 	6.965e-12 	3.341e-04 	3.608e-16 	1.209e-12 
1.47735 	1.36773 	1.391e-04 	1.005e-07 	1.386e-04 	7.349e-12 	3.342e-04 	3.851e-16 	1.251e-12 
1.49745 	1.38634 	1.391e-04 	1.063e-07 	1.386e-04 	7.754e-12 	3.343e-04 	4.111e-16 	1.294e-12 
1.51755 	1.40495 	1.392e-04 	1.124e-07 	1.387e-04 	8.181e-12 	3.344e-04 	4.388e-16 	1.338e-12 
1.53765 	1.42356 	1.392e-04 	1.189e-07 	1.387e-04 	8.631e-12 	3.345e-04 	4.684e-16 	1.384e-12 
1.55775 	1.44216 	1.392e-04 	1.258e-07 	1.387e-04 	9.105e-12 	3.346e-04 	4.999e-16 	1.432e-12 
1.57785 	1.46077 	1.393e-04 	1.331e-07 	1.388e-04 	9.604e-12 	3.347e-04 	5.336e-16 	1.481e-12 
1.59795 	1.47938 	1.393e-04 	1.407e-07 	1.388e-04 	1.013e-11 	3.348e-04 	5.695e-16 	1.531e-12 
1.61805 	1.49799 	1.393e-04 	1.489e-07 	1.388e-04 	1.069e-11 	3.349e-04 	6.078e-16 	1.583e-12 
1.63815 	1.51660 	1.393e-04 	1.575e-07 	1.389e-04 	1.127e-11 	3.350e-04 	6.487e-16 	1.637e-12 
1.65825 	1.53521 	1.394e-04 	1.666e-07 	1.389e-04 	1.189e-11 	3.351e-04 	6.924e-16 	1.693e-12 
1.67835 	1.55382 	1.394e-04 	1.762e-07 	1.389e-04 	1.253e-11 	3.352e-04 	7.389e-16 	1.750e-12 
1.69845 	1.57243 	1.394e-04 	1.863e-07 	1.389e-04 	1.322e-11 	3.353e-04 	7.886e-16 	1.809e-12 
1.71855 	1.59103 	1.394e-04 	1.971e-07 	1.390e-04 	1.394e-11 	3.353e-04 	8.417e-16 	1.871e-12 
1.73865 	1.60964 	1.394e-04 	2.084e-07 	1.390e-04 	1.470e-11 	3.354e-04 	8.982e-16 	1.934e-12 
1.75875 	1.62825 	1.395e-04 	2.204e-07 	1.390e-04 	1.550e-11 	3.355e-04 	9.586e-16 	1.999e-12 
1.77885 	1.64686 	1.395e-04 	2.331e-07 	1.390e-04 	1.634e-11 	3.356e-04 	1.023e-15 	2.067e-12 
1.79895 	1.66547 	1.395e-04 	2.465e-07 	1.391e-04 	1.723e-11 	3.357e-04 	1.092e-15 	2.136e-12 
1.81905 	1.68408 	1.395e-04 	2.607e-07 	1.391e-04 	1.817e-11 	3.357e-04 	1.165e-15 	2.208e-12 
1.83915 	1.70269 	1.395e-04 	2.757e-07 	1.391e-04 	1.916e-11 	3.358e-04 	1.243e-15 	2.282e-12 
1.85925 	1.72129 	1.395e-04 	2.916e-07 	1.391e-04 	2.020e-11 	3.359e-04 	1.327e-15 	2.359e-12 
1.87935 	1.73990 	1.396e-04 	3.084e-07 	1.391e-04 	2.129e-11 	3.360e-04 	1.416e-15 	2.438e-12 
1.89945 	1.75851 	1.396e-04 	3.261e-07 	1.391e-04 	2.245e-11 	3.360e-04 	1.511e-15 	2.520e-12 
1.91955 	1.77712 	1.396e-04 	3.448e-07 	1.391e-04 	2.367e-11 	3.361e-04 	1.613e-15 	2.604e-12 
1.93965 	1.79573 	1.396e-04 	3.646e-07 	1.392e-04 	2.495e-11 	3.362e-04 	1.721e-15 	2.691e-12 
1.95975 	1.81434 	1.396e-04 	3.855e-07 	1.392e-04 	2.631e-11 	3.362e-04 	1.836e-15 	2.781e-12 
1.97985 	1.83295 	1.396e-04 	4.077e-07 	1.392e-04 	2.773e-11 	3.363e-04 	1.960e-15 	2.874e-12 
1.99995 	1.85155 	1.396e-04 	4.310e-07 	1.392e-04 	2.924e-11 	3.364e-04 	2.091e-15 	2.970e-12 
