n = 8.0e+03, Tgas =  10.0, Tdust =  10.0, Go = 100.0
pc 	Av 	e- 	C 	C+ 	CO 	O 	O2 	H2O 
0.01005 	0.12406 	1.408e-04 	3.266e-07 	1.407e-04 	1.654e-10 	3.381e-04 	1.910e-14 	1.650e-12 
0.03015 	0.37217 	1.405e-04 	6.846e-07 	1.404e-04 	3.849e-10 	3.379e-04 	4.410e-14 	2.507e-12 
0.05025 	0.62029 	1.398e-04 	1.427e-06 	1.397e-04 	9.065e-10 	3.378e-04 	1.009e-13 	3.808e-12 
0.07035 	0.86840 	1.383e-04 	2.945e-06 	1.383e-04 	2.152e-09 	3.377e-04 	2.277e-13 	5.789e-12 
0.09045 	1.11651 	1.354e-04 	5.952e-06 	1.353e-04 	5.121e-09 	3.378e-04 	5.030e-13 	8.853e-12 
0.11055 	1.36463 	1.298e-04 	1.158e-05 	1.298e-04 	1.210e-08 	3.381e-04 	1.082e-12 	1.375e-11 
0.13065 	1.61274 	1.204e-04 	2.116e-05 	1.204e-04 	2.801e-08 	3.387e-04 	2.266e-12 	2.200e-11 
0.15075 	1.86086 	1.064e-04 	3.539e-05 	1.064e-04 	6.269e-08 	3.396e-04 	4.678e-12 	3.697e-11 
0.17085 	2.10897 	8.872e-05 	5.334e-05 	8.868e-05 	1.339e-07 	3.408e-04 	9.789e-12 	6.608e-11 
0.19095 	2.35709 	6.962e-05 	7.259e-05 	6.959e-05 	2.708e-07 	3.420e-04 	2.156e-11 	1.259e-10 
0.21105 	2.60520 	5.158e-05 	9.049e-05 	5.154e-05 	5.170e-07 	3.429e-04 	5.154e-11 	2.530e-10 
0.23115 	2.85332 	3.617e-05 	1.051e-04 	3.614e-05 	9.301e-07 	3.430e-04 	1.351e-10 	5.298e-10 
0.25125 	3.10143 	2.401e-05 	1.156e-04 	2.397e-05 	1.576e-06 	3.420e-04 	3.818e-10 	1.140e-09 
0.27135 	3.34954 	1.502e-05 	1.215e-04 	1.498e-05 	2.519e-06 	3.394e-04 	1.122e-09 	2.490e-09 
0.29145 	3.59766 	8.792e-06 	1.231e-04 	8.759e-06 	3.828e-06 	3.350e-04 	3.269e-09 	5.419e-09 
0.31155 	3.84577 	4.807e-06 	1.203e-04 	4.778e-06 	5.657e-06 	3.282e-04 	8.891e-09 	1.145e-08 
0.33165 	4.09389 	2.477e-06 	1.122e-04 	2.452e-06 	8.448e-06 	3.170e-04 	2.139e-08 	2.287e-08 
0.35175 	4.34200 	1.228e-06 	9.585e-05 	1.208e-06 	1.317e-05 	2.971e-04 	4.538e-08 	4.289e-08 
0.37185 	4.59012 	5.988e-07 	6.821e-05 	5.822e-07 	2.075e-05 	2.627e-04 	9.197e-08 	7.704e-08 
0.39195 	4.83823 	3.111e-07 	3.664e-05 	2.954e-07 	2.924e-05 	2.147e-04 	1.907e-07 	1.318e-07 
0.41205 	5.08635 	2.041e-07 	1.710e-05 	1.876e-07 	3.440e-05 	1.592e-04 	3.482e-07 	1.991e-07 
0.43215 	5.33446 	1.726e-07 	1.026e-05 	1.545e-07 	3.614e-05 	9.549e-05 	4.213e-07 	2.410e-07 
0.45225 	5.58257 	1.825e-07 	1.133e-05 	1.628e-07 	3.578e-05 	4.728e-05 	2.632e-07 	2.148e-07 
0.47235 	5.83069 	2.187e-07 	1.907e-05 	1.992e-07 	3.364e-05 	2.580e-05 	9.631e-08 	1.589e-07 
0.49245 	6.07880 	2.659e-07 	3.131e-05 	2.475e-07 	3.030e-05 	1.664e-05 	3.070e-08 	1.116e-07 
0.51255 	6.32692 	3.116e-07 	4.381e-05 	2.940e-07 	2.690e-05 	1.167e-05 	1.079e-08 	7.749e-08 
0.53265 	6.57503 	3.491e-07 	5.430e-05 	3.320e-07 	2.405e-05 	8.450e-06 	4.306e-09 	5.412e-08 
0.55275 	6.82315 	3.764e-07 	6.193e-05 	3.597e-07 	2.195e-05 	6.210e-06 	1.931e-09 	3.857e-08 
0.57285 	7.07126 	3.935e-07 	6.641e-05 	3.771e-07 	2.071e-05 	4.628e-06 	9.710e-10 	2.843e-08 
0.59295 	7.31937 	4.013e-07 	6.765e-05 	3.852e-07 	2.032e-05 	3.510e-06 	5.501e-10 	2.190e-08 
0.61305 	7.56749 	4.012e-07 	6.589e-05 	3.853e-07 	2.073e-05 	2.717e-06 	3.512e-10 	1.771e-08 
0.63315 	7.81560 	3.948e-07 	6.171e-05 	3.790e-07 	2.178e-05 	2.146e-06 	2.505e-10 	1.502e-08 
0.65325 	8.06372 	3.839e-07 	5.587e-05 	3.682e-07 	2.327e-05 	1.727e-06 	1.965e-10 	1.325e-08 
0.67335 	8.31183 	3.704e-07 	4.915e-05 	3.545e-07 	2.497e-05 	1.412e-06 	1.664e-10 	1.206e-08 
0.69345 	8.55995 	3.558e-07 	4.222e-05 	3.396e-07 	2.672e-05 	1.173e-06 	1.498e-10 	1.123e-08 
0.71355 	8.80806 	3.413e-07 	3.553e-05 	3.247e-07 	2.840e-05 	9.892e-07 	1.418e-10 	1.064e-08 
0.73365 	9.05618 	3.277e-07 	2.938e-05 	3.106e-07 	2.992e-05 	8.485e-07 	1.398e-10 	1.020e-08 
0.75375 	9.30429 	3.155e-07 	2.394e-05 	2.978e-07 	3.125e-05 	7.410e-07 	1.423e-10 	9.877e-09 
0.77385 	9.55240 	3.050e-07 	1.928e-05 	2.867e-07 	3.237e-05 	6.592e-07 	1.487e-10 	9.634e-09 
0.79395 	9.80052 	2.961e-07 	1.541e-05 	2.772e-07 	3.329e-05 	5.974e-07 	1.579e-10 	9.450e-09 
0.81405 	10.04863 	2.889e-07 	1.225e-05 	2.695e-07 	3.404e-05 	5.510e-07 	1.694e-10 	9.311e-09 
0.83415 	10.29675 	2.831e-07 	9.738e-06 	2.633e-07 	3.462e-05 	5.162e-07 	1.821e-10 	9.206e-09 
0.85425 	10.54486 	2.785e-07 	7.767e-06 	2.583e-07 	3.507e-05 	4.903e-07 	1.954e-10 	9.127e-09 
0.87435 	10.79298 	2.750e-07 	6.242e-06 	2.545e-07 	3.542e-05 	4.711e-07 	2.083e-10 	9.068e-09 
0.89445 	11.04109 	2.723e-07 	5.074e-06 	2.515e-07 	3.569e-05 	4.567e-07 	2.202e-10 	9.024e-09 
0.91455 	11.28921 	2.702e-07 	4.187e-06 	2.493e-07 	3.589e-05 	4.461e-07 	2.308e-10 	8.992e-09 
0.93465 	11.53732 	2.687e-07 	3.517e-06 	2.476e-07 	3.604e-05 	4.382e-07 	2.399e-10 	8.967e-09 
0.95475 	11.78543 	2.675e-07 	3.014e-06 	2.463e-07 	3.615e-05 	4.324e-07 	2.473e-10 	8.949e-09 
0.97485 	12.03355 	2.666e-07 	2.636e-06 	2.453e-07 	3.624e-05 	4.281e-07 	2.534e-10 	8.936e-09 
0.99495 	12.28166 	2.660e-07 	2.354e-06 	2.446e-07 	3.630e-05 	4.249e-07 	2.581e-10 	8.926e-09 
1.01505 	12.52978 	2.655e-07 	2.143e-06 	2.441e-07 	3.635e-05 	4.225e-07 	2.619e-10 	8.918e-09 
1.03515 	12.77789 	2.651e-07 	1.986e-06 	2.437e-07 	3.638e-05 	4.207e-07 	2.647e-10 	8.913e-09 
1.05525 	13.02601 	2.649e-07 	1.869e-06 	2.434e-07 	3.641e-05 	4.194e-07 	2.669e-10 	8.909e-09 
1.07535 	13.27412 	2.647e-07 	1.782e-06 	2.432e-07 	3.643e-05 	4.184e-07 	2.686e-10 	8.906e-09 
1.09545 	13.52223 	2.645e-07 	1.717e-06 	2.430e-07 	3.644e-05 	4.177e-07 	2.699e-10 	8.904e-09 
1.11555 	13.77035 	2.644e-07 	1.669e-06 	2.429e-07 	3.645e-05 	4.171e-07 	2.708e-10 	8.902e-09 
1.13565 	14.01846 	2.643e-07 	1.633e-06 	2.428e-07 	3.646e-05 	4.167e-07 	2.715e-10 	8.901e-09 
1.15575 	14.26658 	2.643e-07 	1.607e-06 	2.427e-07 	3.646e-05 	4.165e-07 	2.720e-10 	8.900e-09 
1.17585 	14.51469 	2.642e-07 	1.587e-06 	2.427e-07 	3.647e-05 	4.162e-07 	2.724e-10 	8.899e-09 
1.19595 	14.76281 	2.642e-07 	1.573e-06 	2.426e-07 	3.647e-05 	4.161e-07 	2.727e-10 	8.899e-09 
1.21605 	15.01092 	2.642e-07 	1.562e-06 	2.426e-07 	3.647e-05 	4.159e-07 	2.729e-10 	8.898e-09 
1.23615 	15.25904 	2.641e-07 	1.554e-06 	2.426e-07 	3.648e-05 	4.159e-07 	2.731e-10 	8.898e-09 
1.25625 	15.50715 	2.641e-07 	1.548e-06 	2.426e-07 	3.648e-05 	4.158e-07 	2.732e-10 	8.898e-09 
1.27635 	15.75526 	2.641e-07 	1.543e-06 	2.425e-07 	3.648e-05 	4.157e-07 	2.733e-10 	8.898e-09 
1.29645 	16.00338 	2.641e-07 	1.540e-06 	2.425e-07 	3.648e-05 	4.157e-07 	2.734e-10 	8.898e-09 
1.31655 	16.25149 	2.641e-07 	1.537e-06 	2.425e-07 	3.648e-05 	4.157e-07 	2.734e-10 	8.897e-09 
1.33665 	16.49961 	2.641e-07 	1.536e-06 	2.425e-07 	3.648e-05 	4.157e-07 	2.735e-10 	8.897e-09 
1.35675 	16.74772 	2.641e-07 	1.534e-06 	2.425e-07 	3.648e-05 	4.156e-07 	2.735e-10 	8.897e-09 
1.37685 	16.99584 	2.641e-07 	1.533e-06 	2.425e-07 	3.648e-05 	4.156e-07 	2.735e-10 	8.897e-09 
1.39695 	17.24395 	2.641e-07 	1.532e-06 	2.425e-07 	3.648e-05 	4.156e-07 	2.735e-10 	8.897e-09 
1.41705 	17.49207 	2.641e-07 	1.532e-06 	2.425e-07 	3.648e-05 	4.156e-07 	2.735e-10 	8.897e-09 
1.43715 	17.74018 	2.641e-07 	1.531e-06 	2.425e-07 	3.648e-05 	4.156e-07 	2.735e-10 	8.897e-09 
1.45725 	17.98829 	2.641e-07 	1.531e-06 	2.425e-07 	3.648e-05 	4.156e-07 	2.736e-10 	8.897e-09 
1.47735 	18.23641 	2.641e-07 	1.531e-06 	2.425e-07 	3.648e-05 	4.156e-07 	2.736e-10 	8.897e-09 
1.49745 	18.48452 	2.641e-07 	1.531e-06 	2.425e-07 	3.648e-05 	4.156e-07 	2.736e-10 	8.897e-09 
1.51755 	18.73264 	2.641e-07 	1.531e-06 	2.425e-07 	3.648e-05 	4.156e-07 	2.736e-10 	8.897e-09 
1.53765 	18.98075 	2.641e-07 	1.531e-06 	2.425e-07 	3.648e-05 	4.156e-07 	2.736e-10 	8.897e-09 
1.55775 	19.22887 	2.641e-07 	1.530e-06 	2.425e-07 	3.648e-05 	4.156e-07 	2.736e-10 	8.897e-09 
1.57785 	19.47698 	2.641e-07 	1.530e-06 	2.425e-07 	3.648e-05 	4.156e-07 	2.736e-10 	8.897e-09 
1.59795 	19.72509 	2.641e-07 	1.530e-06 	2.425e-07 	3.648e-05 	4.156e-07 	2.736e-10 	8.897e-09 
1.61805 	19.97321 	2.641e-07 	1.530e-06 	2.425e-07 	3.648e-05 	4.156e-07 	2.736e-10 	8.897e-09 
1.63815 	20.22132 	2.641e-07 	1.530e-06 	2.425e-07 	3.648e-05 	4.156e-07 	2.736e-10 	8.897e-09 
1.65825 	20.46944 	2.641e-07 	1.530e-06 	2.425e-07 	3.648e-05 	4.156e-07 	2.736e-10 	8.897e-09 
1.67835 	20.71755 	2.641e-07 	1.530e-06 	2.425e-07 	3.648e-05 	4.156e-07 	2.736e-10 	8.897e-09 
1.69845 	20.96567 	2.641e-07 	1.530e-06 	2.425e-07 	3.648e-05 	4.156e-07 	2.736e-10 	8.897e-09 
1.71855 	21.21378 	2.641e-07 	1.530e-06 	2.425e-07 	3.648e-05 	4.156e-07 	2.736e-10 	8.897e-09 
1.73865 	21.46190 	2.641e-07 	1.530e-06 	2.425e-07 	3.648e-05 	4.156e-07 	2.736e-10 	8.897e-09 
1.75875 	21.71001 	2.641e-07 	1.530e-06 	2.425e-07 	3.648e-05 	4.156e-07 	2.736e-10 	8.897e-09 
1.77885 	21.95812 	2.641e-07 	1.530e-06 	2.425e-07 	3.648e-05 	4.156e-07 	2.736e-10 	8.897e-09 
1.79895 	22.20624 	2.641e-07 	1.530e-06 	2.425e-07 	3.648e-05 	4.156e-07 	2.736e-10 	8.897e-09 
1.81905 	22.45435 	2.641e-07 	1.530e-06 	2.425e-07 	3.648e-05 	4.156e-07 	2.736e-10 	8.897e-09 
1.83915 	22.70247 	2.641e-07 	1.530e-06 	2.425e-07 	3.648e-05 	4.156e-07 	2.736e-10 	8.897e-09 
1.85925 	22.95058 	2.641e-07 	1.530e-06 	2.425e-07 	3.648e-05 	4.156e-07 	2.736e-10 	8.897e-09 
1.87935 	23.19870 	2.641e-07 	1.530e-06 	2.425e-07 	3.648e-05 	4.156e-07 	2.736e-10 	8.897e-09 
1.89945 	23.44681 	2.641e-07 	1.530e-06 	2.425e-07 	3.648e-05 	4.156e-07 	2.736e-10 	8.897e-09 
1.91955 	23.69493 	2.641e-07 	1.530e-06 	2.425e-07 	3.648e-05 	4.156e-07 	2.736e-10 	8.897e-09 
1.93965 	23.94304 	2.641e-07 	1.530e-06 	2.425e-07 	3.648e-05 	4.156e-07 	2.736e-10 	8.897e-09 
1.95975 	24.19115 	2.641e-07 	1.530e-06 	2.425e-07 	3.648e-05 	4.156e-07 	2.736e-10 	8.897e-09 
1.97985 	24.43927 	2.641e-07 	1.530e-06 	2.425e-07 	3.648e-05 	4.156e-07 	2.736e-10 	8.897e-09 
1.99995 	24.68738 	2.641e-07 	1.530e-06 	2.425e-07 	3.648e-05 	4.156e-07 	2.736e-10 	8.897e-09 
