n = 7.0e+02, Tgas =  20.0, Tdust =  20.0, Go = 100.0
pc 	Av 	e- 	C 	C+ 	CO 	O 	O2 	H2O 
0.01005 	0.01086 	1.413e-04 	1.395e-08 	1.407e-04 	4.010e-12 	3.393e-04 	1.465e-15 	1.741e-12 
0.03015 	0.03257 	1.414e-04 	1.490e-08 	1.408e-04 	4.276e-12 	3.394e-04 	1.583e-15 	1.811e-12 
0.05025 	0.05428 	1.414e-04 	1.591e-08 	1.408e-04 	4.560e-12 	3.395e-04 	1.709e-15 	1.884e-12 
0.07035 	0.07599 	1.414e-04 	1.699e-08 	1.409e-04 	4.862e-12 	3.396e-04 	1.846e-15 	1.960e-12 
0.09045 	0.09770 	1.415e-04 	1.815e-08 	1.409e-04 	5.183e-12 	3.397e-04 	1.993e-15 	2.038e-12 
0.11055 	0.11941 	1.415e-04 	1.938e-08 	1.409e-04 	5.524e-12 	3.398e-04 	2.152e-15 	2.119e-12 
0.13065 	0.14112 	1.415e-04 	2.070e-08 	1.410e-04 	5.888e-12 	3.399e-04 	2.324e-15 	2.204e-12 
0.15075 	0.16283 	1.416e-04 	2.210e-08 	1.410e-04 	6.275e-12 	3.400e-04 	2.509e-15 	2.292e-12 
0.17085 	0.18454 	1.416e-04 	2.360e-08 	1.411e-04 	6.688e-12 	3.401e-04 	2.709e-15 	2.383e-12 
0.19095 	0.20625 	1.416e-04 	2.520e-08 	1.411e-04 	7.126e-12 	3.402e-04 	2.925e-15 	2.477e-12 
0.21105 	0.22796 	1.417e-04 	2.691e-08 	1.411e-04 	7.594e-12 	3.403e-04 	3.157e-15 	2.575e-12 
0.23115 	0.24967 	1.417e-04 	2.873e-08 	1.412e-04 	8.091e-12 	3.404e-04 	3.408e-15 	2.677e-12 
0.25125 	0.27138 	1.417e-04 	3.068e-08 	1.412e-04 	8.620e-12 	3.405e-04 	3.679e-15 	2.782e-12 
0.27135 	0.29309 	1.417e-04 	3.275e-08 	1.412e-04 	9.184e-12 	3.406e-04 	3.971e-15 	2.892e-12 
0.29145 	0.31480 	1.418e-04 	3.497e-08 	1.413e-04 	9.784e-12 	3.407e-04 	4.286e-15 	3.005e-12 
0.31155 	0.33651 	1.418e-04 	3.734e-08 	1.413e-04 	1.042e-11 	3.407e-04 	4.626e-15 	3.123e-12 
0.33165 	0.35822 	1.418e-04 	3.987e-08 	1.413e-04 	1.110e-11 	3.408e-04 	4.993e-15 	3.245e-12 
0.35175 	0.37993 	1.418e-04 	4.256e-08 	1.413e-04 	1.183e-11 	3.409e-04 	5.389e-15 	3.372e-12 
0.37185 	0.40164 	1.419e-04 	4.544e-08 	1.414e-04 	1.260e-11 	3.410e-04 	5.816e-15 	3.504e-12 
0.39195 	0.42335 	1.419e-04 	4.851e-08 	1.414e-04 	1.342e-11 	3.410e-04 	6.277e-15 	3.641e-12 
0.41205 	0.44506 	1.419e-04 	5.179e-08 	1.414e-04 	1.430e-11 	3.411e-04 	6.774e-15 	3.782e-12 
0.43215 	0.46677 	1.419e-04 	5.529e-08 	1.415e-04 	1.523e-11 	3.412e-04 	7.310e-15 	3.929e-12 
0.45225 	0.48848 	1.419e-04 	5.903e-08 	1.415e-04 	1.623e-11 	3.412e-04 	7.888e-15 	4.082e-12 
0.47235 	0.51019 	1.420e-04 	6.302e-08 	1.415e-04 	1.729e-11 	3.413e-04 	8.511e-15 	4.240e-12 
0.49245 	0.53190 	1.420e-04 	6.728e-08 	1.415e-04 	1.842e-11 	3.414e-04 	9.184e-15 	4.405e-12 
0.51255 	0.55361 	1.420e-04 	7.182e-08 	1.415e-04 	1.962e-11 	3.414e-04 	9.910e-15 	4.575e-12 
0.53265 	0.57532 	1.420e-04 	7.667e-08 	1.416e-04 	2.091e-11 	3.415e-04 	1.069e-14 	4.752e-12 
0.55275 	0.59703 	1.420e-04 	8.184e-08 	1.416e-04 	2.228e-11 	3.416e-04 	1.154e-14 	4.935e-12 
0.57285 	0.61874 	1.420e-04 	8.737e-08 	1.416e-04 	2.374e-11 	3.416e-04 	1.245e-14 	5.126e-12 
0.59295 	0.64045 	1.421e-04 	9.326e-08 	1.416e-04 	2.529e-11 	3.417e-04 	1.343e-14 	5.323e-12 
0.61305 	0.66216 	1.421e-04 	9.955e-08 	1.416e-04 	2.695e-11 	3.417e-04 	1.449e-14 	5.528e-12 
0.63315 	0.68387 	1.421e-04 	1.063e-07 	1.417e-04 	2.872e-11 	3.418e-04 	1.563e-14 	5.741e-12 
0.65325 	0.70558 	1.421e-04 	1.134e-07 	1.417e-04 	3.061e-11 	3.418e-04 	1.686e-14 	5.961e-12 
0.67335 	0.72729 	1.421e-04 	1.211e-07 	1.417e-04 	3.263e-11 	3.419e-04 	1.819e-14 	6.190e-12 
0.69345 	0.74900 	1.421e-04 	1.292e-07 	1.417e-04 	3.478e-11 	3.419e-04 	1.962e-14 	6.428e-12 
0.71355 	0.77071 	1.421e-04 	1.379e-07 	1.417e-04 	3.707e-11 	3.420e-04 	2.117e-14 	6.674e-12 
0.73365 	0.79242 	1.421e-04 	1.472e-07 	1.417e-04 	3.952e-11 	3.420e-04 	2.283e-14 	6.929e-12 
0.75375 	0.81413 	1.421e-04 	1.572e-07 	1.417e-04 	4.214e-11 	3.421e-04 	2.463e-14 	7.194e-12 
0.77385 	0.83584 	1.421e-04 	1.677e-07 	1.417e-04 	4.493e-11 	3.421e-04 	2.657e-14 	7.469e-12 
0.79395 	0.85755 	1.421e-04 	1.790e-07 	1.417e-04 	4.791e-11 	3.422e-04 	2.866e-14 	7.755e-12 
0.81405 	0.87926 	1.421e-04 	1.911e-07 	1.417e-04 	5.110e-11 	3.422e-04 	3.091e-14 	8.051e-12 
0.83415 	0.90097 	1.421e-04 	2.039e-07 	1.417e-04 	5.450e-11 	3.422e-04 	3.334e-14 	8.358e-12 
0.85425 	0.92268 	1.421e-04 	2.177e-07 	1.417e-04 	5.813e-11 	3.423e-04 	3.595e-14 	8.677e-12 
0.87435 	0.94439 	1.421e-04 	2.323e-07 	1.417e-04 	6.201e-11 	3.423e-04 	3.878e-14 	9.007e-12 
0.89445 	0.96610 	1.421e-04 	2.479e-07 	1.417e-04 	6.616e-11 	3.423e-04 	4.182e-14 	9.350e-12 
0.91455 	0.98781 	1.421e-04 	2.646e-07 	1.417e-04 	7.060e-11 	3.424e-04 	4.510e-14 	9.706e-12 
0.93465 	1.00952 	1.421e-04 	2.824e-07 	1.417e-04 	7.534e-11 	3.424e-04 	4.864e-14 	1.008e-11 
0.95475 	1.03123 	1.421e-04 	3.013e-07 	1.417e-04 	8.041e-11 	3.424e-04 	5.246e-14 	1.046e-11 
0.97485 	1.05294 	1.421e-04 	3.216e-07 	1.417e-04 	8.583e-11 	3.425e-04 	5.657e-14 	1.086e-11 
0.99495 	1.07465 	1.421e-04 	3.431e-07 	1.417e-04 	9.163e-11 	3.425e-04 	6.100e-14 	1.127e-11 
1.01505 	1.09636 	1.421e-04 	3.662e-07 	1.417e-04 	9.783e-11 	3.425e-04 	6.578e-14 	1.170e-11 
1.03515 	1.11807 	1.421e-04 	3.907e-07 	1.417e-04 	1.045e-10 	3.426e-04 	7.093e-14 	1.214e-11 
1.05525 	1.13978 	1.421e-04 	4.169e-07 	1.417e-04 	1.116e-10 	3.426e-04 	7.648e-14 	1.260e-11 
1.07535 	1.16149 	1.420e-04 	4.449e-07 	1.417e-04 	1.192e-10 	3.426e-04 	8.247e-14 	1.308e-11 
1.09545 	1.18320 	1.420e-04 	4.747e-07 	1.416e-04 	1.273e-10 	3.426e-04 	8.892e-14 	1.357e-11 
1.11555 	1.20491 	1.420e-04 	5.065e-07 	1.416e-04 	1.360e-10 	3.427e-04 	9.587e-14 	1.409e-11 
1.13565 	1.22662 	1.420e-04 	5.404e-07 	1.416e-04 	1.453e-10 	3.427e-04 	1.034e-13 	1.462e-11 
1.15575 	1.24833 	1.420e-04 	5.765e-07 	1.416e-04 	1.553e-10 	3.427e-04 	1.114e-13 	1.518e-11 
1.17585 	1.27004 	1.419e-04 	6.151e-07 	1.415e-04 	1.660e-10 	3.427e-04 	1.201e-13 	1.575e-11 
1.19595 	1.29175 	1.419e-04 	6.562e-07 	1.415e-04 	1.775e-10 	3.428e-04 	1.295e-13 	1.635e-11 
1.21605 	1.31346 	1.419e-04 	7.000e-07 	1.415e-04 	1.898e-10 	3.428e-04 	1.396e-13 	1.697e-11 
1.23615 	1.33517 	1.418e-04 	7.467e-07 	1.414e-04 	2.029e-10 	3.428e-04 	1.505e-13 	1.761e-11 
1.25625 	1.35688 	1.418e-04 	7.965e-07 	1.414e-04 	2.170e-10 	3.428e-04 	1.623e-13 	1.827e-11 
1.27635 	1.37859 	1.417e-04 	8.496e-07 	1.414e-04 	2.321e-10 	3.429e-04 	1.749e-13 	1.897e-11 
1.29645 	1.40030 	1.417e-04 	9.061e-07 	1.413e-04 	2.484e-10 	3.429e-04 	1.886e-13 	1.969e-11 
1.31655 	1.42201 	1.416e-04 	9.664e-07 	1.413e-04 	2.657e-10 	3.429e-04 	2.033e-13 	2.043e-11 
1.33665 	1.44372 	1.416e-04 	1.031e-06 	1.412e-04 	2.844e-10 	3.429e-04 	2.191e-13 	2.120e-11 
1.35675 	1.46543 	1.415e-04 	1.099e-06 	1.411e-04 	3.044e-10 	3.429e-04 	2.361e-13 	2.201e-11 
1.37685 	1.48714 	1.414e-04 	1.172e-06 	1.411e-04 	3.258e-10 	3.429e-04 	2.545e-13 	2.284e-11 
1.39695 	1.50885 	1.414e-04 	1.250e-06 	1.410e-04 	3.488e-10 	3.430e-04 	2.743e-13 	2.371e-11 
1.41705 	1.53056 	1.413e-04 	1.333e-06 	1.409e-04 	3.735e-10 	3.430e-04 	2.957e-13 	2.461e-11 
1.43715 	1.55227 	1.412e-04 	1.421e-06 	1.408e-04 	4.001e-10 	3.430e-04 	3.186e-13 	2.554e-11 
1.45725 	1.57398 	1.411e-04 	1.515e-06 	1.408e-04 	4.285e-10 	3.430e-04 	3.434e-13 	2.651e-11 
1.47735 	1.59569 	1.410e-04 	1.614e-06 	1.407e-04 	4.591e-10 	3.430e-04 	3.701e-13 	2.752e-11 
1.49745 	1.61740 	1.409e-04 	1.721e-06 	1.406e-04 	4.919e-10 	3.431e-04 	3.988e-13 	2.856e-11 
1.51755 	1.63911 	1.408e-04 	1.834e-06 	1.405e-04 	5.271e-10 	3.431e-04 	4.298e-13 	2.965e-11 
1.53765 	1.66082 	1.407e-04 	1.954e-06 	1.403e-04 	5.649e-10 	3.431e-04 	4.632e-13 	3.078e-11 
1.55775 	1.68253 	1.406e-04 	2.083e-06 	1.402e-04 	6.055e-10 	3.431e-04 	4.991e-13 	3.195e-11 
1.57785 	1.70424 	1.405e-04 	2.219e-06 	1.401e-04 	6.492e-10 	3.431e-04 	5.379e-13 	3.317e-11 
1.59795 	1.72595 	1.403e-04 	2.364e-06 	1.400e-04 	6.961e-10 	3.431e-04 	5.796e-13 	3.444e-11 
1.61805 	1.74766 	1.402e-04 	2.518e-06 	1.398e-04 	7.465e-10 	3.432e-04 	6.245e-13 	3.575e-11 
1.63815 	1.76937 	1.400e-04 	2.682e-06 	1.397e-04 	8.006e-10 	3.432e-04 	6.730e-13 	3.712e-11 
1.65825 	1.79108 	1.398e-04 	2.856e-06 	1.395e-04 	8.588e-10 	3.432e-04 	7.251e-13 	3.855e-11 
1.67835 	1.81279 	1.397e-04 	3.041e-06 	1.393e-04 	9.213e-10 	3.432e-04 	7.813e-13 	4.003e-11 
1.69845 	1.83450 	1.395e-04 	3.237e-06 	1.391e-04 	9.885e-10 	3.432e-04 	8.419e-13 	4.157e-11 
1.71855 	1.85621 	1.393e-04 	3.446e-06 	1.389e-04 	1.061e-09 	3.432e-04 	9.072e-13 	4.317e-11 
1.73865 	1.87792 	1.391e-04 	3.667e-06 	1.387e-04 	1.138e-09 	3.433e-04 	9.775e-13 	4.484e-11 
1.75875 	1.89963 	1.388e-04 	3.902e-06 	1.385e-04 	1.222e-09 	3.433e-04 	1.053e-12 	4.657e-11 
1.77885 	1.92134 	1.386e-04 	4.151e-06 	1.382e-04 	1.312e-09 	3.433e-04 	1.135e-12 	4.838e-11 
1.79895 	1.94305 	1.383e-04 	4.416e-06 	1.380e-04 	1.408e-09 	3.433e-04 	1.223e-12 	5.026e-11 
1.81905 	1.96476 	1.381e-04 	4.696e-06 	1.377e-04 	1.512e-09 	3.433e-04 	1.318e-12 	5.222e-11 
1.83915 	1.98647 	1.378e-04 	4.992e-06 	1.374e-04 	1.623e-09 	3.434e-04 	1.420e-12 	5.426e-11 
1.85925 	2.00818 	1.375e-04 	5.306e-06 	1.371e-04 	1.743e-09 	3.434e-04 	1.530e-12 	5.639e-11 
1.87935 	2.02989 	1.371e-04 	5.639e-06 	1.368e-04 	1.872e-09 	3.434e-04 	1.649e-12 	5.861e-11 
1.89945 	2.05160 	1.368e-04 	5.990e-06 	1.364e-04 	2.011e-09 	3.434e-04 	1.777e-12 	6.093e-11 
1.91955 	2.07331 	1.364e-04 	6.362e-06 	1.361e-04 	2.160e-09 	3.434e-04 	1.915e-12 	6.334e-11 
1.93965 	2.09502 	1.361e-04 	6.755e-06 	1.357e-04 	2.320e-09 	3.435e-04 	2.064e-12 	6.586e-11 
1.95975 	2.11673 	1.357e-04 	7.169e-06 	1.353e-04 	2.493e-09 	3.435e-04 	2.225e-12 	6.850e-11 
1.97985 	2.13844 	1.352e-04 	7.607e-06 	1.349e-04 	2.678e-09 	3.435e-04 	2.398e-12 	7.124e-11 
1.99995 	2.16015 	1.348e-04 	8.069e-06 	1.344e-04 	2.877e-09 	3.435e-04 	2.585e-12 	7.412e-11 
