n = 1.4e+04, Tgas =  10.0, Tdust =  10.0, Go =   1.0
pc 	Av 	e- 	C 	C+ 	CO 	O 	O2 	H2O 
0.01005 	0.21710 	9.695e-05 	3.765e-05 	9.693e-05 	2.480e-06 	3.316e-04 	4.441e-11 	8.689e-11 
0.03015 	0.65130 	5.986e-05 	5.837e-05 	5.985e-05 	6.535e-06 	3.175e-04 	1.095e-10 	2.317e-10 
0.05025 	1.08550 	2.787e-05 	6.042e-05 	2.785e-05 	1.201e-05 	2.893e-04 	4.769e-10 	9.368e-10 
0.07035 	1.51970 	9.964e-06 	5.080e-05 	9.952e-06 	1.603e-05 	2.625e-04 	4.004e-09 	5.160e-09 
0.09045 	1.95390 	2.846e-06 	4.237e-05 	2.834e-06 	1.795e-05 	2.439e-04 	3.363e-08 	2.935e-08 
0.11055 	2.38810 	5.830e-07 	2.937e-05 	5.726e-07 	2.019e-05 	1.982e-04 	1.645e-07 	1.352e-07 
0.13065 	2.82230 	1.407e-07 	1.207e-05 	1.264e-07 	2.307e-05 	6.411e-05 	3.090e-07 	2.661e-07 
0.15075 	3.25650 	1.279e-07 	9.814e-06 	1.104e-07 	2.333e-05 	1.358e-05 	9.079e-08 	1.542e-07 
0.17085 	3.69070 	1.468e-07 	1.247e-05 	1.296e-07 	2.278e-05 	4.478e-06 	1.446e-08 	7.243e-08 
0.19095 	4.12490 	1.622e-07 	1.648e-05 	1.462e-07 	2.198e-05 	1.955e-06 	2.330e-09 	3.460e-08 
0.21105 	4.55910 	1.708e-07 	1.957e-05 	1.555e-07 	2.131e-05 	1.002e-06 	4.984e-10 	1.798e-08 
0.23115 	4.99330 	1.728e-07 	1.989e-05 	1.578e-07 	2.107e-05 	5.785e-07 	1.608e-10 	1.076e-08 
0.25125 	5.42750 	1.697e-07 	1.718e-05 	1.545e-07 	2.133e-05 	3.756e-07 	8.116e-11 	7.618e-09 
0.27135 	5.86170 	1.643e-07 	1.296e-05 	1.485e-07 	2.184e-05 	2.741e-07 	5.950e-11 	6.245e-09 
0.29145 	6.29590 	1.591e-07 	8.976e-06 	1.427e-07 	2.235e-05 	2.216e-07 	5.510e-11 	5.635e-09 
0.31155 	6.73010 	1.547e-07 	5.998e-06 	1.383e-07 	2.273e-05 	1.939e-07 	5.677e-11 	5.360e-09 
0.33165 	7.16430 	1.519e-07 	4.019e-06 	1.353e-07 	2.299e-05 	1.789e-07 	6.030e-11 	5.232e-09 
0.35175 	7.59850 	1.503e-07 	2.779e-06 	1.335e-07 	2.315e-05 	1.706e-07 	6.379e-11 	5.171e-09 
0.37185 	8.03270 	1.493e-07 	2.022e-06 	1.323e-07 	2.325e-05 	1.660e-07 	6.655e-11 	5.142e-09 
0.39195 	8.46690 	1.487e-07 	1.567e-06 	1.316e-07 	2.331e-05 	1.633e-07 	6.850e-11 	5.127e-09 
0.41205 	8.90110 	1.484e-07 	1.295e-06 	1.312e-07 	2.334e-05 	1.618e-07 	6.978e-11 	5.119e-09 
0.43215 	9.33530 	1.482e-07 	1.132e-06 	1.310e-07 	2.337e-05 	1.609e-07 	7.060e-11 	5.115e-09 
0.45225 	9.76950 	1.481e-07 	1.036e-06 	1.308e-07 	2.338e-05 	1.604e-07 	7.110e-11 	5.113e-09 
0.47235 	10.20370 	1.480e-07 	9.785e-07 	1.308e-07 	2.339e-05 	1.601e-07 	7.141e-11 	5.111e-09 
0.49245 	10.63790 	1.479e-07 	9.444e-07 	1.307e-07 	2.339e-05 	1.599e-07 	7.160e-11 	5.111e-09 
0.51255 	11.07211 	1.479e-07 	9.241e-07 	1.307e-07 	2.339e-05 	1.598e-07 	7.171e-11 	5.110e-09 
0.53265 	11.50631 	1.479e-07 	9.121e-07 	1.307e-07 	2.339e-05 	1.598e-07 	7.178e-11 	5.110e-09 
0.55275 	11.94051 	1.479e-07 	9.049e-07 	1.306e-07 	2.340e-05 	1.597e-07 	7.182e-11 	5.110e-09 
0.57285 	12.37471 	1.479e-07 	9.007e-07 	1.306e-07 	2.340e-05 	1.597e-07 	7.184e-11 	5.110e-09 
0.59295 	12.80891 	1.479e-07 	8.981e-07 	1.306e-07 	2.340e-05 	1.597e-07 	7.186e-11 	5.110e-09 
0.61305 	13.24311 	1.479e-07 	8.966e-07 	1.306e-07 	2.340e-05 	1.597e-07 	7.186e-11 	5.110e-09 
0.63315 	13.67731 	1.479e-07 	8.958e-07 	1.306e-07 	2.340e-05 	1.597e-07 	7.187e-11 	5.110e-09 
0.65325 	14.11151 	1.479e-07 	8.952e-07 	1.306e-07 	2.340e-05 	1.597e-07 	7.187e-11 	5.110e-09 
0.67335 	14.54571 	1.479e-07 	8.949e-07 	1.306e-07 	2.340e-05 	1.597e-07 	7.187e-11 	5.110e-09 
0.69345 	14.97991 	1.479e-07 	8.947e-07 	1.306e-07 	2.340e-05 	1.597e-07 	7.187e-11 	5.110e-09 
0.71355 	15.41411 	1.479e-07 	8.946e-07 	1.306e-07 	2.340e-05 	1.597e-07 	7.187e-11 	5.110e-09 
0.73365 	15.84831 	1.479e-07 	8.946e-07 	1.306e-07 	2.340e-05 	1.597e-07 	7.188e-11 	5.110e-09 
0.75375 	16.28251 	1.479e-07 	8.945e-07 	1.306e-07 	2.340e-05 	1.597e-07 	7.188e-11 	5.110e-09 
0.77385 	16.71671 	1.479e-07 	8.945e-07 	1.306e-07 	2.340e-05 	1.597e-07 	7.188e-11 	5.110e-09 
0.79395 	17.15091 	1.479e-07 	8.945e-07 	1.306e-07 	2.340e-05 	1.597e-07 	7.188e-11 	5.110e-09 
0.81405 	17.58511 	1.479e-07 	8.945e-07 	1.306e-07 	2.340e-05 	1.597e-07 	7.188e-11 	5.110e-09 
0.83415 	18.01931 	1.479e-07 	8.945e-07 	1.306e-07 	2.340e-05 	1.597e-07 	7.188e-11 	5.110e-09 
0.85425 	18.45351 	1.479e-07 	8.945e-07 	1.306e-07 	2.340e-05 	1.597e-07 	7.188e-11 	5.110e-09 
0.87435 	18.88771 	1.479e-07 	8.945e-07 	1.306e-07 	2.340e-05 	1.597e-07 	7.188e-11 	5.110e-09 
0.89445 	19.32191 	1.479e-07 	8.945e-07 	1.306e-07 	2.340e-05 	1.597e-07 	7.188e-11 	5.110e-09 
0.91455 	19.75611 	1.479e-07 	8.945e-07 	1.306e-07 	2.340e-05 	1.597e-07 	7.188e-11 	5.110e-09 
0.93465 	20.19031 	1.479e-07 	8.945e-07 	1.306e-07 	2.340e-05 	1.597e-07 	7.188e-11 	5.110e-09 
0.95475 	20.62451 	1.479e-07 	8.945e-07 	1.306e-07 	2.340e-05 	1.597e-07 	7.188e-11 	5.110e-09 
0.97485 	21.05871 	1.479e-07 	8.945e-07 	1.306e-07 	2.340e-05 	1.597e-07 	7.188e-11 	5.110e-09 
0.99495 	21.49291 	1.479e-07 	8.945e-07 	1.306e-07 	2.340e-05 	1.597e-07 	7.188e-11 	5.110e-09 
1.01505 	21.92711 	1.479e-07 	8.945e-07 	1.306e-07 	2.340e-05 	1.597e-07 	7.188e-11 	5.110e-09 
1.03515 	22.36131 	1.479e-07 	8.945e-07 	1.306e-07 	2.340e-05 	1.597e-07 	7.188e-11 	5.110e-09 
1.05525 	22.79551 	1.479e-07 	8.945e-07 	1.306e-07 	2.340e-05 	1.597e-07 	7.188e-11 	5.110e-09 
1.07535 	23.22971 	1.479e-07 	8.945e-07 	1.306e-07 	2.340e-05 	1.597e-07 	7.188e-11 	5.110e-09 
1.09545 	23.66391 	1.479e-07 	8.945e-07 	1.306e-07 	2.340e-05 	1.597e-07 	7.188e-11 	5.110e-09 
1.11555 	24.09811 	1.479e-07 	8.945e-07 	1.306e-07 	2.340e-05 	1.597e-07 	7.188e-11 	5.110e-09 
1.13565 	24.53231 	1.479e-07 	8.945e-07 	1.306e-07 	2.340e-05 	1.597e-07 	7.188e-11 	5.110e-09 
1.15575 	24.96651 	1.479e-07 	8.945e-07 	1.306e-07 	2.340e-05 	1.597e-07 	7.188e-11 	5.110e-09 
1.17585 	25.40071 	1.479e-07 	8.945e-07 	1.306e-07 	2.340e-05 	1.597e-07 	7.188e-11 	5.110e-09 
1.19595 	25.83491 	1.479e-07 	8.945e-07 	1.306e-07 	2.340e-05 	1.597e-07 	7.188e-11 	5.110e-09 
1.21605 	26.26911 	1.479e-07 	8.945e-07 	1.306e-07 	2.340e-05 	1.597e-07 	7.188e-11 	5.110e-09 
1.23615 	26.70331 	1.479e-07 	8.945e-07 	1.306e-07 	2.340e-05 	1.597e-07 	7.188e-11 	5.110e-09 
1.25625 	27.13751 	1.479e-07 	8.945e-07 	1.306e-07 	2.340e-05 	1.597e-07 	7.188e-11 	5.110e-09 
1.27635 	27.57171 	1.479e-07 	8.945e-07 	1.306e-07 	2.340e-05 	1.597e-07 	7.188e-11 	5.110e-09 
1.29645 	28.00591 	1.479e-07 	8.945e-07 	1.306e-07 	2.340e-05 	1.597e-07 	7.188e-11 	5.110e-09 
1.31655 	28.44011 	1.479e-07 	8.945e-07 	1.306e-07 	2.340e-05 	1.597e-07 	7.188e-11 	5.110e-09 
1.33665 	28.87431 	1.479e-07 	8.945e-07 	1.306e-07 	2.340e-05 	1.597e-07 	7.188e-11 	5.110e-09 
1.35675 	29.30851 	1.479e-07 	8.945e-07 	1.306e-07 	2.340e-05 	1.597e-07 	7.188e-11 	5.110e-09 
1.37685 	29.74271 	1.479e-07 	8.945e-07 	1.306e-07 	2.340e-05 	1.597e-07 	7.188e-11 	5.110e-09 
1.39695 	30.17691 	1.479e-07 	8.945e-07 	1.306e-07 	2.340e-05 	1.597e-07 	7.188e-11 	5.110e-09 
1.41705 	30.61111 	1.479e-07 	8.945e-07 	1.306e-07 	2.340e-05 	1.597e-07 	7.188e-11 	5.110e-09 
1.43715 	31.04531 	1.479e-07 	8.945e-07 	1.306e-07 	2.340e-05 	1.597e-07 	7.188e-11 	5.110e-09 
1.45725 	31.47951 	1.479e-07 	8.945e-07 	1.306e-07 	2.340e-05 	1.597e-07 	7.188e-11 	5.110e-09 
1.47735 	31.91371 	1.479e-07 	8.945e-07 	1.306e-07 	2.340e-05 	1.597e-07 	7.188e-11 	5.110e-09 
1.49745 	32.34791 	1.479e-07 	8.945e-07 	1.306e-07 	2.340e-05 	1.597e-07 	7.188e-11 	5.110e-09 
1.51755 	32.78212 	1.479e-07 	8.945e-07 	1.306e-07 	2.340e-05 	1.597e-07 	7.188e-11 	5.110e-09 
1.53765 	33.21632 	1.479e-07 	8.945e-07 	1.306e-07 	2.340e-05 	1.597e-07 	7.188e-11 	5.110e-09 
1.55775 	33.65052 	1.479e-07 	8.945e-07 	1.306e-07 	2.340e-05 	1.597e-07 	7.188e-11 	5.110e-09 
1.57785 	34.08472 	1.479e-07 	8.945e-07 	1.306e-07 	2.340e-05 	1.597e-07 	7.188e-11 	5.110e-09 
1.59795 	34.51892 	1.479e-07 	8.945e-07 	1.306e-07 	2.340e-05 	1.597e-07 	7.188e-11 	5.110e-09 
1.61805 	34.95312 	1.479e-07 	8.945e-07 	1.306e-07 	2.340e-05 	1.597e-07 	7.188e-11 	5.110e-09 
1.63815 	35.38732 	1.479e-07 	8.945e-07 	1.306e-07 	2.340e-05 	1.597e-07 	7.188e-11 	5.110e-09 
1.65825 	35.82152 	1.479e-07 	8.945e-07 	1.306e-07 	2.340e-05 	1.597e-07 	7.188e-11 	5.110e-09 
1.67835 	36.25572 	1.479e-07 	8.945e-07 	1.306e-07 	2.340e-05 	1.597e-07 	7.188e-11 	5.110e-09 
1.69845 	36.68992 	1.479e-07 	8.945e-07 	1.306e-07 	2.340e-05 	1.597e-07 	7.188e-11 	5.110e-09 
1.71855 	37.12412 	1.479e-07 	8.945e-07 	1.306e-07 	2.340e-05 	1.597e-07 	7.188e-11 	5.110e-09 
1.73865 	37.55832 	1.479e-07 	8.945e-07 	1.306e-07 	2.340e-05 	1.597e-07 	7.188e-11 	5.110e-09 
1.75875 	37.99252 	1.479e-07 	8.945e-07 	1.306e-07 	2.340e-05 	1.597e-07 	7.188e-11 	5.110e-09 
1.77885 	38.42672 	1.479e-07 	8.945e-07 	1.306e-07 	2.340e-05 	1.597e-07 	7.188e-11 	5.110e-09 
1.79895 	38.86092 	1.479e-07 	8.945e-07 	1.306e-07 	2.340e-05 	1.597e-07 	7.188e-11 	5.110e-09 
1.81905 	39.29512 	1.479e-07 	8.945e-07 	1.306e-07 	2.340e-05 	1.597e-07 	7.188e-11 	5.110e-09 
1.83915 	39.72932 	1.479e-07 	8.945e-07 	1.306e-07 	2.340e-05 	1.597e-07 	7.188e-11 	5.110e-09 
1.85925 	40.16352 	1.479e-07 	8.945e-07 	1.306e-07 	2.340e-05 	1.597e-07 	7.188e-11 	5.110e-09 
1.87935 	40.59772 	1.479e-07 	8.945e-07 	1.306e-07 	2.340e-05 	1.597e-07 	7.188e-11 	5.110e-09 
1.89945 	41.03192 	1.479e-07 	8.945e-07 	1.306e-07 	2.340e-05 	1.597e-07 	7.188e-11 	5.110e-09 
1.91955 	41.46612 	1.479e-07 	8.945e-07 	1.306e-07 	2.340e-05 	1.597e-07 	7.188e-11 	5.110e-09 
1.93965 	41.90032 	1.479e-07 	8.945e-07 	1.306e-07 	2.340e-05 	1.597e-07 	7.188e-11 	5.110e-09 
1.95975 	42.33452 	1.479e-07 	8.945e-07 	1.306e-07 	2.340e-05 	1.597e-07 	7.188e-11 	5.110e-09 
1.97985 	42.76872 	1.479e-07 	8.945e-07 	1.306e-07 	2.340e-05 	1.597e-07 	7.188e-11 	5.110e-09 
1.99995 	43.20292 	1.479e-07 	8.945e-07 	1.306e-07 	2.340e-05 	1.597e-07 	7.188e-11 	5.110e-09 
