n = 1.0e+03, Tgas =  26.0, Tdust =  26.0, Go = 10000.0
pc 	Av 	e- 	C 	C+ 	CO 	O 	O2 	H2O 
0.01005 	0.01551 	1.463e-04 	1.529e-10 	1.427e-04 	3.312e-15 	3.441e-04 	1.366e-19 	6.909e-15 
0.03015 	0.04652 	1.462e-04 	1.679e-10 	1.426e-04 	3.841e-15 	3.439e-04 	1.543e-19 	7.457e-15 
0.05025 	0.07754 	1.461e-04 	1.843e-10 	1.426e-04 	4.455e-15 	3.437e-04 	1.744e-19 	8.053e-15 
0.07035 	0.10855 	1.459e-04 	2.023e-10 	1.425e-04 	5.167e-15 	3.435e-04 	1.974e-19 	8.701e-15 
0.09045 	0.13956 	1.458e-04 	2.221e-10 	1.424e-04 	5.991e-15 	3.433e-04 	2.237e-19 	9.405e-15 
0.11055 	0.17058 	1.457e-04 	2.438e-10 	1.423e-04 	6.947e-15 	3.431e-04 	2.536e-19 	1.017e-14 
0.13065 	0.20159 	1.455e-04 	2.677e-10 	1.422e-04 	8.052e-15 	3.429e-04 	2.879e-19 	1.100e-14 
0.15075 	0.23261 	1.454e-04 	2.939e-10 	1.421e-04 	9.332e-15 	3.427e-04 	3.270e-19 	1.190e-14 
0.17085 	0.26362 	1.452e-04 	3.227e-10 	1.420e-04 	1.081e-14 	3.424e-04 	3.717e-19 	1.287e-14 
0.19095 	0.29464 	1.451e-04 	3.543e-10 	1.419e-04 	1.252e-14 	3.422e-04 	4.228e-19 	1.393e-14 
0.21105 	0.32565 	1.449e-04 	3.890e-10 	1.418e-04 	1.449e-14 	3.419e-04 	4.812e-19 	1.507e-14 
0.23115 	0.35666 	1.447e-04 	4.272e-10 	1.417e-04 	1.676e-14 	3.416e-04 	5.478e-19 	1.630e-14 
0.25125 	0.38768 	1.445e-04 	4.692e-10 	1.416e-04 	1.938e-14 	3.413e-04 	6.239e-19 	1.763e-14 
0.27135 	0.41869 	1.444e-04 	5.154e-10 	1.415e-04 	2.239e-14 	3.410e-04 	7.106e-19 	1.907e-14 
0.29145 	0.44971 	1.442e-04 	5.662e-10 	1.413e-04 	2.585e-14 	3.407e-04 	8.096e-19 	2.061e-14 
0.31155 	0.48072 	1.440e-04 	6.220e-10 	1.412e-04 	2.981e-14 	3.404e-04 	9.223e-19 	2.228e-14 
0.33165 	0.51174 	1.438e-04 	6.834e-10 	1.411e-04 	3.435e-14 	3.401e-04 	1.051e-18 	2.406e-14 
0.35175 	0.54275 	1.436e-04 	7.509e-10 	1.409e-04 	3.954e-14 	3.397e-04 	1.197e-18 	2.598e-14 
0.37185 	0.57376 	1.434e-04 	8.252e-10 	1.408e-04 	4.546e-14 	3.394e-04 	1.363e-18 	2.804e-14 
0.39195 	0.60478 	1.431e-04 	9.070e-10 	1.406e-04 	5.220e-14 	3.390e-04 	1.552e-18 	3.024e-14 
0.41205 	0.63579 	1.429e-04 	9.970e-10 	1.405e-04 	5.986e-14 	3.387e-04 	1.767e-18 	3.260e-14 
0.43215 	0.66681 	1.427e-04 	1.096e-09 	1.403e-04 	6.855e-14 	3.384e-04 	2.010e-18 	3.513e-14 
0.45225 	0.69782 	1.425e-04 	1.205e-09 	1.402e-04 	7.839e-14 	3.380e-04 	2.286e-18 	3.783e-14 
0.47235 	0.72884 	1.423e-04 	1.325e-09 	1.401e-04 	8.950e-14 	3.377e-04 	2.598e-18 	4.071e-14 
0.49245 	0.75985 	1.421e-04 	1.457e-09 	1.399e-04 	1.020e-13 	3.373e-04 	2.952e-18 	4.379e-14 
0.51255 	0.79086 	1.419e-04 	1.603e-09 	1.398e-04 	1.161e-13 	3.370e-04 	3.352e-18 	4.707e-14 
0.53265 	0.82188 	1.417e-04 	1.763e-09 	1.397e-04 	1.320e-13 	3.367e-04 	3.803e-18 	5.057e-14 
0.55275 	0.85289 	1.415e-04 	1.940e-09 	1.395e-04 	1.497e-13 	3.364e-04 	4.313e-18 	5.430e-14 
0.57285 	0.88391 	1.414e-04 	2.134e-09 	1.394e-04 	1.696e-13 	3.361e-04 	4.889e-18 	5.827e-14 
0.59295 	0.91492 	1.412e-04 	2.349e-09 	1.393e-04 	1.917e-13 	3.358e-04 	5.537e-18 	6.250e-14 
0.61305 	0.94594 	1.410e-04 	2.585e-09 	1.392e-04 	2.164e-13 	3.356e-04 	6.268e-18 	6.699e-14 
0.63315 	0.97695 	1.409e-04 	2.845e-09 	1.391e-04 	2.439e-13 	3.353e-04 	7.090e-18 	7.177e-14 
0.65325 	1.00796 	1.407e-04 	3.131e-09 	1.390e-04 	2.745e-13 	3.351e-04 	8.015e-18 	7.686e-14 
0.67335 	1.03898 	1.406e-04 	3.446e-09 	1.389e-04 	3.084e-13 	3.349e-04 	9.054e-18 	8.226e-14 
0.69345 	1.06999 	1.405e-04 	3.793e-09 	1.388e-04 	3.460e-13 	3.348e-04 	1.022e-17 	8.800e-14 
0.71355 	1.10101 	1.404e-04 	4.175e-09 	1.388e-04 	3.876e-13 	3.346e-04 	1.153e-17 	9.410e-14 
0.73365 	1.13202 	1.403e-04 	4.596e-09 	1.387e-04 	4.336e-13 	3.345e-04 	1.300e-17 	1.006e-13 
0.75375 	1.16304 	1.402e-04 	5.060e-09 	1.387e-04 	4.844e-13 	3.344e-04 	1.465e-17 	1.074e-13 
0.77385 	1.19405 	1.401e-04 	5.570e-09 	1.387e-04 	5.404e-13 	3.343e-04 	1.650e-17 	1.147e-13 
0.79395 	1.22506 	1.400e-04 	6.132e-09 	1.386e-04 	6.022e-13 	3.342e-04 	1.858e-17 	1.225e-13 
0.81405 	1.25608 	1.399e-04 	6.750e-09 	1.386e-04 	6.703e-13 	3.342e-04 	2.090e-17 	1.307e-13 
0.83415 	1.28709 	1.399e-04 	7.431e-09 	1.386e-04 	7.452e-13 	3.342e-04 	2.350e-17 	1.394e-13 
0.85425 	1.31811 	1.399e-04 	8.180e-09 	1.386e-04 	8.277e-13 	3.342e-04 	2.640e-17 	1.486e-13 
0.87435 	1.34912 	1.398e-04 	9.004e-09 	1.386e-04 	9.183e-13 	3.342e-04 	2.966e-17 	1.583e-13 
0.89445 	1.38014 	1.398e-04 	9.911e-09 	1.386e-04 	1.018e-12 	3.342e-04 	3.330e-17 	1.687e-13 
0.91455 	1.41115 	1.398e-04 	1.091e-08 	1.386e-04 	1.128e-12 	3.343e-04 	3.736e-17 	1.796e-13 
0.93465 	1.44216 	1.398e-04 	1.201e-08 	1.387e-04 	1.248e-12 	3.344e-04 	4.191e-17 	1.912e-13 
0.95475 	1.47318 	1.398e-04 	1.321e-08 	1.387e-04 	1.380e-12 	3.345e-04 	4.699e-17 	2.035e-13 
0.97485 	1.50419 	1.398e-04 	1.454e-08 	1.388e-04 	1.525e-12 	3.346e-04 	5.267e-17 	2.165e-13 
0.99495 	1.53521 	1.398e-04 	1.600e-08 	1.388e-04 	1.684e-12 	3.347e-04 	5.901e-17 	2.303e-13 
1.01505 	1.56622 	1.398e-04 	1.761e-08 	1.389e-04 	1.858e-12 	3.348e-04 	6.608e-17 	2.448e-13 
1.03515 	1.59724 	1.399e-04 	1.937e-08 	1.389e-04 	2.049e-12 	3.350e-04 	7.399e-17 	2.602e-13 
1.05525 	1.62825 	1.399e-04 	2.132e-08 	1.390e-04 	2.258e-12 	3.351e-04 	8.281e-17 	2.765e-13 
1.07535 	1.65927 	1.399e-04 	2.345e-08 	1.391e-04 	2.488e-12 	3.353e-04 	9.265e-17 	2.937e-13 
1.09545 	1.69028 	1.400e-04 	2.580e-08 	1.391e-04 	2.739e-12 	3.355e-04 	1.036e-16 	3.119e-13 
1.11555 	1.72129 	1.400e-04 	2.838e-08 	1.392e-04 	3.014e-12 	3.357e-04 	1.159e-16 	3.311e-13 
1.13565 	1.75231 	1.401e-04 	3.121e-08 	1.393e-04 	3.315e-12 	3.358e-04 	1.296e-16 	3.515e-13 
1.15575 	1.78332 	1.401e-04 	3.433e-08 	1.393e-04 	3.645e-12 	3.360e-04 	1.448e-16 	3.730e-13 
1.17585 	1.81434 	1.402e-04 	3.775e-08 	1.394e-04 	4.006e-12 	3.362e-04 	1.618e-16 	3.957e-13 
1.19595 	1.84535 	1.402e-04 	4.152e-08 	1.395e-04 	4.400e-12 	3.365e-04 	1.808e-16 	4.197e-13 
1.21605 	1.87637 	1.403e-04 	4.565e-08 	1.396e-04 	4.832e-12 	3.367e-04 	2.019e-16 	4.450e-13 
1.23615 	1.90738 	1.404e-04 	5.020e-08 	1.397e-04 	5.304e-12 	3.369e-04 	2.255e-16 	4.718e-13 
1.25625 	1.93839 	1.404e-04 	5.519e-08 	1.398e-04 	5.819e-12 	3.371e-04 	2.518e-16 	5.001e-13 
1.27635 	1.96941 	1.405e-04 	6.067e-08 	1.398e-04 	6.382e-12 	3.373e-04 	2.811e-16 	5.299e-13 
1.29645 	2.00042 	1.405e-04 	6.670e-08 	1.399e-04 	6.998e-12 	3.375e-04 	3.138e-16 	5.614e-13 
1.31655 	2.03144 	1.406e-04 	7.331e-08 	1.400e-04 	7.669e-12 	3.377e-04 	3.503e-16 	5.947e-13 
1.33665 	2.06245 	1.407e-04 	8.058e-08 	1.401e-04 	8.403e-12 	3.379e-04 	3.909e-16 	6.299e-13 
1.35675 	2.09347 	1.407e-04 	8.857e-08 	1.402e-04 	9.203e-12 	3.382e-04 	4.361e-16 	6.670e-13 
1.37685 	2.12448 	1.408e-04 	9.734e-08 	1.402e-04 	1.008e-11 	3.384e-04 	4.866e-16 	7.062e-13 
1.39695 	2.15549 	1.409e-04 	1.070e-07 	1.403e-04 	1.103e-11 	3.386e-04 	5.428e-16 	7.475e-13 
1.41705 	2.18651 	1.409e-04 	1.175e-07 	1.404e-04 	1.207e-11 	3.388e-04 	6.055e-16 	7.911e-13 
1.43715 	2.21752 	1.410e-04 	1.292e-07 	1.405e-04 	1.320e-11 	3.390e-04 	6.753e-16 	8.372e-13 
1.45725 	2.24854 	1.411e-04 	1.419e-07 	1.405e-04 	1.444e-11 	3.392e-04 	7.532e-16 	8.858e-13 
1.47735 	2.27955 	1.411e-04 	1.559e-07 	1.406e-04 	1.578e-11 	3.394e-04 	8.399e-16 	9.371e-13 
1.49745 	2.31057 	1.412e-04 	1.713e-07 	1.407e-04 	1.725e-11 	3.396e-04 	9.366e-16 	9.912e-13 
1.51755 	2.34158 	1.412e-04 	1.881e-07 	1.407e-04 	1.884e-11 	3.398e-04 	1.044e-15 	1.048e-12 
1.53765 	2.37259 	1.413e-04 	2.066e-07 	1.408e-04 	2.058e-11 	3.400e-04 	1.164e-15 	1.109e-12 
1.55775 	2.40361 	1.413e-04 	2.270e-07 	1.409e-04 	2.248e-11 	3.402e-04 	1.298e-15 	1.172e-12 
1.57785 	2.43462 	1.414e-04 	2.493e-07 	1.409e-04 	2.454e-11 	3.403e-04 	1.447e-15 	1.239e-12 
1.59795 	2.46564 	1.414e-04 	2.738e-07 	1.410e-04 	2.679e-11 	3.405e-04 	1.614e-15 	1.310e-12 
1.61805 	2.49665 	1.414e-04 	3.006e-07 	1.410e-04 	2.923e-11 	3.407e-04 	1.799e-15 	1.385e-12 
1.63815 	2.52767 	1.415e-04 	3.301e-07 	1.410e-04 	3.189e-11 	3.409e-04 	2.005e-15 	1.463e-12 
1.65825 	2.55868 	1.415e-04 	3.624e-07 	1.411e-04 	3.478e-11 	3.410e-04 	2.235e-15 	1.547e-12 
1.67835 	2.58969 	1.415e-04 	3.979e-07 	1.411e-04 	3.793e-11 	3.412e-04 	2.492e-15 	1.634e-12 
1.69845 	2.62071 	1.415e-04 	4.368e-07 	1.411e-04 	4.135e-11 	3.413e-04 	2.778e-15 	1.727e-12 
1.71855 	2.65172 	1.415e-04 	4.795e-07 	1.412e-04 	4.508e-11 	3.415e-04 	3.096e-15 	1.825e-12 
1.73865 	2.68274 	1.415e-04 	5.263e-07 	1.412e-04 	4.913e-11 	3.416e-04 	3.451e-15 	1.928e-12 
1.75875 	2.71375 	1.416e-04 	5.776e-07 	1.412e-04 	5.353e-11 	3.418e-04 	3.847e-15 	2.037e-12 
1.77885 	2.74477 	1.415e-04 	6.339e-07 	1.412e-04 	5.833e-11 	3.419e-04 	4.288e-15 	2.151e-12 
1.79895 	2.77578 	1.415e-04 	6.956e-07 	1.412e-04 	6.354e-11 	3.420e-04 	4.780e-15 	2.273e-12 
1.81905 	2.80679 	1.415e-04 	7.632e-07 	1.412e-04 	6.920e-11 	3.422e-04 	5.329e-15 	2.401e-12 
1.83915 	2.83781 	1.415e-04 	8.373e-07 	1.411e-04 	7.537e-11 	3.423e-04 	5.940e-15 	2.536e-12 
1.85925 	2.86882 	1.414e-04 	9.185e-07 	1.411e-04 	8.207e-11 	3.424e-04 	6.621e-15 	2.678e-12 
1.87935 	2.89984 	1.414e-04 	1.007e-06 	1.411e-04 	8.936e-11 	3.425e-04 	7.381e-15 	2.829e-12 
1.89945 	2.93085 	1.413e-04 	1.105e-06 	1.410e-04 	9.729e-11 	3.426e-04 	8.229e-15 	2.988e-12 
1.91955 	2.96187 	1.413e-04 	1.211e-06 	1.409e-04 	1.059e-10 	3.427e-04 	9.174e-15 	3.156e-12 
1.93965 	2.99288 	1.412e-04 	1.328e-06 	1.409e-04 	1.153e-10 	3.428e-04 	1.023e-14 	3.334e-12 
1.95975 	3.02389 	1.411e-04 	1.456e-06 	1.408e-04 	1.255e-10 	3.429e-04 	1.140e-14 	3.522e-12 
1.97985 	3.05491 	1.410e-04 	1.596e-06 	1.407e-04 	1.366e-10 	3.430e-04 	1.272e-14 	3.720e-12 
1.99995 	3.08592 	1.409e-04 	1.748e-06 	1.406e-04 	1.487e-10 	3.431e-04 	1.418e-14 	3.930e-12 
