n = 6.0e+02, Tgas =  35.0, Tdust =  35.0, Go =  10.0
pc 	Av 	e- 	C 	C+ 	CO 	O 	O2 	H2O 
0.01005 	0.00930 	1.435e-04 	9.067e-08 	1.430e-04 	8.877e-11 	3.450e-04 	2.226e-13 	2.460e-11 
0.03015 	0.02791 	1.435e-04 	9.588e-08 	1.430e-04 	9.421e-11 	3.450e-04 	2.373e-13 	2.537e-11 
0.05025 	0.04652 	1.435e-04 	1.014e-07 	1.430e-04 	9.999e-11 	3.451e-04 	2.530e-13 	2.617e-11 
0.07035 	0.06513 	1.435e-04 	1.072e-07 	1.430e-04 	1.061e-10 	3.451e-04 	2.696e-13 	2.700e-11 
0.09045 	0.08374 	1.435e-04 	1.134e-07 	1.430e-04 	1.127e-10 	3.451e-04 	2.874e-13 	2.785e-11 
0.11055 	0.10235 	1.435e-04 	1.199e-07 	1.430e-04 	1.196e-10 	3.451e-04 	3.063e-13 	2.873e-11 
0.13065 	0.12096 	1.435e-04 	1.267e-07 	1.430e-04 	1.270e-10 	3.451e-04 	3.265e-13 	2.963e-11 
0.15075 	0.13956 	1.435e-04 	1.340e-07 	1.430e-04 	1.349e-10 	3.451e-04 	3.479e-13 	3.057e-11 
0.17085 	0.15817 	1.435e-04 	1.417e-07 	1.430e-04 	1.433e-10 	3.452e-04 	3.708e-13 	3.153e-11 
0.19095 	0.17678 	1.435e-04 	1.498e-07 	1.430e-04 	1.522e-10 	3.452e-04 	3.952e-13 	3.252e-11 
0.21105 	0.19539 	1.435e-04 	1.584e-07 	1.430e-04 	1.616e-10 	3.452e-04 	4.211e-13 	3.355e-11 
0.23115 	0.21400 	1.435e-04 	1.675e-07 	1.430e-04 	1.717e-10 	3.452e-04 	4.488e-13 	3.460e-11 
0.25125 	0.23261 	1.435e-04 	1.771e-07 	1.430e-04 	1.825e-10 	3.452e-04 	4.782e-13 	3.569e-11 
0.27135 	0.25122 	1.435e-04 	1.873e-07 	1.430e-04 	1.939e-10 	3.452e-04 	5.096e-13 	3.681e-11 
0.29145 	0.26982 	1.435e-04 	1.980e-07 	1.430e-04 	2.061e-10 	3.452e-04 	5.430e-13 	3.797e-11 
0.31155 	0.28843 	1.435e-04 	2.094e-07 	1.430e-04 	2.190e-10 	3.452e-04 	5.786e-13 	3.917e-11 
0.33165 	0.30704 	1.435e-04 	2.213e-07 	1.430e-04 	2.329e-10 	3.453e-04 	6.164e-13 	4.040e-11 
0.35175 	0.32565 	1.434e-04 	2.340e-07 	1.430e-04 	2.476e-10 	3.453e-04 	6.568e-13 	4.167e-11 
0.37185 	0.34426 	1.434e-04 	2.474e-07 	1.430e-04 	2.632e-10 	3.453e-04 	6.997e-13 	4.298e-11 
0.39195 	0.36287 	1.434e-04 	2.616e-07 	1.429e-04 	2.799e-10 	3.453e-04 	7.454e-13 	4.433e-11 
0.41205 	0.38148 	1.434e-04 	2.766e-07 	1.429e-04 	2.977e-10 	3.453e-04 	7.941e-13 	4.572e-11 
0.43215 	0.40008 	1.434e-04 	2.924e-07 	1.429e-04 	3.166e-10 	3.453e-04 	8.459e-13 	4.715e-11 
0.45225 	0.41869 	1.434e-04 	3.092e-07 	1.429e-04 	3.368e-10 	3.453e-04 	9.010e-13 	4.863e-11 
0.47235 	0.43730 	1.434e-04 	3.268e-07 	1.429e-04 	3.583e-10 	3.453e-04 	9.597e-13 	5.015e-11 
0.49245 	0.45591 	1.434e-04 	3.455e-07 	1.429e-04 	3.812e-10 	3.453e-04 	1.022e-12 	5.173e-11 
0.51255 	0.47452 	1.433e-04 	3.653e-07 	1.429e-04 	4.056e-10 	3.453e-04 	1.089e-12 	5.335e-11 
0.53265 	0.49313 	1.433e-04 	3.862e-07 	1.428e-04 	4.316e-10 	3.454e-04 	1.159e-12 	5.501e-11 
0.55275 	0.51174 	1.433e-04 	4.082e-07 	1.428e-04 	4.594e-10 	3.454e-04 	1.235e-12 	5.674e-11 
0.57285 	0.53034 	1.433e-04 	4.316e-07 	1.428e-04 	4.889e-10 	3.454e-04 	1.315e-12 	5.851e-11 
0.59295 	0.54895 	1.433e-04 	4.562e-07 	1.428e-04 	5.205e-10 	3.454e-04 	1.400e-12 	6.034e-11 
0.61305 	0.56756 	1.432e-04 	4.823e-07 	1.428e-04 	5.541e-10 	3.454e-04 	1.490e-12 	6.222e-11 
0.63315 	0.58617 	1.432e-04 	5.098e-07 	1.427e-04 	5.900e-10 	3.454e-04 	1.587e-12 	6.416e-11 
0.65325 	0.60478 	1.432e-04 	5.389e-07 	1.427e-04 	6.282e-10 	3.454e-04 	1.689e-12 	6.617e-11 
0.67335 	0.62339 	1.432e-04 	5.696e-07 	1.427e-04 	6.690e-10 	3.454e-04 	1.798e-12 	6.823e-11 
0.69345 	0.64200 	1.431e-04 	6.021e-07 	1.427e-04 	7.125e-10 	3.454e-04 	1.914e-12 	7.036e-11 
0.71355 	0.66060 	1.431e-04 	6.364e-07 	1.426e-04 	7.588e-10 	3.454e-04 	2.037e-12 	7.255e-11 
0.73365 	0.67921 	1.431e-04 	6.726e-07 	1.426e-04 	8.083e-10 	3.454e-04 	2.168e-12 	7.480e-11 
0.75375 	0.69782 	1.430e-04 	7.109e-07 	1.426e-04 	8.611e-10 	3.454e-04 	2.308e-12 	7.713e-11 
0.77385 	0.71643 	1.430e-04 	7.514e-07 	1.425e-04 	9.174e-10 	3.454e-04 	2.456e-12 	7.953e-11 
0.79395 	0.73504 	1.429e-04 	7.941e-07 	1.425e-04 	9.775e-10 	3.455e-04 	2.613e-12 	8.200e-11 
0.81405 	0.75365 	1.429e-04 	8.393e-07 	1.424e-04 	1.042e-09 	3.455e-04 	2.780e-12 	8.455e-11 
0.83415 	0.77226 	1.429e-04 	8.869e-07 	1.424e-04 	1.110e-09 	3.455e-04 	2.958e-12 	8.717e-11 
0.85425 	0.79086 	1.428e-04 	9.373e-07 	1.423e-04 	1.183e-09 	3.455e-04 	3.147e-12 	8.987e-11 
0.87435 	0.80947 	1.428e-04 	9.904e-07 	1.423e-04 	1.261e-09 	3.455e-04 	3.347e-12 	9.266e-11 
0.89445 	0.82808 	1.427e-04 	1.047e-06 	1.422e-04 	1.344e-09 	3.455e-04 	3.560e-12 	9.552e-11 
0.91455 	0.84669 	1.426e-04 	1.106e-06 	1.422e-04 	1.433e-09 	3.455e-04 	3.786e-12 	9.848e-11 
0.93465 	0.86530 	1.426e-04 	1.168e-06 	1.421e-04 	1.527e-09 	3.455e-04 	4.027e-12 	1.015e-10 
0.95475 	0.88391 	1.425e-04 	1.235e-06 	1.421e-04 	1.628e-09 	3.455e-04 	4.282e-12 	1.047e-10 
0.97485 	0.90252 	1.424e-04 	1.304e-06 	1.420e-04 	1.736e-09 	3.455e-04 	4.553e-12 	1.079e-10 
0.99495 	0.92112 	1.424e-04 	1.378e-06 	1.419e-04 	1.851e-09 	3.455e-04 	4.840e-12 	1.112e-10 
1.01505 	0.93973 	1.423e-04 	1.456e-06 	1.418e-04 	1.974e-09 	3.455e-04 	5.146e-12 	1.147e-10 
1.03515 	0.95834 	1.422e-04 	1.538e-06 	1.418e-04 	2.105e-09 	3.455e-04 	5.470e-12 	1.182e-10 
1.05525 	0.97695 	1.421e-04 	1.624e-06 	1.417e-04 	2.245e-09 	3.455e-04 	5.814e-12 	1.218e-10 
1.07535 	0.99556 	1.420e-04 	1.715e-06 	1.416e-04 	2.394e-09 	3.455e-04 	6.179e-12 	1.256e-10 
1.09545 	1.01417 	1.420e-04 	1.812e-06 	1.415e-04 	2.554e-09 	3.456e-04 	6.566e-12 	1.295e-10 
1.11555 	1.03278 	1.419e-04 	1.913e-06 	1.414e-04 	2.724e-09 	3.456e-04 	6.977e-12 	1.334e-10 
1.13565 	1.05138 	1.417e-04 	2.020e-06 	1.413e-04 	2.905e-09 	3.456e-04 	7.412e-12 	1.375e-10 
1.15575 	1.06999 	1.416e-04 	2.133e-06 	1.412e-04 	3.099e-09 	3.456e-04 	7.875e-12 	1.418e-10 
1.17585 	1.08860 	1.415e-04 	2.252e-06 	1.411e-04 	3.306e-09 	3.456e-04 	8.365e-12 	1.461e-10 
1.19595 	1.10721 	1.414e-04 	2.378e-06 	1.409e-04 	3.527e-09 	3.456e-04 	8.885e-12 	1.506e-10 
1.21605 	1.12582 	1.413e-04 	2.510e-06 	1.408e-04 	3.763e-09 	3.456e-04 	9.436e-12 	1.552e-10 
1.23615 	1.14443 	1.411e-04 	2.650e-06 	1.407e-04 	4.014e-09 	3.456e-04 	1.002e-11 	1.600e-10 
1.25625 	1.16304 	1.410e-04 	2.797e-06 	1.405e-04 	4.282e-09 	3.456e-04 	1.064e-11 	1.649e-10 
1.27635 	1.18164 	1.408e-04 	2.951e-06 	1.404e-04 	4.569e-09 	3.456e-04 	1.130e-11 	1.700e-10 
1.29645 	1.20025 	1.407e-04 	3.114e-06 	1.402e-04 	4.875e-09 	3.456e-04 	1.199e-11 	1.752e-10 
1.31655 	1.21886 	1.405e-04 	3.286e-06 	1.400e-04 	5.201e-09 	3.456e-04 	1.273e-11 	1.806e-10 
1.33665 	1.23747 	1.403e-04 	3.467e-06 	1.399e-04 	5.549e-09 	3.456e-04 	1.351e-11 	1.861e-10 
1.35675 	1.25608 	1.401e-04 	3.657e-06 	1.397e-04 	5.920e-09 	3.456e-04 	1.434e-11 	1.918e-10 
1.37685 	1.27469 	1.399e-04 	3.857e-06 	1.395e-04 	6.317e-09 	3.457e-04 	1.521e-11 	1.977e-10 
1.39695 	1.29330 	1.397e-04 	4.067e-06 	1.393e-04 	6.739e-09 	3.457e-04 	1.614e-11 	2.038e-10 
1.41705 	1.31190 	1.395e-04 	4.289e-06 	1.391e-04 	7.190e-09 	3.457e-04 	1.713e-11 	2.100e-10 
1.43715 	1.33051 	1.393e-04 	4.521e-06 	1.388e-04 	7.671e-09 	3.457e-04 	1.817e-11 	2.165e-10 
1.45725 	1.34912 	1.390e-04 	4.766e-06 	1.386e-04 	8.184e-09 	3.457e-04 	1.927e-11 	2.232e-10 
1.47735 	1.36773 	1.388e-04 	5.023e-06 	1.383e-04 	8.732e-09 	3.457e-04 	2.044e-11 	2.300e-10 
1.49745 	1.38634 	1.385e-04 	5.293e-06 	1.381e-04 	9.315e-09 	3.457e-04 	2.168e-11 	2.371e-10 
1.51755 	1.40495 	1.382e-04 	5.576e-06 	1.378e-04 	9.937e-09 	3.457e-04 	2.299e-11 	2.444e-10 
1.53765 	1.42356 	1.379e-04 	5.873e-06 	1.375e-04 	1.060e-08 	3.457e-04 	2.438e-11 	2.520e-10 
1.55775 	1.44216 	1.376e-04 	6.185e-06 	1.372e-04 	1.131e-08 	3.457e-04 	2.585e-11 	2.598e-10 
1.57785 	1.46077 	1.373e-04 	6.513e-06 	1.369e-04 	1.206e-08 	3.457e-04 	2.740e-11 	2.678e-10 
1.59795 	1.47938 	1.370e-04 	6.856e-06 	1.365e-04 	1.287e-08 	3.458e-04 	2.905e-11 	2.761e-10 
1.61805 	1.49799 	1.366e-04 	7.215e-06 	1.362e-04 	1.372e-08 	3.458e-04 	3.080e-11 	2.847e-10 
1.63815 	1.51660 	1.362e-04 	7.592e-06 	1.358e-04 	1.463e-08 	3.458e-04 	3.264e-11 	2.936e-10 
1.65825 	1.53521 	1.359e-04 	7.986e-06 	1.354e-04 	1.561e-08 	3.458e-04 	3.460e-11 	3.027e-10 
1.67835 	1.55382 	1.354e-04 	8.399e-06 	1.350e-04 	1.664e-08 	3.458e-04 	3.667e-11 	3.122e-10 
1.69845 	1.57243 	1.350e-04 	8.830e-06 	1.346e-04 	1.774e-08 	3.458e-04 	3.887e-11 	3.220e-10 
1.71855 	1.59103 	1.346e-04 	9.281e-06 	1.341e-04 	1.892e-08 	3.458e-04 	4.119e-11 	3.321e-10 
1.73865 	1.60964 	1.341e-04 	9.753e-06 	1.337e-04 	2.016e-08 	3.459e-04 	4.365e-11 	3.426e-10 
1.75875 	1.62825 	1.336e-04 	1.024e-05 	1.332e-04 	2.149e-08 	3.459e-04 	4.626e-11 	3.535e-10 
1.77885 	1.64686 	1.331e-04 	1.076e-05 	1.327e-04 	2.291e-08 	3.459e-04 	4.902e-11 	3.647e-10 
1.79895 	1.66547 	1.326e-04 	1.129e-05 	1.321e-04 	2.441e-08 	3.459e-04 	5.195e-11 	3.763e-10 
1.81905 	1.68408 	1.320e-04 	1.185e-05 	1.316e-04 	2.602e-08 	3.459e-04 	5.505e-11 	3.884e-10 
1.83915 	1.70269 	1.315e-04 	1.243e-05 	1.310e-04 	2.772e-08 	3.459e-04 	5.834e-11 	4.009e-10 
1.85925 	1.72129 	1.309e-04 	1.304e-05 	1.304e-04 	2.953e-08 	3.460e-04 	6.182e-11 	4.139e-10 
1.87935 	1.73990 	1.302e-04 	1.367e-05 	1.298e-04 	3.145e-08 	3.460e-04 	6.552e-11 	4.273e-10 
1.89945 	1.75851 	1.296e-04 	1.433e-05 	1.291e-04 	3.350e-08 	3.460e-04 	6.944e-11 	4.412e-10 
1.91955 	1.77712 	1.289e-04 	1.501e-05 	1.285e-04 	3.567e-08 	3.460e-04 	7.359e-11 	4.557e-10 
1.93965 	1.79573 	1.282e-04 	1.571e-05 	1.278e-04 	3.798e-08 	3.460e-04 	7.800e-11 	4.707e-10 
1.95975 	1.81434 	1.275e-04 	1.645e-05 	1.270e-04 	4.043e-08 	3.461e-04 	8.268e-11 	4.864e-10 
1.97985 	1.83295 	1.267e-04 	1.721e-05 	1.263e-04 	4.303e-08 	3.461e-04 	8.765e-11 	5.026e-10 
1.99995 	1.85155 	1.260e-04 	1.799e-05 	1.255e-04 	4.579e-08 	3.461e-04 	9.293e-11 	5.195e-10 
