n = 1.0e+03, Tgas =  38.5, Tdust =  38.5, Go =  10.0
pc 	Av 	e- 	C 	C+ 	CO 	O 	O2 	H2O 
0.01005 	0.01551 	1.436e-04 	1.468e-07 	1.434e-04 	2.020e-10 	3.460e-04 	4.144e-13 	2.643e-11 
0.03015 	0.04652 	1.436e-04 	1.611e-07 	1.434e-04 	2.237e-10 	3.460e-04 	4.603e-13 	2.782e-11 
0.05025 	0.07754 	1.436e-04 	1.767e-07 	1.433e-04 	2.479e-10 	3.461e-04 	5.112e-13 	2.928e-11 
0.07035 	0.10855 	1.436e-04 	1.940e-07 	1.433e-04 	2.747e-10 	3.461e-04 	5.677e-13 	3.081e-11 
0.09045 	0.13956 	1.436e-04 	2.128e-07 	1.433e-04 	3.046e-10 	3.461e-04 	6.304e-13 	3.242e-11 
0.11055 	0.17058 	1.436e-04 	2.335e-07 	1.433e-04 	3.377e-10 	3.461e-04 	7.000e-13 	3.412e-11 
0.13065 	0.20159 	1.436e-04 	2.562e-07 	1.433e-04 	3.746e-10 	3.461e-04 	7.771e-13 	3.590e-11 
0.15075 	0.23261 	1.436e-04 	2.812e-07 	1.433e-04 	4.157e-10 	3.461e-04 	8.625e-13 	3.777e-11 
0.17085 	0.26362 	1.435e-04 	3.085e-07 	1.433e-04 	4.613e-10 	3.462e-04 	9.572e-13 	3.975e-11 
0.19095 	0.29464 	1.435e-04 	3.385e-07 	1.432e-04 	5.121e-10 	3.462e-04 	1.062e-12 	4.182e-11 
0.21105 	0.32565 	1.435e-04 	3.713e-07 	1.432e-04 	5.687e-10 	3.462e-04 	1.178e-12 	4.399e-11 
0.23115 	0.35666 	1.434e-04 	4.074e-07 	1.432e-04 	6.316e-10 	3.462e-04 	1.307e-12 	4.628e-11 
0.25125 	0.38768 	1.434e-04 	4.469e-07 	1.431e-04 	7.017e-10 	3.462e-04 	1.450e-12 	4.869e-11 
0.27135 	0.41869 	1.434e-04 	4.902e-07 	1.431e-04 	7.798e-10 	3.462e-04 	1.607e-12 	5.121e-11 
0.29145 	0.44971 	1.433e-04 	5.377e-07 	1.430e-04 	8.667e-10 	3.462e-04 	1.782e-12 	5.387e-11 
0.31155 	0.48072 	1.433e-04 	5.898e-07 	1.430e-04 	9.636e-10 	3.462e-04 	1.974e-12 	5.666e-11 
0.33165 	0.51174 	1.432e-04 	6.468e-07 	1.429e-04 	1.072e-09 	3.462e-04 	2.188e-12 	5.958e-11 
0.35175 	0.54275 	1.432e-04 	7.094e-07 	1.429e-04 	1.192e-09 	3.462e-04 	2.423e-12 	6.266e-11 
0.37185 	0.57376 	1.431e-04 	7.779e-07 	1.428e-04 	1.326e-09 	3.463e-04 	2.684e-12 	6.589e-11 
0.39195 	0.60478 	1.430e-04 	8.530e-07 	1.428e-04 	1.475e-09 	3.463e-04 	2.971e-12 	6.928e-11 
0.41205 	0.63579 	1.429e-04 	9.352e-07 	1.427e-04 	1.642e-09 	3.463e-04 	3.289e-12 	7.284e-11 
0.43215 	0.66681 	1.429e-04 	1.025e-06 	1.426e-04 	1.827e-09 	3.463e-04 	3.639e-12 	7.657e-11 
0.45225 	0.69782 	1.428e-04 	1.124e-06 	1.425e-04 	2.034e-09 	3.463e-04 	4.026e-12 	8.049e-11 
0.47235 	0.72884 	1.427e-04 	1.232e-06 	1.424e-04 	2.265e-09 	3.463e-04 	4.452e-12 	8.461e-11 
0.49245 	0.75985 	1.425e-04 	1.350e-06 	1.423e-04 	2.522e-09 	3.463e-04 	4.921e-12 	8.892e-11 
0.51255 	0.79086 	1.424e-04 	1.479e-06 	1.421e-04 	2.809e-09 	3.463e-04 	5.439e-12 	9.345e-11 
0.53265 	0.82188 	1.423e-04 	1.621e-06 	1.420e-04 	3.128e-09 	3.463e-04 	6.008e-12 	9.820e-11 
0.55275 	0.85289 	1.421e-04 	1.775e-06 	1.419e-04 	3.485e-09 	3.463e-04 	6.635e-12 	1.032e-10 
0.57285 	0.88391 	1.420e-04 	1.944e-06 	1.417e-04 	3.882e-09 	3.463e-04 	7.325e-12 	1.084e-10 
0.59295 	0.91492 	1.418e-04 	2.129e-06 	1.415e-04 	4.325e-09 	3.464e-04 	8.084e-12 	1.139e-10 
0.61305 	0.94594 	1.416e-04 	2.330e-06 	1.413e-04 	4.819e-09 	3.464e-04 	8.918e-12 	1.197e-10 
0.63315 	0.97695 	1.414e-04 	2.550e-06 	1.411e-04 	5.369e-09 	3.464e-04 	9.835e-12 	1.257e-10 
0.65325 	1.00796 	1.411e-04 	2.791e-06 	1.409e-04 	5.983e-09 	3.464e-04 	1.084e-11 	1.320e-10 
0.67335 	1.03898 	1.409e-04 	3.053e-06 	1.406e-04 	6.666e-09 	3.464e-04 	1.195e-11 	1.387e-10 
0.69345 	1.06999 	1.406e-04 	3.338e-06 	1.403e-04 	7.428e-09 	3.464e-04 	1.316e-11 	1.456e-10 
0.71355 	1.10101 	1.403e-04 	3.649e-06 	1.400e-04 	8.277e-09 	3.464e-04 	1.449e-11 	1.529e-10 
0.73365 	1.13202 	1.399e-04 	3.988e-06 	1.397e-04 	9.222e-09 	3.464e-04 	1.595e-11 	1.606e-10 
0.75375 	1.16304 	1.396e-04 	4.356e-06 	1.393e-04 	1.027e-08 	3.464e-04 	1.755e-11 	1.687e-10 
0.77385 	1.19405 	1.392e-04 	4.756e-06 	1.389e-04 	1.145e-08 	3.465e-04 	1.930e-11 	1.771e-10 
0.79395 	1.22506 	1.387e-04 	5.191e-06 	1.385e-04 	1.275e-08 	3.465e-04 	2.122e-11 	1.860e-10 
0.81405 	1.25608 	1.383e-04 	5.663e-06 	1.380e-04 	1.420e-08 	3.465e-04 	2.332e-11 	1.954e-10 
0.83415 	1.28709 	1.378e-04 	6.174e-06 	1.375e-04 	1.582e-08 	3.465e-04 	2.562e-11 	2.052e-10 
0.85425 	1.31811 	1.372e-04 	6.727e-06 	1.370e-04 	1.761e-08 	3.465e-04 	2.814e-11 	2.155e-10 
0.87435 	1.34912 	1.366e-04 	7.326e-06 	1.364e-04 	1.960e-08 	3.465e-04 	3.090e-11 	2.264e-10 
0.89445 	1.38014 	1.360e-04 	7.972e-06 	1.357e-04 	2.182e-08 	3.466e-04 	3.393e-11 	2.378e-10 
0.91455 	1.41115 	1.353e-04 	8.670e-06 	1.350e-04 	2.428e-08 	3.466e-04 	3.724e-11 	2.499e-10 
0.93465 	1.44216 	1.345e-04 	9.421e-06 	1.343e-04 	2.701e-08 	3.466e-04 	4.086e-11 	2.626e-10 
0.95475 	1.47318 	1.337e-04 	1.023e-05 	1.335e-04 	3.003e-08 	3.466e-04 	4.483e-11 	2.761e-10 
0.97485 	1.50419 	1.329e-04 	1.110e-05 	1.326e-04 	3.338e-08 	3.467e-04 	4.918e-11 	2.902e-10 
0.99495 	1.53521 	1.320e-04 	1.203e-05 	1.317e-04 	3.710e-08 	3.467e-04 	5.394e-11 	3.053e-10 
1.01505 	1.56622 	1.310e-04 	1.302e-05 	1.307e-04 	4.121e-08 	3.467e-04 	5.916e-11 	3.212e-10 
1.03515 	1.59724 	1.299e-04 	1.409e-05 	1.297e-04 	4.576e-08 	3.467e-04 	6.489e-11 	3.380e-10 
1.05525 	1.62825 	1.288e-04 	1.522e-05 	1.285e-04 	5.079e-08 	3.468e-04 	7.118e-11 	3.559e-10 
1.07535 	1.65927 	1.276e-04 	1.643e-05 	1.273e-04 	5.634e-08 	3.468e-04 	7.809e-11 	3.749e-10 
1.09545 	1.69028 	1.263e-04 	1.771e-05 	1.261e-04 	6.246e-08 	3.468e-04 	8.568e-11 	3.951e-10 
1.11555 	1.72129 	1.250e-04 	1.907e-05 	1.247e-04 	6.922e-08 	3.469e-04 	9.404e-11 	4.167e-10 
1.13565 	1.75231 	1.236e-04 	2.050e-05 	1.233e-04 	7.665e-08 	3.469e-04 	1.032e-10 	4.397e-10 
1.15575 	1.78332 	1.220e-04 	2.202e-05 	1.218e-04 	8.484e-08 	3.470e-04 	1.134e-10 	4.643e-10 
1.17585 	1.81434 	1.205e-04 	2.361e-05 	1.202e-04 	9.384e-08 	3.470e-04 	1.246e-10 	4.905e-10 
1.19595 	1.84535 	1.188e-04 	2.528e-05 	1.185e-04 	1.037e-07 	3.470e-04 	1.369e-10 	5.187e-10 
1.21605 	1.87637 	1.171e-04 	2.702e-05 	1.168e-04 	1.146e-07 	3.471e-04 	1.506e-10 	5.489e-10 
1.23615 	1.90738 	1.153e-04 	2.885e-05 	1.150e-04 	1.265e-07 	3.471e-04 	1.657e-10 	5.813e-10 
1.25625 	1.93839 	1.134e-04 	3.075e-05 	1.131e-04 	1.395e-07 	3.472e-04 	1.825e-10 	6.162e-10 
1.27635 	1.96941 	1.114e-04 	3.272e-05 	1.111e-04 	1.537e-07 	3.472e-04 	2.011e-10 	6.538e-10 
1.29645 	2.00042 	1.094e-04 	3.476e-05 	1.091e-04 	1.693e-07 	3.473e-04 	2.217e-10 	6.943e-10 
1.31655 	2.03144 	1.073e-04 	3.687e-05 	1.070e-04 	1.862e-07 	3.473e-04 	2.447e-10 	7.380e-10 
1.33665 	2.06245 	1.051e-04 	3.904e-05 	1.048e-04 	2.048e-07 	3.474e-04 	2.704e-10 	7.853e-10 
1.35675 	2.09347 	1.029e-04 	4.127e-05 	1.026e-04 	2.249e-07 	3.474e-04 	2.989e-10 	8.364e-10 
1.37685 	2.12448 	1.006e-04 	4.356e-05 	1.004e-04 	2.468e-07 	3.475e-04 	3.308e-10 	8.919e-10 
1.39695 	2.15549 	9.829e-05 	4.589e-05 	9.802e-05 	2.706e-07 	3.475e-04 	3.665e-10 	9.519e-10 
1.41705 	2.18651 	9.592e-05 	4.827e-05 	9.565e-05 	2.965e-07 	3.476e-04 	4.063e-10 	1.017e-09 
1.43715 	2.21752 	9.351e-05 	5.068e-05 	9.324e-05 	3.245e-07 	3.476e-04 	4.510e-10 	1.088e-09 
1.45725 	2.24854 	9.107e-05 	5.312e-05 	9.080e-05 	3.548e-07 	3.477e-04 	5.011e-10 	1.165e-09 
1.47735 	2.27955 	8.859e-05 	5.560e-05 	8.833e-05 	3.876e-07 	3.477e-04 	5.573e-10 	1.249e-09 
1.49745 	2.31057 	8.610e-05 	5.809e-05 	8.583e-05 	4.231e-07 	3.478e-04 	6.205e-10 	1.340e-09 
1.51755 	2.34158 	8.359e-05 	6.059e-05 	8.332e-05 	4.614e-07 	3.478e-04 	6.916e-10 	1.440e-09 
1.53765 	2.37259 	8.107e-05 	6.310e-05 	8.080e-05 	5.026e-07 	3.479e-04 	7.715e-10 	1.548e-09 
1.55775 	2.40361 	7.855e-05 	6.562e-05 	7.828e-05 	5.471e-07 	3.479e-04 	8.616e-10 	1.666e-09 
1.57785 	2.43462 	7.602e-05 	6.813e-05 	7.576e-05 	5.949e-07 	3.479e-04 	9.630e-10 	1.796e-09 
1.59795 	2.46564 	7.351e-05 	7.062e-05 	7.324e-05 	6.464e-07 	3.480e-04 	1.078e-09 	1.937e-09 
1.61805 	2.49665 	7.100e-05 	7.311e-05 	7.074e-05 	7.016e-07 	3.480e-04 	1.207e-09 	2.091e-09 
1.63815 	2.52767 	6.851e-05 	7.557e-05 	6.825e-05 	7.609e-07 	3.480e-04 	1.353e-09 	2.260e-09 
1.65825 	2.55868 	6.605e-05 	7.800e-05 	6.579e-05 	8.245e-07 	3.480e-04 	1.517e-09 	2.444e-09 
1.67835 	2.58969 	6.361e-05 	8.040e-05 	6.335e-05 	8.927e-07 	3.480e-04 	1.703e-09 	2.646e-09 
1.69845 	2.62071 	6.120e-05 	8.277e-05 	6.094e-05 	9.657e-07 	3.480e-04 	1.914e-09 	2.868e-09 
1.71855 	2.65172 	5.883e-05 	8.509e-05 	5.857e-05 	1.044e-06 	3.480e-04 	2.152e-09 	3.110e-09 
1.73865 	2.68274 	5.650e-05 	8.737e-05 	5.624e-05 	1.127e-06 	3.480e-04 	2.421e-09 	3.375e-09 
1.75875 	2.71375 	5.420e-05 	8.961e-05 	5.395e-05 	1.217e-06 	3.480e-04 	2.725e-09 	3.666e-09 
1.77885 	2.74477 	5.196e-05 	9.179e-05 	5.170e-05 	1.312e-06 	3.480e-04 	3.070e-09 	3.985e-09 
1.79895 	2.77578 	4.976e-05 	9.391e-05 	4.951e-05 	1.414e-06 	3.480e-04 	3.459e-09 	4.335e-09 
1.81905 	2.80679 	4.761e-05 	9.598e-05 	4.736e-05 	1.524e-06 	3.479e-04 	3.900e-09 	4.719e-09 
1.83915 	2.83781 	4.551e-05 	9.799e-05 	4.526e-05 	1.640e-06 	3.479e-04 	4.398e-09 	5.139e-09 
1.85925 	2.86882 	4.346e-05 	9.993e-05 	4.322e-05 	1.765e-06 	3.478e-04 	4.960e-09 	5.600e-09 
1.87935 	2.89984 	4.148e-05 	1.018e-04 	4.124e-05 	1.898e-06 	3.477e-04 	5.596e-09 	6.106e-09 
1.89945 	2.93085 	3.955e-05 	1.036e-04 	3.931e-05 	2.040e-06 	3.476e-04 	6.314e-09 	6.661e-09 
1.91955 	2.96187 	3.767e-05 	1.054e-04 	3.744e-05 	2.192e-06 	3.475e-04 	7.124e-09 	7.269e-09 
1.93965 	2.99288 	3.586e-05 	1.070e-04 	3.563e-05 	2.354e-06 	3.474e-04 	8.037e-09 	7.936e-09 
1.95975 	3.02389 	3.410e-05 	1.086e-04 	3.388e-05 	2.528e-06 	3.473e-04 	9.066e-09 	8.667e-09 
1.97985 	3.05491 	3.241e-05 	1.102e-04 	3.219e-05 	2.714e-06 	3.472e-04 	1.022e-08 	9.468e-09 
1.99995 	3.08592 	3.077e-05 	1.116e-04 	3.056e-05 	2.914e-06 	3.470e-04 	1.153e-08 	1.035e-08 
