n = 1.0e+04, Tgas =  11.0, Tdust =  11.0, Go =  10.0
pc 	Av 	e- 	C 	C+ 	CO 	O 	O2 	H2O 
0.01005 	0.15507 	1.374e-04 	4.054e-06 	1.374e-04 	2.030e-08 	3.373e-04 	2.317e-12 	1.635e-11 
0.03015 	0.46521 	1.319e-04 	9.522e-06 	1.319e-04 	6.055e-08 	3.375e-04 	5.303e-12 	2.623e-11 
0.05025 	0.77536 	1.209e-04 	2.050e-05 	1.208e-04 	1.735e-07 	3.380e-04 	1.130e-11 	4.281e-11 
0.07035 	1.08550 	1.026e-04 	3.840e-05 	1.026e-04 	4.637e-07 	3.387e-04 	2.333e-11 	7.463e-11 
0.09045 	1.39564 	7.910e-05 	6.064e-05 	7.907e-05 	1.124e-06 	3.386e-04 	5.035e-11 	1.454e-10 
0.11055 	1.70579 	5.494e-05 	8.106e-05 	5.492e-05 	2.417e-06 	3.363e-04 	1.237e-10 	3.210e-10 
0.13065 	2.01593 	3.432e-05 	9.382e-05 	3.430e-05 	4.533e-06 	3.296e-04 	3.684e-10 	7.967e-10 
0.15075 	2.32607 	1.912e-05 	9.677e-05 	1.910e-05 	7.348e-06 	3.181e-04 	1.330e-09 	2.193e-09 
0.17085 	2.63622 	9.390e-06 	9.197e-05 	9.370e-06 	1.039e-05 	3.038e-04 	5.351e-09 	6.506e-09 
0.19095 	2.94636 	4.013e-06 	8.230e-05 	3.996e-06 	1.344e-05 	2.879e-04 	2.043e-08 	1.945e-08 
0.21105 	3.25650 	1.467e-06 	6.622e-05 	1.452e-06 	1.730e-05 	2.644e-04 	6.441e-08 	5.408e-08 
0.23115 	3.56664 	4.598e-07 	3.959e-05 	4.464e-07 	2.320e-05 	2.165e-04 	1.756e-07 	1.323e-07 
0.25125 	3.87679 	1.855e-07 	1.640e-05 	1.702e-07 	2.820e-05 	1.342e-04 	3.807e-07 	2.389e-07 
0.27135 	4.18693 	1.496e-07 	9.946e-06 	1.312e-07 	2.950e-05 	5.348e-05 	3.487e-07 	2.490e-07 
0.29145 	4.49707 	1.715e-07 	1.273e-05 	1.520e-07 	2.880e-05 	2.074e-05 	1.253e-07 	1.699e-07 
0.31155 	4.80722 	2.059e-07 	1.997e-05 	1.874e-07 	2.715e-05 	1.021e-05 	3.116e-08 	1.039e-07 
0.33165 	5.11736 	2.376e-07 	2.824e-05 	2.204e-07 	2.527e-05 	5.885e-06 	8.024e-09 	6.283e-08 
0.35175 	5.42750 	2.617e-07 	3.536e-05 	2.455e-07 	2.365e-05 	3.677e-06 	2.420e-09 	3.878e-08 
0.37185 	5.73765 	2.771e-07 	4.015e-05 	2.615e-07 	2.253e-05 	2.411e-06 	8.760e-10 	2.503e-08 
0.39195 	6.04779 	2.841e-07 	4.186e-05 	2.688e-07 	2.206e-05 	1.644e-06 	3.861e-10 	1.726e-08 
0.41205 	6.35793 	2.836e-07 	4.038e-05 	2.684e-07 	2.227e-05 	1.167e-06 	2.090e-10 	1.290e-08 
0.43215 	6.66807 	2.773e-07 	3.630e-05 	2.619e-07 	2.302e-05 	8.625e-07 	1.375e-10 	1.043e-08 
0.45225 	6.97822 	2.677e-07 	3.074e-05 	2.519e-07 	2.408e-05 	6.638e-07 	1.068e-10 	9.018e-09 
0.47235 	7.28836 	2.570e-07 	2.482e-05 	2.406e-07 	2.521e-05 	5.312e-07 	9.427e-11 	8.187e-09 
0.49245 	7.59850 	2.470e-07 	1.933e-05 	2.299e-07 	2.625e-05 	4.418e-07 	9.126e-11 	7.685e-09 
0.51255 	7.90865 	2.384e-07 	1.468e-05 	2.205e-07 	2.711e-05 	3.813e-07 	9.385e-11 	7.376e-09 
0.53265 	8.21879 	2.315e-07 	1.099e-05 	2.130e-07 	2.778e-05 	3.404e-07 	9.982e-11 	7.181e-09 
0.55275 	8.52893 	2.263e-07 	8.192e-06 	2.072e-07 	2.829e-05 	3.127e-07 	1.076e-10 	7.057e-09 
0.57285 	8.83908 	2.225e-07 	6.139e-06 	2.029e-07 	2.865e-05 	2.941e-07 	1.158e-10 	6.977e-09 
0.59295 	9.14922 	2.197e-07 	4.663e-06 	1.998e-07 	2.891e-05 	2.814e-07 	1.235e-10 	6.924e-09 
0.61305 	9.45936 	2.178e-07 	3.618e-06 	1.976e-07 	2.909e-05 	2.728e-07 	1.302e-10 	6.890e-09 
0.63315 	9.76950 	2.164e-07 	2.884e-06 	1.961e-07 	2.922e-05 	2.670e-07 	1.356e-10 	6.868e-09 
0.65325 	10.07965 	2.155e-07 	2.373e-06 	1.950e-07 	2.931e-05 	2.630e-07 	1.399e-10 	6.852e-09 
0.67335 	10.38979 	2.148e-07 	2.017e-06 	1.942e-07 	2.937e-05 	2.603e-07 	1.431e-10 	6.842e-09 
0.69345 	10.69993 	2.143e-07 	1.771e-06 	1.937e-07 	2.941e-05 	2.584e-07 	1.454e-10 	6.836e-09 
0.71355 	11.01008 	2.140e-07 	1.601e-06 	1.933e-07 	2.944e-05 	2.572e-07 	1.471e-10 	6.831e-09 
0.73365 	11.32022 	2.138e-07 	1.483e-06 	1.931e-07 	2.946e-05 	2.563e-07 	1.483e-10 	6.828e-09 
0.75375 	11.63036 	2.137e-07 	1.402e-06 	1.929e-07 	2.948e-05 	2.557e-07 	1.491e-10 	6.826e-09 
0.77385 	11.94051 	2.136e-07 	1.346e-06 	1.928e-07 	2.949e-05 	2.553e-07 	1.497e-10 	6.824e-09 
0.79395 	12.25065 	2.135e-07 	1.307e-06 	1.927e-07 	2.949e-05 	2.550e-07 	1.501e-10 	6.823e-09 
0.81405 	12.56079 	2.134e-07 	1.280e-06 	1.927e-07 	2.950e-05 	2.548e-07 	1.504e-10 	6.822e-09 
0.83415 	12.87093 	2.134e-07 	1.262e-06 	1.926e-07 	2.950e-05 	2.546e-07 	1.506e-10 	6.822e-09 
0.85425 	13.18108 	2.134e-07 	1.249e-06 	1.926e-07 	2.950e-05 	2.546e-07 	1.507e-10 	6.822e-09 
0.87435 	13.49122 	2.134e-07 	1.241e-06 	1.926e-07 	2.951e-05 	2.545e-07 	1.508e-10 	6.821e-09 
0.89445 	13.80136 	2.133e-07 	1.235e-06 	1.926e-07 	2.951e-05 	2.544e-07 	1.509e-10 	6.821e-09 
0.91455 	14.11151 	2.133e-07 	1.230e-06 	1.926e-07 	2.951e-05 	2.544e-07 	1.509e-10 	6.821e-09 
0.93465 	14.42165 	2.133e-07 	1.228e-06 	1.925e-07 	2.951e-05 	2.544e-07 	1.510e-10 	6.821e-09 
0.95475 	14.73179 	2.133e-07 	1.226e-06 	1.925e-07 	2.951e-05 	2.544e-07 	1.510e-10 	6.821e-09 
0.97485 	15.04194 	2.133e-07 	1.224e-06 	1.925e-07 	2.951e-05 	2.544e-07 	1.510e-10 	6.821e-09 
0.99495 	15.35208 	2.133e-07 	1.223e-06 	1.925e-07 	2.951e-05 	2.544e-07 	1.510e-10 	6.821e-09 
1.01505 	15.66222 	2.133e-07 	1.223e-06 	1.925e-07 	2.951e-05 	2.544e-07 	1.510e-10 	6.821e-09 
1.03515 	15.97236 	2.133e-07 	1.222e-06 	1.925e-07 	2.951e-05 	2.544e-07 	1.510e-10 	6.821e-09 
1.05525 	16.28251 	2.133e-07 	1.222e-06 	1.925e-07 	2.951e-05 	2.544e-07 	1.510e-10 	6.821e-09 
1.07535 	16.59265 	2.133e-07 	1.222e-06 	1.925e-07 	2.951e-05 	2.543e-07 	1.510e-10 	6.821e-09 
1.09545 	16.90279 	2.133e-07 	1.222e-06 	1.925e-07 	2.951e-05 	2.543e-07 	1.510e-10 	6.821e-09 
1.11555 	17.21294 	2.133e-07 	1.221e-06 	1.925e-07 	2.951e-05 	2.543e-07 	1.510e-10 	6.821e-09 
1.13565 	17.52308 	2.133e-07 	1.221e-06 	1.925e-07 	2.951e-05 	2.543e-07 	1.510e-10 	6.821e-09 
1.15575 	17.83322 	2.133e-07 	1.221e-06 	1.925e-07 	2.951e-05 	2.543e-07 	1.510e-10 	6.821e-09 
1.17585 	18.14337 	2.133e-07 	1.221e-06 	1.925e-07 	2.951e-05 	2.543e-07 	1.510e-10 	6.821e-09 
1.19595 	18.45351 	2.133e-07 	1.221e-06 	1.925e-07 	2.951e-05 	2.543e-07 	1.510e-10 	6.821e-09 
1.21605 	18.76365 	2.133e-07 	1.221e-06 	1.925e-07 	2.951e-05 	2.543e-07 	1.510e-10 	6.821e-09 
1.23615 	19.07379 	2.133e-07 	1.221e-06 	1.925e-07 	2.951e-05 	2.543e-07 	1.510e-10 	6.821e-09 
1.25625 	19.38394 	2.133e-07 	1.221e-06 	1.925e-07 	2.951e-05 	2.543e-07 	1.510e-10 	6.821e-09 
1.27635 	19.69408 	2.133e-07 	1.221e-06 	1.925e-07 	2.951e-05 	2.543e-07 	1.510e-10 	6.821e-09 
1.29645 	20.00422 	2.133e-07 	1.221e-06 	1.925e-07 	2.951e-05 	2.543e-07 	1.510e-10 	6.821e-09 
1.31655 	20.31437 	2.133e-07 	1.221e-06 	1.925e-07 	2.951e-05 	2.543e-07 	1.510e-10 	6.821e-09 
1.33665 	20.62451 	2.133e-07 	1.221e-06 	1.925e-07 	2.951e-05 	2.543e-07 	1.510e-10 	6.821e-09 
1.35675 	20.93465 	2.133e-07 	1.221e-06 	1.925e-07 	2.951e-05 	2.543e-07 	1.510e-10 	6.821e-09 
1.37685 	21.24480 	2.133e-07 	1.221e-06 	1.925e-07 	2.951e-05 	2.543e-07 	1.510e-10 	6.821e-09 
1.39695 	21.55494 	2.133e-07 	1.221e-06 	1.925e-07 	2.951e-05 	2.543e-07 	1.510e-10 	6.821e-09 
1.41705 	21.86508 	2.133e-07 	1.221e-06 	1.925e-07 	2.951e-05 	2.543e-07 	1.510e-10 	6.821e-09 
1.43715 	22.17522 	2.133e-07 	1.221e-06 	1.925e-07 	2.951e-05 	2.543e-07 	1.510e-10 	6.821e-09 
1.45725 	22.48537 	2.133e-07 	1.221e-06 	1.925e-07 	2.951e-05 	2.543e-07 	1.510e-10 	6.821e-09 
1.47735 	22.79551 	2.133e-07 	1.221e-06 	1.925e-07 	2.951e-05 	2.543e-07 	1.510e-10 	6.821e-09 
1.49745 	23.10565 	2.133e-07 	1.221e-06 	1.925e-07 	2.951e-05 	2.543e-07 	1.510e-10 	6.821e-09 
1.51755 	23.41580 	2.133e-07 	1.221e-06 	1.925e-07 	2.951e-05 	2.543e-07 	1.510e-10 	6.821e-09 
1.53765 	23.72594 	2.133e-07 	1.221e-06 	1.925e-07 	2.951e-05 	2.543e-07 	1.510e-10 	6.821e-09 
1.55775 	24.03608 	2.133e-07 	1.221e-06 	1.925e-07 	2.951e-05 	2.543e-07 	1.510e-10 	6.821e-09 
1.57785 	24.34623 	2.133e-07 	1.221e-06 	1.925e-07 	2.951e-05 	2.543e-07 	1.510e-10 	6.821e-09 
1.59795 	24.65637 	2.133e-07 	1.221e-06 	1.925e-07 	2.951e-05 	2.543e-07 	1.510e-10 	6.821e-09 
1.61805 	24.96651 	2.133e-07 	1.221e-06 	1.925e-07 	2.951e-05 	2.543e-07 	1.510e-10 	6.821e-09 
1.63815 	25.27665 	2.133e-07 	1.221e-06 	1.925e-07 	2.951e-05 	2.543e-07 	1.510e-10 	6.821e-09 
1.65825 	25.58680 	2.133e-07 	1.221e-06 	1.925e-07 	2.951e-05 	2.543e-07 	1.510e-10 	6.821e-09 
1.67835 	25.89694 	2.133e-07 	1.221e-06 	1.925e-07 	2.951e-05 	2.543e-07 	1.510e-10 	6.821e-09 
1.69845 	26.20708 	2.133e-07 	1.221e-06 	1.925e-07 	2.951e-05 	2.543e-07 	1.510e-10 	6.821e-09 
1.71855 	26.51723 	2.133e-07 	1.221e-06 	1.925e-07 	2.951e-05 	2.543e-07 	1.510e-10 	6.821e-09 
1.73865 	26.82737 	2.133e-07 	1.221e-06 	1.925e-07 	2.951e-05 	2.543e-07 	1.510e-10 	6.821e-09 
1.75875 	27.13751 	2.133e-07 	1.221e-06 	1.925e-07 	2.951e-05 	2.543e-07 	1.510e-10 	6.821e-09 
1.77885 	27.44766 	2.133e-07 	1.221e-06 	1.925e-07 	2.951e-05 	2.543e-07 	1.510e-10 	6.821e-09 
1.79895 	27.75780 	2.133e-07 	1.221e-06 	1.925e-07 	2.951e-05 	2.543e-07 	1.510e-10 	6.821e-09 
1.81905 	28.06794 	2.133e-07 	1.221e-06 	1.925e-07 	2.951e-05 	2.543e-07 	1.510e-10 	6.821e-09 
1.83915 	28.37808 	2.133e-07 	1.221e-06 	1.925e-07 	2.951e-05 	2.543e-07 	1.510e-10 	6.821e-09 
1.85925 	28.68823 	2.133e-07 	1.221e-06 	1.925e-07 	2.951e-05 	2.543e-07 	1.510e-10 	6.821e-09 
1.87935 	28.99837 	2.133e-07 	1.221e-06 	1.925e-07 	2.951e-05 	2.543e-07 	1.510e-10 	6.821e-09 
1.89945 	29.30851 	2.133e-07 	1.221e-06 	1.925e-07 	2.951e-05 	2.543e-07 	1.510e-10 	6.821e-09 
1.91955 	29.61866 	2.133e-07 	1.221e-06 	1.925e-07 	2.951e-05 	2.543e-07 	1.510e-10 	6.821e-09 
1.93965 	29.92880 	2.133e-07 	1.221e-06 	1.925e-07 	2.951e-05 	2.543e-07 	1.510e-10 	6.821e-09 
1.95975 	30.23894 	2.133e-07 	1.221e-06 	1.925e-07 	2.951e-05 	2.543e-07 	1.510e-10 	6.821e-09 
1.97985 	30.54909 	2.133e-07 	1.221e-06 	1.925e-07 	2.951e-05 	2.543e-07 	1.510e-10 	6.821e-09 
1.99995 	30.85923 	2.133e-07 	1.221e-06 	1.925e-07 	2.951e-05 	2.543e-07 	1.510e-10 	6.821e-09 
