n = 1.2e+02, Tgas =  40.0, Tdust =  40.0, Go =   1.0
pc 	Av 	e- 	C 	C+ 	CO 	O 	O2 	H2O 
0.01005 	0.00186 	1.443e-04 	1.655e-07 	1.416e-04 	3.495e-10 	3.418e-04 	4.695e-12 	2.656e-10 
0.03015 	0.00558 	1.443e-04 	1.674e-07 	1.416e-04 	3.541e-10 	3.418e-04 	4.755e-12 	2.672e-10 
0.05025 	0.00930 	1.443e-04 	1.692e-07 	1.416e-04 	3.588e-10 	3.418e-04 	4.815e-12 	2.689e-10 
0.07035 	0.01303 	1.443e-04 	1.711e-07 	1.416e-04 	3.636e-10 	3.418e-04 	4.876e-12 	2.705e-10 
0.09045 	0.01675 	1.443e-04 	1.730e-07 	1.416e-04 	3.684e-10 	3.418e-04 	4.937e-12 	2.722e-10 
0.11055 	0.02047 	1.443e-04 	1.750e-07 	1.416e-04 	3.733e-10 	3.418e-04 	5.000e-12 	2.738e-10 
0.13065 	0.02419 	1.443e-04 	1.769e-07 	1.416e-04 	3.783e-10 	3.418e-04 	5.063e-12 	2.755e-10 
0.15075 	0.02791 	1.443e-04 	1.789e-07 	1.416e-04 	3.833e-10 	3.418e-04 	5.127e-12 	2.772e-10 
0.17085 	0.03163 	1.443e-04 	1.809e-07 	1.416e-04 	3.884e-10 	3.418e-04 	5.192e-12 	2.789e-10 
0.19095 	0.03536 	1.443e-04 	1.830e-07 	1.416e-04 	3.936e-10 	3.418e-04 	5.257e-12 	2.806e-10 
0.21105 	0.03908 	1.443e-04 	1.850e-07 	1.416e-04 	3.989e-10 	3.418e-04 	5.324e-12 	2.823e-10 
0.23115 	0.04280 	1.442e-04 	1.871e-07 	1.416e-04 	4.042e-10 	3.418e-04 	5.391e-12 	2.840e-10 
0.25125 	0.04652 	1.442e-04 	1.892e-07 	1.416e-04 	4.096e-10 	3.418e-04 	5.459e-12 	2.858e-10 
0.27135 	0.05024 	1.442e-04 	1.913e-07 	1.416e-04 	4.150e-10 	3.418e-04 	5.528e-12 	2.875e-10 
0.29145 	0.05396 	1.442e-04 	1.934e-07 	1.416e-04 	4.206e-10 	3.418e-04 	5.598e-12 	2.893e-10 
0.31155 	0.05769 	1.442e-04 	1.956e-07 	1.416e-04 	4.262e-10 	3.418e-04 	5.668e-12 	2.911e-10 
0.33165 	0.06141 	1.442e-04 	1.978e-07 	1.416e-04 	4.318e-10 	3.418e-04 	5.740e-12 	2.928e-10 
0.35175 	0.06513 	1.442e-04 	2.000e-07 	1.416e-04 	4.376e-10 	3.418e-04 	5.812e-12 	2.946e-10 
0.37185 	0.06885 	1.442e-04 	2.023e-07 	1.416e-04 	4.435e-10 	3.418e-04 	5.886e-12 	2.964e-10 
0.39195 	0.07257 	1.442e-04 	2.045e-07 	1.416e-04 	4.494e-10 	3.418e-04 	5.960e-12 	2.983e-10 
0.41205 	0.07630 	1.442e-04 	2.068e-07 	1.416e-04 	4.554e-10 	3.418e-04 	6.035e-12 	3.001e-10 
0.43215 	0.08002 	1.442e-04 	2.091e-07 	1.416e-04 	4.615e-10 	3.418e-04 	6.111e-12 	3.019e-10 
0.45225 	0.08374 	1.442e-04 	2.115e-07 	1.415e-04 	4.676e-10 	3.418e-04 	6.188e-12 	3.038e-10 
0.47235 	0.08746 	1.442e-04 	2.138e-07 	1.415e-04 	4.739e-10 	3.418e-04 	6.266e-12 	3.056e-10 
0.49245 	0.09118 	1.442e-04 	2.162e-07 	1.415e-04 	4.802e-10 	3.418e-04 	6.345e-12 	3.075e-10 
0.51255 	0.09490 	1.442e-04 	2.187e-07 	1.415e-04 	4.867e-10 	3.418e-04 	6.425e-12 	3.094e-10 
0.53265 	0.09863 	1.442e-04 	2.211e-07 	1.415e-04 	4.932e-10 	3.418e-04 	6.506e-12 	3.113e-10 
0.55275 	0.10235 	1.442e-04 	2.236e-07 	1.415e-04 	4.998e-10 	3.418e-04 	6.588e-12 	3.132e-10 
0.57285 	0.10607 	1.442e-04 	2.261e-07 	1.415e-04 	5.065e-10 	3.418e-04 	6.671e-12 	3.151e-10 
0.59295 	0.10979 	1.442e-04 	2.286e-07 	1.415e-04 	5.132e-10 	3.418e-04 	6.755e-12 	3.170e-10 
0.61305 	0.11351 	1.442e-04 	2.312e-07 	1.415e-04 	5.201e-10 	3.418e-04 	6.840e-12 	3.189e-10 
0.63315 	0.11723 	1.442e-04 	2.338e-07 	1.415e-04 	5.271e-10 	3.418e-04 	6.926e-12 	3.209e-10 
0.65325 	0.12096 	1.442e-04 	2.364e-07 	1.415e-04 	5.342e-10 	3.418e-04 	7.013e-12 	3.229e-10 
0.67335 	0.12468 	1.442e-04 	2.390e-07 	1.415e-04 	5.413e-10 	3.418e-04 	7.102e-12 	3.248e-10 
0.69345 	0.12840 	1.442e-04 	2.417e-07 	1.415e-04 	5.486e-10 	3.418e-04 	7.191e-12 	3.268e-10 
0.71355 	0.13212 	1.442e-04 	2.444e-07 	1.415e-04 	5.559e-10 	3.418e-04 	7.281e-12 	3.288e-10 
0.73365 	0.13584 	1.442e-04 	2.472e-07 	1.415e-04 	5.634e-10 	3.418e-04 	7.373e-12 	3.308e-10 
0.75375 	0.13956 	1.442e-04 	2.499e-07 	1.415e-04 	5.710e-10 	3.418e-04 	7.466e-12 	3.328e-10 
0.77385 	0.14329 	1.442e-04 	2.527e-07 	1.415e-04 	5.786e-10 	3.418e-04 	7.559e-12 	3.349e-10 
0.79395 	0.14701 	1.442e-04 	2.556e-07 	1.415e-04 	5.864e-10 	3.418e-04 	7.654e-12 	3.369e-10 
0.81405 	0.15073 	1.442e-04 	2.584e-07 	1.415e-04 	5.943e-10 	3.418e-04 	7.751e-12 	3.390e-10 
0.83415 	0.15445 	1.442e-04 	2.613e-07 	1.415e-04 	6.022e-10 	3.418e-04 	7.848e-12 	3.410e-10 
0.85425 	0.15817 	1.442e-04 	2.642e-07 	1.415e-04 	6.103e-10 	3.418e-04 	7.947e-12 	3.431e-10 
0.87435 	0.16189 	1.442e-04 	2.672e-07 	1.415e-04 	6.185e-10 	3.418e-04 	8.046e-12 	3.452e-10 
0.89445 	0.16562 	1.442e-04 	2.702e-07 	1.415e-04 	6.269e-10 	3.418e-04 	8.147e-12 	3.473e-10 
0.91455 	0.16934 	1.442e-04 	2.732e-07 	1.415e-04 	6.353e-10 	3.418e-04 	8.250e-12 	3.494e-10 
0.93465 	0.17306 	1.442e-04 	2.763e-07 	1.415e-04 	6.438e-10 	3.418e-04 	8.353e-12 	3.516e-10 
0.95475 	0.17678 	1.442e-04 	2.794e-07 	1.415e-04 	6.525e-10 	3.418e-04 	8.458e-12 	3.537e-10 
0.97485 	0.18050 	1.441e-04 	2.825e-07 	1.415e-04 	6.613e-10 	3.418e-04 	8.564e-12 	3.559e-10 
0.99495 	0.18422 	1.441e-04 	2.857e-07 	1.415e-04 	6.702e-10 	3.418e-04 	8.671e-12 	3.581e-10 
1.01505 	0.18795 	1.441e-04 	2.888e-07 	1.415e-04 	6.792e-10 	3.418e-04 	8.780e-12 	3.602e-10 
1.03515 	0.19167 	1.441e-04 	2.921e-07 	1.415e-04 	6.883e-10 	3.418e-04 	8.890e-12 	3.624e-10 
1.05525 	0.19539 	1.441e-04 	2.953e-07 	1.415e-04 	6.976e-10 	3.418e-04 	9.002e-12 	3.646e-10 
1.07535 	0.19911 	1.441e-04 	2.987e-07 	1.415e-04 	7.070e-10 	3.418e-04 	9.114e-12 	3.669e-10 
1.09545 	0.20283 	1.441e-04 	3.020e-07 	1.415e-04 	7.165e-10 	3.418e-04 	9.229e-12 	3.691e-10 
1.11555 	0.20656 	1.441e-04 	3.054e-07 	1.415e-04 	7.262e-10 	3.419e-04 	9.344e-12 	3.714e-10 
1.13565 	0.21028 	1.441e-04 	3.088e-07 	1.415e-04 	7.360e-10 	3.419e-04 	9.461e-12 	3.736e-10 
1.15575 	0.21400 	1.441e-04 	3.122e-07 	1.415e-04 	7.459e-10 	3.419e-04 	9.580e-12 	3.759e-10 
1.17585 	0.21772 	1.441e-04 	3.157e-07 	1.415e-04 	7.560e-10 	3.419e-04 	9.700e-12 	3.782e-10 
1.19595 	0.22144 	1.441e-04 	3.193e-07 	1.415e-04 	7.662e-10 	3.419e-04 	9.821e-12 	3.805e-10 
1.21605 	0.22516 	1.441e-04 	3.228e-07 	1.415e-04 	7.765e-10 	3.419e-04 	9.944e-12 	3.828e-10 
1.23615 	0.22889 	1.441e-04 	3.265e-07 	1.415e-04 	7.870e-10 	3.419e-04 	1.007e-11 	3.851e-10 
1.25625 	0.23261 	1.441e-04 	3.301e-07 	1.415e-04 	7.976e-10 	3.419e-04 	1.019e-11 	3.875e-10 
1.27635 	0.23633 	1.441e-04 	3.338e-07 	1.414e-04 	8.084e-10 	3.419e-04 	1.032e-11 	3.898e-10 
1.29645 	0.24005 	1.441e-04 	3.375e-07 	1.414e-04 	8.193e-10 	3.419e-04 	1.045e-11 	3.922e-10 
1.31655 	0.24377 	1.441e-04 	3.413e-07 	1.414e-04 	8.304e-10 	3.419e-04 	1.058e-11 	3.946e-10 
1.33665 	0.24749 	1.441e-04 	3.451e-07 	1.414e-04 	8.416e-10 	3.419e-04 	1.071e-11 	3.970e-10 
1.35675 	0.25122 	1.441e-04 	3.490e-07 	1.414e-04 	8.530e-10 	3.419e-04 	1.085e-11 	3.994e-10 
1.37685 	0.25494 	1.441e-04 	3.529e-07 	1.414e-04 	8.645e-10 	3.419e-04 	1.098e-11 	4.019e-10 
1.39695 	0.25866 	1.441e-04 	3.568e-07 	1.414e-04 	8.762e-10 	3.419e-04 	1.112e-11 	4.043e-10 
1.41705 	0.26238 	1.441e-04 	3.608e-07 	1.414e-04 	8.880e-10 	3.419e-04 	1.126e-11 	4.068e-10 
1.43715 	0.26610 	1.441e-04 	3.649e-07 	1.414e-04 	9.001e-10 	3.419e-04 	1.140e-11 	4.092e-10 
1.45725 	0.26982 	1.441e-04 	3.689e-07 	1.414e-04 	9.122e-10 	3.419e-04 	1.154e-11 	4.117e-10 
1.47735 	0.27355 	1.441e-04 	3.731e-07 	1.414e-04 	9.246e-10 	3.419e-04 	1.169e-11 	4.142e-10 
1.49745 	0.27727 	1.440e-04 	3.772e-07 	1.414e-04 	9.371e-10 	3.419e-04 	1.183e-11 	4.167e-10 
1.51755 	0.28099 	1.440e-04 	3.814e-07 	1.414e-04 	9.498e-10 	3.419e-04 	1.198e-11 	4.193e-10 
1.53765 	0.28471 	1.440e-04 	3.857e-07 	1.414e-04 	9.626e-10 	3.419e-04 	1.213e-11 	4.218e-10 
1.55775 	0.28843 	1.440e-04 	3.900e-07 	1.414e-04 	9.757e-10 	3.419e-04 	1.228e-11 	4.244e-10 
1.57785 	0.29215 	1.440e-04 	3.944e-07 	1.414e-04 	9.889e-10 	3.419e-04 	1.243e-11 	4.270e-10 
1.59795 	0.29588 	1.440e-04 	3.988e-07 	1.414e-04 	1.002e-09 	3.419e-04 	1.259e-11 	4.296e-10 
1.61805 	0.29960 	1.440e-04 	4.032e-07 	1.414e-04 	1.016e-09 	3.419e-04 	1.274e-11 	4.322e-10 
1.63815 	0.30332 	1.440e-04 	4.077e-07 	1.414e-04 	1.030e-09 	3.419e-04 	1.290e-11 	4.348e-10 
1.65825 	0.30704 	1.440e-04 	4.123e-07 	1.414e-04 	1.044e-09 	3.419e-04 	1.306e-11 	4.374e-10 
1.67835 	0.31076 	1.440e-04 	4.169e-07 	1.414e-04 	1.058e-09 	3.419e-04 	1.323e-11 	4.401e-10 
1.69845 	0.31449 	1.440e-04 	4.216e-07 	1.414e-04 	1.072e-09 	3.419e-04 	1.339e-11 	4.428e-10 
1.71855 	0.31821 	1.440e-04 	4.263e-07 	1.414e-04 	1.087e-09 	3.419e-04 	1.356e-11 	4.455e-10 
1.73865 	0.32193 	1.440e-04 	4.310e-07 	1.414e-04 	1.101e-09 	3.419e-04 	1.372e-11 	4.482e-10 
1.75875 	0.32565 	1.440e-04 	4.359e-07 	1.414e-04 	1.116e-09 	3.419e-04 	1.390e-11 	4.509e-10 
1.77885 	0.32937 	1.440e-04 	4.407e-07 	1.414e-04 	1.131e-09 	3.419e-04 	1.407e-11 	4.536e-10 
1.79895 	0.33309 	1.440e-04 	4.456e-07 	1.413e-04 	1.147e-09 	3.419e-04 	1.424e-11 	4.564e-10 
1.81905 	0.33682 	1.440e-04 	4.506e-07 	1.413e-04 	1.162e-09 	3.419e-04 	1.442e-11 	4.591e-10 
1.83915 	0.34054 	1.440e-04 	4.557e-07 	1.413e-04 	1.178e-09 	3.419e-04 	1.460e-11 	4.619e-10 
1.85925 	0.34426 	1.440e-04 	4.607e-07 	1.413e-04 	1.194e-09 	3.419e-04 	1.478e-11 	4.647e-10 
1.87935 	0.34798 	1.440e-04 	4.659e-07 	1.413e-04 	1.210e-09 	3.419e-04 	1.496e-11 	4.675e-10 
1.89945 	0.35170 	1.440e-04 	4.711e-07 	1.413e-04 	1.227e-09 	3.419e-04 	1.515e-11 	4.704e-10 
1.91955 	0.35542 	1.439e-04 	4.763e-07 	1.413e-04 	1.243e-09 	3.419e-04 	1.534e-11 	4.732e-10 
1.93965 	0.35915 	1.439e-04 	4.817e-07 	1.413e-04 	1.260e-09 	3.419e-04 	1.553e-11 	4.761e-10 
1.95975 	0.36287 	1.439e-04 	4.870e-07 	1.413e-04 	1.277e-09 	3.419e-04 	1.572e-11 	4.790e-10 
1.97985 	0.36659 	1.439e-04 	4.925e-07 	1.413e-04 	1.295e-09 	3.419e-04 	1.591e-11 	4.819e-10 
1.99995 	0.37031 	1.439e-04 	4.980e-07 	1.413e-04 	1.312e-09 	3.419e-04 	1.611e-11 	4.848e-10 
