n = 7.0e+01, Tgas =  35.0, Tdust =  35.0, Go =  10.0
pc 	Av 	e- 	C 	C+ 	CO 	O 	O2 	H2O 
0.01005 	0.00109 	1.471e-04 	1.030e-08 	1.387e-04 	4.663e-12 	3.345e-04 	2.466e-14 	2.389e-11 
0.03015 	0.00326 	1.471e-04 	1.036e-08 	1.387e-04 	4.694e-12 	3.345e-04 	2.485e-14 	2.397e-11 
0.05025 	0.00543 	1.471e-04 	1.043e-08 	1.387e-04 	4.727e-12 	3.345e-04 	2.503e-14 	2.406e-11 
0.07035 	0.00760 	1.471e-04 	1.050e-08 	1.387e-04 	4.759e-12 	3.345e-04 	2.522e-14 	2.414e-11 
0.09045 	0.00977 	1.471e-04 	1.057e-08 	1.387e-04 	4.791e-12 	3.345e-04 	2.541e-14 	2.423e-11 
0.11055 	0.01194 	1.471e-04 	1.064e-08 	1.387e-04 	4.824e-12 	3.345e-04 	2.560e-14 	2.432e-11 
0.13065 	0.01411 	1.471e-04 	1.071e-08 	1.387e-04 	4.857e-12 	3.345e-04 	2.579e-14 	2.441e-11 
0.15075 	0.01628 	1.471e-04 	1.078e-08 	1.388e-04 	4.890e-12 	3.346e-04 	2.599e-14 	2.449e-11 
0.17085 	0.01845 	1.470e-04 	1.085e-08 	1.388e-04 	4.924e-12 	3.346e-04 	2.618e-14 	2.458e-11 
0.19095 	0.02062 	1.470e-04 	1.092e-08 	1.388e-04 	4.957e-12 	3.346e-04 	2.638e-14 	2.467e-11 
0.21105 	0.02280 	1.470e-04 	1.099e-08 	1.388e-04 	4.991e-12 	3.346e-04 	2.658e-14 	2.476e-11 
0.23115 	0.02497 	1.470e-04 	1.106e-08 	1.388e-04 	5.025e-12 	3.346e-04 	2.678e-14 	2.485e-11 
0.25125 	0.02714 	1.470e-04 	1.114e-08 	1.388e-04 	5.060e-12 	3.346e-04 	2.698e-14 	2.494e-11 
0.27135 	0.02931 	1.470e-04 	1.121e-08 	1.388e-04 	5.094e-12 	3.346e-04 	2.718e-14 	2.503e-11 
0.29145 	0.03148 	1.470e-04 	1.128e-08 	1.388e-04 	5.129e-12 	3.346e-04 	2.739e-14 	2.512e-11 
0.31155 	0.03365 	1.470e-04 	1.136e-08 	1.388e-04 	5.164e-12 	3.346e-04 	2.759e-14 	2.521e-11 
0.33165 	0.03582 	1.470e-04 	1.143e-08 	1.388e-04 	5.199e-12 	3.346e-04 	2.780e-14 	2.530e-11 
0.35175 	0.03799 	1.470e-04 	1.151e-08 	1.388e-04 	5.235e-12 	3.346e-04 	2.801e-14 	2.539e-11 
0.37185 	0.04016 	1.470e-04 	1.158e-08 	1.388e-04 	5.271e-12 	3.346e-04 	2.822e-14 	2.548e-11 
0.39195 	0.04233 	1.470e-04 	1.166e-08 	1.388e-04 	5.307e-12 	3.346e-04 	2.843e-14 	2.558e-11 
0.41205 	0.04451 	1.469e-04 	1.173e-08 	1.388e-04 	5.343e-12 	3.347e-04 	2.864e-14 	2.567e-11 
0.43215 	0.04668 	1.469e-04 	1.181e-08 	1.388e-04 	5.379e-12 	3.347e-04 	2.886e-14 	2.576e-11 
0.45225 	0.04885 	1.469e-04 	1.189e-08 	1.388e-04 	5.416e-12 	3.347e-04 	2.908e-14 	2.585e-11 
0.47235 	0.05102 	1.469e-04 	1.197e-08 	1.388e-04 	5.453e-12 	3.347e-04 	2.930e-14 	2.595e-11 
0.49245 	0.05319 	1.469e-04 	1.204e-08 	1.388e-04 	5.490e-12 	3.347e-04 	2.952e-14 	2.604e-11 
0.51255 	0.05536 	1.469e-04 	1.212e-08 	1.388e-04 	5.527e-12 	3.347e-04 	2.974e-14 	2.613e-11 
0.53265 	0.05753 	1.469e-04 	1.220e-08 	1.388e-04 	5.565e-12 	3.347e-04 	2.996e-14 	2.623e-11 
0.55275 	0.05970 	1.469e-04 	1.228e-08 	1.388e-04 	5.603e-12 	3.347e-04 	3.019e-14 	2.632e-11 
0.57285 	0.06187 	1.469e-04 	1.236e-08 	1.388e-04 	5.641e-12 	3.347e-04 	3.041e-14 	2.642e-11 
0.59295 	0.06404 	1.469e-04 	1.244e-08 	1.388e-04 	5.680e-12 	3.347e-04 	3.064e-14 	2.651e-11 
0.61305 	0.06622 	1.469e-04 	1.253e-08 	1.388e-04 	5.718e-12 	3.347e-04 	3.087e-14 	2.661e-11 
0.63315 	0.06839 	1.469e-04 	1.261e-08 	1.388e-04 	5.757e-12 	3.347e-04 	3.110e-14 	2.671e-11 
0.65325 	0.07056 	1.469e-04 	1.269e-08 	1.388e-04 	5.797e-12 	3.348e-04 	3.134e-14 	2.680e-11 
0.67335 	0.07273 	1.468e-04 	1.277e-08 	1.388e-04 	5.836e-12 	3.348e-04 	3.157e-14 	2.690e-11 
0.69345 	0.07490 	1.468e-04 	1.286e-08 	1.388e-04 	5.876e-12 	3.348e-04 	3.181e-14 	2.700e-11 
0.71355 	0.07707 	1.468e-04 	1.294e-08 	1.388e-04 	5.916e-12 	3.348e-04 	3.205e-14 	2.709e-11 
0.73365 	0.07924 	1.468e-04 	1.303e-08 	1.388e-04 	5.956e-12 	3.348e-04 	3.229e-14 	2.719e-11 
0.75375 	0.08141 	1.468e-04 	1.311e-08 	1.388e-04 	5.997e-12 	3.348e-04 	3.254e-14 	2.729e-11 
0.77385 	0.08358 	1.468e-04 	1.320e-08 	1.389e-04 	6.038e-12 	3.348e-04 	3.278e-14 	2.739e-11 
0.79395 	0.08575 	1.468e-04 	1.328e-08 	1.389e-04 	6.079e-12 	3.348e-04 	3.303e-14 	2.749e-11 
0.81405 	0.08793 	1.468e-04 	1.337e-08 	1.389e-04 	6.120e-12 	3.348e-04 	3.328e-14 	2.759e-11 
0.83415 	0.09010 	1.468e-04 	1.346e-08 	1.389e-04 	6.162e-12 	3.348e-04 	3.353e-14 	2.769e-11 
0.85425 	0.09227 	1.468e-04 	1.355e-08 	1.389e-04 	6.204e-12 	3.348e-04 	3.378e-14 	2.779e-11 
0.87435 	0.09444 	1.468e-04 	1.363e-08 	1.389e-04 	6.246e-12 	3.348e-04 	3.403e-14 	2.789e-11 
0.89445 	0.09661 	1.468e-04 	1.372e-08 	1.389e-04 	6.288e-12 	3.348e-04 	3.429e-14 	2.799e-11 
0.91455 	0.09878 	1.468e-04 	1.381e-08 	1.389e-04 	6.331e-12 	3.349e-04 	3.455e-14 	2.809e-11 
0.93465 	0.10095 	1.468e-04 	1.390e-08 	1.389e-04 	6.374e-12 	3.349e-04 	3.481e-14 	2.819e-11 
0.95475 	0.10312 	1.467e-04 	1.400e-08 	1.389e-04 	6.418e-12 	3.349e-04 	3.507e-14 	2.829e-11 
0.97485 	0.10529 	1.467e-04 	1.409e-08 	1.389e-04 	6.461e-12 	3.349e-04 	3.533e-14 	2.839e-11 
0.99495 	0.10746 	1.467e-04 	1.418e-08 	1.389e-04 	6.505e-12 	3.349e-04 	3.560e-14 	2.850e-11 
1.01505 	0.10964 	1.467e-04 	1.427e-08 	1.389e-04 	6.549e-12 	3.349e-04 	3.587e-14 	2.860e-11 
1.03515 	0.11181 	1.467e-04 	1.437e-08 	1.389e-04 	6.594e-12 	3.349e-04 	3.614e-14 	2.870e-11 
1.05525 	0.11398 	1.467e-04 	1.446e-08 	1.389e-04 	6.639e-12 	3.349e-04 	3.641e-14 	2.881e-11 
1.07535 	0.11615 	1.467e-04 	1.455e-08 	1.389e-04 	6.684e-12 	3.349e-04 	3.668e-14 	2.891e-11 
1.09545 	0.11832 	1.467e-04 	1.465e-08 	1.389e-04 	6.729e-12 	3.349e-04 	3.696e-14 	2.902e-11 
1.11555 	0.12049 	1.467e-04 	1.475e-08 	1.389e-04 	6.775e-12 	3.349e-04 	3.724e-14 	2.912e-11 
1.13565 	0.12266 	1.467e-04 	1.484e-08 	1.389e-04 	6.821e-12 	3.349e-04 	3.752e-14 	2.923e-11 
1.15575 	0.12483 	1.467e-04 	1.494e-08 	1.389e-04 	6.867e-12 	3.349e-04 	3.780e-14 	2.933e-11 
1.17585 	0.12700 	1.467e-04 	1.504e-08 	1.389e-04 	6.914e-12 	3.350e-04 	3.808e-14 	2.944e-11 
1.19595 	0.12917 	1.467e-04 	1.514e-08 	1.389e-04 	6.961e-12 	3.350e-04 	3.837e-14 	2.955e-11 
1.21605 	0.13135 	1.467e-04 	1.523e-08 	1.389e-04 	7.008e-12 	3.350e-04 	3.866e-14 	2.965e-11 
1.23615 	0.13352 	1.466e-04 	1.533e-08 	1.389e-04 	7.056e-12 	3.350e-04 	3.895e-14 	2.976e-11 
1.25625 	0.13569 	1.466e-04 	1.543e-08 	1.389e-04 	7.104e-12 	3.350e-04 	3.924e-14 	2.987e-11 
1.27635 	0.13786 	1.466e-04 	1.554e-08 	1.389e-04 	7.152e-12 	3.350e-04 	3.954e-14 	2.998e-11 
1.29645 	0.14003 	1.466e-04 	1.564e-08 	1.389e-04 	7.201e-12 	3.350e-04 	3.984e-14 	3.008e-11 
1.31655 	0.14220 	1.466e-04 	1.574e-08 	1.389e-04 	7.250e-12 	3.350e-04 	4.014e-14 	3.019e-11 
1.33665 	0.14437 	1.466e-04 	1.584e-08 	1.389e-04 	7.299e-12 	3.350e-04 	4.044e-14 	3.030e-11 
1.35675 	0.14654 	1.466e-04 	1.595e-08 	1.389e-04 	7.349e-12 	3.350e-04 	4.074e-14 	3.041e-11 
1.37685 	0.14871 	1.466e-04 	1.605e-08 	1.389e-04 	7.399e-12 	3.350e-04 	4.105e-14 	3.052e-11 
1.39695 	0.15088 	1.466e-04 	1.616e-08 	1.389e-04 	7.449e-12 	3.350e-04 	4.136e-14 	3.063e-11 
1.41705 	0.15306 	1.466e-04 	1.626e-08 	1.390e-04 	7.499e-12 	3.350e-04 	4.167e-14 	3.074e-11 
1.43715 	0.15523 	1.466e-04 	1.637e-08 	1.390e-04 	7.550e-12 	3.351e-04 	4.198e-14 	3.085e-11 
1.45725 	0.15740 	1.466e-04 	1.648e-08 	1.390e-04 	7.602e-12 	3.351e-04 	4.230e-14 	3.097e-11 
1.47735 	0.15957 	1.466e-04 	1.658e-08 	1.390e-04 	7.653e-12 	3.351e-04 	4.262e-14 	3.108e-11 
1.49745 	0.16174 	1.466e-04 	1.669e-08 	1.390e-04 	7.705e-12 	3.351e-04 	4.294e-14 	3.119e-11 
1.51755 	0.16391 	1.466e-04 	1.680e-08 	1.390e-04 	7.758e-12 	3.351e-04 	4.326e-14 	3.130e-11 
1.53765 	0.16608 	1.466e-04 	1.691e-08 	1.390e-04 	7.810e-12 	3.351e-04 	4.359e-14 	3.142e-11 
1.55775 	0.16825 	1.465e-04 	1.702e-08 	1.390e-04 	7.863e-12 	3.351e-04 	4.392e-14 	3.153e-11 
1.57785 	0.17042 	1.465e-04 	1.713e-08 	1.390e-04 	7.917e-12 	3.351e-04 	4.425e-14 	3.165e-11 
1.59795 	0.17259 	1.465e-04 	1.725e-08 	1.390e-04 	7.970e-12 	3.351e-04 	4.458e-14 	3.176e-11 
1.61805 	0.17477 	1.465e-04 	1.736e-08 	1.390e-04 	8.025e-12 	3.351e-04 	4.492e-14 	3.188e-11 
1.63815 	0.17694 	1.465e-04 	1.747e-08 	1.390e-04 	8.079e-12 	3.351e-04 	4.526e-14 	3.199e-11 
1.65825 	0.17911 	1.465e-04 	1.759e-08 	1.390e-04 	8.134e-12 	3.351e-04 	4.560e-14 	3.211e-11 
1.67835 	0.18128 	1.465e-04 	1.770e-08 	1.390e-04 	8.189e-12 	3.351e-04 	4.594e-14 	3.222e-11 
1.69845 	0.18345 	1.465e-04 	1.782e-08 	1.390e-04 	8.245e-12 	3.352e-04 	4.629e-14 	3.234e-11 
1.71855 	0.18562 	1.465e-04 	1.793e-08 	1.390e-04 	8.301e-12 	3.352e-04 	4.664e-14 	3.246e-11 
1.73865 	0.18779 	1.465e-04 	1.805e-08 	1.390e-04 	8.357e-12 	3.352e-04 	4.699e-14 	3.258e-11 
1.75875 	0.18996 	1.465e-04 	1.817e-08 	1.390e-04 	8.414e-12 	3.352e-04 	4.734e-14 	3.269e-11 
1.77885 	0.19213 	1.465e-04 	1.829e-08 	1.390e-04 	8.471e-12 	3.352e-04 	4.770e-14 	3.281e-11 
1.79895 	0.19430 	1.465e-04 	1.841e-08 	1.390e-04 	8.528e-12 	3.352e-04 	4.806e-14 	3.293e-11 
1.81905 	0.19648 	1.465e-04 	1.853e-08 	1.390e-04 	8.586e-12 	3.352e-04 	4.842e-14 	3.305e-11 
1.83915 	0.19865 	1.465e-04 	1.865e-08 	1.390e-04 	8.645e-12 	3.352e-04 	4.878e-14 	3.317e-11 
1.85925 	0.20082 	1.465e-04 	1.877e-08 	1.390e-04 	8.703e-12 	3.352e-04 	4.915e-14 	3.329e-11 
1.87935 	0.20299 	1.465e-04 	1.889e-08 	1.390e-04 	8.762e-12 	3.352e-04 	4.952e-14 	3.341e-11 
1.89945 	0.20516 	1.464e-04 	1.902e-08 	1.390e-04 	8.822e-12 	3.352e-04 	4.990e-14 	3.353e-11 
1.91955 	0.20733 	1.464e-04 	1.914e-08 	1.390e-04 	8.882e-12 	3.352e-04 	5.027e-14 	3.365e-11 
1.93965 	0.20950 	1.464e-04 	1.927e-08 	1.390e-04 	8.942e-12 	3.352e-04 	5.065e-14 	3.378e-11 
1.95975 	0.21167 	1.464e-04 	1.939e-08 	1.390e-04 	9.003e-12 	3.352e-04 	5.103e-14 	3.390e-11 
1.97985 	0.21384 	1.464e-04 	1.952e-08 	1.390e-04 	9.064e-12 	3.353e-04 	5.142e-14 	3.402e-11 
1.99995 	0.21601 	1.464e-04 	1.965e-08 	1.390e-04 	9.125e-12 	3.353e-04 	5.181e-14 	3.415e-11 
