n = 1.0e+04, Tgas =  40.0, Tdust =  40.0, Go = 100.0
pc 	Av 	e- 	C 	C+ 	CO 	O 	O2 	H2O 
0.01005 	0.15507 	1.436e-04 	2.188e-07 	1.436e-04 	3.080e-10 	3.468e-04 	9.777e-14 	3.566e-12 
0.03015 	0.46521 	1.434e-04 	5.527e-07 	1.433e-04 	8.662e-10 	3.469e-04 	2.746e-13 	5.919e-12 
0.05025 	0.77536 	1.426e-04 	1.387e-06 	1.425e-04 	2.491e-09 	3.470e-04 	7.546e-13 	9.763e-12 
0.07035 	1.08550 	1.405e-04 	3.429e-06 	1.405e-04 	7.260e-09 	3.471e-04 	2.003e-12 	1.597e-11 
0.09045 	1.39564 	1.358e-04 	8.178e-06 	1.358e-04 	2.114e-08 	3.473e-04 	5.090e-12 	2.607e-11 
0.11055 	1.70579 	1.260e-04 	1.812e-05 	1.259e-04 	6.013e-08 	3.476e-04 	1.248e-11 	4.330e-11 
0.13065 	2.01593 	1.088e-04 	3.546e-05 	1.087e-04 	1.617e-07 	3.480e-04 	3.070e-11 	7.615e-11 
0.15075 	2.32607 	8.523e-05 	5.905e-05 	8.520e-05 	3.995e-07 	3.485e-04 	8.060e-11 	1.474e-10 
0.17085 	2.63622 	6.015e-05 	8.398e-05 	6.012e-05 	8.926e-07 	3.489e-04 	2.358e-10 	3.177e-10 
0.19095 	2.94636 	3.832e-05 	1.052e-04 	3.829e-05 	1.799e-06 	3.487e-04 	7.606e-10 	7.505e-10 
0.21105 	3.25650 	2.205e-05 	1.203e-04 	2.203e-05 	3.284e-06 	3.478e-04 	2.551e-09 	1.887e-09 
0.23115 	3.56664 	1.143e-05 	1.288e-04 	1.141e-05 	5.537e-06 	3.459e-04 	8.050e-09 	4.826e-09 
0.25125 	3.87679 	5.412e-06 	1.313e-04 	5.395e-06 	9.117e-06 	3.425e-04 	2.118e-08 	1.173e-08 
0.27135 	4.18693 	2.463e-06 	1.275e-04 	2.449e-06 	1.597e-05 	3.357e-04 	4.328e-08 	2.555e-08 
0.29145 	4.49707 	1.173e-06 	1.143e-04 	1.162e-06 	3.044e-05 	3.212e-04 	7.191e-08 	4.932e-08 
0.31155 	4.80722 	6.230e-07 	8.833e-05 	6.130e-07 	5.698e-05 	2.945e-04 	1.106e-07 	8.579e-08 
0.33165 	5.11736 	3.711e-07 	5.364e-05 	3.613e-07 	9.193e-05 	2.594e-04 	1.815e-07 	1.372e-07 
0.35175 	5.42750 	2.437e-07 	2.419e-05 	2.331e-07 	1.215e-04 	2.294e-04 	3.485e-07 	2.090e-07 
0.37185 	5.73765 	1.721e-07 	8.764e-06 	1.598e-07 	1.370e-04 	2.130e-04 	7.433e-07 	3.140e-07 
0.39195 	6.04779 	1.265e-07 	3.259e-06 	1.118e-07 	1.426e-04 	2.058e-04 	1.493e-06 	4.652e-07 
0.41205 	6.35793 	9.614e-08 	1.439e-06 	7.846e-08 	1.444e-04 	2.014e-04 	2.702e-06 	6.613e-07 
0.43215 	6.66807 	7.629e-08 	7.477e-07 	5.528e-08 	1.451e-04 	1.967e-04 	4.543e-06 	8.810e-07 
0.45225 	6.97822 	6.352e-08 	4.368e-07 	3.929e-08 	1.455e-04 	1.908e-04 	7.256e-06 	1.088e-06 
0.47235 	7.28836 	5.541e-08 	2.781e-07 	2.836e-08 	1.456e-04 	1.829e-04 	1.103e-05 	1.248e-06 
0.49245 	7.59850 	5.037e-08 	1.912e-07 	2.105e-08 	1.457e-04 	1.731e-04 	1.582e-05 	1.343e-06 
0.51255 	7.90865 	4.737e-08 	1.423e-07 	1.635e-08 	1.458e-04 	1.624e-04 	2.114e-05 	1.376e-06 
0.53265 	8.21879 	4.565e-08 	1.145e-07 	1.344e-08 	1.458e-04 	1.523e-04 	2.619e-05 	1.369e-06 
0.55275 	8.52893 	4.470e-08 	9.887e-08 	1.170e-08 	1.458e-04 	1.440e-04 	3.032e-05 	1.346e-06 
0.57285 	8.83908 	4.418e-08 	9.001e-08 	1.069e-08 	1.458e-04 	1.381e-04 	3.329e-05 	1.322e-06 
0.59295 	9.14922 	4.390e-08 	8.499e-08 	1.010e-08 	1.458e-04 	1.342e-04 	3.525e-05 	1.304e-06 
0.61305 	9.45936 	4.375e-08 	8.214e-08 	9.765e-09 	1.458e-04 	1.317e-04 	3.647e-05 	1.292e-06 
0.63315 	9.76950 	4.366e-08 	8.051e-08 	9.572e-09 	1.458e-04 	1.303e-04 	3.721e-05 	1.284e-06 
0.65325 	10.07965 	4.362e-08 	7.959e-08 	9.462e-09 	1.459e-04 	1.294e-04 	3.764e-05 	1.280e-06 
0.67335 	10.38979 	4.359e-08 	7.906e-08 	9.399e-09 	1.459e-04 	1.289e-04 	3.789e-05 	1.277e-06 
0.69345 	10.69993 	4.357e-08 	7.876e-08 	9.363e-09 	1.459e-04 	1.286e-04 	3.804e-05 	1.276e-06 
0.71355 	11.01008 	4.356e-08 	7.858e-08 	9.342e-09 	1.459e-04 	1.285e-04 	3.812e-05 	1.275e-06 
0.73365 	11.32022 	4.356e-08 	7.849e-08 	9.330e-09 	1.459e-04 	1.284e-04 	3.817e-05 	1.274e-06 
0.75375 	11.63036 	4.355e-08 	7.843e-08 	9.323e-09 	1.459e-04 	1.283e-04 	3.820e-05 	1.274e-06 
0.77385 	11.94051 	4.355e-08 	7.840e-08 	9.320e-09 	1.459e-04 	1.283e-04 	3.821e-05 	1.274e-06 
0.79395 	12.25065 	4.355e-08 	7.838e-08 	9.317e-09 	1.459e-04 	1.283e-04 	3.822e-05 	1.274e-06 
0.81405 	12.56079 	4.355e-08 	7.837e-08 	9.316e-09 	1.459e-04 	1.282e-04 	3.823e-05 	1.274e-06 
0.83415 	12.87093 	4.355e-08 	7.836e-08 	9.315e-09 	1.459e-04 	1.282e-04 	3.823e-05 	1.274e-06 
0.85425 	13.18108 	4.355e-08 	7.836e-08 	9.315e-09 	1.459e-04 	1.282e-04 	3.823e-05 	1.274e-06 
0.87435 	13.49122 	4.355e-08 	7.836e-08 	9.315e-09 	1.459e-04 	1.282e-04 	3.823e-05 	1.274e-06 
0.89445 	13.80136 	4.355e-08 	7.835e-08 	9.315e-09 	1.459e-04 	1.282e-04 	3.823e-05 	1.274e-06 
0.91455 	14.11151 	4.355e-08 	7.835e-08 	9.315e-09 	1.459e-04 	1.282e-04 	3.824e-05 	1.274e-06 
0.93465 	14.42165 	4.355e-08 	7.835e-08 	9.314e-09 	1.459e-04 	1.282e-04 	3.824e-05 	1.274e-06 
0.95475 	14.73179 	4.355e-08 	7.835e-08 	9.314e-09 	1.459e-04 	1.282e-04 	3.824e-05 	1.274e-06 
0.97485 	15.04194 	4.355e-08 	7.835e-08 	9.314e-09 	1.459e-04 	1.282e-04 	3.824e-05 	1.274e-06 
0.99495 	15.35208 	4.355e-08 	7.835e-08 	9.314e-09 	1.459e-04 	1.282e-04 	3.824e-05 	1.274e-06 
1.01505 	15.66222 	4.355e-08 	7.835e-08 	9.314e-09 	1.459e-04 	1.282e-04 	3.824e-05 	1.274e-06 
1.03515 	15.97236 	4.355e-08 	7.835e-08 	9.314e-09 	1.459e-04 	1.282e-04 	3.824e-05 	1.274e-06 
1.05525 	16.28251 	4.355e-08 	7.835e-08 	9.314e-09 	1.459e-04 	1.282e-04 	3.824e-05 	1.274e-06 
1.07535 	16.59265 	4.355e-08 	7.835e-08 	9.314e-09 	1.459e-04 	1.282e-04 	3.824e-05 	1.274e-06 
1.09545 	16.90279 	4.355e-08 	7.835e-08 	9.314e-09 	1.459e-04 	1.282e-04 	3.824e-05 	1.274e-06 
1.11555 	17.21294 	4.355e-08 	7.835e-08 	9.314e-09 	1.459e-04 	1.282e-04 	3.824e-05 	1.274e-06 
1.13565 	17.52308 	4.355e-08 	7.835e-08 	9.314e-09 	1.459e-04 	1.282e-04 	3.824e-05 	1.274e-06 
1.15575 	17.83322 	4.355e-08 	7.835e-08 	9.314e-09 	1.459e-04 	1.282e-04 	3.824e-05 	1.274e-06 
1.17585 	18.14337 	4.355e-08 	7.835e-08 	9.314e-09 	1.459e-04 	1.282e-04 	3.824e-05 	1.274e-06 
1.19595 	18.45351 	4.355e-08 	7.835e-08 	9.314e-09 	1.459e-04 	1.282e-04 	3.824e-05 	1.274e-06 
1.21605 	18.76365 	4.355e-08 	7.835e-08 	9.314e-09 	1.459e-04 	1.282e-04 	3.824e-05 	1.274e-06 
1.23615 	19.07379 	4.355e-08 	7.835e-08 	9.314e-09 	1.459e-04 	1.282e-04 	3.824e-05 	1.274e-06 
1.25625 	19.38394 	4.355e-08 	7.835e-08 	9.314e-09 	1.459e-04 	1.282e-04 	3.824e-05 	1.274e-06 
1.27635 	19.69408 	4.355e-08 	7.835e-08 	9.314e-09 	1.459e-04 	1.282e-04 	3.824e-05 	1.274e-06 
1.29645 	20.00422 	4.355e-08 	7.835e-08 	9.314e-09 	1.459e-04 	1.282e-04 	3.824e-05 	1.274e-06 
1.31655 	20.31437 	4.355e-08 	7.835e-08 	9.314e-09 	1.459e-04 	1.282e-04 	3.824e-05 	1.274e-06 
1.33665 	20.62451 	4.355e-08 	7.835e-08 	9.314e-09 	1.459e-04 	1.282e-04 	3.824e-05 	1.274e-06 
1.35675 	20.93465 	4.355e-08 	7.835e-08 	9.314e-09 	1.459e-04 	1.282e-04 	3.824e-05 	1.274e-06 
1.37685 	21.24480 	4.355e-08 	7.835e-08 	9.314e-09 	1.459e-04 	1.282e-04 	3.824e-05 	1.274e-06 
1.39695 	21.55494 	4.355e-08 	7.835e-08 	9.314e-09 	1.459e-04 	1.282e-04 	3.824e-05 	1.274e-06 
1.41705 	21.86508 	4.355e-08 	7.835e-08 	9.314e-09 	1.459e-04 	1.282e-04 	3.824e-05 	1.274e-06 
1.43715 	22.17522 	4.355e-08 	7.835e-08 	9.314e-09 	1.459e-04 	1.282e-04 	3.824e-05 	1.274e-06 
1.45725 	22.48537 	4.355e-08 	7.835e-08 	9.314e-09 	1.459e-04 	1.282e-04 	3.824e-05 	1.274e-06 
1.47735 	22.79551 	4.355e-08 	7.835e-08 	9.314e-09 	1.459e-04 	1.282e-04 	3.824e-05 	1.274e-06 
1.49745 	23.10565 	4.355e-08 	7.835e-08 	9.314e-09 	1.459e-04 	1.282e-04 	3.824e-05 	1.274e-06 
1.51755 	23.41580 	4.355e-08 	7.835e-08 	9.314e-09 	1.459e-04 	1.282e-04 	3.824e-05 	1.274e-06 
1.53765 	23.72594 	4.355e-08 	7.835e-08 	9.314e-09 	1.459e-04 	1.282e-04 	3.824e-05 	1.274e-06 
1.55775 	24.03608 	4.355e-08 	7.835e-08 	9.314e-09 	1.459e-04 	1.282e-04 	3.824e-05 	1.274e-06 
1.57785 	24.34623 	4.355e-08 	7.835e-08 	9.314e-09 	1.459e-04 	1.282e-04 	3.824e-05 	1.274e-06 
1.59795 	24.65637 	4.355e-08 	7.835e-08 	9.314e-09 	1.459e-04 	1.282e-04 	3.824e-05 	1.274e-06 
1.61805 	24.96651 	4.355e-08 	7.835e-08 	9.314e-09 	1.459e-04 	1.282e-04 	3.824e-05 	1.274e-06 
1.63815 	25.27665 	4.355e-08 	7.835e-08 	9.314e-09 	1.459e-04 	1.282e-04 	3.824e-05 	1.274e-06 
1.65825 	25.58680 	4.355e-08 	7.835e-08 	9.314e-09 	1.459e-04 	1.282e-04 	3.824e-05 	1.274e-06 
1.67835 	25.89694 	4.355e-08 	7.835e-08 	9.314e-09 	1.459e-04 	1.282e-04 	3.824e-05 	1.274e-06 
1.69845 	26.20708 	4.355e-08 	7.835e-08 	9.314e-09 	1.459e-04 	1.282e-04 	3.824e-05 	1.274e-06 
1.71855 	26.51723 	4.355e-08 	7.835e-08 	9.314e-09 	1.459e-04 	1.282e-04 	3.824e-05 	1.274e-06 
1.73865 	26.82737 	4.355e-08 	7.835e-08 	9.314e-09 	1.459e-04 	1.282e-04 	3.824e-05 	1.274e-06 
1.75875 	27.13751 	4.355e-08 	7.835e-08 	9.314e-09 	1.459e-04 	1.282e-04 	3.824e-05 	1.274e-06 
1.77885 	27.44766 	4.355e-08 	7.835e-08 	9.314e-09 	1.459e-04 	1.282e-04 	3.824e-05 	1.274e-06 
1.79895 	27.75780 	4.355e-08 	7.835e-08 	9.314e-09 	1.459e-04 	1.282e-04 	3.824e-05 	1.274e-06 
1.81905 	28.06794 	4.355e-08 	7.835e-08 	9.314e-09 	1.459e-04 	1.282e-04 	3.824e-05 	1.274e-06 
1.83915 	28.37808 	4.355e-08 	7.835e-08 	9.314e-09 	1.459e-04 	1.282e-04 	3.824e-05 	1.274e-06 
1.85925 	28.68823 	4.355e-08 	7.835e-08 	9.314e-09 	1.459e-04 	1.282e-04 	3.824e-05 	1.274e-06 
1.87935 	28.99837 	4.355e-08 	7.835e-08 	9.314e-09 	1.459e-04 	1.282e-04 	3.824e-05 	1.274e-06 
1.89945 	29.30851 	4.355e-08 	7.835e-08 	9.314e-09 	1.459e-04 	1.282e-04 	3.824e-05 	1.274e-06 
1.91955 	29.61866 	4.355e-08 	7.835e-08 	9.314e-09 	1.459e-04 	1.282e-04 	3.824e-05 	1.274e-06 
1.93965 	29.92880 	4.355e-08 	7.835e-08 	9.314e-09 	1.459e-04 	1.282e-04 	3.824e-05 	1.274e-06 
1.95975 	30.23894 	4.355e-08 	7.835e-08 	9.314e-09 	1.459e-04 	1.282e-04 	3.824e-05 	1.274e-06 
1.97985 	30.54909 	4.355e-08 	7.835e-08 	9.314e-09 	1.459e-04 	1.282e-04 	3.824e-05 	1.274e-06 
1.99995 	30.85923 	4.355e-08 	7.835e-08 	9.314e-09 	1.459e-04 	1.282e-04 	3.824e-05 	1.274e-06 
