n = 1.0e+03, Tgas =   6.0, Tdust =   6.0, Go =  10.0
pc 	Av 	e- 	C 	C+ 	CO 	O 	O2 	H2O 
0.01005 	0.01551 	1.388e-04 	3.847e-07 	1.386e-04 	1.610e-10 	3.348e-04 	1.051e-14 	1.012e-11 
0.03015 	0.04652 	1.387e-04 	4.221e-07 	1.386e-04 	1.793e-10 	3.348e-04 	1.169e-14 	1.067e-11 
0.05025 	0.07754 	1.387e-04 	4.630e-07 	1.385e-04 	1.997e-10 	3.348e-04 	1.300e-14 	1.124e-11 
0.07035 	0.10855 	1.387e-04 	5.078e-07 	1.385e-04 	2.224e-10 	3.348e-04 	1.445e-14 	1.184e-11 
0.09045 	0.13956 	1.386e-04 	5.570e-07 	1.384e-04 	2.478e-10 	3.349e-04 	1.606e-14 	1.247e-11 
0.11055 	0.17058 	1.386e-04 	6.109e-07 	1.384e-04 	2.762e-10 	3.349e-04 	1.784e-14 	1.314e-11 
0.13065 	0.20159 	1.385e-04 	6.700e-07 	1.383e-04 	3.078e-10 	3.349e-04 	1.983e-14 	1.384e-11 
0.15075 	0.23261 	1.385e-04 	7.347e-07 	1.383e-04 	3.431e-10 	3.349e-04 	2.203e-14 	1.458e-11 
0.17085 	0.26362 	1.384e-04 	8.056e-07 	1.382e-04 	3.825e-10 	3.349e-04 	2.447e-14 	1.536e-11 
0.19095 	0.29464 	1.383e-04 	8.833e-07 	1.382e-04 	4.265e-10 	3.349e-04 	2.718e-14 	1.617e-11 
0.21105 	0.32565 	1.383e-04 	9.683e-07 	1.381e-04 	4.757e-10 	3.350e-04 	3.019e-14 	1.704e-11 
0.23115 	0.35666 	1.382e-04 	1.061e-06 	1.380e-04 	5.305e-10 	3.350e-04 	3.352e-14 	1.794e-11 
0.25125 	0.38768 	1.381e-04 	1.163e-06 	1.379e-04 	5.918e-10 	3.350e-04 	3.722e-14 	1.890e-11 
0.27135 	0.41869 	1.380e-04 	1.275e-06 	1.378e-04 	6.602e-10 	3.350e-04 	4.131e-14 	1.990e-11 
0.29145 	0.44971 	1.379e-04 	1.397e-06 	1.377e-04 	7.366e-10 	3.350e-04 	4.585e-14 	2.096e-11 
0.31155 	0.48072 	1.377e-04 	1.530e-06 	1.375e-04 	8.220e-10 	3.350e-04 	5.088e-14 	2.208e-11 
0.33165 	0.51174 	1.376e-04 	1.676e-06 	1.374e-04 	9.173e-10 	3.351e-04 	5.644e-14 	2.325e-11 
0.35175 	0.54275 	1.374e-04 	1.836e-06 	1.373e-04 	1.024e-09 	3.351e-04 	6.261e-14 	2.449e-11 
0.37185 	0.57376 	1.373e-04 	2.010e-06 	1.371e-04 	1.143e-09 	3.351e-04 	6.943e-14 	2.580e-11 
0.39195 	0.60478 	1.371e-04 	2.201e-06 	1.369e-04 	1.275e-09 	3.351e-04 	7.699e-14 	2.717e-11 
0.41205 	0.63579 	1.369e-04 	2.408e-06 	1.367e-04 	1.424e-09 	3.352e-04 	8.534e-14 	2.862e-11 
0.43215 	0.66681 	1.367e-04 	2.635e-06 	1.365e-04 	1.589e-09 	3.352e-04 	9.459e-14 	3.015e-11 
0.45225 	0.69782 	1.364e-04 	2.883e-06 	1.363e-04 	1.774e-09 	3.352e-04 	1.048e-13 	3.176e-11 
0.47235 	0.72884 	1.362e-04 	3.152e-06 	1.360e-04 	1.980e-09 	3.352e-04 	1.161e-13 	3.346e-11 
0.49245 	0.75985 	1.359e-04 	3.446e-06 	1.357e-04 	2.211e-09 	3.353e-04 	1.286e-13 	3.526e-11 
0.51255 	0.79086 	1.356e-04 	3.765e-06 	1.354e-04 	2.468e-09 	3.353e-04 	1.424e-13 	3.715e-11 
0.53265 	0.82188 	1.353e-04 	4.113e-06 	1.351e-04 	2.755e-09 	3.353e-04 	1.576e-13 	3.915e-11 
0.55275 	0.85289 	1.349e-04 	4.490e-06 	1.347e-04 	3.075e-09 	3.354e-04 	1.745e-13 	4.127e-11 
0.57285 	0.88391 	1.345e-04 	4.900e-06 	1.343e-04 	3.432e-09 	3.354e-04 	1.931e-13 	4.351e-11 
0.59295 	0.91492 	1.341e-04 	5.345e-06 	1.339e-04 	3.831e-09 	3.355e-04 	2.136e-13 	4.587e-11 
0.61305 	0.94594 	1.336e-04 	5.827e-06 	1.334e-04 	4.275e-09 	3.355e-04 	2.363e-13 	4.838e-11 
0.63315 	0.97695 	1.331e-04 	6.349e-06 	1.329e-04 	4.770e-09 	3.355e-04 	2.613e-13 	5.104e-11 
0.65325 	1.00796 	1.326e-04 	6.914e-06 	1.324e-04 	5.322e-09 	3.356e-04 	2.889e-13 	5.386e-11 
0.67335 	1.03898 	1.320e-04 	7.523e-06 	1.318e-04 	5.937e-09 	3.357e-04 	3.194e-13 	5.685e-11 
0.69345 	1.06999 	1.313e-04 	8.181e-06 	1.312e-04 	6.621e-09 	3.357e-04 	3.530e-13 	6.003e-11 
0.71355 	1.10101 	1.307e-04 	8.889e-06 	1.305e-04 	7.383e-09 	3.358e-04 	3.901e-13 	6.341e-11 
0.73365 	1.13202 	1.299e-04 	9.650e-06 	1.297e-04 	8.231e-09 	3.358e-04 	4.310e-13 	6.700e-11 
0.75375 	1.16304 	1.291e-04 	1.047e-05 	1.289e-04 	9.175e-09 	3.359e-04 	4.762e-13 	7.084e-11 
0.77385 	1.19405 	1.283e-04 	1.134e-05 	1.281e-04 	1.022e-08 	3.360e-04 	5.261e-13 	7.493e-11 
0.79395 	1.22506 	1.274e-04 	1.228e-05 	1.272e-04 	1.139e-08 	3.361e-04 	5.812e-13 	7.930e-11 
0.81405 	1.25608 	1.264e-04 	1.329e-05 	1.262e-04 	1.268e-08 	3.362e-04 	6.419e-13 	8.397e-11 
0.83415 	1.28709 	1.254e-04 	1.435e-05 	1.252e-04 	1.412e-08 	3.363e-04 	7.091e-13 	8.897e-11 
0.85425 	1.31811 	1.243e-04 	1.549e-05 	1.241e-04 	1.571e-08 	3.364e-04 	7.833e-13 	9.433e-11 
0.87435 	1.34912 	1.231e-04 	1.670e-05 	1.229e-04 	1.748e-08 	3.365e-04 	8.654e-13 	1.001e-10 
0.89445 	1.38014 	1.219e-04 	1.798e-05 	1.217e-04 	1.944e-08 	3.366e-04 	9.561e-13 	1.063e-10 
0.91455 	1.41115 	1.206e-04 	1.933e-05 	1.204e-04 	2.160e-08 	3.367e-04 	1.057e-12 	1.129e-10 
0.93465 	1.44216 	1.192e-04 	2.075e-05 	1.190e-04 	2.400e-08 	3.368e-04 	1.168e-12 	1.201e-10 
0.95475 	1.47318 	1.178e-04 	2.225e-05 	1.176e-04 	2.665e-08 	3.370e-04 	1.291e-12 	1.278e-10 
0.97485 	1.50419 	1.162e-04 	2.382e-05 	1.160e-04 	2.958e-08 	3.371e-04 	1.428e-12 	1.362e-10 
0.99495 	1.53521 	1.146e-04 	2.547e-05 	1.145e-04 	3.281e-08 	3.373e-04 	1.580e-12 	1.453e-10 
1.01505 	1.56622 	1.130e-04 	2.719e-05 	1.128e-04 	3.637e-08 	3.374e-04 	1.749e-12 	1.551e-10 
1.03515 	1.59724 	1.113e-04 	2.898e-05 	1.111e-04 	4.030e-08 	3.376e-04 	1.937e-12 	1.657e-10 
1.05525 	1.62825 	1.095e-04 	3.084e-05 	1.093e-04 	4.462e-08 	3.377e-04 	2.146e-12 	1.772e-10 
1.07535 	1.65927 	1.076e-04 	3.276e-05 	1.074e-04 	4.938e-08 	3.379e-04 	2.379e-12 	1.898e-10 
1.09545 	1.69028 	1.057e-04 	3.475e-05 	1.055e-04 	5.461e-08 	3.381e-04 	2.640e-12 	2.034e-10 
1.11555 	1.72129 	1.037e-04 	3.680e-05 	1.035e-04 	6.035e-08 	3.383e-04 	2.931e-12 	2.183e-10 
1.13565 	1.75231 	1.017e-04 	3.891e-05 	1.015e-04 	6.665e-08 	3.385e-04 	3.257e-12 	2.344e-10 
1.15575 	1.78332 	9.959e-05 	4.107e-05 	9.939e-05 	7.356e-08 	3.387e-04 	3.622e-12 	2.521e-10 
1.17585 	1.81434 	9.746e-05 	4.327e-05 	9.726e-05 	8.113e-08 	3.389e-04 	4.032e-12 	2.714e-10 
1.19595 	1.84535 	9.529e-05 	4.552e-05 	9.508e-05 	8.941e-08 	3.391e-04 	4.493e-12 	2.925e-10 
1.21605 	1.87637 	9.308e-05 	4.781e-05 	9.287e-05 	9.846e-08 	3.393e-04 	5.011e-12 	3.156e-10 
1.23615 	1.90738 	9.084e-05 	5.013e-05 	9.063e-05 	1.083e-07 	3.395e-04 	5.594e-12 	3.408e-10 
1.25625 	1.93839 	8.857e-05 	5.248e-05 	8.836e-05 	1.191e-07 	3.397e-04 	6.252e-12 	3.685e-10 
1.27635 	1.96941 	8.628e-05 	5.484e-05 	8.607e-05 	1.309e-07 	3.399e-04 	6.996e-12 	3.988e-10 
1.29645 	2.00042 	8.398e-05 	5.723e-05 	8.376e-05 	1.437e-07 	3.401e-04 	7.836e-12 	4.320e-10 
1.31655 	2.03144 	8.166e-05 	5.963e-05 	8.144e-05 	1.577e-07 	3.403e-04 	8.788e-12 	4.685e-10 
1.33665 	2.06245 	7.933e-05 	6.203e-05 	7.911e-05 	1.728e-07 	3.406e-04 	9.867e-12 	5.086e-10 
1.35675 	2.09347 	7.701e-05 	6.443e-05 	7.678e-05 	1.893e-07 	3.408e-04 	1.109e-11 	5.525e-10 
1.37685 	2.12448 	7.468e-05 	6.683e-05 	7.446e-05 	2.072e-07 	3.410e-04 	1.248e-11 	6.009e-10 
1.39695 	2.15549 	7.237e-05 	6.922e-05 	7.214e-05 	2.266e-07 	3.412e-04 	1.407e-11 	6.540e-10 
1.41705 	2.18651 	7.007e-05 	7.159e-05 	6.983e-05 	2.476e-07 	3.414e-04 	1.587e-11 	7.123e-10 
1.43715 	2.21752 	6.778e-05 	7.395e-05 	6.755e-05 	2.703e-07 	3.416e-04 	1.793e-11 	7.766e-10 
1.45725 	2.24854 	6.552e-05 	7.628e-05 	6.528e-05 	2.949e-07 	3.418e-04 	2.027e-11 	8.472e-10 
1.47735 	2.27955 	6.328e-05 	7.858e-05 	6.304e-05 	3.215e-07 	3.420e-04 	2.295e-11 	9.249e-10 
1.49745 	2.31057 	6.106e-05 	8.086e-05 	6.082e-05 	3.502e-07 	3.422e-04 	2.601e-11 	1.010e-09 
1.51755 	2.34158 	5.888e-05 	8.309e-05 	5.864e-05 	3.811e-07 	3.424e-04 	2.951e-11 	1.105e-09 
1.53765 	2.37259 	5.673e-05 	8.529e-05 	5.649e-05 	4.144e-07 	3.426e-04 	3.352e-11 	1.208e-09 
1.55775 	2.40361 	5.462e-05 	8.745e-05 	5.438e-05 	4.503e-07 	3.428e-04 	3.812e-11 	1.323e-09 
1.57785 	2.43462 	5.255e-05 	8.957e-05 	5.230e-05 	4.889e-07 	3.429e-04 	4.338e-11 	1.448e-09 
1.59795 	2.46564 	5.052e-05 	9.163e-05 	5.027e-05 	5.305e-07 	3.431e-04 	4.942e-11 	1.587e-09 
1.61805 	2.49665 	4.853e-05 	9.365e-05 	4.828e-05 	5.751e-07 	3.433e-04 	5.636e-11 	1.740e-09 
1.63815 	2.52767 	4.659e-05 	9.562e-05 	4.634e-05 	6.229e-07 	3.434e-04 	6.432e-11 	1.908e-09 
1.65825 	2.55868 	4.470e-05 	9.754e-05 	4.444e-05 	6.743e-07 	3.435e-04 	7.347e-11 	2.093e-09 
1.67835 	2.58969 	4.285e-05 	9.940e-05 	4.259e-05 	7.293e-07 	3.437e-04 	8.399e-11 	2.297e-09 
1.69845 	2.62071 	4.105e-05 	1.012e-04 	4.079e-05 	7.883e-07 	3.438e-04 	9.608e-11 	2.521e-09 
1.71855 	2.65172 	3.929e-05 	1.030e-04 	3.904e-05 	8.515e-07 	3.439e-04 	1.100e-10 	2.769e-09 
1.73865 	2.68274 	3.759e-05 	1.046e-04 	3.733e-05 	9.191e-07 	3.440e-04 	1.260e-10 	3.041e-09 
1.75875 	2.71375 	3.594e-05 	1.063e-04 	3.568e-05 	9.913e-07 	3.441e-04 	1.444e-10 	3.341e-09 
1.77885 	2.74477 	3.434e-05 	1.079e-04 	3.408e-05 	1.069e-06 	3.441e-04 	1.655e-10 	3.671e-09 
1.79895 	2.77578 	3.279e-05 	1.094e-04 	3.252e-05 	1.151e-06 	3.442e-04 	1.899e-10 	4.035e-09 
1.81905 	2.80679 	3.128e-05 	1.108e-04 	3.102e-05 	1.240e-06 	3.443e-04 	2.179e-10 	4.435e-09 
1.83915 	2.83781 	2.983e-05 	1.122e-04 	2.957e-05 	1.334e-06 	3.443e-04 	2.501e-10 	4.875e-09 
1.85925 	2.86882 	2.843e-05 	1.136e-04 	2.817e-05 	1.435e-06 	3.443e-04 	2.872e-10 	5.358e-09 
1.87935 	2.89984 	2.708e-05 	1.148e-04 	2.681e-05 	1.542e-06 	3.443e-04 	3.298e-10 	5.890e-09 
1.89945 	2.93085 	2.577e-05 	1.161e-04 	2.551e-05 	1.658e-06 	3.443e-04 	3.789e-10 	6.475e-09 
1.91955 	2.96187 	2.452e-05 	1.172e-04 	2.425e-05 	1.780e-06 	3.443e-04 	4.352e-10 	7.117e-09 
1.93965 	2.99288 	2.331e-05 	1.183e-04 	2.305e-05 	1.912e-06 	3.442e-04 	4.999e-10 	7.822e-09 
1.95975 	3.02389 	2.215e-05 	1.193e-04 	2.188e-05 	2.053e-06 	3.441e-04 	5.742e-10 	8.596e-09 
1.97985 	3.05491 	2.103e-05 	1.203e-04 	2.077e-05 	2.203e-06 	3.440e-04 	6.594e-10 	9.445e-09 
1.99995 	3.08592 	1.996e-05 	1.212e-04 	1.970e-05 	2.364e-06 	3.439e-04 	7.571e-10 	1.038e-08 
