n = 1.1e+02, Tgas =  15.0, Tdust =  15.0, Go = 10000.0
pc 	Av 	e- 	C 	C+ 	CO 	O 	O2 	H2O 
0.01005 	0.00171 	1.611e-04 	2.446e-11 	1.396e-04 	4.276e-17 	3.366e-04 	1.632e-21 	4.620e-16 
0.03015 	0.00512 	1.611e-04 	2.471e-11 	1.396e-04 	4.341e-17 	3.366e-04 	1.648e-21 	4.656e-16 
0.05025 	0.00853 	1.611e-04 	2.497e-11 	1.396e-04 	4.408e-17 	3.366e-04 	1.664e-21 	4.691e-16 
0.07035 	0.01194 	1.611e-04 	2.522e-11 	1.396e-04 	4.476e-17 	3.366e-04 	1.679e-21 	4.727e-16 
0.09045 	0.01535 	1.611e-04 	2.548e-11 	1.396e-04 	4.544e-17 	3.366e-04 	1.696e-21 	4.763e-16 
0.11055 	0.01876 	1.611e-04 	2.574e-11 	1.396e-04 	4.614e-17 	3.366e-04 	1.712e-21 	4.800e-16 
0.13065 	0.02218 	1.611e-04 	2.601e-11 	1.396e-04 	4.685e-17 	3.366e-04 	1.728e-21 	4.837e-16 
0.15075 	0.02559 	1.611e-04 	2.628e-11 	1.396e-04 	4.757e-17 	3.366e-04 	1.745e-21 	4.874e-16 
0.17085 	0.02900 	1.611e-04 	2.655e-11 	1.396e-04 	4.830e-17 	3.366e-04 	1.762e-21 	4.911e-16 
0.19095 	0.03241 	1.611e-04 	2.682e-11 	1.396e-04 	4.905e-17 	3.366e-04 	1.779e-21 	4.949e-16 
0.21105 	0.03582 	1.611e-04 	2.710e-11 	1.396e-04 	4.980e-17 	3.366e-04 	1.796e-21 	4.988e-16 
0.23115 	0.03923 	1.611e-04 	2.737e-11 	1.396e-04 	5.057e-17 	3.366e-04 	1.814e-21 	5.026e-16 
0.25125 	0.04264 	1.611e-04 	2.766e-11 	1.396e-04 	5.135e-17 	3.366e-04 	1.831e-21 	5.065e-16 
0.27135 	0.04606 	1.611e-04 	2.794e-11 	1.396e-04 	5.214e-17 	3.366e-04 	1.849e-21 	5.104e-16 
0.29145 	0.04947 	1.611e-04 	2.823e-11 	1.396e-04 	5.295e-17 	3.366e-04 	1.867e-21 	5.144e-16 
0.31155 	0.05288 	1.611e-04 	2.852e-11 	1.396e-04 	5.377e-17 	3.366e-04 	1.885e-21 	5.184e-16 
0.33165 	0.05629 	1.611e-04 	2.881e-11 	1.396e-04 	5.460e-17 	3.366e-04 	1.904e-21 	5.225e-16 
0.35175 	0.05970 	1.611e-04 	2.911e-11 	1.396e-04 	5.544e-17 	3.366e-04 	1.922e-21 	5.265e-16 
0.37185 	0.06311 	1.611e-04 	2.941e-11 	1.396e-04 	5.630e-17 	3.366e-04 	1.941e-21 	5.307e-16 
0.39195 	0.06653 	1.611e-04 	2.971e-11 	1.396e-04 	5.717e-17 	3.366e-04 	1.960e-21 	5.348e-16 
0.41205 	0.06994 	1.611e-04 	3.001e-11 	1.396e-04 	5.805e-17 	3.366e-04 	1.980e-21 	5.390e-16 
0.43215 	0.07335 	1.611e-04 	3.032e-11 	1.396e-04 	5.895e-17 	3.366e-04 	1.999e-21 	5.433e-16 
0.45225 	0.07676 	1.611e-04 	3.063e-11 	1.396e-04 	5.987e-17 	3.366e-04 	2.019e-21 	5.476e-16 
0.47235 	0.08017 	1.611e-04 	3.095e-11 	1.396e-04 	6.080e-17 	3.366e-04 	2.039e-21 	5.519e-16 
0.49245 	0.08358 	1.611e-04 	3.127e-11 	1.396e-04 	6.174e-17 	3.366e-04 	2.059e-21 	5.562e-16 
0.51255 	0.08700 	1.611e-04 	3.159e-11 	1.396e-04 	6.270e-17 	3.365e-04 	2.079e-21 	5.606e-16 
0.53265 	0.09041 	1.611e-04 	3.191e-11 	1.396e-04 	6.367e-17 	3.365e-04 	2.100e-21 	5.651e-16 
0.55275 	0.09382 	1.611e-04 	3.224e-11 	1.396e-04 	6.466e-17 	3.365e-04 	2.121e-21 	5.696e-16 
0.57285 	0.09723 	1.611e-04 	3.257e-11 	1.396e-04 	6.567e-17 	3.365e-04 	2.142e-21 	5.741e-16 
0.59295 	0.10064 	1.611e-04 	3.291e-11 	1.396e-04 	6.669e-17 	3.365e-04 	2.164e-21 	5.787e-16 
0.61305 	0.10405 	1.611e-04 	3.325e-11 	1.396e-04 	6.773e-17 	3.365e-04 	2.185e-21 	5.833e-16 
0.63315 	0.10746 	1.610e-04 	3.359e-11 	1.396e-04 	6.878e-17 	3.365e-04 	2.207e-21 	5.880e-16 
0.65325 	0.11088 	1.610e-04 	3.393e-11 	1.396e-04 	6.985e-17 	3.365e-04 	2.229e-21 	5.927e-16 
0.67335 	0.11429 	1.610e-04 	3.428e-11 	1.396e-04 	7.094e-17 	3.365e-04 	2.252e-21 	5.975e-16 
0.69345 	0.11770 	1.610e-04 	3.463e-11 	1.396e-04 	7.205e-17 	3.365e-04 	2.274e-21 	6.023e-16 
0.71355 	0.12111 	1.610e-04 	3.499e-11 	1.396e-04 	7.317e-17 	3.365e-04 	2.297e-21 	6.072e-16 
0.73365 	0.12452 	1.610e-04 	3.535e-11 	1.396e-04 	7.432e-17 	3.365e-04 	2.320e-21 	6.121e-16 
0.75375 	0.12793 	1.610e-04 	3.571e-11 	1.396e-04 	7.548e-17 	3.365e-04 	2.344e-21 	6.170e-16 
0.77385 	0.13135 	1.610e-04 	3.608e-11 	1.396e-04 	7.666e-17 	3.365e-04 	2.368e-21 	6.220e-16 
0.79395 	0.13476 	1.610e-04 	3.645e-11 	1.396e-04 	7.785e-17 	3.365e-04 	2.392e-21 	6.271e-16 
0.81405 	0.13817 	1.610e-04 	3.682e-11 	1.396e-04 	7.907e-17 	3.365e-04 	2.416e-21 	6.322e-16 
0.83415 	0.14158 	1.610e-04 	3.720e-11 	1.396e-04 	8.031e-17 	3.365e-04 	2.441e-21 	6.373e-16 
0.85425 	0.14499 	1.610e-04 	3.759e-11 	1.396e-04 	8.157e-17 	3.365e-04 	2.466e-21 	6.426e-16 
0.87435 	0.14840 	1.610e-04 	3.797e-11 	1.396e-04 	8.284e-17 	3.365e-04 	2.491e-21 	6.478e-16 
0.89445 	0.15181 	1.610e-04 	3.836e-11 	1.396e-04 	8.414e-17 	3.365e-04 	2.517e-21 	6.531e-16 
0.91455 	0.15523 	1.610e-04 	3.876e-11 	1.396e-04 	8.546e-17 	3.365e-04 	2.542e-21 	6.585e-16 
0.93465 	0.15864 	1.610e-04 	3.915e-11 	1.396e-04 	8.680e-17 	3.365e-04 	2.569e-21 	6.639e-16 
0.95475 	0.16205 	1.610e-04 	3.956e-11 	1.396e-04 	8.816e-17 	3.365e-04 	2.595e-21 	6.694e-16 
0.97485 	0.16546 	1.610e-04 	3.996e-11 	1.396e-04 	8.954e-17 	3.365e-04 	2.622e-21 	6.750e-16 
0.99495 	0.16887 	1.610e-04 	4.037e-11 	1.395e-04 	9.095e-17 	3.364e-04 	2.649e-21 	6.806e-16 
1.01505 	0.17228 	1.610e-04 	4.079e-11 	1.395e-04 	9.238e-17 	3.364e-04 	2.676e-21 	6.862e-16 
1.03515 	0.17570 	1.610e-04 	4.121e-11 	1.395e-04 	9.383e-17 	3.364e-04 	2.704e-21 	6.919e-16 
1.05525 	0.17911 	1.610e-04 	4.163e-11 	1.395e-04 	9.531e-17 	3.364e-04 	2.732e-21 	6.977e-16 
1.07535 	0.18252 	1.610e-04 	4.206e-11 	1.395e-04 	9.680e-17 	3.364e-04 	2.761e-21 	7.035e-16 
1.09545 	0.18593 	1.610e-04 	4.249e-11 	1.395e-04 	9.833e-17 	3.364e-04 	2.790e-21 	7.094e-16 
1.11555 	0.18934 	1.610e-04 	4.293e-11 	1.395e-04 	9.988e-17 	3.364e-04 	2.819e-21 	7.154e-16 
1.13565 	0.19275 	1.610e-04 	4.337e-11 	1.395e-04 	1.014e-16 	3.364e-04 	2.848e-21 	7.214e-16 
1.15575 	0.19617 	1.610e-04 	4.382e-11 	1.395e-04 	1.030e-16 	3.364e-04 	2.878e-21 	7.275e-16 
1.17585 	0.19958 	1.610e-04 	4.427e-11 	1.395e-04 	1.047e-16 	3.364e-04 	2.908e-21 	7.337e-16 
1.19595 	0.20299 	1.609e-04 	4.472e-11 	1.395e-04 	1.063e-16 	3.364e-04 	2.939e-21 	7.399e-16 
1.21605 	0.20640 	1.609e-04 	4.518e-11 	1.395e-04 	1.080e-16 	3.364e-04 	2.970e-21 	7.461e-16 
1.23615 	0.20981 	1.609e-04 	4.564e-11 	1.395e-04 	1.097e-16 	3.364e-04 	3.001e-21 	7.525e-16 
1.25625 	0.21322 	1.609e-04 	4.611e-11 	1.395e-04 	1.114e-16 	3.364e-04 	3.033e-21 	7.589e-16 
1.27635 	0.21663 	1.609e-04 	4.659e-11 	1.395e-04 	1.132e-16 	3.364e-04 	3.065e-21 	7.654e-16 
1.29645 	0.22005 	1.609e-04 	4.707e-11 	1.395e-04 	1.150e-16 	3.364e-04 	3.098e-21 	7.719e-16 
1.31655 	0.22346 	1.609e-04 	4.755e-11 	1.395e-04 	1.168e-16 	3.364e-04 	3.131e-21 	7.786e-16 
1.33665 	0.22687 	1.609e-04 	4.804e-11 	1.395e-04 	1.186e-16 	3.364e-04 	3.164e-21 	7.853e-16 
1.35675 	0.23028 	1.609e-04 	4.853e-11 	1.395e-04 	1.205e-16 	3.364e-04 	3.198e-21 	7.920e-16 
1.37685 	0.23369 	1.609e-04 	4.903e-11 	1.395e-04 	1.224e-16 	3.364e-04 	3.233e-21 	7.989e-16 
1.39695 	0.23710 	1.609e-04 	4.953e-11 	1.395e-04 	1.244e-16 	3.363e-04 	3.267e-21 	8.058e-16 
1.41705 	0.24052 	1.609e-04 	5.004e-11 	1.395e-04 	1.263e-16 	3.363e-04 	3.302e-21 	8.128e-16 
1.43715 	0.24393 	1.609e-04 	5.056e-11 	1.395e-04 	1.283e-16 	3.363e-04 	3.338e-21 	8.199e-16 
1.45725 	0.24734 	1.609e-04 	5.108e-11 	1.395e-04 	1.304e-16 	3.363e-04 	3.374e-21 	8.270e-16 
1.47735 	0.25075 	1.609e-04 	5.160e-11 	1.395e-04 	1.324e-16 	3.363e-04 	3.410e-21 	8.342e-16 
1.49745 	0.25416 	1.609e-04 	5.213e-11 	1.395e-04 	1.345e-16 	3.363e-04 	3.447e-21 	8.415e-16 
1.51755 	0.25757 	1.609e-04 	5.267e-11 	1.395e-04 	1.367e-16 	3.363e-04 	3.485e-21 	8.489e-16 
1.53765 	0.26099 	1.609e-04 	5.321e-11 	1.395e-04 	1.388e-16 	3.363e-04 	3.523e-21 	8.564e-16 
1.55775 	0.26440 	1.609e-04 	5.375e-11 	1.395e-04 	1.410e-16 	3.363e-04 	3.561e-21 	8.640e-16 
1.57785 	0.26781 	1.609e-04 	5.431e-11 	1.395e-04 	1.433e-16 	3.363e-04 	3.600e-21 	8.716e-16 
1.59795 	0.27122 	1.609e-04 	5.486e-11 	1.395e-04 	1.456e-16 	3.363e-04 	3.639e-21 	8.793e-16 
1.61805 	0.27463 	1.609e-04 	5.543e-11 	1.395e-04 	1.479e-16 	3.363e-04 	3.679e-21 	8.871e-16 
1.63815 	0.27804 	1.608e-04 	5.600e-11 	1.395e-04 	1.502e-16 	3.363e-04 	3.720e-21 	8.950e-16 
1.65825 	0.28145 	1.608e-04 	5.657e-11 	1.395e-04 	1.526e-16 	3.363e-04 	3.761e-21 	9.030e-16 
1.67835 	0.28487 	1.608e-04 	5.715e-11 	1.395e-04 	1.550e-16 	3.363e-04 	3.802e-21 	9.111e-16 
1.69845 	0.28828 	1.608e-04 	5.774e-11 	1.395e-04 	1.575e-16 	3.363e-04 	3.844e-21 	9.192e-16 
1.71855 	0.29169 	1.608e-04 	5.833e-11 	1.395e-04 	1.600e-16 	3.363e-04 	3.887e-21 	9.275e-16 
1.73865 	0.29510 	1.608e-04 	5.893e-11 	1.395e-04 	1.626e-16 	3.363e-04 	3.930e-21 	9.358e-16 
1.75875 	0.29851 	1.608e-04 	5.954e-11 	1.395e-04 	1.651e-16 	3.362e-04 	3.974e-21 	9.443e-16 
1.77885 	0.30192 	1.608e-04 	6.015e-11 	1.395e-04 	1.678e-16 	3.362e-04 	4.018e-21 	9.528e-16 
1.79895 	0.30534 	1.608e-04 	6.077e-11 	1.395e-04 	1.705e-16 	3.362e-04 	4.063e-21 	9.615e-16 
1.81905 	0.30875 	1.608e-04 	6.139e-11 	1.395e-04 	1.732e-16 	3.362e-04 	4.108e-21 	9.702e-16 
1.83915 	0.31216 	1.608e-04 	6.202e-11 	1.395e-04 	1.759e-16 	3.362e-04 	4.154e-21 	9.791e-16 
1.85925 	0.31557 	1.608e-04 	6.266e-11 	1.395e-04 	1.787e-16 	3.362e-04 	4.201e-21 	9.880e-16 
1.87935 	0.31898 	1.608e-04 	6.330e-11 	1.395e-04 	1.816e-16 	3.362e-04 	4.248e-21 	9.970e-16 
1.89945 	0.32239 	1.608e-04 	6.395e-11 	1.394e-04 	1.845e-16 	3.362e-04 	4.296e-21 	1.006e-15 
1.91955 	0.32581 	1.608e-04 	6.461e-11 	1.394e-04 	1.874e-16 	3.362e-04 	4.345e-21 	1.015e-15 
1.93965 	0.32922 	1.608e-04 	6.527e-11 	1.394e-04 	1.904e-16 	3.362e-04 	4.394e-21 	1.025e-15 
1.95975 	0.33263 	1.608e-04 	6.594e-11 	1.394e-04 	1.935e-16 	3.362e-04 	4.444e-21 	1.034e-15 
1.97985 	0.33604 	1.608e-04 	6.662e-11 	1.394e-04 	1.966e-16 	3.362e-04 	4.494e-21 	1.044e-15 
1.99995 	0.33945 	1.608e-04 	6.730e-11 	1.394e-04 	1.997e-16 	3.362e-04 	4.546e-21 	1.054e-15 
