n = 1.5e+03, Tgas =  35.0, Tdust =  35.0, Go =   1.0
pc 	Av 	e- 	C 	C+ 	CO 	O 	O2 	H2O 
0.01005 	0.02326 	1.414e-04 	2.302e-06 	1.412e-04 	2.808e-08 	3.463e-04 	3.315e-11 	1.946e-10 
0.03015 	0.06978 	1.410e-04 	2.635e-06 	1.408e-04 	3.313e-08 	3.463e-04 	3.744e-11 	2.070e-10 
0.05025 	0.11630 	1.406e-04 	3.015e-06 	1.405e-04 	3.907e-08 	3.463e-04 	4.221e-11 	2.201e-10 
0.07035 	0.16283 	1.402e-04 	3.447e-06 	1.400e-04 	4.605e-08 	3.463e-04 	4.749e-11 	2.338e-10 
0.09045 	0.20935 	1.397e-04 	3.937e-06 	1.395e-04 	5.426e-08 	3.463e-04 	5.335e-11 	2.482e-10 
0.11055 	0.25587 	1.391e-04 	4.494e-06 	1.390e-04 	6.389e-08 	3.463e-04 	5.983e-11 	2.633e-10 
0.13065 	0.30239 	1.385e-04 	5.124e-06 	1.383e-04 	7.519e-08 	3.463e-04 	6.698e-11 	2.792e-10 
0.15075 	0.34891 	1.378e-04 	5.836e-06 	1.376e-04 	8.843e-08 	3.464e-04 	7.487e-11 	2.960e-10 
0.17085 	0.39543 	1.369e-04 	6.639e-06 	1.368e-04 	1.039e-07 	3.464e-04 	8.358e-11 	3.137e-10 
0.19095 	0.44195 	1.360e-04 	7.541e-06 	1.359e-04 	1.220e-07 	3.464e-04 	9.319e-11 	3.324e-10 
0.21105 	0.48848 	1.350e-04 	8.552e-06 	1.348e-04 	1.431e-07 	3.464e-04 	1.038e-10 	3.522e-10 
0.23115 	0.53500 	1.339e-04 	9.683e-06 	1.337e-04 	1.677e-07 	3.464e-04 	1.155e-10 	3.732e-10 
0.25125 	0.58152 	1.326e-04 	1.094e-05 	1.324e-04 	1.963e-07 	3.464e-04 	1.284e-10 	3.957e-10 
0.27135 	0.62804 	1.312e-04 	1.234e-05 	1.310e-04 	2.295e-07 	3.464e-04 	1.428e-10 	4.197e-10 
0.29145 	0.67456 	1.296e-04 	1.388e-05 	1.294e-04 	2.680e-07 	3.465e-04 	1.587e-10 	4.455e-10 
0.31155 	0.72108 	1.279e-04 	1.558e-05 	1.277e-04 	3.124e-07 	3.465e-04 	1.764e-10 	4.733e-10 
0.33165 	0.76760 	1.260e-04 	1.744e-05 	1.258e-04 	3.636e-07 	3.465e-04 	1.962e-10 	5.034e-10 
0.35175 	0.81413 	1.239e-04 	1.947e-05 	1.237e-04 	4.225e-07 	3.465e-04 	2.184e-10 	5.363e-10 
0.37185 	0.86065 	1.217e-04 	2.166e-05 	1.215e-04 	4.900e-07 	3.465e-04 	2.433e-10 	5.722e-10 
0.39195 	0.90717 	1.192e-04 	2.403e-05 	1.191e-04 	5.671e-07 	3.465e-04 	2.714e-10 	6.117e-10 
0.41205 	0.95369 	1.166e-04 	2.657e-05 	1.165e-04 	6.551e-07 	3.465e-04 	3.033e-10 	6.552e-10 
0.43215 	1.00021 	1.139e-04 	2.927e-05 	1.137e-04 	7.551e-07 	3.465e-04 	3.396e-10 	7.034e-10 
0.45225 	1.04673 	1.109e-04 	3.212e-05 	1.108e-04 	8.683e-07 	3.465e-04 	3.811e-10 	7.571e-10 
0.47235 	1.09325 	1.078e-04 	3.513e-05 	1.077e-04 	9.962e-07 	3.465e-04 	4.287e-10 	8.170e-10 
0.49245 	1.13978 	1.046e-04 	3.827e-05 	1.044e-04 	1.140e-06 	3.464e-04 	4.836e-10 	8.841e-10 
0.51255 	1.18630 	1.012e-04 	4.153e-05 	1.011e-04 	1.301e-06 	3.464e-04 	5.471e-10 	9.595e-10 
0.53265 	1.23282 	9.770e-05 	4.489e-05 	9.755e-05 	1.482e-06 	3.463e-04 	6.207e-10 	1.044e-09 
0.55275 	1.27934 	9.410e-05 	4.834e-05 	9.395e-05 	1.682e-06 	3.463e-04 	7.066e-10 	1.140e-09 
0.57285 	1.32586 	9.041e-05 	5.185e-05 	9.027e-05 	1.905e-06 	3.462e-04 	8.068e-10 	1.249e-09 
0.59295 	1.37238 	8.666e-05 	5.540e-05 	8.652e-05 	2.152e-06 	3.461e-04 	9.244e-10 	1.372e-09 
0.61305 	1.41890 	8.287e-05 	5.898e-05 	8.273e-05 	2.424e-06 	3.459e-04 	1.063e-09 	1.512e-09 
0.63315 	1.46543 	7.905e-05 	6.255e-05 	7.892e-05 	2.722e-06 	3.458e-04 	1.225e-09 	1.672e-09 
0.65325 	1.51195 	7.523e-05 	6.610e-05 	7.510e-05 	3.050e-06 	3.456e-04 	1.418e-09 	1.854e-09 
0.67335 	1.55847 	7.142e-05 	6.960e-05 	7.130e-05 	3.407e-06 	3.453e-04 	1.646e-09 	2.062e-09 
0.69345 	1.60499 	6.765e-05 	7.304e-05 	6.753e-05 	3.796e-06 	3.451e-04 	1.916e-09 	2.301e-09 
0.71355 	1.65151 	6.393e-05 	7.639e-05 	6.381e-05 	4.218e-06 	3.448e-04 	2.237e-09 	2.575e-09 
0.73365 	1.69803 	6.027e-05 	7.965e-05 	6.015e-05 	4.674e-06 	3.445e-04 	2.620e-09 	2.889e-09 
0.75375 	1.74455 	5.669e-05 	8.279e-05 	5.657e-05 	5.167e-06 	3.441e-04 	3.076e-09 	3.252e-09 
0.77385 	1.79108 	5.320e-05 	8.581e-05 	5.309e-05 	5.698e-06 	3.437e-04 	3.620e-09 	3.669e-09 
0.79395 	1.83760 	4.981e-05 	8.868e-05 	4.970e-05 	6.268e-06 	3.432e-04 	4.270e-09 	4.151e-09 
0.81405 	1.88412 	4.653e-05 	9.140e-05 	4.643e-05 	6.879e-06 	3.427e-04 	5.048e-09 	4.707e-09 
0.83415 	1.93064 	4.337e-05 	9.396e-05 	4.327e-05 	7.533e-06 	3.422e-04 	5.977e-09 	5.352e-09 
0.85425 	1.97716 	4.033e-05 	9.635e-05 	4.024e-05 	8.231e-06 	3.416e-04 	7.088e-09 	6.098e-09 
0.87435 	2.02368 	3.742e-05 	9.856e-05 	3.733e-05 	8.976e-06 	3.410e-04 	8.417e-09 	6.964e-09 
0.89445 	2.07020 	3.465e-05 	1.006e-04 	3.455e-05 	9.770e-06 	3.403e-04 	1.000e-08 	7.970e-09 
0.91455 	2.11673 	3.200e-05 	1.024e-04 	3.191e-05 	1.062e-05 	3.395e-04 	1.190e-08 	9.138e-09 
0.93465 	2.16325 	2.949e-05 	1.041e-04 	2.941e-05 	1.152e-05 	3.387e-04 	1.416e-08 	1.050e-08 
0.95475 	2.20977 	2.712e-05 	1.055e-04 	2.703e-05 	1.248e-05 	3.378e-04 	1.685e-08 	1.208e-08 
0.97485 	2.25629 	2.487e-05 	1.068e-04 	2.479e-05 	1.351e-05 	3.368e-04 	2.004e-08 	1.392e-08 
0.99495 	2.30281 	2.276e-05 	1.078e-04 	2.268e-05 	1.461e-05 	3.358e-04 	2.383e-08 	1.606e-08 
1.01505 	2.34933 	2.078e-05 	1.087e-04 	2.070e-05 	1.579e-05 	3.346e-04 	2.830e-08 	1.855e-08 
1.03515 	2.39585 	1.892e-05 	1.093e-04 	1.885e-05 	1.706e-05 	3.334e-04 	3.357e-08 	2.145e-08 
1.05525 	2.44238 	1.719e-05 	1.097e-04 	1.712e-05 	1.844e-05 	3.321e-04 	3.976e-08 	2.483e-08 
1.07535 	2.48890 	1.558e-05 	1.098e-04 	1.551e-05 	1.993e-05 	3.306e-04 	4.699e-08 	2.875e-08 
1.09545 	2.53542 	1.408e-05 	1.097e-04 	1.401e-05 	2.154e-05 	3.290e-04 	5.540e-08 	3.331e-08 
1.11555 	2.58194 	1.270e-05 	1.094e-04 	1.263e-05 	2.331e-05 	3.273e-04 	6.514e-08 	3.860e-08 
1.13565 	2.62846 	1.142e-05 	1.087e-04 	1.135e-05 	2.524e-05 	3.253e-04 	7.637e-08 	4.472e-08 
1.15575 	2.67498 	1.024e-05 	1.078e-04 	1.018e-05 	2.737e-05 	3.232e-04 	8.923e-08 	5.180e-08 
1.17585 	2.72150 	9.165e-06 	1.066e-04 	9.107e-06 	2.970e-05 	3.209e-04 	1.039e-07 	5.995e-08 
1.19595 	2.76803 	8.181e-06 	1.050e-04 	8.125e-06 	3.226e-05 	3.183e-04 	1.205e-07 	6.932e-08 
1.21605 	2.81455 	7.287e-06 	1.031e-04 	7.233e-06 	3.509e-05 	3.154e-04 	1.393e-07 	8.005e-08 
1.23615 	2.86107 	6.476e-06 	1.008e-04 	6.425e-06 	3.818e-05 	3.123e-04 	1.603e-07 	9.227e-08 
1.25625 	2.90759 	5.746e-06 	9.819e-05 	5.696e-06 	4.156e-05 	3.089e-04 	1.838e-07 	1.062e-07 
1.27635 	2.95411 	5.089e-06 	9.518e-05 	5.042e-06 	4.524e-05 	3.051e-04 	2.100e-07 	1.218e-07 
1.29645 	3.00063 	4.503e-06 	9.181e-05 	4.457e-06 	4.921e-05 	3.011e-04 	2.390e-07 	1.394e-07 
1.31655 	3.04715 	3.981e-06 	8.808e-05 	3.937e-06 	5.347e-05 	2.968e-04 	2.710e-07 	1.590e-07 
1.33665 	3.09368 	3.518e-06 	8.403e-05 	3.476e-06 	5.800e-05 	2.922e-04 	3.064e-07 	1.807e-07 
1.35675 	3.14020 	3.109e-06 	7.968e-05 	3.069e-06 	6.276e-05 	2.873e-04 	3.455e-07 	2.047e-07 
1.37685 	3.18672 	2.751e-06 	7.509e-05 	2.711e-06 	6.772e-05 	2.822e-04 	3.886e-07 	2.308e-07 
1.39695 	3.23324 	2.436e-06 	7.032e-05 	2.397e-06 	7.281e-05 	2.770e-04 	4.363e-07 	2.593e-07 
1.41705 	3.27976 	2.162e-06 	6.542e-05 	2.124e-06 	7.800e-05 	2.717e-04 	4.891e-07 	2.899e-07 
1.43715 	3.32628 	1.923e-06 	6.047e-05 	1.885e-06 	8.319e-05 	2.664e-04 	5.475e-07 	3.228e-07 
1.45725 	3.37281 	1.715e-06 	5.554e-05 	1.678e-06 	8.835e-05 	2.611e-04 	6.124e-07 	3.578e-07 
1.47735 	3.41933 	1.534e-06 	5.069e-05 	1.497e-06 	9.339e-05 	2.558e-04 	6.846e-07 	3.950e-07 
1.49745 	3.46585 	1.377e-06 	4.598e-05 	1.341e-06 	9.826e-05 	2.508e-04 	7.650e-07 	4.342e-07 
1.51755 	3.51237 	1.241e-06 	4.147e-05 	1.205e-06 	1.029e-04 	2.459e-04 	8.546e-07 	4.755e-07 
1.53765 	3.55889 	1.123e-06 	3.721e-05 	1.086e-06 	1.073e-04 	2.413e-04 	9.545e-07 	5.187e-07 
1.55775 	3.60541 	1.020e-06 	3.322e-05 	9.827e-07 	1.114e-04 	2.369e-04 	1.066e-06 	5.640e-07 
1.57785 	3.65193 	9.294e-07 	2.953e-05 	8.922e-07 	1.152e-04 	2.328e-04 	1.190e-06 	6.113e-07 
1.59795 	3.69846 	8.504e-07 	2.615e-05 	8.128e-07 	1.187e-04 	2.291e-04 	1.328e-06 	6.606e-07 
1.61805 	3.74498 	7.808e-07 	2.309e-05 	7.427e-07 	1.218e-04 	2.256e-04 	1.482e-06 	7.120e-07 
1.63815 	3.79150 	7.193e-07 	2.033e-05 	6.807e-07 	1.246e-04 	2.223e-04 	1.652e-06 	7.655e-07 
1.65825 	3.83802 	6.648e-07 	1.787e-05 	6.255e-07 	1.271e-04 	2.194e-04 	1.839e-06 	8.211e-07 
1.67835 	3.88454 	6.163e-07 	1.570e-05 	5.763e-07 	1.294e-04 	2.167e-04 	2.046e-06 	8.789e-07 
1.69845 	3.93106 	5.729e-07 	1.378e-05 	5.322e-07 	1.313e-04 	2.142e-04 	2.272e-06 	9.387e-07 
1.71855 	3.97758 	5.341e-07 	1.211e-05 	4.926e-07 	1.331e-04 	2.120e-04 	2.519e-06 	1.001e-06 
1.73865 	4.02411 	4.992e-07 	1.064e-05 	4.569e-07 	1.346e-04 	2.098e-04 	2.787e-06 	1.065e-06 
1.75875 	4.07063 	4.677e-07 	9.372e-06 	4.245e-07 	1.359e-04 	2.079e-04 	3.077e-06 	1.130e-06 
1.77885 	4.11715 	4.393e-07 	8.270e-06 	3.952e-07 	1.370e-04 	2.061e-04 	3.390e-06 	1.198e-06 
1.79895 	4.16367 	4.137e-07 	7.317e-06 	3.686e-07 	1.380e-04 	2.043e-04 	3.726e-06 	1.266e-06 
1.81905 	4.21019 	3.904e-07 	6.492e-06 	3.443e-07 	1.388e-04 	2.027e-04 	4.085e-06 	1.337e-06 
1.83915 	4.25671 	3.693e-07 	5.779e-06 	3.222e-07 	1.396e-04 	2.011e-04 	4.469e-06 	1.408e-06 
1.85925 	4.30323 	3.501e-07 	5.161e-06 	3.019e-07 	1.402e-04 	1.996e-04 	4.876e-06 	1.479e-06 
1.87935 	4.34976 	3.326e-07 	4.627e-06 	2.834e-07 	1.408e-04 	1.981e-04 	5.307e-06 	1.552e-06 
1.89945 	4.39628 	3.167e-07 	4.162e-06 	2.664e-07 	1.413e-04 	1.966e-04 	5.763e-06 	1.624e-06 
1.91955 	4.44280 	3.022e-07 	3.759e-06 	2.508e-07 	1.417e-04 	1.952e-04 	6.244e-06 	1.696e-06 
1.93965 	4.48932 	2.889e-07 	3.407e-06 	2.364e-07 	1.420e-04 	1.937e-04 	6.749e-06 	1.768e-06 
1.95975 	4.53584 	2.768e-07 	3.100e-06 	2.232e-07 	1.424e-04 	1.923e-04 	7.278e-06 	1.838e-06 
1.97985 	4.58236 	2.657e-07 	2.831e-06 	2.110e-07 	1.426e-04 	1.908e-04 	7.832e-06 	1.908e-06 
1.99995 	4.62888 	2.556e-07 	2.594e-06 	1.998e-07 	1.429e-04 	1.894e-04 	8.409e-06 	1.976e-06 
