n = 1.5e+04, Tgas =  35.0, Tdust =  35.0, Go = 1000.0
pc 	Av 	e- 	C 	C+ 	CO 	O 	O2 	H2O 
0.01005 	0.23261 	1.431e-04 	4.417e-08 	1.431e-04 	2.383e-11 	3.451e-04 	2.508e-15 	3.899e-13 
0.03015 	0.69782 	1.433e-04 	1.787e-07 	1.433e-04 	9.316e-11 	3.459e-04 	1.184e-14 	8.518e-13 
0.05025 	1.16304 	1.430e-04 	7.180e-07 	1.429e-04 	3.833e-10 	3.463e-04 	5.678e-14 	1.860e-12 
0.07035 	1.62825 	1.409e-04 	2.825e-06 	1.409e-04 	1.677e-09 	3.466e-04 	2.687e-13 	4.063e-12 
0.09045 	2.09347 	1.335e-04 	1.035e-05 	1.335e-04 	7.643e-09 	3.469e-04 	1.222e-12 	9.054e-12 
0.11055 	2.55868 	1.131e-04 	3.107e-05 	1.131e-04 	3.376e-08 	3.476e-04 	5.406e-12 	2.213e-11 
0.13065 	3.02389 	7.827e-05 	6.632e-05 	7.825e-05 	1.307e-07 	3.488e-04 	2.623e-11 	6.556e-11 
0.15075 	3.48911 	4.310e-05 	1.017e-04 	4.307e-05 	4.213e-07 	3.498e-04 	1.580e-10 	2.368e-10 
0.17085 	3.95432 	1.902e-05 	1.255e-04 	1.899e-05 	1.136e-06 	3.500e-04 	1.079e-09 	9.525e-10 
0.19095 	4.41954 	6.722e-06 	1.364e-04 	6.703e-06 	2.719e-06 	3.489e-04 	6.161e-09 	3.647e-09 
0.21105 	4.88475 	2.089e-06 	1.368e-04 	2.074e-06 	7.044e-06 	3.447e-04 	2.131e-08 	1.117e-08 
0.23115 	5.34997 	7.425e-07 	1.230e-04 	7.318e-07 	2.224e-05 	3.295e-04 	4.550e-08 	2.727e-08 
0.25125 	5.81518 	3.546e-07 	8.326e-05 	3.461e-07 	6.234e-05 	2.893e-04 	8.256e-08 	5.710e-08 
0.27135 	6.28040 	2.030e-07 	3.247e-05 	1.948e-07 	1.133e-04 	2.381e-04 	1.856e-07 	1.077e-07 
0.29145 	6.74561 	1.320e-07 	7.608e-06 	1.228e-07 	1.382e-04 	2.124e-04 	5.447e-07 	2.010e-07 
0.31155 	7.21082 	9.043e-08 	1.971e-06 	7.889e-08 	1.439e-04 	2.048e-04 	1.417e-06 	3.706e-07 
0.33165 	7.67604 	6.377e-08 	7.176e-07 	4.886e-08 	1.452e-04 	1.998e-04 	3.130e-06 	6.267e-07 
0.35175 	8.14125 	4.828e-08 	3.269e-07 	2.968e-08 	1.456e-04 	1.927e-04 	6.329e-06 	9.158e-07 
0.37185 	8.60647 	4.000e-08 	1.714e-07 	1.826e-08 	1.458e-04 	1.814e-04 	1.178e-05 	1.137e-06 
0.39195 	9.07168 	3.589e-08 	1.037e-07 	1.195e-08 	1.458e-04 	1.661e-04 	1.934e-05 	1.230e-06 
0.41205 	9.53690 	3.406e-08 	7.423e-08 	8.799e-09 	1.459e-04 	1.508e-04 	2.699e-05 	1.226e-06 
0.43215 	10.00211 	3.331e-08 	6.156e-08 	7.347e-09 	1.459e-04 	1.397e-04 	3.254e-05 	1.193e-06 
0.45225 	10.46733 	3.301e-08 	5.614e-08 	6.707e-09 	1.459e-04 	1.335e-04 	3.567e-05 	1.167e-06 
0.47235 	10.93254 	3.289e-08 	5.381e-08 	6.428e-09 	1.459e-04 	1.304e-04 	3.721e-05 	1.153e-06 
0.49245 	11.39776 	3.284e-08 	5.281e-08 	6.307e-09 	1.459e-04 	1.290e-04 	3.792e-05 	1.146e-06 
0.51255 	11.86297 	3.282e-08 	5.238e-08 	6.255e-09 	1.459e-04 	1.284e-04 	3.823e-05 	1.143e-06 
0.53265 	12.32818 	3.281e-08 	5.219e-08 	6.232e-09 	1.459e-04 	1.281e-04 	3.837e-05 	1.142e-06 
0.55275 	12.79340 	3.281e-08 	5.211e-08 	6.223e-09 	1.459e-04 	1.280e-04 	3.843e-05 	1.142e-06 
0.57285 	13.25861 	3.281e-08 	5.207e-08 	6.218e-09 	1.459e-04 	1.279e-04 	3.845e-05 	1.141e-06 
0.59295 	13.72383 	3.280e-08 	5.206e-08 	6.217e-09 	1.459e-04 	1.279e-04 	3.846e-05 	1.141e-06 
0.61305 	14.18904 	3.280e-08 	5.205e-08 	6.216e-09 	1.459e-04 	1.279e-04 	3.847e-05 	1.141e-06 
0.63315 	14.65426 	3.280e-08 	5.205e-08 	6.215e-09 	1.459e-04 	1.279e-04 	3.847e-05 	1.141e-06 
0.65325 	15.11947 	3.280e-08 	5.205e-08 	6.215e-09 	1.459e-04 	1.279e-04 	3.847e-05 	1.141e-06 
0.67335 	15.58469 	3.280e-08 	5.205e-08 	6.215e-09 	1.459e-04 	1.279e-04 	3.847e-05 	1.141e-06 
0.69345 	16.04990 	3.280e-08 	5.205e-08 	6.215e-09 	1.459e-04 	1.279e-04 	3.847e-05 	1.141e-06 
0.71355 	16.51511 	3.280e-08 	5.205e-08 	6.215e-09 	1.459e-04 	1.279e-04 	3.847e-05 	1.141e-06 
0.73365 	16.98033 	3.280e-08 	5.205e-08 	6.215e-09 	1.459e-04 	1.279e-04 	3.847e-05 	1.141e-06 
0.75375 	17.44554 	3.280e-08 	5.205e-08 	6.215e-09 	1.459e-04 	1.279e-04 	3.847e-05 	1.141e-06 
0.77385 	17.91076 	3.280e-08 	5.205e-08 	6.215e-09 	1.459e-04 	1.279e-04 	3.847e-05 	1.141e-06 
0.79395 	18.37597 	3.280e-08 	5.205e-08 	6.215e-09 	1.459e-04 	1.279e-04 	3.847e-05 	1.141e-06 
0.81405 	18.84119 	3.280e-08 	5.205e-08 	6.215e-09 	1.459e-04 	1.279e-04 	3.847e-05 	1.141e-06 
0.83415 	19.30640 	3.280e-08 	5.205e-08 	6.215e-09 	1.459e-04 	1.279e-04 	3.847e-05 	1.141e-06 
0.85425 	19.77162 	3.280e-08 	5.205e-08 	6.215e-09 	1.459e-04 	1.279e-04 	3.847e-05 	1.141e-06 
0.87435 	20.23683 	3.280e-08 	5.205e-08 	6.215e-09 	1.459e-04 	1.279e-04 	3.847e-05 	1.141e-06 
0.89445 	20.70205 	3.280e-08 	5.205e-08 	6.215e-09 	1.459e-04 	1.279e-04 	3.847e-05 	1.141e-06 
0.91455 	21.16726 	3.280e-08 	5.205e-08 	6.215e-09 	1.459e-04 	1.279e-04 	3.847e-05 	1.141e-06 
0.93465 	21.63247 	3.280e-08 	5.205e-08 	6.215e-09 	1.459e-04 	1.279e-04 	3.847e-05 	1.141e-06 
0.95475 	22.09769 	3.280e-08 	5.205e-08 	6.215e-09 	1.459e-04 	1.279e-04 	3.847e-05 	1.141e-06 
0.97485 	22.56290 	3.280e-08 	5.205e-08 	6.215e-09 	1.459e-04 	1.279e-04 	3.847e-05 	1.141e-06 
0.99495 	23.02812 	3.280e-08 	5.205e-08 	6.215e-09 	1.459e-04 	1.279e-04 	3.847e-05 	1.141e-06 
1.01505 	23.49333 	3.280e-08 	5.205e-08 	6.215e-09 	1.459e-04 	1.279e-04 	3.847e-05 	1.141e-06 
1.03515 	23.95855 	3.280e-08 	5.205e-08 	6.215e-09 	1.459e-04 	1.279e-04 	3.847e-05 	1.141e-06 
1.05525 	24.42376 	3.280e-08 	5.205e-08 	6.215e-09 	1.459e-04 	1.279e-04 	3.847e-05 	1.141e-06 
1.07535 	24.88898 	3.280e-08 	5.205e-08 	6.215e-09 	1.459e-04 	1.279e-04 	3.847e-05 	1.141e-06 
1.09545 	25.35419 	3.280e-08 	5.205e-08 	6.215e-09 	1.459e-04 	1.279e-04 	3.847e-05 	1.141e-06 
1.11555 	25.81940 	3.280e-08 	5.205e-08 	6.215e-09 	1.459e-04 	1.279e-04 	3.847e-05 	1.141e-06 
1.13565 	26.28462 	3.280e-08 	5.205e-08 	6.215e-09 	1.459e-04 	1.279e-04 	3.847e-05 	1.141e-06 
1.15575 	26.74983 	3.280e-08 	5.205e-08 	6.215e-09 	1.459e-04 	1.279e-04 	3.847e-05 	1.141e-06 
1.17585 	27.21505 	3.280e-08 	5.205e-08 	6.215e-09 	1.459e-04 	1.279e-04 	3.847e-05 	1.141e-06 
1.19595 	27.68026 	3.280e-08 	5.205e-08 	6.215e-09 	1.459e-04 	1.279e-04 	3.847e-05 	1.141e-06 
1.21605 	28.14548 	3.280e-08 	5.205e-08 	6.215e-09 	1.459e-04 	1.279e-04 	3.847e-05 	1.141e-06 
1.23615 	28.61069 	3.280e-08 	5.205e-08 	6.215e-09 	1.459e-04 	1.279e-04 	3.847e-05 	1.141e-06 
1.25625 	29.07591 	3.280e-08 	5.205e-08 	6.215e-09 	1.459e-04 	1.279e-04 	3.847e-05 	1.141e-06 
1.27635 	29.54112 	3.280e-08 	5.205e-08 	6.215e-09 	1.459e-04 	1.279e-04 	3.847e-05 	1.141e-06 
1.29645 	30.00634 	3.280e-08 	5.205e-08 	6.215e-09 	1.459e-04 	1.279e-04 	3.847e-05 	1.141e-06 
1.31655 	30.47155 	3.280e-08 	5.205e-08 	6.215e-09 	1.459e-04 	1.279e-04 	3.847e-05 	1.141e-06 
1.33665 	30.93676 	3.280e-08 	5.205e-08 	6.215e-09 	1.459e-04 	1.279e-04 	3.847e-05 	1.141e-06 
1.35675 	31.40198 	3.280e-08 	5.205e-08 	6.215e-09 	1.459e-04 	1.279e-04 	3.847e-05 	1.141e-06 
1.37685 	31.86719 	3.280e-08 	5.205e-08 	6.215e-09 	1.459e-04 	1.279e-04 	3.847e-05 	1.141e-06 
1.39695 	32.33241 	3.280e-08 	5.205e-08 	6.215e-09 	1.459e-04 	1.279e-04 	3.847e-05 	1.141e-06 
1.41705 	32.79762 	3.280e-08 	5.205e-08 	6.215e-09 	1.459e-04 	1.279e-04 	3.847e-05 	1.141e-06 
1.43715 	33.26284 	3.280e-08 	5.205e-08 	6.215e-09 	1.459e-04 	1.279e-04 	3.847e-05 	1.141e-06 
1.45725 	33.72805 	3.280e-08 	5.205e-08 	6.215e-09 	1.459e-04 	1.279e-04 	3.847e-05 	1.141e-06 
1.47735 	34.19327 	3.280e-08 	5.205e-08 	6.215e-09 	1.459e-04 	1.279e-04 	3.847e-05 	1.141e-06 
1.49745 	34.65848 	3.280e-08 	5.205e-08 	6.215e-09 	1.459e-04 	1.279e-04 	3.847e-05 	1.141e-06 
1.51755 	35.12369 	3.280e-08 	5.205e-08 	6.215e-09 	1.459e-04 	1.279e-04 	3.847e-05 	1.141e-06 
1.53765 	35.58891 	3.280e-08 	5.205e-08 	6.215e-09 	1.459e-04 	1.279e-04 	3.847e-05 	1.141e-06 
1.55775 	36.05412 	3.280e-08 	5.205e-08 	6.215e-09 	1.459e-04 	1.279e-04 	3.847e-05 	1.141e-06 
1.57785 	36.51934 	3.280e-08 	5.205e-08 	6.215e-09 	1.459e-04 	1.279e-04 	3.847e-05 	1.141e-06 
1.59795 	36.98455 	3.280e-08 	5.205e-08 	6.215e-09 	1.459e-04 	1.279e-04 	3.847e-05 	1.141e-06 
1.61805 	37.44977 	3.280e-08 	5.205e-08 	6.215e-09 	1.459e-04 	1.279e-04 	3.847e-05 	1.141e-06 
1.63815 	37.91498 	3.280e-08 	5.205e-08 	6.215e-09 	1.459e-04 	1.279e-04 	3.847e-05 	1.141e-06 
1.65825 	38.38020 	3.280e-08 	5.205e-08 	6.215e-09 	1.459e-04 	1.279e-04 	3.847e-05 	1.141e-06 
1.67835 	38.84541 	3.280e-08 	5.205e-08 	6.215e-09 	1.459e-04 	1.279e-04 	3.847e-05 	1.141e-06 
1.69845 	39.31063 	3.280e-08 	5.205e-08 	6.215e-09 	1.459e-04 	1.279e-04 	3.847e-05 	1.141e-06 
1.71855 	39.77584 	3.280e-08 	5.205e-08 	6.215e-09 	1.459e-04 	1.279e-04 	3.847e-05 	1.141e-06 
1.73865 	40.24105 	3.280e-08 	5.205e-08 	6.215e-09 	1.459e-04 	1.279e-04 	3.847e-05 	1.141e-06 
1.75875 	40.70627 	3.280e-08 	5.205e-08 	6.215e-09 	1.459e-04 	1.279e-04 	3.847e-05 	1.141e-06 
1.77885 	41.17148 	3.280e-08 	5.205e-08 	6.215e-09 	1.459e-04 	1.279e-04 	3.847e-05 	1.141e-06 
1.79895 	41.63670 	3.280e-08 	5.205e-08 	6.215e-09 	1.459e-04 	1.279e-04 	3.847e-05 	1.141e-06 
1.81905 	42.10191 	3.280e-08 	5.205e-08 	6.215e-09 	1.459e-04 	1.279e-04 	3.847e-05 	1.141e-06 
1.83915 	42.56713 	3.280e-08 	5.205e-08 	6.215e-09 	1.459e-04 	1.279e-04 	3.847e-05 	1.141e-06 
1.85925 	43.03234 	3.280e-08 	5.205e-08 	6.215e-09 	1.459e-04 	1.279e-04 	3.847e-05 	1.141e-06 
1.87935 	43.49756 	3.280e-08 	5.205e-08 	6.215e-09 	1.459e-04 	1.279e-04 	3.847e-05 	1.141e-06 
1.89945 	43.96277 	3.280e-08 	5.205e-08 	6.215e-09 	1.459e-04 	1.279e-04 	3.847e-05 	1.141e-06 
1.91955 	44.42798 	3.280e-08 	5.205e-08 	6.215e-09 	1.459e-04 	1.279e-04 	3.847e-05 	1.141e-06 
1.93965 	44.89320 	3.280e-08 	5.205e-08 	6.215e-09 	1.459e-04 	1.279e-04 	3.847e-05 	1.141e-06 
1.95975 	45.35841 	3.280e-08 	5.205e-08 	6.215e-09 	1.459e-04 	1.279e-04 	3.847e-05 	1.141e-06 
1.97985 	45.82363 	3.280e-08 	5.205e-08 	6.215e-09 	1.459e-04 	1.279e-04 	3.847e-05 	1.141e-06 
1.99995 	46.28884 	3.280e-08 	5.205e-08 	6.215e-09 	1.459e-04 	1.279e-04 	3.847e-05 	1.141e-06 
