n = 1.0e+02, Tgas =  44.0, Tdust =  44.0, Go =   1.0
pc 	Av 	e- 	C 	C+ 	CO 	O 	O2 	H2O 
0.01005 	0.00155 	1.446e-04 	1.313e-07 	1.414e-04 	2.808e-10 	3.412e-04 	4.481e-12 	2.976e-10 
0.03015 	0.00465 	1.446e-04 	1.326e-07 	1.414e-04 	2.839e-10 	3.412e-04 	4.528e-12 	2.991e-10 
0.05025 	0.00775 	1.446e-04 	1.338e-07 	1.414e-04 	2.871e-10 	3.412e-04 	4.576e-12 	3.006e-10 
0.07035 	0.01086 	1.446e-04 	1.350e-07 	1.414e-04 	2.902e-10 	3.412e-04 	4.624e-12 	3.021e-10 
0.09045 	0.01396 	1.446e-04 	1.363e-07 	1.414e-04 	2.935e-10 	3.412e-04 	4.673e-12 	3.036e-10 
0.11055 	0.01706 	1.446e-04 	1.376e-07 	1.414e-04 	2.967e-10 	3.412e-04 	4.722e-12 	3.052e-10 
0.13065 	0.02016 	1.446e-04 	1.389e-07 	1.414e-04 	3.000e-10 	3.412e-04 	4.772e-12 	3.067e-10 
0.15075 	0.02326 	1.446e-04 	1.402e-07 	1.414e-04 	3.033e-10 	3.412e-04 	4.822e-12 	3.083e-10 
0.17085 	0.02636 	1.446e-04 	1.415e-07 	1.414e-04 	3.067e-10 	3.412e-04 	4.872e-12 	3.098e-10 
0.19095 	0.02946 	1.446e-04 	1.428e-07 	1.414e-04 	3.101e-10 	3.412e-04 	4.924e-12 	3.114e-10 
0.21105 	0.03257 	1.446e-04 	1.441e-07 	1.414e-04 	3.135e-10 	3.412e-04 	4.975e-12 	3.130e-10 
0.23115 	0.03567 	1.446e-04 	1.455e-07 	1.414e-04 	3.170e-10 	3.412e-04 	5.028e-12 	3.146e-10 
0.25125 	0.03877 	1.446e-04 	1.468e-07 	1.414e-04 	3.205e-10 	3.412e-04 	5.081e-12 	3.161e-10 
0.27135 	0.04187 	1.446e-04 	1.482e-07 	1.414e-04 	3.241e-10 	3.412e-04 	5.134e-12 	3.177e-10 
0.29145 	0.04497 	1.446e-04 	1.496e-07 	1.414e-04 	3.277e-10 	3.412e-04 	5.188e-12 	3.194e-10 
0.31155 	0.04807 	1.446e-04 	1.510e-07 	1.414e-04 	3.313e-10 	3.412e-04 	5.243e-12 	3.210e-10 
0.33165 	0.05117 	1.446e-04 	1.524e-07 	1.414e-04 	3.350e-10 	3.412e-04 	5.298e-12 	3.226e-10 
0.35175 	0.05428 	1.446e-04 	1.538e-07 	1.414e-04 	3.388e-10 	3.412e-04 	5.353e-12 	3.242e-10 
0.37185 	0.05738 	1.446e-04 	1.552e-07 	1.414e-04 	3.425e-10 	3.412e-04 	5.410e-12 	3.259e-10 
0.39195 	0.06048 	1.446e-04 	1.567e-07 	1.414e-04 	3.463e-10 	3.412e-04 	5.466e-12 	3.275e-10 
0.41205 	0.06358 	1.446e-04 	1.582e-07 	1.414e-04 	3.502e-10 	3.412e-04 	5.524e-12 	3.292e-10 
0.43215 	0.06668 	1.446e-04 	1.596e-07 	1.414e-04 	3.541e-10 	3.412e-04 	5.582e-12 	3.308e-10 
0.45225 	0.06978 	1.446e-04 	1.611e-07 	1.414e-04 	3.580e-10 	3.412e-04 	5.640e-12 	3.325e-10 
0.47235 	0.07288 	1.446e-04 	1.626e-07 	1.414e-04 	3.620e-10 	3.412e-04 	5.700e-12 	3.342e-10 
0.49245 	0.07599 	1.446e-04 	1.641e-07 	1.414e-04 	3.661e-10 	3.412e-04 	5.760e-12 	3.359e-10 
0.51255 	0.07909 	1.446e-04 	1.657e-07 	1.414e-04 	3.701e-10 	3.412e-04 	5.820e-12 	3.376e-10 
0.53265 	0.08219 	1.446e-04 	1.672e-07 	1.414e-04 	3.743e-10 	3.413e-04 	5.881e-12 	3.393e-10 
0.55275 	0.08529 	1.446e-04 	1.688e-07 	1.414e-04 	3.784e-10 	3.413e-04 	5.943e-12 	3.410e-10 
0.57285 	0.08839 	1.446e-04 	1.704e-07 	1.414e-04 	3.827e-10 	3.413e-04 	6.005e-12 	3.428e-10 
0.59295 	0.09149 	1.446e-04 	1.719e-07 	1.414e-04 	3.869e-10 	3.413e-04 	6.068e-12 	3.445e-10 
0.61305 	0.09459 	1.446e-04 	1.735e-07 	1.414e-04 	3.913e-10 	3.413e-04 	6.132e-12 	3.462e-10 
0.63315 	0.09770 	1.446e-04 	1.752e-07 	1.414e-04 	3.956e-10 	3.413e-04 	6.196e-12 	3.480e-10 
0.65325 	0.10080 	1.446e-04 	1.768e-07 	1.414e-04 	4.000e-10 	3.413e-04 	6.261e-12 	3.498e-10 
0.67335 	0.10390 	1.446e-04 	1.785e-07 	1.414e-04 	4.045e-10 	3.413e-04 	6.327e-12 	3.515e-10 
0.69345 	0.10700 	1.446e-04 	1.801e-07 	1.414e-04 	4.090e-10 	3.413e-04 	6.394e-12 	3.533e-10 
0.71355 	0.11010 	1.446e-04 	1.818e-07 	1.414e-04 	4.136e-10 	3.413e-04 	6.461e-12 	3.551e-10 
0.73365 	0.11320 	1.446e-04 	1.835e-07 	1.414e-04 	4.182e-10 	3.413e-04 	6.528e-12 	3.569e-10 
0.75375 	0.11630 	1.446e-04 	1.852e-07 	1.414e-04 	4.229e-10 	3.413e-04 	6.597e-12 	3.587e-10 
0.77385 	0.11941 	1.446e-04 	1.869e-07 	1.414e-04 	4.276e-10 	3.413e-04 	6.666e-12 	3.605e-10 
0.79395 	0.12251 	1.446e-04 	1.887e-07 	1.414e-04 	4.324e-10 	3.413e-04 	6.736e-12 	3.623e-10 
0.81405 	0.12561 	1.446e-04 	1.904e-07 	1.414e-04 	4.373e-10 	3.413e-04 	6.807e-12 	3.642e-10 
0.83415 	0.12871 	1.446e-04 	1.922e-07 	1.413e-04 	4.421e-10 	3.413e-04 	6.878e-12 	3.660e-10 
0.85425 	0.13181 	1.445e-04 	1.940e-07 	1.413e-04 	4.471e-10 	3.413e-04 	6.950e-12 	3.679e-10 
0.87435 	0.13491 	1.445e-04 	1.958e-07 	1.413e-04 	4.521e-10 	3.413e-04 	7.023e-12 	3.697e-10 
0.89445 	0.13801 	1.445e-04 	1.976e-07 	1.413e-04 	4.572e-10 	3.413e-04 	7.097e-12 	3.716e-10 
0.91455 	0.14112 	1.445e-04 	1.995e-07 	1.413e-04 	4.623e-10 	3.413e-04 	7.171e-12 	3.735e-10 
0.93465 	0.14422 	1.445e-04 	2.014e-07 	1.413e-04 	4.675e-10 	3.413e-04 	7.246e-12 	3.754e-10 
0.95475 	0.14732 	1.445e-04 	2.032e-07 	1.413e-04 	4.727e-10 	3.413e-04 	7.322e-12 	3.773e-10 
0.97485 	0.15042 	1.445e-04 	2.051e-07 	1.413e-04 	4.780e-10 	3.413e-04 	7.399e-12 	3.792e-10 
0.99495 	0.15352 	1.445e-04 	2.070e-07 	1.413e-04 	4.834e-10 	3.413e-04 	7.476e-12 	3.811e-10 
1.01505 	0.15662 	1.445e-04 	2.090e-07 	1.413e-04 	4.888e-10 	3.413e-04 	7.554e-12 	3.830e-10 
1.03515 	0.15972 	1.445e-04 	2.109e-07 	1.413e-04 	4.943e-10 	3.413e-04 	7.634e-12 	3.850e-10 
1.05525 	0.16283 	1.445e-04 	2.129e-07 	1.413e-04 	4.998e-10 	3.413e-04 	7.714e-12 	3.869e-10 
1.07535 	0.16593 	1.445e-04 	2.149e-07 	1.413e-04 	5.054e-10 	3.413e-04 	7.794e-12 	3.889e-10 
1.09545 	0.16903 	1.445e-04 	2.169e-07 	1.413e-04 	5.111e-10 	3.413e-04 	7.876e-12 	3.909e-10 
1.11555 	0.17213 	1.445e-04 	2.189e-07 	1.413e-04 	5.168e-10 	3.413e-04 	7.958e-12 	3.928e-10 
1.13565 	0.17523 	1.445e-04 	2.209e-07 	1.413e-04 	5.227e-10 	3.413e-04 	8.042e-12 	3.948e-10 
1.15575 	0.17833 	1.445e-04 	2.230e-07 	1.413e-04 	5.285e-10 	3.413e-04 	8.126e-12 	3.968e-10 
1.17585 	0.18143 	1.445e-04 	2.251e-07 	1.413e-04 	5.345e-10 	3.413e-04 	8.211e-12 	3.988e-10 
1.19595 	0.18454 	1.445e-04 	2.272e-07 	1.413e-04 	5.405e-10 	3.413e-04 	8.297e-12 	4.009e-10 
1.21605 	0.18764 	1.445e-04 	2.293e-07 	1.413e-04 	5.465e-10 	3.413e-04 	8.383e-12 	4.029e-10 
1.23615 	0.19074 	1.445e-04 	2.314e-07 	1.413e-04 	5.527e-10 	3.413e-04 	8.471e-12 	4.049e-10 
1.25625 	0.19384 	1.445e-04 	2.336e-07 	1.413e-04 	5.589e-10 	3.413e-04 	8.560e-12 	4.070e-10 
1.27635 	0.19694 	1.445e-04 	2.358e-07 	1.413e-04 	5.652e-10 	3.413e-04 	8.649e-12 	4.090e-10 
1.29645 	0.20004 	1.445e-04 	2.380e-07 	1.413e-04 	5.716e-10 	3.413e-04 	8.740e-12 	4.111e-10 
1.31655 	0.20314 	1.445e-04 	2.402e-07 	1.413e-04 	5.780e-10 	3.413e-04 	8.831e-12 	4.132e-10 
1.33665 	0.20625 	1.445e-04 	2.424e-07 	1.413e-04 	5.845e-10 	3.413e-04 	8.923e-12 	4.153e-10 
1.35675 	0.20935 	1.445e-04 	2.447e-07 	1.413e-04 	5.911e-10 	3.413e-04 	9.017e-12 	4.174e-10 
1.37685 	0.21245 	1.445e-04 	2.470e-07 	1.413e-04 	5.977e-10 	3.413e-04 	9.111e-12 	4.195e-10 
1.39695 	0.21555 	1.445e-04 	2.493e-07 	1.413e-04 	6.045e-10 	3.413e-04 	9.206e-12 	4.216e-10 
1.41705 	0.21865 	1.445e-04 	2.516e-07 	1.413e-04 	6.113e-10 	3.413e-04 	9.302e-12 	4.237e-10 
1.43715 	0.22175 	1.445e-04 	2.539e-07 	1.413e-04 	6.182e-10 	3.413e-04 	9.399e-12 	4.259e-10 
1.45725 	0.22485 	1.445e-04 	2.563e-07 	1.413e-04 	6.251e-10 	3.413e-04 	9.498e-12 	4.280e-10 
1.47735 	0.22796 	1.445e-04 	2.587e-07 	1.413e-04 	6.322e-10 	3.413e-04 	9.597e-12 	4.302e-10 
1.49745 	0.23106 	1.445e-04 	2.611e-07 	1.413e-04 	6.393e-10 	3.413e-04 	9.697e-12 	4.324e-10 
1.51755 	0.23416 	1.445e-04 	2.635e-07 	1.413e-04 	6.465e-10 	3.413e-04 	9.798e-12 	4.346e-10 
1.53765 	0.23726 	1.445e-04 	2.660e-07 	1.413e-04 	6.538e-10 	3.413e-04 	9.900e-12 	4.368e-10 
1.55775 	0.24036 	1.445e-04 	2.685e-07 	1.413e-04 	6.612e-10 	3.413e-04 	1.000e-11 	4.390e-10 
1.57785 	0.24346 	1.445e-04 	2.710e-07 	1.413e-04 	6.687e-10 	3.413e-04 	1.011e-11 	4.412e-10 
1.59795 	0.24656 	1.445e-04 	2.735e-07 	1.413e-04 	6.762e-10 	3.413e-04 	1.021e-11 	4.434e-10 
1.61805 	0.24967 	1.445e-04 	2.761e-07 	1.413e-04 	6.838e-10 	3.413e-04 	1.032e-11 	4.457e-10 
1.63815 	0.25277 	1.445e-04 	2.786e-07 	1.413e-04 	6.916e-10 	3.413e-04 	1.043e-11 	4.479e-10 
1.65825 	0.25587 	1.445e-04 	2.812e-07 	1.413e-04 	6.994e-10 	3.413e-04 	1.054e-11 	4.502e-10 
1.67835 	0.25897 	1.445e-04 	2.838e-07 	1.413e-04 	7.073e-10 	3.413e-04 	1.065e-11 	4.525e-10 
1.69845 	0.26207 	1.444e-04 	2.865e-07 	1.413e-04 	7.153e-10 	3.413e-04 	1.076e-11 	4.547e-10 
1.71855 	0.26517 	1.444e-04 	2.892e-07 	1.413e-04 	7.234e-10 	3.413e-04 	1.087e-11 	4.570e-10 
1.73865 	0.26827 	1.444e-04 	2.919e-07 	1.413e-04 	7.315e-10 	3.413e-04 	1.098e-11 	4.594e-10 
1.75875 	0.27138 	1.444e-04 	2.946e-07 	1.413e-04 	7.398e-10 	3.413e-04 	1.110e-11 	4.617e-10 
1.77885 	0.27448 	1.444e-04 	2.973e-07 	1.413e-04 	7.482e-10 	3.413e-04 	1.121e-11 	4.640e-10 
1.79895 	0.27758 	1.444e-04 	3.001e-07 	1.413e-04 	7.566e-10 	3.413e-04 	1.133e-11 	4.664e-10 
1.81905 	0.28068 	1.444e-04 	3.029e-07 	1.413e-04 	7.652e-10 	3.413e-04 	1.145e-11 	4.687e-10 
1.83915 	0.28378 	1.444e-04 	3.057e-07 	1.413e-04 	7.739e-10 	3.413e-04 	1.157e-11 	4.711e-10 
1.85925 	0.28688 	1.444e-04 	3.086e-07 	1.413e-04 	7.826e-10 	3.413e-04 	1.169e-11 	4.735e-10 
1.87935 	0.28998 	1.444e-04 	3.114e-07 	1.413e-04 	7.915e-10 	3.413e-04 	1.181e-11 	4.759e-10 
1.89945 	0.29309 	1.444e-04 	3.143e-07 	1.413e-04 	8.004e-10 	3.413e-04 	1.193e-11 	4.783e-10 
1.91955 	0.29619 	1.444e-04 	3.173e-07 	1.412e-04 	8.095e-10 	3.413e-04 	1.206e-11 	4.807e-10 
1.93965 	0.29929 	1.444e-04 	3.202e-07 	1.412e-04 	8.187e-10 	3.413e-04 	1.218e-11 	4.831e-10 
1.95975 	0.30239 	1.444e-04 	3.232e-07 	1.412e-04 	8.279e-10 	3.413e-04 	1.231e-11 	4.855e-10 
1.97985 	0.30549 	1.444e-04 	3.262e-07 	1.412e-04 	8.373e-10 	3.413e-04 	1.244e-11 	4.880e-10 
1.99995 	0.30859 	1.444e-04 	3.292e-07 	1.412e-04 	8.468e-10 	3.413e-04 	1.257e-11 	4.905e-10 
